2023-12-15 15:15:04,451 | [INFO] : training20 start time: 12/15/2023 03:15:04 PM
2023-12-15 15:15:04,454 | [INFO] : Initialized model with weights: results/small_early_middle3/weights.pth
2023-12-15 15:15:04,454 | [DEBUG] : Current model size: 20778 parameters
2023-12-15 15:15:04,454 | [DEBUG] : Current training mode: initial
2023-12-15 15:15:04,469 | [INFO] : GPU allocation changing : going up
2023-12-15 15:15:04,471 | [DEBUG] : Current model size: 20778 parameters
2023-12-15 15:15:04,471 | [DEBUG] : Current training mode: increased
2023-12-15 15:15:04,473 | [INFO] : deepening layer 1/3: Conv2d(64, 32, kernel_size=(3, 3), stride=(1, 1))
2023-12-15 15:15:04,473 | [DEBUG] : Model size was changed to 30090 parameters
2023-12-15 15:15:04,473 | [DEBUG] : Learning rate is now 0.010000
2023-12-15 15:15:14,074 | [INFO] : New learning rate: 0.009000000000000001
2023-12-15 15:15:15,778 | [DEBUG] : Current model size: 30090 parameters
2023-12-15 15:15:15,778 | [DEBUG] : Current training mode: increased
2023-12-15 15:15:15,779 | [INFO] : deepening layer 1/3: Conv2d(64, 32, kernel_size=(3, 3), stride=(1, 1))
2023-12-15 15:15:15,780 | [DEBUG] : Model size was changed to 39402 parameters
2023-12-15 15:15:15,780 | [DEBUG] : Learning rate is now 0.010000
2023-12-15 15:15:25,779 | [INFO] : New learning rate: 0.009000000000000001
2023-12-15 15:15:27,499 | [DEBUG] : Current model size: 39402 parameters
2023-12-15 15:15:27,499 | [DEBUG] : Current training mode: increased
2023-12-15 15:15:27,501 | [INFO] : deepening layer 0/3: Conv2d(3, 64, kernel_size=(3, 3), stride=(1, 1))
2023-12-15 15:15:27,502 | [DEBUG] : Model size was changed to 76458 parameters
2023-12-15 15:15:27,502 | [DEBUG] : Learning rate is now 0.010000
2023-12-15 15:15:38,013 | [INFO] : New learning rate: 0.009000000000000001
2023-12-15 15:15:39,866 | [DEBUG] : Current model size: 76458 parameters
2023-12-15 15:15:39,866 | [DEBUG] : Current training mode: increased
2023-12-15 15:15:39,866 | [INFO] : no layers were added
2023-12-15 15:15:39,867 | [DEBUG] : Model size was changed to 76458 parameters
2023-12-15 15:15:39,867 | [DEBUG] : Learning rate is now 0.010000
2023-12-15 15:15:50,601 | [INFO] : New learning rate: 0.009000000000000001
2023-12-15 15:15:52,435 | [DEBUG] : Current model size: 76458 parameters
2023-12-15 15:15:52,436 | [DEBUG] : Current training mode: increased
2023-12-15 15:15:52,436 | [INFO] : no layers were added
2023-12-15 15:15:52,436 | [DEBUG] : Model size was changed to 76458 parameters
2023-12-15 15:15:52,436 | [DEBUG] : Learning rate is now 0.010000
2023-12-15 15:16:03,454 | [INFO] : New learning rate: 0.009000000000000001
2023-12-15 15:16:05,283 | [DEBUG] : Current model size: 76458 parameters
2023-12-15 15:16:05,283 | [DEBUG] : Current training mode: increased
2023-12-15 15:16:05,283 | [INFO] : no layers were added
2023-12-15 15:16:05,284 | [DEBUG] : Model size was changed to 76458 parameters
2023-12-15 15:16:05,284 | [DEBUG] : Learning rate is now 0.010000
2023-12-15 15:16:16,281 | [INFO] : New learning rate: 0.009000000000000001
2023-12-15 15:16:18,100 | [DEBUG] : Current model size: 76458 parameters
2023-12-15 15:16:18,100 | [DEBUG] : Current training mode: increased
2023-12-15 15:16:18,100 | [INFO] : no layers were added
2023-12-15 15:16:18,101 | [DEBUG] : Model size was changed to 76458 parameters
2023-12-15 15:16:18,101 | [DEBUG] : Learning rate is now 0.010000
2023-12-15 15:16:28,929 | [INFO] : New learning rate: 0.009000000000000001
2023-12-15 15:16:30,756 | [DEBUG] : Current model size: 76458 parameters
2023-12-15 15:16:30,756 | [DEBUG] : Current training mode: increased
2023-12-15 15:16:30,756 | [INFO] : no layers were added
2023-12-15 15:16:30,757 | [DEBUG] : Model size was changed to 76458 parameters
2023-12-15 15:16:30,757 | [DEBUG] : Learning rate is now 0.010000
2023-12-15 15:16:41,580 | [INFO] : New learning rate: 0.009000000000000001
2023-12-15 15:16:43,356 | [DEBUG] : Current model size: 76458 parameters
2023-12-15 15:16:43,356 | [DEBUG] : Current training mode: increased
2023-12-15 15:16:43,356 | [INFO] : no layers were added
2023-12-15 15:16:43,357 | [DEBUG] : Model size was changed to 76458 parameters
2023-12-15 15:16:43,357 | [DEBUG] : Learning rate is now 0.010000
2023-12-15 15:16:53,598 | [INFO] : New learning rate: 0.009000000000000001
2023-12-15 15:16:55,403 | [DEBUG] : Current model size: 76458 parameters
2023-12-15 15:16:55,403 | [DEBUG] : Current training mode: increased
2023-12-15 15:16:55,403 | [INFO] : no layers were added
2023-12-15 15:16:55,404 | [DEBUG] : Model size was changed to 76458 parameters
2023-12-15 15:16:55,404 | [DEBUG] : Learning rate is now 0.010000
2023-12-15 15:17:05,953 | [INFO] : New learning rate: 0.009000000000000001
2023-12-15 15:17:07,787 | [DEBUG] : Current model size: 76458 parameters
2023-12-15 15:17:07,787 | [DEBUG] : Current training mode: increased
2023-12-15 15:17:07,787 | [INFO] : no layers were added
2023-12-15 15:17:07,788 | [DEBUG] : Model size was changed to 76458 parameters
2023-12-15 15:17:07,788 | [DEBUG] : Learning rate is now 0.010000
2023-12-15 15:17:18,499 | [INFO] : New learning rate: 0.009000000000000001
2023-12-15 15:17:20,318 | [DEBUG] : Current model size: 76458 parameters
2023-12-15 15:17:20,318 | [DEBUG] : Current training mode: increased
2023-12-15 15:17:20,319 | [INFO] : no layers were added
2023-12-15 15:17:20,319 | [DEBUG] : Model size was changed to 76458 parameters
2023-12-15 15:17:20,319 | [DEBUG] : Learning rate is now 0.010000
2023-12-15 15:17:31,128 | [INFO] : New learning rate: 0.009000000000000001
2023-12-15 15:17:32,901 | [DEBUG] : Current model size: 76458 parameters
2023-12-15 15:17:32,901 | [DEBUG] : Current training mode: increased
2023-12-15 15:17:32,902 | [INFO] : no layers were added
2023-12-15 15:17:32,902 | [DEBUG] : Model size was changed to 76458 parameters
2023-12-15 15:17:32,902 | [DEBUG] : Learning rate is now 0.010000
2023-12-15 15:17:43,691 | [INFO] : New learning rate: 0.009000000000000001
2023-12-15 15:17:45,450 | [DEBUG] : Current model size: 76458 parameters
2023-12-15 15:17:45,450 | [DEBUG] : Current training mode: increased
2023-12-15 15:17:45,451 | [INFO] : no layers were added
2023-12-15 15:17:45,451 | [DEBUG] : Model size was changed to 76458 parameters
2023-12-15 15:17:45,451 | [DEBUG] : Learning rate is now 0.010000
2023-12-15 15:17:55,711 | [INFO] : New learning rate: 0.009000000000000001
2023-12-15 15:17:57,455 | [DEBUG] : Current model size: 76458 parameters
2023-12-15 15:17:57,455 | [DEBUG] : Current training mode: increased
2023-12-15 15:17:57,455 | [INFO] : no layers were added
2023-12-15 15:17:57,455 | [DEBUG] : Model size was changed to 76458 parameters
2023-12-15 15:17:57,455 | [DEBUG] : Learning rate is now 0.010000
2023-12-15 15:18:07,853 | [INFO] : New learning rate: 0.009000000000000001
2023-12-15 15:18:09,644 | [DEBUG] : Current model size: 76458 parameters
2023-12-15 15:18:09,645 | [DEBUG] : Current training mode: increased
2023-12-15 15:18:09,645 | [INFO] : no layers were added
2023-12-15 15:18:09,646 | [DEBUG] : Model size was changed to 76458 parameters
2023-12-15 15:18:09,646 | [DEBUG] : Learning rate is now 0.010000
2023-12-15 15:18:20,451 | [INFO] : New learning rate: 0.009000000000000001
2023-12-15 15:18:22,219 | [DEBUG] : Current model size: 76458 parameters
2023-12-15 15:18:22,219 | [DEBUG] : Current training mode: increased
2023-12-15 15:18:22,219 | [INFO] : no layers were added
2023-12-15 15:18:22,220 | [DEBUG] : Model size was changed to 76458 parameters
2023-12-15 15:18:22,220 | [DEBUG] : Learning rate is now 0.010000
2023-12-15 15:18:32,532 | [INFO] : New learning rate: 0.009000000000000001
2023-12-15 15:18:34,323 | [DEBUG] : Current model size: 76458 parameters
2023-12-15 15:18:34,323 | [DEBUG] : Current training mode: increased
2023-12-15 15:18:34,323 | [INFO] : no layers were added
2023-12-15 15:18:34,324 | [DEBUG] : Model size was changed to 76458 parameters
2023-12-15 15:18:34,324 | [DEBUG] : Learning rate is now 0.010000
2023-12-15 15:18:44,574 | [INFO] : New learning rate: 0.009000000000000001
2023-12-15 15:18:46,339 | [DEBUG] : Current model size: 76458 parameters
2023-12-15 15:18:46,339 | [DEBUG] : Current training mode: increased
2023-12-15 15:18:46,339 | [INFO] : no layers were added
2023-12-15 15:18:46,340 | [DEBUG] : Model size was changed to 76458 parameters
2023-12-15 15:18:46,340 | [DEBUG] : Learning rate is now 0.010000
2023-12-15 15:18:56,655 | [INFO] : New learning rate: 0.009000000000000001
2023-12-15 15:18:58,426 | [DEBUG] : Current model size: 76458 parameters
2023-12-15 15:18:58,426 | [DEBUG] : Current training mode: increased
2023-12-15 15:18:58,426 | [INFO] : no layers were added
2023-12-15 15:18:58,427 | [DEBUG] : Model size was changed to 76458 parameters
2023-12-15 15:18:58,427 | [DEBUG] : Learning rate is now 0.010000
2023-12-15 15:19:09,090 | [INFO] : New learning rate: 0.009000000000000001
2023-12-15 15:19:10,854 | [DEBUG] : Current model size: 76458 parameters
2023-12-15 15:19:10,854 | [DEBUG] : Current training mode: increased
2023-12-15 15:19:10,855 | [INFO] : no layers were added
2023-12-15 15:19:10,855 | [DEBUG] : Model size was changed to 76458 parameters
2023-12-15 15:19:10,855 | [DEBUG] : Learning rate is now 0.010000
2023-12-15 15:19:21,140 | [INFO] : New learning rate: 0.009000000000000001
2023-12-15 15:19:22,912 | [DEBUG] : Current model size: 76458 parameters
2023-12-15 15:19:22,912 | [DEBUG] : Current training mode: increased
2023-12-15 15:19:22,912 | [INFO] : no layers were added
2023-12-15 15:19:22,913 | [DEBUG] : Model size was changed to 76458 parameters
2023-12-15 15:19:22,913 | [DEBUG] : Learning rate is now 0.010000
2023-12-15 15:19:24,459 | [INFO] : training has run out of time
2023-12-15 15:19:24,460 | [INFO] : training20 runtime (h:mm:ss): 0:04:21
2023-12-15 15:19:24,460 | [INFO] : training20 end time: 12/15/2023 03:19:24 PM
2023-12-15 15:19:24,460 | [INFO] : episode 21/64 finished, objective: None
