2023-12-15 17:03:44,329 | [INFO] : training45 start time: 12/15/2023 05:03:44 PM
2023-12-15 17:03:44,332 | [INFO] : Initialized model with weights: results/small_early_middle3/weights.pth
2023-12-15 17:03:44,332 | [DEBUG] : Current model size: 20778 parameters
2023-12-15 17:03:44,332 | [DEBUG] : Current training mode: initial
2023-12-15 17:03:44,346 | [INFO] : GPU allocation changing : going up
2023-12-15 17:03:44,349 | [DEBUG] : Current model size: 20778 parameters
2023-12-15 17:03:44,349 | [DEBUG] : Current training mode: increased
2023-12-15 17:03:44,349 | [INFO] : deepening layer 2/3: Linear(in_features=32, out_features=10, bias=True)
2023-12-15 17:03:44,350 | [DEBUG] : Model size was changed to 20888 parameters
2023-12-15 17:03:44,350 | [DEBUG] : Learning rate is now 0.010000
2023-12-15 17:03:53,521 | [INFO] : New learning rate: 0.009000000000000001
2023-12-15 17:03:55,158 | [DEBUG] : Current model size: 20888 parameters
2023-12-15 17:03:55,158 | [DEBUG] : Current training mode: increased
2023-12-15 17:03:55,158 | [INFO] : no layers were added
2023-12-15 17:03:55,158 | [DEBUG] : Model size was changed to 20888 parameters
2023-12-15 17:03:55,158 | [DEBUG] : Learning rate is now 0.010000
2023-12-15 17:04:04,576 | [INFO] : New learning rate: 0.009000000000000001
2023-12-15 17:04:06,214 | [DEBUG] : Current model size: 20888 parameters
2023-12-15 17:04:06,214 | [DEBUG] : Current training mode: increased
2023-12-15 17:04:06,215 | [INFO] : deepening layer 1/3: Conv2d(64, 32, kernel_size=(3, 3), stride=(1, 1))
2023-12-15 17:04:06,216 | [DEBUG] : Model size was changed to 30200 parameters
2023-12-15 17:04:06,216 | [DEBUG] : Learning rate is now 0.010000
2023-12-15 17:04:15,823 | [INFO] : New learning rate: 0.009000000000000001
2023-12-15 17:04:17,544 | [DEBUG] : Current model size: 30200 parameters
2023-12-15 17:04:17,544 | [DEBUG] : Current training mode: increased
2023-12-15 17:04:17,544 | [INFO] : no layers were added
2023-12-15 17:04:17,545 | [DEBUG] : Model size was changed to 30200 parameters
2023-12-15 17:04:17,545 | [DEBUG] : Learning rate is now 0.010000
2023-12-15 17:04:27,093 | [INFO] : New learning rate: 0.009000000000000001
2023-12-15 17:04:29,644 | [DEBUG] : Current model size: 30200 parameters
2023-12-15 17:04:29,644 | [DEBUG] : Current training mode: increased
2023-12-15 17:04:29,645 | [INFO] : no layers were added
2023-12-15 17:04:29,645 | [DEBUG] : Model size was changed to 30200 parameters
2023-12-15 17:04:29,645 | [DEBUG] : Learning rate is now 0.010000
2023-12-15 17:04:39,167 | [INFO] : New learning rate: 0.009000000000000001
2023-12-15 17:04:40,824 | [DEBUG] : Current model size: 30200 parameters
2023-12-15 17:04:40,824 | [DEBUG] : Current training mode: increased
2023-12-15 17:04:40,824 | [INFO] : no layers were added
2023-12-15 17:04:40,825 | [DEBUG] : Model size was changed to 30200 parameters
2023-12-15 17:04:40,825 | [DEBUG] : Learning rate is now 0.010000
2023-12-15 17:04:50,691 | [INFO] : New learning rate: 0.009000000000000001
2023-12-15 17:04:52,364 | [DEBUG] : Current model size: 30200 parameters
2023-12-15 17:04:52,364 | [DEBUG] : Current training mode: increased
2023-12-15 17:04:52,365 | [INFO] : no layers were added
2023-12-15 17:04:52,365 | [DEBUG] : Model size was changed to 30200 parameters
2023-12-15 17:04:52,365 | [DEBUG] : Learning rate is now 0.010000
2023-12-15 17:05:02,239 | [INFO] : New learning rate: 0.009000000000000001
2023-12-15 17:05:03,899 | [DEBUG] : Current model size: 30200 parameters
2023-12-15 17:05:03,899 | [DEBUG] : Current training mode: increased
2023-12-15 17:05:03,900 | [INFO] : no layers were added
2023-12-15 17:05:03,900 | [DEBUG] : Model size was changed to 30200 parameters
2023-12-15 17:05:03,900 | [DEBUG] : Learning rate is now 0.010000
2023-12-15 17:05:13,518 | [INFO] : New learning rate: 0.009000000000000001
2023-12-15 17:05:15,176 | [DEBUG] : Current model size: 30200 parameters
2023-12-15 17:05:15,176 | [DEBUG] : Current training mode: increased
2023-12-15 17:05:15,176 | [INFO] : no layers were added
2023-12-15 17:05:15,176 | [DEBUG] : Model size was changed to 30200 parameters
2023-12-15 17:05:15,176 | [DEBUG] : Learning rate is now 0.010000
2023-12-15 17:05:24,848 | [INFO] : New learning rate: 0.009000000000000001
2023-12-15 17:05:26,573 | [DEBUG] : Current model size: 30200 parameters
2023-12-15 17:05:26,573 | [DEBUG] : Current training mode: increased
2023-12-15 17:05:26,573 | [INFO] : no layers were added
2023-12-15 17:05:26,574 | [DEBUG] : Model size was changed to 30200 parameters
2023-12-15 17:05:26,574 | [DEBUG] : Learning rate is now 0.010000
2023-12-15 17:05:36,312 | [INFO] : New learning rate: 0.009000000000000001
2023-12-15 17:05:38,213 | [DEBUG] : Current model size: 30200 parameters
2023-12-15 17:05:38,213 | [DEBUG] : Current training mode: increased
2023-12-15 17:05:38,213 | [INFO] : no layers were added
2023-12-15 17:05:38,214 | [DEBUG] : Model size was changed to 30200 parameters
2023-12-15 17:05:38,214 | [DEBUG] : Learning rate is now 0.010000
2023-12-15 17:05:48,317 | [INFO] : New learning rate: 0.009000000000000001
2023-12-15 17:05:50,456 | [DEBUG] : Current model size: 30200 parameters
2023-12-15 17:05:50,456 | [DEBUG] : Current training mode: increased
2023-12-15 17:05:50,456 | [INFO] : no layers were added
2023-12-15 17:05:50,457 | [DEBUG] : Model size was changed to 30200 parameters
2023-12-15 17:05:50,457 | [DEBUG] : Learning rate is now 0.010000
2023-12-15 17:06:00,144 | [INFO] : New learning rate: 0.009000000000000001
2023-12-15 17:06:01,821 | [DEBUG] : Current model size: 30200 parameters
2023-12-15 17:06:01,821 | [DEBUG] : Current training mode: increased
2023-12-15 17:06:01,821 | [INFO] : no layers were added
2023-12-15 17:06:01,822 | [DEBUG] : Model size was changed to 30200 parameters
2023-12-15 17:06:01,822 | [DEBUG] : Learning rate is now 0.010000
2023-12-15 17:06:11,486 | [INFO] : New learning rate: 0.009000000000000001
2023-12-15 17:06:13,182 | [DEBUG] : Current model size: 30200 parameters
2023-12-15 17:06:13,182 | [DEBUG] : Current training mode: increased
2023-12-15 17:06:13,182 | [INFO] : no layers were added
2023-12-15 17:06:13,183 | [DEBUG] : Model size was changed to 30200 parameters
2023-12-15 17:06:13,183 | [DEBUG] : Learning rate is now 0.010000
2023-12-15 17:06:22,887 | [INFO] : New learning rate: 0.009000000000000001
2023-12-15 17:06:24,571 | [DEBUG] : Current model size: 30200 parameters
2023-12-15 17:06:24,571 | [DEBUG] : Current training mode: increased
2023-12-15 17:06:24,572 | [INFO] : no layers were added
2023-12-15 17:06:24,572 | [DEBUG] : Model size was changed to 30200 parameters
2023-12-15 17:06:24,572 | [DEBUG] : Learning rate is now 0.010000
2023-12-15 17:06:34,270 | [INFO] : New learning rate: 0.009000000000000001
2023-12-15 17:06:35,931 | [DEBUG] : Current model size: 30200 parameters
2023-12-15 17:06:35,931 | [DEBUG] : Current training mode: increased
2023-12-15 17:06:35,931 | [INFO] : no layers were added
2023-12-15 17:06:35,931 | [DEBUG] : Model size was changed to 30200 parameters
2023-12-15 17:06:35,931 | [DEBUG] : Learning rate is now 0.010000
2023-12-15 17:06:45,671 | [INFO] : New learning rate: 0.009000000000000001
2023-12-15 17:06:47,345 | [DEBUG] : Current model size: 30200 parameters
2023-12-15 17:06:47,345 | [DEBUG] : Current training mode: increased
2023-12-15 17:06:47,345 | [INFO] : no layers were added
2023-12-15 17:06:47,345 | [DEBUG] : Model size was changed to 30200 parameters
2023-12-15 17:06:47,345 | [DEBUG] : Learning rate is now 0.010000
2023-12-15 17:06:57,060 | [INFO] : New learning rate: 0.009000000000000001
2023-12-15 17:06:58,720 | [DEBUG] : Current model size: 30200 parameters
2023-12-15 17:06:58,720 | [DEBUG] : Current training mode: increased
2023-12-15 17:06:58,720 | [INFO] : no layers were added
2023-12-15 17:06:58,720 | [DEBUG] : Model size was changed to 30200 parameters
2023-12-15 17:06:58,720 | [DEBUG] : Learning rate is now 0.010000
2023-12-15 17:07:08,556 | [INFO] : New learning rate: 0.009000000000000001
2023-12-15 17:07:10,286 | [DEBUG] : Current model size: 30200 parameters
2023-12-15 17:07:10,287 | [DEBUG] : Current training mode: increased
2023-12-15 17:07:10,287 | [INFO] : no layers were added
2023-12-15 17:07:10,287 | [DEBUG] : Model size was changed to 30200 parameters
2023-12-15 17:07:10,287 | [DEBUG] : Learning rate is now 0.010000
2023-12-15 17:07:20,283 | [INFO] : New learning rate: 0.009000000000000001
2023-12-15 17:07:21,980 | [DEBUG] : Current model size: 30200 parameters
2023-12-15 17:07:21,980 | [DEBUG] : Current training mode: increased
2023-12-15 17:07:21,980 | [INFO] : no layers were added
2023-12-15 17:07:21,981 | [DEBUG] : Model size was changed to 30200 parameters
2023-12-15 17:07:21,981 | [DEBUG] : Learning rate is now 0.010000
2023-12-15 17:07:32,134 | [INFO] : New learning rate: 0.009000000000000001
2023-12-15 17:07:33,850 | [DEBUG] : Current model size: 30200 parameters
2023-12-15 17:07:33,850 | [DEBUG] : Current training mode: increased
2023-12-15 17:07:33,850 | [INFO] : no layers were added
2023-12-15 17:07:33,851 | [DEBUG] : Model size was changed to 30200 parameters
2023-12-15 17:07:33,851 | [DEBUG] : Learning rate is now 0.010000
2023-12-15 17:07:43,854 | [INFO] : New learning rate: 0.009000000000000001
2023-12-15 17:07:45,512 | [DEBUG] : Current model size: 30200 parameters
2023-12-15 17:07:45,512 | [DEBUG] : Current training mode: increased
2023-12-15 17:07:45,512 | [INFO] : no layers were added
2023-12-15 17:07:45,513 | [DEBUG] : Model size was changed to 30200 parameters
2023-12-15 17:07:45,513 | [DEBUG] : Learning rate is now 0.010000
2023-12-15 17:07:55,319 | [INFO] : New learning rate: 0.009000000000000001
2023-12-15 17:07:56,980 | [DEBUG] : Current model size: 30200 parameters
2023-12-15 17:07:56,980 | [DEBUG] : Current training mode: increased
2023-12-15 17:07:56,980 | [INFO] : no layers were added
2023-12-15 17:07:56,981 | [DEBUG] : Model size was changed to 30200 parameters
2023-12-15 17:07:56,981 | [DEBUG] : Learning rate is now 0.010000
2023-12-15 17:08:04,337 | [INFO] : training has run out of time
2023-12-15 17:08:04,338 | [INFO] : training45 runtime (h:mm:ss): 0:04:21
2023-12-15 17:08:04,338 | [INFO] : training45 end time: 12/15/2023 05:08:04 PM
2023-12-15 17:08:04,338 | [INFO] : episode 46/64 finished, objective: None
