2023-12-15 17:21:07,343 | [INFO] : training49 start time: 12/15/2023 05:21:07 PM
2023-12-15 17:21:07,347 | [INFO] : Initialized model with weights: results/small_early_middle3/weights.pth
2023-12-15 17:21:07,347 | [DEBUG] : Current model size: 20778 parameters
2023-12-15 17:21:07,347 | [DEBUG] : Current training mode: initial
2023-12-15 17:21:07,365 | [INFO] : GPU allocation changing : going up
2023-12-15 17:21:07,367 | [DEBUG] : Current model size: 20778 parameters
2023-12-15 17:21:07,368 | [DEBUG] : Current training mode: increased
2023-12-15 17:21:07,368 | [INFO] : no layers were added
2023-12-15 17:21:07,368 | [DEBUG] : Model size was changed to 20778 parameters
2023-12-15 17:21:07,368 | [DEBUG] : Learning rate is now 0.010000
2023-12-15 17:21:16,964 | [INFO] : New learning rate: 0.009000000000000001
2023-12-15 17:21:18,621 | [DEBUG] : Current model size: 20778 parameters
2023-12-15 17:21:18,621 | [DEBUG] : Current training mode: increased
2023-12-15 17:21:18,623 | [INFO] : deepening layer 0/3: Conv2d(3, 64, kernel_size=(3, 3), stride=(1, 1))
2023-12-15 17:21:18,624 | [DEBUG] : Model size was changed to 57834 parameters
2023-12-15 17:21:18,624 | [DEBUG] : Learning rate is now 0.010000
2023-12-15 17:21:28,619 | [INFO] : New learning rate: 0.009000000000000001
2023-12-15 17:21:30,363 | [DEBUG] : Current model size: 57834 parameters
2023-12-15 17:21:30,363 | [DEBUG] : Current training mode: increased
2023-12-15 17:21:30,365 | [INFO] : deepening layer 1/3: Conv2d(64, 32, kernel_size=(3, 3), stride=(1, 1))
2023-12-15 17:21:30,365 | [DEBUG] : Model size was changed to 67146 parameters
2023-12-15 17:21:30,365 | [DEBUG] : Learning rate is now 0.010000
2023-12-15 17:21:40,705 | [INFO] : New learning rate: 0.009000000000000001
2023-12-15 17:21:42,492 | [DEBUG] : Current model size: 67146 parameters
2023-12-15 17:21:42,492 | [DEBUG] : Current training mode: increased
2023-12-15 17:21:42,493 | [INFO] : no layers were added
2023-12-15 17:21:42,493 | [DEBUG] : Model size was changed to 67146 parameters
2023-12-15 17:21:42,493 | [DEBUG] : Learning rate is now 0.010000
2023-12-15 17:21:52,757 | [INFO] : New learning rate: 0.009000000000000001
2023-12-15 17:21:54,543 | [DEBUG] : Current model size: 67146 parameters
2023-12-15 17:21:54,543 | [DEBUG] : Current training mode: increased
2023-12-15 17:21:54,543 | [INFO] : no layers were added
2023-12-15 17:21:54,544 | [DEBUG] : Model size was changed to 67146 parameters
2023-12-15 17:21:54,544 | [DEBUG] : Learning rate is now 0.010000
2023-12-15 17:22:04,851 | [INFO] : New learning rate: 0.009000000000000001
2023-12-15 17:22:06,672 | [DEBUG] : Current model size: 67146 parameters
2023-12-15 17:22:06,672 | [DEBUG] : Current training mode: increased
2023-12-15 17:22:06,673 | [INFO] : no layers were added
2023-12-15 17:22:06,673 | [DEBUG] : Model size was changed to 67146 parameters
2023-12-15 17:22:06,673 | [DEBUG] : Learning rate is now 0.010000
2023-12-15 17:22:17,215 | [INFO] : New learning rate: 0.009000000000000001
2023-12-15 17:22:19,050 | [DEBUG] : Current model size: 67146 parameters
2023-12-15 17:22:19,050 | [DEBUG] : Current training mode: increased
2023-12-15 17:22:19,050 | [INFO] : no layers were added
2023-12-15 17:22:19,051 | [DEBUG] : Model size was changed to 67146 parameters
2023-12-15 17:22:19,051 | [DEBUG] : Learning rate is now 0.010000
2023-12-15 17:22:29,979 | [INFO] : New learning rate: 0.009000000000000001
2023-12-15 17:22:31,737 | [DEBUG] : Current model size: 67146 parameters
2023-12-15 17:22:31,737 | [DEBUG] : Current training mode: increased
2023-12-15 17:22:31,737 | [INFO] : no layers were added
2023-12-15 17:22:31,738 | [DEBUG] : Model size was changed to 67146 parameters
2023-12-15 17:22:31,738 | [DEBUG] : Learning rate is now 0.010000
2023-12-15 17:22:42,161 | [INFO] : New learning rate: 0.009000000000000001
2023-12-15 17:22:43,916 | [DEBUG] : Current model size: 67146 parameters
2023-12-15 17:22:43,916 | [DEBUG] : Current training mode: increased
2023-12-15 17:22:43,916 | [INFO] : no layers were added
2023-12-15 17:22:43,916 | [DEBUG] : Model size was changed to 67146 parameters
2023-12-15 17:22:43,917 | [DEBUG] : Learning rate is now 0.010000
2023-12-15 17:22:54,261 | [INFO] : New learning rate: 0.009000000000000001
2023-12-15 17:22:56,102 | [DEBUG] : Current model size: 67146 parameters
2023-12-15 17:22:56,103 | [DEBUG] : Current training mode: increased
2023-12-15 17:22:56,103 | [INFO] : no layers were added
2023-12-15 17:22:56,103 | [DEBUG] : Model size was changed to 67146 parameters
2023-12-15 17:22:56,103 | [DEBUG] : Learning rate is now 0.010000
2023-12-15 17:23:06,622 | [INFO] : New learning rate: 0.009000000000000001
2023-12-15 17:23:08,439 | [DEBUG] : Current model size: 67146 parameters
2023-12-15 17:23:08,439 | [DEBUG] : Current training mode: increased
2023-12-15 17:23:08,439 | [INFO] : no layers were added
2023-12-15 17:23:08,440 | [DEBUG] : Model size was changed to 67146 parameters
2023-12-15 17:23:08,440 | [DEBUG] : Learning rate is now 0.010000
2023-12-15 17:23:18,816 | [INFO] : New learning rate: 0.009000000000000001
2023-12-15 17:23:20,698 | [DEBUG] : Current model size: 67146 parameters
2023-12-15 17:23:20,698 | [DEBUG] : Current training mode: increased
2023-12-15 17:23:20,698 | [INFO] : no layers were added
2023-12-15 17:23:20,699 | [DEBUG] : Model size was changed to 67146 parameters
2023-12-15 17:23:20,699 | [DEBUG] : Learning rate is now 0.010000
2023-12-15 17:23:30,964 | [INFO] : New learning rate: 0.009000000000000001
2023-12-15 17:23:32,707 | [DEBUG] : Current model size: 67146 parameters
2023-12-15 17:23:32,707 | [DEBUG] : Current training mode: increased
2023-12-15 17:23:32,707 | [INFO] : no layers were added
2023-12-15 17:23:32,708 | [DEBUG] : Model size was changed to 67146 parameters
2023-12-15 17:23:32,708 | [DEBUG] : Learning rate is now 0.010000
2023-12-15 17:23:42,950 | [INFO] : New learning rate: 0.009000000000000001
2023-12-15 17:23:44,695 | [DEBUG] : Current model size: 67146 parameters
2023-12-15 17:23:44,695 | [DEBUG] : Current training mode: increased
2023-12-15 17:23:44,695 | [INFO] : no layers were added
2023-12-15 17:23:44,695 | [DEBUG] : Model size was changed to 67146 parameters
2023-12-15 17:23:44,695 | [DEBUG] : Learning rate is now 0.010000
2023-12-15 17:23:55,039 | [INFO] : New learning rate: 0.009000000000000001
2023-12-15 17:23:56,804 | [DEBUG] : Current model size: 67146 parameters
2023-12-15 17:23:56,804 | [DEBUG] : Current training mode: increased
2023-12-15 17:23:56,804 | [INFO] : no layers were added
2023-12-15 17:23:56,805 | [DEBUG] : Model size was changed to 67146 parameters
2023-12-15 17:23:56,805 | [DEBUG] : Learning rate is now 0.010000
2023-12-15 17:24:07,133 | [INFO] : New learning rate: 0.009000000000000001
2023-12-15 17:24:08,895 | [DEBUG] : Current model size: 67146 parameters
2023-12-15 17:24:08,895 | [DEBUG] : Current training mode: increased
2023-12-15 17:24:08,895 | [INFO] : no layers were added
2023-12-15 17:24:08,896 | [DEBUG] : Model size was changed to 67146 parameters
2023-12-15 17:24:08,896 | [DEBUG] : Learning rate is now 0.010000
2023-12-15 17:24:19,313 | [INFO] : New learning rate: 0.009000000000000001
2023-12-15 17:24:21,063 | [DEBUG] : Current model size: 67146 parameters
2023-12-15 17:24:21,063 | [DEBUG] : Current training mode: increased
2023-12-15 17:24:21,063 | [INFO] : no layers were added
2023-12-15 17:24:21,064 | [DEBUG] : Model size was changed to 67146 parameters
2023-12-15 17:24:21,064 | [DEBUG] : Learning rate is now 0.010000
2023-12-15 17:24:31,264 | [INFO] : New learning rate: 0.009000000000000001
2023-12-15 17:24:32,996 | [DEBUG] : Current model size: 67146 parameters
2023-12-15 17:24:32,996 | [DEBUG] : Current training mode: increased
2023-12-15 17:24:32,997 | [INFO] : no layers were added
2023-12-15 17:24:32,997 | [DEBUG] : Model size was changed to 67146 parameters
2023-12-15 17:24:32,997 | [DEBUG] : Learning rate is now 0.010000
2023-12-15 17:24:43,282 | [INFO] : New learning rate: 0.009000000000000001
2023-12-15 17:24:45,040 | [DEBUG] : Current model size: 67146 parameters
2023-12-15 17:24:45,040 | [DEBUG] : Current training mode: increased
2023-12-15 17:24:45,041 | [INFO] : no layers were added
2023-12-15 17:24:45,041 | [DEBUG] : Model size was changed to 67146 parameters
2023-12-15 17:24:45,041 | [DEBUG] : Learning rate is now 0.010000
2023-12-15 17:24:55,305 | [INFO] : New learning rate: 0.009000000000000001
2023-12-15 17:24:57,076 | [DEBUG] : Current model size: 67146 parameters
2023-12-15 17:24:57,076 | [DEBUG] : Current training mode: increased
2023-12-15 17:24:57,077 | [INFO] : no layers were added
2023-12-15 17:24:57,077 | [DEBUG] : Model size was changed to 67146 parameters
2023-12-15 17:24:57,077 | [DEBUG] : Learning rate is now 0.010000
2023-12-15 17:25:07,287 | [INFO] : New learning rate: 0.009000000000000001
2023-12-15 17:25:09,018 | [DEBUG] : Current model size: 67146 parameters
2023-12-15 17:25:09,018 | [DEBUG] : Current training mode: increased
2023-12-15 17:25:09,018 | [INFO] : no layers were added
2023-12-15 17:25:09,019 | [DEBUG] : Model size was changed to 67146 parameters
2023-12-15 17:25:09,019 | [DEBUG] : Learning rate is now 0.010000
2023-12-15 17:25:19,145 | [INFO] : New learning rate: 0.009000000000000001
2023-12-15 17:25:20,877 | [DEBUG] : Current model size: 67146 parameters
2023-12-15 17:25:20,878 | [DEBUG] : Current training mode: increased
2023-12-15 17:25:20,878 | [INFO] : no layers were added
2023-12-15 17:25:20,878 | [DEBUG] : Model size was changed to 67146 parameters
2023-12-15 17:25:20,878 | [DEBUG] : Learning rate is now 0.010000
2023-12-15 17:25:27,350 | [INFO] : training has run out of time
2023-12-15 17:25:27,351 | [INFO] : training49 runtime (h:mm:ss): 0:04:21
2023-12-15 17:25:27,351 | [INFO] : training49 end time: 12/15/2023 05:25:27 PM
2023-12-15 17:25:27,351 | [INFO] : episode 50/64 finished, objective: None
