2023-12-15 15:23:45,897 | [INFO] : training22 start time: 12/15/2023 03:23:45 PM
2023-12-15 15:23:45,900 | [INFO] : Initialized model with weights: results/small_early_middle3/weights.pth
2023-12-15 15:23:45,900 | [DEBUG] : Current model size: 20778 parameters
2023-12-15 15:23:45,900 | [DEBUG] : Current training mode: initial
2023-12-15 15:23:45,914 | [INFO] : GPU allocation changing : going up
2023-12-15 15:23:45,916 | [DEBUG] : Current model size: 20778 parameters
2023-12-15 15:23:45,916 | [DEBUG] : Current training mode: increased
2023-12-15 15:23:45,918 | [INFO] : deepening layer 1/3: Conv2d(64, 32, kernel_size=(3, 3), stride=(1, 1))
2023-12-15 15:23:45,918 | [DEBUG] : Model size was changed to 30090 parameters
2023-12-15 15:23:45,918 | [DEBUG] : Learning rate is now 0.010000
2023-12-15 15:23:55,419 | [INFO] : New learning rate: 0.009000000000000001
2023-12-15 15:23:57,121 | [DEBUG] : Current model size: 30090 parameters
2023-12-15 15:23:57,121 | [DEBUG] : Current training mode: increased
2023-12-15 15:23:57,123 | [INFO] : deepening layer 1/3: Conv2d(64, 32, kernel_size=(3, 3), stride=(1, 1))
2023-12-15 15:23:57,123 | [DEBUG] : Model size was changed to 39402 parameters
2023-12-15 15:23:57,124 | [DEBUG] : Learning rate is now 0.010000
2023-12-15 15:24:07,038 | [INFO] : New learning rate: 0.009000000000000001
2023-12-15 15:24:08,825 | [DEBUG] : Current model size: 39402 parameters
2023-12-15 15:24:08,825 | [DEBUG] : Current training mode: increased
2023-12-15 15:24:08,826 | [INFO] : deepening layer 2/3: Linear(in_features=32, out_features=10, bias=True)
2023-12-15 15:24:08,827 | [DEBUG] : Model size was changed to 39512 parameters
2023-12-15 15:24:08,827 | [DEBUG] : Learning rate is now 0.010000
2023-12-15 15:24:19,049 | [INFO] : New learning rate: 0.009000000000000001
2023-12-15 15:24:20,746 | [DEBUG] : Current model size: 39512 parameters
2023-12-15 15:24:20,746 | [DEBUG] : Current training mode: increased
2023-12-15 15:24:20,746 | [INFO] : no layers were added
2023-12-15 15:24:20,747 | [DEBUG] : Model size was changed to 39512 parameters
2023-12-15 15:24:20,747 | [DEBUG] : Learning rate is now 0.010000
2023-12-15 15:24:30,744 | [INFO] : New learning rate: 0.009000000000000001
2023-12-15 15:24:32,456 | [DEBUG] : Current model size: 39512 parameters
2023-12-15 15:24:32,457 | [DEBUG] : Current training mode: increased
2023-12-15 15:24:32,457 | [INFO] : no layers were added
2023-12-15 15:24:32,457 | [DEBUG] : Model size was changed to 39512 parameters
2023-12-15 15:24:32,457 | [DEBUG] : Learning rate is now 0.010000
2023-12-15 15:24:42,485 | [INFO] : New learning rate: 0.009000000000000001
2023-12-15 15:24:44,184 | [DEBUG] : Current model size: 39512 parameters
2023-12-15 15:24:44,184 | [DEBUG] : Current training mode: increased
2023-12-15 15:24:44,184 | [INFO] : no layers were added
2023-12-15 15:24:44,185 | [DEBUG] : Model size was changed to 39512 parameters
2023-12-15 15:24:44,185 | [DEBUG] : Learning rate is now 0.010000
2023-12-15 15:24:54,505 | [INFO] : New learning rate: 0.009000000000000001
2023-12-15 15:24:56,292 | [DEBUG] : Current model size: 39512 parameters
2023-12-15 15:24:56,292 | [DEBUG] : Current training mode: increased
2023-12-15 15:24:56,292 | [INFO] : no layers were added
2023-12-15 15:24:56,293 | [DEBUG] : Model size was changed to 39512 parameters
2023-12-15 15:24:56,293 | [DEBUG] : Learning rate is now 0.010000
2023-12-15 15:25:06,868 | [INFO] : New learning rate: 0.009000000000000001
2023-12-15 15:25:08,606 | [DEBUG] : Current model size: 39512 parameters
2023-12-15 15:25:08,606 | [DEBUG] : Current training mode: increased
2023-12-15 15:25:08,606 | [INFO] : no layers were added
2023-12-15 15:25:08,606 | [DEBUG] : Model size was changed to 39512 parameters
2023-12-15 15:25:08,607 | [DEBUG] : Learning rate is now 0.010000
2023-12-15 15:25:18,582 | [INFO] : New learning rate: 0.009000000000000001
2023-12-15 15:25:20,364 | [DEBUG] : Current model size: 39512 parameters
2023-12-15 15:25:20,364 | [DEBUG] : Current training mode: increased
2023-12-15 15:25:20,364 | [INFO] : no layers were added
2023-12-15 15:25:20,364 | [DEBUG] : Model size was changed to 39512 parameters
2023-12-15 15:25:20,364 | [DEBUG] : Learning rate is now 0.010000
2023-12-15 15:25:30,533 | [INFO] : New learning rate: 0.009000000000000001
2023-12-15 15:25:32,238 | [DEBUG] : Current model size: 39512 parameters
2023-12-15 15:25:32,238 | [DEBUG] : Current training mode: increased
2023-12-15 15:25:32,239 | [INFO] : no layers were added
2023-12-15 15:25:32,239 | [DEBUG] : Model size was changed to 39512 parameters
2023-12-15 15:25:32,239 | [DEBUG] : Learning rate is now 0.010000
2023-12-15 15:25:42,353 | [INFO] : New learning rate: 0.009000000000000001
2023-12-15 15:25:44,109 | [DEBUG] : Current model size: 39512 parameters
2023-12-15 15:25:44,109 | [DEBUG] : Current training mode: increased
2023-12-15 15:25:44,110 | [INFO] : no layers were added
2023-12-15 15:25:44,110 | [DEBUG] : Model size was changed to 39512 parameters
2023-12-15 15:25:44,110 | [DEBUG] : Learning rate is now 0.010000
2023-12-15 15:25:54,638 | [INFO] : New learning rate: 0.009000000000000001
2023-12-15 15:25:56,412 | [DEBUG] : Current model size: 39512 parameters
2023-12-15 15:25:56,412 | [DEBUG] : Current training mode: increased
2023-12-15 15:25:56,413 | [INFO] : no layers were added
2023-12-15 15:25:56,413 | [DEBUG] : Model size was changed to 39512 parameters
2023-12-15 15:25:56,413 | [DEBUG] : Learning rate is now 0.010000
2023-12-15 15:26:07,013 | [INFO] : New learning rate: 0.009000000000000001
2023-12-15 15:26:08,785 | [DEBUG] : Current model size: 39512 parameters
2023-12-15 15:26:08,785 | [DEBUG] : Current training mode: increased
2023-12-15 15:26:08,785 | [INFO] : no layers were added
2023-12-15 15:26:08,786 | [DEBUG] : Model size was changed to 39512 parameters
2023-12-15 15:26:08,786 | [DEBUG] : Learning rate is now 0.010000
2023-12-15 15:26:19,324 | [INFO] : New learning rate: 0.009000000000000001
2023-12-15 15:26:21,020 | [DEBUG] : Current model size: 39512 parameters
2023-12-15 15:26:21,020 | [DEBUG] : Current training mode: increased
2023-12-15 15:26:21,020 | [INFO] : no layers were added
2023-12-15 15:26:21,021 | [DEBUG] : Model size was changed to 39512 parameters
2023-12-15 15:26:21,021 | [DEBUG] : Learning rate is now 0.010000
2023-12-15 15:26:31,645 | [INFO] : New learning rate: 0.009000000000000001
2023-12-15 15:26:33,402 | [DEBUG] : Current model size: 39512 parameters
2023-12-15 15:26:33,402 | [DEBUG] : Current training mode: increased
2023-12-15 15:26:33,402 | [INFO] : no layers were added
2023-12-15 15:26:33,402 | [DEBUG] : Model size was changed to 39512 parameters
2023-12-15 15:26:33,402 | [DEBUG] : Learning rate is now 0.010000
2023-12-15 15:26:43,403 | [INFO] : New learning rate: 0.009000000000000001
2023-12-15 15:26:45,097 | [DEBUG] : Current model size: 39512 parameters
2023-12-15 15:26:45,097 | [DEBUG] : Current training mode: increased
2023-12-15 15:26:45,097 | [INFO] : no layers were added
2023-12-15 15:26:45,098 | [DEBUG] : Model size was changed to 39512 parameters
2023-12-15 15:26:45,098 | [DEBUG] : Learning rate is now 0.010000
2023-12-15 15:26:55,038 | [INFO] : New learning rate: 0.009000000000000001
2023-12-15 15:26:56,743 | [DEBUG] : Current model size: 39512 parameters
2023-12-15 15:26:56,743 | [DEBUG] : Current training mode: increased
2023-12-15 15:26:56,743 | [INFO] : no layers were added
2023-12-15 15:26:56,743 | [DEBUG] : Model size was changed to 39512 parameters
2023-12-15 15:26:56,743 | [DEBUG] : Learning rate is now 0.010000
2023-12-15 15:27:06,575 | [INFO] : New learning rate: 0.009000000000000001
2023-12-15 15:27:08,259 | [DEBUG] : Current model size: 39512 parameters
2023-12-15 15:27:08,259 | [DEBUG] : Current training mode: increased
2023-12-15 15:27:08,259 | [INFO] : no layers were added
2023-12-15 15:27:08,260 | [DEBUG] : Model size was changed to 39512 parameters
2023-12-15 15:27:08,260 | [DEBUG] : Learning rate is now 0.010000
2023-12-15 15:27:18,218 | [INFO] : New learning rate: 0.009000000000000001
2023-12-15 15:27:19,952 | [DEBUG] : Current model size: 39512 parameters
2023-12-15 15:27:19,952 | [DEBUG] : Current training mode: increased
2023-12-15 15:27:19,952 | [INFO] : no layers were added
2023-12-15 15:27:19,953 | [DEBUG] : Model size was changed to 39512 parameters
2023-12-15 15:27:19,953 | [DEBUG] : Learning rate is now 0.010000
2023-12-15 15:27:29,996 | [INFO] : New learning rate: 0.009000000000000001
2023-12-15 15:27:31,704 | [DEBUG] : Current model size: 39512 parameters
2023-12-15 15:27:31,704 | [DEBUG] : Current training mode: increased
2023-12-15 15:27:31,704 | [INFO] : no layers were added
2023-12-15 15:27:31,705 | [DEBUG] : Model size was changed to 39512 parameters
2023-12-15 15:27:31,705 | [DEBUG] : Learning rate is now 0.010000
2023-12-15 15:27:41,978 | [INFO] : New learning rate: 0.009000000000000001
2023-12-15 15:27:43,744 | [DEBUG] : Current model size: 39512 parameters
2023-12-15 15:27:43,745 | [DEBUG] : Current training mode: increased
2023-12-15 15:27:43,745 | [INFO] : no layers were added
2023-12-15 15:27:43,746 | [DEBUG] : Model size was changed to 39512 parameters
2023-12-15 15:27:43,746 | [DEBUG] : Learning rate is now 0.010000
2023-12-15 15:27:54,272 | [INFO] : New learning rate: 0.009000000000000001
2023-12-15 15:27:55,982 | [DEBUG] : Current model size: 39512 parameters
2023-12-15 15:27:55,982 | [DEBUG] : Current training mode: increased
2023-12-15 15:27:55,983 | [INFO] : no layers were added
2023-12-15 15:27:55,983 | [DEBUG] : Model size was changed to 39512 parameters
2023-12-15 15:27:55,983 | [DEBUG] : Learning rate is now 0.010000
2023-12-15 15:28:05,909 | [INFO] : training has run out of time
2023-12-15 15:28:05,910 | [INFO] : training22 runtime (h:mm:ss): 0:04:21
2023-12-15 15:28:05,910 | [INFO] : training22 end time: 12/15/2023 03:28:05 PM
2023-12-15 15:28:05,910 | [INFO] : episode 23/64 finished, objective: None
