2023-12-15 14:53:18,971 | [INFO] : training15 start time: 12/15/2023 02:53:18 PM
2023-12-15 14:53:18,974 | [INFO] : Initialized model with weights: results/small_early_middle3/weights.pth
2023-12-15 14:53:18,974 | [DEBUG] : Current model size: 20778 parameters
2023-12-15 14:53:18,974 | [DEBUG] : Current training mode: initial
2023-12-15 14:53:18,988 | [INFO] : GPU allocation changing : going up
2023-12-15 14:53:18,990 | [DEBUG] : Current model size: 20778 parameters
2023-12-15 14:53:18,990 | [DEBUG] : Current training mode: increased
2023-12-15 14:53:18,992 | [INFO] : deepening layer 0/3: Conv2d(3, 64, kernel_size=(3, 3), stride=(1, 1))
2023-12-15 14:53:18,992 | [DEBUG] : Model size was changed to 57834 parameters
2023-12-15 14:53:18,992 | [DEBUG] : Learning rate is now 0.010000
2023-12-15 14:53:28,885 | [INFO] : New learning rate: 0.009000000000000001
2023-12-15 14:53:31,293 | [DEBUG] : Current model size: 57834 parameters
2023-12-15 14:53:31,293 | [DEBUG] : Current training mode: increased
2023-12-15 14:53:31,293 | [INFO] : no layers were added
2023-12-15 14:53:31,294 | [DEBUG] : Model size was changed to 57834 parameters
2023-12-15 14:53:31,294 | [DEBUG] : Learning rate is now 0.010000
2023-12-15 14:53:41,049 | [INFO] : New learning rate: 0.009000000000000001
2023-12-15 14:53:42,755 | [DEBUG] : Current model size: 57834 parameters
2023-12-15 14:53:42,755 | [DEBUG] : Current training mode: increased
2023-12-15 14:53:42,755 | [INFO] : no layers were added
2023-12-15 14:53:42,756 | [DEBUG] : Model size was changed to 57834 parameters
2023-12-15 14:53:42,756 | [DEBUG] : Learning rate is now 0.010000
2023-12-15 14:53:52,589 | [INFO] : New learning rate: 0.009000000000000001
2023-12-15 14:53:54,277 | [DEBUG] : Current model size: 57834 parameters
2023-12-15 14:53:54,277 | [DEBUG] : Current training mode: increased
2023-12-15 14:53:54,277 | [INFO] : no layers were added
2023-12-15 14:53:54,277 | [DEBUG] : Model size was changed to 57834 parameters
2023-12-15 14:53:54,277 | [DEBUG] : Learning rate is now 0.010000
2023-12-15 14:54:03,971 | [INFO] : New learning rate: 0.009000000000000001
2023-12-15 14:54:05,688 | [DEBUG] : Current model size: 57834 parameters
2023-12-15 14:54:05,688 | [DEBUG] : Current training mode: increased
2023-12-15 14:54:05,688 | [INFO] : no layers were added
2023-12-15 14:54:05,689 | [DEBUG] : Model size was changed to 57834 parameters
2023-12-15 14:54:05,689 | [DEBUG] : Learning rate is now 0.010000
2023-12-15 14:54:15,265 | [INFO] : New learning rate: 0.009000000000000001
2023-12-15 14:54:17,030 | [DEBUG] : Current model size: 57834 parameters
2023-12-15 14:54:17,030 | [DEBUG] : Current training mode: increased
2023-12-15 14:54:17,030 | [INFO] : no layers were added
2023-12-15 14:54:17,030 | [DEBUG] : Model size was changed to 57834 parameters
2023-12-15 14:54:17,030 | [DEBUG] : Learning rate is now 0.010000
2023-12-15 14:54:26,681 | [INFO] : New learning rate: 0.009000000000000001
2023-12-15 14:54:28,443 | [DEBUG] : Current model size: 57834 parameters
2023-12-15 14:54:28,443 | [DEBUG] : Current training mode: increased
2023-12-15 14:54:28,444 | [INFO] : no layers were added
2023-12-15 14:54:28,444 | [DEBUG] : Model size was changed to 57834 parameters
2023-12-15 14:54:28,444 | [DEBUG] : Learning rate is now 0.010000
2023-12-15 14:54:38,120 | [INFO] : New learning rate: 0.009000000000000001
2023-12-15 14:54:39,831 | [DEBUG] : Current model size: 57834 parameters
2023-12-15 14:54:39,831 | [DEBUG] : Current training mode: increased
2023-12-15 14:54:39,831 | [INFO] : no layers were added
2023-12-15 14:54:39,832 | [DEBUG] : Model size was changed to 57834 parameters
2023-12-15 14:54:39,832 | [DEBUG] : Learning rate is now 0.010000
2023-12-15 14:54:49,373 | [INFO] : New learning rate: 0.009000000000000001
2023-12-15 14:54:51,090 | [DEBUG] : Current model size: 57834 parameters
2023-12-15 14:54:51,090 | [DEBUG] : Current training mode: increased
2023-12-15 14:54:51,090 | [INFO] : no layers were added
2023-12-15 14:54:51,091 | [DEBUG] : Model size was changed to 57834 parameters
2023-12-15 14:54:51,091 | [DEBUG] : Learning rate is now 0.010000
2023-12-15 14:55:00,731 | [INFO] : New learning rate: 0.009000000000000001
2023-12-15 14:55:02,495 | [DEBUG] : Current model size: 57834 parameters
2023-12-15 14:55:02,495 | [DEBUG] : Current training mode: increased
2023-12-15 14:55:02,495 | [INFO] : no layers were added
2023-12-15 14:55:02,496 | [DEBUG] : Model size was changed to 57834 parameters
2023-12-15 14:55:02,496 | [DEBUG] : Learning rate is now 0.010000
2023-12-15 14:55:12,201 | [INFO] : New learning rate: 0.009000000000000001
2023-12-15 14:55:13,903 | [DEBUG] : Current model size: 57834 parameters
2023-12-15 14:55:13,903 | [DEBUG] : Current training mode: increased
2023-12-15 14:55:13,904 | [INFO] : no layers were added
2023-12-15 14:55:13,904 | [DEBUG] : Model size was changed to 57834 parameters
2023-12-15 14:55:13,904 | [DEBUG] : Learning rate is now 0.010000
2023-12-15 14:55:23,583 | [INFO] : New learning rate: 0.009000000000000001
2023-12-15 14:55:25,271 | [DEBUG] : Current model size: 57834 parameters
2023-12-15 14:55:25,271 | [DEBUG] : Current training mode: increased
2023-12-15 14:55:25,271 | [INFO] : no layers were added
2023-12-15 14:55:25,272 | [DEBUG] : Model size was changed to 57834 parameters
2023-12-15 14:55:25,272 | [DEBUG] : Learning rate is now 0.010000
2023-12-15 14:55:34,867 | [INFO] : New learning rate: 0.009000000000000001
2023-12-15 14:55:36,583 | [DEBUG] : Current model size: 57834 parameters
2023-12-15 14:55:36,583 | [DEBUG] : Current training mode: increased
2023-12-15 14:55:36,583 | [INFO] : no layers were added
2023-12-15 14:55:36,584 | [DEBUG] : Model size was changed to 57834 parameters
2023-12-15 14:55:36,584 | [DEBUG] : Learning rate is now 0.010000
2023-12-15 14:55:46,220 | [INFO] : New learning rate: 0.009000000000000001
2023-12-15 14:55:47,906 | [DEBUG] : Current model size: 57834 parameters
2023-12-15 14:55:47,906 | [DEBUG] : Current training mode: increased
2023-12-15 14:55:47,906 | [INFO] : no layers were added
2023-12-15 14:55:47,907 | [DEBUG] : Model size was changed to 57834 parameters
2023-12-15 14:55:47,907 | [DEBUG] : Learning rate is now 0.010000
2023-12-15 14:55:57,486 | [INFO] : New learning rate: 0.009000000000000001
2023-12-15 14:55:59,172 | [DEBUG] : Current model size: 57834 parameters
2023-12-15 14:55:59,172 | [DEBUG] : Current training mode: increased
2023-12-15 14:55:59,172 | [INFO] : no layers were added
2023-12-15 14:55:59,172 | [DEBUG] : Model size was changed to 57834 parameters
2023-12-15 14:55:59,172 | [DEBUG] : Learning rate is now 0.010000
2023-12-15 14:56:08,833 | [INFO] : New learning rate: 0.009000000000000001
2023-12-15 14:56:10,527 | [DEBUG] : Current model size: 57834 parameters
2023-12-15 14:56:10,527 | [DEBUG] : Current training mode: increased
2023-12-15 14:56:10,527 | [INFO] : no layers were added
2023-12-15 14:56:10,528 | [DEBUG] : Model size was changed to 57834 parameters
2023-12-15 14:56:10,528 | [DEBUG] : Learning rate is now 0.010000
2023-12-15 14:56:20,360 | [INFO] : New learning rate: 0.009000000000000001
2023-12-15 14:56:22,069 | [DEBUG] : Current model size: 57834 parameters
2023-12-15 14:56:22,069 | [DEBUG] : Current training mode: increased
2023-12-15 14:56:22,069 | [INFO] : no layers were added
2023-12-15 14:56:22,069 | [DEBUG] : Model size was changed to 57834 parameters
2023-12-15 14:56:22,069 | [DEBUG] : Learning rate is now 0.010000
2023-12-15 14:56:32,167 | [INFO] : New learning rate: 0.009000000000000001
2023-12-15 14:56:33,902 | [DEBUG] : Current model size: 57834 parameters
2023-12-15 14:56:33,902 | [DEBUG] : Current training mode: increased
2023-12-15 14:56:33,902 | [INFO] : no layers were added
2023-12-15 14:56:33,903 | [DEBUG] : Model size was changed to 57834 parameters
2023-12-15 14:56:33,903 | [DEBUG] : Learning rate is now 0.010000
2023-12-15 14:56:44,074 | [INFO] : New learning rate: 0.009000000000000001
2023-12-15 14:56:45,803 | [DEBUG] : Current model size: 57834 parameters
2023-12-15 14:56:45,803 | [DEBUG] : Current training mode: increased
2023-12-15 14:56:45,803 | [INFO] : no layers were added
2023-12-15 14:56:45,804 | [DEBUG] : Model size was changed to 57834 parameters
2023-12-15 14:56:45,804 | [DEBUG] : Learning rate is now 0.010000
2023-12-15 14:56:55,961 | [INFO] : New learning rate: 0.009000000000000001
2023-12-15 14:56:57,649 | [DEBUG] : Current model size: 57834 parameters
2023-12-15 14:56:57,649 | [DEBUG] : Current training mode: increased
2023-12-15 14:56:57,649 | [INFO] : no layers were added
2023-12-15 14:56:57,650 | [DEBUG] : Model size was changed to 57834 parameters
2023-12-15 14:56:57,650 | [DEBUG] : Learning rate is now 0.010000
2023-12-15 14:57:07,761 | [INFO] : New learning rate: 0.009000000000000001
2023-12-15 14:57:09,452 | [DEBUG] : Current model size: 57834 parameters
2023-12-15 14:57:09,452 | [DEBUG] : Current training mode: increased
2023-12-15 14:57:09,452 | [INFO] : no layers were added
2023-12-15 14:57:09,453 | [DEBUG] : Model size was changed to 57834 parameters
2023-12-15 14:57:09,453 | [DEBUG] : Learning rate is now 0.010000
2023-12-15 14:57:19,055 | [INFO] : New learning rate: 0.009000000000000001
2023-12-15 14:57:20,746 | [DEBUG] : Current model size: 57834 parameters
2023-12-15 14:57:20,747 | [DEBUG] : Current training mode: increased
2023-12-15 14:57:20,747 | [INFO] : no layers were added
2023-12-15 14:57:20,748 | [DEBUG] : Model size was changed to 57834 parameters
2023-12-15 14:57:20,748 | [DEBUG] : Learning rate is now 0.010000
2023-12-15 14:57:30,466 | [INFO] : New learning rate: 0.009000000000000001
2023-12-15 14:57:32,151 | [DEBUG] : Current model size: 57834 parameters
2023-12-15 14:57:32,151 | [DEBUG] : Current training mode: increased
2023-12-15 14:57:32,151 | [INFO] : no layers were added
2023-12-15 14:57:32,151 | [DEBUG] : Model size was changed to 57834 parameters
2023-12-15 14:57:32,151 | [DEBUG] : Learning rate is now 0.010000
2023-12-15 14:57:38,983 | [INFO] : training has run out of time
2023-12-15 14:57:38,984 | [INFO] : training15 runtime (h:mm:ss): 0:04:21
2023-12-15 14:57:38,984 | [INFO] : training15 end time: 12/15/2023 02:57:38 PM
2023-12-15 14:57:38,984 | [INFO] : episode 16/64 finished, objective: None
