2023-12-15 15:45:29,516 | [INFO] : training27 start time: 12/15/2023 03:45:29 PM
2023-12-15 15:45:29,519 | [INFO] : Initialized model with weights: results/small_early_middle3/weights.pth
2023-12-15 15:45:29,520 | [DEBUG] : Current model size: 20778 parameters
2023-12-15 15:45:29,520 | [DEBUG] : Current training mode: initial
2023-12-15 15:45:29,534 | [INFO] : GPU allocation changing : going up
2023-12-15 15:45:29,536 | [DEBUG] : Current model size: 20778 parameters
2023-12-15 15:45:29,536 | [DEBUG] : Current training mode: increased
2023-12-15 15:45:29,537 | [INFO] : deepening layer 1/3: Conv2d(64, 32, kernel_size=(3, 3), stride=(1, 1))
2023-12-15 15:45:29,538 | [DEBUG] : Model size was changed to 30090 parameters
2023-12-15 15:45:29,538 | [DEBUG] : Learning rate is now 0.010000
2023-12-15 15:45:39,299 | [INFO] : New learning rate: 0.009000000000000001
2023-12-15 15:45:41,056 | [DEBUG] : Current model size: 30090 parameters
2023-12-15 15:45:41,056 | [DEBUG] : Current training mode: increased
2023-12-15 15:45:41,057 | [INFO] : deepening layer 2/3: Linear(in_features=32, out_features=10, bias=True)
2023-12-15 15:45:41,058 | [DEBUG] : Model size was changed to 30200 parameters
2023-12-15 15:45:41,058 | [DEBUG] : Learning rate is now 0.010000
2023-12-15 15:45:51,003 | [INFO] : New learning rate: 0.009000000000000001
2023-12-15 15:45:52,761 | [DEBUG] : Current model size: 30200 parameters
2023-12-15 15:45:52,762 | [DEBUG] : Current training mode: increased
2023-12-15 15:45:52,762 | [INFO] : no layers were added
2023-12-15 15:45:52,762 | [DEBUG] : Model size was changed to 30200 parameters
2023-12-15 15:45:52,762 | [DEBUG] : Learning rate is now 0.010000
2023-12-15 15:46:02,747 | [INFO] : New learning rate: 0.009000000000000001
2023-12-15 15:46:04,513 | [DEBUG] : Current model size: 30200 parameters
2023-12-15 15:46:04,514 | [DEBUG] : Current training mode: increased
2023-12-15 15:46:04,514 | [INFO] : no layers were added
2023-12-15 15:46:04,514 | [DEBUG] : Model size was changed to 30200 parameters
2023-12-15 15:46:04,514 | [DEBUG] : Learning rate is now 0.010000
2023-12-15 15:46:14,736 | [INFO] : New learning rate: 0.009000000000000001
2023-12-15 15:46:16,415 | [DEBUG] : Current model size: 30200 parameters
2023-12-15 15:46:16,415 | [DEBUG] : Current training mode: increased
2023-12-15 15:46:16,416 | [INFO] : no layers were added
2023-12-15 15:46:16,416 | [DEBUG] : Model size was changed to 30200 parameters
2023-12-15 15:46:16,416 | [DEBUG] : Learning rate is now 0.010000
2023-12-15 15:46:26,443 | [INFO] : New learning rate: 0.009000000000000001
2023-12-15 15:46:28,140 | [DEBUG] : Current model size: 30200 parameters
2023-12-15 15:46:28,140 | [DEBUG] : Current training mode: increased
2023-12-15 15:46:28,141 | [INFO] : no layers were added
2023-12-15 15:46:28,141 | [DEBUG] : Model size was changed to 30200 parameters
2023-12-15 15:46:28,141 | [DEBUG] : Learning rate is now 0.010000
2023-12-15 15:46:37,881 | [INFO] : New learning rate: 0.009000000000000001
2023-12-15 15:46:39,571 | [DEBUG] : Current model size: 30200 parameters
2023-12-15 15:46:39,571 | [DEBUG] : Current training mode: increased
2023-12-15 15:46:39,572 | [INFO] : no layers were added
2023-12-15 15:46:39,572 | [DEBUG] : Model size was changed to 30200 parameters
2023-12-15 15:46:39,572 | [DEBUG] : Learning rate is now 0.010000
2023-12-15 15:46:49,390 | [INFO] : New learning rate: 0.009000000000000001
2023-12-15 15:46:51,089 | [DEBUG] : Current model size: 30200 parameters
2023-12-15 15:46:51,089 | [DEBUG] : Current training mode: increased
2023-12-15 15:46:51,089 | [INFO] : no layers were added
2023-12-15 15:46:51,090 | [DEBUG] : Model size was changed to 30200 parameters
2023-12-15 15:46:51,090 | [DEBUG] : Learning rate is now 0.010000
2023-12-15 15:47:00,912 | [INFO] : New learning rate: 0.009000000000000001
2023-12-15 15:47:02,682 | [DEBUG] : Current model size: 30200 parameters
2023-12-15 15:47:02,682 | [DEBUG] : Current training mode: increased
2023-12-15 15:47:02,682 | [INFO] : no layers were added
2023-12-15 15:47:02,683 | [DEBUG] : Model size was changed to 30200 parameters
2023-12-15 15:47:02,683 | [DEBUG] : Learning rate is now 0.010000
2023-12-15 15:47:12,315 | [INFO] : New learning rate: 0.009000000000000001
2023-12-15 15:47:14,000 | [DEBUG] : Current model size: 30200 parameters
2023-12-15 15:47:14,000 | [DEBUG] : Current training mode: increased
2023-12-15 15:47:14,001 | [INFO] : no layers were added
2023-12-15 15:47:14,001 | [DEBUG] : Model size was changed to 30200 parameters
2023-12-15 15:47:14,001 | [DEBUG] : Learning rate is now 0.010000
2023-12-15 15:47:23,805 | [INFO] : New learning rate: 0.009000000000000001
2023-12-15 15:47:25,492 | [DEBUG] : Current model size: 30200 parameters
2023-12-15 15:47:25,493 | [DEBUG] : Current training mode: increased
2023-12-15 15:47:25,493 | [INFO] : no layers were added
2023-12-15 15:47:25,493 | [DEBUG] : Model size was changed to 30200 parameters
2023-12-15 15:47:25,493 | [DEBUG] : Learning rate is now 0.010000
2023-12-15 15:47:35,124 | [INFO] : New learning rate: 0.009000000000000001
2023-12-15 15:47:36,890 | [DEBUG] : Current model size: 30200 parameters
2023-12-15 15:47:36,890 | [DEBUG] : Current training mode: increased
2023-12-15 15:47:36,890 | [INFO] : no layers were added
2023-12-15 15:47:36,890 | [DEBUG] : Model size was changed to 30200 parameters
2023-12-15 15:47:36,890 | [DEBUG] : Learning rate is now 0.010000
2023-12-15 15:47:46,707 | [INFO] : New learning rate: 0.009000000000000001
2023-12-15 15:47:48,464 | [DEBUG] : Current model size: 30200 parameters
2023-12-15 15:47:48,464 | [DEBUG] : Current training mode: increased
2023-12-15 15:47:48,464 | [INFO] : no layers were added
2023-12-15 15:47:48,465 | [DEBUG] : Model size was changed to 30200 parameters
2023-12-15 15:47:48,465 | [DEBUG] : Learning rate is now 0.010000
2023-12-15 15:47:58,119 | [INFO] : New learning rate: 0.009000000000000001
2023-12-15 15:47:59,812 | [DEBUG] : Current model size: 30200 parameters
2023-12-15 15:47:59,812 | [DEBUG] : Current training mode: increased
2023-12-15 15:47:59,812 | [INFO] : no layers were added
2023-12-15 15:47:59,813 | [DEBUG] : Model size was changed to 30200 parameters
2023-12-15 15:47:59,813 | [DEBUG] : Learning rate is now 0.010000
2023-12-15 15:48:09,556 | [INFO] : New learning rate: 0.009000000000000001
2023-12-15 15:48:11,243 | [DEBUG] : Current model size: 30200 parameters
2023-12-15 15:48:11,243 | [DEBUG] : Current training mode: increased
2023-12-15 15:48:11,244 | [INFO] : no layers were added
2023-12-15 15:48:11,244 | [DEBUG] : Model size was changed to 30200 parameters
2023-12-15 15:48:11,244 | [DEBUG] : Learning rate is now 0.010000
2023-12-15 15:48:21,085 | [INFO] : New learning rate: 0.009000000000000001
2023-12-15 15:48:22,800 | [DEBUG] : Current model size: 30200 parameters
2023-12-15 15:48:22,800 | [DEBUG] : Current training mode: increased
2023-12-15 15:48:22,800 | [INFO] : no layers were added
2023-12-15 15:48:22,800 | [DEBUG] : Model size was changed to 30200 parameters
2023-12-15 15:48:22,800 | [DEBUG] : Learning rate is now 0.010000
2023-12-15 15:48:32,344 | [INFO] : New learning rate: 0.009000000000000001
2023-12-15 15:48:34,005 | [DEBUG] : Current model size: 30200 parameters
2023-12-15 15:48:34,005 | [DEBUG] : Current training mode: increased
2023-12-15 15:48:34,005 | [INFO] : no layers were added
2023-12-15 15:48:34,006 | [DEBUG] : Model size was changed to 30200 parameters
2023-12-15 15:48:34,006 | [DEBUG] : Learning rate is now 0.010000
2023-12-15 15:48:43,470 | [INFO] : New learning rate: 0.009000000000000001
2023-12-15 15:48:45,141 | [DEBUG] : Current model size: 30200 parameters
2023-12-15 15:48:45,141 | [DEBUG] : Current training mode: increased
2023-12-15 15:48:45,141 | [INFO] : no layers were added
2023-12-15 15:48:45,142 | [DEBUG] : Model size was changed to 30200 parameters
2023-12-15 15:48:45,142 | [DEBUG] : Learning rate is now 0.010000
2023-12-15 15:48:54,868 | [INFO] : New learning rate: 0.009000000000000001
2023-12-15 15:48:56,517 | [DEBUG] : Current model size: 30200 parameters
2023-12-15 15:48:56,517 | [DEBUG] : Current training mode: increased
2023-12-15 15:48:56,517 | [INFO] : no layers were added
2023-12-15 15:48:56,518 | [DEBUG] : Model size was changed to 30200 parameters
2023-12-15 15:48:56,518 | [DEBUG] : Learning rate is now 0.010000
2023-12-15 15:49:06,621 | [INFO] : New learning rate: 0.009000000000000001
2023-12-15 15:49:08,365 | [DEBUG] : Current model size: 30200 parameters
2023-12-15 15:49:08,366 | [DEBUG] : Current training mode: increased
2023-12-15 15:49:08,366 | [INFO] : no layers were added
2023-12-15 15:49:08,366 | [DEBUG] : Model size was changed to 30200 parameters
2023-12-15 15:49:08,366 | [DEBUG] : Learning rate is now 0.010000
2023-12-15 15:49:18,604 | [INFO] : New learning rate: 0.009000000000000001
2023-12-15 15:49:20,284 | [DEBUG] : Current model size: 30200 parameters
2023-12-15 15:49:20,285 | [DEBUG] : Current training mode: increased
2023-12-15 15:49:20,285 | [INFO] : no layers were added
2023-12-15 15:49:20,285 | [DEBUG] : Model size was changed to 30200 parameters
2023-12-15 15:49:20,286 | [DEBUG] : Learning rate is now 0.010000
2023-12-15 15:49:30,087 | [INFO] : New learning rate: 0.009000000000000001
2023-12-15 15:49:31,746 | [DEBUG] : Current model size: 30200 parameters
2023-12-15 15:49:31,747 | [DEBUG] : Current training mode: increased
2023-12-15 15:49:31,747 | [INFO] : no layers were added
2023-12-15 15:49:31,747 | [DEBUG] : Model size was changed to 30200 parameters
2023-12-15 15:49:31,748 | [DEBUG] : Learning rate is now 0.010000
2023-12-15 15:49:41,352 | [INFO] : New learning rate: 0.009000000000000001
2023-12-15 15:49:43,112 | [DEBUG] : Current model size: 30200 parameters
2023-12-15 15:49:43,112 | [DEBUG] : Current training mode: increased
2023-12-15 15:49:43,112 | [INFO] : no layers were added
2023-12-15 15:49:43,112 | [DEBUG] : Model size was changed to 30200 parameters
2023-12-15 15:49:43,112 | [DEBUG] : Learning rate is now 0.010000
2023-12-15 15:49:49,524 | [INFO] : training has run out of time
2023-12-15 15:49:49,525 | [INFO] : training27 runtime (h:mm:ss): 0:04:21
2023-12-15 15:49:49,525 | [INFO] : training27 end time: 12/15/2023 03:49:49 PM
2023-12-15 15:49:49,525 | [INFO] : episode 28/64 finished, objective: None
