2023-12-15 14:18:31,853 | [INFO] : training07 start time: 12/15/2023 02:18:31 PM
2023-12-15 14:18:31,855 | [INFO] : Initialized model with weights: results/small_early_middle3/weights.pth
2023-12-15 14:18:31,856 | [DEBUG] : Current model size: 20778 parameters
2023-12-15 14:18:31,856 | [DEBUG] : Current training mode: initial
2023-12-15 14:18:31,870 | [INFO] : GPU allocation changing : going up
2023-12-15 14:18:31,872 | [DEBUG] : Current model size: 20778 parameters
2023-12-15 14:18:31,872 | [DEBUG] : Current training mode: increased
2023-12-15 14:18:31,874 | [INFO] : deepening layer 0/3: Conv2d(3, 64, kernel_size=(3, 3), stride=(1, 1))
2023-12-15 14:18:31,875 | [DEBUG] : Model size was changed to 57834 parameters
2023-12-15 14:18:31,875 | [DEBUG] : Learning rate is now 0.010000
2023-12-15 14:18:41,748 | [INFO] : New learning rate: 0.009000000000000001
2023-12-15 14:18:43,446 | [DEBUG] : Current model size: 57834 parameters
2023-12-15 14:18:43,446 | [DEBUG] : Current training mode: increased
2023-12-15 14:18:43,448 | [INFO] : deepening layer 1/3: Conv2d(64, 32, kernel_size=(3, 3), stride=(1, 1))
2023-12-15 14:18:43,448 | [DEBUG] : Model size was changed to 67146 parameters
2023-12-15 14:18:43,448 | [DEBUG] : Learning rate is now 0.010000
2023-12-15 14:18:53,491 | [INFO] : New learning rate: 0.009000000000000001
2023-12-15 14:18:55,242 | [DEBUG] : Current model size: 67146 parameters
2023-12-15 14:18:55,242 | [DEBUG] : Current training mode: increased
2023-12-15 14:18:55,242 | [INFO] : no layers were added
2023-12-15 14:18:55,242 | [DEBUG] : Model size was changed to 67146 parameters
2023-12-15 14:18:55,242 | [DEBUG] : Learning rate is now 0.010000
2023-12-15 14:19:05,263 | [INFO] : New learning rate: 0.009000000000000001
2023-12-15 14:19:07,033 | [DEBUG] : Current model size: 67146 parameters
2023-12-15 14:19:07,033 | [DEBUG] : Current training mode: increased
2023-12-15 14:19:07,033 | [INFO] : no layers were added
2023-12-15 14:19:07,034 | [DEBUG] : Model size was changed to 67146 parameters
2023-12-15 14:19:07,034 | [DEBUG] : Learning rate is now 0.010000
2023-12-15 14:19:17,010 | [INFO] : New learning rate: 0.009000000000000001
2023-12-15 14:19:18,806 | [DEBUG] : Current model size: 67146 parameters
2023-12-15 14:19:18,806 | [DEBUG] : Current training mode: increased
2023-12-15 14:19:18,806 | [INFO] : no layers were added
2023-12-15 14:19:18,806 | [DEBUG] : Model size was changed to 67146 parameters
2023-12-15 14:19:18,806 | [DEBUG] : Learning rate is now 0.010000
2023-12-15 14:19:28,948 | [INFO] : New learning rate: 0.009000000000000001
2023-12-15 14:19:30,703 | [DEBUG] : Current model size: 67146 parameters
2023-12-15 14:19:30,703 | [DEBUG] : Current training mode: increased
2023-12-15 14:19:30,704 | [INFO] : no layers were added
2023-12-15 14:19:30,704 | [DEBUG] : Model size was changed to 67146 parameters
2023-12-15 14:19:30,704 | [DEBUG] : Learning rate is now 0.010000
2023-12-15 14:19:40,713 | [INFO] : New learning rate: 0.009000000000000001
2023-12-15 14:19:42,491 | [DEBUG] : Current model size: 67146 parameters
2023-12-15 14:19:42,491 | [DEBUG] : Current training mode: increased
2023-12-15 14:19:42,491 | [INFO] : no layers were added
2023-12-15 14:19:42,491 | [DEBUG] : Model size was changed to 67146 parameters
2023-12-15 14:19:42,491 | [DEBUG] : Learning rate is now 0.010000
2023-12-15 14:19:52,493 | [INFO] : New learning rate: 0.009000000000000001
2023-12-15 14:19:54,218 | [DEBUG] : Current model size: 67146 parameters
2023-12-15 14:19:54,218 | [DEBUG] : Current training mode: increased
2023-12-15 14:19:54,218 | [INFO] : no layers were added
2023-12-15 14:19:54,218 | [DEBUG] : Model size was changed to 67146 parameters
2023-12-15 14:19:54,218 | [DEBUG] : Learning rate is now 0.010000
2023-12-15 14:20:04,451 | [INFO] : New learning rate: 0.009000000000000001
2023-12-15 14:20:06,240 | [DEBUG] : Current model size: 67146 parameters
2023-12-15 14:20:06,240 | [DEBUG] : Current training mode: increased
2023-12-15 14:20:06,240 | [INFO] : no layers were added
2023-12-15 14:20:06,241 | [DEBUG] : Model size was changed to 67146 parameters
2023-12-15 14:20:06,241 | [DEBUG] : Learning rate is now 0.010000
2023-12-15 14:20:16,355 | [INFO] : New learning rate: 0.009000000000000001
2023-12-15 14:20:18,143 | [DEBUG] : Current model size: 67146 parameters
2023-12-15 14:20:18,143 | [DEBUG] : Current training mode: increased
2023-12-15 14:20:18,143 | [INFO] : no layers were added
2023-12-15 14:20:18,143 | [DEBUG] : Model size was changed to 67146 parameters
2023-12-15 14:20:18,144 | [DEBUG] : Learning rate is now 0.010000
2023-12-15 14:20:28,200 | [INFO] : New learning rate: 0.009000000000000001
2023-12-15 14:20:29,947 | [DEBUG] : Current model size: 67146 parameters
2023-12-15 14:20:29,947 | [DEBUG] : Current training mode: increased
2023-12-15 14:20:29,947 | [INFO] : no layers were added
2023-12-15 14:20:29,947 | [DEBUG] : Model size was changed to 67146 parameters
2023-12-15 14:20:29,947 | [DEBUG] : Learning rate is now 0.010000
2023-12-15 14:20:39,969 | [INFO] : New learning rate: 0.009000000000000001
2023-12-15 14:20:41,708 | [DEBUG] : Current model size: 67146 parameters
2023-12-15 14:20:41,708 | [DEBUG] : Current training mode: increased
2023-12-15 14:20:41,709 | [INFO] : no layers were added
2023-12-15 14:20:41,709 | [DEBUG] : Model size was changed to 67146 parameters
2023-12-15 14:20:41,709 | [DEBUG] : Learning rate is now 0.010000
2023-12-15 14:20:51,887 | [INFO] : New learning rate: 0.009000000000000001
2023-12-15 14:20:53,652 | [DEBUG] : Current model size: 67146 parameters
2023-12-15 14:20:53,652 | [DEBUG] : Current training mode: increased
2023-12-15 14:20:53,652 | [INFO] : no layers were added
2023-12-15 14:20:53,653 | [DEBUG] : Model size was changed to 67146 parameters
2023-12-15 14:20:53,653 | [DEBUG] : Learning rate is now 0.010000
2023-12-15 14:21:03,693 | [INFO] : New learning rate: 0.009000000000000001
2023-12-15 14:21:05,437 | [DEBUG] : Current model size: 67146 parameters
2023-12-15 14:21:05,437 | [DEBUG] : Current training mode: increased
2023-12-15 14:21:05,437 | [INFO] : no layers were added
2023-12-15 14:21:05,437 | [DEBUG] : Model size was changed to 67146 parameters
2023-12-15 14:21:05,437 | [DEBUG] : Learning rate is now 0.010000
2023-12-15 14:21:15,488 | [INFO] : New learning rate: 0.009000000000000001
2023-12-15 14:21:17,202 | [DEBUG] : Current model size: 67146 parameters
2023-12-15 14:21:17,202 | [DEBUG] : Current training mode: increased
2023-12-15 14:21:17,202 | [INFO] : no layers were added
2023-12-15 14:21:17,202 | [DEBUG] : Model size was changed to 67146 parameters
2023-12-15 14:21:17,202 | [DEBUG] : Learning rate is now 0.010000
2023-12-15 14:21:27,305 | [INFO] : New learning rate: 0.009000000000000001
2023-12-15 14:21:29,034 | [DEBUG] : Current model size: 67146 parameters
2023-12-15 14:21:29,034 | [DEBUG] : Current training mode: increased
2023-12-15 14:21:29,034 | [INFO] : no layers were added
2023-12-15 14:21:29,035 | [DEBUG] : Model size was changed to 67146 parameters
2023-12-15 14:21:29,035 | [DEBUG] : Learning rate is now 0.010000
2023-12-15 14:21:39,122 | [INFO] : New learning rate: 0.009000000000000001
2023-12-15 14:21:40,861 | [DEBUG] : Current model size: 67146 parameters
2023-12-15 14:21:40,861 | [DEBUG] : Current training mode: increased
2023-12-15 14:21:40,861 | [INFO] : no layers were added
2023-12-15 14:21:40,861 | [DEBUG] : Model size was changed to 67146 parameters
2023-12-15 14:21:40,861 | [DEBUG] : Learning rate is now 0.010000
2023-12-15 14:21:51,025 | [INFO] : New learning rate: 0.009000000000000001
2023-12-15 14:21:52,792 | [DEBUG] : Current model size: 67146 parameters
2023-12-15 14:21:52,792 | [DEBUG] : Current training mode: increased
2023-12-15 14:21:52,792 | [INFO] : no layers were added
2023-12-15 14:21:52,792 | [DEBUG] : Model size was changed to 67146 parameters
2023-12-15 14:21:52,793 | [DEBUG] : Learning rate is now 0.010000
2023-12-15 14:22:02,956 | [INFO] : New learning rate: 0.009000000000000001
2023-12-15 14:22:04,764 | [DEBUG] : Current model size: 67146 parameters
2023-12-15 14:22:04,765 | [DEBUG] : Current training mode: increased
2023-12-15 14:22:04,765 | [INFO] : no layers were added
2023-12-15 14:22:04,765 | [DEBUG] : Model size was changed to 67146 parameters
2023-12-15 14:22:04,765 | [DEBUG] : Learning rate is now 0.010000
2023-12-15 14:22:14,839 | [INFO] : New learning rate: 0.009000000000000001
2023-12-15 14:22:16,560 | [DEBUG] : Current model size: 67146 parameters
2023-12-15 14:22:16,560 | [DEBUG] : Current training mode: increased
2023-12-15 14:22:16,560 | [INFO] : no layers were added
2023-12-15 14:22:16,561 | [DEBUG] : Model size was changed to 67146 parameters
2023-12-15 14:22:16,561 | [DEBUG] : Learning rate is now 0.010000
2023-12-15 14:22:26,600 | [INFO] : New learning rate: 0.009000000000000001
2023-12-15 14:22:28,401 | [DEBUG] : Current model size: 67146 parameters
2023-12-15 14:22:28,401 | [DEBUG] : Current training mode: increased
2023-12-15 14:22:28,402 | [INFO] : no layers were added
2023-12-15 14:22:28,402 | [DEBUG] : Model size was changed to 67146 parameters
2023-12-15 14:22:28,402 | [DEBUG] : Learning rate is now 0.010000
2023-12-15 14:22:38,485 | [INFO] : New learning rate: 0.009000000000000001
2023-12-15 14:22:40,211 | [DEBUG] : Current model size: 67146 parameters
2023-12-15 14:22:40,211 | [DEBUG] : Current training mode: increased
2023-12-15 14:22:40,211 | [INFO] : no layers were added
2023-12-15 14:22:40,211 | [DEBUG] : Model size was changed to 67146 parameters
2023-12-15 14:22:40,211 | [DEBUG] : Learning rate is now 0.010000
2023-12-15 14:22:50,340 | [INFO] : New learning rate: 0.009000000000000001
2023-12-15 14:22:52,090 | [DEBUG] : Current model size: 67146 parameters
2023-12-15 14:22:52,090 | [DEBUG] : Current training mode: increased
2023-12-15 14:22:52,090 | [INFO] : no layers were added
2023-12-15 14:22:52,091 | [DEBUG] : Model size was changed to 67146 parameters
2023-12-15 14:22:52,091 | [DEBUG] : Learning rate is now 0.010000
2023-12-15 14:22:52,103 | [INFO] : training has run out of time
2023-12-15 14:22:52,104 | [INFO] : training07 runtime (h:mm:ss): 0:04:21
2023-12-15 14:22:52,104 | [INFO] : training07 end time: 12/15/2023 02:22:52 PM
2023-12-15 14:22:52,104 | [INFO] : episode 8/64 finished, objective: None
