2023-12-15 13:52:27,492 | [INFO] : training01 start time: 12/15/2023 01:52:27 PM
2023-12-15 13:52:27,495 | [INFO] : Initialized model with weights: results/small_early_middle3/weights.pth
2023-12-15 13:52:27,495 | [DEBUG] : Current model size: 20778 parameters
2023-12-15 13:52:27,495 | [DEBUG] : Current training mode: initial
2023-12-15 13:52:27,509 | [INFO] : GPU allocation changing : going up
2023-12-15 13:52:27,511 | [DEBUG] : Current model size: 20778 parameters
2023-12-15 13:52:27,511 | [DEBUG] : Current training mode: increased
2023-12-15 13:52:27,513 | [INFO] : deepening layer 0/3: Conv2d(3, 64, kernel_size=(3, 3), stride=(1, 1))
2023-12-15 13:52:27,513 | [DEBUG] : Model size was changed to 57834 parameters
2023-12-15 13:52:27,513 | [DEBUG] : Learning rate is now 0.010000
2023-12-15 13:52:37,231 | [INFO] : New learning rate: 0.009000000000000001
2023-12-15 13:52:39,019 | [DEBUG] : Current model size: 57834 parameters
2023-12-15 13:52:39,019 | [DEBUG] : Current training mode: increased
2023-12-15 13:52:39,021 | [INFO] : deepening layer 0/3: Conv2d(3, 64, kernel_size=(3, 3), stride=(1, 1))
2023-12-15 13:52:39,022 | [DEBUG] : Model size was changed to 94890 parameters
2023-12-15 13:52:39,022 | [DEBUG] : Learning rate is now 0.010000
2023-12-15 13:52:49,263 | [INFO] : New learning rate: 0.009000000000000001
2023-12-15 13:52:51,041 | [DEBUG] : Current model size: 94890 parameters
2023-12-15 13:52:51,041 | [DEBUG] : Current training mode: increased
2023-12-15 13:52:51,042 | [INFO] : deepening layer 1/3: Conv2d(64, 32, kernel_size=(3, 3), stride=(1, 1))
2023-12-15 13:52:51,043 | [DEBUG] : Model size was changed to 104202 parameters
2023-12-15 13:52:51,043 | [DEBUG] : Learning rate is now 0.010000
2023-12-15 13:53:01,625 | [INFO] : New learning rate: 0.009000000000000001
2023-12-15 13:53:03,440 | [DEBUG] : Current model size: 104202 parameters
2023-12-15 13:53:03,440 | [DEBUG] : Current training mode: increased
2023-12-15 13:53:03,440 | [INFO] : no layers were added
2023-12-15 13:53:03,441 | [DEBUG] : Model size was changed to 104202 parameters
2023-12-15 13:53:03,441 | [DEBUG] : Learning rate is now 0.010000
2023-12-15 13:53:13,988 | [INFO] : New learning rate: 0.009000000000000001
2023-12-15 13:53:15,773 | [DEBUG] : Current model size: 104202 parameters
2023-12-15 13:53:15,773 | [DEBUG] : Current training mode: increased
2023-12-15 13:53:15,773 | [INFO] : no layers were added
2023-12-15 13:53:15,774 | [DEBUG] : Model size was changed to 104202 parameters
2023-12-15 13:53:15,774 | [DEBUG] : Learning rate is now 0.010000
2023-12-15 13:53:26,397 | [INFO] : New learning rate: 0.009000000000000001
2023-12-15 13:53:28,238 | [DEBUG] : Current model size: 104202 parameters
2023-12-15 13:53:28,239 | [DEBUG] : Current training mode: increased
2023-12-15 13:53:28,239 | [INFO] : no layers were added
2023-12-15 13:53:28,239 | [DEBUG] : Model size was changed to 104202 parameters
2023-12-15 13:53:28,239 | [DEBUG] : Learning rate is now 0.010000
2023-12-15 13:53:38,855 | [INFO] : New learning rate: 0.009000000000000001
2023-12-15 13:53:40,636 | [DEBUG] : Current model size: 104202 parameters
2023-12-15 13:53:40,636 | [DEBUG] : Current training mode: increased
2023-12-15 13:53:40,636 | [INFO] : no layers were added
2023-12-15 13:53:40,637 | [DEBUG] : Model size was changed to 104202 parameters
2023-12-15 13:53:40,637 | [DEBUG] : Learning rate is now 0.010000
2023-12-15 13:53:51,259 | [INFO] : New learning rate: 0.009000000000000001
2023-12-15 13:53:53,097 | [DEBUG] : Current model size: 104202 parameters
2023-12-15 13:53:53,097 | [DEBUG] : Current training mode: increased
2023-12-15 13:53:53,097 | [INFO] : no layers were added
2023-12-15 13:53:53,098 | [DEBUG] : Model size was changed to 104202 parameters
2023-12-15 13:53:53,098 | [DEBUG] : Learning rate is now 0.010000
2023-12-15 13:54:03,892 | [INFO] : New learning rate: 0.009000000000000001
2023-12-15 13:54:05,739 | [DEBUG] : Current model size: 104202 parameters
2023-12-15 13:54:05,739 | [DEBUG] : Current training mode: increased
2023-12-15 13:54:05,739 | [INFO] : no layers were added
2023-12-15 13:54:05,740 | [DEBUG] : Model size was changed to 104202 parameters
2023-12-15 13:54:05,740 | [DEBUG] : Learning rate is now 0.010000
2023-12-15 13:54:16,429 | [INFO] : New learning rate: 0.009000000000000001
2023-12-15 13:54:18,237 | [DEBUG] : Current model size: 104202 parameters
2023-12-15 13:54:18,237 | [DEBUG] : Current training mode: increased
2023-12-15 13:54:18,237 | [INFO] : no layers were added
2023-12-15 13:54:18,237 | [DEBUG] : Model size was changed to 104202 parameters
2023-12-15 13:54:18,237 | [DEBUG] : Learning rate is now 0.010000
2023-12-15 13:54:29,081 | [INFO] : New learning rate: 0.009000000000000001
2023-12-15 13:54:30,880 | [DEBUG] : Current model size: 104202 parameters
2023-12-15 13:54:30,880 | [DEBUG] : Current training mode: increased
2023-12-15 13:54:30,880 | [INFO] : no layers were added
2023-12-15 13:54:30,880 | [DEBUG] : Model size was changed to 104202 parameters
2023-12-15 13:54:30,880 | [DEBUG] : Learning rate is now 0.010000
2023-12-15 13:54:41,429 | [INFO] : New learning rate: 0.009000000000000001
2023-12-15 13:54:43,192 | [DEBUG] : Current model size: 104202 parameters
2023-12-15 13:54:43,192 | [DEBUG] : Current training mode: increased
2023-12-15 13:54:43,193 | [INFO] : no layers were added
2023-12-15 13:54:43,193 | [DEBUG] : Model size was changed to 104202 parameters
2023-12-15 13:54:43,193 | [DEBUG] : Learning rate is now 0.010000
2023-12-15 13:54:53,812 | [INFO] : New learning rate: 0.009000000000000001
2023-12-15 13:54:55,662 | [DEBUG] : Current model size: 104202 parameters
2023-12-15 13:54:55,662 | [DEBUG] : Current training mode: increased
2023-12-15 13:54:55,663 | [INFO] : no layers were added
2023-12-15 13:54:55,663 | [DEBUG] : Model size was changed to 104202 parameters
2023-12-15 13:54:55,663 | [DEBUG] : Learning rate is now 0.010000
2023-12-15 13:55:06,578 | [INFO] : New learning rate: 0.009000000000000001
2023-12-15 13:55:08,342 | [DEBUG] : Current model size: 104202 parameters
2023-12-15 13:55:08,342 | [DEBUG] : Current training mode: increased
2023-12-15 13:55:08,342 | [INFO] : no layers were added
2023-12-15 13:55:08,343 | [DEBUG] : Model size was changed to 104202 parameters
2023-12-15 13:55:08,343 | [DEBUG] : Learning rate is now 0.010000
2023-12-15 13:55:18,970 | [INFO] : New learning rate: 0.009000000000000001
2023-12-15 13:55:20,734 | [DEBUG] : Current model size: 104202 parameters
2023-12-15 13:55:20,734 | [DEBUG] : Current training mode: increased
2023-12-15 13:55:20,734 | [INFO] : no layers were added
2023-12-15 13:55:20,735 | [DEBUG] : Model size was changed to 104202 parameters
2023-12-15 13:55:20,735 | [DEBUG] : Learning rate is now 0.010000
2023-12-15 13:55:31,230 | [INFO] : New learning rate: 0.009000000000000001
2023-12-15 13:55:33,015 | [DEBUG] : Current model size: 104202 parameters
2023-12-15 13:55:33,015 | [DEBUG] : Current training mode: increased
2023-12-15 13:55:33,015 | [INFO] : no layers were added
2023-12-15 13:55:33,016 | [DEBUG] : Model size was changed to 104202 parameters
2023-12-15 13:55:33,016 | [DEBUG] : Learning rate is now 0.010000
2023-12-15 13:55:43,643 | [INFO] : New learning rate: 0.009000000000000001
2023-12-15 13:55:45,432 | [DEBUG] : Current model size: 104202 parameters
2023-12-15 13:55:45,432 | [DEBUG] : Current training mode: increased
2023-12-15 13:55:45,432 | [INFO] : no layers were added
2023-12-15 13:55:45,432 | [DEBUG] : Model size was changed to 104202 parameters
2023-12-15 13:55:45,432 | [DEBUG] : Learning rate is now 0.010000
2023-12-15 13:55:55,988 | [INFO] : New learning rate: 0.009000000000000001
2023-12-15 13:55:57,774 | [DEBUG] : Current model size: 104202 parameters
2023-12-15 13:55:57,774 | [DEBUG] : Current training mode: increased
2023-12-15 13:55:57,774 | [INFO] : no layers were added
2023-12-15 13:55:57,775 | [DEBUG] : Model size was changed to 104202 parameters
2023-12-15 13:55:57,775 | [DEBUG] : Learning rate is now 0.010000
2023-12-15 13:56:08,272 | [INFO] : New learning rate: 0.009000000000000001
2023-12-15 13:56:10,057 | [DEBUG] : Current model size: 104202 parameters
2023-12-15 13:56:10,057 | [DEBUG] : Current training mode: increased
2023-12-15 13:56:10,057 | [INFO] : no layers were added
2023-12-15 13:56:10,058 | [DEBUG] : Model size was changed to 104202 parameters
2023-12-15 13:56:10,058 | [DEBUG] : Learning rate is now 0.010000
2023-12-15 13:56:20,602 | [INFO] : New learning rate: 0.009000000000000001
2023-12-15 13:56:22,399 | [DEBUG] : Current model size: 104202 parameters
2023-12-15 13:56:22,399 | [DEBUG] : Current training mode: increased
2023-12-15 13:56:22,399 | [INFO] : no layers were added
2023-12-15 13:56:22,400 | [DEBUG] : Model size was changed to 104202 parameters
2023-12-15 13:56:22,400 | [DEBUG] : Learning rate is now 0.010000
2023-12-15 13:56:32,975 | [INFO] : New learning rate: 0.009000000000000001
2023-12-15 13:56:34,781 | [DEBUG] : Current model size: 104202 parameters
2023-12-15 13:56:34,781 | [DEBUG] : Current training mode: increased
2023-12-15 13:56:34,781 | [INFO] : no layers were added
2023-12-15 13:56:34,782 | [DEBUG] : Model size was changed to 104202 parameters
2023-12-15 13:56:34,782 | [DEBUG] : Learning rate is now 0.010000
2023-12-15 13:56:45,461 | [INFO] : New learning rate: 0.009000000000000001
2023-12-15 13:56:47,279 | [DEBUG] : Current model size: 104202 parameters
2023-12-15 13:56:47,279 | [DEBUG] : Current training mode: increased
2023-12-15 13:56:47,279 | [INFO] : no layers were added
2023-12-15 13:56:47,279 | [DEBUG] : Model size was changed to 104202 parameters
2023-12-15 13:56:47,280 | [DEBUG] : Learning rate is now 0.010000
2023-12-15 13:56:47,495 | [INFO] : training has run out of time
2023-12-15 13:56:47,496 | [INFO] : training01 runtime (h:mm:ss): 0:04:21
2023-12-15 13:56:47,496 | [INFO] : training01 end time: 12/15/2023 01:56:47 PM
2023-12-15 13:56:47,496 | [INFO] : episode 2/64 finished, objective: None
