2023-12-15 15:58:31,720 | [INFO] : training30 start time: 12/15/2023 03:58:31 PM
2023-12-15 15:58:31,723 | [INFO] : Initialized model with weights: results/small_early_middle3/weights.pth
2023-12-15 15:58:31,723 | [DEBUG] : Current model size: 20778 parameters
2023-12-15 15:58:31,723 | [DEBUG] : Current training mode: initial
2023-12-15 15:58:31,737 | [INFO] : GPU allocation changing : going up
2023-12-15 15:58:31,740 | [DEBUG] : Current model size: 20778 parameters
2023-12-15 15:58:31,740 | [DEBUG] : Current training mode: increased
2023-12-15 15:58:31,741 | [INFO] : deepening layer 1/3: Conv2d(64, 32, kernel_size=(3, 3), stride=(1, 1))
2023-12-15 15:58:31,741 | [DEBUG] : Model size was changed to 30090 parameters
2023-12-15 15:58:31,741 | [DEBUG] : Learning rate is now 0.010000
2023-12-15 15:58:41,147 | [INFO] : New learning rate: 0.009000000000000001
2023-12-15 15:58:42,832 | [DEBUG] : Current model size: 30090 parameters
2023-12-15 15:58:42,833 | [DEBUG] : Current training mode: increased
2023-12-15 15:58:42,833 | [INFO] : no layers were added
2023-12-15 15:58:42,833 | [DEBUG] : Model size was changed to 30090 parameters
2023-12-15 15:58:42,833 | [DEBUG] : Learning rate is now 0.010000
2023-12-15 15:58:52,237 | [INFO] : New learning rate: 0.009000000000000001
2023-12-15 15:58:53,899 | [DEBUG] : Current model size: 30090 parameters
2023-12-15 15:58:53,899 | [DEBUG] : Current training mode: increased
2023-12-15 15:58:53,900 | [INFO] : deepening layer 2/3: Linear(in_features=32, out_features=10, bias=True)
2023-12-15 15:58:53,900 | [DEBUG] : Model size was changed to 30200 parameters
2023-12-15 15:58:53,900 | [DEBUG] : Learning rate is now 0.010000
2023-12-15 15:59:03,523 | [INFO] : New learning rate: 0.009000000000000001
2023-12-15 15:59:05,207 | [DEBUG] : Current model size: 30200 parameters
2023-12-15 15:59:05,207 | [DEBUG] : Current training mode: increased
2023-12-15 15:59:05,208 | [INFO] : no layers were added
2023-12-15 15:59:05,208 | [DEBUG] : Model size was changed to 30200 parameters
2023-12-15 15:59:05,208 | [DEBUG] : Learning rate is now 0.010000
2023-12-15 15:59:14,890 | [INFO] : New learning rate: 0.009000000000000001
2023-12-15 15:59:16,645 | [DEBUG] : Current model size: 30200 parameters
2023-12-15 15:59:16,645 | [DEBUG] : Current training mode: increased
2023-12-15 15:59:16,645 | [INFO] : no layers were added
2023-12-15 15:59:16,645 | [DEBUG] : Model size was changed to 30200 parameters
2023-12-15 15:59:16,645 | [DEBUG] : Learning rate is now 0.010000
2023-12-15 15:59:26,266 | [INFO] : New learning rate: 0.009000000000000001
2023-12-15 15:59:27,992 | [DEBUG] : Current model size: 30200 parameters
2023-12-15 15:59:27,993 | [DEBUG] : Current training mode: increased
2023-12-15 15:59:27,993 | [INFO] : no layers were added
2023-12-15 15:59:27,993 | [DEBUG] : Model size was changed to 30200 parameters
2023-12-15 15:59:27,993 | [DEBUG] : Learning rate is now 0.010000
2023-12-15 15:59:37,903 | [INFO] : New learning rate: 0.009000000000000001
2023-12-15 15:59:39,582 | [DEBUG] : Current model size: 30200 parameters
2023-12-15 15:59:39,582 | [DEBUG] : Current training mode: increased
2023-12-15 15:59:39,582 | [INFO] : no layers were added
2023-12-15 15:59:39,583 | [DEBUG] : Model size was changed to 30200 parameters
2023-12-15 15:59:39,583 | [DEBUG] : Learning rate is now 0.010000
2023-12-15 15:59:49,472 | [INFO] : New learning rate: 0.009000000000000001
2023-12-15 15:59:51,232 | [DEBUG] : Current model size: 30200 parameters
2023-12-15 15:59:51,232 | [DEBUG] : Current training mode: increased
2023-12-15 15:59:51,232 | [INFO] : no layers were added
2023-12-15 15:59:51,233 | [DEBUG] : Model size was changed to 30200 parameters
2023-12-15 15:59:51,233 | [DEBUG] : Learning rate is now 0.010000
2023-12-15 16:00:01,156 | [INFO] : New learning rate: 0.009000000000000001
2023-12-15 16:00:02,918 | [DEBUG] : Current model size: 30200 parameters
2023-12-15 16:00:02,919 | [DEBUG] : Current training mode: increased
2023-12-15 16:00:02,919 | [INFO] : no layers were added
2023-12-15 16:00:02,920 | [DEBUG] : Model size was changed to 30200 parameters
2023-12-15 16:00:02,920 | [DEBUG] : Learning rate is now 0.010000
2023-12-15 16:00:12,796 | [INFO] : New learning rate: 0.009000000000000001
2023-12-15 16:00:14,558 | [DEBUG] : Current model size: 30200 parameters
2023-12-15 16:00:14,558 | [DEBUG] : Current training mode: increased
2023-12-15 16:00:14,558 | [INFO] : no layers were added
2023-12-15 16:00:14,559 | [DEBUG] : Model size was changed to 30200 parameters
2023-12-15 16:00:14,559 | [DEBUG] : Learning rate is now 0.010000
2023-12-15 16:00:24,424 | [INFO] : New learning rate: 0.009000000000000001
2023-12-15 16:00:26,180 | [DEBUG] : Current model size: 30200 parameters
2023-12-15 16:00:26,180 | [DEBUG] : Current training mode: increased
2023-12-15 16:00:26,181 | [INFO] : no layers were added
2023-12-15 16:00:26,181 | [DEBUG] : Model size was changed to 30200 parameters
2023-12-15 16:00:26,181 | [DEBUG] : Learning rate is now 0.010000
2023-12-15 16:00:36,038 | [INFO] : New learning rate: 0.009000000000000001
2023-12-15 16:00:37,691 | [DEBUG] : Current model size: 30200 parameters
2023-12-15 16:00:37,692 | [DEBUG] : Current training mode: increased
2023-12-15 16:00:37,692 | [INFO] : no layers were added
2023-12-15 16:00:37,692 | [DEBUG] : Model size was changed to 30200 parameters
2023-12-15 16:00:37,692 | [DEBUG] : Learning rate is now 0.010000
2023-12-15 16:00:47,585 | [INFO] : New learning rate: 0.009000000000000001
2023-12-15 16:00:49,362 | [DEBUG] : Current model size: 30200 parameters
2023-12-15 16:00:49,362 | [DEBUG] : Current training mode: increased
2023-12-15 16:00:49,362 | [INFO] : no layers were added
2023-12-15 16:00:49,363 | [DEBUG] : Model size was changed to 30200 parameters
2023-12-15 16:00:49,363 | [DEBUG] : Learning rate is now 0.010000
2023-12-15 16:00:59,252 | [INFO] : New learning rate: 0.009000000000000001
2023-12-15 16:01:01,011 | [DEBUG] : Current model size: 30200 parameters
2023-12-15 16:01:01,011 | [DEBUG] : Current training mode: increased
2023-12-15 16:01:01,011 | [INFO] : no layers were added
2023-12-15 16:01:01,011 | [DEBUG] : Model size was changed to 30200 parameters
2023-12-15 16:01:01,012 | [DEBUG] : Learning rate is now 0.010000
2023-12-15 16:01:10,981 | [INFO] : New learning rate: 0.009000000000000001
2023-12-15 16:01:12,632 | [DEBUG] : Current model size: 30200 parameters
2023-12-15 16:01:12,632 | [DEBUG] : Current training mode: increased
2023-12-15 16:01:12,632 | [INFO] : no layers were added
2023-12-15 16:01:12,632 | [DEBUG] : Model size was changed to 30200 parameters
2023-12-15 16:01:12,632 | [DEBUG] : Learning rate is now 0.010000
2023-12-15 16:01:22,179 | [INFO] : New learning rate: 0.009000000000000001
2023-12-15 16:01:23,839 | [DEBUG] : Current model size: 30200 parameters
2023-12-15 16:01:23,839 | [DEBUG] : Current training mode: increased
2023-12-15 16:01:23,839 | [INFO] : no layers were added
2023-12-15 16:01:23,840 | [DEBUG] : Model size was changed to 30200 parameters
2023-12-15 16:01:23,840 | [DEBUG] : Learning rate is now 0.010000
2023-12-15 16:01:33,427 | [INFO] : New learning rate: 0.009000000000000001
2023-12-15 16:01:35,093 | [DEBUG] : Current model size: 30200 parameters
2023-12-15 16:01:35,093 | [DEBUG] : Current training mode: increased
2023-12-15 16:01:35,093 | [INFO] : no layers were added
2023-12-15 16:01:35,093 | [DEBUG] : Model size was changed to 30200 parameters
2023-12-15 16:01:35,094 | [DEBUG] : Learning rate is now 0.010000
2023-12-15 16:01:44,931 | [INFO] : New learning rate: 0.009000000000000001
2023-12-15 16:01:46,603 | [DEBUG] : Current model size: 30200 parameters
2023-12-15 16:01:46,603 | [DEBUG] : Current training mode: increased
2023-12-15 16:01:46,603 | [INFO] : no layers were added
2023-12-15 16:01:46,604 | [DEBUG] : Model size was changed to 30200 parameters
2023-12-15 16:01:46,604 | [DEBUG] : Learning rate is now 0.010000
2023-12-15 16:01:56,316 | [INFO] : New learning rate: 0.009000000000000001
2023-12-15 16:01:58,065 | [DEBUG] : Current model size: 30200 parameters
2023-12-15 16:01:58,065 | [DEBUG] : Current training mode: increased
2023-12-15 16:01:58,065 | [INFO] : no layers were added
2023-12-15 16:01:58,066 | [DEBUG] : Model size was changed to 30200 parameters
2023-12-15 16:01:58,066 | [DEBUG] : Learning rate is now 0.010000
2023-12-15 16:02:08,039 | [INFO] : New learning rate: 0.009000000000000001
2023-12-15 16:02:09,774 | [DEBUG] : Current model size: 30200 parameters
2023-12-15 16:02:09,774 | [DEBUG] : Current training mode: increased
2023-12-15 16:02:09,774 | [INFO] : no layers were added
2023-12-15 16:02:09,775 | [DEBUG] : Model size was changed to 30200 parameters
2023-12-15 16:02:09,775 | [DEBUG] : Learning rate is now 0.010000
2023-12-15 16:02:19,698 | [INFO] : New learning rate: 0.009000000000000001
2023-12-15 16:02:21,386 | [DEBUG] : Current model size: 30200 parameters
2023-12-15 16:02:21,386 | [DEBUG] : Current training mode: increased
2023-12-15 16:02:21,387 | [INFO] : no layers were added
2023-12-15 16:02:21,387 | [DEBUG] : Model size was changed to 30200 parameters
2023-12-15 16:02:21,387 | [DEBUG] : Learning rate is now 0.010000
2023-12-15 16:02:31,313 | [INFO] : New learning rate: 0.009000000000000001
2023-12-15 16:02:33,064 | [DEBUG] : Current model size: 30200 parameters
2023-12-15 16:02:33,064 | [DEBUG] : Current training mode: increased
2023-12-15 16:02:33,064 | [INFO] : no layers were added
2023-12-15 16:02:33,065 | [DEBUG] : Model size was changed to 30200 parameters
2023-12-15 16:02:33,065 | [DEBUG] : Learning rate is now 0.010000
2023-12-15 16:02:42,678 | [INFO] : New learning rate: 0.009000000000000001
2023-12-15 16:02:44,332 | [DEBUG] : Current model size: 30200 parameters
2023-12-15 16:02:44,332 | [DEBUG] : Current training mode: increased
2023-12-15 16:02:44,332 | [INFO] : no layers were added
2023-12-15 16:02:44,332 | [DEBUG] : Model size was changed to 30200 parameters
2023-12-15 16:02:44,332 | [DEBUG] : Learning rate is now 0.010000
2023-12-15 16:02:51,725 | [INFO] : training has run out of time
2023-12-15 16:02:51,726 | [INFO] : training30 runtime (h:mm:ss): 0:04:21
2023-12-15 16:02:51,726 | [INFO] : training30 end time: 12/15/2023 04:02:51 PM
2023-12-15 16:02:51,726 | [INFO] : episode 31/64 finished, objective: None
