2023-12-15 18:08:58,875 | [INFO] : training60 start time: 12/15/2023 06:08:58 PM
2023-12-15 18:08:58,878 | [INFO] : Initialized model with weights: results/small_early_middle3/weights.pth
2023-12-15 18:08:58,878 | [DEBUG] : Current model size: 20778 parameters
2023-12-15 18:08:58,879 | [DEBUG] : Current training mode: initial
2023-12-15 18:08:58,893 | [INFO] : GPU allocation changing : going up
2023-12-15 18:08:58,895 | [DEBUG] : Current model size: 20778 parameters
2023-12-15 18:08:58,895 | [DEBUG] : Current training mode: increased
2023-12-15 18:08:58,896 | [INFO] : no layers were added
2023-12-15 18:08:58,896 | [DEBUG] : Model size was changed to 20778 parameters
2023-12-15 18:08:58,896 | [DEBUG] : Learning rate is now 0.010000
2023-12-15 18:09:08,248 | [INFO] : New learning rate: 0.009000000000000001
2023-12-15 18:09:09,923 | [DEBUG] : Current model size: 20778 parameters
2023-12-15 18:09:09,923 | [DEBUG] : Current training mode: increased
2023-12-15 18:09:09,924 | [INFO] : no layers were added
2023-12-15 18:09:09,924 | [DEBUG] : Model size was changed to 20778 parameters
2023-12-15 18:09:09,924 | [DEBUG] : Learning rate is now 0.010000
2023-12-15 18:09:19,316 | [INFO] : New learning rate: 0.009000000000000001
2023-12-15 18:09:21,029 | [DEBUG] : Current model size: 20778 parameters
2023-12-15 18:09:21,029 | [DEBUG] : Current training mode: increased
2023-12-15 18:09:21,031 | [INFO] : deepening layer 0/3: Conv2d(3, 64, kernel_size=(3, 3), stride=(1, 1))
2023-12-15 18:09:21,032 | [DEBUG] : Model size was changed to 57834 parameters
2023-12-15 18:09:21,032 | [DEBUG] : Learning rate is now 0.010000
2023-12-15 18:09:31,067 | [INFO] : New learning rate: 0.009000000000000001
2023-12-15 18:09:32,831 | [DEBUG] : Current model size: 57834 parameters
2023-12-15 18:09:32,831 | [DEBUG] : Current training mode: increased
2023-12-15 18:09:32,831 | [INFO] : no layers were added
2023-12-15 18:09:32,832 | [DEBUG] : Model size was changed to 57834 parameters
2023-12-15 18:09:32,832 | [DEBUG] : Learning rate is now 0.010000
2023-12-15 18:09:42,847 | [INFO] : New learning rate: 0.009000000000000001
2023-12-15 18:09:44,583 | [DEBUG] : Current model size: 57834 parameters
2023-12-15 18:09:44,583 | [DEBUG] : Current training mode: increased
2023-12-15 18:09:44,584 | [INFO] : no layers were added
2023-12-15 18:09:44,584 | [DEBUG] : Model size was changed to 57834 parameters
2023-12-15 18:09:44,584 | [DEBUG] : Learning rate is now 0.010000
2023-12-15 18:09:54,448 | [INFO] : New learning rate: 0.009000000000000001
2023-12-15 18:09:56,170 | [DEBUG] : Current model size: 57834 parameters
2023-12-15 18:09:56,170 | [DEBUG] : Current training mode: increased
2023-12-15 18:09:56,170 | [INFO] : no layers were added
2023-12-15 18:09:56,170 | [DEBUG] : Model size was changed to 57834 parameters
2023-12-15 18:09:56,170 | [DEBUG] : Learning rate is now 0.010000
2023-12-15 18:10:06,082 | [INFO] : New learning rate: 0.009000000000000001
2023-12-15 18:10:07,808 | [DEBUG] : Current model size: 57834 parameters
2023-12-15 18:10:07,808 | [DEBUG] : Current training mode: increased
2023-12-15 18:10:07,808 | [INFO] : no layers were added
2023-12-15 18:10:07,808 | [DEBUG] : Model size was changed to 57834 parameters
2023-12-15 18:10:07,808 | [DEBUG] : Learning rate is now 0.010000
2023-12-15 18:10:17,675 | [INFO] : New learning rate: 0.009000000000000001
2023-12-15 18:10:19,411 | [DEBUG] : Current model size: 57834 parameters
2023-12-15 18:10:19,411 | [DEBUG] : Current training mode: increased
2023-12-15 18:10:19,411 | [INFO] : no layers were added
2023-12-15 18:10:19,412 | [DEBUG] : Model size was changed to 57834 parameters
2023-12-15 18:10:19,412 | [DEBUG] : Learning rate is now 0.010000
2023-12-15 18:10:29,428 | [INFO] : New learning rate: 0.009000000000000001
2023-12-15 18:10:31,207 | [DEBUG] : Current model size: 57834 parameters
2023-12-15 18:10:31,207 | [DEBUG] : Current training mode: increased
2023-12-15 18:10:31,207 | [INFO] : no layers were added
2023-12-15 18:10:31,208 | [DEBUG] : Model size was changed to 57834 parameters
2023-12-15 18:10:31,208 | [DEBUG] : Learning rate is now 0.010000
2023-12-15 18:10:41,111 | [INFO] : New learning rate: 0.009000000000000001
2023-12-15 18:10:42,852 | [DEBUG] : Current model size: 57834 parameters
2023-12-15 18:10:42,852 | [DEBUG] : Current training mode: increased
2023-12-15 18:10:42,852 | [INFO] : no layers were added
2023-12-15 18:10:42,853 | [DEBUG] : Model size was changed to 57834 parameters
2023-12-15 18:10:42,853 | [DEBUG] : Learning rate is now 0.010000
2023-12-15 18:10:52,883 | [INFO] : New learning rate: 0.009000000000000001
2023-12-15 18:10:54,607 | [DEBUG] : Current model size: 57834 parameters
2023-12-15 18:10:54,608 | [DEBUG] : Current training mode: increased
2023-12-15 18:10:54,608 | [INFO] : no layers were added
2023-12-15 18:10:54,608 | [DEBUG] : Model size was changed to 57834 parameters
2023-12-15 18:10:54,608 | [DEBUG] : Learning rate is now 0.010000
2023-12-15 18:11:04,468 | [INFO] : New learning rate: 0.009000000000000001
2023-12-15 18:11:06,198 | [DEBUG] : Current model size: 57834 parameters
2023-12-15 18:11:06,198 | [DEBUG] : Current training mode: increased
2023-12-15 18:11:06,198 | [INFO] : no layers were added
2023-12-15 18:11:06,199 | [DEBUG] : Model size was changed to 57834 parameters
2023-12-15 18:11:06,199 | [DEBUG] : Learning rate is now 0.010000
2023-12-15 18:11:16,224 | [INFO] : New learning rate: 0.009000000000000001
2023-12-15 18:11:17,970 | [DEBUG] : Current model size: 57834 parameters
2023-12-15 18:11:17,970 | [DEBUG] : Current training mode: increased
2023-12-15 18:11:17,970 | [INFO] : no layers were added
2023-12-15 18:11:17,971 | [DEBUG] : Model size was changed to 57834 parameters
2023-12-15 18:11:17,971 | [DEBUG] : Learning rate is now 0.010000
2023-12-15 18:11:27,899 | [INFO] : New learning rate: 0.009000000000000001
2023-12-15 18:11:29,712 | [DEBUG] : Current model size: 57834 parameters
2023-12-15 18:11:29,712 | [DEBUG] : Current training mode: increased
2023-12-15 18:11:29,712 | [INFO] : no layers were added
2023-12-15 18:11:29,713 | [DEBUG] : Model size was changed to 57834 parameters
2023-12-15 18:11:29,713 | [DEBUG] : Learning rate is now 0.010000
2023-12-15 18:11:39,760 | [INFO] : New learning rate: 0.009000000000000001
2023-12-15 18:11:41,497 | [DEBUG] : Current model size: 57834 parameters
2023-12-15 18:11:41,497 | [DEBUG] : Current training mode: increased
2023-12-15 18:11:41,498 | [INFO] : no layers were added
2023-12-15 18:11:41,498 | [DEBUG] : Model size was changed to 57834 parameters
2023-12-15 18:11:41,498 | [DEBUG] : Learning rate is now 0.010000
2023-12-15 18:11:51,486 | [INFO] : New learning rate: 0.009000000000000001
2023-12-15 18:11:53,237 | [DEBUG] : Current model size: 57834 parameters
2023-12-15 18:11:53,238 | [DEBUG] : Current training mode: increased
2023-12-15 18:11:53,238 | [INFO] : no layers were added
2023-12-15 18:11:53,239 | [DEBUG] : Model size was changed to 57834 parameters
2023-12-15 18:11:53,239 | [DEBUG] : Learning rate is now 0.010000
2023-12-15 18:12:03,154 | [INFO] : New learning rate: 0.009000000000000001
2023-12-15 18:12:04,890 | [DEBUG] : Current model size: 57834 parameters
2023-12-15 18:12:04,890 | [DEBUG] : Current training mode: increased
2023-12-15 18:12:04,890 | [INFO] : no layers were added
2023-12-15 18:12:04,891 | [DEBUG] : Model size was changed to 57834 parameters
2023-12-15 18:12:04,891 | [DEBUG] : Learning rate is now 0.010000
2023-12-15 18:12:14,844 | [INFO] : New learning rate: 0.009000000000000001
2023-12-15 18:12:16,600 | [DEBUG] : Current model size: 57834 parameters
2023-12-15 18:12:16,601 | [DEBUG] : Current training mode: increased
2023-12-15 18:12:16,601 | [INFO] : no layers were added
2023-12-15 18:12:16,601 | [DEBUG] : Model size was changed to 57834 parameters
2023-12-15 18:12:16,602 | [DEBUG] : Learning rate is now 0.010000
2023-12-15 18:12:26,558 | [INFO] : New learning rate: 0.009000000000000001
2023-12-15 18:12:28,309 | [DEBUG] : Current model size: 57834 parameters
2023-12-15 18:12:28,309 | [DEBUG] : Current training mode: increased
2023-12-15 18:12:28,309 | [INFO] : no layers were added
2023-12-15 18:12:28,310 | [DEBUG] : Model size was changed to 57834 parameters
2023-12-15 18:12:28,310 | [DEBUG] : Learning rate is now 0.010000
2023-12-15 18:12:38,213 | [INFO] : New learning rate: 0.009000000000000001
2023-12-15 18:12:39,964 | [DEBUG] : Current model size: 57834 parameters
2023-12-15 18:12:39,964 | [DEBUG] : Current training mode: increased
2023-12-15 18:12:39,964 | [INFO] : no layers were added
2023-12-15 18:12:39,964 | [DEBUG] : Model size was changed to 57834 parameters
2023-12-15 18:12:39,964 | [DEBUG] : Learning rate is now 0.010000
2023-12-15 18:12:49,814 | [INFO] : New learning rate: 0.009000000000000001
2023-12-15 18:12:51,538 | [DEBUG] : Current model size: 57834 parameters
2023-12-15 18:12:51,538 | [DEBUG] : Current training mode: increased
2023-12-15 18:12:51,538 | [INFO] : no layers were added
2023-12-15 18:12:51,538 | [DEBUG] : Model size was changed to 57834 parameters
2023-12-15 18:12:51,539 | [DEBUG] : Learning rate is now 0.010000
2023-12-15 18:13:01,363 | [INFO] : New learning rate: 0.009000000000000001
2023-12-15 18:13:03,097 | [DEBUG] : Current model size: 57834 parameters
2023-12-15 18:13:03,097 | [DEBUG] : Current training mode: increased
2023-12-15 18:13:03,097 | [INFO] : no layers were added
2023-12-15 18:13:03,097 | [DEBUG] : Model size was changed to 57834 parameters
2023-12-15 18:13:03,097 | [DEBUG] : Learning rate is now 0.010000
2023-12-15 18:13:12,944 | [INFO] : New learning rate: 0.009000000000000001
2023-12-15 18:13:14,725 | [DEBUG] : Current model size: 57834 parameters
2023-12-15 18:13:14,725 | [DEBUG] : Current training mode: increased
2023-12-15 18:13:14,725 | [INFO] : no layers were added
2023-12-15 18:13:14,726 | [DEBUG] : Model size was changed to 57834 parameters
2023-12-15 18:13:14,726 | [DEBUG] : Learning rate is now 0.010000
2023-12-15 18:13:18,886 | [INFO] : training has run out of time
2023-12-15 18:13:18,887 | [INFO] : training60 runtime (h:mm:ss): 0:04:21
2023-12-15 18:13:18,887 | [INFO] : training60 end time: 12/15/2023 06:13:18 PM
2023-12-15 18:13:18,887 | [INFO] : episode 61/64 finished, objective: None
