2023-12-15 15:41:08,775 | [INFO] : training26 start time: 12/15/2023 03:41:08 PM
2023-12-15 15:41:08,779 | [INFO] : Initialized model with weights: results/small_early_middle3/weights.pth
2023-12-15 15:41:08,779 | [DEBUG] : Current model size: 20778 parameters
2023-12-15 15:41:08,779 | [DEBUG] : Current training mode: initial
2023-12-15 15:41:08,793 | [INFO] : GPU allocation changing : going up
2023-12-15 15:41:08,795 | [DEBUG] : Current model size: 20778 parameters
2023-12-15 15:41:08,795 | [DEBUG] : Current training mode: increased
2023-12-15 15:41:08,796 | [INFO] : deepening layer 1/3: Conv2d(64, 32, kernel_size=(3, 3), stride=(1, 1))
2023-12-15 15:41:08,796 | [DEBUG] : Model size was changed to 30090 parameters
2023-12-15 15:41:08,796 | [DEBUG] : Learning rate is now 0.010000
2023-12-15 15:41:18,243 | [INFO] : New learning rate: 0.009000000000000001
2023-12-15 15:41:19,956 | [DEBUG] : Current model size: 30090 parameters
2023-12-15 15:41:19,956 | [DEBUG] : Current training mode: increased
2023-12-15 15:41:19,957 | [INFO] : deepening layer 2/3: Linear(in_features=32, out_features=10, bias=True)
2023-12-15 15:41:19,957 | [DEBUG] : Model size was changed to 30200 parameters
2023-12-15 15:41:19,958 | [DEBUG] : Learning rate is now 0.010000
2023-12-15 15:41:29,532 | [INFO] : New learning rate: 0.009000000000000001
2023-12-15 15:41:31,207 | [DEBUG] : Current model size: 30200 parameters
2023-12-15 15:41:31,208 | [DEBUG] : Current training mode: increased
2023-12-15 15:41:31,209 | [INFO] : deepening layer 2/3: Linear(in_features=32, out_features=10, bias=True)
2023-12-15 15:41:31,209 | [DEBUG] : Model size was changed to 30310 parameters
2023-12-15 15:41:31,209 | [DEBUG] : Learning rate is now 0.010000
2023-12-15 15:41:41,044 | [INFO] : New learning rate: 0.009000000000000001
2023-12-15 15:41:42,712 | [DEBUG] : Current model size: 30310 parameters
2023-12-15 15:41:42,712 | [DEBUG] : Current training mode: increased
2023-12-15 15:41:42,713 | [INFO] : no layers were added
2023-12-15 15:41:42,713 | [DEBUG] : Model size was changed to 30310 parameters
2023-12-15 15:41:42,713 | [DEBUG] : Learning rate is now 0.010000
2023-12-15 15:41:52,599 | [INFO] : New learning rate: 0.009000000000000001
2023-12-15 15:41:54,311 | [DEBUG] : Current model size: 30310 parameters
2023-12-15 15:41:54,311 | [DEBUG] : Current training mode: increased
2023-12-15 15:41:54,311 | [INFO] : no layers were added
2023-12-15 15:41:54,312 | [DEBUG] : Model size was changed to 30310 parameters
2023-12-15 15:41:54,312 | [DEBUG] : Learning rate is now 0.010000
2023-12-15 15:42:04,099 | [INFO] : New learning rate: 0.009000000000000001
2023-12-15 15:42:05,846 | [DEBUG] : Current model size: 30310 parameters
2023-12-15 15:42:05,846 | [DEBUG] : Current training mode: increased
2023-12-15 15:42:05,847 | [INFO] : no layers were added
2023-12-15 15:42:05,847 | [DEBUG] : Model size was changed to 30310 parameters
2023-12-15 15:42:05,847 | [DEBUG] : Learning rate is now 0.010000
2023-12-15 15:42:15,541 | [INFO] : New learning rate: 0.009000000000000001
2023-12-15 15:42:17,199 | [DEBUG] : Current model size: 30310 parameters
2023-12-15 15:42:17,199 | [DEBUG] : Current training mode: increased
2023-12-15 15:42:17,199 | [INFO] : no layers were added
2023-12-15 15:42:17,200 | [DEBUG] : Model size was changed to 30310 parameters
2023-12-15 15:42:17,200 | [DEBUG] : Learning rate is now 0.010000
2023-12-15 15:42:26,988 | [INFO] : New learning rate: 0.009000000000000001
2023-12-15 15:42:28,646 | [DEBUG] : Current model size: 30310 parameters
2023-12-15 15:42:28,646 | [DEBUG] : Current training mode: increased
2023-12-15 15:42:28,646 | [INFO] : no layers were added
2023-12-15 15:42:28,647 | [DEBUG] : Model size was changed to 30310 parameters
2023-12-15 15:42:28,647 | [DEBUG] : Learning rate is now 0.010000
2023-12-15 15:42:38,530 | [INFO] : New learning rate: 0.009000000000000001
2023-12-15 15:42:40,216 | [DEBUG] : Current model size: 30310 parameters
2023-12-15 15:42:40,216 | [DEBUG] : Current training mode: increased
2023-12-15 15:42:40,216 | [INFO] : no layers were added
2023-12-15 15:42:40,217 | [DEBUG] : Model size was changed to 30310 parameters
2023-12-15 15:42:40,217 | [DEBUG] : Learning rate is now 0.010000
2023-12-15 15:42:50,312 | [INFO] : New learning rate: 0.009000000000000001
2023-12-15 15:42:52,079 | [DEBUG] : Current model size: 30310 parameters
2023-12-15 15:42:52,079 | [DEBUG] : Current training mode: increased
2023-12-15 15:42:52,079 | [INFO] : no layers were added
2023-12-15 15:42:52,080 | [DEBUG] : Model size was changed to 30310 parameters
2023-12-15 15:42:52,080 | [DEBUG] : Learning rate is now 0.010000
2023-12-15 15:43:01,888 | [INFO] : New learning rate: 0.009000000000000001
2023-12-15 15:43:03,616 | [DEBUG] : Current model size: 30310 parameters
2023-12-15 15:43:03,616 | [DEBUG] : Current training mode: increased
2023-12-15 15:43:03,616 | [INFO] : no layers were added
2023-12-15 15:43:03,617 | [DEBUG] : Model size was changed to 30310 parameters
2023-12-15 15:43:03,617 | [DEBUG] : Learning rate is now 0.010000
2023-12-15 15:43:13,450 | [INFO] : New learning rate: 0.009000000000000001
2023-12-15 15:43:15,140 | [DEBUG] : Current model size: 30310 parameters
2023-12-15 15:43:15,140 | [DEBUG] : Current training mode: increased
2023-12-15 15:43:15,141 | [INFO] : no layers were added
2023-12-15 15:43:15,141 | [DEBUG] : Model size was changed to 30310 parameters
2023-12-15 15:43:15,141 | [DEBUG] : Learning rate is now 0.010000
2023-12-15 15:43:24,784 | [INFO] : New learning rate: 0.009000000000000001
2023-12-15 15:43:26,455 | [DEBUG] : Current model size: 30310 parameters
2023-12-15 15:43:26,455 | [DEBUG] : Current training mode: increased
2023-12-15 15:43:26,455 | [INFO] : no layers were added
2023-12-15 15:43:26,456 | [DEBUG] : Model size was changed to 30310 parameters
2023-12-15 15:43:26,456 | [DEBUG] : Learning rate is now 0.010000
2023-12-15 15:43:36,244 | [INFO] : New learning rate: 0.009000000000000001
2023-12-15 15:43:37,969 | [DEBUG] : Current model size: 30310 parameters
2023-12-15 15:43:37,970 | [DEBUG] : Current training mode: increased
2023-12-15 15:43:37,970 | [INFO] : no layers were added
2023-12-15 15:43:37,970 | [DEBUG] : Model size was changed to 30310 parameters
2023-12-15 15:43:37,970 | [DEBUG] : Learning rate is now 0.010000
2023-12-15 15:43:47,899 | [INFO] : New learning rate: 0.009000000000000001
2023-12-15 15:43:49,566 | [DEBUG] : Current model size: 30310 parameters
2023-12-15 15:43:49,566 | [DEBUG] : Current training mode: increased
2023-12-15 15:43:49,566 | [INFO] : no layers were added
2023-12-15 15:43:49,567 | [DEBUG] : Model size was changed to 30310 parameters
2023-12-15 15:43:49,567 | [DEBUG] : Learning rate is now 0.010000
2023-12-15 15:43:59,411 | [INFO] : New learning rate: 0.009000000000000001
2023-12-15 15:44:01,168 | [DEBUG] : Current model size: 30310 parameters
2023-12-15 15:44:01,168 | [DEBUG] : Current training mode: increased
2023-12-15 15:44:01,168 | [INFO] : no layers were added
2023-12-15 15:44:01,169 | [DEBUG] : Model size was changed to 30310 parameters
2023-12-15 15:44:01,169 | [DEBUG] : Learning rate is now 0.010000
2023-12-15 15:44:11,212 | [INFO] : New learning rate: 0.009000000000000001
2023-12-15 15:44:12,880 | [DEBUG] : Current model size: 30310 parameters
2023-12-15 15:44:12,880 | [DEBUG] : Current training mode: increased
2023-12-15 15:44:12,880 | [INFO] : no layers were added
2023-12-15 15:44:12,880 | [DEBUG] : Model size was changed to 30310 parameters
2023-12-15 15:44:12,881 | [DEBUG] : Learning rate is now 0.010000
2023-12-15 15:44:22,463 | [INFO] : New learning rate: 0.009000000000000001
2023-12-15 15:44:24,125 | [DEBUG] : Current model size: 30310 parameters
2023-12-15 15:44:24,125 | [DEBUG] : Current training mode: increased
2023-12-15 15:44:24,126 | [INFO] : no layers were added
2023-12-15 15:44:24,126 | [DEBUG] : Model size was changed to 30310 parameters
2023-12-15 15:44:24,126 | [DEBUG] : Learning rate is now 0.010000
2023-12-15 15:44:33,731 | [INFO] : New learning rate: 0.009000000000000001
2023-12-15 15:44:35,409 | [DEBUG] : Current model size: 30310 parameters
2023-12-15 15:44:35,410 | [DEBUG] : Current training mode: increased
2023-12-15 15:44:35,410 | [INFO] : no layers were added
2023-12-15 15:44:35,410 | [DEBUG] : Model size was changed to 30310 parameters
2023-12-15 15:44:35,410 | [DEBUG] : Learning rate is now 0.010000
2023-12-15 15:44:45,652 | [INFO] : New learning rate: 0.009000000000000001
2023-12-15 15:44:47,408 | [DEBUG] : Current model size: 30310 parameters
2023-12-15 15:44:47,408 | [DEBUG] : Current training mode: increased
2023-12-15 15:44:47,408 | [INFO] : no layers were added
2023-12-15 15:44:47,409 | [DEBUG] : Model size was changed to 30310 parameters
2023-12-15 15:44:47,409 | [DEBUG] : Learning rate is now 0.010000
2023-12-15 15:44:57,732 | [INFO] : New learning rate: 0.009000000000000001
2023-12-15 15:44:59,423 | [DEBUG] : Current model size: 30310 parameters
2023-12-15 15:44:59,423 | [DEBUG] : Current training mode: increased
2023-12-15 15:44:59,424 | [INFO] : no layers were added
2023-12-15 15:44:59,424 | [DEBUG] : Model size was changed to 30310 parameters
2023-12-15 15:44:59,424 | [DEBUG] : Learning rate is now 0.010000
2023-12-15 15:45:09,310 | [INFO] : New learning rate: 0.009000000000000001
2023-12-15 15:45:10,989 | [DEBUG] : Current model size: 30310 parameters
2023-12-15 15:45:10,989 | [DEBUG] : Current training mode: increased
2023-12-15 15:45:10,989 | [INFO] : no layers were added
2023-12-15 15:45:10,989 | [DEBUG] : Model size was changed to 30310 parameters
2023-12-15 15:45:10,990 | [DEBUG] : Learning rate is now 0.010000
2023-12-15 15:45:21,019 | [INFO] : New learning rate: 0.009000000000000001
2023-12-15 15:45:22,739 | [DEBUG] : Current model size: 30310 parameters
2023-12-15 15:45:22,739 | [DEBUG] : Current training mode: increased
2023-12-15 15:45:22,739 | [INFO] : no layers were added
2023-12-15 15:45:22,740 | [DEBUG] : Model size was changed to 30310 parameters
2023-12-15 15:45:22,740 | [DEBUG] : Learning rate is now 0.010000
2023-12-15 15:45:28,784 | [INFO] : training has run out of time
2023-12-15 15:45:28,785 | [INFO] : training26 runtime (h:mm:ss): 0:04:21
2023-12-15 15:45:28,785 | [INFO] : training26 end time: 12/15/2023 03:45:28 PM
2023-12-15 15:45:28,785 | [INFO] : episode 27/64 finished, objective: None
