2023-12-15 16:37:38,544 | [INFO] : training39 start time: 12/15/2023 04:37:38 PM
2023-12-15 16:37:38,546 | [INFO] : Initialized model with weights: results/small_early_middle3/weights.pth
2023-12-15 16:37:38,547 | [DEBUG] : Current model size: 20778 parameters
2023-12-15 16:37:38,547 | [DEBUG] : Current training mode: initial
2023-12-15 16:37:38,561 | [INFO] : GPU allocation changing : going up
2023-12-15 16:37:38,563 | [DEBUG] : Current model size: 20778 parameters
2023-12-15 16:37:38,563 | [DEBUG] : Current training mode: increased
2023-12-15 16:37:38,563 | [INFO] : deepening layer 2/3: Linear(in_features=32, out_features=10, bias=True)
2023-12-15 16:37:38,564 | [DEBUG] : Model size was changed to 20888 parameters
2023-12-15 16:37:38,564 | [DEBUG] : Learning rate is now 0.010000
2023-12-15 16:37:48,075 | [INFO] : New learning rate: 0.009000000000000001
2023-12-15 16:37:49,776 | [DEBUG] : Current model size: 20888 parameters
2023-12-15 16:37:49,777 | [DEBUG] : Current training mode: increased
2023-12-15 16:37:49,778 | [INFO] : deepening layer 1/3: Conv2d(64, 32, kernel_size=(3, 3), stride=(1, 1))
2023-12-15 16:37:49,778 | [DEBUG] : Model size was changed to 30200 parameters
2023-12-15 16:37:49,778 | [DEBUG] : Learning rate is now 0.010000
2023-12-15 16:37:59,442 | [INFO] : New learning rate: 0.009000000000000001
2023-12-15 16:38:01,105 | [DEBUG] : Current model size: 30200 parameters
2023-12-15 16:38:01,105 | [DEBUG] : Current training mode: increased
2023-12-15 16:38:01,105 | [INFO] : no layers were added
2023-12-15 16:38:01,106 | [DEBUG] : Model size was changed to 30200 parameters
2023-12-15 16:38:01,106 | [DEBUG] : Learning rate is now 0.010000
2023-12-15 16:38:10,715 | [INFO] : New learning rate: 0.009000000000000001
2023-12-15 16:38:12,376 | [DEBUG] : Current model size: 30200 parameters
2023-12-15 16:38:12,376 | [DEBUG] : Current training mode: increased
2023-12-15 16:38:12,376 | [INFO] : no layers were added
2023-12-15 16:38:12,376 | [DEBUG] : Model size was changed to 30200 parameters
2023-12-15 16:38:12,376 | [DEBUG] : Learning rate is now 0.010000
2023-12-15 16:38:22,124 | [INFO] : New learning rate: 0.009000000000000001
2023-12-15 16:38:23,857 | [DEBUG] : Current model size: 30200 parameters
2023-12-15 16:38:23,857 | [DEBUG] : Current training mode: increased
2023-12-15 16:38:23,857 | [INFO] : no layers were added
2023-12-15 16:38:23,858 | [DEBUG] : Model size was changed to 30200 parameters
2023-12-15 16:38:23,858 | [DEBUG] : Learning rate is now 0.010000
2023-12-15 16:38:33,504 | [INFO] : New learning rate: 0.009000000000000001
2023-12-15 16:38:35,232 | [DEBUG] : Current model size: 30200 parameters
2023-12-15 16:38:35,232 | [DEBUG] : Current training mode: increased
2023-12-15 16:38:35,232 | [INFO] : no layers were added
2023-12-15 16:38:35,232 | [DEBUG] : Model size was changed to 30200 parameters
2023-12-15 16:38:35,232 | [DEBUG] : Learning rate is now 0.010000
2023-12-15 16:38:45,103 | [INFO] : New learning rate: 0.009000000000000001
2023-12-15 16:38:46,781 | [DEBUG] : Current model size: 30200 parameters
2023-12-15 16:38:46,781 | [DEBUG] : Current training mode: increased
2023-12-15 16:38:46,781 | [INFO] : no layers were added
2023-12-15 16:38:46,782 | [DEBUG] : Model size was changed to 30200 parameters
2023-12-15 16:38:46,782 | [DEBUG] : Learning rate is now 0.010000
2023-12-15 16:38:56,676 | [INFO] : New learning rate: 0.009000000000000001
2023-12-15 16:38:58,388 | [DEBUG] : Current model size: 30200 parameters
2023-12-15 16:38:58,388 | [DEBUG] : Current training mode: increased
2023-12-15 16:38:58,389 | [INFO] : no layers were added
2023-12-15 16:38:58,389 | [DEBUG] : Model size was changed to 30200 parameters
2023-12-15 16:38:58,389 | [DEBUG] : Learning rate is now 0.010000
2023-12-15 16:39:08,334 | [INFO] : New learning rate: 0.009000000000000001
2023-12-15 16:39:10,014 | [DEBUG] : Current model size: 30200 parameters
2023-12-15 16:39:10,015 | [DEBUG] : Current training mode: increased
2023-12-15 16:39:10,015 | [INFO] : no layers were added
2023-12-15 16:39:10,016 | [DEBUG] : Model size was changed to 30200 parameters
2023-12-15 16:39:10,016 | [DEBUG] : Learning rate is now 0.010000
2023-12-15 16:39:19,906 | [INFO] : New learning rate: 0.009000000000000001
2023-12-15 16:39:21,637 | [DEBUG] : Current model size: 30200 parameters
2023-12-15 16:39:21,638 | [DEBUG] : Current training mode: increased
2023-12-15 16:39:21,638 | [INFO] : no layers were added
2023-12-15 16:39:21,638 | [DEBUG] : Model size was changed to 30200 parameters
2023-12-15 16:39:21,638 | [DEBUG] : Learning rate is now 0.010000
2023-12-15 16:39:31,294 | [INFO] : New learning rate: 0.009000000000000001
2023-12-15 16:39:33,013 | [DEBUG] : Current model size: 30200 parameters
2023-12-15 16:39:33,013 | [DEBUG] : Current training mode: increased
2023-12-15 16:39:33,013 | [INFO] : no layers were added
2023-12-15 16:39:33,014 | [DEBUG] : Model size was changed to 30200 parameters
2023-12-15 16:39:33,014 | [DEBUG] : Learning rate is now 0.010000
2023-12-15 16:39:42,729 | [INFO] : New learning rate: 0.009000000000000001
2023-12-15 16:39:44,432 | [DEBUG] : Current model size: 30200 parameters
2023-12-15 16:39:44,433 | [DEBUG] : Current training mode: increased
2023-12-15 16:39:44,433 | [INFO] : no layers were added
2023-12-15 16:39:44,433 | [DEBUG] : Model size was changed to 30200 parameters
2023-12-15 16:39:44,433 | [DEBUG] : Learning rate is now 0.010000
2023-12-15 16:39:54,055 | [INFO] : New learning rate: 0.009000000000000001
2023-12-15 16:39:55,763 | [DEBUG] : Current model size: 30200 parameters
2023-12-15 16:39:55,763 | [DEBUG] : Current training mode: increased
2023-12-15 16:39:55,763 | [INFO] : no layers were added
2023-12-15 16:39:55,764 | [DEBUG] : Model size was changed to 30200 parameters
2023-12-15 16:39:55,764 | [DEBUG] : Learning rate is now 0.010000
2023-12-15 16:40:05,717 | [INFO] : New learning rate: 0.009000000000000001
2023-12-15 16:40:07,453 | [DEBUG] : Current model size: 30200 parameters
2023-12-15 16:40:07,453 | [DEBUG] : Current training mode: increased
2023-12-15 16:40:07,454 | [INFO] : no layers were added
2023-12-15 16:40:07,454 | [DEBUG] : Model size was changed to 30200 parameters
2023-12-15 16:40:07,454 | [DEBUG] : Learning rate is now 0.010000
2023-12-15 16:40:17,158 | [INFO] : New learning rate: 0.009000000000000001
2023-12-15 16:40:18,823 | [DEBUG] : Current model size: 30200 parameters
2023-12-15 16:40:18,823 | [DEBUG] : Current training mode: increased
2023-12-15 16:40:18,823 | [INFO] : no layers were added
2023-12-15 16:40:18,824 | [DEBUG] : Model size was changed to 30200 parameters
2023-12-15 16:40:18,824 | [DEBUG] : Learning rate is now 0.010000
2023-12-15 16:40:28,458 | [INFO] : New learning rate: 0.009000000000000001
2023-12-15 16:40:30,121 | [DEBUG] : Current model size: 30200 parameters
2023-12-15 16:40:30,121 | [DEBUG] : Current training mode: increased
2023-12-15 16:40:30,121 | [INFO] : no layers were added
2023-12-15 16:40:30,121 | [DEBUG] : Model size was changed to 30200 parameters
2023-12-15 16:40:30,121 | [DEBUG] : Learning rate is now 0.010000
2023-12-15 16:40:39,809 | [INFO] : New learning rate: 0.009000000000000001
2023-12-15 16:40:41,570 | [DEBUG] : Current model size: 30200 parameters
2023-12-15 16:40:41,570 | [DEBUG] : Current training mode: increased
2023-12-15 16:40:41,571 | [INFO] : no layers were added
2023-12-15 16:40:41,571 | [DEBUG] : Model size was changed to 30200 parameters
2023-12-15 16:40:41,571 | [DEBUG] : Learning rate is now 0.010000
2023-12-15 16:40:51,269 | [INFO] : New learning rate: 0.009000000000000001
2023-12-15 16:40:52,933 | [DEBUG] : Current model size: 30200 parameters
2023-12-15 16:40:52,934 | [DEBUG] : Current training mode: increased
2023-12-15 16:40:52,934 | [INFO] : no layers were added
2023-12-15 16:40:52,934 | [DEBUG] : Model size was changed to 30200 parameters
2023-12-15 16:40:52,934 | [DEBUG] : Learning rate is now 0.010000
2023-12-15 16:41:02,818 | [INFO] : New learning rate: 0.009000000000000001
2023-12-15 16:41:04,525 | [DEBUG] : Current model size: 30200 parameters
2023-12-15 16:41:04,525 | [DEBUG] : Current training mode: increased
2023-12-15 16:41:04,525 | [INFO] : no layers were added
2023-12-15 16:41:04,525 | [DEBUG] : Model size was changed to 30200 parameters
2023-12-15 16:41:04,525 | [DEBUG] : Learning rate is now 0.010000
2023-12-15 16:41:14,112 | [INFO] : New learning rate: 0.009000000000000001
2023-12-15 16:41:15,764 | [DEBUG] : Current model size: 30200 parameters
2023-12-15 16:41:15,764 | [DEBUG] : Current training mode: increased
2023-12-15 16:41:15,764 | [INFO] : no layers were added
2023-12-15 16:41:15,765 | [DEBUG] : Model size was changed to 30200 parameters
2023-12-15 16:41:15,765 | [DEBUG] : Learning rate is now 0.010000
2023-12-15 16:41:25,322 | [INFO] : New learning rate: 0.009000000000000001
2023-12-15 16:41:26,988 | [DEBUG] : Current model size: 30200 parameters
2023-12-15 16:41:26,988 | [DEBUG] : Current training mode: increased
2023-12-15 16:41:26,989 | [INFO] : no layers were added
2023-12-15 16:41:26,989 | [DEBUG] : Model size was changed to 30200 parameters
2023-12-15 16:41:26,989 | [DEBUG] : Learning rate is now 0.010000
2023-12-15 16:41:37,062 | [INFO] : New learning rate: 0.009000000000000001
2023-12-15 16:41:38,801 | [DEBUG] : Current model size: 30200 parameters
2023-12-15 16:41:38,801 | [DEBUG] : Current training mode: increased
2023-12-15 16:41:38,801 | [INFO] : no layers were added
2023-12-15 16:41:38,802 | [DEBUG] : Model size was changed to 30200 parameters
2023-12-15 16:41:38,802 | [DEBUG] : Learning rate is now 0.010000
2023-12-15 16:41:48,829 | [INFO] : New learning rate: 0.009000000000000001
2023-12-15 16:41:50,529 | [DEBUG] : Current model size: 30200 parameters
2023-12-15 16:41:50,529 | [DEBUG] : Current training mode: increased
2023-12-15 16:41:50,530 | [INFO] : no layers were added
2023-12-15 16:41:50,530 | [DEBUG] : Model size was changed to 30200 parameters
2023-12-15 16:41:50,530 | [DEBUG] : Learning rate is now 0.010000
2023-12-15 16:41:58,550 | [INFO] : training has run out of time
2023-12-15 16:41:58,552 | [INFO] : training39 runtime (h:mm:ss): 0:04:21
2023-12-15 16:41:58,552 | [INFO] : training39 end time: 12/15/2023 04:41:58 PM
2023-12-15 16:41:58,552 | [INFO] : episode 40/64 finished, objective: None
