2023-12-16 00:31:11,812 | [INFO] : training09 start time: 12/16/2023 12:31:11 AM
2023-12-16 00:31:11,815 | [INFO] : Initialized model with weights: results/small_late3/weights.pth
2023-12-16 00:31:11,815 | [DEBUG] : Current model size: 20778 parameters
2023-12-16 00:31:11,815 | [DEBUG] : Current training mode: initial
2023-12-16 00:31:11,829 | [INFO] : GPU allocation changing : going up
2023-12-16 00:31:11,832 | [DEBUG] : Current model size: 20778 parameters
2023-12-16 00:31:11,832 | [DEBUG] : Current training mode: increased
2023-12-16 00:31:11,833 | [INFO] : deepening layer 0/3: Conv2d(3, 64, kernel_size=(3, 3), stride=(1, 1))
2023-12-16 00:31:11,834 | [DEBUG] : Model size was changed to 57834 parameters
2023-12-16 00:31:11,834 | [DEBUG] : Learning rate is now 0.010000
2023-12-16 00:31:21,717 | [INFO] : New learning rate: 0.009000000000000001
2023-12-16 00:31:23,472 | [DEBUG] : Current model size: 57834 parameters
2023-12-16 00:31:23,472 | [DEBUG] : Current training mode: increased
2023-12-16 00:31:23,473 | [INFO] : deepening layer 2/3: Linear(in_features=32, out_features=10, bias=True)
2023-12-16 00:31:23,474 | [DEBUG] : Model size was changed to 57944 parameters
2023-12-16 00:31:23,474 | [DEBUG] : Learning rate is now 0.010000
2023-12-16 00:31:33,410 | [INFO] : New learning rate: 0.009000000000000001
2023-12-16 00:31:35,126 | [DEBUG] : Current model size: 57944 parameters
2023-12-16 00:31:35,126 | [DEBUG] : Current training mode: increased
2023-12-16 00:31:35,128 | [INFO] : deepening layer 1/3: Conv2d(64, 32, kernel_size=(3, 3), stride=(1, 1))
2023-12-16 00:31:35,128 | [DEBUG] : Model size was changed to 67256 parameters
2023-12-16 00:31:35,128 | [DEBUG] : Learning rate is now 0.010000
2023-12-16 00:31:45,135 | [INFO] : New learning rate: 0.009000000000000001
2023-12-16 00:31:46,856 | [DEBUG] : Current model size: 67256 parameters
2023-12-16 00:31:46,856 | [DEBUG] : Current training mode: increased
2023-12-16 00:31:46,856 | [INFO] : no layers were added
2023-12-16 00:31:46,856 | [DEBUG] : Model size was changed to 67256 parameters
2023-12-16 00:31:46,856 | [DEBUG] : Learning rate is now 0.010000
2023-12-16 00:31:57,050 | [INFO] : New learning rate: 0.009000000000000001
2023-12-16 00:31:58,771 | [DEBUG] : Current model size: 67256 parameters
2023-12-16 00:31:58,771 | [DEBUG] : Current training mode: increased
2023-12-16 00:31:58,772 | [INFO] : no layers were added
2023-12-16 00:31:58,772 | [DEBUG] : Model size was changed to 67256 parameters
2023-12-16 00:31:58,772 | [DEBUG] : Learning rate is now 0.010000
2023-12-16 00:32:08,927 | [INFO] : New learning rate: 0.009000000000000001
2023-12-16 00:32:10,646 | [DEBUG] : Current model size: 67256 parameters
2023-12-16 00:32:10,646 | [DEBUG] : Current training mode: increased
2023-12-16 00:32:10,646 | [INFO] : no layers were added
2023-12-16 00:32:10,647 | [DEBUG] : Model size was changed to 67256 parameters
2023-12-16 00:32:10,647 | [DEBUG] : Learning rate is now 0.010000
2023-12-16 00:32:20,809 | [INFO] : New learning rate: 0.009000000000000001
2023-12-16 00:32:22,535 | [DEBUG] : Current model size: 67256 parameters
2023-12-16 00:32:22,535 | [DEBUG] : Current training mode: increased
2023-12-16 00:32:22,535 | [INFO] : no layers were added
2023-12-16 00:32:22,535 | [DEBUG] : Model size was changed to 67256 parameters
2023-12-16 00:32:22,535 | [DEBUG] : Learning rate is now 0.010000
2023-12-16 00:32:22,548 | [INFO] : training has run out of time
2023-12-16 00:32:22,548 | [INFO] : training09 runtime (h:mm:ss): 0:01:11
2023-12-16 00:32:22,548 | [INFO] : training09 end time: 12/16/2023 12:32:22 AM
2023-12-16 00:32:22,548 | [INFO] : episode 10/64 finished, objective: None
