2023-12-16 00:21:44,329 | [INFO] : training01 start time: 12/16/2023 12:21:44 AM
2023-12-16 00:21:44,332 | [INFO] : Initialized model with weights: results/small_late3/weights.pth
2023-12-16 00:21:44,332 | [DEBUG] : Current model size: 20778 parameters
2023-12-16 00:21:44,332 | [DEBUG] : Current training mode: initial
2023-12-16 00:21:44,347 | [INFO] : GPU allocation changing : going up
2023-12-16 00:21:44,349 | [DEBUG] : Current model size: 20778 parameters
2023-12-16 00:21:44,349 | [DEBUG] : Current training mode: increased
2023-12-16 00:21:44,351 | [INFO] : deepening layer 0/3: Conv2d(3, 64, kernel_size=(3, 3), stride=(1, 1))
2023-12-16 00:21:44,352 | [DEBUG] : Model size was changed to 57834 parameters
2023-12-16 00:21:44,352 | [DEBUG] : Learning rate is now 0.010000
2023-12-16 00:21:54,313 | [INFO] : New learning rate: 0.009000000000000001
2023-12-16 00:21:56,024 | [DEBUG] : Current model size: 57834 parameters
2023-12-16 00:21:56,024 | [DEBUG] : Current training mode: increased
2023-12-16 00:21:56,026 | [INFO] : deepening layer 0/3: Conv2d(3, 64, kernel_size=(3, 3), stride=(1, 1))
2023-12-16 00:21:56,027 | [DEBUG] : Model size was changed to 94890 parameters
2023-12-16 00:21:56,027 | [DEBUG] : Learning rate is now 0.010000
2023-12-16 00:22:06,706 | [INFO] : New learning rate: 0.009000000000000001
2023-12-16 00:22:08,501 | [DEBUG] : Current model size: 94890 parameters
2023-12-16 00:22:08,501 | [DEBUG] : Current training mode: increased
2023-12-16 00:22:08,503 | [INFO] : deepening layer 1/3: Conv2d(64, 32, kernel_size=(3, 3), stride=(1, 1))
2023-12-16 00:22:08,503 | [DEBUG] : Model size was changed to 104202 parameters
2023-12-16 00:22:08,503 | [DEBUG] : Learning rate is now 0.010000
2023-12-16 00:22:19,376 | [INFO] : New learning rate: 0.009000000000000001
2023-12-16 00:22:21,244 | [DEBUG] : Current model size: 104202 parameters
2023-12-16 00:22:21,244 | [DEBUG] : Current training mode: increased
2023-12-16 00:22:21,244 | [INFO] : no layers were added
2023-12-16 00:22:21,245 | [DEBUG] : Model size was changed to 104202 parameters
2023-12-16 00:22:21,245 | [DEBUG] : Learning rate is now 0.010000
2023-12-16 00:22:32,242 | [INFO] : New learning rate: 0.009000000000000001
2023-12-16 00:22:34,063 | [DEBUG] : Current model size: 104202 parameters
2023-12-16 00:22:34,063 | [DEBUG] : Current training mode: increased
2023-12-16 00:22:34,063 | [INFO] : no layers were added
2023-12-16 00:22:34,064 | [DEBUG] : Model size was changed to 104202 parameters
2023-12-16 00:22:34,064 | [DEBUG] : Learning rate is now 0.010000
2023-12-16 00:22:44,881 | [INFO] : New learning rate: 0.009000000000000001
2023-12-16 00:22:46,695 | [DEBUG] : Current model size: 104202 parameters
2023-12-16 00:22:46,695 | [DEBUG] : Current training mode: increased
2023-12-16 00:22:46,695 | [INFO] : no layers were added
2023-12-16 00:22:46,695 | [DEBUG] : Model size was changed to 104202 parameters
2023-12-16 00:22:46,695 | [DEBUG] : Learning rate is now 0.010000
2023-12-16 00:22:54,339 | [INFO] : training has run out of time
2023-12-16 00:22:54,340 | [INFO] : training01 runtime (h:mm:ss): 0:01:11
2023-12-16 00:22:54,340 | [INFO] : training01 end time: 12/16/2023 12:22:54 AM
2023-12-16 00:22:54,340 | [INFO] : episode 2/64 finished, objective: None
