2023-12-16 00:59:35,865 | [INFO] : training33 start time: 12/16/2023 12:59:35 AM
2023-12-16 00:59:35,868 | [INFO] : Initialized model with weights: results/small_late3/weights.pth
2023-12-16 00:59:35,868 | [DEBUG] : Current model size: 20778 parameters
2023-12-16 00:59:35,868 | [DEBUG] : Current training mode: initial
2023-12-16 00:59:35,882 | [INFO] : GPU allocation changing : going up
2023-12-16 00:59:35,884 | [DEBUG] : Current model size: 20778 parameters
2023-12-16 00:59:35,884 | [DEBUG] : Current training mode: increased
2023-12-16 00:59:35,885 | [INFO] : deepening layer 2/3: Linear(in_features=32, out_features=10, bias=True)
2023-12-16 00:59:35,885 | [DEBUG] : Model size was changed to 20888 parameters
2023-12-16 00:59:35,885 | [DEBUG] : Learning rate is now 0.010000
2023-12-16 00:59:45,344 | [INFO] : New learning rate: 0.009000000000000001
2023-12-16 00:59:47,006 | [DEBUG] : Current model size: 20888 parameters
2023-12-16 00:59:47,006 | [DEBUG] : Current training mode: increased
2023-12-16 00:59:47,008 | [INFO] : deepening layer 0/3: Conv2d(3, 64, kernel_size=(3, 3), stride=(1, 1))
2023-12-16 00:59:47,008 | [DEBUG] : Model size was changed to 57944 parameters
2023-12-16 00:59:47,008 | [DEBUG] : Learning rate is now 0.010000
2023-12-16 00:59:56,843 | [INFO] : New learning rate: 0.009000000000000001
2023-12-16 00:59:58,549 | [DEBUG] : Current model size: 57944 parameters
2023-12-16 00:59:58,549 | [DEBUG] : Current training mode: increased
2023-12-16 00:59:58,551 | [INFO] : deepening layer 1/3: Conv2d(64, 32, kernel_size=(3, 3), stride=(1, 1))
2023-12-16 00:59:58,551 | [DEBUG] : Model size was changed to 67256 parameters
2023-12-16 00:59:58,551 | [DEBUG] : Learning rate is now 0.010000
2023-12-16 01:00:08,698 | [INFO] : New learning rate: 0.009000000000000001
2023-12-16 01:00:10,426 | [DEBUG] : Current model size: 67256 parameters
2023-12-16 01:00:10,426 | [DEBUG] : Current training mode: increased
2023-12-16 01:00:10,426 | [INFO] : no layers were added
2023-12-16 01:00:10,426 | [DEBUG] : Model size was changed to 67256 parameters
2023-12-16 01:00:10,427 | [DEBUG] : Learning rate is now 0.010000
2023-12-16 01:00:20,757 | [INFO] : New learning rate: 0.009000000000000001
2023-12-16 01:00:22,559 | [DEBUG] : Current model size: 67256 parameters
2023-12-16 01:00:22,559 | [DEBUG] : Current training mode: increased
2023-12-16 01:00:22,559 | [INFO] : no layers were added
2023-12-16 01:00:22,560 | [DEBUG] : Model size was changed to 67256 parameters
2023-12-16 01:00:22,560 | [DEBUG] : Learning rate is now 0.010000
2023-12-16 01:00:32,983 | [INFO] : New learning rate: 0.009000000000000001
2023-12-16 01:00:34,714 | [DEBUG] : Current model size: 67256 parameters
2023-12-16 01:00:34,714 | [DEBUG] : Current training mode: increased
2023-12-16 01:00:34,714 | [INFO] : no layers were added
2023-12-16 01:00:34,714 | [DEBUG] : Model size was changed to 67256 parameters
2023-12-16 01:00:34,714 | [DEBUG] : Learning rate is now 0.010000
2023-12-16 01:00:44,860 | [INFO] : New learning rate: 0.009000000000000001
2023-12-16 01:00:46,596 | [DEBUG] : Current model size: 67256 parameters
2023-12-16 01:00:46,596 | [DEBUG] : Current training mode: increased
2023-12-16 01:00:46,596 | [INFO] : no layers were added
2023-12-16 01:00:46,596 | [DEBUG] : Model size was changed to 67256 parameters
2023-12-16 01:00:46,596 | [DEBUG] : Learning rate is now 0.010000
2023-12-16 01:00:46,608 | [INFO] : training has run out of time
2023-12-16 01:00:46,609 | [INFO] : training33 runtime (h:mm:ss): 0:01:11
2023-12-16 01:00:46,609 | [INFO] : training33 end time: 12/16/2023 01:00:46 AM
2023-12-16 01:00:46,609 | [INFO] : episode 34/64 finished, objective: None
