2023-12-16 00:57:14,382 | [INFO] : training31 start time: 12/16/2023 12:57:14 AM
2023-12-16 00:57:14,385 | [INFO] : Initialized model with weights: results/small_late3/weights.pth
2023-12-16 00:57:14,385 | [DEBUG] : Current model size: 20778 parameters
2023-12-16 00:57:14,385 | [DEBUG] : Current training mode: initial
2023-12-16 00:57:14,399 | [INFO] : GPU allocation changing : going up
2023-12-16 00:57:14,401 | [DEBUG] : Current model size: 20778 parameters
2023-12-16 00:57:14,402 | [DEBUG] : Current training mode: increased
2023-12-16 00:57:14,404 | [INFO] : deepening layer 1/3: Conv2d(64, 32, kernel_size=(3, 3), stride=(1, 1))
2023-12-16 00:57:14,404 | [DEBUG] : Model size was changed to 30090 parameters
2023-12-16 00:57:14,404 | [DEBUG] : Learning rate is now 0.010000
2023-12-16 00:57:24,073 | [INFO] : New learning rate: 0.009000000000000001
2023-12-16 00:57:25,752 | [DEBUG] : Current model size: 30090 parameters
2023-12-16 00:57:25,752 | [DEBUG] : Current training mode: increased
2023-12-16 00:57:25,752 | [INFO] : no layers were added
2023-12-16 00:57:25,752 | [DEBUG] : Model size was changed to 30090 parameters
2023-12-16 00:57:25,752 | [DEBUG] : Learning rate is now 0.010000
2023-12-16 00:57:35,432 | [INFO] : New learning rate: 0.009000000000000001
2023-12-16 00:57:37,255 | [DEBUG] : Current model size: 30090 parameters
2023-12-16 00:57:37,255 | [DEBUG] : Current training mode: increased
2023-12-16 00:57:37,255 | [INFO] : no layers were added
2023-12-16 00:57:37,256 | [DEBUG] : Model size was changed to 30090 parameters
2023-12-16 00:57:37,256 | [DEBUG] : Learning rate is now 0.010000
2023-12-16 00:57:46,848 | [INFO] : New learning rate: 0.009000000000000001
2023-12-16 00:57:48,512 | [DEBUG] : Current model size: 30090 parameters
2023-12-16 00:57:48,512 | [DEBUG] : Current training mode: increased
2023-12-16 00:57:48,512 | [INFO] : no layers were added
2023-12-16 00:57:48,512 | [DEBUG] : Model size was changed to 30090 parameters
2023-12-16 00:57:48,513 | [DEBUG] : Learning rate is now 0.010000
2023-12-16 00:57:58,133 | [INFO] : New learning rate: 0.009000000000000001
2023-12-16 00:57:59,881 | [DEBUG] : Current model size: 30090 parameters
2023-12-16 00:57:59,881 | [DEBUG] : Current training mode: increased
2023-12-16 00:57:59,882 | [INFO] : no layers were added
2023-12-16 00:57:59,882 | [DEBUG] : Model size was changed to 30090 parameters
2023-12-16 00:57:59,882 | [DEBUG] : Learning rate is now 0.010000
2023-12-16 00:58:09,464 | [INFO] : New learning rate: 0.009000000000000001
2023-12-16 00:58:11,134 | [DEBUG] : Current model size: 30090 parameters
2023-12-16 00:58:11,134 | [DEBUG] : Current training mode: increased
2023-12-16 00:58:11,134 | [INFO] : no layers were added
2023-12-16 00:58:11,134 | [DEBUG] : Model size was changed to 30090 parameters
2023-12-16 00:58:11,134 | [DEBUG] : Learning rate is now 0.010000
2023-12-16 00:58:20,657 | [INFO] : New learning rate: 0.009000000000000001
2023-12-16 00:58:22,332 | [DEBUG] : Current model size: 30090 parameters
2023-12-16 00:58:22,332 | [DEBUG] : Current training mode: increased
2023-12-16 00:58:22,332 | [INFO] : no layers were added
2023-12-16 00:58:22,333 | [DEBUG] : Model size was changed to 30090 parameters
2023-12-16 00:58:22,333 | [DEBUG] : Learning rate is now 0.010000
2023-12-16 00:58:24,387 | [INFO] : training has run out of time
2023-12-16 00:58:24,388 | [INFO] : training31 runtime (h:mm:ss): 0:01:11
2023-12-16 00:58:24,388 | [INFO] : training31 end time: 12/16/2023 12:58:24 AM
2023-12-16 00:58:24,388 | [INFO] : episode 32/64 finished, objective: None
