2023-12-16 00:54:52,909 | [INFO] : training29 start time: 12/16/2023 12:54:52 AM
2023-12-16 00:54:52,914 | [INFO] : Initialized model with weights: results/small_late3/weights.pth
2023-12-16 00:54:52,914 | [DEBUG] : Current model size: 20778 parameters
2023-12-16 00:54:52,914 | [DEBUG] : Current training mode: initial
2023-12-16 00:54:52,929 | [INFO] : GPU allocation changing : going up
2023-12-16 00:54:52,932 | [DEBUG] : Current model size: 20778 parameters
2023-12-16 00:54:52,932 | [DEBUG] : Current training mode: increased
2023-12-16 00:54:52,933 | [INFO] : deepening layer 1/3: Conv2d(64, 32, kernel_size=(3, 3), stride=(1, 1))
2023-12-16 00:54:52,934 | [DEBUG] : Model size was changed to 30090 parameters
2023-12-16 00:54:52,934 | [DEBUG] : Learning rate is now 0.010000
2023-12-16 00:55:02,371 | [INFO] : New learning rate: 0.009000000000000001
2023-12-16 00:55:04,036 | [DEBUG] : Current model size: 30090 parameters
2023-12-16 00:55:04,036 | [DEBUG] : Current training mode: increased
2023-12-16 00:55:04,036 | [INFO] : no layers were added
2023-12-16 00:55:04,037 | [DEBUG] : Model size was changed to 30090 parameters
2023-12-16 00:55:04,037 | [DEBUG] : Learning rate is now 0.010000
2023-12-16 00:55:13,441 | [INFO] : New learning rate: 0.009000000000000001
2023-12-16 00:55:15,111 | [DEBUG] : Current model size: 30090 parameters
2023-12-16 00:55:15,111 | [DEBUG] : Current training mode: increased
2023-12-16 00:55:15,113 | [INFO] : deepening layer 1/3: Conv2d(64, 32, kernel_size=(3, 3), stride=(1, 1))
2023-12-16 00:55:15,113 | [DEBUG] : Model size was changed to 39402 parameters
2023-12-16 00:55:15,113 | [DEBUG] : Learning rate is now 0.010000
2023-12-16 00:55:24,851 | [INFO] : New learning rate: 0.009000000000000001
2023-12-16 00:55:26,542 | [DEBUG] : Current model size: 39402 parameters
2023-12-16 00:55:26,542 | [DEBUG] : Current training mode: increased
2023-12-16 00:55:26,542 | [INFO] : no layers were added
2023-12-16 00:55:26,542 | [DEBUG] : Model size was changed to 39402 parameters
2023-12-16 00:55:26,542 | [DEBUG] : Learning rate is now 0.010000
2023-12-16 00:55:36,278 | [INFO] : New learning rate: 0.009000000000000001
2023-12-16 00:55:37,992 | [DEBUG] : Current model size: 39402 parameters
2023-12-16 00:55:37,992 | [DEBUG] : Current training mode: increased
2023-12-16 00:55:37,992 | [INFO] : no layers were added
2023-12-16 00:55:37,993 | [DEBUG] : Model size was changed to 39402 parameters
2023-12-16 00:55:37,993 | [DEBUG] : Learning rate is now 0.010000
2023-12-16 00:55:47,790 | [INFO] : New learning rate: 0.009000000000000001
2023-12-16 00:55:49,487 | [DEBUG] : Current model size: 39402 parameters
2023-12-16 00:55:49,487 | [DEBUG] : Current training mode: increased
2023-12-16 00:55:49,488 | [INFO] : no layers were added
2023-12-16 00:55:49,488 | [DEBUG] : Model size was changed to 39402 parameters
2023-12-16 00:55:49,488 | [DEBUG] : Learning rate is now 0.010000
2023-12-16 00:55:59,259 | [INFO] : New learning rate: 0.009000000000000001
2023-12-16 00:56:00,949 | [DEBUG] : Current model size: 39402 parameters
2023-12-16 00:56:00,949 | [DEBUG] : Current training mode: increased
2023-12-16 00:56:00,949 | [INFO] : no layers were added
2023-12-16 00:56:00,950 | [DEBUG] : Model size was changed to 39402 parameters
2023-12-16 00:56:00,950 | [DEBUG] : Learning rate is now 0.010000
2023-12-16 00:56:02,921 | [INFO] : training has run out of time
2023-12-16 00:56:02,922 | [INFO] : training29 runtime (h:mm:ss): 0:01:11
2023-12-16 00:56:02,922 | [INFO] : training29 end time: 12/16/2023 12:56:02 AM
2023-12-16 00:56:02,922 | [INFO] : episode 30/64 finished, objective: None
