2023-12-16 00:30:01,047 | [INFO] : training08 start time: 12/16/2023 12:30:01 AM
2023-12-16 00:30:01,050 | [INFO] : Initialized model with weights: results/small_late3/weights.pth
2023-12-16 00:30:01,050 | [DEBUG] : Current model size: 20778 parameters
2023-12-16 00:30:01,050 | [DEBUG] : Current training mode: initial
2023-12-16 00:30:01,063 | [INFO] : GPU allocation changing : going up
2023-12-16 00:30:01,066 | [DEBUG] : Current model size: 20778 parameters
2023-12-16 00:30:01,066 | [DEBUG] : Current training mode: increased
2023-12-16 00:30:01,068 | [INFO] : deepening layer 0/3: Conv2d(3, 64, kernel_size=(3, 3), stride=(1, 1))
2023-12-16 00:30:01,068 | [DEBUG] : Model size was changed to 57834 parameters
2023-12-16 00:30:01,068 | [DEBUG] : Learning rate is now 0.010000
2023-12-16 00:30:10,855 | [INFO] : New learning rate: 0.009000000000000001
2023-12-16 00:30:12,566 | [DEBUG] : Current model size: 57834 parameters
2023-12-16 00:30:12,566 | [DEBUG] : Current training mode: increased
2023-12-16 00:30:12,567 | [INFO] : deepening layer 2/3: Linear(in_features=32, out_features=10, bias=True)
2023-12-16 00:30:12,567 | [DEBUG] : Model size was changed to 57944 parameters
2023-12-16 00:30:12,567 | [DEBUG] : Learning rate is now 0.010000
2023-12-16 00:30:22,446 | [INFO] : New learning rate: 0.009000000000000001
2023-12-16 00:30:24,168 | [DEBUG] : Current model size: 57944 parameters
2023-12-16 00:30:24,168 | [DEBUG] : Current training mode: increased
2023-12-16 00:30:24,170 | [INFO] : deepening layer 0/3: Conv2d(3, 64, kernel_size=(3, 3), stride=(1, 1))
2023-12-16 00:30:24,170 | [DEBUG] : Model size was changed to 95000 parameters
2023-12-16 00:30:24,170 | [DEBUG] : Learning rate is now 0.010000
2023-12-16 00:30:34,569 | [INFO] : New learning rate: 0.009000000000000001
2023-12-16 00:30:36,348 | [DEBUG] : Current model size: 95000 parameters
2023-12-16 00:30:36,348 | [DEBUG] : Current training mode: increased
2023-12-16 00:30:36,348 | [INFO] : no layers were added
2023-12-16 00:30:36,349 | [DEBUG] : Model size was changed to 95000 parameters
2023-12-16 00:30:36,349 | [DEBUG] : Learning rate is now 0.010000
2023-12-16 00:30:46,810 | [INFO] : New learning rate: 0.009000000000000001
2023-12-16 00:30:48,665 | [DEBUG] : Current model size: 95000 parameters
2023-12-16 00:30:48,665 | [DEBUG] : Current training mode: increased
2023-12-16 00:30:48,665 | [INFO] : no layers were added
2023-12-16 00:30:48,665 | [DEBUG] : Model size was changed to 95000 parameters
2023-12-16 00:30:48,665 | [DEBUG] : Learning rate is now 0.010000
2023-12-16 00:30:58,938 | [INFO] : New learning rate: 0.009000000000000001
2023-12-16 00:31:00,703 | [DEBUG] : Current model size: 95000 parameters
2023-12-16 00:31:00,703 | [DEBUG] : Current training mode: increased
2023-12-16 00:31:00,703 | [INFO] : no layers were added
2023-12-16 00:31:00,704 | [DEBUG] : Model size was changed to 95000 parameters
2023-12-16 00:31:00,704 | [DEBUG] : Learning rate is now 0.010000
2023-12-16 00:31:11,053 | [INFO] : training has run out of time
2023-12-16 00:31:11,055 | [INFO] : training08 runtime (h:mm:ss): 0:01:11
2023-12-16 00:31:11,055 | [INFO] : training08 end time: 12/16/2023 12:31:11 AM
2023-12-16 00:31:11,055 | [INFO] : episode 9/64 finished, objective: None
