2023-12-16 01:00:47,333 | [INFO] : training34 start time: 12/16/2023 01:00:47 AM
2023-12-16 01:00:47,336 | [INFO] : Initialized model with weights: results/small_late3/weights.pth
2023-12-16 01:00:47,336 | [DEBUG] : Current model size: 20778 parameters
2023-12-16 01:00:47,336 | [DEBUG] : Current training mode: initial
2023-12-16 01:00:47,349 | [INFO] : GPU allocation changing : going up
2023-12-16 01:00:47,351 | [DEBUG] : Current model size: 20778 parameters
2023-12-16 01:00:47,351 | [DEBUG] : Current training mode: increased
2023-12-16 01:00:47,352 | [INFO] : deepening layer 2/3: Linear(in_features=32, out_features=10, bias=True)
2023-12-16 01:00:47,353 | [DEBUG] : Model size was changed to 20888 parameters
2023-12-16 01:00:47,353 | [DEBUG] : Learning rate is now 0.010000
2023-12-16 01:00:56,736 | [INFO] : New learning rate: 0.009000000000000001
2023-12-16 01:00:58,386 | [DEBUG] : Current model size: 20888 parameters
2023-12-16 01:00:58,386 | [DEBUG] : Current training mode: increased
2023-12-16 01:00:58,387 | [INFO] : deepening layer 0/3: Conv2d(3, 64, kernel_size=(3, 3), stride=(1, 1))
2023-12-16 01:00:58,388 | [DEBUG] : Model size was changed to 57944 parameters
2023-12-16 01:00:58,388 | [DEBUG] : Learning rate is now 0.010000
2023-12-16 01:01:08,240 | [INFO] : New learning rate: 0.009000000000000001
2023-12-16 01:01:09,987 | [DEBUG] : Current model size: 57944 parameters
2023-12-16 01:01:09,987 | [DEBUG] : Current training mode: increased
2023-12-16 01:01:09,988 | [INFO] : deepening layer 2/3: Linear(in_features=32, out_features=10, bias=True)
2023-12-16 01:01:09,989 | [DEBUG] : Model size was changed to 58054 parameters
2023-12-16 01:01:09,989 | [DEBUG] : Learning rate is now 0.010000
2023-12-16 01:01:19,842 | [INFO] : New learning rate: 0.009000000000000001
2023-12-16 01:01:21,535 | [DEBUG] : Current model size: 58054 parameters
2023-12-16 01:01:21,535 | [DEBUG] : Current training mode: increased
2023-12-16 01:01:21,536 | [INFO] : no layers were added
2023-12-16 01:01:21,536 | [DEBUG] : Model size was changed to 58054 parameters
2023-12-16 01:01:21,536 | [DEBUG] : Learning rate is now 0.010000
2023-12-16 01:01:31,380 | [INFO] : New learning rate: 0.009000000000000001
2023-12-16 01:01:33,141 | [DEBUG] : Current model size: 58054 parameters
2023-12-16 01:01:33,141 | [DEBUG] : Current training mode: increased
2023-12-16 01:01:33,141 | [INFO] : no layers were added
2023-12-16 01:01:33,142 | [DEBUG] : Model size was changed to 58054 parameters
2023-12-16 01:01:33,142 | [DEBUG] : Learning rate is now 0.010000
2023-12-16 01:01:42,955 | [INFO] : New learning rate: 0.009000000000000001
2023-12-16 01:01:44,678 | [DEBUG] : Current model size: 58054 parameters
2023-12-16 01:01:44,678 | [DEBUG] : Current training mode: increased
2023-12-16 01:01:44,678 | [INFO] : no layers were added
2023-12-16 01:01:44,678 | [DEBUG] : Model size was changed to 58054 parameters
2023-12-16 01:01:44,678 | [DEBUG] : Learning rate is now 0.010000
2023-12-16 01:01:54,663 | [INFO] : New learning rate: 0.009000000000000001
2023-12-16 01:01:56,394 | [DEBUG] : Current model size: 58054 parameters
2023-12-16 01:01:56,395 | [DEBUG] : Current training mode: increased
2023-12-16 01:01:56,395 | [INFO] : no layers were added
2023-12-16 01:01:56,395 | [DEBUG] : Model size was changed to 58054 parameters
2023-12-16 01:01:56,395 | [DEBUG] : Learning rate is now 0.010000
2023-12-16 01:01:57,344 | [INFO] : training has run out of time
2023-12-16 01:01:57,345 | [INFO] : training34 runtime (h:mm:ss): 0:01:11
2023-12-16 01:01:57,345 | [INFO] : training34 end time: 12/16/2023 01:01:57 AM
2023-12-16 01:01:57,345 | [INFO] : episode 35/64 finished, objective: None
