2023-12-16 01:17:17,704 | [INFO] : training48 start time: 12/16/2023 01:17:17 AM
2023-12-16 01:17:17,707 | [INFO] : Initialized model with weights: results/small_late3/weights.pth
2023-12-16 01:17:17,707 | [DEBUG] : Current model size: 20778 parameters
2023-12-16 01:17:17,707 | [DEBUG] : Current training mode: initial
2023-12-16 01:17:17,720 | [INFO] : GPU allocation changing : going up
2023-12-16 01:17:17,722 | [DEBUG] : Current model size: 20778 parameters
2023-12-16 01:17:17,722 | [DEBUG] : Current training mode: increased
2023-12-16 01:17:17,722 | [INFO] : no layers were added
2023-12-16 01:17:17,722 | [DEBUG] : Model size was changed to 20778 parameters
2023-12-16 01:17:17,722 | [DEBUG] : Learning rate is now 0.010000
2023-12-16 01:17:26,831 | [INFO] : New learning rate: 0.009000000000000001
2023-12-16 01:17:28,470 | [DEBUG] : Current model size: 20778 parameters
2023-12-16 01:17:28,470 | [DEBUG] : Current training mode: increased
2023-12-16 01:17:28,472 | [INFO] : deepening layer 0/3: Conv2d(3, 64, kernel_size=(3, 3), stride=(1, 1))
2023-12-16 01:17:28,472 | [DEBUG] : Model size was changed to 57834 parameters
2023-12-16 01:17:28,472 | [DEBUG] : Learning rate is now 0.010000
2023-12-16 01:17:38,336 | [INFO] : New learning rate: 0.009000000000000001
2023-12-16 01:17:40,076 | [DEBUG] : Current model size: 57834 parameters
2023-12-16 01:17:40,076 | [DEBUG] : Current training mode: increased
2023-12-16 01:17:40,078 | [INFO] : deepening layer 0/3: Conv2d(3, 64, kernel_size=(3, 3), stride=(1, 1))
2023-12-16 01:17:40,078 | [DEBUG] : Model size was changed to 94890 parameters
2023-12-16 01:17:40,078 | [DEBUG] : Learning rate is now 0.010000
2023-12-16 01:17:50,515 | [INFO] : New learning rate: 0.009000000000000001
2023-12-16 01:17:52,297 | [DEBUG] : Current model size: 94890 parameters
2023-12-16 01:17:52,297 | [DEBUG] : Current training mode: increased
2023-12-16 01:17:52,297 | [INFO] : no layers were added
2023-12-16 01:17:52,298 | [DEBUG] : Model size was changed to 94890 parameters
2023-12-16 01:17:52,298 | [DEBUG] : Learning rate is now 0.010000
2023-12-16 01:18:02,830 | [INFO] : New learning rate: 0.009000000000000001
2023-12-16 01:18:04,612 | [DEBUG] : Current model size: 94890 parameters
2023-12-16 01:18:04,612 | [DEBUG] : Current training mode: increased
2023-12-16 01:18:04,612 | [INFO] : no layers were added
2023-12-16 01:18:04,613 | [DEBUG] : Model size was changed to 94890 parameters
2023-12-16 01:18:04,613 | [DEBUG] : Learning rate is now 0.010000
2023-12-16 01:18:14,974 | [INFO] : New learning rate: 0.009000000000000001
2023-12-16 01:18:16,767 | [DEBUG] : Current model size: 94890 parameters
2023-12-16 01:18:16,768 | [DEBUG] : Current training mode: increased
2023-12-16 01:18:16,768 | [INFO] : no layers were added
2023-12-16 01:18:16,768 | [DEBUG] : Model size was changed to 94890 parameters
2023-12-16 01:18:16,768 | [DEBUG] : Learning rate is now 0.010000
2023-12-16 01:18:27,046 | [INFO] : New learning rate: 0.009000000000000001
2023-12-16 01:18:28,899 | [DEBUG] : Current model size: 94890 parameters
2023-12-16 01:18:28,899 | [DEBUG] : Current training mode: increased
2023-12-16 01:18:28,899 | [INFO] : no layers were added
2023-12-16 01:18:28,900 | [DEBUG] : Model size was changed to 94890 parameters
2023-12-16 01:18:28,900 | [DEBUG] : Learning rate is now 0.010000
2023-12-16 01:18:28,914 | [INFO] : training has run out of time
2023-12-16 01:18:28,914 | [INFO] : training48 runtime (h:mm:ss): 0:01:12
2023-12-16 01:18:28,914 | [INFO] : training48 end time: 12/16/2023 01:18:28 AM
2023-12-16 01:18:28,914 | [INFO] : episode 49/64 finished, objective: None
