2023-12-16 00:47:47,319 | [INFO] : training23 start time: 12/16/2023 12:47:47 AM
2023-12-16 00:47:47,322 | [INFO] : Initialized model with weights: results/small_late3/weights.pth
2023-12-16 00:47:47,322 | [DEBUG] : Current model size: 20778 parameters
2023-12-16 00:47:47,322 | [DEBUG] : Current training mode: initial
2023-12-16 00:47:47,336 | [INFO] : GPU allocation changing : going up
2023-12-16 00:47:47,338 | [DEBUG] : Current model size: 20778 parameters
2023-12-16 00:47:47,338 | [DEBUG] : Current training mode: increased
2023-12-16 00:47:47,339 | [INFO] : deepening layer 1/3: Conv2d(64, 32, kernel_size=(3, 3), stride=(1, 1))
2023-12-16 00:47:47,339 | [DEBUG] : Model size was changed to 30090 parameters
2023-12-16 00:47:47,339 | [DEBUG] : Learning rate is now 0.010000
2023-12-16 00:47:57,010 | [INFO] : New learning rate: 0.009000000000000001
2023-12-16 00:47:58,747 | [DEBUG] : Current model size: 30090 parameters
2023-12-16 00:47:58,747 | [DEBUG] : Current training mode: increased
2023-12-16 00:47:58,748 | [INFO] : deepening layer 1/3: Conv2d(64, 32, kernel_size=(3, 3), stride=(1, 1))
2023-12-16 00:47:58,749 | [DEBUG] : Model size was changed to 39402 parameters
2023-12-16 00:47:58,749 | [DEBUG] : Learning rate is now 0.010000
2023-12-16 00:48:08,769 | [INFO] : New learning rate: 0.009000000000000001
2023-12-16 00:48:10,460 | [DEBUG] : Current model size: 39402 parameters
2023-12-16 00:48:10,460 | [DEBUG] : Current training mode: increased
2023-12-16 00:48:10,460 | [INFO] : no layers were added
2023-12-16 00:48:10,460 | [DEBUG] : Model size was changed to 39402 parameters
2023-12-16 00:48:10,460 | [DEBUG] : Learning rate is now 0.010000
2023-12-16 00:48:20,305 | [INFO] : New learning rate: 0.009000000000000001
2023-12-16 00:48:22,010 | [DEBUG] : Current model size: 39402 parameters
2023-12-16 00:48:22,010 | [DEBUG] : Current training mode: increased
2023-12-16 00:48:22,010 | [INFO] : no layers were added
2023-12-16 00:48:22,010 | [DEBUG] : Model size was changed to 39402 parameters
2023-12-16 00:48:22,010 | [DEBUG] : Learning rate is now 0.010000
2023-12-16 00:48:31,895 | [INFO] : New learning rate: 0.009000000000000001
2023-12-16 00:48:33,589 | [DEBUG] : Current model size: 39402 parameters
2023-12-16 00:48:33,589 | [DEBUG] : Current training mode: increased
2023-12-16 00:48:33,589 | [INFO] : no layers were added
2023-12-16 00:48:33,589 | [DEBUG] : Model size was changed to 39402 parameters
2023-12-16 00:48:33,589 | [DEBUG] : Learning rate is now 0.010000
2023-12-16 00:48:43,461 | [INFO] : New learning rate: 0.009000000000000001
2023-12-16 00:48:45,154 | [DEBUG] : Current model size: 39402 parameters
2023-12-16 00:48:45,154 | [DEBUG] : Current training mode: increased
2023-12-16 00:48:45,154 | [INFO] : no layers were added
2023-12-16 00:48:45,154 | [DEBUG] : Model size was changed to 39402 parameters
2023-12-16 00:48:45,154 | [DEBUG] : Learning rate is now 0.010000
2023-12-16 00:48:54,975 | [INFO] : New learning rate: 0.009000000000000001
2023-12-16 00:48:56,663 | [DEBUG] : Current model size: 39402 parameters
2023-12-16 00:48:56,663 | [DEBUG] : Current training mode: increased
2023-12-16 00:48:56,664 | [INFO] : no layers were added
2023-12-16 00:48:56,664 | [DEBUG] : Model size was changed to 39402 parameters
2023-12-16 00:48:56,664 | [DEBUG] : Learning rate is now 0.010000
2023-12-16 00:48:57,325 | [INFO] : training has run out of time
2023-12-16 00:48:57,326 | [INFO] : training23 runtime (h:mm:ss): 0:01:11
2023-12-16 00:48:57,326 | [INFO] : training23 end time: 12/16/2023 12:48:57 AM
2023-12-16 00:48:57,326 | [INFO] : episode 24/64 finished, objective: None
