2023-12-16 01:20:51,111 | [INFO] : training51 start time: 12/16/2023 01:20:51 AM
2023-12-16 01:20:51,114 | [INFO] : Initialized model with weights: results/small_late3/weights.pth
2023-12-16 01:20:51,114 | [DEBUG] : Current model size: 20778 parameters
2023-12-16 01:20:51,114 | [DEBUG] : Current training mode: initial
2023-12-16 01:20:51,127 | [INFO] : GPU allocation changing : going up
2023-12-16 01:20:51,130 | [DEBUG] : Current model size: 20778 parameters
2023-12-16 01:20:51,130 | [DEBUG] : Current training mode: increased
2023-12-16 01:20:51,130 | [INFO] : no layers were added
2023-12-16 01:20:51,130 | [DEBUG] : Model size was changed to 20778 parameters
2023-12-16 01:20:51,130 | [DEBUG] : Learning rate is now 0.010000
2023-12-16 01:21:00,602 | [INFO] : New learning rate: 0.009000000000000001
2023-12-16 01:21:02,327 | [DEBUG] : Current model size: 20778 parameters
2023-12-16 01:21:02,327 | [DEBUG] : Current training mode: increased
2023-12-16 01:21:02,329 | [INFO] : deepening layer 0/3: Conv2d(3, 64, kernel_size=(3, 3), stride=(1, 1))
2023-12-16 01:21:02,330 | [DEBUG] : Model size was changed to 57834 parameters
2023-12-16 01:21:02,330 | [DEBUG] : Learning rate is now 0.010000
2023-12-16 01:21:12,441 | [INFO] : New learning rate: 0.009000000000000001
2023-12-16 01:21:14,159 | [DEBUG] : Current model size: 57834 parameters
2023-12-16 01:21:14,159 | [DEBUG] : Current training mode: increased
2023-12-16 01:21:14,159 | [INFO] : no layers were added
2023-12-16 01:21:14,160 | [DEBUG] : Model size was changed to 57834 parameters
2023-12-16 01:21:14,160 | [DEBUG] : Learning rate is now 0.010000
2023-12-16 01:21:24,415 | [INFO] : New learning rate: 0.009000000000000001
2023-12-16 01:21:26,212 | [DEBUG] : Current model size: 57834 parameters
2023-12-16 01:21:26,213 | [DEBUG] : Current training mode: increased
2023-12-16 01:21:26,213 | [INFO] : no layers were added
2023-12-16 01:21:26,213 | [DEBUG] : Model size was changed to 57834 parameters
2023-12-16 01:21:26,213 | [DEBUG] : Learning rate is now 0.010000
2023-12-16 01:21:36,089 | [INFO] : New learning rate: 0.009000000000000001
2023-12-16 01:21:37,871 | [DEBUG] : Current model size: 57834 parameters
2023-12-16 01:21:37,871 | [DEBUG] : Current training mode: increased
2023-12-16 01:21:37,872 | [INFO] : no layers were added
2023-12-16 01:21:37,872 | [DEBUG] : Model size was changed to 57834 parameters
2023-12-16 01:21:37,872 | [DEBUG] : Learning rate is now 0.010000
2023-12-16 01:21:47,540 | [INFO] : New learning rate: 0.009000000000000001
2023-12-16 01:21:49,249 | [DEBUG] : Current model size: 57834 parameters
2023-12-16 01:21:49,249 | [DEBUG] : Current training mode: increased
2023-12-16 01:21:49,249 | [INFO] : no layers were added
2023-12-16 01:21:49,250 | [DEBUG] : Model size was changed to 57834 parameters
2023-12-16 01:21:49,250 | [DEBUG] : Learning rate is now 0.010000
2023-12-16 01:21:59,066 | [INFO] : New learning rate: 0.009000000000000001
2023-12-16 01:22:00,822 | [DEBUG] : Current model size: 57834 parameters
2023-12-16 01:22:00,822 | [DEBUG] : Current training mode: increased
2023-12-16 01:22:00,822 | [INFO] : no layers were added
2023-12-16 01:22:00,822 | [DEBUG] : Model size was changed to 57834 parameters
2023-12-16 01:22:00,823 | [DEBUG] : Learning rate is now 0.010000
2023-12-16 01:22:01,121 | [INFO] : training has run out of time
2023-12-16 01:22:01,122 | [INFO] : training51 runtime (h:mm:ss): 0:01:11
2023-12-16 01:22:01,122 | [INFO] : training51 end time: 12/16/2023 01:22:01 AM
2023-12-16 01:22:01,122 | [INFO] : episode 52/64 finished, objective: None
