2023-12-16 00:22:55,071 | [INFO] : training02 start time: 12/16/2023 12:22:55 AM
2023-12-16 00:22:55,074 | [INFO] : Initialized model with weights: results/small_late3/weights.pth
2023-12-16 00:22:55,074 | [DEBUG] : Current model size: 20778 parameters
2023-12-16 00:22:55,074 | [DEBUG] : Current training mode: initial
2023-12-16 00:22:55,088 | [INFO] : GPU allocation changing : going up
2023-12-16 00:22:55,091 | [DEBUG] : Current model size: 20778 parameters
2023-12-16 00:22:55,091 | [DEBUG] : Current training mode: increased
2023-12-16 00:22:55,092 | [INFO] : deepening layer 0/3: Conv2d(3, 64, kernel_size=(3, 3), stride=(1, 1))
2023-12-16 00:22:55,092 | [DEBUG] : Model size was changed to 57834 parameters
2023-12-16 00:22:55,092 | [DEBUG] : Learning rate is now 0.010000
2023-12-16 00:23:04,969 | [INFO] : New learning rate: 0.009000000000000001
2023-12-16 00:23:06,692 | [DEBUG] : Current model size: 57834 parameters
2023-12-16 00:23:06,692 | [DEBUG] : Current training mode: increased
2023-12-16 00:23:06,694 | [INFO] : deepening layer 0/3: Conv2d(3, 64, kernel_size=(3, 3), stride=(1, 1))
2023-12-16 00:23:06,694 | [DEBUG] : Model size was changed to 94890 parameters
2023-12-16 00:23:06,694 | [DEBUG] : Learning rate is now 0.010000
2023-12-16 00:23:17,102 | [INFO] : New learning rate: 0.009000000000000001
2023-12-16 00:23:18,859 | [DEBUG] : Current model size: 94890 parameters
2023-12-16 00:23:18,859 | [DEBUG] : Current training mode: increased
2023-12-16 00:23:20,049 | [INFO] : deepening layer 2/3: Linear(in_features=32, out_features=10, bias=True)
2023-12-16 00:23:20,049 | [DEBUG] : Model size was changed to 95000 parameters
2023-12-16 00:23:20,049 | [DEBUG] : Learning rate is now 0.010000
2023-12-16 00:23:30,596 | [INFO] : New learning rate: 0.009000000000000001
2023-12-16 00:23:32,377 | [DEBUG] : Current model size: 95000 parameters
2023-12-16 00:23:32,377 | [DEBUG] : Current training mode: increased
2023-12-16 00:23:32,377 | [INFO] : no layers were added
2023-12-16 00:23:32,378 | [DEBUG] : Model size was changed to 95000 parameters
2023-12-16 00:23:32,378 | [DEBUG] : Learning rate is now 0.010000
2023-12-16 00:23:42,872 | [INFO] : New learning rate: 0.009000000000000001
2023-12-16 00:23:44,651 | [DEBUG] : Current model size: 95000 parameters
2023-12-16 00:23:44,651 | [DEBUG] : Current training mode: increased
2023-12-16 00:23:44,652 | [INFO] : no layers were added
2023-12-16 00:23:44,652 | [DEBUG] : Model size was changed to 95000 parameters
2023-12-16 00:23:44,652 | [DEBUG] : Learning rate is now 0.010000
2023-12-16 00:23:55,205 | [INFO] : New learning rate: 0.009000000000000001
2023-12-16 00:23:56,986 | [DEBUG] : Current model size: 95000 parameters
2023-12-16 00:23:56,987 | [DEBUG] : Current training mode: increased
2023-12-16 00:23:56,987 | [INFO] : no layers were added
2023-12-16 00:23:56,987 | [DEBUG] : Model size was changed to 95000 parameters
2023-12-16 00:23:56,987 | [DEBUG] : Learning rate is now 0.010000
2023-12-16 00:24:05,079 | [INFO] : training has run out of time
2023-12-16 00:24:05,080 | [INFO] : training02 runtime (h:mm:ss): 0:01:11
2023-12-16 00:24:05,080 | [INFO] : training02 end time: 12/16/2023 12:24:05 AM
2023-12-16 00:24:05,080 | [INFO] : episode 3/64 finished, objective: None
