2023-12-16 01:05:30,292 | [INFO] : training38 start time: 12/16/2023 01:05:30 AM
2023-12-16 01:05:30,295 | [INFO] : Initialized model with weights: results/small_late3/weights.pth
2023-12-16 01:05:30,295 | [DEBUG] : Current model size: 20778 parameters
2023-12-16 01:05:30,295 | [DEBUG] : Current training mode: initial
2023-12-16 01:05:30,308 | [INFO] : GPU allocation changing : going up
2023-12-16 01:05:30,311 | [DEBUG] : Current model size: 20778 parameters
2023-12-16 01:05:30,311 | [DEBUG] : Current training mode: increased
2023-12-16 01:05:30,311 | [INFO] : deepening layer 2/3: Linear(in_features=32, out_features=10, bias=True)
2023-12-16 01:05:30,312 | [DEBUG] : Model size was changed to 20888 parameters
2023-12-16 01:05:30,312 | [DEBUG] : Learning rate is now 0.010000
2023-12-16 01:05:39,794 | [INFO] : New learning rate: 0.009000000000000001
2023-12-16 01:05:41,492 | [DEBUG] : Current model size: 20888 parameters
2023-12-16 01:05:41,492 | [DEBUG] : Current training mode: increased
2023-12-16 01:05:41,493 | [INFO] : deepening layer 1/3: Conv2d(64, 32, kernel_size=(3, 3), stride=(1, 1))
2023-12-16 01:05:41,494 | [DEBUG] : Model size was changed to 30200 parameters
2023-12-16 01:05:41,494 | [DEBUG] : Learning rate is now 0.010000
2023-12-16 01:05:51,144 | [INFO] : New learning rate: 0.009000000000000001
2023-12-16 01:05:52,886 | [DEBUG] : Current model size: 30200 parameters
2023-12-16 01:05:52,886 | [DEBUG] : Current training mode: increased
2023-12-16 01:05:52,887 | [INFO] : deepening layer 2/3: Linear(in_features=32, out_features=10, bias=True)
2023-12-16 01:05:52,888 | [DEBUG] : Model size was changed to 30310 parameters
2023-12-16 01:05:52,888 | [DEBUG] : Learning rate is now 0.010000
2023-12-16 01:06:02,624 | [INFO] : New learning rate: 0.009000000000000001
2023-12-16 01:06:04,311 | [DEBUG] : Current model size: 30310 parameters
2023-12-16 01:06:04,311 | [DEBUG] : Current training mode: increased
2023-12-16 01:06:04,311 | [INFO] : no layers were added
2023-12-16 01:06:04,312 | [DEBUG] : Model size was changed to 30310 parameters
2023-12-16 01:06:04,312 | [DEBUG] : Learning rate is now 0.010000
2023-12-16 01:06:13,922 | [INFO] : New learning rate: 0.009000000000000001
2023-12-16 01:06:15,611 | [DEBUG] : Current model size: 30310 parameters
2023-12-16 01:06:15,611 | [DEBUG] : Current training mode: increased
2023-12-16 01:06:15,611 | [INFO] : no layers were added
2023-12-16 01:06:15,612 | [DEBUG] : Model size was changed to 30310 parameters
2023-12-16 01:06:15,612 | [DEBUG] : Learning rate is now 0.010000
2023-12-16 01:06:25,282 | [INFO] : New learning rate: 0.009000000000000001
2023-12-16 01:06:26,978 | [DEBUG] : Current model size: 30310 parameters
2023-12-16 01:06:26,979 | [DEBUG] : Current training mode: increased
2023-12-16 01:06:26,979 | [INFO] : no layers were added
2023-12-16 01:06:26,979 | [DEBUG] : Model size was changed to 30310 parameters
2023-12-16 01:06:26,979 | [DEBUG] : Learning rate is now 0.010000
2023-12-16 01:06:36,660 | [INFO] : New learning rate: 0.009000000000000001
2023-12-16 01:06:38,394 | [DEBUG] : Current model size: 30310 parameters
2023-12-16 01:06:38,394 | [DEBUG] : Current training mode: increased
2023-12-16 01:06:38,394 | [INFO] : no layers were added
2023-12-16 01:06:38,395 | [DEBUG] : Model size was changed to 30310 parameters
2023-12-16 01:06:38,395 | [DEBUG] : Learning rate is now 0.010000
2023-12-16 01:06:40,301 | [INFO] : training has run out of time
2023-12-16 01:06:40,302 | [INFO] : training38 runtime (h:mm:ss): 0:01:11
2023-12-16 01:06:40,302 | [INFO] : training38 end time: 12/16/2023 01:06:40 AM
2023-12-16 01:06:40,302 | [INFO] : episode 39/64 finished, objective: None
