2023-12-16 01:04:19,555 | [INFO] : training37 start time: 12/16/2023 01:04:19 AM
2023-12-16 01:04:19,558 | [INFO] : Initialized model with weights: results/small_late3/weights.pth
2023-12-16 01:04:19,558 | [DEBUG] : Current model size: 20778 parameters
2023-12-16 01:04:19,558 | [DEBUG] : Current training mode: initial
2023-12-16 01:04:19,572 | [INFO] : GPU allocation changing : going up
2023-12-16 01:04:19,574 | [DEBUG] : Current model size: 20778 parameters
2023-12-16 01:04:19,574 | [DEBUG] : Current training mode: increased
2023-12-16 01:04:19,575 | [INFO] : deepening layer 2/3: Linear(in_features=32, out_features=10, bias=True)
2023-12-16 01:04:19,575 | [DEBUG] : Model size was changed to 20888 parameters
2023-12-16 01:04:19,575 | [DEBUG] : Learning rate is now 0.010000
2023-12-16 01:04:28,808 | [INFO] : New learning rate: 0.009000000000000001
2023-12-16 01:04:30,497 | [DEBUG] : Current model size: 20888 parameters
2023-12-16 01:04:30,497 | [DEBUG] : Current training mode: increased
2023-12-16 01:04:30,499 | [INFO] : deepening layer 1/3: Conv2d(64, 32, kernel_size=(3, 3), stride=(1, 1))
2023-12-16 01:04:30,499 | [DEBUG] : Model size was changed to 30200 parameters
2023-12-16 01:04:30,500 | [DEBUG] : Learning rate is now 0.010000
2023-12-16 01:04:40,085 | [INFO] : New learning rate: 0.009000000000000001
2023-12-16 01:04:41,756 | [DEBUG] : Current model size: 30200 parameters
2023-12-16 01:04:41,756 | [DEBUG] : Current training mode: increased
2023-12-16 01:04:41,757 | [INFO] : deepening layer 1/3: Conv2d(64, 32, kernel_size=(3, 3), stride=(1, 1))
2023-12-16 01:04:41,758 | [DEBUG] : Model size was changed to 39512 parameters
2023-12-16 01:04:41,758 | [DEBUG] : Learning rate is now 0.010000
2023-12-16 01:04:51,658 | [INFO] : New learning rate: 0.009000000000000001
2023-12-16 01:04:53,343 | [DEBUG] : Current model size: 39512 parameters
2023-12-16 01:04:53,343 | [DEBUG] : Current training mode: increased
2023-12-16 01:04:53,343 | [INFO] : no layers were added
2023-12-16 01:04:53,343 | [DEBUG] : Model size was changed to 39512 parameters
2023-12-16 01:04:53,343 | [DEBUG] : Learning rate is now 0.010000
2023-12-16 01:05:03,226 | [INFO] : New learning rate: 0.009000000000000001
2023-12-16 01:05:04,933 | [DEBUG] : Current model size: 39512 parameters
2023-12-16 01:05:04,933 | [DEBUG] : Current training mode: increased
2023-12-16 01:05:04,933 | [INFO] : no layers were added
2023-12-16 01:05:04,934 | [DEBUG] : Model size was changed to 39512 parameters
2023-12-16 01:05:04,934 | [DEBUG] : Learning rate is now 0.010000
2023-12-16 01:05:15,073 | [INFO] : New learning rate: 0.009000000000000001
2023-12-16 01:05:16,795 | [DEBUG] : Current model size: 39512 parameters
2023-12-16 01:05:16,795 | [DEBUG] : Current training mode: increased
2023-12-16 01:05:16,795 | [INFO] : no layers were added
2023-12-16 01:05:16,795 | [DEBUG] : Model size was changed to 39512 parameters
2023-12-16 01:05:16,795 | [DEBUG] : Learning rate is now 0.010000
2023-12-16 01:05:26,877 | [INFO] : New learning rate: 0.009000000000000001
2023-12-16 01:05:28,576 | [DEBUG] : Current model size: 39512 parameters
2023-12-16 01:05:28,576 | [DEBUG] : Current training mode: increased
2023-12-16 01:05:28,576 | [INFO] : no layers were added
2023-12-16 01:05:28,577 | [DEBUG] : Model size was changed to 39512 parameters
2023-12-16 01:05:28,577 | [DEBUG] : Learning rate is now 0.010000
2023-12-16 01:05:29,571 | [INFO] : training has run out of time
2023-12-16 01:05:29,572 | [INFO] : training37 runtime (h:mm:ss): 0:01:11
2023-12-16 01:05:29,572 | [INFO] : training37 end time: 12/16/2023 01:05:29 AM
2023-12-16 01:05:29,572 | [INFO] : episode 38/64 finished, objective: None
