2023-12-16 00:50:09,542 | [INFO] : training25 start time: 12/16/2023 12:50:09 AM
2023-12-16 00:50:09,545 | [INFO] : Initialized model with weights: results/small_late3/weights.pth
2023-12-16 00:50:09,545 | [DEBUG] : Current model size: 20778 parameters
2023-12-16 00:50:09,545 | [DEBUG] : Current training mode: initial
2023-12-16 00:50:09,560 | [INFO] : GPU allocation changing : going up
2023-12-16 00:50:09,562 | [DEBUG] : Current model size: 20778 parameters
2023-12-16 00:50:09,562 | [DEBUG] : Current training mode: increased
2023-12-16 00:50:09,563 | [INFO] : deepening layer 1/3: Conv2d(64, 32, kernel_size=(3, 3), stride=(1, 1))
2023-12-16 00:50:09,563 | [DEBUG] : Model size was changed to 30090 parameters
2023-12-16 00:50:09,564 | [DEBUG] : Learning rate is now 0.010000
2023-12-16 00:50:19,454 | [INFO] : New learning rate: 0.009000000000000001
2023-12-16 00:50:21,196 | [DEBUG] : Current model size: 30090 parameters
2023-12-16 00:50:21,196 | [DEBUG] : Current training mode: increased
2023-12-16 00:50:21,197 | [INFO] : deepening layer 2/3: Linear(in_features=32, out_features=10, bias=True)
2023-12-16 00:50:21,197 | [DEBUG] : Model size was changed to 30200 parameters
2023-12-16 00:50:21,197 | [DEBUG] : Learning rate is now 0.010000
2023-12-16 00:50:31,235 | [INFO] : New learning rate: 0.009000000000000001
2023-12-16 00:50:32,974 | [DEBUG] : Current model size: 30200 parameters
2023-12-16 00:50:32,974 | [DEBUG] : Current training mode: increased
2023-12-16 00:50:32,976 | [INFO] : deepening layer 1/3: Conv2d(64, 32, kernel_size=(3, 3), stride=(1, 1))
2023-12-16 00:50:32,976 | [DEBUG] : Model size was changed to 39512 parameters
2023-12-16 00:50:32,976 | [DEBUG] : Learning rate is now 0.010000
2023-12-16 00:50:42,864 | [INFO] : New learning rate: 0.009000000000000001
2023-12-16 00:50:44,556 | [DEBUG] : Current model size: 39512 parameters
2023-12-16 00:50:44,556 | [DEBUG] : Current training mode: increased
2023-12-16 00:50:44,557 | [INFO] : no layers were added
2023-12-16 00:50:44,557 | [DEBUG] : Model size was changed to 39512 parameters
2023-12-16 00:50:44,557 | [DEBUG] : Learning rate is now 0.010000
2023-12-16 00:50:54,433 | [INFO] : New learning rate: 0.009000000000000001
2023-12-16 00:50:56,124 | [DEBUG] : Current model size: 39512 parameters
2023-12-16 00:50:56,124 | [DEBUG] : Current training mode: increased
2023-12-16 00:50:56,125 | [INFO] : no layers were added
2023-12-16 00:50:56,125 | [DEBUG] : Model size was changed to 39512 parameters
2023-12-16 00:50:56,125 | [DEBUG] : Learning rate is now 0.010000
2023-12-16 00:51:06,303 | [INFO] : New learning rate: 0.009000000000000001
2023-12-16 00:51:08,060 | [DEBUG] : Current model size: 39512 parameters
2023-12-16 00:51:08,061 | [DEBUG] : Current training mode: increased
2023-12-16 00:51:08,061 | [INFO] : no layers were added
2023-12-16 00:51:08,061 | [DEBUG] : Model size was changed to 39512 parameters
2023-12-16 00:51:08,061 | [DEBUG] : Learning rate is now 0.010000
2023-12-16 00:51:18,220 | [INFO] : New learning rate: 0.009000000000000001
2023-12-16 00:51:19,936 | [DEBUG] : Current model size: 39512 parameters
2023-12-16 00:51:19,936 | [DEBUG] : Current training mode: increased
2023-12-16 00:51:19,936 | [INFO] : no layers were added
2023-12-16 00:51:19,937 | [DEBUG] : Model size was changed to 39512 parameters
2023-12-16 00:51:19,937 | [DEBUG] : Learning rate is now 0.010000
2023-12-16 00:51:19,950 | [INFO] : training has run out of time
2023-12-16 00:51:19,950 | [INFO] : training25 runtime (h:mm:ss): 0:01:11
2023-12-16 00:51:19,950 | [INFO] : training25 end time: 12/16/2023 12:51:19 AM
2023-12-16 00:51:19,950 | [INFO] : episode 26/64 finished, objective: None
