2023-12-16 00:32:23,263 | [INFO] : training10 start time: 12/16/2023 12:32:23 AM
2023-12-16 00:32:23,265 | [INFO] : Initialized model with weights: results/small_late3/weights.pth
2023-12-16 00:32:23,266 | [DEBUG] : Current model size: 20778 parameters
2023-12-16 00:32:23,266 | [DEBUG] : Current training mode: initial
2023-12-16 00:32:23,279 | [INFO] : GPU allocation changing : going up
2023-12-16 00:32:23,281 | [DEBUG] : Current model size: 20778 parameters
2023-12-16 00:32:23,282 | [DEBUG] : Current training mode: increased
2023-12-16 00:32:23,283 | [INFO] : deepening layer 0/3: Conv2d(3, 64, kernel_size=(3, 3), stride=(1, 1))
2023-12-16 00:32:23,283 | [DEBUG] : Model size was changed to 57834 parameters
2023-12-16 00:32:23,283 | [DEBUG] : Learning rate is now 0.010000
2023-12-16 00:32:33,142 | [INFO] : New learning rate: 0.009000000000000001
2023-12-16 00:32:34,865 | [DEBUG] : Current model size: 57834 parameters
2023-12-16 00:32:34,865 | [DEBUG] : Current training mode: increased
2023-12-16 00:32:34,866 | [INFO] : deepening layer 2/3: Linear(in_features=32, out_features=10, bias=True)
2023-12-16 00:32:34,867 | [DEBUG] : Model size was changed to 57944 parameters
2023-12-16 00:32:34,867 | [DEBUG] : Learning rate is now 0.010000
2023-12-16 00:32:44,767 | [INFO] : New learning rate: 0.009000000000000001
2023-12-16 00:32:46,491 | [DEBUG] : Current model size: 57944 parameters
2023-12-16 00:32:46,491 | [DEBUG] : Current training mode: increased
2023-12-16 00:32:46,492 | [INFO] : deepening layer 2/3: Linear(in_features=32, out_features=10, bias=True)
2023-12-16 00:32:46,493 | [DEBUG] : Model size was changed to 58054 parameters
2023-12-16 00:32:46,493 | [DEBUG] : Learning rate is now 0.010000
2023-12-16 00:32:56,362 | [INFO] : New learning rate: 0.009000000000000001
2023-12-16 00:32:58,082 | [DEBUG] : Current model size: 58054 parameters
2023-12-16 00:32:58,082 | [DEBUG] : Current training mode: increased
2023-12-16 00:32:58,082 | [INFO] : no layers were added
2023-12-16 00:32:58,083 | [DEBUG] : Model size was changed to 58054 parameters
2023-12-16 00:32:58,083 | [DEBUG] : Learning rate is now 0.010000
2023-12-16 00:33:07,877 | [INFO] : New learning rate: 0.009000000000000001
2023-12-16 00:33:09,594 | [DEBUG] : Current model size: 58054 parameters
2023-12-16 00:33:09,594 | [DEBUG] : Current training mode: increased
2023-12-16 00:33:09,594 | [INFO] : no layers were added
2023-12-16 00:33:09,594 | [DEBUG] : Model size was changed to 58054 parameters
2023-12-16 00:33:09,594 | [DEBUG] : Learning rate is now 0.010000
2023-12-16 00:33:19,371 | [INFO] : New learning rate: 0.009000000000000001
2023-12-16 00:33:21,075 | [DEBUG] : Current model size: 58054 parameters
2023-12-16 00:33:21,075 | [DEBUG] : Current training mode: increased
2023-12-16 00:33:21,076 | [INFO] : no layers were added
2023-12-16 00:33:21,076 | [DEBUG] : Model size was changed to 58054 parameters
2023-12-16 00:33:21,076 | [DEBUG] : Learning rate is now 0.010000
2023-12-16 00:33:30,896 | [INFO] : New learning rate: 0.009000000000000001
2023-12-16 00:33:32,603 | [DEBUG] : Current model size: 58054 parameters
2023-12-16 00:33:32,603 | [DEBUG] : Current training mode: increased
2023-12-16 00:33:32,603 | [INFO] : no layers were added
2023-12-16 00:33:32,604 | [DEBUG] : Model size was changed to 58054 parameters
2023-12-16 00:33:32,604 | [DEBUG] : Learning rate is now 0.010000
2023-12-16 00:33:33,271 | [INFO] : training has run out of time
2023-12-16 00:33:33,271 | [INFO] : training10 runtime (h:mm:ss): 0:01:11
2023-12-16 00:33:33,271 | [INFO] : training10 end time: 12/16/2023 12:33:33 AM
2023-12-16 00:33:33,272 | [INFO] : episode 11/64 finished, objective: None
