2023-12-16 01:24:23,741 | [INFO] : training54 start time: 12/16/2023 01:24:23 AM
2023-12-16 01:24:23,744 | [INFO] : Initialized model with weights: results/small_late3/weights.pth
2023-12-16 01:24:23,744 | [DEBUG] : Current model size: 20778 parameters
2023-12-16 01:24:23,744 | [DEBUG] : Current training mode: initial
2023-12-16 01:24:23,758 | [INFO] : GPU allocation changing : going up
2023-12-16 01:24:23,760 | [DEBUG] : Current model size: 20778 parameters
2023-12-16 01:24:23,760 | [DEBUG] : Current training mode: increased
2023-12-16 01:24:23,760 | [INFO] : no layers were added
2023-12-16 01:24:23,760 | [DEBUG] : Model size was changed to 20778 parameters
2023-12-16 01:24:23,760 | [DEBUG] : Learning rate is now 0.010000
2023-12-16 01:24:33,247 | [INFO] : New learning rate: 0.009000000000000001
2023-12-16 01:24:34,998 | [DEBUG] : Current model size: 20778 parameters
2023-12-16 01:24:34,999 | [DEBUG] : Current training mode: increased
2023-12-16 01:24:35,000 | [INFO] : deepening layer 1/3: Conv2d(64, 32, kernel_size=(3, 3), stride=(1, 1))
2023-12-16 01:24:35,001 | [DEBUG] : Model size was changed to 30090 parameters
2023-12-16 01:24:35,001 | [DEBUG] : Learning rate is now 0.010000
2023-12-16 01:24:44,682 | [INFO] : New learning rate: 0.009000000000000001
2023-12-16 01:24:46,346 | [DEBUG] : Current model size: 30090 parameters
2023-12-16 01:24:46,346 | [DEBUG] : Current training mode: increased
2023-12-16 01:24:46,347 | [INFO] : deepening layer 2/3: Linear(in_features=32, out_features=10, bias=True)
2023-12-16 01:24:46,347 | [DEBUG] : Model size was changed to 30200 parameters
2023-12-16 01:24:46,347 | [DEBUG] : Learning rate is now 0.010000
2023-12-16 01:24:55,888 | [INFO] : New learning rate: 0.009000000000000001
2023-12-16 01:24:57,571 | [DEBUG] : Current model size: 30200 parameters
2023-12-16 01:24:57,571 | [DEBUG] : Current training mode: increased
2023-12-16 01:24:57,571 | [INFO] : no layers were added
2023-12-16 01:24:57,572 | [DEBUG] : Model size was changed to 30200 parameters
2023-12-16 01:24:57,572 | [DEBUG] : Learning rate is now 0.010000
2023-12-16 01:25:07,256 | [INFO] : New learning rate: 0.009000000000000001
2023-12-16 01:25:08,920 | [DEBUG] : Current model size: 30200 parameters
2023-12-16 01:25:08,920 | [DEBUG] : Current training mode: increased
2023-12-16 01:25:08,921 | [INFO] : no layers were added
2023-12-16 01:25:08,921 | [DEBUG] : Model size was changed to 30200 parameters
2023-12-16 01:25:08,921 | [DEBUG] : Learning rate is now 0.010000
2023-12-16 01:25:18,679 | [INFO] : New learning rate: 0.009000000000000001
2023-12-16 01:25:20,367 | [DEBUG] : Current model size: 30200 parameters
2023-12-16 01:25:20,367 | [DEBUG] : Current training mode: increased
2023-12-16 01:25:20,367 | [INFO] : no layers were added
2023-12-16 01:25:20,368 | [DEBUG] : Model size was changed to 30200 parameters
2023-12-16 01:25:20,368 | [DEBUG] : Learning rate is now 0.010000
2023-12-16 01:25:29,995 | [INFO] : New learning rate: 0.009000000000000001
2023-12-16 01:25:31,744 | [DEBUG] : Current model size: 30200 parameters
2023-12-16 01:25:31,745 | [DEBUG] : Current training mode: increased
2023-12-16 01:25:31,745 | [INFO] : no layers were added
2023-12-16 01:25:31,745 | [DEBUG] : Model size was changed to 30200 parameters
2023-12-16 01:25:31,745 | [DEBUG] : Learning rate is now 0.010000
2023-12-16 01:25:33,754 | [INFO] : training has run out of time
2023-12-16 01:25:33,755 | [INFO] : training54 runtime (h:mm:ss): 0:01:11
2023-12-16 01:25:33,755 | [INFO] : training54 end time: 12/16/2023 01:25:33 AM
2023-12-16 01:25:33,755 | [INFO] : episode 55/64 finished, objective: None
