2023-12-16 00:56:03,641 | [INFO] : training30 start time: 12/16/2023 12:56:03 AM
2023-12-16 00:56:03,644 | [INFO] : Initialized model with weights: results/small_late3/weights.pth
2023-12-16 00:56:03,644 | [DEBUG] : Current model size: 20778 parameters
2023-12-16 00:56:03,644 | [DEBUG] : Current training mode: initial
2023-12-16 00:56:03,658 | [INFO] : GPU allocation changing : going up
2023-12-16 00:56:03,660 | [DEBUG] : Current model size: 20778 parameters
2023-12-16 00:56:03,660 | [DEBUG] : Current training mode: increased
2023-12-16 00:56:03,661 | [INFO] : deepening layer 1/3: Conv2d(64, 32, kernel_size=(3, 3), stride=(1, 1))
2023-12-16 00:56:03,662 | [DEBUG] : Model size was changed to 30090 parameters
2023-12-16 00:56:03,662 | [DEBUG] : Learning rate is now 0.010000
2023-12-16 00:56:13,292 | [INFO] : New learning rate: 0.009000000000000001
2023-12-16 00:56:15,018 | [DEBUG] : Current model size: 30090 parameters
2023-12-16 00:56:15,019 | [DEBUG] : Current training mode: increased
2023-12-16 00:56:15,019 | [INFO] : no layers were added
2023-12-16 00:56:15,019 | [DEBUG] : Model size was changed to 30090 parameters
2023-12-16 00:56:15,019 | [DEBUG] : Learning rate is now 0.010000
2023-12-16 00:56:24,558 | [INFO] : New learning rate: 0.009000000000000001
2023-12-16 00:56:26,250 | [DEBUG] : Current model size: 30090 parameters
2023-12-16 00:56:26,250 | [DEBUG] : Current training mode: increased
2023-12-16 00:56:26,251 | [INFO] : deepening layer 2/3: Linear(in_features=32, out_features=10, bias=True)
2023-12-16 00:56:26,252 | [DEBUG] : Model size was changed to 30200 parameters
2023-12-16 00:56:26,252 | [DEBUG] : Learning rate is now 0.010000
2023-12-16 00:56:35,925 | [INFO] : New learning rate: 0.009000000000000001
2023-12-16 00:56:37,620 | [DEBUG] : Current model size: 30200 parameters
2023-12-16 00:56:37,620 | [DEBUG] : Current training mode: increased
2023-12-16 00:56:37,620 | [INFO] : no layers were added
2023-12-16 00:56:37,621 | [DEBUG] : Model size was changed to 30200 parameters
2023-12-16 00:56:37,621 | [DEBUG] : Learning rate is now 0.010000
2023-12-16 00:56:47,515 | [INFO] : New learning rate: 0.009000000000000001
2023-12-16 00:56:49,309 | [DEBUG] : Current model size: 30200 parameters
2023-12-16 00:56:49,309 | [DEBUG] : Current training mode: increased
2023-12-16 00:56:49,310 | [INFO] : no layers were added
2023-12-16 00:56:49,310 | [DEBUG] : Model size was changed to 30200 parameters
2023-12-16 00:56:49,310 | [DEBUG] : Learning rate is now 0.010000
2023-12-16 00:56:59,068 | [INFO] : New learning rate: 0.009000000000000001
2023-12-16 00:57:00,765 | [DEBUG] : Current model size: 30200 parameters
2023-12-16 00:57:00,765 | [DEBUG] : Current training mode: increased
2023-12-16 00:57:00,765 | [INFO] : no layers were added
2023-12-16 00:57:00,765 | [DEBUG] : Model size was changed to 30200 parameters
2023-12-16 00:57:00,765 | [DEBUG] : Learning rate is now 0.010000
2023-12-16 00:57:10,636 | [INFO] : New learning rate: 0.009000000000000001
2023-12-16 00:57:12,338 | [DEBUG] : Current model size: 30200 parameters
2023-12-16 00:57:12,339 | [DEBUG] : Current training mode: increased
2023-12-16 00:57:12,339 | [INFO] : no layers were added
2023-12-16 00:57:12,339 | [DEBUG] : Model size was changed to 30200 parameters
2023-12-16 00:57:12,339 | [DEBUG] : Learning rate is now 0.010000
2023-12-16 00:57:13,656 | [INFO] : training has run out of time
2023-12-16 00:57:13,657 | [INFO] : training30 runtime (h:mm:ss): 0:01:11
2023-12-16 00:57:13,657 | [INFO] : training30 end time: 12/16/2023 12:57:13 AM
2023-12-16 00:57:13,657 | [INFO] : episode 31/64 finished, objective: None
