2023-12-16 00:46:36,330 | [INFO] : training22 start time: 12/16/2023 12:46:36 AM
2023-12-16 00:46:36,333 | [INFO] : Initialized model with weights: results/small_late3/weights.pth
2023-12-16 00:46:36,333 | [DEBUG] : Current model size: 20778 parameters
2023-12-16 00:46:36,333 | [DEBUG] : Current training mode: initial
2023-12-16 00:46:36,347 | [INFO] : GPU allocation changing : going up
2023-12-16 00:46:36,349 | [DEBUG] : Current model size: 20778 parameters
2023-12-16 00:46:36,349 | [DEBUG] : Current training mode: increased
2023-12-16 00:46:36,351 | [INFO] : deepening layer 1/3: Conv2d(64, 32, kernel_size=(3, 3), stride=(1, 1))
2023-12-16 00:46:36,351 | [DEBUG] : Model size was changed to 30090 parameters
2023-12-16 00:46:36,351 | [DEBUG] : Learning rate is now 0.010000
2023-12-16 00:46:45,979 | [INFO] : New learning rate: 0.009000000000000001
2023-12-16 00:46:47,651 | [DEBUG] : Current model size: 30090 parameters
2023-12-16 00:46:47,651 | [DEBUG] : Current training mode: increased
2023-12-16 00:46:47,653 | [INFO] : deepening layer 1/3: Conv2d(64, 32, kernel_size=(3, 3), stride=(1, 1))
2023-12-16 00:46:47,653 | [DEBUG] : Model size was changed to 39402 parameters
2023-12-16 00:46:47,653 | [DEBUG] : Learning rate is now 0.010000
2023-12-16 00:46:57,661 | [INFO] : New learning rate: 0.009000000000000001
2023-12-16 00:46:59,444 | [DEBUG] : Current model size: 39402 parameters
2023-12-16 00:46:59,445 | [DEBUG] : Current training mode: increased
2023-12-16 00:46:59,446 | [INFO] : deepening layer 2/3: Linear(in_features=32, out_features=10, bias=True)
2023-12-16 00:46:59,447 | [DEBUG] : Model size was changed to 39512 parameters
2023-12-16 00:46:59,447 | [DEBUG] : Learning rate is now 0.010000
2023-12-16 00:47:09,524 | [INFO] : New learning rate: 0.009000000000000001
2023-12-16 00:47:11,239 | [DEBUG] : Current model size: 39512 parameters
2023-12-16 00:47:11,239 | [DEBUG] : Current training mode: increased
2023-12-16 00:47:11,239 | [INFO] : no layers were added
2023-12-16 00:47:11,239 | [DEBUG] : Model size was changed to 39512 parameters
2023-12-16 00:47:11,239 | [DEBUG] : Learning rate is now 0.010000
2023-12-16 00:47:21,384 | [INFO] : New learning rate: 0.009000000000000001
2023-12-16 00:47:23,177 | [DEBUG] : Current model size: 39512 parameters
2023-12-16 00:47:23,177 | [DEBUG] : Current training mode: increased
2023-12-16 00:47:23,177 | [INFO] : no layers were added
2023-12-16 00:47:23,178 | [DEBUG] : Model size was changed to 39512 parameters
2023-12-16 00:47:23,178 | [DEBUG] : Learning rate is now 0.010000
2023-12-16 00:47:33,130 | [INFO] : New learning rate: 0.009000000000000001
2023-12-16 00:47:34,885 | [DEBUG] : Current model size: 39512 parameters
2023-12-16 00:47:34,885 | [DEBUG] : Current training mode: increased
2023-12-16 00:47:34,885 | [INFO] : no layers were added
2023-12-16 00:47:34,886 | [DEBUG] : Model size was changed to 39512 parameters
2023-12-16 00:47:34,886 | [DEBUG] : Learning rate is now 0.010000
2023-12-16 00:47:44,887 | [INFO] : New learning rate: 0.009000000000000001
2023-12-16 00:47:46,580 | [DEBUG] : Current model size: 39512 parameters
2023-12-16 00:47:46,580 | [DEBUG] : Current training mode: increased
2023-12-16 00:47:46,580 | [INFO] : no layers were added
2023-12-16 00:47:46,581 | [DEBUG] : Model size was changed to 39512 parameters
2023-12-16 00:47:46,581 | [DEBUG] : Learning rate is now 0.010000
2023-12-16 00:47:46,593 | [INFO] : training has run out of time
2023-12-16 00:47:46,594 | [INFO] : training22 runtime (h:mm:ss): 0:01:11
2023-12-16 00:47:46,594 | [INFO] : training22 end time: 12/16/2023 12:47:46 AM
2023-12-16 00:47:46,594 | [INFO] : episode 23/64 finished, objective: None
