2023-12-16 01:01:58,074 | [INFO] : training35 start time: 12/16/2023 01:01:58 AM
2023-12-16 01:01:58,078 | [INFO] : Initialized model with weights: results/small_late3/weights.pth
2023-12-16 01:01:58,078 | [DEBUG] : Current model size: 20778 parameters
2023-12-16 01:01:58,078 | [DEBUG] : Current training mode: initial
2023-12-16 01:01:58,091 | [INFO] : GPU allocation changing : going up
2023-12-16 01:01:58,094 | [DEBUG] : Current model size: 20778 parameters
2023-12-16 01:01:58,094 | [DEBUG] : Current training mode: increased
2023-12-16 01:01:58,095 | [INFO] : deepening layer 2/3: Linear(in_features=32, out_features=10, bias=True)
2023-12-16 01:01:58,095 | [DEBUG] : Model size was changed to 20888 parameters
2023-12-16 01:01:58,095 | [DEBUG] : Learning rate is now 0.010000
2023-12-16 01:02:07,403 | [INFO] : New learning rate: 0.009000000000000001
2023-12-16 01:02:09,056 | [DEBUG] : Current model size: 20888 parameters
2023-12-16 01:02:09,056 | [DEBUG] : Current training mode: increased
2023-12-16 01:02:09,058 | [INFO] : deepening layer 0/3: Conv2d(3, 64, kernel_size=(3, 3), stride=(1, 1))
2023-12-16 01:02:09,058 | [DEBUG] : Model size was changed to 57944 parameters
2023-12-16 01:02:09,058 | [DEBUG] : Learning rate is now 0.010000
2023-12-16 01:02:18,888 | [INFO] : New learning rate: 0.009000000000000001
2023-12-16 01:02:20,594 | [DEBUG] : Current model size: 57944 parameters
2023-12-16 01:02:20,594 | [DEBUG] : Current training mode: increased
2023-12-16 01:02:20,595 | [INFO] : no layers were added
2023-12-16 01:02:20,595 | [DEBUG] : Model size was changed to 57944 parameters
2023-12-16 01:02:20,595 | [DEBUG] : Learning rate is now 0.010000
2023-12-16 01:02:30,490 | [INFO] : New learning rate: 0.009000000000000001
2023-12-16 01:02:32,192 | [DEBUG] : Current model size: 57944 parameters
2023-12-16 01:02:32,192 | [DEBUG] : Current training mode: increased
2023-12-16 01:02:32,192 | [INFO] : no layers were added
2023-12-16 01:02:32,193 | [DEBUG] : Model size was changed to 57944 parameters
2023-12-16 01:02:32,193 | [DEBUG] : Learning rate is now 0.010000
2023-12-16 01:02:42,245 | [INFO] : New learning rate: 0.009000000000000001
2023-12-16 01:02:44,040 | [DEBUG] : Current model size: 57944 parameters
2023-12-16 01:02:44,040 | [DEBUG] : Current training mode: increased
2023-12-16 01:02:44,041 | [INFO] : no layers were added
2023-12-16 01:02:44,041 | [DEBUG] : Model size was changed to 57944 parameters
2023-12-16 01:02:44,041 | [DEBUG] : Learning rate is now 0.010000
2023-12-16 01:02:53,867 | [INFO] : New learning rate: 0.009000000000000001
2023-12-16 01:02:55,579 | [DEBUG] : Current model size: 57944 parameters
2023-12-16 01:02:55,579 | [DEBUG] : Current training mode: increased
2023-12-16 01:02:55,579 | [INFO] : no layers were added
2023-12-16 01:02:55,580 | [DEBUG] : Model size was changed to 57944 parameters
2023-12-16 01:02:55,580 | [DEBUG] : Learning rate is now 0.010000
2023-12-16 01:03:05,389 | [INFO] : New learning rate: 0.009000000000000001
2023-12-16 01:03:07,100 | [DEBUG] : Current model size: 57944 parameters
2023-12-16 01:03:07,100 | [DEBUG] : Current training mode: increased
2023-12-16 01:03:07,100 | [INFO] : no layers were added
2023-12-16 01:03:07,100 | [DEBUG] : Model size was changed to 57944 parameters
2023-12-16 01:03:07,100 | [DEBUG] : Learning rate is now 0.010000
2023-12-16 01:03:08,084 | [INFO] : training has run out of time
2023-12-16 01:03:08,084 | [INFO] : training35 runtime (h:mm:ss): 0:01:11
2023-12-16 01:03:08,084 | [INFO] : training35 end time: 12/16/2023 01:03:08 AM
2023-12-16 01:03:08,085 | [INFO] : episode 36/64 finished, objective: None
