2023-12-16 00:58:25,127 | [INFO] : training32 start time: 12/16/2023 12:58:25 AM
2023-12-16 00:58:25,130 | [INFO] : Initialized model with weights: results/small_late3/weights.pth
2023-12-16 00:58:25,130 | [DEBUG] : Current model size: 20778 parameters
2023-12-16 00:58:25,130 | [DEBUG] : Current training mode: initial
2023-12-16 00:58:25,142 | [INFO] : GPU allocation changing : going up
2023-12-16 00:58:25,144 | [DEBUG] : Current model size: 20778 parameters
2023-12-16 00:58:25,144 | [DEBUG] : Current training mode: increased
2023-12-16 00:58:25,217 | [INFO] : deepening layer 2/3: Linear(in_features=32, out_features=10, bias=True)
2023-12-16 00:58:25,217 | [DEBUG] : Model size was changed to 20888 parameters
2023-12-16 00:58:25,218 | [DEBUG] : Learning rate is now 0.010000
2023-12-16 00:58:34,641 | [INFO] : New learning rate: 0.009000000000000001
2023-12-16 00:58:36,284 | [DEBUG] : Current model size: 20888 parameters
2023-12-16 00:58:36,284 | [DEBUG] : Current training mode: increased
2023-12-16 00:58:36,286 | [INFO] : deepening layer 0/3: Conv2d(3, 64, kernel_size=(3, 3), stride=(1, 1))
2023-12-16 00:58:36,287 | [DEBUG] : Model size was changed to 57944 parameters
2023-12-16 00:58:36,287 | [DEBUG] : Learning rate is now 0.010000
2023-12-16 00:58:46,214 | [INFO] : New learning rate: 0.009000000000000001
2023-12-16 00:58:48,025 | [DEBUG] : Current model size: 57944 parameters
2023-12-16 00:58:48,025 | [DEBUG] : Current training mode: increased
2023-12-16 00:58:48,027 | [INFO] : deepening layer 0/3: Conv2d(3, 64, kernel_size=(3, 3), stride=(1, 1))
2023-12-16 00:58:48,028 | [DEBUG] : Model size was changed to 95000 parameters
2023-12-16 00:58:48,028 | [DEBUG] : Learning rate is now 0.010000
2023-12-16 00:58:58,739 | [INFO] : New learning rate: 0.009000000000000001
2023-12-16 00:59:00,588 | [DEBUG] : Current model size: 95000 parameters
2023-12-16 00:59:00,588 | [DEBUG] : Current training mode: increased
2023-12-16 00:59:00,588 | [INFO] : no layers were added
2023-12-16 00:59:00,588 | [DEBUG] : Model size was changed to 95000 parameters
2023-12-16 00:59:00,589 | [DEBUG] : Learning rate is now 0.010000
2023-12-16 00:59:10,983 | [INFO] : New learning rate: 0.009000000000000001
2023-12-16 00:59:12,764 | [DEBUG] : Current model size: 95000 parameters
2023-12-16 00:59:12,764 | [DEBUG] : Current training mode: increased
2023-12-16 00:59:12,764 | [INFO] : no layers were added
2023-12-16 00:59:12,764 | [DEBUG] : Model size was changed to 95000 parameters
2023-12-16 00:59:12,764 | [DEBUG] : Learning rate is now 0.010000
2023-12-16 00:59:23,190 | [INFO] : New learning rate: 0.009000000000000001
2023-12-16 00:59:24,953 | [DEBUG] : Current model size: 95000 parameters
2023-12-16 00:59:24,953 | [DEBUG] : Current training mode: increased
2023-12-16 00:59:24,954 | [INFO] : no layers were added
2023-12-16 00:59:24,954 | [DEBUG] : Model size was changed to 95000 parameters
2023-12-16 00:59:24,954 | [DEBUG] : Learning rate is now 0.010000
2023-12-16 00:59:35,140 | [INFO] : training has run out of time
2023-12-16 00:59:35,141 | [INFO] : training32 runtime (h:mm:ss): 0:01:11
2023-12-16 00:59:35,141 | [INFO] : training32 end time: 12/16/2023 12:59:35 AM
2023-12-16 00:59:35,141 | [INFO] : episode 33/64 finished, objective: None
