2023-12-16 00:39:29,371 | [INFO] : training16 start time: 12/16/2023 12:39:29 AM
2023-12-16 00:39:29,374 | [INFO] : Initialized model with weights: results/small_late3/weights.pth
2023-12-16 00:39:29,374 | [DEBUG] : Current model size: 20778 parameters
2023-12-16 00:39:29,374 | [DEBUG] : Current training mode: initial
2023-12-16 00:39:29,388 | [INFO] : GPU allocation changing : going up
2023-12-16 00:39:29,390 | [DEBUG] : Current model size: 20778 parameters
2023-12-16 00:39:29,390 | [DEBUG] : Current training mode: increased
2023-12-16 00:39:29,391 | [INFO] : deepening layer 1/3: Conv2d(64, 32, kernel_size=(3, 3), stride=(1, 1))
2023-12-16 00:39:29,392 | [DEBUG] : Model size was changed to 30090 parameters
2023-12-16 00:39:29,392 | [DEBUG] : Learning rate is now 0.010000
2023-12-16 00:39:38,972 | [INFO] : New learning rate: 0.009000000000000001
2023-12-16 00:39:40,745 | [DEBUG] : Current model size: 30090 parameters
2023-12-16 00:39:40,745 | [DEBUG] : Current training mode: increased
2023-12-16 00:39:40,747 | [INFO] : deepening layer 0/3: Conv2d(3, 64, kernel_size=(3, 3), stride=(1, 1))
2023-12-16 00:39:40,747 | [DEBUG] : Model size was changed to 67146 parameters
2023-12-16 00:39:40,747 | [DEBUG] : Learning rate is now 0.010000
2023-12-16 00:39:50,846 | [INFO] : New learning rate: 0.009000000000000001
2023-12-16 00:39:52,580 | [DEBUG] : Current model size: 67146 parameters
2023-12-16 00:39:52,580 | [DEBUG] : Current training mode: increased
2023-12-16 00:39:52,582 | [INFO] : deepening layer 0/3: Conv2d(3, 64, kernel_size=(3, 3), stride=(1, 1))
2023-12-16 00:39:52,582 | [DEBUG] : Model size was changed to 104202 parameters
2023-12-16 00:39:52,583 | [DEBUG] : Learning rate is now 0.010000
2023-12-16 00:40:03,346 | [INFO] : New learning rate: 0.009000000000000001
2023-12-16 00:40:05,194 | [DEBUG] : Current model size: 104202 parameters
2023-12-16 00:40:05,194 | [DEBUG] : Current training mode: increased
2023-12-16 00:40:05,194 | [INFO] : no layers were added
2023-12-16 00:40:05,195 | [DEBUG] : Model size was changed to 104202 parameters
2023-12-16 00:40:05,195 | [DEBUG] : Learning rate is now 0.010000
2023-12-16 00:40:15,789 | [INFO] : New learning rate: 0.009000000000000001
2023-12-16 00:40:17,590 | [DEBUG] : Current model size: 104202 parameters
2023-12-16 00:40:17,590 | [DEBUG] : Current training mode: increased
2023-12-16 00:40:17,590 | [INFO] : no layers were added
2023-12-16 00:40:17,591 | [DEBUG] : Model size was changed to 104202 parameters
2023-12-16 00:40:17,591 | [DEBUG] : Learning rate is now 0.010000
2023-12-16 00:40:28,096 | [INFO] : New learning rate: 0.009000000000000001
2023-12-16 00:40:29,880 | [DEBUG] : Current model size: 104202 parameters
2023-12-16 00:40:29,880 | [DEBUG] : Current training mode: increased
2023-12-16 00:40:29,880 | [INFO] : no layers were added
2023-12-16 00:40:29,881 | [DEBUG] : Model size was changed to 104202 parameters
2023-12-16 00:40:29,881 | [DEBUG] : Learning rate is now 0.010000
2023-12-16 00:40:39,375 | [INFO] : training has run out of time
2023-12-16 00:40:39,375 | [INFO] : training16 runtime (h:mm:ss): 0:01:11
2023-12-16 00:40:39,375 | [INFO] : training16 end time: 12/16/2023 12:40:39 AM
2023-12-16 00:40:39,375 | [INFO] : episode 17/64 finished, objective: None
