2023-12-16 01:32:38,962 | [INFO] : training61 start time: 12/16/2023 01:32:38 AM
2023-12-16 01:32:38,965 | [INFO] : Initialized model with weights: results/small_late3/weights.pth
2023-12-16 01:32:38,965 | [DEBUG] : Current model size: 20778 parameters
2023-12-16 01:32:38,965 | [DEBUG] : Current training mode: initial
2023-12-16 01:32:38,979 | [INFO] : GPU allocation changing : going up
2023-12-16 01:32:38,981 | [DEBUG] : Current model size: 20778 parameters
2023-12-16 01:32:38,981 | [DEBUG] : Current training mode: increased
2023-12-16 01:32:38,981 | [INFO] : no layers were added
2023-12-16 01:32:38,981 | [DEBUG] : Model size was changed to 20778 parameters
2023-12-16 01:32:38,982 | [DEBUG] : Learning rate is now 0.010000
2023-12-16 01:32:48,408 | [INFO] : New learning rate: 0.009000000000000001
2023-12-16 01:32:50,059 | [DEBUG] : Current model size: 20778 parameters
2023-12-16 01:32:50,059 | [DEBUG] : Current training mode: increased
2023-12-16 01:32:50,059 | [INFO] : no layers were added
2023-12-16 01:32:50,060 | [DEBUG] : Model size was changed to 20778 parameters
2023-12-16 01:32:50,060 | [DEBUG] : Learning rate is now 0.010000
2023-12-16 01:32:59,608 | [INFO] : New learning rate: 0.009000000000000001
2023-12-16 01:33:01,335 | [DEBUG] : Current model size: 20778 parameters
2023-12-16 01:33:01,335 | [DEBUG] : Current training mode: increased
2023-12-16 01:33:01,337 | [INFO] : deepening layer 1/3: Conv2d(64, 32, kernel_size=(3, 3), stride=(1, 1))
2023-12-16 01:33:01,338 | [DEBUG] : Model size was changed to 30090 parameters
2023-12-16 01:33:01,338 | [DEBUG] : Learning rate is now 0.010000
2023-12-16 01:33:11,143 | [INFO] : New learning rate: 0.009000000000000001
2023-12-16 01:33:12,885 | [DEBUG] : Current model size: 30090 parameters
2023-12-16 01:33:12,885 | [DEBUG] : Current training mode: increased
2023-12-16 01:33:12,885 | [INFO] : no layers were added
2023-12-16 01:33:12,886 | [DEBUG] : Model size was changed to 30090 parameters
2023-12-16 01:33:12,886 | [DEBUG] : Learning rate is now 0.010000
2023-12-16 01:33:22,738 | [INFO] : New learning rate: 0.009000000000000001
2023-12-16 01:33:24,486 | [DEBUG] : Current model size: 30090 parameters
2023-12-16 01:33:24,486 | [DEBUG] : Current training mode: increased
2023-12-16 01:33:24,486 | [INFO] : no layers were added
2023-12-16 01:33:24,487 | [DEBUG] : Model size was changed to 30090 parameters
2023-12-16 01:33:24,487 | [DEBUG] : Learning rate is now 0.010000
2023-12-16 01:33:34,419 | [INFO] : New learning rate: 0.009000000000000001
2023-12-16 01:33:36,139 | [DEBUG] : Current model size: 30090 parameters
2023-12-16 01:33:36,139 | [DEBUG] : Current training mode: increased
2023-12-16 01:33:36,140 | [INFO] : no layers were added
2023-12-16 01:33:36,140 | [DEBUG] : Model size was changed to 30090 parameters
2023-12-16 01:33:36,140 | [DEBUG] : Learning rate is now 0.010000
2023-12-16 01:33:45,852 | [INFO] : New learning rate: 0.009000000000000001
2023-12-16 01:33:47,535 | [DEBUG] : Current model size: 30090 parameters
2023-12-16 01:33:47,535 | [DEBUG] : Current training mode: increased
2023-12-16 01:33:47,535 | [INFO] : no layers were added
2023-12-16 01:33:47,536 | [DEBUG] : Model size was changed to 30090 parameters
2023-12-16 01:33:47,536 | [DEBUG] : Learning rate is now 0.010000
2023-12-16 01:33:48,974 | [INFO] : training has run out of time
2023-12-16 01:33:48,975 | [INFO] : training61 runtime (h:mm:ss): 0:01:11
2023-12-16 01:33:48,975 | [INFO] : training61 end time: 12/16/2023 01:33:48 AM
2023-12-16 01:33:48,975 | [INFO] : episode 62/64 finished, objective: None
