2023-12-16 00:34:44,735 | [INFO] : training12 start time: 12/16/2023 12:34:44 AM
2023-12-16 00:34:44,737 | [INFO] : Initialized model with weights: results/small_late3/weights.pth
2023-12-16 00:34:44,738 | [DEBUG] : Current model size: 20778 parameters
2023-12-16 00:34:44,738 | [DEBUG] : Current training mode: initial
2023-12-16 00:34:44,751 | [INFO] : GPU allocation changing : going up
2023-12-16 00:34:44,753 | [DEBUG] : Current model size: 20778 parameters
2023-12-16 00:34:44,753 | [DEBUG] : Current training mode: increased
2023-12-16 00:34:44,755 | [INFO] : deepening layer 0/3: Conv2d(3, 64, kernel_size=(3, 3), stride=(1, 1))
2023-12-16 00:34:44,756 | [DEBUG] : Model size was changed to 57834 parameters
2023-12-16 00:34:44,756 | [DEBUG] : Learning rate is now 0.010000
2023-12-16 00:34:54,521 | [INFO] : New learning rate: 0.009000000000000001
2023-12-16 00:34:56,242 | [DEBUG] : Current model size: 57834 parameters
2023-12-16 00:34:56,242 | [DEBUG] : Current training mode: increased
2023-12-16 00:34:56,243 | [INFO] : no layers were added
2023-12-16 00:34:56,243 | [DEBUG] : Model size was changed to 57834 parameters
2023-12-16 00:34:56,243 | [DEBUG] : Learning rate is now 0.010000
2023-12-16 00:35:05,970 | [INFO] : New learning rate: 0.009000000000000001
2023-12-16 00:35:07,693 | [DEBUG] : Current model size: 57834 parameters
2023-12-16 00:35:07,693 | [DEBUG] : Current training mode: increased
2023-12-16 00:35:07,695 | [INFO] : deepening layer 0/3: Conv2d(3, 64, kernel_size=(3, 3), stride=(1, 1))
2023-12-16 00:35:07,695 | [DEBUG] : Model size was changed to 94890 parameters
2023-12-16 00:35:07,695 | [DEBUG] : Learning rate is now 0.010000
2023-12-16 00:35:18,015 | [INFO] : New learning rate: 0.009000000000000001
2023-12-16 00:35:19,813 | [DEBUG] : Current model size: 94890 parameters
2023-12-16 00:35:19,813 | [DEBUG] : Current training mode: increased
2023-12-16 00:35:19,813 | [INFO] : no layers were added
2023-12-16 00:35:19,814 | [DEBUG] : Model size was changed to 94890 parameters
2023-12-16 00:35:19,814 | [DEBUG] : Learning rate is now 0.010000
2023-12-16 00:35:30,138 | [INFO] : New learning rate: 0.009000000000000001
2023-12-16 00:35:31,931 | [DEBUG] : Current model size: 94890 parameters
2023-12-16 00:35:31,931 | [DEBUG] : Current training mode: increased
2023-12-16 00:35:31,931 | [INFO] : no layers were added
2023-12-16 00:35:31,932 | [DEBUG] : Model size was changed to 94890 parameters
2023-12-16 00:35:31,932 | [DEBUG] : Learning rate is now 0.010000
2023-12-16 00:35:42,269 | [INFO] : New learning rate: 0.009000000000000001
2023-12-16 00:35:44,054 | [DEBUG] : Current model size: 94890 parameters
2023-12-16 00:35:44,054 | [DEBUG] : Current training mode: increased
2023-12-16 00:35:44,054 | [INFO] : no layers were added
2023-12-16 00:35:44,055 | [DEBUG] : Model size was changed to 94890 parameters
2023-12-16 00:35:44,055 | [DEBUG] : Learning rate is now 0.010000
2023-12-16 00:35:54,392 | [INFO] : New learning rate: 0.009000000000000001
2023-12-16 00:35:56,198 | [DEBUG] : Current model size: 94890 parameters
2023-12-16 00:35:56,198 | [DEBUG] : Current training mode: increased
2023-12-16 00:35:56,198 | [INFO] : no layers were added
2023-12-16 00:35:56,198 | [DEBUG] : Model size was changed to 94890 parameters
2023-12-16 00:35:56,198 | [DEBUG] : Learning rate is now 0.010000
2023-12-16 00:35:56,211 | [INFO] : training has run out of time
2023-12-16 00:35:56,211 | [INFO] : training12 runtime (h:mm:ss): 0:01:12
2023-12-16 00:35:56,211 | [INFO] : training12 end time: 12/16/2023 12:35:56 AM
2023-12-16 00:35:56,212 | [INFO] : episode 13/64 finished, objective: None
