2023-12-16 01:19:40,373 | [INFO] : training50 start time: 12/16/2023 01:19:40 AM
2023-12-16 01:19:40,377 | [INFO] : Initialized model with weights: results/small_late3/weights.pth
2023-12-16 01:19:40,377 | [DEBUG] : Current model size: 20778 parameters
2023-12-16 01:19:40,377 | [DEBUG] : Current training mode: initial
2023-12-16 01:19:40,391 | [INFO] : GPU allocation changing : going up
2023-12-16 01:19:40,394 | [DEBUG] : Current model size: 20778 parameters
2023-12-16 01:19:40,394 | [DEBUG] : Current training mode: increased
2023-12-16 01:19:40,394 | [INFO] : no layers were added
2023-12-16 01:19:40,394 | [DEBUG] : Model size was changed to 20778 parameters
2023-12-16 01:19:40,394 | [DEBUG] : Learning rate is now 0.010000
2023-12-16 01:19:49,609 | [INFO] : New learning rate: 0.009000000000000001
2023-12-16 01:19:51,294 | [DEBUG] : Current model size: 20778 parameters
2023-12-16 01:19:51,294 | [DEBUG] : Current training mode: increased
2023-12-16 01:19:51,296 | [INFO] : deepening layer 0/3: Conv2d(3, 64, kernel_size=(3, 3), stride=(1, 1))
2023-12-16 01:19:51,297 | [DEBUG] : Model size was changed to 57834 parameters
2023-12-16 01:19:51,297 | [DEBUG] : Learning rate is now 0.010000
2023-12-16 01:20:01,131 | [INFO] : New learning rate: 0.009000000000000001
2023-12-16 01:20:02,871 | [DEBUG] : Current model size: 57834 parameters
2023-12-16 01:20:02,871 | [DEBUG] : Current training mode: increased
2023-12-16 01:20:02,872 | [INFO] : deepening layer 2/3: Linear(in_features=32, out_features=10, bias=True)
2023-12-16 01:20:02,873 | [DEBUG] : Model size was changed to 57944 parameters
2023-12-16 01:20:02,873 | [DEBUG] : Learning rate is now 0.010000
2023-12-16 01:20:12,880 | [INFO] : New learning rate: 0.009000000000000001
2023-12-16 01:20:14,618 | [DEBUG] : Current model size: 57944 parameters
2023-12-16 01:20:14,618 | [DEBUG] : Current training mode: increased
2023-12-16 01:20:14,619 | [INFO] : no layers were added
2023-12-16 01:20:14,619 | [DEBUG] : Model size was changed to 57944 parameters
2023-12-16 01:20:14,619 | [DEBUG] : Learning rate is now 0.010000
2023-12-16 01:20:24,584 | [INFO] : New learning rate: 0.009000000000000001
2023-12-16 01:20:26,392 | [DEBUG] : Current model size: 57944 parameters
2023-12-16 01:20:26,392 | [DEBUG] : Current training mode: increased
2023-12-16 01:20:26,392 | [INFO] : no layers were added
2023-12-16 01:20:26,392 | [DEBUG] : Model size was changed to 57944 parameters
2023-12-16 01:20:26,392 | [DEBUG] : Learning rate is now 0.010000
2023-12-16 01:20:36,386 | [INFO] : New learning rate: 0.009000000000000001
2023-12-16 01:20:38,147 | [DEBUG] : Current model size: 57944 parameters
2023-12-16 01:20:38,147 | [DEBUG] : Current training mode: increased
2023-12-16 01:20:38,147 | [INFO] : no layers were added
2023-12-16 01:20:38,148 | [DEBUG] : Model size was changed to 57944 parameters
2023-12-16 01:20:38,148 | [DEBUG] : Learning rate is now 0.010000
2023-12-16 01:20:48,663 | [INFO] : New learning rate: 0.009000000000000001
2023-12-16 01:20:50,371 | [DEBUG] : Current model size: 57944 parameters
2023-12-16 01:20:50,371 | [DEBUG] : Current training mode: increased
2023-12-16 01:20:50,371 | [INFO] : no layers were added
2023-12-16 01:20:50,372 | [DEBUG] : Model size was changed to 57944 parameters
2023-12-16 01:20:50,372 | [DEBUG] : Learning rate is now 0.010000
2023-12-16 01:20:50,384 | [INFO] : training has run out of time
2023-12-16 01:20:50,384 | [INFO] : training50 runtime (h:mm:ss): 0:01:11
2023-12-16 01:20:50,385 | [INFO] : training50 end time: 12/16/2023 01:20:50 AM
2023-12-16 01:20:50,385 | [INFO] : episode 51/64 finished, objective: None
