2023-12-16 01:23:13,012 | [INFO] : training53 start time: 12/16/2023 01:23:13 AM
2023-12-16 01:23:13,015 | [INFO] : Initialized model with weights: results/small_late3/weights.pth
2023-12-16 01:23:13,015 | [DEBUG] : Current model size: 20778 parameters
2023-12-16 01:23:13,015 | [DEBUG] : Current training mode: initial
2023-12-16 01:23:13,029 | [INFO] : GPU allocation changing : going up
2023-12-16 01:23:13,032 | [DEBUG] : Current model size: 20778 parameters
2023-12-16 01:23:13,032 | [DEBUG] : Current training mode: increased
2023-12-16 01:23:13,032 | [INFO] : no layers were added
2023-12-16 01:23:13,032 | [DEBUG] : Model size was changed to 20778 parameters
2023-12-16 01:23:13,032 | [DEBUG] : Learning rate is now 0.010000
2023-12-16 01:23:22,404 | [INFO] : New learning rate: 0.009000000000000001
2023-12-16 01:23:24,051 | [DEBUG] : Current model size: 20778 parameters
2023-12-16 01:23:24,051 | [DEBUG] : Current training mode: increased
2023-12-16 01:23:24,053 | [INFO] : deepening layer 1/3: Conv2d(64, 32, kernel_size=(3, 3), stride=(1, 1))
2023-12-16 01:23:24,054 | [DEBUG] : Model size was changed to 30090 parameters
2023-12-16 01:23:24,054 | [DEBUG] : Learning rate is now 0.010000
2023-12-16 01:23:33,580 | [INFO] : New learning rate: 0.009000000000000001
2023-12-16 01:23:35,331 | [DEBUG] : Current model size: 30090 parameters
2023-12-16 01:23:35,331 | [DEBUG] : Current training mode: increased
2023-12-16 01:23:35,333 | [INFO] : deepening layer 1/3: Conv2d(64, 32, kernel_size=(3, 3), stride=(1, 1))
2023-12-16 01:23:35,334 | [DEBUG] : Model size was changed to 39402 parameters
2023-12-16 01:23:35,334 | [DEBUG] : Learning rate is now 0.010000
2023-12-16 01:23:45,436 | [INFO] : New learning rate: 0.009000000000000001
2023-12-16 01:23:47,192 | [DEBUG] : Current model size: 39402 parameters
2023-12-16 01:23:47,192 | [DEBUG] : Current training mode: increased
2023-12-16 01:23:47,193 | [INFO] : no layers were added
2023-12-16 01:23:47,193 | [DEBUG] : Model size was changed to 39402 parameters
2023-12-16 01:23:47,193 | [DEBUG] : Learning rate is now 0.010000
2023-12-16 01:23:57,368 | [INFO] : New learning rate: 0.009000000000000001
2023-12-16 01:23:59,063 | [DEBUG] : Current model size: 39402 parameters
2023-12-16 01:23:59,063 | [DEBUG] : Current training mode: increased
2023-12-16 01:23:59,063 | [INFO] : no layers were added
2023-12-16 01:23:59,064 | [DEBUG] : Model size was changed to 39402 parameters
2023-12-16 01:23:59,064 | [DEBUG] : Learning rate is now 0.010000
2023-12-16 01:24:08,938 | [INFO] : New learning rate: 0.009000000000000001
2023-12-16 01:24:10,672 | [DEBUG] : Current model size: 39402 parameters
2023-12-16 01:24:10,672 | [DEBUG] : Current training mode: increased
2023-12-16 01:24:10,673 | [INFO] : no layers were added
2023-12-16 01:24:10,673 | [DEBUG] : Model size was changed to 39402 parameters
2023-12-16 01:24:10,673 | [DEBUG] : Learning rate is now 0.010000
2023-12-16 01:24:20,828 | [INFO] : New learning rate: 0.009000000000000001
2023-12-16 01:24:22,539 | [DEBUG] : Current model size: 39402 parameters
2023-12-16 01:24:22,539 | [DEBUG] : Current training mode: increased
2023-12-16 01:24:22,539 | [INFO] : no layers were added
2023-12-16 01:24:22,540 | [DEBUG] : Model size was changed to 39402 parameters
2023-12-16 01:24:22,540 | [DEBUG] : Learning rate is now 0.010000
2023-12-16 01:24:23,018 | [INFO] : training has run out of time
2023-12-16 01:24:23,019 | [INFO] : training53 runtime (h:mm:ss): 0:01:11
2023-12-16 01:24:23,019 | [INFO] : training53 end time: 12/16/2023 01:24:23 AM
2023-12-16 01:24:23,019 | [INFO] : episode 54/64 finished, objective: None
