2023-12-16 00:11:42,513 | [INFO] : training60 start time: 12/16/2023 12:11:42 AM
2023-12-16 00:11:42,517 | [INFO] : Initialized model with weights: results/small_middle_late3/weights.pth
2023-12-16 00:11:42,517 | [DEBUG] : Current model size: 20778 parameters
2023-12-16 00:11:42,517 | [DEBUG] : Current training mode: initial
2023-12-16 00:11:42,532 | [INFO] : GPU allocation changing : going up
2023-12-16 00:11:42,535 | [DEBUG] : Current model size: 20778 parameters
2023-12-16 00:11:42,535 | [DEBUG] : Current training mode: increased
2023-12-16 00:11:42,535 | [INFO] : no layers were added
2023-12-16 00:11:42,535 | [DEBUG] : Model size was changed to 20778 parameters
2023-12-16 00:11:42,535 | [DEBUG] : Learning rate is now 0.010000
2023-12-16 00:11:52,139 | [INFO] : New learning rate: 0.009000000000000001
2023-12-16 00:11:53,809 | [DEBUG] : Current model size: 20778 parameters
2023-12-16 00:11:53,809 | [DEBUG] : Current training mode: increased
2023-12-16 00:11:53,810 | [INFO] : no layers were added
2023-12-16 00:11:53,810 | [DEBUG] : Model size was changed to 20778 parameters
2023-12-16 00:11:53,810 | [DEBUG] : Learning rate is now 0.010000
2023-12-16 00:12:03,377 | [INFO] : New learning rate: 0.009000000000000001
2023-12-16 00:12:05,079 | [DEBUG] : Current model size: 20778 parameters
2023-12-16 00:12:05,080 | [DEBUG] : Current training mode: increased
2023-12-16 00:12:05,082 | [INFO] : deepening layer 0/3: Conv2d(3, 64, kernel_size=(3, 3), stride=(1, 1))
2023-12-16 00:12:05,083 | [DEBUG] : Model size was changed to 57834 parameters
2023-12-16 00:12:05,083 | [DEBUG] : Learning rate is now 0.010000
2023-12-16 00:12:15,294 | [INFO] : New learning rate: 0.009000000000000001
2023-12-16 00:12:17,052 | [DEBUG] : Current model size: 57834 parameters
2023-12-16 00:12:17,052 | [DEBUG] : Current training mode: increased
2023-12-16 00:12:17,052 | [INFO] : no layers were added
2023-12-16 00:12:17,053 | [DEBUG] : Model size was changed to 57834 parameters
2023-12-16 00:12:17,053 | [DEBUG] : Learning rate is now 0.010000
2023-12-16 00:12:27,366 | [INFO] : New learning rate: 0.009000000000000001
2023-12-16 00:12:29,123 | [DEBUG] : Current model size: 57834 parameters
2023-12-16 00:12:29,123 | [DEBUG] : Current training mode: increased
2023-12-16 00:12:29,123 | [INFO] : no layers were added
2023-12-16 00:12:29,124 | [DEBUG] : Model size was changed to 57834 parameters
2023-12-16 00:12:29,124 | [DEBUG] : Learning rate is now 0.010000
2023-12-16 00:12:39,466 | [INFO] : New learning rate: 0.009000000000000001
2023-12-16 00:12:41,216 | [DEBUG] : Current model size: 57834 parameters
2023-12-16 00:12:41,216 | [DEBUG] : Current training mode: increased
2023-12-16 00:12:41,216 | [INFO] : no layers were added
2023-12-16 00:12:41,217 | [DEBUG] : Model size was changed to 57834 parameters
2023-12-16 00:12:41,217 | [DEBUG] : Learning rate is now 0.010000
2023-12-16 00:12:51,475 | [INFO] : New learning rate: 0.009000000000000001
2023-12-16 00:12:53,234 | [DEBUG] : Current model size: 57834 parameters
2023-12-16 00:12:53,234 | [DEBUG] : Current training mode: increased
2023-12-16 00:12:53,235 | [INFO] : no layers were added
2023-12-16 00:12:53,235 | [DEBUG] : Model size was changed to 57834 parameters
2023-12-16 00:12:53,235 | [DEBUG] : Learning rate is now 0.010000
2023-12-16 00:13:03,580 | [INFO] : New learning rate: 0.009000000000000001
2023-12-16 00:13:05,332 | [DEBUG] : Current model size: 57834 parameters
2023-12-16 00:13:05,332 | [DEBUG] : Current training mode: increased
2023-12-16 00:13:05,332 | [INFO] : no layers were added
2023-12-16 00:13:05,333 | [DEBUG] : Model size was changed to 57834 parameters
2023-12-16 00:13:05,333 | [DEBUG] : Learning rate is now 0.010000
2023-12-16 00:13:15,826 | [INFO] : New learning rate: 0.009000000000000001
2023-12-16 00:13:17,589 | [DEBUG] : Current model size: 57834 parameters
2023-12-16 00:13:17,589 | [DEBUG] : Current training mode: increased
2023-12-16 00:13:17,589 | [INFO] : no layers were added
2023-12-16 00:13:17,590 | [DEBUG] : Model size was changed to 57834 parameters
2023-12-16 00:13:17,590 | [DEBUG] : Learning rate is now 0.010000
2023-12-16 00:13:28,039 | [INFO] : New learning rate: 0.009000000000000001
2023-12-16 00:13:29,798 | [DEBUG] : Current model size: 57834 parameters
2023-12-16 00:13:29,799 | [DEBUG] : Current training mode: increased
2023-12-16 00:13:29,799 | [INFO] : no layers were added
2023-12-16 00:13:29,799 | [DEBUG] : Model size was changed to 57834 parameters
2023-12-16 00:13:29,799 | [DEBUG] : Learning rate is now 0.010000
2023-12-16 00:13:40,077 | [INFO] : New learning rate: 0.009000000000000001
2023-12-16 00:13:41,785 | [DEBUG] : Current model size: 57834 parameters
2023-12-16 00:13:41,785 | [DEBUG] : Current training mode: increased
2023-12-16 00:13:41,785 | [INFO] : no layers were added
2023-12-16 00:13:41,786 | [DEBUG] : Model size was changed to 57834 parameters
2023-12-16 00:13:41,786 | [DEBUG] : Learning rate is now 0.010000
2023-12-16 00:13:52,066 | [INFO] : New learning rate: 0.009000000000000001
2023-12-16 00:13:53,822 | [DEBUG] : Current model size: 57834 parameters
2023-12-16 00:13:53,822 | [DEBUG] : Current training mode: increased
2023-12-16 00:13:53,822 | [INFO] : no layers were added
2023-12-16 00:13:53,823 | [DEBUG] : Model size was changed to 57834 parameters
2023-12-16 00:13:53,823 | [DEBUG] : Learning rate is now 0.010000
2023-12-16 00:13:53,836 | [INFO] : training has run out of time
2023-12-16 00:13:53,836 | [INFO] : training60 runtime (h:mm:ss): 0:02:12
2023-12-16 00:13:53,836 | [INFO] : training60 end time: 12/16/2023 12:13:53 AM
2023-12-16 00:13:53,836 | [INFO] : episode 61/64 finished, objective: None
