2023-12-15 22:46:42,916 | [INFO] : training21 start time: 12/15/2023 10:46:42 PM
2023-12-15 22:46:42,919 | [INFO] : Initialized model with weights: results/small_middle_late3/weights.pth
2023-12-15 22:46:42,919 | [DEBUG] : Current model size: 20778 parameters
2023-12-15 22:46:42,919 | [DEBUG] : Current training mode: initial
2023-12-15 22:46:42,933 | [INFO] : GPU allocation changing : going up
2023-12-15 22:46:42,935 | [DEBUG] : Current model size: 20778 parameters
2023-12-15 22:46:42,935 | [DEBUG] : Current training mode: increased
2023-12-15 22:46:42,937 | [INFO] : deepening layer 1/3: Conv2d(64, 32, kernel_size=(3, 3), stride=(1, 1))
2023-12-15 22:46:42,937 | [DEBUG] : Model size was changed to 30090 parameters
2023-12-15 22:46:42,937 | [DEBUG] : Learning rate is now 0.010000
2023-12-15 22:46:52,364 | [INFO] : New learning rate: 0.009000000000000001
2023-12-15 22:46:54,010 | [DEBUG] : Current model size: 30090 parameters
2023-12-15 22:46:54,010 | [DEBUG] : Current training mode: increased
2023-12-15 22:46:54,012 | [INFO] : deepening layer 1/3: Conv2d(64, 32, kernel_size=(3, 3), stride=(1, 1))
2023-12-15 22:46:54,012 | [DEBUG] : Model size was changed to 39402 parameters
2023-12-15 22:46:54,012 | [DEBUG] : Learning rate is now 0.010000
2023-12-15 22:47:03,847 | [INFO] : New learning rate: 0.009000000000000001
2023-12-15 22:47:05,583 | [DEBUG] : Current model size: 39402 parameters
2023-12-15 22:47:05,583 | [DEBUG] : Current training mode: increased
2023-12-15 22:47:05,584 | [INFO] : deepening layer 1/3: Conv2d(64, 32, kernel_size=(3, 3), stride=(1, 1))
2023-12-15 22:47:05,584 | [DEBUG] : Model size was changed to 48714 parameters
2023-12-15 22:47:05,584 | [DEBUG] : Learning rate is now 0.010000
2023-12-15 22:47:15,906 | [INFO] : New learning rate: 0.009000000000000001
2023-12-15 22:47:17,615 | [DEBUG] : Current model size: 48714 parameters
2023-12-15 22:47:17,615 | [DEBUG] : Current training mode: increased
2023-12-15 22:47:17,615 | [INFO] : no layers were added
2023-12-15 22:47:17,615 | [DEBUG] : Model size was changed to 48714 parameters
2023-12-15 22:47:17,615 | [DEBUG] : Learning rate is now 0.010000
2023-12-15 22:47:27,856 | [INFO] : New learning rate: 0.009000000000000001
2023-12-15 22:47:29,567 | [DEBUG] : Current model size: 48714 parameters
2023-12-15 22:47:29,567 | [DEBUG] : Current training mode: increased
2023-12-15 22:47:29,567 | [INFO] : no layers were added
2023-12-15 22:47:29,568 | [DEBUG] : Model size was changed to 48714 parameters
2023-12-15 22:47:29,568 | [DEBUG] : Learning rate is now 0.010000
2023-12-15 22:47:39,690 | [INFO] : New learning rate: 0.009000000000000001
2023-12-15 22:47:41,413 | [DEBUG] : Current model size: 48714 parameters
2023-12-15 22:47:41,413 | [DEBUG] : Current training mode: increased
2023-12-15 22:47:41,413 | [INFO] : no layers were added
2023-12-15 22:47:41,414 | [DEBUG] : Model size was changed to 48714 parameters
2023-12-15 22:47:41,414 | [DEBUG] : Learning rate is now 0.010000
2023-12-15 22:47:51,686 | [INFO] : New learning rate: 0.009000000000000001
2023-12-15 22:47:53,400 | [DEBUG] : Current model size: 48714 parameters
2023-12-15 22:47:53,400 | [DEBUG] : Current training mode: increased
2023-12-15 22:47:53,400 | [INFO] : no layers were added
2023-12-15 22:47:53,401 | [DEBUG] : Model size was changed to 48714 parameters
2023-12-15 22:47:53,401 | [DEBUG] : Learning rate is now 0.010000
2023-12-15 22:48:03,467 | [INFO] : New learning rate: 0.009000000000000001
2023-12-15 22:48:05,248 | [DEBUG] : Current model size: 48714 parameters
2023-12-15 22:48:05,249 | [DEBUG] : Current training mode: increased
2023-12-15 22:48:05,249 | [INFO] : no layers were added
2023-12-15 22:48:05,249 | [DEBUG] : Model size was changed to 48714 parameters
2023-12-15 22:48:05,249 | [DEBUG] : Learning rate is now 0.010000
2023-12-15 22:48:15,367 | [INFO] : New learning rate: 0.009000000000000001
2023-12-15 22:48:17,060 | [DEBUG] : Current model size: 48714 parameters
2023-12-15 22:48:17,060 | [DEBUG] : Current training mode: increased
2023-12-15 22:48:17,060 | [INFO] : no layers were added
2023-12-15 22:48:17,061 | [DEBUG] : Model size was changed to 48714 parameters
2023-12-15 22:48:17,061 | [DEBUG] : Learning rate is now 0.010000
2023-12-15 22:48:27,101 | [INFO] : New learning rate: 0.009000000000000001
2023-12-15 22:48:28,813 | [DEBUG] : Current model size: 48714 parameters
2023-12-15 22:48:28,813 | [DEBUG] : Current training mode: increased
2023-12-15 22:48:28,813 | [INFO] : no layers were added
2023-12-15 22:48:28,813 | [DEBUG] : Model size was changed to 48714 parameters
2023-12-15 22:48:28,813 | [DEBUG] : Learning rate is now 0.010000
2023-12-15 22:48:38,844 | [INFO] : New learning rate: 0.009000000000000001
2023-12-15 22:48:40,555 | [DEBUG] : Current model size: 48714 parameters
2023-12-15 22:48:40,555 | [DEBUG] : Current training mode: increased
2023-12-15 22:48:40,556 | [INFO] : no layers were added
2023-12-15 22:48:40,556 | [DEBUG] : Model size was changed to 48714 parameters
2023-12-15 22:48:40,556 | [DEBUG] : Learning rate is now 0.010000
2023-12-15 22:48:50,602 | [INFO] : New learning rate: 0.009000000000000001
2023-12-15 22:48:52,312 | [DEBUG] : Current model size: 48714 parameters
2023-12-15 22:48:52,312 | [DEBUG] : Current training mode: increased
2023-12-15 22:48:52,312 | [INFO] : no layers were added
2023-12-15 22:48:52,313 | [DEBUG] : Model size was changed to 48714 parameters
2023-12-15 22:48:52,313 | [DEBUG] : Learning rate is now 0.010000
2023-12-15 22:48:52,927 | [INFO] : training has run out of time
2023-12-15 22:48:52,927 | [INFO] : training21 runtime (h:mm:ss): 0:02:11
2023-12-15 22:48:52,927 | [INFO] : training21 end time: 12/15/2023 10:48:52 PM
2023-12-15 22:48:52,927 | [INFO] : episode 22/64 finished, objective: None
