2023-12-15 22:22:43,398 | [INFO] : training10 start time: 12/15/2023 10:22:43 PM
2023-12-15 22:22:43,400 | [INFO] : Initialized model with weights: results/small_middle_late3/weights.pth
2023-12-15 22:22:43,400 | [DEBUG] : Current model size: 20778 parameters
2023-12-15 22:22:43,400 | [DEBUG] : Current training mode: initial
2023-12-15 22:22:43,414 | [INFO] : GPU allocation changing : going up
2023-12-15 22:22:43,416 | [DEBUG] : Current model size: 20778 parameters
2023-12-15 22:22:43,416 | [DEBUG] : Current training mode: increased
2023-12-15 22:22:43,418 | [INFO] : deepening layer 0/3: Conv2d(3, 64, kernel_size=(3, 3), stride=(1, 1))
2023-12-15 22:22:43,418 | [DEBUG] : Model size was changed to 57834 parameters
2023-12-15 22:22:43,418 | [DEBUG] : Learning rate is now 0.010000
2023-12-15 22:22:53,171 | [INFO] : New learning rate: 0.009000000000000001
2023-12-15 22:22:54,891 | [DEBUG] : Current model size: 57834 parameters
2023-12-15 22:22:54,892 | [DEBUG] : Current training mode: increased
2023-12-15 22:22:54,892 | [INFO] : deepening layer 2/3: Linear(in_features=32, out_features=10, bias=True)
2023-12-15 22:22:54,893 | [DEBUG] : Model size was changed to 57944 parameters
2023-12-15 22:22:54,893 | [DEBUG] : Learning rate is now 0.010000
2023-12-15 22:23:04,586 | [INFO] : New learning rate: 0.009000000000000001
2023-12-15 22:23:06,276 | [DEBUG] : Current model size: 57944 parameters
2023-12-15 22:23:06,276 | [DEBUG] : Current training mode: increased
2023-12-15 22:23:06,277 | [INFO] : deepening layer 2/3: Linear(in_features=32, out_features=10, bias=True)
2023-12-15 22:23:06,278 | [DEBUG] : Model size was changed to 58054 parameters
2023-12-15 22:23:06,278 | [DEBUG] : Learning rate is now 0.010000
2023-12-15 22:23:16,067 | [INFO] : New learning rate: 0.009000000000000001
2023-12-15 22:23:17,795 | [DEBUG] : Current model size: 58054 parameters
2023-12-15 22:23:17,795 | [DEBUG] : Current training mode: increased
2023-12-15 22:23:17,795 | [INFO] : no layers were added
2023-12-15 22:23:17,796 | [DEBUG] : Model size was changed to 58054 parameters
2023-12-15 22:23:17,796 | [DEBUG] : Learning rate is now 0.010000
2023-12-15 22:23:27,608 | [INFO] : New learning rate: 0.009000000000000001
2023-12-15 22:23:29,288 | [DEBUG] : Current model size: 58054 parameters
2023-12-15 22:23:29,288 | [DEBUG] : Current training mode: increased
2023-12-15 22:23:29,288 | [INFO] : no layers were added
2023-12-15 22:23:29,289 | [DEBUG] : Model size was changed to 58054 parameters
2023-12-15 22:23:29,289 | [DEBUG] : Learning rate is now 0.010000
2023-12-15 22:23:39,079 | [INFO] : New learning rate: 0.009000000000000001
2023-12-15 22:23:40,783 | [DEBUG] : Current model size: 58054 parameters
2023-12-15 22:23:40,783 | [DEBUG] : Current training mode: increased
2023-12-15 22:23:40,783 | [INFO] : no layers were added
2023-12-15 22:23:40,783 | [DEBUG] : Model size was changed to 58054 parameters
2023-12-15 22:23:40,783 | [DEBUG] : Learning rate is now 0.010000
2023-12-15 22:23:50,542 | [INFO] : New learning rate: 0.009000000000000001
2023-12-15 22:23:52,237 | [DEBUG] : Current model size: 58054 parameters
2023-12-15 22:23:52,237 | [DEBUG] : Current training mode: increased
2023-12-15 22:23:52,237 | [INFO] : no layers were added
2023-12-15 22:23:52,237 | [DEBUG] : Model size was changed to 58054 parameters
2023-12-15 22:23:52,237 | [DEBUG] : Learning rate is now 0.010000
2023-12-15 22:24:02,153 | [INFO] : New learning rate: 0.009000000000000001
2023-12-15 22:24:03,845 | [DEBUG] : Current model size: 58054 parameters
2023-12-15 22:24:03,846 | [DEBUG] : Current training mode: increased
2023-12-15 22:24:03,846 | [INFO] : no layers were added
2023-12-15 22:24:03,846 | [DEBUG] : Model size was changed to 58054 parameters
2023-12-15 22:24:03,846 | [DEBUG] : Learning rate is now 0.010000
2023-12-15 22:24:13,707 | [INFO] : New learning rate: 0.009000000000000001
2023-12-15 22:24:15,411 | [DEBUG] : Current model size: 58054 parameters
2023-12-15 22:24:15,411 | [DEBUG] : Current training mode: increased
2023-12-15 22:24:15,411 | [INFO] : no layers were added
2023-12-15 22:24:15,411 | [DEBUG] : Model size was changed to 58054 parameters
2023-12-15 22:24:15,411 | [DEBUG] : Learning rate is now 0.010000
2023-12-15 22:24:25,261 | [INFO] : New learning rate: 0.009000000000000001
2023-12-15 22:24:26,979 | [DEBUG] : Current model size: 58054 parameters
2023-12-15 22:24:26,979 | [DEBUG] : Current training mode: increased
2023-12-15 22:24:26,979 | [INFO] : no layers were added
2023-12-15 22:24:26,980 | [DEBUG] : Model size was changed to 58054 parameters
2023-12-15 22:24:26,980 | [DEBUG] : Learning rate is now 0.010000
2023-12-15 22:24:37,238 | [INFO] : New learning rate: 0.009000000000000001
2023-12-15 22:24:39,086 | [DEBUG] : Current model size: 58054 parameters
2023-12-15 22:24:39,086 | [DEBUG] : Current training mode: increased
2023-12-15 22:24:39,086 | [INFO] : no layers were added
2023-12-15 22:24:39,087 | [DEBUG] : Model size was changed to 58054 parameters
2023-12-15 22:24:39,087 | [DEBUG] : Learning rate is now 0.010000
2023-12-15 22:24:49,230 | [INFO] : New learning rate: 0.009000000000000001
2023-12-15 22:24:50,996 | [DEBUG] : Current model size: 58054 parameters
2023-12-15 22:24:50,996 | [DEBUG] : Current training mode: increased
2023-12-15 22:24:50,997 | [INFO] : no layers were added
2023-12-15 22:24:50,997 | [DEBUG] : Model size was changed to 58054 parameters
2023-12-15 22:24:50,997 | [DEBUG] : Learning rate is now 0.010000
2023-12-15 22:24:53,412 | [INFO] : training has run out of time
2023-12-15 22:24:53,413 | [INFO] : training10 runtime (h:mm:ss): 0:02:11
2023-12-15 22:24:53,413 | [INFO] : training10 end time: 12/15/2023 10:24:53 PM
2023-12-15 22:24:53,413 | [INFO] : episode 11/64 finished, objective: None
