2023-12-15 23:23:45,408 | [INFO] : training38 start time: 12/15/2023 11:23:45 PM
2023-12-15 23:23:45,411 | [INFO] : Initialized model with weights: results/small_middle_late3/weights.pth
2023-12-15 23:23:45,411 | [DEBUG] : Current model size: 20778 parameters
2023-12-15 23:23:45,411 | [DEBUG] : Current training mode: initial
2023-12-15 23:23:45,425 | [INFO] : GPU allocation changing : going up
2023-12-15 23:23:45,427 | [DEBUG] : Current model size: 20778 parameters
2023-12-15 23:23:45,427 | [DEBUG] : Current training mode: increased
2023-12-15 23:23:45,428 | [INFO] : deepening layer 2/3: Linear(in_features=32, out_features=10, bias=True)
2023-12-15 23:23:45,428 | [DEBUG] : Model size was changed to 20888 parameters
2023-12-15 23:23:45,428 | [DEBUG] : Learning rate is now 0.010000
2023-12-15 23:23:54,784 | [INFO] : New learning rate: 0.009000000000000001
2023-12-15 23:23:56,456 | [DEBUG] : Current model size: 20888 parameters
2023-12-15 23:23:56,456 | [DEBUG] : Current training mode: increased
2023-12-15 23:23:56,457 | [INFO] : deepening layer 1/3: Conv2d(64, 32, kernel_size=(3, 3), stride=(1, 1))
2023-12-15 23:23:56,458 | [DEBUG] : Model size was changed to 30200 parameters
2023-12-15 23:23:56,458 | [DEBUG] : Learning rate is now 0.010000
2023-12-15 23:24:05,950 | [INFO] : New learning rate: 0.009000000000000001
2023-12-15 23:24:07,594 | [DEBUG] : Current model size: 30200 parameters
2023-12-15 23:24:07,594 | [DEBUG] : Current training mode: increased
2023-12-15 23:24:07,595 | [INFO] : deepening layer 2/3: Linear(in_features=32, out_features=10, bias=True)
2023-12-15 23:24:07,595 | [DEBUG] : Model size was changed to 30310 parameters
2023-12-15 23:24:07,595 | [DEBUG] : Learning rate is now 0.010000
2023-12-15 23:24:17,337 | [INFO] : New learning rate: 0.009000000000000001
2023-12-15 23:24:19,019 | [DEBUG] : Current model size: 30310 parameters
2023-12-15 23:24:19,020 | [DEBUG] : Current training mode: increased
2023-12-15 23:24:19,020 | [INFO] : no layers were added
2023-12-15 23:24:19,021 | [DEBUG] : Model size was changed to 30310 parameters
2023-12-15 23:24:19,021 | [DEBUG] : Learning rate is now 0.010000
2023-12-15 23:24:28,705 | [INFO] : New learning rate: 0.009000000000000001
2023-12-15 23:24:30,370 | [DEBUG] : Current model size: 30310 parameters
2023-12-15 23:24:30,370 | [DEBUG] : Current training mode: increased
2023-12-15 23:24:30,370 | [INFO] : no layers were added
2023-12-15 23:24:30,370 | [DEBUG] : Model size was changed to 30310 parameters
2023-12-15 23:24:30,371 | [DEBUG] : Learning rate is now 0.010000
2023-12-15 23:24:40,021 | [INFO] : New learning rate: 0.009000000000000001
2023-12-15 23:24:41,692 | [DEBUG] : Current model size: 30310 parameters
2023-12-15 23:24:41,692 | [DEBUG] : Current training mode: increased
2023-12-15 23:24:41,692 | [INFO] : no layers were added
2023-12-15 23:24:41,693 | [DEBUG] : Model size was changed to 30310 parameters
2023-12-15 23:24:41,693 | [DEBUG] : Learning rate is now 0.010000
2023-12-15 23:24:51,351 | [INFO] : New learning rate: 0.009000000000000001
2023-12-15 23:24:52,996 | [DEBUG] : Current model size: 30310 parameters
2023-12-15 23:24:52,996 | [DEBUG] : Current training mode: increased
2023-12-15 23:24:52,996 | [INFO] : no layers were added
2023-12-15 23:24:52,997 | [DEBUG] : Model size was changed to 30310 parameters
2023-12-15 23:24:52,997 | [DEBUG] : Learning rate is now 0.010000
2023-12-15 23:25:02,894 | [INFO] : New learning rate: 0.009000000000000001
2023-12-15 23:25:04,612 | [DEBUG] : Current model size: 30310 parameters
2023-12-15 23:25:04,612 | [DEBUG] : Current training mode: increased
2023-12-15 23:25:04,612 | [INFO] : no layers were added
2023-12-15 23:25:04,612 | [DEBUG] : Model size was changed to 30310 parameters
2023-12-15 23:25:04,612 | [DEBUG] : Learning rate is now 0.010000
2023-12-15 23:25:14,386 | [INFO] : New learning rate: 0.009000000000000001
2023-12-15 23:25:16,069 | [DEBUG] : Current model size: 30310 parameters
2023-12-15 23:25:16,069 | [DEBUG] : Current training mode: increased
2023-12-15 23:25:16,069 | [INFO] : no layers were added
2023-12-15 23:25:16,069 | [DEBUG] : Model size was changed to 30310 parameters
2023-12-15 23:25:16,070 | [DEBUG] : Learning rate is now 0.010000
2023-12-15 23:25:25,762 | [INFO] : New learning rate: 0.009000000000000001
2023-12-15 23:25:27,494 | [DEBUG] : Current model size: 30310 parameters
2023-12-15 23:25:27,494 | [DEBUG] : Current training mode: increased
2023-12-15 23:25:27,494 | [INFO] : no layers were added
2023-12-15 23:25:27,495 | [DEBUG] : Model size was changed to 30310 parameters
2023-12-15 23:25:27,495 | [DEBUG] : Learning rate is now 0.010000
2023-12-15 23:25:37,176 | [INFO] : New learning rate: 0.009000000000000001
2023-12-15 23:25:38,850 | [DEBUG] : Current model size: 30310 parameters
2023-12-15 23:25:38,850 | [DEBUG] : Current training mode: increased
2023-12-15 23:25:38,851 | [INFO] : no layers were added
2023-12-15 23:25:38,851 | [DEBUG] : Model size was changed to 30310 parameters
2023-12-15 23:25:38,851 | [DEBUG] : Learning rate is now 0.010000
2023-12-15 23:25:48,629 | [INFO] : New learning rate: 0.009000000000000001
2023-12-15 23:25:50,304 | [DEBUG] : Current model size: 30310 parameters
2023-12-15 23:25:50,304 | [DEBUG] : Current training mode: increased
2023-12-15 23:25:50,304 | [INFO] : no layers were added
2023-12-15 23:25:50,305 | [DEBUG] : Model size was changed to 30310 parameters
2023-12-15 23:25:50,305 | [DEBUG] : Learning rate is now 0.010000
2023-12-15 23:25:55,419 | [INFO] : training has run out of time
2023-12-15 23:25:55,420 | [INFO] : training38 runtime (h:mm:ss): 0:02:11
2023-12-15 23:25:55,420 | [INFO] : training38 end time: 12/15/2023 11:25:55 PM
2023-12-15 23:25:55,420 | [INFO] : episode 39/64 finished, objective: None
