2023-12-15 23:45:33,175 | [INFO] : training48 start time: 12/15/2023 11:45:33 PM
2023-12-15 23:45:33,178 | [INFO] : Initialized model with weights: results/small_middle_late3/weights.pth
2023-12-15 23:45:33,179 | [DEBUG] : Current model size: 20778 parameters
2023-12-15 23:45:33,179 | [DEBUG] : Current training mode: initial
2023-12-15 23:45:33,193 | [INFO] : GPU allocation changing : going up
2023-12-15 23:45:33,196 | [DEBUG] : Current model size: 20778 parameters
2023-12-15 23:45:33,196 | [DEBUG] : Current training mode: increased
2023-12-15 23:45:33,196 | [INFO] : no layers were added
2023-12-15 23:45:33,196 | [DEBUG] : Model size was changed to 20778 parameters
2023-12-15 23:45:33,196 | [DEBUG] : Learning rate is now 0.010000
2023-12-15 23:45:42,339 | [INFO] : New learning rate: 0.009000000000000001
2023-12-15 23:45:43,977 | [DEBUG] : Current model size: 20778 parameters
2023-12-15 23:45:43,977 | [DEBUG] : Current training mode: increased
2023-12-15 23:45:43,979 | [INFO] : deepening layer 0/3: Conv2d(3, 64, kernel_size=(3, 3), stride=(1, 1))
2023-12-15 23:45:43,979 | [DEBUG] : Model size was changed to 57834 parameters
2023-12-15 23:45:43,980 | [DEBUG] : Learning rate is now 0.010000
2023-12-15 23:45:53,634 | [INFO] : New learning rate: 0.009000000000000001
2023-12-15 23:45:55,335 | [DEBUG] : Current model size: 57834 parameters
2023-12-15 23:45:55,335 | [DEBUG] : Current training mode: increased
2023-12-15 23:45:55,336 | [INFO] : deepening layer 0/3: Conv2d(3, 64, kernel_size=(3, 3), stride=(1, 1))
2023-12-15 23:45:55,337 | [DEBUG] : Model size was changed to 94890 parameters
2023-12-15 23:45:55,337 | [DEBUG] : Learning rate is now 0.010000
2023-12-15 23:46:05,879 | [INFO] : New learning rate: 0.009000000000000001
2023-12-15 23:46:07,682 | [DEBUG] : Current model size: 94890 parameters
2023-12-15 23:46:07,682 | [DEBUG] : Current training mode: increased
2023-12-15 23:46:07,682 | [INFO] : no layers were added
2023-12-15 23:46:07,682 | [DEBUG] : Model size was changed to 94890 parameters
2023-12-15 23:46:07,682 | [DEBUG] : Learning rate is now 0.010000
2023-12-15 23:46:17,836 | [INFO] : New learning rate: 0.009000000000000001
2023-12-15 23:46:19,595 | [DEBUG] : Current model size: 94890 parameters
2023-12-15 23:46:19,595 | [DEBUG] : Current training mode: increased
2023-12-15 23:46:19,595 | [INFO] : no layers were added
2023-12-15 23:46:19,596 | [DEBUG] : Model size was changed to 94890 parameters
2023-12-15 23:46:19,596 | [DEBUG] : Learning rate is now 0.010000
2023-12-15 23:46:29,778 | [INFO] : New learning rate: 0.009000000000000001
2023-12-15 23:46:31,509 | [DEBUG] : Current model size: 94890 parameters
2023-12-15 23:46:31,509 | [DEBUG] : Current training mode: increased
2023-12-15 23:46:31,510 | [INFO] : no layers were added
2023-12-15 23:46:31,510 | [DEBUG] : Model size was changed to 94890 parameters
2023-12-15 23:46:31,510 | [DEBUG] : Learning rate is now 0.010000
2023-12-15 23:46:41,631 | [INFO] : New learning rate: 0.009000000000000001
2023-12-15 23:46:43,381 | [DEBUG] : Current model size: 94890 parameters
2023-12-15 23:46:43,381 | [DEBUG] : Current training mode: increased
2023-12-15 23:46:43,382 | [INFO] : no layers were added
2023-12-15 23:46:43,382 | [DEBUG] : Model size was changed to 94890 parameters
2023-12-15 23:46:43,382 | [DEBUG] : Learning rate is now 0.010000
2023-12-15 23:46:53,741 | [INFO] : New learning rate: 0.009000000000000001
2023-12-15 23:46:55,543 | [DEBUG] : Current model size: 94890 parameters
2023-12-15 23:46:55,543 | [DEBUG] : Current training mode: increased
2023-12-15 23:46:55,543 | [INFO] : no layers were added
2023-12-15 23:46:55,544 | [DEBUG] : Model size was changed to 94890 parameters
2023-12-15 23:46:55,544 | [DEBUG] : Learning rate is now 0.010000
2023-12-15 23:47:06,400 | [INFO] : New learning rate: 0.009000000000000001
2023-12-15 23:47:08,166 | [DEBUG] : Current model size: 94890 parameters
2023-12-15 23:47:08,167 | [DEBUG] : Current training mode: increased
2023-12-15 23:47:08,167 | [INFO] : no layers were added
2023-12-15 23:47:08,167 | [DEBUG] : Model size was changed to 94890 parameters
2023-12-15 23:47:08,168 | [DEBUG] : Learning rate is now 0.010000
2023-12-15 23:47:18,771 | [INFO] : New learning rate: 0.009000000000000001
2023-12-15 23:47:20,570 | [DEBUG] : Current model size: 94890 parameters
2023-12-15 23:47:20,570 | [DEBUG] : Current training mode: increased
2023-12-15 23:47:20,570 | [INFO] : no layers were added
2023-12-15 23:47:20,571 | [DEBUG] : Model size was changed to 94890 parameters
2023-12-15 23:47:20,571 | [DEBUG] : Learning rate is now 0.010000
2023-12-15 23:47:31,262 | [INFO] : New learning rate: 0.009000000000000001
2023-12-15 23:47:33,032 | [DEBUG] : Current model size: 94890 parameters
2023-12-15 23:47:33,032 | [DEBUG] : Current training mode: increased
2023-12-15 23:47:33,032 | [INFO] : no layers were added
2023-12-15 23:47:33,033 | [DEBUG] : Model size was changed to 94890 parameters
2023-12-15 23:47:33,033 | [DEBUG] : Learning rate is now 0.010000
2023-12-15 23:47:43,190 | [INFO] : training has run out of time
2023-12-15 23:47:43,191 | [INFO] : training48 runtime (h:mm:ss): 0:02:11
2023-12-15 23:47:43,191 | [INFO] : training48 end time: 12/15/2023 11:47:43 PM
2023-12-15 23:47:43,191 | [INFO] : episode 49/64 finished, objective: None
