2023-12-15 22:18:21,947 | [INFO] : training08 start time: 12/15/2023 10:18:21 PM
2023-12-15 22:18:21,950 | [INFO] : Initialized model with weights: results/small_middle_late3/weights.pth
2023-12-15 22:18:21,950 | [DEBUG] : Current model size: 20778 parameters
2023-12-15 22:18:21,950 | [DEBUG] : Current training mode: initial
2023-12-15 22:18:21,963 | [INFO] : GPU allocation changing : going up
2023-12-15 22:18:21,965 | [DEBUG] : Current model size: 20778 parameters
2023-12-15 22:18:21,965 | [DEBUG] : Current training mode: increased
2023-12-15 22:18:21,967 | [INFO] : deepening layer 0/3: Conv2d(3, 64, kernel_size=(3, 3), stride=(1, 1))
2023-12-15 22:18:21,967 | [DEBUG] : Model size was changed to 57834 parameters
2023-12-15 22:18:21,967 | [DEBUG] : Learning rate is now 0.010000
2023-12-15 22:18:31,526 | [INFO] : New learning rate: 0.009000000000000001
2023-12-15 22:18:33,202 | [DEBUG] : Current model size: 57834 parameters
2023-12-15 22:18:33,202 | [DEBUG] : Current training mode: increased
2023-12-15 22:18:33,203 | [INFO] : deepening layer 2/3: Linear(in_features=32, out_features=10, bias=True)
2023-12-15 22:18:33,204 | [DEBUG] : Model size was changed to 57944 parameters
2023-12-15 22:18:33,204 | [DEBUG] : Learning rate is now 0.010000
2023-12-15 22:18:42,835 | [INFO] : New learning rate: 0.009000000000000001
2023-12-15 22:18:44,523 | [DEBUG] : Current model size: 57944 parameters
2023-12-15 22:18:44,523 | [DEBUG] : Current training mode: increased
2023-12-15 22:18:44,525 | [INFO] : deepening layer 0/3: Conv2d(3, 64, kernel_size=(3, 3), stride=(1, 1))
2023-12-15 22:18:44,525 | [DEBUG] : Model size was changed to 95000 parameters
2023-12-15 22:18:44,525 | [DEBUG] : Learning rate is now 0.010000
2023-12-15 22:18:54,600 | [INFO] : New learning rate: 0.009000000000000001
2023-12-15 22:18:56,356 | [DEBUG] : Current model size: 95000 parameters
2023-12-15 22:18:56,356 | [DEBUG] : Current training mode: increased
2023-12-15 22:18:56,356 | [INFO] : no layers were added
2023-12-15 22:18:56,356 | [DEBUG] : Model size was changed to 95000 parameters
2023-12-15 22:18:56,356 | [DEBUG] : Learning rate is now 0.010000
2023-12-15 22:19:06,441 | [INFO] : New learning rate: 0.009000000000000001
2023-12-15 22:19:08,174 | [DEBUG] : Current model size: 95000 parameters
2023-12-15 22:19:08,174 | [DEBUG] : Current training mode: increased
2023-12-15 22:19:08,174 | [INFO] : no layers were added
2023-12-15 22:19:08,175 | [DEBUG] : Model size was changed to 95000 parameters
2023-12-15 22:19:08,175 | [DEBUG] : Learning rate is now 0.010000
2023-12-15 22:19:18,303 | [INFO] : New learning rate: 0.009000000000000001
2023-12-15 22:19:20,061 | [DEBUG] : Current model size: 95000 parameters
2023-12-15 22:19:20,061 | [DEBUG] : Current training mode: increased
2023-12-15 22:19:20,061 | [INFO] : no layers were added
2023-12-15 22:19:20,062 | [DEBUG] : Model size was changed to 95000 parameters
2023-12-15 22:19:20,062 | [DEBUG] : Learning rate is now 0.010000
2023-12-15 22:19:30,182 | [INFO] : New learning rate: 0.009000000000000001
2023-12-15 22:19:31,934 | [DEBUG] : Current model size: 95000 parameters
2023-12-15 22:19:31,934 | [DEBUG] : Current training mode: increased
2023-12-15 22:19:31,934 | [INFO] : no layers were added
2023-12-15 22:19:31,934 | [DEBUG] : Model size was changed to 95000 parameters
2023-12-15 22:19:31,934 | [DEBUG] : Learning rate is now 0.010000
2023-12-15 22:19:42,101 | [INFO] : New learning rate: 0.009000000000000001
2023-12-15 22:19:43,855 | [DEBUG] : Current model size: 95000 parameters
2023-12-15 22:19:43,855 | [DEBUG] : Current training mode: increased
2023-12-15 22:19:43,855 | [INFO] : no layers were added
2023-12-15 22:19:43,855 | [DEBUG] : Model size was changed to 95000 parameters
2023-12-15 22:19:43,855 | [DEBUG] : Learning rate is now 0.010000
2023-12-15 22:19:54,001 | [INFO] : New learning rate: 0.009000000000000001
2023-12-15 22:19:55,738 | [DEBUG] : Current model size: 95000 parameters
2023-12-15 22:19:55,738 | [DEBUG] : Current training mode: increased
2023-12-15 22:19:55,738 | [INFO] : no layers were added
2023-12-15 22:19:55,738 | [DEBUG] : Model size was changed to 95000 parameters
2023-12-15 22:19:55,738 | [DEBUG] : Learning rate is now 0.010000
2023-12-15 22:20:05,881 | [INFO] : New learning rate: 0.009000000000000001
2023-12-15 22:20:07,642 | [DEBUG] : Current model size: 95000 parameters
2023-12-15 22:20:07,642 | [DEBUG] : Current training mode: increased
2023-12-15 22:20:07,643 | [INFO] : no layers were added
2023-12-15 22:20:07,643 | [DEBUG] : Model size was changed to 95000 parameters
2023-12-15 22:20:07,643 | [DEBUG] : Learning rate is now 0.010000
2023-12-15 22:20:17,761 | [INFO] : New learning rate: 0.009000000000000001
2023-12-15 22:20:19,494 | [DEBUG] : Current model size: 95000 parameters
2023-12-15 22:20:19,494 | [DEBUG] : Current training mode: increased
2023-12-15 22:20:19,494 | [INFO] : no layers were added
2023-12-15 22:20:19,495 | [DEBUG] : Model size was changed to 95000 parameters
2023-12-15 22:20:19,495 | [DEBUG] : Learning rate is now 0.010000
2023-12-15 22:20:29,628 | [INFO] : New learning rate: 0.009000000000000001
2023-12-15 22:20:31,382 | [DEBUG] : Current model size: 95000 parameters
2023-12-15 22:20:31,382 | [DEBUG] : Current training mode: increased
2023-12-15 22:20:31,382 | [INFO] : no layers were added
2023-12-15 22:20:31,383 | [DEBUG] : Model size was changed to 95000 parameters
2023-12-15 22:20:31,383 | [DEBUG] : Learning rate is now 0.010000
2023-12-15 22:20:31,954 | [INFO] : training has run out of time
2023-12-15 22:20:31,954 | [INFO] : training08 runtime (h:mm:ss): 0:02:11
2023-12-15 22:20:31,954 | [INFO] : training08 end time: 12/15/2023 10:20:31 PM
2023-12-15 22:20:31,954 | [INFO] : episode 9/64 finished, objective: None
