2023-12-15 22:42:20,486 | [INFO] : training19 start time: 12/15/2023 10:42:20 PM
2023-12-15 22:42:20,489 | [INFO] : Initialized model with weights: results/small_middle_late3/weights.pth
2023-12-15 22:42:20,489 | [DEBUG] : Current model size: 20778 parameters
2023-12-15 22:42:20,489 | [DEBUG] : Current training mode: initial
2023-12-15 22:42:20,502 | [INFO] : GPU allocation changing : going up
2023-12-15 22:42:20,504 | [DEBUG] : Current model size: 20778 parameters
2023-12-15 22:42:20,504 | [DEBUG] : Current training mode: increased
2023-12-15 22:42:20,505 | [INFO] : deepening layer 1/3: Conv2d(64, 32, kernel_size=(3, 3), stride=(1, 1))
2023-12-15 22:42:20,505 | [DEBUG] : Model size was changed to 30090 parameters
2023-12-15 22:42:20,505 | [DEBUG] : Learning rate is now 0.010000
2023-12-15 22:42:29,903 | [INFO] : New learning rate: 0.009000000000000001
2023-12-15 22:42:31,552 | [DEBUG] : Current model size: 30090 parameters
2023-12-15 22:42:31,552 | [DEBUG] : Current training mode: increased
2023-12-15 22:42:31,553 | [INFO] : deepening layer 0/3: Conv2d(3, 64, kernel_size=(3, 3), stride=(1, 1))
2023-12-15 22:42:31,554 | [DEBUG] : Model size was changed to 67146 parameters
2023-12-15 22:42:31,554 | [DEBUG] : Learning rate is now 0.010000
2023-12-15 22:42:41,539 | [INFO] : New learning rate: 0.009000000000000001
2023-12-15 22:42:43,233 | [DEBUG] : Current model size: 67146 parameters
2023-12-15 22:42:43,233 | [DEBUG] : Current training mode: increased
2023-12-15 22:42:43,233 | [INFO] : no layers were added
2023-12-15 22:42:43,233 | [DEBUG] : Model size was changed to 67146 parameters
2023-12-15 22:42:43,233 | [DEBUG] : Learning rate is now 0.010000
2023-12-15 22:42:53,209 | [INFO] : New learning rate: 0.009000000000000001
2023-12-15 22:42:54,914 | [DEBUG] : Current model size: 67146 parameters
2023-12-15 22:42:54,914 | [DEBUG] : Current training mode: increased
2023-12-15 22:42:54,914 | [INFO] : no layers were added
2023-12-15 22:42:54,915 | [DEBUG] : Model size was changed to 67146 parameters
2023-12-15 22:42:54,915 | [DEBUG] : Learning rate is now 0.010000
2023-12-15 22:43:04,772 | [INFO] : New learning rate: 0.009000000000000001
2023-12-15 22:43:06,484 | [DEBUG] : Current model size: 67146 parameters
2023-12-15 22:43:06,484 | [DEBUG] : Current training mode: increased
2023-12-15 22:43:06,484 | [INFO] : no layers were added
2023-12-15 22:43:06,484 | [DEBUG] : Model size was changed to 67146 parameters
2023-12-15 22:43:06,484 | [DEBUG] : Learning rate is now 0.010000
2023-12-15 22:43:16,371 | [INFO] : New learning rate: 0.009000000000000001
2023-12-15 22:43:18,077 | [DEBUG] : Current model size: 67146 parameters
2023-12-15 22:43:18,077 | [DEBUG] : Current training mode: increased
2023-12-15 22:43:18,077 | [INFO] : no layers were added
2023-12-15 22:43:18,078 | [DEBUG] : Model size was changed to 67146 parameters
2023-12-15 22:43:18,078 | [DEBUG] : Learning rate is now 0.010000
2023-12-15 22:43:28,090 | [INFO] : New learning rate: 0.009000000000000001
2023-12-15 22:43:29,871 | [DEBUG] : Current model size: 67146 parameters
2023-12-15 22:43:29,871 | [DEBUG] : Current training mode: increased
2023-12-15 22:43:29,871 | [INFO] : no layers were added
2023-12-15 22:43:29,871 | [DEBUG] : Model size was changed to 67146 parameters
2023-12-15 22:43:29,872 | [DEBUG] : Learning rate is now 0.010000
2023-12-15 22:43:39,852 | [INFO] : New learning rate: 0.009000000000000001
2023-12-15 22:43:41,556 | [DEBUG] : Current model size: 67146 parameters
2023-12-15 22:43:41,557 | [DEBUG] : Current training mode: increased
2023-12-15 22:43:41,557 | [INFO] : no layers were added
2023-12-15 22:43:41,557 | [DEBUG] : Model size was changed to 67146 parameters
2023-12-15 22:43:41,557 | [DEBUG] : Learning rate is now 0.010000
2023-12-15 22:43:51,434 | [INFO] : New learning rate: 0.009000000000000001
2023-12-15 22:43:53,137 | [DEBUG] : Current model size: 67146 parameters
2023-12-15 22:43:53,137 | [DEBUG] : Current training mode: increased
2023-12-15 22:43:53,137 | [INFO] : no layers were added
2023-12-15 22:43:53,137 | [DEBUG] : Model size was changed to 67146 parameters
2023-12-15 22:43:53,137 | [DEBUG] : Learning rate is now 0.010000
2023-12-15 22:44:03,138 | [INFO] : New learning rate: 0.009000000000000001
2023-12-15 22:44:04,914 | [DEBUG] : Current model size: 67146 parameters
2023-12-15 22:44:04,915 | [DEBUG] : Current training mode: increased
2023-12-15 22:44:04,915 | [INFO] : no layers were added
2023-12-15 22:44:04,915 | [DEBUG] : Model size was changed to 67146 parameters
2023-12-15 22:44:04,915 | [DEBUG] : Learning rate is now 0.010000
2023-12-15 22:44:14,804 | [INFO] : New learning rate: 0.009000000000000001
2023-12-15 22:44:16,510 | [DEBUG] : Current model size: 67146 parameters
2023-12-15 22:44:16,510 | [DEBUG] : Current training mode: increased
2023-12-15 22:44:16,511 | [INFO] : no layers were added
2023-12-15 22:44:16,511 | [DEBUG] : Model size was changed to 67146 parameters
2023-12-15 22:44:16,511 | [DEBUG] : Learning rate is now 0.010000
2023-12-15 22:44:26,387 | [INFO] : New learning rate: 0.009000000000000001
2023-12-15 22:44:28,097 | [DEBUG] : Current model size: 67146 parameters
2023-12-15 22:44:28,097 | [DEBUG] : Current training mode: increased
2023-12-15 22:44:28,097 | [INFO] : no layers were added
2023-12-15 22:44:28,098 | [DEBUG] : Model size was changed to 67146 parameters
2023-12-15 22:44:28,098 | [DEBUG] : Learning rate is now 0.010000
2023-12-15 22:44:30,497 | [INFO] : training has run out of time
2023-12-15 22:44:30,498 | [INFO] : training19 runtime (h:mm:ss): 0:02:11
2023-12-15 22:44:30,498 | [INFO] : training19 end time: 12/15/2023 10:44:30 PM
2023-12-15 22:44:30,498 | [INFO] : episode 20/64 finished, objective: None
