2023-12-15 22:53:15,117 | [INFO] : training24 start time: 12/15/2023 10:53:15 PM
2023-12-15 22:53:15,120 | [INFO] : Initialized model with weights: results/small_middle_late3/weights.pth
2023-12-15 22:53:15,120 | [DEBUG] : Current model size: 20778 parameters
2023-12-15 22:53:15,120 | [DEBUG] : Current training mode: initial
2023-12-15 22:53:15,134 | [INFO] : GPU allocation changing : going up
2023-12-15 22:53:15,136 | [DEBUG] : Current model size: 20778 parameters
2023-12-15 22:53:15,136 | [DEBUG] : Current training mode: increased
2023-12-15 22:53:15,137 | [INFO] : deepening layer 1/3: Conv2d(64, 32, kernel_size=(3, 3), stride=(1, 1))
2023-12-15 22:53:15,138 | [DEBUG] : Model size was changed to 30090 parameters
2023-12-15 22:53:15,138 | [DEBUG] : Learning rate is now 0.010000
2023-12-15 22:53:24,509 | [INFO] : New learning rate: 0.009000000000000001
2023-12-15 22:53:26,255 | [DEBUG] : Current model size: 30090 parameters
2023-12-15 22:53:26,255 | [DEBUG] : Current training mode: increased
2023-12-15 22:53:26,256 | [INFO] : deepening layer 2/3: Linear(in_features=32, out_features=10, bias=True)
2023-12-15 22:53:26,256 | [DEBUG] : Model size was changed to 30200 parameters
2023-12-15 22:53:26,256 | [DEBUG] : Learning rate is now 0.010000
2023-12-15 22:53:35,829 | [INFO] : New learning rate: 0.009000000000000001
2023-12-15 22:53:37,523 | [DEBUG] : Current model size: 30200 parameters
2023-12-15 22:53:37,524 | [DEBUG] : Current training mode: increased
2023-12-15 22:53:37,526 | [INFO] : deepening layer 0/3: Conv2d(3, 64, kernel_size=(3, 3), stride=(1, 1))
2023-12-15 22:53:37,526 | [DEBUG] : Model size was changed to 67256 parameters
2023-12-15 22:53:37,526 | [DEBUG] : Learning rate is now 0.010000
2023-12-15 22:53:47,533 | [INFO] : New learning rate: 0.009000000000000001
2023-12-15 22:53:49,252 | [DEBUG] : Current model size: 67256 parameters
2023-12-15 22:53:49,252 | [DEBUG] : Current training mode: increased
2023-12-15 22:53:49,253 | [INFO] : no layers were added
2023-12-15 22:53:49,253 | [DEBUG] : Model size was changed to 67256 parameters
2023-12-15 22:53:49,253 | [DEBUG] : Learning rate is now 0.010000
2023-12-15 22:53:59,255 | [INFO] : New learning rate: 0.009000000000000001
2023-12-15 22:54:00,964 | [DEBUG] : Current model size: 67256 parameters
2023-12-15 22:54:00,964 | [DEBUG] : Current training mode: increased
2023-12-15 22:54:00,964 | [INFO] : no layers were added
2023-12-15 22:54:00,965 | [DEBUG] : Model size was changed to 67256 parameters
2023-12-15 22:54:00,965 | [DEBUG] : Learning rate is now 0.010000
2023-12-15 22:54:11,007 | [INFO] : New learning rate: 0.009000000000000001
2023-12-15 22:54:12,733 | [DEBUG] : Current model size: 67256 parameters
2023-12-15 22:54:12,733 | [DEBUG] : Current training mode: increased
2023-12-15 22:54:12,733 | [INFO] : no layers were added
2023-12-15 22:54:12,734 | [DEBUG] : Model size was changed to 67256 parameters
2023-12-15 22:54:12,734 | [DEBUG] : Learning rate is now 0.010000
2023-12-15 22:54:22,732 | [INFO] : New learning rate: 0.009000000000000001
2023-12-15 22:54:24,454 | [DEBUG] : Current model size: 67256 parameters
2023-12-15 22:54:24,454 | [DEBUG] : Current training mode: increased
2023-12-15 22:54:24,455 | [INFO] : no layers were added
2023-12-15 22:54:24,455 | [DEBUG] : Model size was changed to 67256 parameters
2023-12-15 22:54:24,455 | [DEBUG] : Learning rate is now 0.010000
2023-12-15 22:54:34,366 | [INFO] : New learning rate: 0.009000000000000001
2023-12-15 22:54:36,075 | [DEBUG] : Current model size: 67256 parameters
2023-12-15 22:54:36,075 | [DEBUG] : Current training mode: increased
2023-12-15 22:54:36,075 | [INFO] : no layers were added
2023-12-15 22:54:36,075 | [DEBUG] : Model size was changed to 67256 parameters
2023-12-15 22:54:36,075 | [DEBUG] : Learning rate is now 0.010000
2023-12-15 22:54:45,991 | [INFO] : New learning rate: 0.009000000000000001
2023-12-15 22:54:47,714 | [DEBUG] : Current model size: 67256 parameters
2023-12-15 22:54:47,714 | [DEBUG] : Current training mode: increased
2023-12-15 22:54:47,714 | [INFO] : no layers were added
2023-12-15 22:54:47,714 | [DEBUG] : Model size was changed to 67256 parameters
2023-12-15 22:54:47,715 | [DEBUG] : Learning rate is now 0.010000
2023-12-15 22:54:57,805 | [INFO] : New learning rate: 0.009000000000000001
2023-12-15 22:54:59,526 | [DEBUG] : Current model size: 67256 parameters
2023-12-15 22:54:59,526 | [DEBUG] : Current training mode: increased
2023-12-15 22:54:59,526 | [INFO] : no layers were added
2023-12-15 22:54:59,527 | [DEBUG] : Model size was changed to 67256 parameters
2023-12-15 22:54:59,527 | [DEBUG] : Learning rate is now 0.010000
2023-12-15 22:55:09,582 | [INFO] : New learning rate: 0.009000000000000001
2023-12-15 22:55:11,326 | [DEBUG] : Current model size: 67256 parameters
2023-12-15 22:55:11,326 | [DEBUG] : Current training mode: increased
2023-12-15 22:55:11,326 | [INFO] : no layers were added
2023-12-15 22:55:11,327 | [DEBUG] : Model size was changed to 67256 parameters
2023-12-15 22:55:11,327 | [DEBUG] : Learning rate is now 0.010000
2023-12-15 22:55:21,289 | [INFO] : New learning rate: 0.009000000000000001
2023-12-15 22:55:23,019 | [DEBUG] : Current model size: 67256 parameters
2023-12-15 22:55:23,019 | [DEBUG] : Current training mode: increased
2023-12-15 22:55:23,019 | [INFO] : no layers were added
2023-12-15 22:55:23,020 | [DEBUG] : Model size was changed to 67256 parameters
2023-12-15 22:55:23,020 | [DEBUG] : Learning rate is now 0.010000
2023-12-15 22:55:25,124 | [INFO] : training has run out of time
2023-12-15 22:55:25,124 | [INFO] : training24 runtime (h:mm:ss): 0:02:11
2023-12-15 22:55:25,124 | [INFO] : training24 end time: 12/15/2023 10:55:25 PM
2023-12-15 22:55:25,125 | [INFO] : episode 25/64 finished, objective: None
