2023-12-15 23:17:13,208 | [INFO] : training35 start time: 12/15/2023 11:17:13 PM
2023-12-15 23:17:13,211 | [INFO] : Initialized model with weights: results/small_middle_late3/weights.pth
2023-12-15 23:17:13,211 | [DEBUG] : Current model size: 20778 parameters
2023-12-15 23:17:13,211 | [DEBUG] : Current training mode: initial
2023-12-15 23:17:13,224 | [INFO] : GPU allocation changing : going up
2023-12-15 23:17:13,226 | [DEBUG] : Current model size: 20778 parameters
2023-12-15 23:17:13,226 | [DEBUG] : Current training mode: increased
2023-12-15 23:17:13,227 | [INFO] : deepening layer 2/3: Linear(in_features=32, out_features=10, bias=True)
2023-12-15 23:17:13,227 | [DEBUG] : Model size was changed to 20888 parameters
2023-12-15 23:17:13,227 | [DEBUG] : Learning rate is now 0.010000
2023-12-15 23:17:22,377 | [INFO] : New learning rate: 0.009000000000000001
2023-12-15 23:17:24,060 | [DEBUG] : Current model size: 20888 parameters
2023-12-15 23:17:24,060 | [DEBUG] : Current training mode: increased
2023-12-15 23:17:24,063 | [INFO] : deepening layer 0/3: Conv2d(3, 64, kernel_size=(3, 3), stride=(1, 1))
2023-12-15 23:17:24,063 | [DEBUG] : Model size was changed to 57944 parameters
2023-12-15 23:17:24,063 | [DEBUG] : Learning rate is now 0.010000
2023-12-15 23:17:33,830 | [INFO] : New learning rate: 0.009000000000000001
2023-12-15 23:17:35,505 | [DEBUG] : Current model size: 57944 parameters
2023-12-15 23:17:35,505 | [DEBUG] : Current training mode: increased
2023-12-15 23:17:35,505 | [INFO] : no layers were added
2023-12-15 23:17:35,505 | [DEBUG] : Model size was changed to 57944 parameters
2023-12-15 23:17:35,505 | [DEBUG] : Learning rate is now 0.010000
2023-12-15 23:17:45,084 | [INFO] : New learning rate: 0.009000000000000001
2023-12-15 23:17:46,758 | [DEBUG] : Current model size: 57944 parameters
2023-12-15 23:17:46,758 | [DEBUG] : Current training mode: increased
2023-12-15 23:17:46,759 | [INFO] : no layers were added
2023-12-15 23:17:46,759 | [DEBUG] : Model size was changed to 57944 parameters
2023-12-15 23:17:46,759 | [DEBUG] : Learning rate is now 0.010000
2023-12-15 23:17:56,355 | [INFO] : New learning rate: 0.009000000000000001
2023-12-15 23:17:58,027 | [DEBUG] : Current model size: 57944 parameters
2023-12-15 23:17:58,027 | [DEBUG] : Current training mode: increased
2023-12-15 23:17:58,027 | [INFO] : no layers were added
2023-12-15 23:17:58,027 | [DEBUG] : Model size was changed to 57944 parameters
2023-12-15 23:17:58,027 | [DEBUG] : Learning rate is now 0.010000
2023-12-15 23:18:07,631 | [INFO] : New learning rate: 0.009000000000000001
2023-12-15 23:18:09,314 | [DEBUG] : Current model size: 57944 parameters
2023-12-15 23:18:09,314 | [DEBUG] : Current training mode: increased
2023-12-15 23:18:09,314 | [INFO] : no layers were added
2023-12-15 23:18:09,315 | [DEBUG] : Model size was changed to 57944 parameters
2023-12-15 23:18:09,315 | [DEBUG] : Learning rate is now 0.010000
2023-12-15 23:18:18,945 | [INFO] : New learning rate: 0.009000000000000001
2023-12-15 23:18:20,624 | [DEBUG] : Current model size: 57944 parameters
2023-12-15 23:18:20,624 | [DEBUG] : Current training mode: increased
2023-12-15 23:18:20,624 | [INFO] : no layers were added
2023-12-15 23:18:20,624 | [DEBUG] : Model size was changed to 57944 parameters
2023-12-15 23:18:20,625 | [DEBUG] : Learning rate is now 0.010000
2023-12-15 23:18:30,175 | [INFO] : New learning rate: 0.009000000000000001
2023-12-15 23:18:31,845 | [DEBUG] : Current model size: 57944 parameters
2023-12-15 23:18:31,845 | [DEBUG] : Current training mode: increased
2023-12-15 23:18:31,845 | [INFO] : no layers were added
2023-12-15 23:18:31,845 | [DEBUG] : Model size was changed to 57944 parameters
2023-12-15 23:18:31,845 | [DEBUG] : Learning rate is now 0.010000
2023-12-15 23:18:41,588 | [INFO] : New learning rate: 0.009000000000000001
2023-12-15 23:18:43,261 | [DEBUG] : Current model size: 57944 parameters
2023-12-15 23:18:43,261 | [DEBUG] : Current training mode: increased
2023-12-15 23:18:43,261 | [INFO] : no layers were added
2023-12-15 23:18:43,261 | [DEBUG] : Model size was changed to 57944 parameters
2023-12-15 23:18:43,261 | [DEBUG] : Learning rate is now 0.010000
2023-12-15 23:18:52,853 | [INFO] : New learning rate: 0.009000000000000001
2023-12-15 23:18:54,530 | [DEBUG] : Current model size: 57944 parameters
2023-12-15 23:18:54,531 | [DEBUG] : Current training mode: increased
2023-12-15 23:18:54,531 | [INFO] : no layers were added
2023-12-15 23:18:54,531 | [DEBUG] : Model size was changed to 57944 parameters
2023-12-15 23:18:54,531 | [DEBUG] : Learning rate is now 0.010000
2023-12-15 23:19:04,180 | [INFO] : New learning rate: 0.009000000000000001
2023-12-15 23:19:05,855 | [DEBUG] : Current model size: 57944 parameters
2023-12-15 23:19:05,855 | [DEBUG] : Current training mode: increased
2023-12-15 23:19:05,855 | [INFO] : no layers were added
2023-12-15 23:19:05,856 | [DEBUG] : Model size was changed to 57944 parameters
2023-12-15 23:19:05,856 | [DEBUG] : Learning rate is now 0.010000
2023-12-15 23:19:15,450 | [INFO] : New learning rate: 0.009000000000000001
2023-12-15 23:19:17,127 | [DEBUG] : Current model size: 57944 parameters
2023-12-15 23:19:17,127 | [DEBUG] : Current training mode: increased
2023-12-15 23:19:17,127 | [INFO] : no layers were added
2023-12-15 23:19:17,127 | [DEBUG] : Model size was changed to 57944 parameters
2023-12-15 23:19:17,127 | [DEBUG] : Learning rate is now 0.010000
2023-12-15 23:19:23,223 | [INFO] : training has run out of time
2023-12-15 23:19:23,224 | [INFO] : training35 runtime (h:mm:ss): 0:02:11
2023-12-15 23:19:23,224 | [INFO] : training35 end time: 12/15/2023 11:19:23 PM
2023-12-15 23:19:23,224 | [INFO] : episode 36/64 finished, objective: None
