2023-12-15 23:54:16,293 | [INFO] : training52 start time: 12/15/2023 11:54:16 PM
2023-12-15 23:54:16,296 | [INFO] : Initialized model with weights: results/small_middle_late3/weights.pth
2023-12-15 23:54:16,296 | [DEBUG] : Current model size: 20778 parameters
2023-12-15 23:54:16,296 | [DEBUG] : Current training mode: initial
2023-12-15 23:54:16,310 | [INFO] : GPU allocation changing : going up
2023-12-15 23:54:16,313 | [DEBUG] : Current model size: 20778 parameters
2023-12-15 23:54:16,313 | [DEBUG] : Current training mode: increased
2023-12-15 23:54:16,313 | [INFO] : no layers were added
2023-12-15 23:54:16,313 | [DEBUG] : Model size was changed to 20778 parameters
2023-12-15 23:54:16,313 | [DEBUG] : Learning rate is now 0.010000
2023-12-15 23:54:25,564 | [INFO] : New learning rate: 0.009000000000000001
2023-12-15 23:54:27,221 | [DEBUG] : Current model size: 20778 parameters
2023-12-15 23:54:27,221 | [DEBUG] : Current training mode: increased
2023-12-15 23:54:27,223 | [INFO] : deepening layer 1/3: Conv2d(64, 32, kernel_size=(3, 3), stride=(1, 1))
2023-12-15 23:54:27,223 | [DEBUG] : Model size was changed to 30090 parameters
2023-12-15 23:54:27,223 | [DEBUG] : Learning rate is now 0.010000
2023-12-15 23:54:36,929 | [INFO] : New learning rate: 0.009000000000000001
2023-12-15 23:54:38,616 | [DEBUG] : Current model size: 30090 parameters
2023-12-15 23:54:38,617 | [DEBUG] : Current training mode: increased
2023-12-15 23:54:38,618 | [INFO] : deepening layer 0/3: Conv2d(3, 64, kernel_size=(3, 3), stride=(1, 1))
2023-12-15 23:54:38,619 | [DEBUG] : Model size was changed to 67146 parameters
2023-12-15 23:54:38,619 | [DEBUG] : Learning rate is now 0.010000
2023-12-15 23:54:48,754 | [INFO] : New learning rate: 0.009000000000000001
2023-12-15 23:54:50,508 | [DEBUG] : Current model size: 67146 parameters
2023-12-15 23:54:50,508 | [DEBUG] : Current training mode: increased
2023-12-15 23:54:50,508 | [INFO] : no layers were added
2023-12-15 23:54:50,509 | [DEBUG] : Model size was changed to 67146 parameters
2023-12-15 23:54:50,509 | [DEBUG] : Learning rate is now 0.010000
2023-12-15 23:55:00,682 | [INFO] : New learning rate: 0.009000000000000001
2023-12-15 23:55:02,405 | [DEBUG] : Current model size: 67146 parameters
2023-12-15 23:55:02,405 | [DEBUG] : Current training mode: increased
2023-12-15 23:55:02,405 | [INFO] : no layers were added
2023-12-15 23:55:02,406 | [DEBUG] : Model size was changed to 67146 parameters
2023-12-15 23:55:02,406 | [DEBUG] : Learning rate is now 0.010000
2023-12-15 23:55:12,561 | [INFO] : New learning rate: 0.009000000000000001
2023-12-15 23:55:14,313 | [DEBUG] : Current model size: 67146 parameters
2023-12-15 23:55:14,313 | [DEBUG] : Current training mode: increased
2023-12-15 23:55:14,313 | [INFO] : no layers were added
2023-12-15 23:55:14,314 | [DEBUG] : Model size was changed to 67146 parameters
2023-12-15 23:55:14,314 | [DEBUG] : Learning rate is now 0.010000
2023-12-15 23:55:24,475 | [INFO] : New learning rate: 0.009000000000000001
2023-12-15 23:55:26,209 | [DEBUG] : Current model size: 67146 parameters
2023-12-15 23:55:26,210 | [DEBUG] : Current training mode: increased
2023-12-15 23:55:26,210 | [INFO] : no layers were added
2023-12-15 23:55:26,210 | [DEBUG] : Model size was changed to 67146 parameters
2023-12-15 23:55:26,210 | [DEBUG] : Learning rate is now 0.010000
2023-12-15 23:55:36,298 | [INFO] : New learning rate: 0.009000000000000001
2023-12-15 23:55:38,009 | [DEBUG] : Current model size: 67146 parameters
2023-12-15 23:55:38,009 | [DEBUG] : Current training mode: increased
2023-12-15 23:55:38,010 | [INFO] : no layers were added
2023-12-15 23:55:38,010 | [DEBUG] : Model size was changed to 67146 parameters
2023-12-15 23:55:38,010 | [DEBUG] : Learning rate is now 0.010000
2023-12-15 23:55:48,039 | [INFO] : New learning rate: 0.009000000000000001
2023-12-15 23:55:49,729 | [DEBUG] : Current model size: 67146 parameters
2023-12-15 23:55:49,730 | [DEBUG] : Current training mode: increased
2023-12-15 23:55:49,730 | [INFO] : no layers were added
2023-12-15 23:55:49,730 | [DEBUG] : Model size was changed to 67146 parameters
2023-12-15 23:55:49,730 | [DEBUG] : Learning rate is now 0.010000
2023-12-15 23:55:59,810 | [INFO] : New learning rate: 0.009000000000000001
2023-12-15 23:56:01,532 | [DEBUG] : Current model size: 67146 parameters
2023-12-15 23:56:01,532 | [DEBUG] : Current training mode: increased
2023-12-15 23:56:01,532 | [INFO] : no layers were added
2023-12-15 23:56:01,533 | [DEBUG] : Model size was changed to 67146 parameters
2023-12-15 23:56:01,533 | [DEBUG] : Learning rate is now 0.010000
2023-12-15 23:56:11,473 | [INFO] : New learning rate: 0.009000000000000001
2023-12-15 23:56:13,173 | [DEBUG] : Current model size: 67146 parameters
2023-12-15 23:56:13,173 | [DEBUG] : Current training mode: increased
2023-12-15 23:56:13,173 | [INFO] : no layers were added
2023-12-15 23:56:13,174 | [DEBUG] : Model size was changed to 67146 parameters
2023-12-15 23:56:13,174 | [DEBUG] : Learning rate is now 0.010000
2023-12-15 23:56:23,325 | [INFO] : New learning rate: 0.009000000000000001
2023-12-15 23:56:25,065 | [DEBUG] : Current model size: 67146 parameters
2023-12-15 23:56:25,065 | [DEBUG] : Current training mode: increased
2023-12-15 23:56:25,065 | [INFO] : no layers were added
2023-12-15 23:56:25,066 | [DEBUG] : Model size was changed to 67146 parameters
2023-12-15 23:56:25,066 | [DEBUG] : Learning rate is now 0.010000
2023-12-15 23:56:26,303 | [INFO] : training has run out of time
2023-12-15 23:56:26,304 | [INFO] : training52 runtime (h:mm:ss): 0:02:11
2023-12-15 23:56:26,304 | [INFO] : training52 end time: 12/15/2023 11:56:26 PM
2023-12-15 23:56:26,304 | [INFO] : episode 53/64 finished, objective: None
