2023-12-16 00:18:16,156 | [INFO] : training63 start time: 12/16/2023 12:18:16 AM
2023-12-16 00:18:16,160 | [INFO] : Initialized model with weights: results/small_middle_late3/weights.pth
2023-12-16 00:18:16,160 | [DEBUG] : Current model size: 20778 parameters
2023-12-16 00:18:16,160 | [DEBUG] : Current training mode: initial
2023-12-16 00:18:16,174 | [INFO] : GPU allocation changing : going up
2023-12-16 00:18:16,176 | [DEBUG] : Current model size: 20778 parameters
2023-12-16 00:18:16,176 | [DEBUG] : Current training mode: increased
2023-12-16 00:18:16,176 | [INFO] : no layers were added
2023-12-16 00:18:16,177 | [DEBUG] : Model size was changed to 20778 parameters
2023-12-16 00:18:16,177 | [DEBUG] : Learning rate is now 0.010000
2023-12-16 00:18:25,345 | [INFO] : New learning rate: 0.009000000000000001
2023-12-16 00:18:27,000 | [DEBUG] : Current model size: 20778 parameters
2023-12-16 00:18:27,000 | [DEBUG] : Current training mode: increased
2023-12-16 00:18:27,000 | [INFO] : no layers were added
2023-12-16 00:18:27,001 | [DEBUG] : Model size was changed to 20778 parameters
2023-12-16 00:18:27,001 | [DEBUG] : Learning rate is now 0.010000
2023-12-16 00:18:36,133 | [INFO] : New learning rate: 0.009000000000000001
2023-12-16 00:18:37,760 | [DEBUG] : Current model size: 20778 parameters
2023-12-16 00:18:37,760 | [DEBUG] : Current training mode: increased
2023-12-16 00:18:37,760 | [INFO] : no layers were added
2023-12-16 00:18:37,760 | [DEBUG] : Model size was changed to 20778 parameters
2023-12-16 00:18:37,760 | [DEBUG] : Learning rate is now 0.010000
2023-12-16 00:18:46,933 | [INFO] : New learning rate: 0.009000000000000001
2023-12-16 00:18:48,576 | [DEBUG] : Current model size: 20778 parameters
2023-12-16 00:18:48,576 | [DEBUG] : Current training mode: increased
2023-12-16 00:18:48,576 | [INFO] : no layers were added
2023-12-16 00:18:48,576 | [DEBUG] : Model size was changed to 20778 parameters
2023-12-16 00:18:48,576 | [DEBUG] : Learning rate is now 0.010000
2023-12-16 00:18:57,740 | [INFO] : New learning rate: 0.009000000000000001
2023-12-16 00:18:59,383 | [DEBUG] : Current model size: 20778 parameters
2023-12-16 00:18:59,383 | [DEBUG] : Current training mode: increased
2023-12-16 00:18:59,383 | [INFO] : no layers were added
2023-12-16 00:18:59,384 | [DEBUG] : Model size was changed to 20778 parameters
2023-12-16 00:18:59,384 | [DEBUG] : Learning rate is now 0.010000
2023-12-16 00:19:08,550 | [INFO] : New learning rate: 0.009000000000000001
2023-12-16 00:19:10,186 | [DEBUG] : Current model size: 20778 parameters
2023-12-16 00:19:10,186 | [DEBUG] : Current training mode: increased
2023-12-16 00:19:10,187 | [INFO] : no layers were added
2023-12-16 00:19:10,187 | [DEBUG] : Model size was changed to 20778 parameters
2023-12-16 00:19:10,187 | [DEBUG] : Learning rate is now 0.010000
2023-12-16 00:19:19,632 | [INFO] : New learning rate: 0.009000000000000001
2023-12-16 00:19:21,272 | [DEBUG] : Current model size: 20778 parameters
2023-12-16 00:19:21,272 | [DEBUG] : Current training mode: increased
2023-12-16 00:19:21,272 | [INFO] : no layers were added
2023-12-16 00:19:21,273 | [DEBUG] : Model size was changed to 20778 parameters
2023-12-16 00:19:21,273 | [DEBUG] : Learning rate is now 0.010000
2023-12-16 00:19:30,420 | [INFO] : New learning rate: 0.009000000000000001
2023-12-16 00:19:32,054 | [DEBUG] : Current model size: 20778 parameters
2023-12-16 00:19:32,054 | [DEBUG] : Current training mode: increased
2023-12-16 00:19:32,054 | [INFO] : no layers were added
2023-12-16 00:19:32,055 | [DEBUG] : Model size was changed to 20778 parameters
2023-12-16 00:19:32,055 | [DEBUG] : Learning rate is now 0.010000
2023-12-16 00:19:41,221 | [INFO] : New learning rate: 0.009000000000000001
2023-12-16 00:19:42,866 | [DEBUG] : Current model size: 20778 parameters
2023-12-16 00:19:42,866 | [DEBUG] : Current training mode: increased
2023-12-16 00:19:42,866 | [INFO] : no layers were added
2023-12-16 00:19:42,866 | [DEBUG] : Model size was changed to 20778 parameters
2023-12-16 00:19:42,866 | [DEBUG] : Learning rate is now 0.010000
2023-12-16 00:19:52,022 | [INFO] : New learning rate: 0.009000000000000001
2023-12-16 00:19:53,671 | [DEBUG] : Current model size: 20778 parameters
2023-12-16 00:19:53,671 | [DEBUG] : Current training mode: increased
2023-12-16 00:19:53,672 | [INFO] : no layers were added
2023-12-16 00:19:53,672 | [DEBUG] : Model size was changed to 20778 parameters
2023-12-16 00:19:53,672 | [DEBUG] : Learning rate is now 0.010000
2023-12-16 00:20:03,076 | [INFO] : New learning rate: 0.009000000000000001
2023-12-16 00:20:04,703 | [DEBUG] : Current model size: 20778 parameters
2023-12-16 00:20:04,703 | [DEBUG] : Current training mode: increased
2023-12-16 00:20:04,703 | [INFO] : no layers were added
2023-12-16 00:20:04,704 | [DEBUG] : Model size was changed to 20778 parameters
2023-12-16 00:20:04,704 | [DEBUG] : Learning rate is now 0.010000
2023-12-16 00:20:13,818 | [INFO] : New learning rate: 0.009000000000000001
2023-12-16 00:20:15,466 | [DEBUG] : Current model size: 20778 parameters
2023-12-16 00:20:15,466 | [DEBUG] : Current training mode: increased
2023-12-16 00:20:15,467 | [INFO] : no layers were added
2023-12-16 00:20:15,467 | [DEBUG] : Model size was changed to 20778 parameters
2023-12-16 00:20:15,467 | [DEBUG] : Learning rate is now 0.010000
2023-12-16 00:20:24,567 | [INFO] : New learning rate: 0.009000000000000001
2023-12-16 00:20:26,191 | [DEBUG] : Current model size: 20778 parameters
2023-12-16 00:20:26,191 | [DEBUG] : Current training mode: increased
2023-12-16 00:20:26,191 | [INFO] : no layers were added
2023-12-16 00:20:26,191 | [DEBUG] : Model size was changed to 20778 parameters
2023-12-16 00:20:26,191 | [DEBUG] : Learning rate is now 0.010000
2023-12-16 00:20:26,204 | [INFO] : training has run out of time
2023-12-16 00:20:26,204 | [INFO] : training63 runtime (h:mm:ss): 0:02:11
2023-12-16 00:20:26,204 | [INFO] : training63 end time: 12/16/2023 12:20:26 AM
2023-12-16 00:20:26,204 | [INFO] : episode 64/64 finished, objective: None
2023-12-16 00:20:26,205 | [INFO] : learning runtime (h:mm:ss): 2:19:35
2023-12-16 00:20:26,205 | [INFO] : learning end time: 12/16/2023 12:20:26 AM
