2023-12-15 23:06:19,566 | [INFO] : training30 start time: 12/15/2023 11:06:19 PM
2023-12-15 23:06:19,569 | [INFO] : Initialized model with weights: results/small_middle_late3/weights.pth
2023-12-15 23:06:19,569 | [DEBUG] : Current model size: 20778 parameters
2023-12-15 23:06:19,569 | [DEBUG] : Current training mode: initial
2023-12-15 23:06:19,582 | [INFO] : GPU allocation changing : going up
2023-12-15 23:06:19,585 | [DEBUG] : Current model size: 20778 parameters
2023-12-15 23:06:19,585 | [DEBUG] : Current training mode: increased
2023-12-15 23:06:19,586 | [INFO] : deepening layer 1/3: Conv2d(64, 32, kernel_size=(3, 3), stride=(1, 1))
2023-12-15 23:06:19,586 | [DEBUG] : Model size was changed to 30090 parameters
2023-12-15 23:06:19,586 | [DEBUG] : Learning rate is now 0.010000
2023-12-15 23:06:29,125 | [INFO] : New learning rate: 0.009000000000000001
2023-12-15 23:06:30,820 | [DEBUG] : Current model size: 30090 parameters
2023-12-15 23:06:30,820 | [DEBUG] : Current training mode: increased
2023-12-15 23:06:30,820 | [INFO] : no layers were added
2023-12-15 23:06:30,821 | [DEBUG] : Model size was changed to 30090 parameters
2023-12-15 23:06:30,821 | [DEBUG] : Learning rate is now 0.010000
2023-12-15 23:06:40,288 | [INFO] : New learning rate: 0.009000000000000001
2023-12-15 23:06:41,997 | [DEBUG] : Current model size: 30090 parameters
2023-12-15 23:06:41,998 | [DEBUG] : Current training mode: increased
2023-12-15 23:06:41,999 | [INFO] : deepening layer 2/3: Linear(in_features=32, out_features=10, bias=True)
2023-12-15 23:06:41,999 | [DEBUG] : Model size was changed to 30200 parameters
2023-12-15 23:06:41,999 | [DEBUG] : Learning rate is now 0.010000
2023-12-15 23:06:51,865 | [INFO] : New learning rate: 0.009000000000000001
2023-12-15 23:06:53,514 | [DEBUG] : Current model size: 30200 parameters
2023-12-15 23:06:53,514 | [DEBUG] : Current training mode: increased
2023-12-15 23:06:53,514 | [INFO] : no layers were added
2023-12-15 23:06:53,515 | [DEBUG] : Model size was changed to 30200 parameters
2023-12-15 23:06:53,515 | [DEBUG] : Learning rate is now 0.010000
2023-12-15 23:07:03,187 | [INFO] : New learning rate: 0.009000000000000001
2023-12-15 23:07:04,855 | [DEBUG] : Current model size: 30200 parameters
2023-12-15 23:07:04,855 | [DEBUG] : Current training mode: increased
2023-12-15 23:07:04,855 | [INFO] : no layers were added
2023-12-15 23:07:04,856 | [DEBUG] : Model size was changed to 30200 parameters
2023-12-15 23:07:04,856 | [DEBUG] : Learning rate is now 0.010000
2023-12-15 23:07:14,437 | [INFO] : New learning rate: 0.009000000000000001
2023-12-15 23:07:16,105 | [DEBUG] : Current model size: 30200 parameters
2023-12-15 23:07:16,105 | [DEBUG] : Current training mode: increased
2023-12-15 23:07:16,105 | [INFO] : no layers were added
2023-12-15 23:07:16,106 | [DEBUG] : Model size was changed to 30200 parameters
2023-12-15 23:07:16,106 | [DEBUG] : Learning rate is now 0.010000
2023-12-15 23:07:25,610 | [INFO] : New learning rate: 0.009000000000000001
2023-12-15 23:07:27,361 | [DEBUG] : Current model size: 30200 parameters
2023-12-15 23:07:27,361 | [DEBUG] : Current training mode: increased
2023-12-15 23:07:27,361 | [INFO] : no layers were added
2023-12-15 23:07:27,362 | [DEBUG] : Model size was changed to 30200 parameters
2023-12-15 23:07:27,362 | [DEBUG] : Learning rate is now 0.010000
2023-12-15 23:07:36,865 | [INFO] : New learning rate: 0.009000000000000001
2023-12-15 23:07:38,526 | [DEBUG] : Current model size: 30200 parameters
2023-12-15 23:07:38,526 | [DEBUG] : Current training mode: increased
2023-12-15 23:07:38,526 | [INFO] : no layers were added
2023-12-15 23:07:38,527 | [DEBUG] : Model size was changed to 30200 parameters
2023-12-15 23:07:38,527 | [DEBUG] : Learning rate is now 0.010000
2023-12-15 23:07:48,004 | [INFO] : New learning rate: 0.009000000000000001
2023-12-15 23:07:49,658 | [DEBUG] : Current model size: 30200 parameters
2023-12-15 23:07:49,658 | [DEBUG] : Current training mode: increased
2023-12-15 23:07:49,658 | [INFO] : no layers were added
2023-12-15 23:07:49,659 | [DEBUG] : Model size was changed to 30200 parameters
2023-12-15 23:07:49,659 | [DEBUG] : Learning rate is now 0.010000
2023-12-15 23:07:59,114 | [INFO] : New learning rate: 0.009000000000000001
2023-12-15 23:08:00,772 | [DEBUG] : Current model size: 30200 parameters
2023-12-15 23:08:00,772 | [DEBUG] : Current training mode: increased
2023-12-15 23:08:00,772 | [INFO] : no layers were added
2023-12-15 23:08:00,773 | [DEBUG] : Model size was changed to 30200 parameters
2023-12-15 23:08:00,773 | [DEBUG] : Learning rate is now 0.010000
2023-12-15 23:08:10,264 | [INFO] : New learning rate: 0.009000000000000001
2023-12-15 23:08:11,931 | [DEBUG] : Current model size: 30200 parameters
2023-12-15 23:08:11,931 | [DEBUG] : Current training mode: increased
2023-12-15 23:08:11,931 | [INFO] : no layers were added
2023-12-15 23:08:11,932 | [DEBUG] : Model size was changed to 30200 parameters
2023-12-15 23:08:11,932 | [DEBUG] : Learning rate is now 0.010000
2023-12-15 23:08:21,398 | [INFO] : New learning rate: 0.009000000000000001
2023-12-15 23:08:23,098 | [DEBUG] : Current model size: 30200 parameters
2023-12-15 23:08:23,098 | [DEBUG] : Current training mode: increased
2023-12-15 23:08:23,098 | [INFO] : no layers were added
2023-12-15 23:08:23,098 | [DEBUG] : Model size was changed to 30200 parameters
2023-12-15 23:08:23,098 | [DEBUG] : Learning rate is now 0.010000
2023-12-15 23:08:29,573 | [INFO] : training has run out of time
2023-12-15 23:08:29,574 | [INFO] : training30 runtime (h:mm:ss): 0:02:11
2023-12-15 23:08:29,574 | [INFO] : training30 end time: 12/15/2023 11:08:29 PM
2023-12-15 23:08:29,574 | [INFO] : episode 31/64 finished, objective: None
