2023-12-15 23:32:28,494 | [INFO] : training42 start time: 12/15/2023 11:32:28 PM
2023-12-15 23:32:28,497 | [INFO] : Initialized model with weights: results/small_middle_late3/weights.pth
2023-12-15 23:32:28,497 | [DEBUG] : Current model size: 20778 parameters
2023-12-15 23:32:28,497 | [DEBUG] : Current training mode: initial
2023-12-15 23:32:28,512 | [INFO] : GPU allocation changing : going up
2023-12-15 23:32:28,514 | [DEBUG] : Current model size: 20778 parameters
2023-12-15 23:32:28,514 | [DEBUG] : Current training mode: increased
2023-12-15 23:32:28,515 | [INFO] : deepening layer 2/3: Linear(in_features=32, out_features=10, bias=True)
2023-12-15 23:32:28,515 | [DEBUG] : Model size was changed to 20888 parameters
2023-12-15 23:32:28,516 | [DEBUG] : Learning rate is now 0.010000
2023-12-15 23:32:38,006 | [INFO] : New learning rate: 0.009000000000000001
2023-12-15 23:32:39,682 | [DEBUG] : Current model size: 20888 parameters
2023-12-15 23:32:39,682 | [DEBUG] : Current training mode: increased
2023-12-15 23:32:39,683 | [INFO] : deepening layer 2/3: Linear(in_features=32, out_features=10, bias=True)
2023-12-15 23:32:39,684 | [DEBUG] : Model size was changed to 20998 parameters
2023-12-15 23:32:39,684 | [DEBUG] : Learning rate is now 0.010000
2023-12-15 23:32:49,062 | [INFO] : New learning rate: 0.009000000000000001
2023-12-15 23:32:50,721 | [DEBUG] : Current model size: 20998 parameters
2023-12-15 23:32:50,721 | [DEBUG] : Current training mode: increased
2023-12-15 23:32:50,722 | [INFO] : deepening layer 2/3: Linear(in_features=32, out_features=10, bias=True)
2023-12-15 23:32:50,723 | [DEBUG] : Model size was changed to 21108 parameters
2023-12-15 23:32:50,723 | [DEBUG] : Learning rate is now 0.010000
2023-12-15 23:33:00,238 | [INFO] : New learning rate: 0.009000000000000001
2023-12-15 23:33:01,925 | [DEBUG] : Current model size: 21108 parameters
2023-12-15 23:33:01,925 | [DEBUG] : Current training mode: increased
2023-12-15 23:33:01,925 | [INFO] : no layers were added
2023-12-15 23:33:01,926 | [DEBUG] : Model size was changed to 21108 parameters
2023-12-15 23:33:01,926 | [DEBUG] : Learning rate is now 0.010000
2023-12-15 23:33:11,534 | [INFO] : New learning rate: 0.009000000000000001
2023-12-15 23:33:13,220 | [DEBUG] : Current model size: 21108 parameters
2023-12-15 23:33:13,220 | [DEBUG] : Current training mode: increased
2023-12-15 23:33:13,220 | [INFO] : no layers were added
2023-12-15 23:33:13,221 | [DEBUG] : Model size was changed to 21108 parameters
2023-12-15 23:33:13,221 | [DEBUG] : Learning rate is now 0.010000
2023-12-15 23:33:23,008 | [INFO] : New learning rate: 0.009000000000000001
2023-12-15 23:33:24,757 | [DEBUG] : Current model size: 21108 parameters
2023-12-15 23:33:24,757 | [DEBUG] : Current training mode: increased
2023-12-15 23:33:24,757 | [INFO] : no layers were added
2023-12-15 23:33:24,758 | [DEBUG] : Model size was changed to 21108 parameters
2023-12-15 23:33:24,758 | [DEBUG] : Learning rate is now 0.010000
2023-12-15 23:33:34,539 | [INFO] : New learning rate: 0.009000000000000001
2023-12-15 23:33:36,268 | [DEBUG] : Current model size: 21108 parameters
2023-12-15 23:33:36,268 | [DEBUG] : Current training mode: increased
2023-12-15 23:33:36,268 | [INFO] : no layers were added
2023-12-15 23:33:36,269 | [DEBUG] : Model size was changed to 21108 parameters
2023-12-15 23:33:36,269 | [DEBUG] : Learning rate is now 0.010000
2023-12-15 23:33:46,079 | [INFO] : New learning rate: 0.009000000000000001
2023-12-15 23:33:47,824 | [DEBUG] : Current model size: 21108 parameters
2023-12-15 23:33:47,824 | [DEBUG] : Current training mode: increased
2023-12-15 23:33:47,824 | [INFO] : no layers were added
2023-12-15 23:33:47,825 | [DEBUG] : Model size was changed to 21108 parameters
2023-12-15 23:33:47,825 | [DEBUG] : Learning rate is now 0.010000
2023-12-15 23:33:57,656 | [INFO] : New learning rate: 0.009000000000000001
2023-12-15 23:33:59,381 | [DEBUG] : Current model size: 21108 parameters
2023-12-15 23:33:59,381 | [DEBUG] : Current training mode: increased
2023-12-15 23:33:59,381 | [INFO] : no layers were added
2023-12-15 23:33:59,382 | [DEBUG] : Model size was changed to 21108 parameters
2023-12-15 23:33:59,382 | [DEBUG] : Learning rate is now 0.010000
2023-12-15 23:34:09,239 | [INFO] : New learning rate: 0.009000000000000001
2023-12-15 23:34:10,978 | [DEBUG] : Current model size: 21108 parameters
2023-12-15 23:34:10,978 | [DEBUG] : Current training mode: increased
2023-12-15 23:34:10,978 | [INFO] : no layers were added
2023-12-15 23:34:10,979 | [DEBUG] : Model size was changed to 21108 parameters
2023-12-15 23:34:10,979 | [DEBUG] : Learning rate is now 0.010000
2023-12-15 23:34:20,798 | [INFO] : New learning rate: 0.009000000000000001
2023-12-15 23:34:22,504 | [DEBUG] : Current model size: 21108 parameters
2023-12-15 23:34:22,504 | [DEBUG] : Current training mode: increased
2023-12-15 23:34:22,505 | [INFO] : no layers were added
2023-12-15 23:34:22,505 | [DEBUG] : Model size was changed to 21108 parameters
2023-12-15 23:34:22,505 | [DEBUG] : Learning rate is now 0.010000
2023-12-15 23:34:32,372 | [INFO] : New learning rate: 0.009000000000000001
2023-12-15 23:34:34,098 | [DEBUG] : Current model size: 21108 parameters
2023-12-15 23:34:34,098 | [DEBUG] : Current training mode: increased
2023-12-15 23:34:34,098 | [INFO] : no layers were added
2023-12-15 23:34:34,099 | [DEBUG] : Model size was changed to 21108 parameters
2023-12-15 23:34:34,099 | [DEBUG] : Learning rate is now 0.010000
2023-12-15 23:34:38,498 | [INFO] : training has run out of time
2023-12-15 23:34:38,499 | [INFO] : training42 runtime (h:mm:ss): 0:02:11
2023-12-15 23:34:38,499 | [INFO] : training42 end time: 12/15/2023 11:34:38 PM
2023-12-15 23:34:38,499 | [INFO] : episode 43/64 finished, objective: None
