2023-12-15 22:31:26,329 | [INFO] : training14 start time: 12/15/2023 10:31:26 PM
2023-12-15 22:31:26,332 | [INFO] : Initialized model with weights: results/small_middle_late3/weights.pth
2023-12-15 22:31:26,332 | [DEBUG] : Current model size: 20778 parameters
2023-12-15 22:31:26,332 | [DEBUG] : Current training mode: initial
2023-12-15 22:31:26,345 | [INFO] : GPU allocation changing : going up
2023-12-15 22:31:26,347 | [DEBUG] : Current model size: 20778 parameters
2023-12-15 22:31:26,347 | [DEBUG] : Current training mode: increased
2023-12-15 22:31:26,349 | [INFO] : deepening layer 0/3: Conv2d(3, 64, kernel_size=(3, 3), stride=(1, 1))
2023-12-15 22:31:26,349 | [DEBUG] : Model size was changed to 57834 parameters
2023-12-15 22:31:26,349 | [DEBUG] : Learning rate is now 0.010000
2023-12-15 22:31:35,912 | [INFO] : New learning rate: 0.009000000000000001
2023-12-15 22:31:37,592 | [DEBUG] : Current model size: 57834 parameters
2023-12-15 22:31:37,592 | [DEBUG] : Current training mode: increased
2023-12-15 22:31:37,592 | [INFO] : no layers were added
2023-12-15 22:31:37,592 | [DEBUG] : Model size was changed to 57834 parameters
2023-12-15 22:31:37,592 | [DEBUG] : Learning rate is now 0.010000
2023-12-15 22:31:47,334 | [INFO] : New learning rate: 0.009000000000000001
2023-12-15 22:31:49,054 | [DEBUG] : Current model size: 57834 parameters
2023-12-15 22:31:49,054 | [DEBUG] : Current training mode: increased
2023-12-15 22:31:49,055 | [INFO] : deepening layer 2/3: Linear(in_features=32, out_features=10, bias=True)
2023-12-15 22:31:49,056 | [DEBUG] : Model size was changed to 57944 parameters
2023-12-15 22:31:49,056 | [DEBUG] : Learning rate is now 0.010000
2023-12-15 22:31:58,894 | [INFO] : New learning rate: 0.009000000000000001
2023-12-15 22:32:00,571 | [DEBUG] : Current model size: 57944 parameters
2023-12-15 22:32:00,571 | [DEBUG] : Current training mode: increased
2023-12-15 22:32:00,571 | [INFO] : no layers were added
2023-12-15 22:32:00,571 | [DEBUG] : Model size was changed to 57944 parameters
2023-12-15 22:32:00,571 | [DEBUG] : Learning rate is now 0.010000
2023-12-15 22:32:10,298 | [INFO] : New learning rate: 0.009000000000000001
2023-12-15 22:32:11,985 | [DEBUG] : Current model size: 57944 parameters
2023-12-15 22:32:11,985 | [DEBUG] : Current training mode: increased
2023-12-15 22:32:11,985 | [INFO] : no layers were added
2023-12-15 22:32:11,986 | [DEBUG] : Model size was changed to 57944 parameters
2023-12-15 22:32:11,986 | [DEBUG] : Learning rate is now 0.010000
2023-12-15 22:32:21,664 | [INFO] : New learning rate: 0.009000000000000001
2023-12-15 22:32:23,401 | [DEBUG] : Current model size: 57944 parameters
2023-12-15 22:32:23,401 | [DEBUG] : Current training mode: increased
2023-12-15 22:32:23,401 | [INFO] : no layers were added
2023-12-15 22:32:23,401 | [DEBUG] : Model size was changed to 57944 parameters
2023-12-15 22:32:23,401 | [DEBUG] : Learning rate is now 0.010000
2023-12-15 22:32:33,096 | [INFO] : New learning rate: 0.009000000000000001
2023-12-15 22:32:34,795 | [DEBUG] : Current model size: 57944 parameters
2023-12-15 22:32:34,795 | [DEBUG] : Current training mode: increased
2023-12-15 22:32:34,795 | [INFO] : no layers were added
2023-12-15 22:32:34,796 | [DEBUG] : Model size was changed to 57944 parameters
2023-12-15 22:32:34,796 | [DEBUG] : Learning rate is now 0.010000
2023-12-15 22:32:44,474 | [INFO] : New learning rate: 0.009000000000000001
2023-12-15 22:32:46,178 | [DEBUG] : Current model size: 57944 parameters
2023-12-15 22:32:46,178 | [DEBUG] : Current training mode: increased
2023-12-15 22:32:46,178 | [INFO] : no layers were added
2023-12-15 22:32:46,178 | [DEBUG] : Model size was changed to 57944 parameters
2023-12-15 22:32:46,178 | [DEBUG] : Learning rate is now 0.010000
2023-12-15 22:32:55,892 | [INFO] : New learning rate: 0.009000000000000001
2023-12-15 22:32:57,597 | [DEBUG] : Current model size: 57944 parameters
2023-12-15 22:32:57,597 | [DEBUG] : Current training mode: increased
2023-12-15 22:32:57,597 | [INFO] : no layers were added
2023-12-15 22:32:57,598 | [DEBUG] : Model size was changed to 57944 parameters
2023-12-15 22:32:57,598 | [DEBUG] : Learning rate is now 0.010000
2023-12-15 22:33:07,400 | [INFO] : New learning rate: 0.009000000000000001
2023-12-15 22:33:09,132 | [DEBUG] : Current model size: 57944 parameters
2023-12-15 22:33:09,132 | [DEBUG] : Current training mode: increased
2023-12-15 22:33:09,132 | [INFO] : no layers were added
2023-12-15 22:33:09,133 | [DEBUG] : Model size was changed to 57944 parameters
2023-12-15 22:33:09,133 | [DEBUG] : Learning rate is now 0.010000
2023-12-15 22:33:18,852 | [INFO] : New learning rate: 0.009000000000000001
2023-12-15 22:33:20,542 | [DEBUG] : Current model size: 57944 parameters
2023-12-15 22:33:20,542 | [DEBUG] : Current training mode: increased
2023-12-15 22:33:20,542 | [INFO] : no layers were added
2023-12-15 22:33:20,543 | [DEBUG] : Model size was changed to 57944 parameters
2023-12-15 22:33:20,543 | [DEBUG] : Learning rate is now 0.010000
2023-12-15 22:33:30,125 | [INFO] : New learning rate: 0.009000000000000001
2023-12-15 22:33:31,791 | [DEBUG] : Current model size: 57944 parameters
2023-12-15 22:33:31,791 | [DEBUG] : Current training mode: increased
2023-12-15 22:33:31,791 | [INFO] : no layers were added
2023-12-15 22:33:31,791 | [DEBUG] : Model size was changed to 57944 parameters
2023-12-15 22:33:31,791 | [DEBUG] : Learning rate is now 0.010000
2023-12-15 22:33:36,340 | [INFO] : training has run out of time
2023-12-15 22:33:36,340 | [INFO] : training14 runtime (h:mm:ss): 0:02:11
2023-12-15 22:33:36,340 | [INFO] : training14 end time: 12/15/2023 10:33:36 PM
2023-12-15 22:33:36,340 | [INFO] : episode 15/64 finished, objective: None
