2023-12-15 23:49:54,735 | [INFO] : training50 start time: 12/15/2023 11:49:54 PM
2023-12-15 23:49:54,738 | [INFO] : Initialized model with weights: results/small_middle_late3/weights.pth
2023-12-15 23:49:54,738 | [DEBUG] : Current model size: 20778 parameters
2023-12-15 23:49:54,738 | [DEBUG] : Current training mode: initial
2023-12-15 23:49:54,752 | [INFO] : GPU allocation changing : going up
2023-12-15 23:49:54,754 | [DEBUG] : Current model size: 20778 parameters
2023-12-15 23:49:54,754 | [DEBUG] : Current training mode: increased
2023-12-15 23:49:54,754 | [INFO] : no layers were added
2023-12-15 23:49:54,754 | [DEBUG] : Model size was changed to 20778 parameters
2023-12-15 23:49:54,754 | [DEBUG] : Learning rate is now 0.010000
2023-12-15 23:50:04,089 | [INFO] : New learning rate: 0.009000000000000001
2023-12-15 23:50:05,736 | [DEBUG] : Current model size: 20778 parameters
2023-12-15 23:50:05,736 | [DEBUG] : Current training mode: increased
2023-12-15 23:50:05,738 | [INFO] : deepening layer 0/3: Conv2d(3, 64, kernel_size=(3, 3), stride=(1, 1))
2023-12-15 23:50:05,739 | [DEBUG] : Model size was changed to 57834 parameters
2023-12-15 23:50:05,739 | [DEBUG] : Learning rate is now 0.010000
2023-12-15 23:50:15,681 | [INFO] : New learning rate: 0.009000000000000001
2023-12-15 23:50:17,486 | [DEBUG] : Current model size: 57834 parameters
2023-12-15 23:50:17,486 | [DEBUG] : Current training mode: increased
2023-12-15 23:50:17,487 | [INFO] : deepening layer 2/3: Linear(in_features=32, out_features=10, bias=True)
2023-12-15 23:50:17,488 | [DEBUG] : Model size was changed to 57944 parameters
2023-12-15 23:50:17,488 | [DEBUG] : Learning rate is now 0.010000
2023-12-15 23:50:27,554 | [INFO] : New learning rate: 0.009000000000000001
2023-12-15 23:50:29,278 | [DEBUG] : Current model size: 57944 parameters
2023-12-15 23:50:29,278 | [DEBUG] : Current training mode: increased
2023-12-15 23:50:29,279 | [INFO] : no layers were added
2023-12-15 23:50:29,279 | [DEBUG] : Model size was changed to 57944 parameters
2023-12-15 23:50:29,279 | [DEBUG] : Learning rate is now 0.010000
2023-12-15 23:50:39,059 | [INFO] : New learning rate: 0.009000000000000001
2023-12-15 23:50:40,851 | [DEBUG] : Current model size: 57944 parameters
2023-12-15 23:50:40,851 | [DEBUG] : Current training mode: increased
2023-12-15 23:50:40,851 | [INFO] : no layers were added
2023-12-15 23:50:40,852 | [DEBUG] : Model size was changed to 57944 parameters
2023-12-15 23:50:40,852 | [DEBUG] : Learning rate is now 0.010000
2023-12-15 23:50:50,788 | [INFO] : New learning rate: 0.009000000000000001
2023-12-15 23:50:52,529 | [DEBUG] : Current model size: 57944 parameters
2023-12-15 23:50:52,529 | [DEBUG] : Current training mode: increased
2023-12-15 23:50:52,529 | [INFO] : no layers were added
2023-12-15 23:50:52,530 | [DEBUG] : Model size was changed to 57944 parameters
2023-12-15 23:50:52,530 | [DEBUG] : Learning rate is now 0.010000
2023-12-15 23:51:02,455 | [INFO] : New learning rate: 0.009000000000000001
2023-12-15 23:51:04,240 | [DEBUG] : Current model size: 57944 parameters
2023-12-15 23:51:04,240 | [DEBUG] : Current training mode: increased
2023-12-15 23:51:04,240 | [INFO] : no layers were added
2023-12-15 23:51:04,241 | [DEBUG] : Model size was changed to 57944 parameters
2023-12-15 23:51:04,241 | [DEBUG] : Learning rate is now 0.010000
2023-12-15 23:51:14,259 | [INFO] : New learning rate: 0.009000000000000001
2023-12-15 23:51:15,945 | [DEBUG] : Current model size: 57944 parameters
2023-12-15 23:51:15,945 | [DEBUG] : Current training mode: increased
2023-12-15 23:51:15,945 | [INFO] : no layers were added
2023-12-15 23:51:15,945 | [DEBUG] : Model size was changed to 57944 parameters
2023-12-15 23:51:15,945 | [DEBUG] : Learning rate is now 0.010000
2023-12-15 23:51:25,894 | [INFO] : New learning rate: 0.009000000000000001
2023-12-15 23:51:27,593 | [DEBUG] : Current model size: 57944 parameters
2023-12-15 23:51:27,593 | [DEBUG] : Current training mode: increased
2023-12-15 23:51:27,593 | [INFO] : no layers were added
2023-12-15 23:51:27,594 | [DEBUG] : Model size was changed to 57944 parameters
2023-12-15 23:51:27,594 | [DEBUG] : Learning rate is now 0.010000
2023-12-15 23:51:37,361 | [INFO] : New learning rate: 0.009000000000000001
2023-12-15 23:51:39,102 | [DEBUG] : Current model size: 57944 parameters
2023-12-15 23:51:39,103 | [DEBUG] : Current training mode: increased
2023-12-15 23:51:39,103 | [INFO] : no layers were added
2023-12-15 23:51:39,103 | [DEBUG] : Model size was changed to 57944 parameters
2023-12-15 23:51:39,103 | [DEBUG] : Learning rate is now 0.010000
2023-12-15 23:51:48,873 | [INFO] : New learning rate: 0.009000000000000001
2023-12-15 23:51:50,570 | [DEBUG] : Current model size: 57944 parameters
2023-12-15 23:51:50,571 | [DEBUG] : Current training mode: increased
2023-12-15 23:51:50,571 | [INFO] : no layers were added
2023-12-15 23:51:50,571 | [DEBUG] : Model size was changed to 57944 parameters
2023-12-15 23:51:50,571 | [DEBUG] : Learning rate is now 0.010000
2023-12-15 23:52:00,665 | [INFO] : New learning rate: 0.009000000000000001
2023-12-15 23:52:02,458 | [DEBUG] : Current model size: 57944 parameters
2023-12-15 23:52:02,458 | [DEBUG] : Current training mode: increased
2023-12-15 23:52:02,458 | [INFO] : no layers were added
2023-12-15 23:52:02,459 | [DEBUG] : Model size was changed to 57944 parameters
2023-12-15 23:52:02,459 | [DEBUG] : Learning rate is now 0.010000
2023-12-15 23:52:04,746 | [INFO] : training has run out of time
2023-12-15 23:52:04,747 | [INFO] : training50 runtime (h:mm:ss): 0:02:11
2023-12-15 23:52:04,747 | [INFO] : training50 end time: 12/15/2023 11:52:04 PM
2023-12-15 23:52:04,747 | [INFO] : episode 51/64 finished, objective: None
