2023-12-15 23:56:27,062 | [INFO] : training53 start time: 12/15/2023 11:56:27 PM
2023-12-15 23:56:27,065 | [INFO] : Initialized model with weights: results/small_middle_late3/weights.pth
2023-12-15 23:56:27,065 | [DEBUG] : Current model size: 20778 parameters
2023-12-15 23:56:27,065 | [DEBUG] : Current training mode: initial
2023-12-15 23:56:27,079 | [INFO] : GPU allocation changing : going up
2023-12-15 23:56:27,081 | [DEBUG] : Current model size: 20778 parameters
2023-12-15 23:56:27,081 | [DEBUG] : Current training mode: increased
2023-12-15 23:56:27,081 | [INFO] : no layers were added
2023-12-15 23:56:27,082 | [DEBUG] : Model size was changed to 20778 parameters
2023-12-15 23:56:27,082 | [DEBUG] : Learning rate is now 0.010000
2023-12-15 23:56:36,294 | [INFO] : New learning rate: 0.009000000000000001
2023-12-15 23:56:37,949 | [DEBUG] : Current model size: 20778 parameters
2023-12-15 23:56:37,949 | [DEBUG] : Current training mode: increased
2023-12-15 23:56:37,951 | [INFO] : deepening layer 1/3: Conv2d(64, 32, kernel_size=(3, 3), stride=(1, 1))
2023-12-15 23:56:37,951 | [DEBUG] : Model size was changed to 30090 parameters
2023-12-15 23:56:37,951 | [DEBUG] : Learning rate is now 0.010000
2023-12-15 23:56:47,696 | [INFO] : New learning rate: 0.009000000000000001
2023-12-15 23:56:49,354 | [DEBUG] : Current model size: 30090 parameters
2023-12-15 23:56:49,354 | [DEBUG] : Current training mode: increased
2023-12-15 23:56:49,356 | [INFO] : deepening layer 1/3: Conv2d(64, 32, kernel_size=(3, 3), stride=(1, 1))
2023-12-15 23:56:49,357 | [DEBUG] : Model size was changed to 39402 parameters
2023-12-15 23:56:49,357 | [DEBUG] : Learning rate is now 0.010000
2023-12-15 23:56:59,225 | [INFO] : New learning rate: 0.009000000000000001
2023-12-15 23:57:00,892 | [DEBUG] : Current model size: 39402 parameters
2023-12-15 23:57:00,892 | [DEBUG] : Current training mode: increased
2023-12-15 23:57:00,892 | [INFO] : no layers were added
2023-12-15 23:57:00,893 | [DEBUG] : Model size was changed to 39402 parameters
2023-12-15 23:57:00,893 | [DEBUG] : Learning rate is now 0.010000
2023-12-15 23:57:10,761 | [INFO] : New learning rate: 0.009000000000000001
2023-12-15 23:57:12,440 | [DEBUG] : Current model size: 39402 parameters
2023-12-15 23:57:12,440 | [DEBUG] : Current training mode: increased
2023-12-15 23:57:12,440 | [INFO] : no layers were added
2023-12-15 23:57:12,440 | [DEBUG] : Model size was changed to 39402 parameters
2023-12-15 23:57:12,440 | [DEBUG] : Learning rate is now 0.010000
2023-12-15 23:57:22,276 | [INFO] : New learning rate: 0.009000000000000001
2023-12-15 23:57:23,961 | [DEBUG] : Current model size: 39402 parameters
2023-12-15 23:57:23,961 | [DEBUG] : Current training mode: increased
2023-12-15 23:57:23,961 | [INFO] : no layers were added
2023-12-15 23:57:23,961 | [DEBUG] : Model size was changed to 39402 parameters
2023-12-15 23:57:23,961 | [DEBUG] : Learning rate is now 0.010000
2023-12-15 23:57:33,952 | [INFO] : New learning rate: 0.009000000000000001
2023-12-15 23:57:35,696 | [DEBUG] : Current model size: 39402 parameters
2023-12-15 23:57:35,696 | [DEBUG] : Current training mode: increased
2023-12-15 23:57:35,697 | [INFO] : no layers were added
2023-12-15 23:57:35,697 | [DEBUG] : Model size was changed to 39402 parameters
2023-12-15 23:57:35,697 | [DEBUG] : Learning rate is now 0.010000
2023-12-15 23:57:45,701 | [INFO] : New learning rate: 0.009000000000000001
2023-12-15 23:57:47,380 | [DEBUG] : Current model size: 39402 parameters
2023-12-15 23:57:47,380 | [DEBUG] : Current training mode: increased
2023-12-15 23:57:47,380 | [INFO] : no layers were added
2023-12-15 23:57:47,381 | [DEBUG] : Model size was changed to 39402 parameters
2023-12-15 23:57:47,381 | [DEBUG] : Learning rate is now 0.010000
2023-12-15 23:57:57,130 | [INFO] : New learning rate: 0.009000000000000001
2023-12-15 23:57:58,811 | [DEBUG] : Current model size: 39402 parameters
2023-12-15 23:57:58,811 | [DEBUG] : Current training mode: increased
2023-12-15 23:57:58,811 | [INFO] : no layers were added
2023-12-15 23:57:58,812 | [DEBUG] : Model size was changed to 39402 parameters
2023-12-15 23:57:58,812 | [DEBUG] : Learning rate is now 0.010000
2023-12-15 23:58:08,555 | [INFO] : New learning rate: 0.009000000000000001
2023-12-15 23:58:10,249 | [DEBUG] : Current model size: 39402 parameters
2023-12-15 23:58:10,249 | [DEBUG] : Current training mode: increased
2023-12-15 23:58:10,249 | [INFO] : no layers were added
2023-12-15 23:58:10,250 | [DEBUG] : Model size was changed to 39402 parameters
2023-12-15 23:58:10,250 | [DEBUG] : Learning rate is now 0.010000
2023-12-15 23:58:20,039 | [INFO] : New learning rate: 0.009000000000000001
2023-12-15 23:58:21,732 | [DEBUG] : Current model size: 39402 parameters
2023-12-15 23:58:21,732 | [DEBUG] : Current training mode: increased
2023-12-15 23:58:21,732 | [INFO] : no layers were added
2023-12-15 23:58:21,733 | [DEBUG] : Model size was changed to 39402 parameters
2023-12-15 23:58:21,733 | [DEBUG] : Learning rate is now 0.010000
2023-12-15 23:58:31,650 | [INFO] : New learning rate: 0.009000000000000001
2023-12-15 23:58:33,413 | [DEBUG] : Current model size: 39402 parameters
2023-12-15 23:58:33,414 | [DEBUG] : Current training mode: increased
2023-12-15 23:58:33,414 | [INFO] : no layers were added
2023-12-15 23:58:33,414 | [DEBUG] : Model size was changed to 39402 parameters
2023-12-15 23:58:33,414 | [DEBUG] : Learning rate is now 0.010000
2023-12-15 23:58:37,075 | [INFO] : training has run out of time
2023-12-15 23:58:37,076 | [INFO] : training53 runtime (h:mm:ss): 0:02:11
2023-12-15 23:58:37,076 | [INFO] : training53 end time: 12/15/2023 11:58:37 PM
2023-12-15 23:58:37,076 | [INFO] : episode 54/64 finished, objective: None
