2023-12-16 00:00:48,619 | [INFO] : training55 start time: 12/16/2023 12:00:48 AM
2023-12-16 00:00:48,622 | [INFO] : Initialized model with weights: results/small_middle_late3/weights.pth
2023-12-16 00:00:48,622 | [DEBUG] : Current model size: 20778 parameters
2023-12-16 00:00:48,622 | [DEBUG] : Current training mode: initial
2023-12-16 00:00:48,635 | [INFO] : GPU allocation changing : going up
2023-12-16 00:00:48,638 | [DEBUG] : Current model size: 20778 parameters
2023-12-16 00:00:48,638 | [DEBUG] : Current training mode: increased
2023-12-16 00:00:48,638 | [INFO] : no layers were added
2023-12-16 00:00:48,638 | [DEBUG] : Model size was changed to 20778 parameters
2023-12-16 00:00:48,638 | [DEBUG] : Learning rate is now 0.010000
2023-12-16 00:00:57,701 | [INFO] : New learning rate: 0.009000000000000001
2023-12-16 00:00:59,323 | [DEBUG] : Current model size: 20778 parameters
2023-12-16 00:00:59,323 | [DEBUG] : Current training mode: increased
2023-12-16 00:00:59,325 | [INFO] : deepening layer 1/3: Conv2d(64, 32, kernel_size=(3, 3), stride=(1, 1))
2023-12-16 00:00:59,325 | [DEBUG] : Model size was changed to 30090 parameters
2023-12-16 00:00:59,325 | [DEBUG] : Learning rate is now 0.010000
2023-12-16 00:01:08,715 | [INFO] : New learning rate: 0.009000000000000001
2023-12-16 00:01:10,354 | [DEBUG] : Current model size: 30090 parameters
2023-12-16 00:01:10,354 | [DEBUG] : Current training mode: increased
2023-12-16 00:01:10,354 | [INFO] : no layers were added
2023-12-16 00:01:10,354 | [DEBUG] : Model size was changed to 30090 parameters
2023-12-16 00:01:10,354 | [DEBUG] : Learning rate is now 0.010000
2023-12-16 00:01:19,723 | [INFO] : New learning rate: 0.009000000000000001
2023-12-16 00:01:21,365 | [DEBUG] : Current model size: 30090 parameters
2023-12-16 00:01:21,365 | [DEBUG] : Current training mode: increased
2023-12-16 00:01:21,365 | [INFO] : no layers were added
2023-12-16 00:01:21,366 | [DEBUG] : Model size was changed to 30090 parameters
2023-12-16 00:01:21,366 | [DEBUG] : Learning rate is now 0.010000
2023-12-16 00:01:30,799 | [INFO] : New learning rate: 0.009000000000000001
2023-12-16 00:01:32,436 | [DEBUG] : Current model size: 30090 parameters
2023-12-16 00:01:32,436 | [DEBUG] : Current training mode: increased
2023-12-16 00:01:32,436 | [INFO] : no layers were added
2023-12-16 00:01:32,436 | [DEBUG] : Model size was changed to 30090 parameters
2023-12-16 00:01:32,436 | [DEBUG] : Learning rate is now 0.010000
2023-12-16 00:01:41,861 | [INFO] : New learning rate: 0.009000000000000001
2023-12-16 00:01:43,499 | [DEBUG] : Current model size: 30090 parameters
2023-12-16 00:01:43,499 | [DEBUG] : Current training mode: increased
2023-12-16 00:01:43,499 | [INFO] : no layers were added
2023-12-16 00:01:43,500 | [DEBUG] : Model size was changed to 30090 parameters
2023-12-16 00:01:43,500 | [DEBUG] : Learning rate is now 0.010000
2023-12-16 00:01:53,246 | [INFO] : New learning rate: 0.009000000000000001
2023-12-16 00:01:54,966 | [DEBUG] : Current model size: 30090 parameters
2023-12-16 00:01:54,966 | [DEBUG] : Current training mode: increased
2023-12-16 00:01:54,966 | [INFO] : no layers were added
2023-12-16 00:01:54,967 | [DEBUG] : Model size was changed to 30090 parameters
2023-12-16 00:01:54,967 | [DEBUG] : Learning rate is now 0.010000
2023-12-16 00:02:04,475 | [INFO] : New learning rate: 0.009000000000000001
2023-12-16 00:02:06,113 | [DEBUG] : Current model size: 30090 parameters
2023-12-16 00:02:06,114 | [DEBUG] : Current training mode: increased
2023-12-16 00:02:06,114 | [INFO] : no layers were added
2023-12-16 00:02:06,114 | [DEBUG] : Model size was changed to 30090 parameters
2023-12-16 00:02:06,114 | [DEBUG] : Learning rate is now 0.010000
2023-12-16 00:02:15,540 | [INFO] : New learning rate: 0.009000000000000001
2023-12-16 00:02:17,188 | [DEBUG] : Current model size: 30090 parameters
2023-12-16 00:02:17,188 | [DEBUG] : Current training mode: increased
2023-12-16 00:02:17,188 | [INFO] : no layers were added
2023-12-16 00:02:17,189 | [DEBUG] : Model size was changed to 30090 parameters
2023-12-16 00:02:17,189 | [DEBUG] : Learning rate is now 0.010000
2023-12-16 00:02:26,620 | [INFO] : New learning rate: 0.009000000000000001
2023-12-16 00:02:28,257 | [DEBUG] : Current model size: 30090 parameters
2023-12-16 00:02:28,257 | [DEBUG] : Current training mode: increased
2023-12-16 00:02:28,257 | [INFO] : no layers were added
2023-12-16 00:02:28,258 | [DEBUG] : Model size was changed to 30090 parameters
2023-12-16 00:02:28,258 | [DEBUG] : Learning rate is now 0.010000
2023-12-16 00:02:37,760 | [INFO] : New learning rate: 0.009000000000000001
2023-12-16 00:02:39,487 | [DEBUG] : Current model size: 30090 parameters
2023-12-16 00:02:39,487 | [DEBUG] : Current training mode: increased
2023-12-16 00:02:39,487 | [INFO] : no layers were added
2023-12-16 00:02:39,488 | [DEBUG] : Model size was changed to 30090 parameters
2023-12-16 00:02:39,488 | [DEBUG] : Learning rate is now 0.010000
2023-12-16 00:02:48,909 | [INFO] : New learning rate: 0.009000000000000001
2023-12-16 00:02:50,543 | [DEBUG] : Current model size: 30090 parameters
2023-12-16 00:02:50,543 | [DEBUG] : Current training mode: increased
2023-12-16 00:02:50,543 | [INFO] : no layers were added
2023-12-16 00:02:50,544 | [DEBUG] : Model size was changed to 30090 parameters
2023-12-16 00:02:50,544 | [DEBUG] : Learning rate is now 0.010000
2023-12-16 00:02:58,625 | [INFO] : training has run out of time
2023-12-16 00:02:58,627 | [INFO] : training55 runtime (h:mm:ss): 0:02:11
2023-12-16 00:02:58,627 | [INFO] : training55 end time: 12/16/2023 12:02:58 AM
2023-12-16 00:02:58,627 | [INFO] : episode 56/64 finished, objective: None
