2023-12-15 23:47:43,946 | [INFO] : training49 start time: 12/15/2023 11:47:43 PM
2023-12-15 23:47:43,949 | [INFO] : Initialized model with weights: results/small_middle_late3/weights.pth
2023-12-15 23:47:43,949 | [DEBUG] : Current model size: 20778 parameters
2023-12-15 23:47:43,949 | [DEBUG] : Current training mode: initial
2023-12-15 23:47:43,963 | [INFO] : GPU allocation changing : going up
2023-12-15 23:47:43,965 | [DEBUG] : Current model size: 20778 parameters
2023-12-15 23:47:43,965 | [DEBUG] : Current training mode: increased
2023-12-15 23:47:43,965 | [INFO] : no layers were added
2023-12-15 23:47:43,966 | [DEBUG] : Model size was changed to 20778 parameters
2023-12-15 23:47:43,966 | [DEBUG] : Learning rate is now 0.010000
2023-12-15 23:47:53,165 | [INFO] : New learning rate: 0.009000000000000001
2023-12-15 23:47:54,826 | [DEBUG] : Current model size: 20778 parameters
2023-12-15 23:47:54,826 | [DEBUG] : Current training mode: increased
2023-12-15 23:47:54,828 | [INFO] : deepening layer 0/3: Conv2d(3, 64, kernel_size=(3, 3), stride=(1, 1))
2023-12-15 23:47:54,829 | [DEBUG] : Model size was changed to 57834 parameters
2023-12-15 23:47:54,829 | [DEBUG] : Learning rate is now 0.010000
2023-12-15 23:48:04,466 | [INFO] : New learning rate: 0.009000000000000001
2023-12-15 23:48:06,152 | [DEBUG] : Current model size: 57834 parameters
2023-12-15 23:48:06,153 | [DEBUG] : Current training mode: increased
2023-12-15 23:48:06,154 | [INFO] : deepening layer 1/3: Conv2d(64, 32, kernel_size=(3, 3), stride=(1, 1))
2023-12-15 23:48:06,155 | [DEBUG] : Model size was changed to 67146 parameters
2023-12-15 23:48:06,155 | [DEBUG] : Learning rate is now 0.010000
2023-12-15 23:48:16,078 | [INFO] : New learning rate: 0.009000000000000001
2023-12-15 23:48:17,824 | [DEBUG] : Current model size: 67146 parameters
2023-12-15 23:48:17,824 | [DEBUG] : Current training mode: increased
2023-12-15 23:48:17,824 | [INFO] : no layers were added
2023-12-15 23:48:17,825 | [DEBUG] : Model size was changed to 67146 parameters
2023-12-15 23:48:17,825 | [DEBUG] : Learning rate is now 0.010000
2023-12-15 23:48:28,213 | [INFO] : New learning rate: 0.009000000000000001
2023-12-15 23:48:29,947 | [DEBUG] : Current model size: 67146 parameters
2023-12-15 23:48:29,947 | [DEBUG] : Current training mode: increased
2023-12-15 23:48:29,947 | [INFO] : no layers were added
2023-12-15 23:48:29,948 | [DEBUG] : Model size was changed to 67146 parameters
2023-12-15 23:48:29,948 | [DEBUG] : Learning rate is now 0.010000
2023-12-15 23:48:39,929 | [INFO] : New learning rate: 0.009000000000000001
2023-12-15 23:48:41,678 | [DEBUG] : Current model size: 67146 parameters
2023-12-15 23:48:41,678 | [DEBUG] : Current training mode: increased
2023-12-15 23:48:41,678 | [INFO] : no layers were added
2023-12-15 23:48:41,679 | [DEBUG] : Model size was changed to 67146 parameters
2023-12-15 23:48:41,679 | [DEBUG] : Learning rate is now 0.010000
2023-12-15 23:48:51,868 | [INFO] : New learning rate: 0.009000000000000001
2023-12-15 23:48:53,604 | [DEBUG] : Current model size: 67146 parameters
2023-12-15 23:48:53,604 | [DEBUG] : Current training mode: increased
2023-12-15 23:48:53,604 | [INFO] : no layers were added
2023-12-15 23:48:53,605 | [DEBUG] : Model size was changed to 67146 parameters
2023-12-15 23:48:53,605 | [DEBUG] : Learning rate is now 0.010000
2023-12-15 23:49:03,798 | [INFO] : New learning rate: 0.009000000000000001
2023-12-15 23:49:05,514 | [DEBUG] : Current model size: 67146 parameters
2023-12-15 23:49:05,514 | [DEBUG] : Current training mode: increased
2023-12-15 23:49:05,515 | [INFO] : no layers were added
2023-12-15 23:49:05,515 | [DEBUG] : Model size was changed to 67146 parameters
2023-12-15 23:49:05,515 | [DEBUG] : Learning rate is now 0.010000
2023-12-15 23:49:15,767 | [INFO] : New learning rate: 0.009000000000000001
2023-12-15 23:49:17,531 | [DEBUG] : Current model size: 67146 parameters
2023-12-15 23:49:17,531 | [DEBUG] : Current training mode: increased
2023-12-15 23:49:17,531 | [INFO] : no layers were added
2023-12-15 23:49:17,532 | [DEBUG] : Model size was changed to 67146 parameters
2023-12-15 23:49:17,532 | [DEBUG] : Learning rate is now 0.010000
2023-12-15 23:49:27,865 | [INFO] : New learning rate: 0.009000000000000001
2023-12-15 23:49:29,644 | [DEBUG] : Current model size: 67146 parameters
2023-12-15 23:49:29,644 | [DEBUG] : Current training mode: increased
2023-12-15 23:49:29,644 | [INFO] : no layers were added
2023-12-15 23:49:29,645 | [DEBUG] : Model size was changed to 67146 parameters
2023-12-15 23:49:29,645 | [DEBUG] : Learning rate is now 0.010000
2023-12-15 23:49:40,088 | [INFO] : New learning rate: 0.009000000000000001
2023-12-15 23:49:41,786 | [DEBUG] : Current model size: 67146 parameters
2023-12-15 23:49:41,786 | [DEBUG] : Current training mode: increased
2023-12-15 23:49:41,786 | [INFO] : no layers were added
2023-12-15 23:49:41,787 | [DEBUG] : Model size was changed to 67146 parameters
2023-12-15 23:49:41,787 | [DEBUG] : Learning rate is now 0.010000
2023-12-15 23:49:51,721 | [INFO] : New learning rate: 0.009000000000000001
2023-12-15 23:49:53,422 | [DEBUG] : Current model size: 67146 parameters
2023-12-15 23:49:53,422 | [DEBUG] : Current training mode: increased
2023-12-15 23:49:53,422 | [INFO] : no layers were added
2023-12-15 23:49:53,422 | [DEBUG] : Model size was changed to 67146 parameters
2023-12-15 23:49:53,422 | [DEBUG] : Learning rate is now 0.010000
2023-12-15 23:49:53,957 | [INFO] : training has run out of time
2023-12-15 23:49:53,958 | [INFO] : training49 runtime (h:mm:ss): 0:02:11
2023-12-15 23:49:53,958 | [INFO] : training49 end time: 12/15/2023 11:49:53 PM
2023-12-15 23:49:53,958 | [INFO] : episode 50/64 finished, objective: None
