2023-12-15 22:37:58,505 | [INFO] : training17 start time: 12/15/2023 10:37:58 PM
2023-12-15 22:37:58,508 | [INFO] : Initialized model with weights: results/small_middle_late3/weights.pth
2023-12-15 22:37:58,508 | [DEBUG] : Current model size: 20778 parameters
2023-12-15 22:37:58,508 | [DEBUG] : Current training mode: initial
2023-12-15 22:37:58,522 | [INFO] : GPU allocation changing : going up
2023-12-15 22:37:58,524 | [DEBUG] : Current model size: 20778 parameters
2023-12-15 22:37:58,524 | [DEBUG] : Current training mode: increased
2023-12-15 22:37:58,526 | [INFO] : deepening layer 1/3: Conv2d(64, 32, kernel_size=(3, 3), stride=(1, 1))
2023-12-15 22:37:58,526 | [DEBUG] : Model size was changed to 30090 parameters
2023-12-15 22:37:58,526 | [DEBUG] : Learning rate is now 0.010000
2023-12-15 22:38:07,909 | [INFO] : New learning rate: 0.009000000000000001
2023-12-15 22:38:09,557 | [DEBUG] : Current model size: 30090 parameters
2023-12-15 22:38:09,557 | [DEBUG] : Current training mode: increased
2023-12-15 22:38:09,559 | [INFO] : deepening layer 0/3: Conv2d(3, 64, kernel_size=(3, 3), stride=(1, 1))
2023-12-15 22:38:09,559 | [DEBUG] : Model size was changed to 67146 parameters
2023-12-15 22:38:09,559 | [DEBUG] : Learning rate is now 0.010000
2023-12-15 22:38:19,410 | [INFO] : New learning rate: 0.009000000000000001
2023-12-15 22:38:21,106 | [DEBUG] : Current model size: 67146 parameters
2023-12-15 22:38:21,106 | [DEBUG] : Current training mode: increased
2023-12-15 22:38:21,108 | [INFO] : deepening layer 1/3: Conv2d(64, 32, kernel_size=(3, 3), stride=(1, 1))
2023-12-15 22:38:21,108 | [DEBUG] : Model size was changed to 76458 parameters
2023-12-15 22:38:21,108 | [DEBUG] : Learning rate is now 0.010000
2023-12-15 22:38:31,275 | [INFO] : New learning rate: 0.009000000000000001
2023-12-15 22:38:33,001 | [DEBUG] : Current model size: 76458 parameters
2023-12-15 22:38:33,001 | [DEBUG] : Current training mode: increased
2023-12-15 22:38:33,001 | [INFO] : no layers were added
2023-12-15 22:38:33,002 | [DEBUG] : Model size was changed to 76458 parameters
2023-12-15 22:38:33,002 | [DEBUG] : Learning rate is now 0.010000
2023-12-15 22:38:43,181 | [INFO] : New learning rate: 0.009000000000000001
2023-12-15 22:38:44,947 | [DEBUG] : Current model size: 76458 parameters
2023-12-15 22:38:44,948 | [DEBUG] : Current training mode: increased
2023-12-15 22:38:44,948 | [INFO] : no layers were added
2023-12-15 22:38:44,948 | [DEBUG] : Model size was changed to 76458 parameters
2023-12-15 22:38:44,948 | [DEBUG] : Learning rate is now 0.010000
2023-12-15 22:38:55,168 | [INFO] : New learning rate: 0.009000000000000001
2023-12-15 22:38:56,973 | [DEBUG] : Current model size: 76458 parameters
2023-12-15 22:38:56,974 | [DEBUG] : Current training mode: increased
2023-12-15 22:38:56,974 | [INFO] : no layers were added
2023-12-15 22:38:56,974 | [DEBUG] : Model size was changed to 76458 parameters
2023-12-15 22:38:56,974 | [DEBUG] : Learning rate is now 0.010000
2023-12-15 22:39:07,429 | [INFO] : New learning rate: 0.009000000000000001
2023-12-15 22:39:09,198 | [DEBUG] : Current model size: 76458 parameters
2023-12-15 22:39:09,198 | [DEBUG] : Current training mode: increased
2023-12-15 22:39:09,198 | [INFO] : no layers were added
2023-12-15 22:39:09,198 | [DEBUG] : Model size was changed to 76458 parameters
2023-12-15 22:39:09,198 | [DEBUG] : Learning rate is now 0.010000
2023-12-15 22:39:19,366 | [INFO] : New learning rate: 0.009000000000000001
2023-12-15 22:39:21,088 | [DEBUG] : Current model size: 76458 parameters
2023-12-15 22:39:21,089 | [DEBUG] : Current training mode: increased
2023-12-15 22:39:21,089 | [INFO] : no layers were added
2023-12-15 22:39:21,089 | [DEBUG] : Model size was changed to 76458 parameters
2023-12-15 22:39:21,089 | [DEBUG] : Learning rate is now 0.010000
2023-12-15 22:39:31,390 | [INFO] : New learning rate: 0.009000000000000001
2023-12-15 22:39:33,111 | [DEBUG] : Current model size: 76458 parameters
2023-12-15 22:39:33,111 | [DEBUG] : Current training mode: increased
2023-12-15 22:39:33,111 | [INFO] : no layers were added
2023-12-15 22:39:33,111 | [DEBUG] : Model size was changed to 76458 parameters
2023-12-15 22:39:33,111 | [DEBUG] : Learning rate is now 0.010000
2023-12-15 22:39:43,279 | [INFO] : New learning rate: 0.009000000000000001
2023-12-15 22:39:45,072 | [DEBUG] : Current model size: 76458 parameters
2023-12-15 22:39:45,072 | [DEBUG] : Current training mode: increased
2023-12-15 22:39:45,072 | [INFO] : no layers were added
2023-12-15 22:39:45,072 | [DEBUG] : Model size was changed to 76458 parameters
2023-12-15 22:39:45,072 | [DEBUG] : Learning rate is now 0.010000
2023-12-15 22:39:55,349 | [INFO] : New learning rate: 0.009000000000000001
2023-12-15 22:39:57,069 | [DEBUG] : Current model size: 76458 parameters
2023-12-15 22:39:57,069 | [DEBUG] : Current training mode: increased
2023-12-15 22:39:57,069 | [INFO] : no layers were added
2023-12-15 22:39:57,069 | [DEBUG] : Model size was changed to 76458 parameters
2023-12-15 22:39:57,069 | [DEBUG] : Learning rate is now 0.010000
2023-12-15 22:40:07,294 | [INFO] : New learning rate: 0.009000000000000001
2023-12-15 22:40:09,018 | [DEBUG] : Current model size: 76458 parameters
2023-12-15 22:40:09,018 | [DEBUG] : Current training mode: increased
2023-12-15 22:40:09,018 | [INFO] : no layers were added
2023-12-15 22:40:09,018 | [DEBUG] : Model size was changed to 76458 parameters
2023-12-15 22:40:09,018 | [DEBUG] : Learning rate is now 0.010000
2023-12-15 22:40:09,030 | [INFO] : training has run out of time
2023-12-15 22:40:09,031 | [INFO] : training17 runtime (h:mm:ss): 0:02:11
2023-12-15 22:40:09,031 | [INFO] : training17 end time: 12/15/2023 10:40:09 PM
2023-12-15 22:40:09,031 | [INFO] : episode 18/64 finished, objective: None
