2023-12-15 23:08:30,283 | [INFO] : training31 start time: 12/15/2023 11:08:30 PM
2023-12-15 23:08:30,286 | [INFO] : Initialized model with weights: results/small_middle_late3/weights.pth
2023-12-15 23:08:30,286 | [DEBUG] : Current model size: 20778 parameters
2023-12-15 23:08:30,286 | [DEBUG] : Current training mode: initial
2023-12-15 23:08:30,299 | [INFO] : GPU allocation changing : going up
2023-12-15 23:08:30,302 | [DEBUG] : Current model size: 20778 parameters
2023-12-15 23:08:30,302 | [DEBUG] : Current training mode: increased
2023-12-15 23:08:30,303 | [INFO] : deepening layer 1/3: Conv2d(64, 32, kernel_size=(3, 3), stride=(1, 1))
2023-12-15 23:08:30,303 | [DEBUG] : Model size was changed to 30090 parameters
2023-12-15 23:08:30,303 | [DEBUG] : Learning rate is now 0.010000
2023-12-15 23:08:39,720 | [INFO] : New learning rate: 0.009000000000000001
2023-12-15 23:08:41,369 | [DEBUG] : Current model size: 30090 parameters
2023-12-15 23:08:41,369 | [DEBUG] : Current training mode: increased
2023-12-15 23:08:41,369 | [INFO] : no layers were added
2023-12-15 23:08:41,369 | [DEBUG] : Model size was changed to 30090 parameters
2023-12-15 23:08:41,369 | [DEBUG] : Learning rate is now 0.010000
2023-12-15 23:08:50,763 | [INFO] : New learning rate: 0.009000000000000001
2023-12-15 23:08:52,409 | [DEBUG] : Current model size: 30090 parameters
2023-12-15 23:08:52,409 | [DEBUG] : Current training mode: increased
2023-12-15 23:08:52,409 | [INFO] : no layers were added
2023-12-15 23:08:52,409 | [DEBUG] : Model size was changed to 30090 parameters
2023-12-15 23:08:52,409 | [DEBUG] : Learning rate is now 0.010000
2023-12-15 23:09:01,805 | [INFO] : New learning rate: 0.009000000000000001
2023-12-15 23:09:03,460 | [DEBUG] : Current model size: 30090 parameters
2023-12-15 23:09:03,460 | [DEBUG] : Current training mode: increased
2023-12-15 23:09:03,460 | [INFO] : no layers were added
2023-12-15 23:09:03,461 | [DEBUG] : Model size was changed to 30090 parameters
2023-12-15 23:09:03,461 | [DEBUG] : Learning rate is now 0.010000
2023-12-15 23:09:12,891 | [INFO] : New learning rate: 0.009000000000000001
2023-12-15 23:09:14,544 | [DEBUG] : Current model size: 30090 parameters
2023-12-15 23:09:14,544 | [DEBUG] : Current training mode: increased
2023-12-15 23:09:14,544 | [INFO] : no layers were added
2023-12-15 23:09:14,545 | [DEBUG] : Model size was changed to 30090 parameters
2023-12-15 23:09:14,545 | [DEBUG] : Learning rate is now 0.010000
2023-12-15 23:09:23,956 | [INFO] : New learning rate: 0.009000000000000001
2023-12-15 23:09:25,607 | [DEBUG] : Current model size: 30090 parameters
2023-12-15 23:09:25,608 | [DEBUG] : Current training mode: increased
2023-12-15 23:09:25,608 | [INFO] : no layers were added
2023-12-15 23:09:25,608 | [DEBUG] : Model size was changed to 30090 parameters
2023-12-15 23:09:25,608 | [DEBUG] : Learning rate is now 0.010000
2023-12-15 23:09:34,991 | [INFO] : New learning rate: 0.009000000000000001
2023-12-15 23:09:36,638 | [DEBUG] : Current model size: 30090 parameters
2023-12-15 23:09:36,638 | [DEBUG] : Current training mode: increased
2023-12-15 23:09:36,638 | [INFO] : no layers were added
2023-12-15 23:09:36,638 | [DEBUG] : Model size was changed to 30090 parameters
2023-12-15 23:09:36,638 | [DEBUG] : Learning rate is now 0.010000
2023-12-15 23:09:46,034 | [INFO] : New learning rate: 0.009000000000000001
2023-12-15 23:09:47,683 | [DEBUG] : Current model size: 30090 parameters
2023-12-15 23:09:47,683 | [DEBUG] : Current training mode: increased
2023-12-15 23:09:47,683 | [INFO] : no layers were added
2023-12-15 23:09:47,683 | [DEBUG] : Model size was changed to 30090 parameters
2023-12-15 23:09:47,683 | [DEBUG] : Learning rate is now 0.010000
2023-12-15 23:09:57,058 | [INFO] : New learning rate: 0.009000000000000001
2023-12-15 23:09:58,689 | [DEBUG] : Current model size: 30090 parameters
2023-12-15 23:09:58,689 | [DEBUG] : Current training mode: increased
2023-12-15 23:09:58,689 | [INFO] : no layers were added
2023-12-15 23:09:58,690 | [DEBUG] : Model size was changed to 30090 parameters
2023-12-15 23:09:58,690 | [DEBUG] : Learning rate is now 0.010000
2023-12-15 23:10:08,006 | [INFO] : New learning rate: 0.009000000000000001
2023-12-15 23:10:09,651 | [DEBUG] : Current model size: 30090 parameters
2023-12-15 23:10:09,651 | [DEBUG] : Current training mode: increased
2023-12-15 23:10:09,651 | [INFO] : no layers were added
2023-12-15 23:10:09,651 | [DEBUG] : Model size was changed to 30090 parameters
2023-12-15 23:10:09,651 | [DEBUG] : Learning rate is now 0.010000
2023-12-15 23:10:19,117 | [INFO] : New learning rate: 0.009000000000000001
2023-12-15 23:10:20,764 | [DEBUG] : Current model size: 30090 parameters
2023-12-15 23:10:20,764 | [DEBUG] : Current training mode: increased
2023-12-15 23:10:20,765 | [INFO] : no layers were added
2023-12-15 23:10:20,765 | [DEBUG] : Model size was changed to 30090 parameters
2023-12-15 23:10:20,765 | [DEBUG] : Learning rate is now 0.010000
2023-12-15 23:10:30,078 | [INFO] : New learning rate: 0.009000000000000001
2023-12-15 23:10:31,719 | [DEBUG] : Current model size: 30090 parameters
2023-12-15 23:10:31,719 | [DEBUG] : Current training mode: increased
2023-12-15 23:10:31,719 | [INFO] : no layers were added
2023-12-15 23:10:31,719 | [DEBUG] : Model size was changed to 30090 parameters
2023-12-15 23:10:31,719 | [DEBUG] : Learning rate is now 0.010000
2023-12-15 23:10:40,297 | [INFO] : training has run out of time
2023-12-15 23:10:40,298 | [INFO] : training31 runtime (h:mm:ss): 0:02:11
2023-12-15 23:10:40,298 | [INFO] : training31 end time: 12/15/2023 11:10:40 PM
2023-12-15 23:10:40,298 | [INFO] : episode 32/64 finished, objective: None
