2023-12-15 19:56:55,303 | [INFO] : training27 start time: 12/15/2023 07:56:55 PM
2023-12-15 19:56:55,305 | [INFO] : Initialized model with weights: results/small_middle3/weights.pth
2023-12-15 19:56:55,305 | [DEBUG] : Current model size: 20778 parameters
2023-12-15 19:56:55,306 | [DEBUG] : Current training mode: initial
2023-12-15 19:56:55,319 | [INFO] : GPU allocation changing : going up
2023-12-15 19:56:55,321 | [DEBUG] : Current model size: 20778 parameters
2023-12-15 19:56:55,321 | [DEBUG] : Current training mode: increased
2023-12-15 19:56:55,322 | [INFO] : deepening layer 1/3: Conv2d(64, 32, kernel_size=(3, 3), stride=(1, 1))
2023-12-15 19:56:55,322 | [DEBUG] : Model size was changed to 30090 parameters
2023-12-15 19:56:55,323 | [DEBUG] : Learning rate is now 0.010000
2023-12-15 19:57:04,986 | [INFO] : New learning rate: 0.009000000000000001
2023-12-15 19:57:06,667 | [DEBUG] : Current model size: 30090 parameters
2023-12-15 19:57:06,667 | [DEBUG] : Current training mode: increased
2023-12-15 19:57:06,668 | [INFO] : deepening layer 2/3: Linear(in_features=32, out_features=10, bias=True)
2023-12-15 19:57:06,669 | [DEBUG] : Model size was changed to 30200 parameters
2023-12-15 19:57:06,669 | [DEBUG] : Learning rate is now 0.010000
2023-12-15 19:57:16,643 | [INFO] : New learning rate: 0.009000000000000001
2023-12-15 19:57:18,371 | [DEBUG] : Current model size: 30200 parameters
2023-12-15 19:57:18,372 | [DEBUG] : Current training mode: increased
2023-12-15 19:57:18,372 | [INFO] : no layers were added
2023-12-15 19:57:18,372 | [DEBUG] : Model size was changed to 30200 parameters
2023-12-15 19:57:18,372 | [DEBUG] : Learning rate is now 0.010000
2023-12-15 19:57:28,224 | [INFO] : New learning rate: 0.009000000000000001
2023-12-15 19:57:29,934 | [DEBUG] : Current model size: 30200 parameters
2023-12-15 19:57:29,934 | [DEBUG] : Current training mode: increased
2023-12-15 19:57:29,935 | [INFO] : no layers were added
2023-12-15 19:57:29,935 | [DEBUG] : Model size was changed to 30200 parameters
2023-12-15 19:57:29,935 | [DEBUG] : Learning rate is now 0.010000
2023-12-15 19:57:39,787 | [INFO] : New learning rate: 0.009000000000000001
2023-12-15 19:57:41,478 | [DEBUG] : Current model size: 30200 parameters
2023-12-15 19:57:41,478 | [DEBUG] : Current training mode: increased
2023-12-15 19:57:41,478 | [INFO] : no layers were added
2023-12-15 19:57:41,478 | [DEBUG] : Model size was changed to 30200 parameters
2023-12-15 19:57:41,478 | [DEBUG] : Learning rate is now 0.010000
2023-12-15 19:57:51,359 | [INFO] : New learning rate: 0.009000000000000001
2023-12-15 19:57:53,052 | [DEBUG] : Current model size: 30200 parameters
2023-12-15 19:57:53,052 | [DEBUG] : Current training mode: increased
2023-12-15 19:57:53,052 | [INFO] : no layers were added
2023-12-15 19:57:53,052 | [DEBUG] : Model size was changed to 30200 parameters
2023-12-15 19:57:53,052 | [DEBUG] : Learning rate is now 0.010000
2023-12-15 19:58:02,821 | [INFO] : New learning rate: 0.009000000000000001
2023-12-15 19:58:04,540 | [DEBUG] : Current model size: 30200 parameters
2023-12-15 19:58:04,540 | [DEBUG] : Current training mode: increased
2023-12-15 19:58:04,540 | [INFO] : no layers were added
2023-12-15 19:58:04,540 | [DEBUG] : Model size was changed to 30200 parameters
2023-12-15 19:58:04,540 | [DEBUG] : Learning rate is now 0.010000
2023-12-15 19:58:14,453 | [INFO] : New learning rate: 0.009000000000000001
2023-12-15 19:58:16,167 | [DEBUG] : Current model size: 30200 parameters
2023-12-15 19:58:16,167 | [DEBUG] : Current training mode: increased
2023-12-15 19:58:16,167 | [INFO] : no layers were added
2023-12-15 19:58:16,168 | [DEBUG] : Model size was changed to 30200 parameters
2023-12-15 19:58:16,168 | [DEBUG] : Learning rate is now 0.010000
2023-12-15 19:58:25,955 | [INFO] : New learning rate: 0.009000000000000001
2023-12-15 19:58:27,672 | [DEBUG] : Current model size: 30200 parameters
2023-12-15 19:58:27,673 | [DEBUG] : Current training mode: increased
2023-12-15 19:58:27,673 | [INFO] : no layers were added
2023-12-15 19:58:27,673 | [DEBUG] : Model size was changed to 30200 parameters
2023-12-15 19:58:27,673 | [DEBUG] : Learning rate is now 0.010000
2023-12-15 19:58:37,819 | [INFO] : New learning rate: 0.009000000000000001
2023-12-15 19:58:39,526 | [DEBUG] : Current model size: 30200 parameters
2023-12-15 19:58:39,526 | [DEBUG] : Current training mode: increased
2023-12-15 19:58:39,526 | [INFO] : no layers were added
2023-12-15 19:58:39,527 | [DEBUG] : Model size was changed to 30200 parameters
2023-12-15 19:58:39,527 | [DEBUG] : Learning rate is now 0.010000
2023-12-15 19:58:49,481 | [INFO] : New learning rate: 0.009000000000000001
2023-12-15 19:58:51,160 | [DEBUG] : Current model size: 30200 parameters
2023-12-15 19:58:51,160 | [DEBUG] : Current training mode: increased
2023-12-15 19:58:51,160 | [INFO] : no layers were added
2023-12-15 19:58:51,161 | [DEBUG] : Model size was changed to 30200 parameters
2023-12-15 19:58:51,161 | [DEBUG] : Learning rate is now 0.010000
2023-12-15 19:59:00,886 | [INFO] : New learning rate: 0.009000000000000001
2023-12-15 19:59:02,572 | [DEBUG] : Current model size: 30200 parameters
2023-12-15 19:59:02,572 | [DEBUG] : Current training mode: increased
2023-12-15 19:59:02,572 | [INFO] : no layers were added
2023-12-15 19:59:02,573 | [DEBUG] : Model size was changed to 30200 parameters
2023-12-15 19:59:02,573 | [DEBUG] : Learning rate is now 0.010000
2023-12-15 19:59:12,550 | [INFO] : New learning rate: 0.009000000000000001
2023-12-15 19:59:14,232 | [DEBUG] : Current model size: 30200 parameters
2023-12-15 19:59:14,232 | [DEBUG] : Current training mode: increased
2023-12-15 19:59:14,232 | [INFO] : no layers were added
2023-12-15 19:59:14,232 | [DEBUG] : Model size was changed to 30200 parameters
2023-12-15 19:59:14,232 | [DEBUG] : Learning rate is now 0.010000
2023-12-15 19:59:23,996 | [INFO] : New learning rate: 0.009000000000000001
2023-12-15 19:59:25,682 | [DEBUG] : Current model size: 30200 parameters
2023-12-15 19:59:25,682 | [DEBUG] : Current training mode: increased
2023-12-15 19:59:25,683 | [INFO] : no layers were added
2023-12-15 19:59:25,683 | [DEBUG] : Model size was changed to 30200 parameters
2023-12-15 19:59:25,683 | [DEBUG] : Learning rate is now 0.010000
2023-12-15 19:59:35,617 | [INFO] : New learning rate: 0.009000000000000001
2023-12-15 19:59:37,331 | [DEBUG] : Current model size: 30200 parameters
2023-12-15 19:59:37,331 | [DEBUG] : Current training mode: increased
2023-12-15 19:59:37,332 | [INFO] : no layers were added
2023-12-15 19:59:37,332 | [DEBUG] : Model size was changed to 30200 parameters
2023-12-15 19:59:37,332 | [DEBUG] : Learning rate is now 0.010000
2023-12-15 19:59:47,307 | [INFO] : New learning rate: 0.009000000000000001
2023-12-15 19:59:49,038 | [DEBUG] : Current model size: 30200 parameters
2023-12-15 19:59:49,039 | [DEBUG] : Current training mode: increased
2023-12-15 19:59:49,039 | [INFO] : no layers were added
2023-12-15 19:59:49,039 | [DEBUG] : Model size was changed to 30200 parameters
2023-12-15 19:59:49,039 | [DEBUG] : Learning rate is now 0.010000
2023-12-15 19:59:58,933 | [INFO] : New learning rate: 0.009000000000000001
2023-12-15 20:00:00,698 | [DEBUG] : Current model size: 30200 parameters
2023-12-15 20:00:00,698 | [DEBUG] : Current training mode: increased
2023-12-15 20:00:00,698 | [INFO] : no layers were added
2023-12-15 20:00:00,699 | [DEBUG] : Model size was changed to 30200 parameters
2023-12-15 20:00:00,699 | [DEBUG] : Learning rate is now 0.010000
2023-12-15 20:00:10,533 | [INFO] : New learning rate: 0.009000000000000001
2023-12-15 20:00:12,258 | [DEBUG] : Current model size: 30200 parameters
2023-12-15 20:00:12,258 | [DEBUG] : Current training mode: increased
2023-12-15 20:00:12,258 | [INFO] : no layers were added
2023-12-15 20:00:12,259 | [DEBUG] : Model size was changed to 30200 parameters
2023-12-15 20:00:12,259 | [DEBUG] : Learning rate is now 0.010000
2023-12-15 20:00:15,311 | [INFO] : training has run out of time
2023-12-15 20:00:15,312 | [INFO] : training27 runtime (h:mm:ss): 0:03:21
2023-12-15 20:00:15,312 | [INFO] : training27 end time: 12/15/2023 08:00:15 PM
2023-12-15 20:00:15,312 | [INFO] : episode 28/64 finished, objective: None
