2023-12-15 19:40:11,068 | [INFO] : training22 start time: 12/15/2023 07:40:11 PM
2023-12-15 19:40:11,070 | [INFO] : Initialized model with weights: results/small_middle3/weights.pth
2023-12-15 19:40:11,070 | [DEBUG] : Current model size: 20778 parameters
2023-12-15 19:40:11,071 | [DEBUG] : Current training mode: initial
2023-12-15 19:40:11,084 | [INFO] : GPU allocation changing : going up
2023-12-15 19:40:11,086 | [DEBUG] : Current model size: 20778 parameters
2023-12-15 19:40:11,086 | [DEBUG] : Current training mode: increased
2023-12-15 19:40:11,088 | [INFO] : deepening layer 1/3: Conv2d(64, 32, kernel_size=(3, 3), stride=(1, 1))
2023-12-15 19:40:11,088 | [DEBUG] : Model size was changed to 30090 parameters
2023-12-15 19:40:11,088 | [DEBUG] : Learning rate is now 0.010000
2023-12-15 19:40:20,701 | [INFO] : New learning rate: 0.009000000000000001
2023-12-15 19:40:22,387 | [DEBUG] : Current model size: 30090 parameters
2023-12-15 19:40:22,387 | [DEBUG] : Current training mode: increased
2023-12-15 19:40:22,388 | [INFO] : deepening layer 1/3: Conv2d(64, 32, kernel_size=(3, 3), stride=(1, 1))
2023-12-15 19:40:22,389 | [DEBUG] : Model size was changed to 39402 parameters
2023-12-15 19:40:22,389 | [DEBUG] : Learning rate is now 0.010000
2023-12-15 19:40:32,295 | [INFO] : New learning rate: 0.009000000000000001
2023-12-15 19:40:34,002 | [DEBUG] : Current model size: 39402 parameters
2023-12-15 19:40:34,002 | [DEBUG] : Current training mode: increased
2023-12-15 19:40:34,003 | [INFO] : deepening layer 2/3: Linear(in_features=32, out_features=10, bias=True)
2023-12-15 19:40:34,003 | [DEBUG] : Model size was changed to 39512 parameters
2023-12-15 19:40:34,003 | [DEBUG] : Learning rate is now 0.010000
2023-12-15 19:40:44,003 | [INFO] : New learning rate: 0.009000000000000001
2023-12-15 19:40:45,708 | [DEBUG] : Current model size: 39512 parameters
2023-12-15 19:40:45,708 | [DEBUG] : Current training mode: increased
2023-12-15 19:40:45,708 | [INFO] : no layers were added
2023-12-15 19:40:45,709 | [DEBUG] : Model size was changed to 39512 parameters
2023-12-15 19:40:45,709 | [DEBUG] : Learning rate is now 0.010000
2023-12-15 19:40:55,742 | [INFO] : New learning rate: 0.009000000000000001
2023-12-15 19:40:57,525 | [DEBUG] : Current model size: 39512 parameters
2023-12-15 19:40:57,525 | [DEBUG] : Current training mode: increased
2023-12-15 19:40:57,525 | [INFO] : no layers were added
2023-12-15 19:40:57,525 | [DEBUG] : Model size was changed to 39512 parameters
2023-12-15 19:40:57,525 | [DEBUG] : Learning rate is now 0.010000
2023-12-15 19:41:08,099 | [INFO] : New learning rate: 0.009000000000000001
2023-12-15 19:41:09,817 | [DEBUG] : Current model size: 39512 parameters
2023-12-15 19:41:09,817 | [DEBUG] : Current training mode: increased
2023-12-15 19:41:09,818 | [INFO] : no layers were added
2023-12-15 19:41:09,818 | [DEBUG] : Model size was changed to 39512 parameters
2023-12-15 19:41:09,818 | [DEBUG] : Learning rate is now 0.010000
2023-12-15 19:41:19,875 | [INFO] : New learning rate: 0.009000000000000001
2023-12-15 19:41:21,569 | [DEBUG] : Current model size: 39512 parameters
2023-12-15 19:41:21,569 | [DEBUG] : Current training mode: increased
2023-12-15 19:41:21,569 | [INFO] : no layers were added
2023-12-15 19:41:21,570 | [DEBUG] : Model size was changed to 39512 parameters
2023-12-15 19:41:21,570 | [DEBUG] : Learning rate is now 0.010000
2023-12-15 19:41:31,655 | [INFO] : New learning rate: 0.009000000000000001
2023-12-15 19:41:33,396 | [DEBUG] : Current model size: 39512 parameters
2023-12-15 19:41:33,396 | [DEBUG] : Current training mode: increased
2023-12-15 19:41:33,396 | [INFO] : no layers were added
2023-12-15 19:41:33,397 | [DEBUG] : Model size was changed to 39512 parameters
2023-12-15 19:41:33,397 | [DEBUG] : Learning rate is now 0.010000
2023-12-15 19:41:43,580 | [INFO] : New learning rate: 0.009000000000000001
2023-12-15 19:41:45,375 | [DEBUG] : Current model size: 39512 parameters
2023-12-15 19:41:45,375 | [DEBUG] : Current training mode: increased
2023-12-15 19:41:45,375 | [INFO] : no layers were added
2023-12-15 19:41:45,375 | [DEBUG] : Model size was changed to 39512 parameters
2023-12-15 19:41:45,375 | [DEBUG] : Learning rate is now 0.010000
2023-12-15 19:41:55,438 | [INFO] : New learning rate: 0.009000000000000001
2023-12-15 19:41:57,197 | [DEBUG] : Current model size: 39512 parameters
2023-12-15 19:41:57,197 | [DEBUG] : Current training mode: increased
2023-12-15 19:41:57,197 | [INFO] : no layers were added
2023-12-15 19:41:57,197 | [DEBUG] : Model size was changed to 39512 parameters
2023-12-15 19:41:57,197 | [DEBUG] : Learning rate is now 0.010000
2023-12-15 19:42:07,497 | [INFO] : New learning rate: 0.009000000000000001
2023-12-15 19:42:09,213 | [DEBUG] : Current model size: 39512 parameters
2023-12-15 19:42:09,213 | [DEBUG] : Current training mode: increased
2023-12-15 19:42:09,213 | [INFO] : no layers were added
2023-12-15 19:42:09,214 | [DEBUG] : Model size was changed to 39512 parameters
2023-12-15 19:42:09,214 | [DEBUG] : Learning rate is now 0.010000
2023-12-15 19:42:19,256 | [INFO] : New learning rate: 0.009000000000000001
2023-12-15 19:42:20,965 | [DEBUG] : Current model size: 39512 parameters
2023-12-15 19:42:20,966 | [DEBUG] : Current training mode: increased
2023-12-15 19:42:20,966 | [INFO] : no layers were added
2023-12-15 19:42:20,966 | [DEBUG] : Model size was changed to 39512 parameters
2023-12-15 19:42:20,966 | [DEBUG] : Learning rate is now 0.010000
2023-12-15 19:42:30,922 | [INFO] : New learning rate: 0.009000000000000001
2023-12-15 19:42:32,633 | [DEBUG] : Current model size: 39512 parameters
2023-12-15 19:42:32,633 | [DEBUG] : Current training mode: increased
2023-12-15 19:42:32,633 | [INFO] : no layers were added
2023-12-15 19:42:32,633 | [DEBUG] : Model size was changed to 39512 parameters
2023-12-15 19:42:32,633 | [DEBUG] : Learning rate is now 0.010000
2023-12-15 19:42:42,654 | [INFO] : New learning rate: 0.009000000000000001
2023-12-15 19:42:44,371 | [DEBUG] : Current model size: 39512 parameters
2023-12-15 19:42:44,371 | [DEBUG] : Current training mode: increased
2023-12-15 19:42:44,371 | [INFO] : no layers were added
2023-12-15 19:42:44,372 | [DEBUG] : Model size was changed to 39512 parameters
2023-12-15 19:42:44,372 | [DEBUG] : Learning rate is now 0.010000
2023-12-15 19:42:54,424 | [INFO] : New learning rate: 0.009000000000000001
2023-12-15 19:42:56,165 | [DEBUG] : Current model size: 39512 parameters
2023-12-15 19:42:56,165 | [DEBUG] : Current training mode: increased
2023-12-15 19:42:56,165 | [INFO] : no layers were added
2023-12-15 19:42:56,166 | [DEBUG] : Model size was changed to 39512 parameters
2023-12-15 19:42:56,166 | [DEBUG] : Learning rate is now 0.010000
2023-12-15 19:43:06,279 | [INFO] : New learning rate: 0.009000000000000001
2023-12-15 19:43:08,010 | [DEBUG] : Current model size: 39512 parameters
2023-12-15 19:43:08,010 | [DEBUG] : Current training mode: increased
2023-12-15 19:43:08,010 | [INFO] : no layers were added
2023-12-15 19:43:08,011 | [DEBUG] : Model size was changed to 39512 parameters
2023-12-15 19:43:08,011 | [DEBUG] : Learning rate is now 0.010000
2023-12-15 19:43:17,982 | [INFO] : New learning rate: 0.009000000000000001
2023-12-15 19:43:19,717 | [DEBUG] : Current model size: 39512 parameters
2023-12-15 19:43:19,718 | [DEBUG] : Current training mode: increased
2023-12-15 19:43:19,718 | [INFO] : no layers were added
2023-12-15 19:43:19,718 | [DEBUG] : Model size was changed to 39512 parameters
2023-12-15 19:43:19,718 | [DEBUG] : Learning rate is now 0.010000
2023-12-15 19:43:29,846 | [INFO] : New learning rate: 0.009000000000000001
2023-12-15 19:43:31,580 | [DEBUG] : Current model size: 39512 parameters
2023-12-15 19:43:31,580 | [DEBUG] : Current training mode: increased
2023-12-15 19:43:31,580 | [INFO] : no layers were added
2023-12-15 19:43:31,581 | [DEBUG] : Model size was changed to 39512 parameters
2023-12-15 19:43:31,581 | [DEBUG] : Learning rate is now 0.010000
2023-12-15 19:43:31,594 | [INFO] : training has run out of time
2023-12-15 19:43:31,594 | [INFO] : training22 runtime (h:mm:ss): 0:03:21
2023-12-15 19:43:31,594 | [INFO] : training22 end time: 12/15/2023 07:43:31 PM
2023-12-15 19:43:31,594 | [INFO] : episode 23/64 finished, objective: None
