2023-12-15 18:53:17,519 | [INFO] : training08 start time: 12/15/2023 06:53:17 PM
2023-12-15 18:53:17,522 | [INFO] : Initialized model with weights: results/small_middle3/weights.pth
2023-12-15 18:53:17,522 | [DEBUG] : Current model size: 20778 parameters
2023-12-15 18:53:17,522 | [DEBUG] : Current training mode: initial
2023-12-15 18:53:17,535 | [INFO] : GPU allocation changing : going up
2023-12-15 18:53:17,538 | [DEBUG] : Current model size: 20778 parameters
2023-12-15 18:53:17,538 | [DEBUG] : Current training mode: increased
2023-12-15 18:53:17,539 | [INFO] : deepening layer 0/3: Conv2d(3, 64, kernel_size=(3, 3), stride=(1, 1))
2023-12-15 18:53:17,540 | [DEBUG] : Model size was changed to 57834 parameters
2023-12-15 18:53:17,540 | [DEBUG] : Learning rate is now 0.010000
2023-12-15 18:53:27,510 | [INFO] : New learning rate: 0.009000000000000001
2023-12-15 18:53:29,227 | [DEBUG] : Current model size: 57834 parameters
2023-12-15 18:53:29,227 | [DEBUG] : Current training mode: increased
2023-12-15 18:53:29,228 | [INFO] : deepening layer 2/3: Linear(in_features=32, out_features=10, bias=True)
2023-12-15 18:53:29,229 | [DEBUG] : Model size was changed to 57944 parameters
2023-12-15 18:53:29,229 | [DEBUG] : Learning rate is now 0.010000
2023-12-15 18:53:39,214 | [INFO] : New learning rate: 0.009000000000000001
2023-12-15 18:53:40,933 | [DEBUG] : Current model size: 57944 parameters
2023-12-15 18:53:40,933 | [DEBUG] : Current training mode: increased
2023-12-15 18:53:40,935 | [INFO] : deepening layer 0/3: Conv2d(3, 64, kernel_size=(3, 3), stride=(1, 1))
2023-12-15 18:53:40,935 | [DEBUG] : Model size was changed to 95000 parameters
2023-12-15 18:53:40,935 | [DEBUG] : Learning rate is now 0.010000
2023-12-15 18:53:51,379 | [INFO] : New learning rate: 0.009000000000000001
2023-12-15 18:53:53,158 | [DEBUG] : Current model size: 95000 parameters
2023-12-15 18:53:53,158 | [DEBUG] : Current training mode: increased
2023-12-15 18:53:53,158 | [INFO] : no layers were added
2023-12-15 18:53:53,158 | [DEBUG] : Model size was changed to 95000 parameters
2023-12-15 18:53:53,158 | [DEBUG] : Learning rate is now 0.010000
2023-12-15 18:54:03,574 | [INFO] : New learning rate: 0.009000000000000001
2023-12-15 18:54:05,352 | [DEBUG] : Current model size: 95000 parameters
2023-12-15 18:54:05,353 | [DEBUG] : Current training mode: increased
2023-12-15 18:54:05,353 | [INFO] : no layers were added
2023-12-15 18:54:05,353 | [DEBUG] : Model size was changed to 95000 parameters
2023-12-15 18:54:05,353 | [DEBUG] : Learning rate is now 0.010000
2023-12-15 18:54:15,846 | [INFO] : New learning rate: 0.009000000000000001
2023-12-15 18:54:17,636 | [DEBUG] : Current model size: 95000 parameters
2023-12-15 18:54:17,636 | [DEBUG] : Current training mode: increased
2023-12-15 18:54:17,636 | [INFO] : no layers were added
2023-12-15 18:54:17,636 | [DEBUG] : Model size was changed to 95000 parameters
2023-12-15 18:54:17,636 | [DEBUG] : Learning rate is now 0.010000
2023-12-15 18:54:28,140 | [INFO] : New learning rate: 0.009000000000000001
2023-12-15 18:54:29,926 | [DEBUG] : Current model size: 95000 parameters
2023-12-15 18:54:29,926 | [DEBUG] : Current training mode: increased
2023-12-15 18:54:29,926 | [INFO] : no layers were added
2023-12-15 18:54:29,926 | [DEBUG] : Model size was changed to 95000 parameters
2023-12-15 18:54:29,926 | [DEBUG] : Learning rate is now 0.010000
2023-12-15 18:54:40,425 | [INFO] : New learning rate: 0.009000000000000001
2023-12-15 18:54:42,216 | [DEBUG] : Current model size: 95000 parameters
2023-12-15 18:54:42,216 | [DEBUG] : Current training mode: increased
2023-12-15 18:54:42,216 | [INFO] : no layers were added
2023-12-15 18:54:42,217 | [DEBUG] : Model size was changed to 95000 parameters
2023-12-15 18:54:42,217 | [DEBUG] : Learning rate is now 0.010000
2023-12-15 18:54:52,688 | [INFO] : New learning rate: 0.009000000000000001
2023-12-15 18:54:54,480 | [DEBUG] : Current model size: 95000 parameters
2023-12-15 18:54:54,480 | [DEBUG] : Current training mode: increased
2023-12-15 18:54:54,480 | [INFO] : no layers were added
2023-12-15 18:54:54,480 | [DEBUG] : Model size was changed to 95000 parameters
2023-12-15 18:54:54,481 | [DEBUG] : Learning rate is now 0.010000
2023-12-15 18:55:04,825 | [INFO] : New learning rate: 0.009000000000000001
2023-12-15 18:55:06,600 | [DEBUG] : Current model size: 95000 parameters
2023-12-15 18:55:06,600 | [DEBUG] : Current training mode: increased
2023-12-15 18:55:06,600 | [INFO] : no layers were added
2023-12-15 18:55:06,601 | [DEBUG] : Model size was changed to 95000 parameters
2023-12-15 18:55:06,601 | [DEBUG] : Learning rate is now 0.010000
2023-12-15 18:55:17,012 | [INFO] : New learning rate: 0.009000000000000001
2023-12-15 18:55:18,809 | [DEBUG] : Current model size: 95000 parameters
2023-12-15 18:55:18,809 | [DEBUG] : Current training mode: increased
2023-12-15 18:55:18,809 | [INFO] : no layers were added
2023-12-15 18:55:18,810 | [DEBUG] : Model size was changed to 95000 parameters
2023-12-15 18:55:18,810 | [DEBUG] : Learning rate is now 0.010000
2023-12-15 18:55:29,261 | [INFO] : New learning rate: 0.009000000000000001
2023-12-15 18:55:31,031 | [DEBUG] : Current model size: 95000 parameters
2023-12-15 18:55:31,031 | [DEBUG] : Current training mode: increased
2023-12-15 18:55:31,031 | [INFO] : no layers were added
2023-12-15 18:55:31,032 | [DEBUG] : Model size was changed to 95000 parameters
2023-12-15 18:55:31,032 | [DEBUG] : Learning rate is now 0.010000
2023-12-15 18:55:41,549 | [INFO] : New learning rate: 0.009000000000000001
2023-12-15 18:55:43,384 | [DEBUG] : Current model size: 95000 parameters
2023-12-15 18:55:43,384 | [DEBUG] : Current training mode: increased
2023-12-15 18:55:43,384 | [INFO] : no layers were added
2023-12-15 18:55:43,385 | [DEBUG] : Model size was changed to 95000 parameters
2023-12-15 18:55:43,385 | [DEBUG] : Learning rate is now 0.010000
2023-12-15 18:55:53,798 | [INFO] : New learning rate: 0.009000000000000001
2023-12-15 18:55:55,574 | [DEBUG] : Current model size: 95000 parameters
2023-12-15 18:55:55,574 | [DEBUG] : Current training mode: increased
2023-12-15 18:55:55,574 | [INFO] : no layers were added
2023-12-15 18:55:55,575 | [DEBUG] : Model size was changed to 95000 parameters
2023-12-15 18:55:55,575 | [DEBUG] : Learning rate is now 0.010000
2023-12-15 18:56:05,995 | [INFO] : New learning rate: 0.009000000000000001
2023-12-15 18:56:07,770 | [DEBUG] : Current model size: 95000 parameters
2023-12-15 18:56:07,771 | [DEBUG] : Current training mode: increased
2023-12-15 18:56:07,771 | [INFO] : no layers were added
2023-12-15 18:56:07,771 | [DEBUG] : Model size was changed to 95000 parameters
2023-12-15 18:56:07,771 | [DEBUG] : Learning rate is now 0.010000
2023-12-15 18:56:18,030 | [INFO] : New learning rate: 0.009000000000000001
2023-12-15 18:56:19,793 | [DEBUG] : Current model size: 95000 parameters
2023-12-15 18:56:19,793 | [DEBUG] : Current training mode: increased
2023-12-15 18:56:19,793 | [INFO] : no layers were added
2023-12-15 18:56:19,794 | [DEBUG] : Model size was changed to 95000 parameters
2023-12-15 18:56:19,794 | [DEBUG] : Learning rate is now 0.010000
2023-12-15 18:56:30,047 | [INFO] : New learning rate: 0.009000000000000001
2023-12-15 18:56:31,839 | [DEBUG] : Current model size: 95000 parameters
2023-12-15 18:56:31,839 | [DEBUG] : Current training mode: increased
2023-12-15 18:56:31,839 | [INFO] : no layers were added
2023-12-15 18:56:31,839 | [DEBUG] : Model size was changed to 95000 parameters
2023-12-15 18:56:31,839 | [DEBUG] : Learning rate is now 0.010000
2023-12-15 18:56:37,525 | [INFO] : training has run out of time
2023-12-15 18:56:37,526 | [INFO] : training08 runtime (h:mm:ss): 0:03:21
2023-12-15 18:56:37,526 | [INFO] : training08 end time: 12/15/2023 06:56:37 PM
2023-12-15 18:56:37,526 | [INFO] : episode 9/64 finished, objective: None
