2023-12-15 21:37:20,966 | [INFO] : training57 start time: 12/15/2023 09:37:20 PM
2023-12-15 21:37:20,972 | [INFO] : Initialized model with weights: results/small_middle3/weights.pth
2023-12-15 21:37:20,972 | [DEBUG] : Current model size: 20778 parameters
2023-12-15 21:37:20,972 | [DEBUG] : Current training mode: initial
2023-12-15 21:37:20,987 | [INFO] : GPU allocation changing : going up
2023-12-15 21:37:20,989 | [DEBUG] : Current model size: 20778 parameters
2023-12-15 21:37:20,989 | [DEBUG] : Current training mode: increased
2023-12-15 21:37:20,989 | [INFO] : no layers were added
2023-12-15 21:37:20,989 | [DEBUG] : Model size was changed to 20778 parameters
2023-12-15 21:37:20,989 | [DEBUG] : Learning rate is now 0.010000
2023-12-15 21:37:30,308 | [INFO] : New learning rate: 0.009000000000000001
2023-12-15 21:37:31,980 | [DEBUG] : Current model size: 20778 parameters
2023-12-15 21:37:31,980 | [DEBUG] : Current training mode: increased
2023-12-15 21:37:31,982 | [INFO] : deepening layer 2/3: Linear(in_features=32, out_features=10, bias=True)
2023-12-15 21:37:31,982 | [DEBUG] : Model size was changed to 20888 parameters
2023-12-15 21:37:31,982 | [DEBUG] : Learning rate is now 0.010000
2023-12-15 21:37:41,434 | [INFO] : New learning rate: 0.009000000000000001
2023-12-15 21:37:43,120 | [DEBUG] : Current model size: 20888 parameters
2023-12-15 21:37:43,121 | [DEBUG] : Current training mode: increased
2023-12-15 21:37:43,122 | [INFO] : deepening layer 1/3: Conv2d(64, 32, kernel_size=(3, 3), stride=(1, 1))
2023-12-15 21:37:43,122 | [DEBUG] : Model size was changed to 30200 parameters
2023-12-15 21:37:43,123 | [DEBUG] : Learning rate is now 0.010000
2023-12-15 21:37:52,955 | [INFO] : New learning rate: 0.009000000000000001
2023-12-15 21:37:54,670 | [DEBUG] : Current model size: 30200 parameters
2023-12-15 21:37:54,670 | [DEBUG] : Current training mode: increased
2023-12-15 21:37:54,670 | [INFO] : no layers were added
2023-12-15 21:37:54,671 | [DEBUG] : Model size was changed to 30200 parameters
2023-12-15 21:37:54,671 | [DEBUG] : Learning rate is now 0.010000
2023-12-15 21:38:04,674 | [INFO] : New learning rate: 0.009000000000000001
2023-12-15 21:38:06,397 | [DEBUG] : Current model size: 30200 parameters
2023-12-15 21:38:06,397 | [DEBUG] : Current training mode: increased
2023-12-15 21:38:06,397 | [INFO] : no layers were added
2023-12-15 21:38:06,397 | [DEBUG] : Model size was changed to 30200 parameters
2023-12-15 21:38:06,397 | [DEBUG] : Learning rate is now 0.010000
2023-12-15 21:38:16,254 | [INFO] : New learning rate: 0.009000000000000001
2023-12-15 21:38:17,932 | [DEBUG] : Current model size: 30200 parameters
2023-12-15 21:38:17,932 | [DEBUG] : Current training mode: increased
2023-12-15 21:38:17,932 | [INFO] : no layers were added
2023-12-15 21:38:17,933 | [DEBUG] : Model size was changed to 30200 parameters
2023-12-15 21:38:17,933 | [DEBUG] : Learning rate is now 0.010000
2023-12-15 21:38:27,716 | [INFO] : New learning rate: 0.009000000000000001
2023-12-15 21:38:29,456 | [DEBUG] : Current model size: 30200 parameters
2023-12-15 21:38:29,456 | [DEBUG] : Current training mode: increased
2023-12-15 21:38:29,456 | [INFO] : no layers were added
2023-12-15 21:38:29,457 | [DEBUG] : Model size was changed to 30200 parameters
2023-12-15 21:38:29,457 | [DEBUG] : Learning rate is now 0.010000
2023-12-15 21:38:39,509 | [INFO] : New learning rate: 0.009000000000000001
2023-12-15 21:38:41,254 | [DEBUG] : Current model size: 30200 parameters
2023-12-15 21:38:41,254 | [DEBUG] : Current training mode: increased
2023-12-15 21:38:41,254 | [INFO] : no layers were added
2023-12-15 21:38:41,255 | [DEBUG] : Model size was changed to 30200 parameters
2023-12-15 21:38:41,255 | [DEBUG] : Learning rate is now 0.010000
2023-12-15 21:38:50,998 | [INFO] : New learning rate: 0.009000000000000001
2023-12-15 21:38:52,687 | [DEBUG] : Current model size: 30200 parameters
2023-12-15 21:38:52,687 | [DEBUG] : Current training mode: increased
2023-12-15 21:38:52,687 | [INFO] : no layers were added
2023-12-15 21:38:52,688 | [DEBUG] : Model size was changed to 30200 parameters
2023-12-15 21:38:52,688 | [DEBUG] : Learning rate is now 0.010000
2023-12-15 21:39:02,426 | [INFO] : New learning rate: 0.009000000000000001
2023-12-15 21:39:04,113 | [DEBUG] : Current model size: 30200 parameters
2023-12-15 21:39:04,113 | [DEBUG] : Current training mode: increased
2023-12-15 21:39:04,113 | [INFO] : no layers were added
2023-12-15 21:39:04,113 | [DEBUG] : Model size was changed to 30200 parameters
2023-12-15 21:39:04,113 | [DEBUG] : Learning rate is now 0.010000
2023-12-15 21:39:13,757 | [INFO] : New learning rate: 0.009000000000000001
2023-12-15 21:39:15,439 | [DEBUG] : Current model size: 30200 parameters
2023-12-15 21:39:15,439 | [DEBUG] : Current training mode: increased
2023-12-15 21:39:15,439 | [INFO] : no layers were added
2023-12-15 21:39:15,440 | [DEBUG] : Model size was changed to 30200 parameters
2023-12-15 21:39:15,440 | [DEBUG] : Learning rate is now 0.010000
2023-12-15 21:39:25,136 | [INFO] : New learning rate: 0.009000000000000001
2023-12-15 21:39:26,824 | [DEBUG] : Current model size: 30200 parameters
2023-12-15 21:39:26,824 | [DEBUG] : Current training mode: increased
2023-12-15 21:39:26,824 | [INFO] : no layers were added
2023-12-15 21:39:26,825 | [DEBUG] : Model size was changed to 30200 parameters
2023-12-15 21:39:26,825 | [DEBUG] : Learning rate is now 0.010000
2023-12-15 21:39:36,510 | [INFO] : New learning rate: 0.009000000000000001
2023-12-15 21:39:38,197 | [DEBUG] : Current model size: 30200 parameters
2023-12-15 21:39:38,197 | [DEBUG] : Current training mode: increased
2023-12-15 21:39:38,197 | [INFO] : no layers were added
2023-12-15 21:39:38,197 | [DEBUG] : Model size was changed to 30200 parameters
2023-12-15 21:39:38,197 | [DEBUG] : Learning rate is now 0.010000
2023-12-15 21:39:47,828 | [INFO] : New learning rate: 0.009000000000000001
2023-12-15 21:39:49,523 | [DEBUG] : Current model size: 30200 parameters
2023-12-15 21:39:49,523 | [DEBUG] : Current training mode: increased
2023-12-15 21:39:49,523 | [INFO] : no layers were added
2023-12-15 21:39:49,524 | [DEBUG] : Model size was changed to 30200 parameters
2023-12-15 21:39:49,524 | [DEBUG] : Learning rate is now 0.010000
2023-12-15 21:39:59,165 | [INFO] : New learning rate: 0.009000000000000001
2023-12-15 21:40:00,858 | [DEBUG] : Current model size: 30200 parameters
2023-12-15 21:40:00,858 | [DEBUG] : Current training mode: increased
2023-12-15 21:40:00,858 | [INFO] : no layers were added
2023-12-15 21:40:00,858 | [DEBUG] : Model size was changed to 30200 parameters
2023-12-15 21:40:00,858 | [DEBUG] : Learning rate is now 0.010000
2023-12-15 21:40:10,547 | [INFO] : New learning rate: 0.009000000000000001
2023-12-15 21:40:12,244 | [DEBUG] : Current model size: 30200 parameters
2023-12-15 21:40:12,244 | [DEBUG] : Current training mode: increased
2023-12-15 21:40:12,244 | [INFO] : no layers were added
2023-12-15 21:40:12,244 | [DEBUG] : Model size was changed to 30200 parameters
2023-12-15 21:40:12,244 | [DEBUG] : Learning rate is now 0.010000
2023-12-15 21:40:22,029 | [INFO] : New learning rate: 0.009000000000000001
2023-12-15 21:40:23,726 | [DEBUG] : Current model size: 30200 parameters
2023-12-15 21:40:23,726 | [DEBUG] : Current training mode: increased
2023-12-15 21:40:23,726 | [INFO] : no layers were added
2023-12-15 21:40:23,727 | [DEBUG] : Model size was changed to 30200 parameters
2023-12-15 21:40:23,727 | [DEBUG] : Learning rate is now 0.010000
2023-12-15 21:40:33,625 | [INFO] : New learning rate: 0.009000000000000001
2023-12-15 21:40:35,320 | [DEBUG] : Current model size: 30200 parameters
2023-12-15 21:40:35,320 | [DEBUG] : Current training mode: increased
2023-12-15 21:40:35,320 | [INFO] : no layers were added
2023-12-15 21:40:35,321 | [DEBUG] : Model size was changed to 30200 parameters
2023-12-15 21:40:35,321 | [DEBUG] : Learning rate is now 0.010000
2023-12-15 21:40:40,973 | [INFO] : training has run out of time
2023-12-15 21:40:40,975 | [INFO] : training57 runtime (h:mm:ss): 0:03:21
2023-12-15 21:40:40,975 | [INFO] : training57 end time: 12/15/2023 09:40:40 PM
2023-12-15 21:40:40,975 | [INFO] : episode 58/64 finished, objective: None
