2023-12-15 18:36:32,061 | [INFO] : training03 start time: 12/15/2023 06:36:32 PM
2023-12-15 18:36:32,064 | [INFO] : Initialized model with weights: results/small_middle3/weights.pth
2023-12-15 18:36:32,064 | [DEBUG] : Current model size: 20778 parameters
2023-12-15 18:36:32,064 | [DEBUG] : Current training mode: initial
2023-12-15 18:36:32,078 | [INFO] : GPU allocation changing : going up
2023-12-15 18:36:32,081 | [DEBUG] : Current model size: 20778 parameters
2023-12-15 18:36:32,081 | [DEBUG] : Current training mode: increased
2023-12-15 18:36:32,082 | [INFO] : deepening layer 0/3: Conv2d(3, 64, kernel_size=(3, 3), stride=(1, 1))
2023-12-15 18:36:32,083 | [DEBUG] : Model size was changed to 57834 parameters
2023-12-15 18:36:32,083 | [DEBUG] : Learning rate is now 0.010000
2023-12-15 18:36:41,986 | [INFO] : New learning rate: 0.009000000000000001
2023-12-15 18:36:43,729 | [DEBUG] : Current model size: 57834 parameters
2023-12-15 18:36:43,729 | [DEBUG] : Current training mode: increased
2023-12-15 18:36:43,731 | [INFO] : deepening layer 0/3: Conv2d(3, 64, kernel_size=(3, 3), stride=(1, 1))
2023-12-15 18:36:43,731 | [DEBUG] : Model size was changed to 94890 parameters
2023-12-15 18:36:43,731 | [DEBUG] : Learning rate is now 0.010000
2023-12-15 18:36:54,150 | [INFO] : New learning rate: 0.009000000000000001
2023-12-15 18:36:55,941 | [DEBUG] : Current model size: 94890 parameters
2023-12-15 18:36:55,941 | [DEBUG] : Current training mode: increased
2023-12-15 18:36:55,941 | [INFO] : no layers were added
2023-12-15 18:36:55,941 | [DEBUG] : Model size was changed to 94890 parameters
2023-12-15 18:36:55,941 | [DEBUG] : Learning rate is now 0.010000
2023-12-15 18:37:06,281 | [INFO] : New learning rate: 0.009000000000000001
2023-12-15 18:37:08,053 | [DEBUG] : Current model size: 94890 parameters
2023-12-15 18:37:08,054 | [DEBUG] : Current training mode: increased
2023-12-15 18:37:08,054 | [INFO] : no layers were added
2023-12-15 18:37:08,054 | [DEBUG] : Model size was changed to 94890 parameters
2023-12-15 18:37:08,054 | [DEBUG] : Learning rate is now 0.010000
2023-12-15 18:37:18,352 | [INFO] : New learning rate: 0.009000000000000001
2023-12-15 18:37:20,126 | [DEBUG] : Current model size: 94890 parameters
2023-12-15 18:37:20,126 | [DEBUG] : Current training mode: increased
2023-12-15 18:37:20,126 | [INFO] : no layers were added
2023-12-15 18:37:20,127 | [DEBUG] : Model size was changed to 94890 parameters
2023-12-15 18:37:20,127 | [DEBUG] : Learning rate is now 0.010000
2023-12-15 18:37:30,339 | [INFO] : New learning rate: 0.009000000000000001
2023-12-15 18:37:32,117 | [DEBUG] : Current model size: 94890 parameters
2023-12-15 18:37:32,117 | [DEBUG] : Current training mode: increased
2023-12-15 18:37:32,117 | [INFO] : no layers were added
2023-12-15 18:37:32,117 | [DEBUG] : Model size was changed to 94890 parameters
2023-12-15 18:37:32,117 | [DEBUG] : Learning rate is now 0.010000
2023-12-15 18:37:42,347 | [INFO] : New learning rate: 0.009000000000000001
2023-12-15 18:37:44,127 | [DEBUG] : Current model size: 94890 parameters
2023-12-15 18:37:44,127 | [DEBUG] : Current training mode: increased
2023-12-15 18:37:44,127 | [INFO] : no layers were added
2023-12-15 18:37:44,128 | [DEBUG] : Model size was changed to 94890 parameters
2023-12-15 18:37:44,128 | [DEBUG] : Learning rate is now 0.010000
2023-12-15 18:37:54,414 | [INFO] : New learning rate: 0.009000000000000001
2023-12-15 18:37:56,182 | [DEBUG] : Current model size: 94890 parameters
2023-12-15 18:37:56,182 | [DEBUG] : Current training mode: increased
2023-12-15 18:37:56,182 | [INFO] : no layers were added
2023-12-15 18:37:56,182 | [DEBUG] : Model size was changed to 94890 parameters
2023-12-15 18:37:56,182 | [DEBUG] : Learning rate is now 0.010000
2023-12-15 18:38:06,370 | [INFO] : New learning rate: 0.009000000000000001
2023-12-15 18:38:08,141 | [DEBUG] : Current model size: 94890 parameters
2023-12-15 18:38:08,141 | [DEBUG] : Current training mode: increased
2023-12-15 18:38:08,141 | [INFO] : no layers were added
2023-12-15 18:38:08,142 | [DEBUG] : Model size was changed to 94890 parameters
2023-12-15 18:38:08,142 | [DEBUG] : Learning rate is now 0.010000
2023-12-15 18:38:18,364 | [INFO] : New learning rate: 0.009000000000000001
2023-12-15 18:38:20,139 | [DEBUG] : Current model size: 94890 parameters
2023-12-15 18:38:20,139 | [DEBUG] : Current training mode: increased
2023-12-15 18:38:20,139 | [INFO] : no layers were added
2023-12-15 18:38:20,140 | [DEBUG] : Model size was changed to 94890 parameters
2023-12-15 18:38:20,140 | [DEBUG] : Learning rate is now 0.010000
2023-12-15 18:38:30,386 | [INFO] : New learning rate: 0.009000000000000001
2023-12-15 18:38:32,160 | [DEBUG] : Current model size: 94890 parameters
2023-12-15 18:38:32,160 | [DEBUG] : Current training mode: increased
2023-12-15 18:38:32,160 | [INFO] : no layers were added
2023-12-15 18:38:32,161 | [DEBUG] : Model size was changed to 94890 parameters
2023-12-15 18:38:32,161 | [DEBUG] : Learning rate is now 0.010000
2023-12-15 18:38:42,426 | [INFO] : New learning rate: 0.009000000000000001
2023-12-15 18:38:44,345 | [DEBUG] : Current model size: 94890 parameters
2023-12-15 18:38:44,345 | [DEBUG] : Current training mode: increased
2023-12-15 18:38:44,345 | [INFO] : no layers were added
2023-12-15 18:38:44,346 | [DEBUG] : Model size was changed to 94890 parameters
2023-12-15 18:38:44,346 | [DEBUG] : Learning rate is now 0.010000
2023-12-15 18:38:54,609 | [INFO] : New learning rate: 0.009000000000000001
2023-12-15 18:38:56,392 | [DEBUG] : Current model size: 94890 parameters
2023-12-15 18:38:56,392 | [DEBUG] : Current training mode: increased
2023-12-15 18:38:56,393 | [INFO] : no layers were added
2023-12-15 18:38:56,393 | [DEBUG] : Model size was changed to 94890 parameters
2023-12-15 18:38:56,393 | [DEBUG] : Learning rate is now 0.010000
2023-12-15 18:39:06,660 | [INFO] : New learning rate: 0.009000000000000001
2023-12-15 18:39:08,437 | [DEBUG] : Current model size: 94890 parameters
2023-12-15 18:39:08,437 | [DEBUG] : Current training mode: increased
2023-12-15 18:39:08,437 | [INFO] : no layers were added
2023-12-15 18:39:08,438 | [DEBUG] : Model size was changed to 94890 parameters
2023-12-15 18:39:08,438 | [DEBUG] : Learning rate is now 0.010000
2023-12-15 18:39:18,686 | [INFO] : New learning rate: 0.009000000000000001
2023-12-15 18:39:20,473 | [DEBUG] : Current model size: 94890 parameters
2023-12-15 18:39:20,473 | [DEBUG] : Current training mode: increased
2023-12-15 18:39:20,473 | [INFO] : no layers were added
2023-12-15 18:39:20,473 | [DEBUG] : Model size was changed to 94890 parameters
2023-12-15 18:39:20,473 | [DEBUG] : Learning rate is now 0.010000
2023-12-15 18:39:30,740 | [INFO] : New learning rate: 0.009000000000000001
2023-12-15 18:39:32,523 | [DEBUG] : Current model size: 94890 parameters
2023-12-15 18:39:32,523 | [DEBUG] : Current training mode: increased
2023-12-15 18:39:32,523 | [INFO] : no layers were added
2023-12-15 18:39:32,524 | [DEBUG] : Model size was changed to 94890 parameters
2023-12-15 18:39:32,524 | [DEBUG] : Learning rate is now 0.010000
2023-12-15 18:39:42,822 | [INFO] : New learning rate: 0.009000000000000001
2023-12-15 18:39:44,606 | [DEBUG] : Current model size: 94890 parameters
2023-12-15 18:39:44,606 | [DEBUG] : Current training mode: increased
2023-12-15 18:39:44,607 | [INFO] : no layers were added
2023-12-15 18:39:44,607 | [DEBUG] : Model size was changed to 94890 parameters
2023-12-15 18:39:44,607 | [DEBUG] : Learning rate is now 0.010000
2023-12-15 18:39:52,067 | [INFO] : training has run out of time
2023-12-15 18:39:52,480 | [INFO] : training03 runtime (h:mm:ss): 0:03:21
2023-12-15 18:39:52,480 | [INFO] : training03 end time: 12/15/2023 06:39:52 PM
2023-12-15 18:39:52,480 | [INFO] : episode 4/64 finished, objective: None
