2023-12-15 20:03:36,802 | [INFO] : training29 start time: 12/15/2023 08:03:36 PM
2023-12-15 20:03:36,805 | [INFO] : Initialized model with weights: results/small_middle3/weights.pth
2023-12-15 20:03:36,806 | [DEBUG] : Current model size: 20778 parameters
2023-12-15 20:03:36,806 | [DEBUG] : Current training mode: initial
2023-12-15 20:03:36,819 | [INFO] : GPU allocation changing : going up
2023-12-15 20:03:36,822 | [DEBUG] : Current model size: 20778 parameters
2023-12-15 20:03:36,822 | [DEBUG] : Current training mode: increased
2023-12-15 20:03:36,823 | [INFO] : deepening layer 1/3: Conv2d(64, 32, kernel_size=(3, 3), stride=(1, 1))
2023-12-15 20:03:36,823 | [DEBUG] : Model size was changed to 30090 parameters
2023-12-15 20:03:36,823 | [DEBUG] : Learning rate is now 0.010000
2023-12-15 20:03:46,594 | [INFO] : New learning rate: 0.009000000000000001
2023-12-15 20:03:48,323 | [DEBUG] : Current model size: 30090 parameters
2023-12-15 20:03:48,323 | [DEBUG] : Current training mode: increased
2023-12-15 20:03:48,323 | [INFO] : no layers were added
2023-12-15 20:03:48,323 | [DEBUG] : Model size was changed to 30090 parameters
2023-12-15 20:03:48,323 | [DEBUG] : Learning rate is now 0.010000
2023-12-15 20:03:58,139 | [INFO] : New learning rate: 0.009000000000000001
2023-12-15 20:03:59,891 | [DEBUG] : Current model size: 30090 parameters
2023-12-15 20:03:59,891 | [DEBUG] : Current training mode: increased
2023-12-15 20:03:59,893 | [INFO] : deepening layer 1/3: Conv2d(64, 32, kernel_size=(3, 3), stride=(1, 1))
2023-12-15 20:03:59,893 | [DEBUG] : Model size was changed to 39402 parameters
2023-12-15 20:03:59,893 | [DEBUG] : Learning rate is now 0.010000
2023-12-15 20:04:10,366 | [INFO] : New learning rate: 0.009000000000000001
2023-12-15 20:04:12,079 | [DEBUG] : Current model size: 39402 parameters
2023-12-15 20:04:12,079 | [DEBUG] : Current training mode: increased
2023-12-15 20:04:12,079 | [INFO] : no layers were added
2023-12-15 20:04:12,079 | [DEBUG] : Model size was changed to 39402 parameters
2023-12-15 20:04:12,079 | [DEBUG] : Learning rate is now 0.010000
2023-12-15 20:04:22,241 | [INFO] : New learning rate: 0.009000000000000001
2023-12-15 20:04:23,964 | [DEBUG] : Current model size: 39402 parameters
2023-12-15 20:04:23,964 | [DEBUG] : Current training mode: increased
2023-12-15 20:04:23,964 | [INFO] : no layers were added
2023-12-15 20:04:23,965 | [DEBUG] : Model size was changed to 39402 parameters
2023-12-15 20:04:23,965 | [DEBUG] : Learning rate is now 0.010000
2023-12-15 20:04:34,056 | [INFO] : New learning rate: 0.009000000000000001
2023-12-15 20:04:35,777 | [DEBUG] : Current model size: 39402 parameters
2023-12-15 20:04:35,777 | [DEBUG] : Current training mode: increased
2023-12-15 20:04:35,777 | [INFO] : no layers were added
2023-12-15 20:04:35,777 | [DEBUG] : Model size was changed to 39402 parameters
2023-12-15 20:04:35,777 | [DEBUG] : Learning rate is now 0.010000
2023-12-15 20:04:45,840 | [INFO] : New learning rate: 0.009000000000000001
2023-12-15 20:04:47,565 | [DEBUG] : Current model size: 39402 parameters
2023-12-15 20:04:47,566 | [DEBUG] : Current training mode: increased
2023-12-15 20:04:47,566 | [INFO] : no layers were added
2023-12-15 20:04:47,566 | [DEBUG] : Model size was changed to 39402 parameters
2023-12-15 20:04:47,566 | [DEBUG] : Learning rate is now 0.010000
2023-12-15 20:04:57,498 | [INFO] : New learning rate: 0.009000000000000001
2023-12-15 20:04:59,319 | [DEBUG] : Current model size: 39402 parameters
2023-12-15 20:04:59,319 | [DEBUG] : Current training mode: increased
2023-12-15 20:04:59,319 | [INFO] : no layers were added
2023-12-15 20:04:59,319 | [DEBUG] : Model size was changed to 39402 parameters
2023-12-15 20:04:59,319 | [DEBUG] : Learning rate is now 0.010000
2023-12-15 20:05:09,401 | [INFO] : New learning rate: 0.009000000000000001
2023-12-15 20:05:11,107 | [DEBUG] : Current model size: 39402 parameters
2023-12-15 20:05:11,107 | [DEBUG] : Current training mode: increased
2023-12-15 20:05:11,107 | [INFO] : no layers were added
2023-12-15 20:05:11,107 | [DEBUG] : Model size was changed to 39402 parameters
2023-12-15 20:05:11,107 | [DEBUG] : Learning rate is now 0.010000
2023-12-15 20:05:21,125 | [INFO] : New learning rate: 0.009000000000000001
2023-12-15 20:05:22,833 | [DEBUG] : Current model size: 39402 parameters
2023-12-15 20:05:22,833 | [DEBUG] : Current training mode: increased
2023-12-15 20:05:22,833 | [INFO] : no layers were added
2023-12-15 20:05:22,834 | [DEBUG] : Model size was changed to 39402 parameters
2023-12-15 20:05:22,834 | [DEBUG] : Learning rate is now 0.010000
2023-12-15 20:05:32,790 | [INFO] : New learning rate: 0.009000000000000001
2023-12-15 20:05:34,488 | [DEBUG] : Current model size: 39402 parameters
2023-12-15 20:05:34,489 | [DEBUG] : Current training mode: increased
2023-12-15 20:05:34,489 | [INFO] : no layers were added
2023-12-15 20:05:34,489 | [DEBUG] : Model size was changed to 39402 parameters
2023-12-15 20:05:34,489 | [DEBUG] : Learning rate is now 0.010000
2023-12-15 20:05:44,358 | [INFO] : New learning rate: 0.009000000000000001
2023-12-15 20:05:46,064 | [DEBUG] : Current model size: 39402 parameters
2023-12-15 20:05:46,064 | [DEBUG] : Current training mode: increased
2023-12-15 20:05:46,064 | [INFO] : no layers were added
2023-12-15 20:05:46,064 | [DEBUG] : Model size was changed to 39402 parameters
2023-12-15 20:05:46,064 | [DEBUG] : Learning rate is now 0.010000
2023-12-15 20:05:55,953 | [INFO] : New learning rate: 0.009000000000000001
2023-12-15 20:05:57,654 | [DEBUG] : Current model size: 39402 parameters
2023-12-15 20:05:57,654 | [DEBUG] : Current training mode: increased
2023-12-15 20:05:57,654 | [INFO] : no layers were added
2023-12-15 20:05:57,654 | [DEBUG] : Model size was changed to 39402 parameters
2023-12-15 20:05:57,654 | [DEBUG] : Learning rate is now 0.010000
2023-12-15 20:06:07,521 | [INFO] : New learning rate: 0.009000000000000001
2023-12-15 20:06:09,226 | [DEBUG] : Current model size: 39402 parameters
2023-12-15 20:06:09,226 | [DEBUG] : Current training mode: increased
2023-12-15 20:06:09,227 | [INFO] : no layers were added
2023-12-15 20:06:09,227 | [DEBUG] : Model size was changed to 39402 parameters
2023-12-15 20:06:09,227 | [DEBUG] : Learning rate is now 0.010000
2023-12-15 20:06:19,344 | [INFO] : New learning rate: 0.009000000000000001
2023-12-15 20:06:21,083 | [DEBUG] : Current model size: 39402 parameters
2023-12-15 20:06:21,083 | [DEBUG] : Current training mode: increased
2023-12-15 20:06:21,083 | [INFO] : no layers were added
2023-12-15 20:06:21,084 | [DEBUG] : Model size was changed to 39402 parameters
2023-12-15 20:06:21,084 | [DEBUG] : Learning rate is now 0.010000
2023-12-15 20:06:31,424 | [INFO] : New learning rate: 0.009000000000000001
2023-12-15 20:06:33,147 | [DEBUG] : Current model size: 39402 parameters
2023-12-15 20:06:33,148 | [DEBUG] : Current training mode: increased
2023-12-15 20:06:33,148 | [INFO] : no layers were added
2023-12-15 20:06:33,148 | [DEBUG] : Model size was changed to 39402 parameters
2023-12-15 20:06:33,148 | [DEBUG] : Learning rate is now 0.010000
2023-12-15 20:06:43,449 | [INFO] : New learning rate: 0.009000000000000001
2023-12-15 20:06:45,158 | [DEBUG] : Current model size: 39402 parameters
2023-12-15 20:06:45,158 | [DEBUG] : Current training mode: increased
2023-12-15 20:06:45,158 | [INFO] : no layers were added
2023-12-15 20:06:45,159 | [DEBUG] : Model size was changed to 39402 parameters
2023-12-15 20:06:45,159 | [DEBUG] : Learning rate is now 0.010000
2023-12-15 20:06:55,556 | [INFO] : New learning rate: 0.009000000000000001
2023-12-15 20:06:57,264 | [DEBUG] : Current model size: 39402 parameters
2023-12-15 20:06:57,265 | [DEBUG] : Current training mode: increased
2023-12-15 20:06:57,265 | [INFO] : no layers were added
2023-12-15 20:06:57,265 | [DEBUG] : Model size was changed to 39402 parameters
2023-12-15 20:06:57,265 | [DEBUG] : Learning rate is now 0.010000
2023-12-15 20:06:57,278 | [INFO] : training has run out of time
2023-12-15 20:06:57,278 | [INFO] : training29 runtime (h:mm:ss): 0:03:21
2023-12-15 20:06:57,278 | [INFO] : training29 end time: 12/15/2023 08:06:57 PM
2023-12-15 20:06:57,278 | [INFO] : episode 30/64 finished, objective: None
