2023-12-15 18:39:53,191 | [INFO] : training04 start time: 12/15/2023 06:39:53 PM
2023-12-15 18:39:53,194 | [INFO] : Initialized model with weights: results/small_middle3/weights.pth
2023-12-15 18:39:53,194 | [DEBUG] : Current model size: 20778 parameters
2023-12-15 18:39:53,194 | [DEBUG] : Current training mode: initial
2023-12-15 18:39:53,208 | [INFO] : GPU allocation changing : going up
2023-12-15 18:39:53,210 | [DEBUG] : Current model size: 20778 parameters
2023-12-15 18:39:53,210 | [DEBUG] : Current training mode: increased
2023-12-15 18:39:53,212 | [INFO] : deepening layer 0/3: Conv2d(3, 64, kernel_size=(3, 3), stride=(1, 1))
2023-12-15 18:39:53,212 | [DEBUG] : Model size was changed to 57834 parameters
2023-12-15 18:39:53,213 | [DEBUG] : Learning rate is now 0.010000
2023-12-15 18:40:02,975 | [INFO] : New learning rate: 0.009000000000000001
2023-12-15 18:40:04,697 | [DEBUG] : Current model size: 57834 parameters
2023-12-15 18:40:04,697 | [DEBUG] : Current training mode: increased
2023-12-15 18:40:04,698 | [INFO] : deepening layer 1/3: Conv2d(64, 32, kernel_size=(3, 3), stride=(1, 1))
2023-12-15 18:40:04,698 | [DEBUG] : Model size was changed to 67146 parameters
2023-12-15 18:40:04,699 | [DEBUG] : Learning rate is now 0.010000
2023-12-15 18:40:14,790 | [INFO] : New learning rate: 0.009000000000000001
2023-12-15 18:40:16,544 | [DEBUG] : Current model size: 67146 parameters
2023-12-15 18:40:16,544 | [DEBUG] : Current training mode: increased
2023-12-15 18:40:16,546 | [INFO] : deepening layer 0/3: Conv2d(3, 64, kernel_size=(3, 3), stride=(1, 1))
2023-12-15 18:40:16,546 | [DEBUG] : Model size was changed to 104202 parameters
2023-12-15 18:40:16,546 | [DEBUG] : Learning rate is now 0.010000
2023-12-15 18:40:27,102 | [INFO] : New learning rate: 0.009000000000000001
2023-12-15 18:40:28,920 | [DEBUG] : Current model size: 104202 parameters
2023-12-15 18:40:28,920 | [DEBUG] : Current training mode: increased
2023-12-15 18:40:28,920 | [INFO] : no layers were added
2023-12-15 18:40:28,921 | [DEBUG] : Model size was changed to 104202 parameters
2023-12-15 18:40:28,921 | [DEBUG] : Learning rate is now 0.010000
2023-12-15 18:40:39,524 | [INFO] : New learning rate: 0.009000000000000001
2023-12-15 18:40:41,326 | [DEBUG] : Current model size: 104202 parameters
2023-12-15 18:40:41,326 | [DEBUG] : Current training mode: increased
2023-12-15 18:40:41,326 | [INFO] : no layers were added
2023-12-15 18:40:41,326 | [DEBUG] : Model size was changed to 104202 parameters
2023-12-15 18:40:41,326 | [DEBUG] : Learning rate is now 0.010000
2023-12-15 18:40:51,921 | [INFO] : New learning rate: 0.009000000000000001
2023-12-15 18:40:53,742 | [DEBUG] : Current model size: 104202 parameters
2023-12-15 18:40:53,742 | [DEBUG] : Current training mode: increased
2023-12-15 18:40:53,742 | [INFO] : no layers were added
2023-12-15 18:40:53,743 | [DEBUG] : Model size was changed to 104202 parameters
2023-12-15 18:40:53,743 | [DEBUG] : Learning rate is now 0.010000
2023-12-15 18:41:04,385 | [INFO] : New learning rate: 0.009000000000000001
2023-12-15 18:41:06,194 | [DEBUG] : Current model size: 104202 parameters
2023-12-15 18:41:06,194 | [DEBUG] : Current training mode: increased
2023-12-15 18:41:06,194 | [INFO] : no layers were added
2023-12-15 18:41:06,194 | [DEBUG] : Model size was changed to 104202 parameters
2023-12-15 18:41:06,194 | [DEBUG] : Learning rate is now 0.010000
2023-12-15 18:41:16,893 | [INFO] : New learning rate: 0.009000000000000001
2023-12-15 18:41:18,697 | [DEBUG] : Current model size: 104202 parameters
2023-12-15 18:41:18,697 | [DEBUG] : Current training mode: increased
2023-12-15 18:41:18,697 | [INFO] : no layers were added
2023-12-15 18:41:18,697 | [DEBUG] : Model size was changed to 104202 parameters
2023-12-15 18:41:18,697 | [DEBUG] : Learning rate is now 0.010000
2023-12-15 18:41:29,287 | [INFO] : New learning rate: 0.009000000000000001
2023-12-15 18:41:31,099 | [DEBUG] : Current model size: 104202 parameters
2023-12-15 18:41:31,100 | [DEBUG] : Current training mode: increased
2023-12-15 18:41:31,100 | [INFO] : no layers were added
2023-12-15 18:41:31,100 | [DEBUG] : Model size was changed to 104202 parameters
2023-12-15 18:41:31,100 | [DEBUG] : Learning rate is now 0.010000
2023-12-15 18:41:41,725 | [INFO] : New learning rate: 0.009000000000000001
2023-12-15 18:41:43,541 | [DEBUG] : Current model size: 104202 parameters
2023-12-15 18:41:43,541 | [DEBUG] : Current training mode: increased
2023-12-15 18:41:43,541 | [INFO] : no layers were added
2023-12-15 18:41:43,541 | [DEBUG] : Model size was changed to 104202 parameters
2023-12-15 18:41:43,541 | [DEBUG] : Learning rate is now 0.010000
2023-12-15 18:41:54,197 | [INFO] : New learning rate: 0.009000000000000001
2023-12-15 18:41:56,004 | [DEBUG] : Current model size: 104202 parameters
2023-12-15 18:41:56,004 | [DEBUG] : Current training mode: increased
2023-12-15 18:41:56,004 | [INFO] : no layers were added
2023-12-15 18:41:56,005 | [DEBUG] : Model size was changed to 104202 parameters
2023-12-15 18:41:56,005 | [DEBUG] : Learning rate is now 0.010000
2023-12-15 18:42:06,644 | [INFO] : New learning rate: 0.009000000000000001
2023-12-15 18:42:08,444 | [DEBUG] : Current model size: 104202 parameters
2023-12-15 18:42:08,444 | [DEBUG] : Current training mode: increased
2023-12-15 18:42:08,444 | [INFO] : no layers were added
2023-12-15 18:42:08,445 | [DEBUG] : Model size was changed to 104202 parameters
2023-12-15 18:42:08,445 | [DEBUG] : Learning rate is now 0.010000
2023-12-15 18:42:19,065 | [INFO] : New learning rate: 0.009000000000000001
2023-12-15 18:42:20,891 | [DEBUG] : Current model size: 104202 parameters
2023-12-15 18:42:20,891 | [DEBUG] : Current training mode: increased
2023-12-15 18:42:20,891 | [INFO] : no layers were added
2023-12-15 18:42:20,892 | [DEBUG] : Model size was changed to 104202 parameters
2023-12-15 18:42:20,892 | [DEBUG] : Learning rate is now 0.010000
2023-12-15 18:42:31,486 | [INFO] : New learning rate: 0.009000000000000001
2023-12-15 18:42:33,291 | [DEBUG] : Current model size: 104202 parameters
2023-12-15 18:42:33,291 | [DEBUG] : Current training mode: increased
2023-12-15 18:42:33,291 | [INFO] : no layers were added
2023-12-15 18:42:33,291 | [DEBUG] : Model size was changed to 104202 parameters
2023-12-15 18:42:33,291 | [DEBUG] : Learning rate is now 0.010000
2023-12-15 18:42:43,930 | [INFO] : New learning rate: 0.009000000000000001
2023-12-15 18:42:45,729 | [DEBUG] : Current model size: 104202 parameters
2023-12-15 18:42:45,729 | [DEBUG] : Current training mode: increased
2023-12-15 18:42:45,729 | [INFO] : no layers were added
2023-12-15 18:42:45,730 | [DEBUG] : Model size was changed to 104202 parameters
2023-12-15 18:42:45,730 | [DEBUG] : Learning rate is now 0.010000
2023-12-15 18:42:56,453 | [INFO] : New learning rate: 0.009000000000000001
2023-12-15 18:42:58,283 | [DEBUG] : Current model size: 104202 parameters
2023-12-15 18:42:58,283 | [DEBUG] : Current training mode: increased
2023-12-15 18:42:58,283 | [INFO] : no layers were added
2023-12-15 18:42:58,284 | [DEBUG] : Model size was changed to 104202 parameters
2023-12-15 18:42:58,284 | [DEBUG] : Learning rate is now 0.010000
2023-12-15 18:43:09,016 | [INFO] : New learning rate: 0.009000000000000001
2023-12-15 18:43:10,819 | [DEBUG] : Current model size: 104202 parameters
2023-12-15 18:43:10,819 | [DEBUG] : Current training mode: increased
2023-12-15 18:43:10,820 | [INFO] : no layers were added
2023-12-15 18:43:10,820 | [DEBUG] : Model size was changed to 104202 parameters
2023-12-15 18:43:10,820 | [DEBUG] : Learning rate is now 0.010000
2023-12-15 18:43:13,198 | [INFO] : training has run out of time
2023-12-15 18:43:13,199 | [INFO] : training04 runtime (h:mm:ss): 0:03:21
2023-12-15 18:43:13,199 | [INFO] : training04 end time: 12/15/2023 06:43:13 PM
2023-12-15 18:43:13,199 | [INFO] : episode 5/64 finished, objective: None
