2023-12-15 20:10:18,741 | [INFO] : training31 start time: 12/15/2023 08:10:18 PM
2023-12-15 20:10:18,744 | [INFO] : Initialized model with weights: results/small_middle3/weights.pth
2023-12-15 20:10:18,744 | [DEBUG] : Current model size: 20778 parameters
2023-12-15 20:10:18,744 | [DEBUG] : Current training mode: initial
2023-12-15 20:10:18,758 | [INFO] : GPU allocation changing : going up
2023-12-15 20:10:18,760 | [DEBUG] : Current model size: 20778 parameters
2023-12-15 20:10:18,760 | [DEBUG] : Current training mode: increased
2023-12-15 20:10:18,761 | [INFO] : deepening layer 1/3: Conv2d(64, 32, kernel_size=(3, 3), stride=(1, 1))
2023-12-15 20:10:18,761 | [DEBUG] : Model size was changed to 30090 parameters
2023-12-15 20:10:18,761 | [DEBUG] : Learning rate is now 0.010000
2023-12-15 20:10:28,531 | [INFO] : New learning rate: 0.009000000000000001
2023-12-15 20:10:30,290 | [DEBUG] : Current model size: 30090 parameters
2023-12-15 20:10:30,290 | [DEBUG] : Current training mode: increased
2023-12-15 20:10:30,290 | [INFO] : no layers were added
2023-12-15 20:10:30,291 | [DEBUG] : Model size was changed to 30090 parameters
2023-12-15 20:10:30,291 | [DEBUG] : Learning rate is now 0.010000
2023-12-15 20:10:40,166 | [INFO] : New learning rate: 0.009000000000000001
2023-12-15 20:10:41,859 | [DEBUG] : Current model size: 30090 parameters
2023-12-15 20:10:41,860 | [DEBUG] : Current training mode: increased
2023-12-15 20:10:41,860 | [INFO] : no layers were added
2023-12-15 20:10:41,860 | [DEBUG] : Model size was changed to 30090 parameters
2023-12-15 20:10:41,860 | [DEBUG] : Learning rate is now 0.010000
2023-12-15 20:10:51,586 | [INFO] : New learning rate: 0.009000000000000001
2023-12-15 20:10:53,290 | [DEBUG] : Current model size: 30090 parameters
2023-12-15 20:10:53,290 | [DEBUG] : Current training mode: increased
2023-12-15 20:10:53,290 | [INFO] : no layers were added
2023-12-15 20:10:53,291 | [DEBUG] : Model size was changed to 30090 parameters
2023-12-15 20:10:53,291 | [DEBUG] : Learning rate is now 0.010000
2023-12-15 20:11:02,956 | [INFO] : New learning rate: 0.009000000000000001
2023-12-15 20:11:04,660 | [DEBUG] : Current model size: 30090 parameters
2023-12-15 20:11:04,660 | [DEBUG] : Current training mode: increased
2023-12-15 20:11:04,660 | [INFO] : no layers were added
2023-12-15 20:11:04,661 | [DEBUG] : Model size was changed to 30090 parameters
2023-12-15 20:11:04,661 | [DEBUG] : Learning rate is now 0.010000
2023-12-15 20:11:14,254 | [INFO] : New learning rate: 0.009000000000000001
2023-12-15 20:11:15,981 | [DEBUG] : Current model size: 30090 parameters
2023-12-15 20:11:15,982 | [DEBUG] : Current training mode: increased
2023-12-15 20:11:15,982 | [INFO] : no layers were added
2023-12-15 20:11:15,982 | [DEBUG] : Model size was changed to 30090 parameters
2023-12-15 20:11:15,982 | [DEBUG] : Learning rate is now 0.010000
2023-12-15 20:11:25,769 | [INFO] : New learning rate: 0.009000000000000001
2023-12-15 20:11:27,455 | [DEBUG] : Current model size: 30090 parameters
2023-12-15 20:11:27,455 | [DEBUG] : Current training mode: increased
2023-12-15 20:11:27,455 | [INFO] : no layers were added
2023-12-15 20:11:27,455 | [DEBUG] : Model size was changed to 30090 parameters
2023-12-15 20:11:27,455 | [DEBUG] : Learning rate is now 0.010000
2023-12-15 20:11:37,194 | [INFO] : New learning rate: 0.009000000000000001
2023-12-15 20:11:38,920 | [DEBUG] : Current model size: 30090 parameters
2023-12-15 20:11:38,920 | [DEBUG] : Current training mode: increased
2023-12-15 20:11:38,921 | [INFO] : no layers were added
2023-12-15 20:11:38,921 | [DEBUG] : Model size was changed to 30090 parameters
2023-12-15 20:11:38,921 | [DEBUG] : Learning rate is now 0.010000
2023-12-15 20:11:48,851 | [INFO] : New learning rate: 0.009000000000000001
2023-12-15 20:11:50,613 | [DEBUG] : Current model size: 30090 parameters
2023-12-15 20:11:50,613 | [DEBUG] : Current training mode: increased
2023-12-15 20:11:50,614 | [INFO] : no layers were added
2023-12-15 20:11:50,614 | [DEBUG] : Model size was changed to 30090 parameters
2023-12-15 20:11:50,614 | [DEBUG] : Learning rate is now 0.010000
2023-12-15 20:12:00,559 | [INFO] : New learning rate: 0.009000000000000001
2023-12-15 20:12:02,323 | [DEBUG] : Current model size: 30090 parameters
2023-12-15 20:12:02,323 | [DEBUG] : Current training mode: increased
2023-12-15 20:12:02,323 | [INFO] : no layers were added
2023-12-15 20:12:02,324 | [DEBUG] : Model size was changed to 30090 parameters
2023-12-15 20:12:02,324 | [DEBUG] : Learning rate is now 0.010000
2023-12-15 20:12:12,286 | [INFO] : New learning rate: 0.009000000000000001
2023-12-15 20:12:14,031 | [DEBUG] : Current model size: 30090 parameters
2023-12-15 20:12:14,031 | [DEBUG] : Current training mode: increased
2023-12-15 20:12:14,032 | [INFO] : no layers were added
2023-12-15 20:12:14,032 | [DEBUG] : Model size was changed to 30090 parameters
2023-12-15 20:12:14,032 | [DEBUG] : Learning rate is now 0.010000
2023-12-15 20:12:24,017 | [INFO] : New learning rate: 0.009000000000000001
2023-12-15 20:12:25,786 | [DEBUG] : Current model size: 30090 parameters
2023-12-15 20:12:25,787 | [DEBUG] : Current training mode: increased
2023-12-15 20:12:25,787 | [INFO] : no layers were added
2023-12-15 20:12:25,788 | [DEBUG] : Model size was changed to 30090 parameters
2023-12-15 20:12:25,788 | [DEBUG] : Learning rate is now 0.010000
2023-12-15 20:12:35,668 | [INFO] : New learning rate: 0.009000000000000001
2023-12-15 20:12:37,363 | [DEBUG] : Current model size: 30090 parameters
2023-12-15 20:12:37,363 | [DEBUG] : Current training mode: increased
2023-12-15 20:12:37,363 | [INFO] : no layers were added
2023-12-15 20:12:37,364 | [DEBUG] : Model size was changed to 30090 parameters
2023-12-15 20:12:37,364 | [DEBUG] : Learning rate is now 0.010000
2023-12-15 20:12:47,047 | [INFO] : New learning rate: 0.009000000000000001
2023-12-15 20:12:48,728 | [DEBUG] : Current model size: 30090 parameters
2023-12-15 20:12:48,729 | [DEBUG] : Current training mode: increased
2023-12-15 20:12:48,729 | [INFO] : no layers were added
2023-12-15 20:12:48,729 | [DEBUG] : Model size was changed to 30090 parameters
2023-12-15 20:12:48,729 | [DEBUG] : Learning rate is now 0.010000
2023-12-15 20:12:58,255 | [INFO] : New learning rate: 0.009000000000000001
2023-12-15 20:12:59,947 | [DEBUG] : Current model size: 30090 parameters
2023-12-15 20:12:59,947 | [DEBUG] : Current training mode: increased
2023-12-15 20:12:59,947 | [INFO] : no layers were added
2023-12-15 20:12:59,948 | [DEBUG] : Model size was changed to 30090 parameters
2023-12-15 20:12:59,948 | [DEBUG] : Learning rate is now 0.010000
2023-12-15 20:13:09,654 | [INFO] : New learning rate: 0.009000000000000001
2023-12-15 20:13:11,415 | [DEBUG] : Current model size: 30090 parameters
2023-12-15 20:13:11,415 | [DEBUG] : Current training mode: increased
2023-12-15 20:13:11,415 | [INFO] : no layers were added
2023-12-15 20:13:11,415 | [DEBUG] : Model size was changed to 30090 parameters
2023-12-15 20:13:11,416 | [DEBUG] : Learning rate is now 0.010000
2023-12-15 20:13:21,102 | [INFO] : New learning rate: 0.009000000000000001
2023-12-15 20:13:22,790 | [DEBUG] : Current model size: 30090 parameters
2023-12-15 20:13:22,790 | [DEBUG] : Current training mode: increased
2023-12-15 20:13:22,790 | [INFO] : no layers were added
2023-12-15 20:13:22,791 | [DEBUG] : Model size was changed to 30090 parameters
2023-12-15 20:13:22,791 | [DEBUG] : Learning rate is now 0.010000
2023-12-15 20:13:32,394 | [INFO] : New learning rate: 0.009000000000000001
2023-12-15 20:13:34,091 | [DEBUG] : Current model size: 30090 parameters
2023-12-15 20:13:34,091 | [DEBUG] : Current training mode: increased
2023-12-15 20:13:34,091 | [INFO] : no layers were added
2023-12-15 20:13:34,092 | [DEBUG] : Model size was changed to 30090 parameters
2023-12-15 20:13:34,092 | [DEBUG] : Learning rate is now 0.010000
2023-12-15 20:13:38,746 | [INFO] : training has run out of time
2023-12-15 20:13:38,747 | [INFO] : training31 runtime (h:mm:ss): 0:03:21
2023-12-15 20:13:38,747 | [INFO] : training31 end time: 12/15/2023 08:13:38 PM
2023-12-15 20:13:38,747 | [INFO] : episode 32/64 finished, objective: None
