2023-12-15 21:54:05,757 | [INFO] : training62 start time: 12/15/2023 09:54:05 PM
2023-12-15 21:54:05,760 | [INFO] : Initialized model with weights: results/small_middle3/weights.pth
2023-12-15 21:54:05,760 | [DEBUG] : Current model size: 20778 parameters
2023-12-15 21:54:05,760 | [DEBUG] : Current training mode: initial
2023-12-15 21:54:05,774 | [INFO] : GPU allocation changing : going up
2023-12-15 21:54:05,777 | [DEBUG] : Current model size: 20778 parameters
2023-12-15 21:54:05,777 | [DEBUG] : Current training mode: increased
2023-12-15 21:54:05,777 | [INFO] : no layers were added
2023-12-15 21:54:05,777 | [DEBUG] : Model size was changed to 20778 parameters
2023-12-15 21:54:05,777 | [DEBUG] : Learning rate is now 0.010000
2023-12-15 21:54:15,095 | [INFO] : New learning rate: 0.009000000000000001
2023-12-15 21:54:16,795 | [DEBUG] : Current model size: 20778 parameters
2023-12-15 21:54:16,795 | [DEBUG] : Current training mode: increased
2023-12-15 21:54:16,795 | [INFO] : no layers were added
2023-12-15 21:54:16,796 | [DEBUG] : Model size was changed to 20778 parameters
2023-12-15 21:54:16,796 | [DEBUG] : Learning rate is now 0.010000
2023-12-15 21:54:26,269 | [INFO] : New learning rate: 0.009000000000000001
2023-12-15 21:54:27,975 | [DEBUG] : Current model size: 20778 parameters
2023-12-15 21:54:27,975 | [DEBUG] : Current training mode: increased
2023-12-15 21:54:27,976 | [INFO] : deepening layer 2/3: Linear(in_features=32, out_features=10, bias=True)
2023-12-15 21:54:27,977 | [DEBUG] : Model size was changed to 20888 parameters
2023-12-15 21:54:27,977 | [DEBUG] : Learning rate is now 0.010000
2023-12-15 21:54:37,446 | [INFO] : New learning rate: 0.009000000000000001
2023-12-15 21:54:39,149 | [DEBUG] : Current model size: 20888 parameters
2023-12-15 21:54:39,149 | [DEBUG] : Current training mode: increased
2023-12-15 21:54:39,149 | [INFO] : no layers were added
2023-12-15 21:54:39,150 | [DEBUG] : Model size was changed to 20888 parameters
2023-12-15 21:54:39,150 | [DEBUG] : Learning rate is now 0.010000
2023-12-15 21:54:48,788 | [INFO] : New learning rate: 0.009000000000000001
2023-12-15 21:54:50,451 | [DEBUG] : Current model size: 20888 parameters
2023-12-15 21:54:50,451 | [DEBUG] : Current training mode: increased
2023-12-15 21:54:50,451 | [INFO] : no layers were added
2023-12-15 21:54:50,452 | [DEBUG] : Model size was changed to 20888 parameters
2023-12-15 21:54:50,452 | [DEBUG] : Learning rate is now 0.010000
2023-12-15 21:54:59,848 | [INFO] : New learning rate: 0.009000000000000001
2023-12-15 21:55:01,514 | [DEBUG] : Current model size: 20888 parameters
2023-12-15 21:55:01,514 | [DEBUG] : Current training mode: increased
2023-12-15 21:55:01,514 | [INFO] : no layers were added
2023-12-15 21:55:01,514 | [DEBUG] : Model size was changed to 20888 parameters
2023-12-15 21:55:01,515 | [DEBUG] : Learning rate is now 0.010000
2023-12-15 21:55:11,059 | [INFO] : New learning rate: 0.009000000000000001
2023-12-15 21:55:12,729 | [DEBUG] : Current model size: 20888 parameters
2023-12-15 21:55:12,729 | [DEBUG] : Current training mode: increased
2023-12-15 21:55:12,729 | [INFO] : no layers were added
2023-12-15 21:55:12,729 | [DEBUG] : Model size was changed to 20888 parameters
2023-12-15 21:55:12,729 | [DEBUG] : Learning rate is now 0.010000
2023-12-15 21:55:22,221 | [INFO] : New learning rate: 0.009000000000000001
2023-12-15 21:55:23,896 | [DEBUG] : Current model size: 20888 parameters
2023-12-15 21:55:23,896 | [DEBUG] : Current training mode: increased
2023-12-15 21:55:23,896 | [INFO] : no layers were added
2023-12-15 21:55:23,896 | [DEBUG] : Model size was changed to 20888 parameters
2023-12-15 21:55:23,896 | [DEBUG] : Learning rate is now 0.010000
2023-12-15 21:55:33,274 | [INFO] : New learning rate: 0.009000000000000001
2023-12-15 21:55:34,933 | [DEBUG] : Current model size: 20888 parameters
2023-12-15 21:55:34,933 | [DEBUG] : Current training mode: increased
2023-12-15 21:55:34,933 | [INFO] : no layers were added
2023-12-15 21:55:34,934 | [DEBUG] : Model size was changed to 20888 parameters
2023-12-15 21:55:34,934 | [DEBUG] : Learning rate is now 0.010000
2023-12-15 21:55:44,339 | [INFO] : New learning rate: 0.009000000000000001
2023-12-15 21:55:46,002 | [DEBUG] : Current model size: 20888 parameters
2023-12-15 21:55:46,002 | [DEBUG] : Current training mode: increased
2023-12-15 21:55:46,002 | [INFO] : no layers were added
2023-12-15 21:55:46,003 | [DEBUG] : Model size was changed to 20888 parameters
2023-12-15 21:55:46,003 | [DEBUG] : Learning rate is now 0.010000
2023-12-15 21:55:55,357 | [INFO] : New learning rate: 0.009000000000000001
2023-12-15 21:55:57,020 | [DEBUG] : Current model size: 20888 parameters
2023-12-15 21:55:57,020 | [DEBUG] : Current training mode: increased
2023-12-15 21:55:57,021 | [INFO] : no layers were added
2023-12-15 21:55:57,021 | [DEBUG] : Model size was changed to 20888 parameters
2023-12-15 21:55:57,021 | [DEBUG] : Learning rate is now 0.010000
2023-12-15 21:56:06,632 | [INFO] : New learning rate: 0.009000000000000001
2023-12-15 21:56:08,355 | [DEBUG] : Current model size: 20888 parameters
2023-12-15 21:56:08,355 | [DEBUG] : Current training mode: increased
2023-12-15 21:56:08,355 | [INFO] : no layers were added
2023-12-15 21:56:08,356 | [DEBUG] : Model size was changed to 20888 parameters
2023-12-15 21:56:08,356 | [DEBUG] : Learning rate is now 0.010000
2023-12-15 21:56:18,204 | [INFO] : New learning rate: 0.009000000000000001
2023-12-15 21:56:19,974 | [DEBUG] : Current model size: 20888 parameters
2023-12-15 21:56:19,974 | [DEBUG] : Current training mode: increased
2023-12-15 21:56:19,974 | [INFO] : no layers were added
2023-12-15 21:56:19,975 | [DEBUG] : Model size was changed to 20888 parameters
2023-12-15 21:56:19,975 | [DEBUG] : Learning rate is now 0.010000
2023-12-15 21:56:29,835 | [INFO] : New learning rate: 0.009000000000000001
2023-12-15 21:56:31,610 | [DEBUG] : Current model size: 20888 parameters
2023-12-15 21:56:31,610 | [DEBUG] : Current training mode: increased
2023-12-15 21:56:31,610 | [INFO] : no layers were added
2023-12-15 21:56:31,610 | [DEBUG] : Model size was changed to 20888 parameters
2023-12-15 21:56:31,611 | [DEBUG] : Learning rate is now 0.010000
2023-12-15 21:56:41,408 | [INFO] : New learning rate: 0.009000000000000001
2023-12-15 21:56:43,107 | [DEBUG] : Current model size: 20888 parameters
2023-12-15 21:56:43,107 | [DEBUG] : Current training mode: increased
2023-12-15 21:56:43,107 | [INFO] : no layers were added
2023-12-15 21:56:43,107 | [DEBUG] : Model size was changed to 20888 parameters
2023-12-15 21:56:43,107 | [DEBUG] : Learning rate is now 0.010000
2023-12-15 21:56:52,858 | [INFO] : New learning rate: 0.009000000000000001
2023-12-15 21:56:54,609 | [DEBUG] : Current model size: 20888 parameters
2023-12-15 21:56:54,609 | [DEBUG] : Current training mode: increased
2023-12-15 21:56:54,609 | [INFO] : no layers were added
2023-12-15 21:56:54,609 | [DEBUG] : Model size was changed to 20888 parameters
2023-12-15 21:56:54,609 | [DEBUG] : Learning rate is now 0.010000
2023-12-15 21:57:04,403 | [INFO] : New learning rate: 0.009000000000000001
2023-12-15 21:57:06,145 | [DEBUG] : Current model size: 20888 parameters
2023-12-15 21:57:06,145 | [DEBUG] : Current training mode: increased
2023-12-15 21:57:06,145 | [INFO] : no layers were added
2023-12-15 21:57:06,146 | [DEBUG] : Model size was changed to 20888 parameters
2023-12-15 21:57:06,146 | [DEBUG] : Learning rate is now 0.010000
2023-12-15 21:57:15,906 | [INFO] : New learning rate: 0.009000000000000001
2023-12-15 21:57:17,632 | [DEBUG] : Current model size: 20888 parameters
2023-12-15 21:57:17,632 | [DEBUG] : Current training mode: increased
2023-12-15 21:57:17,632 | [INFO] : no layers were added
2023-12-15 21:57:17,632 | [DEBUG] : Model size was changed to 20888 parameters
2023-12-15 21:57:17,632 | [DEBUG] : Learning rate is now 0.010000
2023-12-15 21:57:25,766 | [INFO] : training has run out of time
2023-12-15 21:57:25,767 | [INFO] : training62 runtime (h:mm:ss): 0:03:21
2023-12-15 21:57:25,767 | [INFO] : training62 end time: 12/15/2023 09:57:25 PM
2023-12-15 21:57:25,767 | [INFO] : episode 63/64 finished, objective: None
