2023-12-15 18:33:11,333 | [INFO] : training02 start time: 12/15/2023 06:33:11 PM
2023-12-15 18:33:11,336 | [INFO] : Initialized model with weights: results/small_middle3/weights.pth
2023-12-15 18:33:11,336 | [DEBUG] : Current model size: 20778 parameters
2023-12-15 18:33:11,336 | [DEBUG] : Current training mode: initial
2023-12-15 18:33:11,350 | [INFO] : GPU allocation changing : going up
2023-12-15 18:33:11,352 | [DEBUG] : Current model size: 20778 parameters
2023-12-15 18:33:11,352 | [DEBUG] : Current training mode: increased
2023-12-15 18:33:11,353 | [INFO] : deepening layer 0/3: Conv2d(3, 64, kernel_size=(3, 3), stride=(1, 1))
2023-12-15 18:33:11,354 | [DEBUG] : Model size was changed to 57834 parameters
2023-12-15 18:33:11,354 | [DEBUG] : Learning rate is now 0.010000
2023-12-15 18:33:21,131 | [INFO] : New learning rate: 0.009000000000000001
2023-12-15 18:33:22,859 | [DEBUG] : Current model size: 57834 parameters
2023-12-15 18:33:22,859 | [DEBUG] : Current training mode: increased
2023-12-15 18:33:22,861 | [INFO] : deepening layer 0/3: Conv2d(3, 64, kernel_size=(3, 3), stride=(1, 1))
2023-12-15 18:33:22,861 | [DEBUG] : Model size was changed to 94890 parameters
2023-12-15 18:33:22,861 | [DEBUG] : Learning rate is now 0.010000
2023-12-15 18:33:33,085 | [INFO] : New learning rate: 0.009000000000000001
2023-12-15 18:33:34,887 | [DEBUG] : Current model size: 94890 parameters
2023-12-15 18:33:34,888 | [DEBUG] : Current training mode: increased
2023-12-15 18:33:34,889 | [INFO] : deepening layer 2/3: Linear(in_features=32, out_features=10, bias=True)
2023-12-15 18:33:34,889 | [DEBUG] : Model size was changed to 95000 parameters
2023-12-15 18:33:34,889 | [DEBUG] : Learning rate is now 0.010000
2023-12-15 18:33:45,231 | [INFO] : New learning rate: 0.009000000000000001
2023-12-15 18:33:47,021 | [DEBUG] : Current model size: 95000 parameters
2023-12-15 18:33:47,021 | [DEBUG] : Current training mode: increased
2023-12-15 18:33:47,021 | [INFO] : no layers were added
2023-12-15 18:33:47,022 | [DEBUG] : Model size was changed to 95000 parameters
2023-12-15 18:33:47,022 | [DEBUG] : Learning rate is now 0.010000
2023-12-15 18:33:57,351 | [INFO] : New learning rate: 0.009000000000000001
2023-12-15 18:33:59,133 | [DEBUG] : Current model size: 95000 parameters
2023-12-15 18:33:59,133 | [DEBUG] : Current training mode: increased
2023-12-15 18:33:59,133 | [INFO] : no layers were added
2023-12-15 18:33:59,134 | [DEBUG] : Model size was changed to 95000 parameters
2023-12-15 18:33:59,134 | [DEBUG] : Learning rate is now 0.010000
2023-12-15 18:34:09,521 | [INFO] : New learning rate: 0.009000000000000001
2023-12-15 18:34:11,331 | [DEBUG] : Current model size: 95000 parameters
2023-12-15 18:34:11,331 | [DEBUG] : Current training mode: increased
2023-12-15 18:34:11,332 | [INFO] : no layers were added
2023-12-15 18:34:11,332 | [DEBUG] : Model size was changed to 95000 parameters
2023-12-15 18:34:11,332 | [DEBUG] : Learning rate is now 0.010000
2023-12-15 18:34:21,729 | [INFO] : New learning rate: 0.009000000000000001
2023-12-15 18:34:23,524 | [DEBUG] : Current model size: 95000 parameters
2023-12-15 18:34:23,524 | [DEBUG] : Current training mode: increased
2023-12-15 18:34:23,524 | [INFO] : no layers were added
2023-12-15 18:34:23,525 | [DEBUG] : Model size was changed to 95000 parameters
2023-12-15 18:34:23,525 | [DEBUG] : Learning rate is now 0.010000
2023-12-15 18:34:33,962 | [INFO] : New learning rate: 0.009000000000000001
2023-12-15 18:34:35,756 | [DEBUG] : Current model size: 95000 parameters
2023-12-15 18:34:35,756 | [DEBUG] : Current training mode: increased
2023-12-15 18:34:35,756 | [INFO] : no layers were added
2023-12-15 18:34:35,756 | [DEBUG] : Model size was changed to 95000 parameters
2023-12-15 18:34:35,756 | [DEBUG] : Learning rate is now 0.010000
2023-12-15 18:34:46,246 | [INFO] : New learning rate: 0.009000000000000001
2023-12-15 18:34:48,055 | [DEBUG] : Current model size: 95000 parameters
2023-12-15 18:34:48,056 | [DEBUG] : Current training mode: increased
2023-12-15 18:34:48,056 | [INFO] : no layers were added
2023-12-15 18:34:48,056 | [DEBUG] : Model size was changed to 95000 parameters
2023-12-15 18:34:48,056 | [DEBUG] : Learning rate is now 0.010000
2023-12-15 18:34:58,506 | [INFO] : New learning rate: 0.009000000000000001
2023-12-15 18:35:00,317 | [DEBUG] : Current model size: 95000 parameters
2023-12-15 18:35:00,317 | [DEBUG] : Current training mode: increased
2023-12-15 18:35:00,317 | [INFO] : no layers were added
2023-12-15 18:35:00,317 | [DEBUG] : Model size was changed to 95000 parameters
2023-12-15 18:35:00,317 | [DEBUG] : Learning rate is now 0.010000
2023-12-15 18:35:10,728 | [INFO] : New learning rate: 0.009000000000000001
2023-12-15 18:35:12,528 | [DEBUG] : Current model size: 95000 parameters
2023-12-15 18:35:12,528 | [DEBUG] : Current training mode: increased
2023-12-15 18:35:12,528 | [INFO] : no layers were added
2023-12-15 18:35:12,529 | [DEBUG] : Model size was changed to 95000 parameters
2023-12-15 18:35:12,529 | [DEBUG] : Learning rate is now 0.010000
2023-12-15 18:35:22,917 | [INFO] : New learning rate: 0.009000000000000001
2023-12-15 18:35:24,700 | [DEBUG] : Current model size: 95000 parameters
2023-12-15 18:35:24,700 | [DEBUG] : Current training mode: increased
2023-12-15 18:35:24,701 | [INFO] : no layers were added
2023-12-15 18:35:24,701 | [DEBUG] : Model size was changed to 95000 parameters
2023-12-15 18:35:24,701 | [DEBUG] : Learning rate is now 0.010000
2023-12-15 18:35:35,038 | [INFO] : New learning rate: 0.009000000000000001
2023-12-15 18:35:36,819 | [DEBUG] : Current model size: 95000 parameters
2023-12-15 18:35:36,819 | [DEBUG] : Current training mode: increased
2023-12-15 18:35:36,819 | [INFO] : no layers were added
2023-12-15 18:35:36,819 | [DEBUG] : Model size was changed to 95000 parameters
2023-12-15 18:35:36,819 | [DEBUG] : Learning rate is now 0.010000
2023-12-15 18:35:47,205 | [INFO] : New learning rate: 0.009000000000000001
2023-12-15 18:35:48,993 | [DEBUG] : Current model size: 95000 parameters
2023-12-15 18:35:48,993 | [DEBUG] : Current training mode: increased
2023-12-15 18:35:48,993 | [INFO] : no layers were added
2023-12-15 18:35:48,993 | [DEBUG] : Model size was changed to 95000 parameters
2023-12-15 18:35:48,993 | [DEBUG] : Learning rate is now 0.010000
2023-12-15 18:35:59,376 | [INFO] : New learning rate: 0.009000000000000001
2023-12-15 18:36:01,162 | [DEBUG] : Current model size: 95000 parameters
2023-12-15 18:36:01,162 | [DEBUG] : Current training mode: increased
2023-12-15 18:36:01,162 | [INFO] : no layers were added
2023-12-15 18:36:01,162 | [DEBUG] : Model size was changed to 95000 parameters
2023-12-15 18:36:01,162 | [DEBUG] : Learning rate is now 0.010000
2023-12-15 18:36:11,543 | [INFO] : New learning rate: 0.009000000000000001
2023-12-15 18:36:13,326 | [DEBUG] : Current model size: 95000 parameters
2023-12-15 18:36:13,326 | [DEBUG] : Current training mode: increased
2023-12-15 18:36:13,326 | [INFO] : no layers were added
2023-12-15 18:36:13,327 | [DEBUG] : Model size was changed to 95000 parameters
2023-12-15 18:36:13,327 | [DEBUG] : Learning rate is now 0.010000
2023-12-15 18:36:23,731 | [INFO] : New learning rate: 0.009000000000000001
2023-12-15 18:36:25,516 | [DEBUG] : Current model size: 95000 parameters
2023-12-15 18:36:25,516 | [DEBUG] : Current training mode: increased
2023-12-15 18:36:25,516 | [INFO] : no layers were added
2023-12-15 18:36:25,517 | [DEBUG] : Model size was changed to 95000 parameters
2023-12-15 18:36:25,517 | [DEBUG] : Learning rate is now 0.010000
2023-12-15 18:36:31,338 | [INFO] : training has run out of time
2023-12-15 18:36:31,338 | [INFO] : training02 runtime (h:mm:ss): 0:03:21
2023-12-15 18:36:31,338 | [INFO] : training02 end time: 12/15/2023 06:36:31 PM
2023-12-15 18:36:31,338 | [INFO] : episode 3/64 finished, objective: None
