2023-12-15 21:27:18,760 | [INFO] : training54 start time: 12/15/2023 09:27:18 PM
2023-12-15 21:27:18,763 | [INFO] : Initialized model with weights: results/small_middle3/weights.pth
2023-12-15 21:27:18,763 | [DEBUG] : Current model size: 20778 parameters
2023-12-15 21:27:18,764 | [DEBUG] : Current training mode: initial
2023-12-15 21:27:18,779 | [INFO] : GPU allocation changing : going up
2023-12-15 21:27:18,781 | [DEBUG] : Current model size: 20778 parameters
2023-12-15 21:27:18,781 | [DEBUG] : Current training mode: increased
2023-12-15 21:27:18,781 | [INFO] : no layers were added
2023-12-15 21:27:18,781 | [DEBUG] : Model size was changed to 20778 parameters
2023-12-15 21:27:18,782 | [DEBUG] : Learning rate is now 0.010000
2023-12-15 21:27:28,648 | [INFO] : New learning rate: 0.009000000000000001
2023-12-15 21:27:30,323 | [DEBUG] : Current model size: 20778 parameters
2023-12-15 21:27:30,323 | [DEBUG] : Current training mode: increased
2023-12-15 21:27:30,325 | [INFO] : deepening layer 1/3: Conv2d(64, 32, kernel_size=(3, 3), stride=(1, 1))
2023-12-15 21:27:30,326 | [DEBUG] : Model size was changed to 30090 parameters
2023-12-15 21:27:30,326 | [DEBUG] : Learning rate is now 0.010000
2023-12-15 21:27:40,474 | [INFO] : New learning rate: 0.009000000000000001
2023-12-15 21:27:42,199 | [DEBUG] : Current model size: 30090 parameters
2023-12-15 21:27:42,199 | [DEBUG] : Current training mode: increased
2023-12-15 21:27:42,200 | [INFO] : deepening layer 2/3: Linear(in_features=32, out_features=10, bias=True)
2023-12-15 21:27:42,201 | [DEBUG] : Model size was changed to 30200 parameters
2023-12-15 21:27:42,201 | [DEBUG] : Learning rate is now 0.010000
2023-12-15 21:27:51,981 | [INFO] : New learning rate: 0.009000000000000001
2023-12-15 21:27:53,664 | [DEBUG] : Current model size: 30200 parameters
2023-12-15 21:27:53,664 | [DEBUG] : Current training mode: increased
2023-12-15 21:27:53,664 | [INFO] : no layers were added
2023-12-15 21:27:53,664 | [DEBUG] : Model size was changed to 30200 parameters
2023-12-15 21:27:53,664 | [DEBUG] : Learning rate is now 0.010000
2023-12-15 21:28:03,504 | [INFO] : New learning rate: 0.009000000000000001
2023-12-15 21:28:05,279 | [DEBUG] : Current model size: 30200 parameters
2023-12-15 21:28:05,279 | [DEBUG] : Current training mode: increased
2023-12-15 21:28:05,279 | [INFO] : no layers were added
2023-12-15 21:28:05,280 | [DEBUG] : Model size was changed to 30200 parameters
2023-12-15 21:28:05,280 | [DEBUG] : Learning rate is now 0.010000
2023-12-15 21:28:15,166 | [INFO] : New learning rate: 0.009000000000000001
2023-12-15 21:28:16,897 | [DEBUG] : Current model size: 30200 parameters
2023-12-15 21:28:16,897 | [DEBUG] : Current training mode: increased
2023-12-15 21:28:16,898 | [INFO] : no layers were added
2023-12-15 21:28:16,898 | [DEBUG] : Model size was changed to 30200 parameters
2023-12-15 21:28:16,898 | [DEBUG] : Learning rate is now 0.010000
2023-12-15 21:28:26,764 | [INFO] : New learning rate: 0.009000000000000001
2023-12-15 21:28:28,453 | [DEBUG] : Current model size: 30200 parameters
2023-12-15 21:28:28,453 | [DEBUG] : Current training mode: increased
2023-12-15 21:28:28,453 | [INFO] : no layers were added
2023-12-15 21:28:28,453 | [DEBUG] : Model size was changed to 30200 parameters
2023-12-15 21:28:28,453 | [DEBUG] : Learning rate is now 0.010000
2023-12-15 21:28:38,292 | [INFO] : New learning rate: 0.009000000000000001
2023-12-15 21:28:40,041 | [DEBUG] : Current model size: 30200 parameters
2023-12-15 21:28:40,041 | [DEBUG] : Current training mode: increased
2023-12-15 21:28:40,041 | [INFO] : no layers were added
2023-12-15 21:28:40,042 | [DEBUG] : Model size was changed to 30200 parameters
2023-12-15 21:28:40,042 | [DEBUG] : Learning rate is now 0.010000
2023-12-15 21:28:49,830 | [INFO] : New learning rate: 0.009000000000000001
2023-12-15 21:28:51,554 | [DEBUG] : Current model size: 30200 parameters
2023-12-15 21:28:51,554 | [DEBUG] : Current training mode: increased
2023-12-15 21:28:51,554 | [INFO] : no layers were added
2023-12-15 21:28:51,554 | [DEBUG] : Model size was changed to 30200 parameters
2023-12-15 21:28:51,554 | [DEBUG] : Learning rate is now 0.010000
2023-12-15 21:29:01,414 | [INFO] : New learning rate: 0.009000000000000001
2023-12-15 21:29:03,103 | [DEBUG] : Current model size: 30200 parameters
2023-12-15 21:29:03,103 | [DEBUG] : Current training mode: increased
2023-12-15 21:29:03,103 | [INFO] : no layers were added
2023-12-15 21:29:03,103 | [DEBUG] : Model size was changed to 30200 parameters
2023-12-15 21:29:03,103 | [DEBUG] : Learning rate is now 0.010000
2023-12-15 21:29:12,875 | [INFO] : New learning rate: 0.009000000000000001
2023-12-15 21:29:14,592 | [DEBUG] : Current model size: 30200 parameters
2023-12-15 21:29:14,593 | [DEBUG] : Current training mode: increased
2023-12-15 21:29:14,593 | [INFO] : no layers were added
2023-12-15 21:29:14,593 | [DEBUG] : Model size was changed to 30200 parameters
2023-12-15 21:29:14,593 | [DEBUG] : Learning rate is now 0.010000
2023-12-15 21:29:24,235 | [INFO] : New learning rate: 0.009000000000000001
2023-12-15 21:29:26,020 | [DEBUG] : Current model size: 30200 parameters
2023-12-15 21:29:26,020 | [DEBUG] : Current training mode: increased
2023-12-15 21:29:26,020 | [INFO] : no layers were added
2023-12-15 21:29:26,020 | [DEBUG] : Model size was changed to 30200 parameters
2023-12-15 21:29:26,020 | [DEBUG] : Learning rate is now 0.010000
2023-12-15 21:29:35,731 | [INFO] : New learning rate: 0.009000000000000001
2023-12-15 21:29:37,426 | [DEBUG] : Current model size: 30200 parameters
2023-12-15 21:29:37,426 | [DEBUG] : Current training mode: increased
2023-12-15 21:29:37,426 | [INFO] : no layers were added
2023-12-15 21:29:37,427 | [DEBUG] : Model size was changed to 30200 parameters
2023-12-15 21:29:37,427 | [DEBUG] : Learning rate is now 0.010000
2023-12-15 21:29:47,291 | [INFO] : New learning rate: 0.009000000000000001
2023-12-15 21:29:49,034 | [DEBUG] : Current model size: 30200 parameters
2023-12-15 21:29:49,034 | [DEBUG] : Current training mode: increased
2023-12-15 21:29:49,034 | [INFO] : no layers were added
2023-12-15 21:29:49,035 | [DEBUG] : Model size was changed to 30200 parameters
2023-12-15 21:29:49,035 | [DEBUG] : Learning rate is now 0.010000
2023-12-15 21:29:59,042 | [INFO] : New learning rate: 0.009000000000000001
2023-12-15 21:30:00,786 | [DEBUG] : Current model size: 30200 parameters
2023-12-15 21:30:00,787 | [DEBUG] : Current training mode: increased
2023-12-15 21:30:00,787 | [INFO] : no layers were added
2023-12-15 21:30:00,787 | [DEBUG] : Model size was changed to 30200 parameters
2023-12-15 21:30:00,787 | [DEBUG] : Learning rate is now 0.010000
2023-12-15 21:30:10,703 | [INFO] : New learning rate: 0.009000000000000001
2023-12-15 21:30:12,393 | [DEBUG] : Current model size: 30200 parameters
2023-12-15 21:30:12,393 | [DEBUG] : Current training mode: increased
2023-12-15 21:30:12,394 | [INFO] : no layers were added
2023-12-15 21:30:12,394 | [DEBUG] : Model size was changed to 30200 parameters
2023-12-15 21:30:12,394 | [DEBUG] : Learning rate is now 0.010000
2023-12-15 21:30:22,509 | [INFO] : New learning rate: 0.009000000000000001
2023-12-15 21:30:24,204 | [DEBUG] : Current model size: 30200 parameters
2023-12-15 21:30:24,204 | [DEBUG] : Current training mode: increased
2023-12-15 21:30:24,204 | [INFO] : no layers were added
2023-12-15 21:30:24,204 | [DEBUG] : Model size was changed to 30200 parameters
2023-12-15 21:30:24,204 | [DEBUG] : Learning rate is now 0.010000
2023-12-15 21:30:33,884 | [INFO] : New learning rate: 0.009000000000000001
2023-12-15 21:30:35,610 | [DEBUG] : Current model size: 30200 parameters
2023-12-15 21:30:35,610 | [DEBUG] : Current training mode: increased
2023-12-15 21:30:35,610 | [INFO] : no layers were added
2023-12-15 21:30:35,611 | [DEBUG] : Model size was changed to 30200 parameters
2023-12-15 21:30:35,611 | [DEBUG] : Learning rate is now 0.010000
2023-12-15 21:30:38,767 | [INFO] : training has run out of time
2023-12-15 21:30:38,768 | [INFO] : training54 runtime (h:mm:ss): 0:03:21
2023-12-15 21:30:38,768 | [INFO] : training54 end time: 12/15/2023 09:30:38 PM
2023-12-15 21:30:38,768 | [INFO] : episode 55/64 finished, objective: None
