2023-12-15 18:29:50,594 | [INFO] : training01 start time: 12/15/2023 06:29:50 PM
2023-12-15 18:29:50,597 | [INFO] : Initialized model with weights: results/small_middle3/weights.pth
2023-12-15 18:29:50,597 | [DEBUG] : Current model size: 20778 parameters
2023-12-15 18:29:50,597 | [DEBUG] : Current training mode: initial
2023-12-15 18:29:50,610 | [INFO] : GPU allocation changing : going up
2023-12-15 18:29:50,613 | [DEBUG] : Current model size: 20778 parameters
2023-12-15 18:29:50,613 | [DEBUG] : Current training mode: increased
2023-12-15 18:29:50,615 | [INFO] : deepening layer 0/3: Conv2d(3, 64, kernel_size=(3, 3), stride=(1, 1))
2023-12-15 18:29:50,615 | [DEBUG] : Model size was changed to 57834 parameters
2023-12-15 18:29:50,615 | [DEBUG] : Learning rate is now 0.010000
2023-12-15 18:30:00,432 | [INFO] : New learning rate: 0.009000000000000001
2023-12-15 18:30:02,181 | [DEBUG] : Current model size: 57834 parameters
2023-12-15 18:30:02,181 | [DEBUG] : Current training mode: increased
2023-12-15 18:30:02,183 | [INFO] : deepening layer 0/3: Conv2d(3, 64, kernel_size=(3, 3), stride=(1, 1))
2023-12-15 18:30:02,183 | [DEBUG] : Model size was changed to 94890 parameters
2023-12-15 18:30:02,183 | [DEBUG] : Learning rate is now 0.010000
2023-12-15 18:30:12,802 | [INFO] : New learning rate: 0.009000000000000001
2023-12-15 18:30:14,592 | [DEBUG] : Current model size: 94890 parameters
2023-12-15 18:30:14,592 | [DEBUG] : Current training mode: increased
2023-12-15 18:30:14,594 | [INFO] : deepening layer 1/3: Conv2d(64, 32, kernel_size=(3, 3), stride=(1, 1))
2023-12-15 18:30:14,594 | [DEBUG] : Model size was changed to 104202 parameters
2023-12-15 18:30:14,594 | [DEBUG] : Learning rate is now 0.010000
2023-12-15 18:30:25,367 | [INFO] : New learning rate: 0.009000000000000001
2023-12-15 18:30:27,204 | [DEBUG] : Current model size: 104202 parameters
2023-12-15 18:30:27,205 | [DEBUG] : Current training mode: increased
2023-12-15 18:30:27,205 | [INFO] : no layers were added
2023-12-15 18:30:27,205 | [DEBUG] : Model size was changed to 104202 parameters
2023-12-15 18:30:27,205 | [DEBUG] : Learning rate is now 0.010000
2023-12-15 18:30:37,956 | [INFO] : New learning rate: 0.009000000000000001
2023-12-15 18:30:39,781 | [DEBUG] : Current model size: 104202 parameters
2023-12-15 18:30:39,781 | [DEBUG] : Current training mode: increased
2023-12-15 18:30:39,781 | [INFO] : no layers were added
2023-12-15 18:30:39,782 | [DEBUG] : Model size was changed to 104202 parameters
2023-12-15 18:30:39,782 | [DEBUG] : Learning rate is now 0.010000
2023-12-15 18:30:50,302 | [INFO] : New learning rate: 0.009000000000000001
2023-12-15 18:30:52,096 | [DEBUG] : Current model size: 104202 parameters
2023-12-15 18:30:52,096 | [DEBUG] : Current training mode: increased
2023-12-15 18:30:52,096 | [INFO] : no layers were added
2023-12-15 18:30:52,097 | [DEBUG] : Model size was changed to 104202 parameters
2023-12-15 18:30:52,097 | [DEBUG] : Learning rate is now 0.010000
2023-12-15 18:31:02,635 | [INFO] : New learning rate: 0.009000000000000001
2023-12-15 18:31:04,433 | [DEBUG] : Current model size: 104202 parameters
2023-12-15 18:31:04,434 | [DEBUG] : Current training mode: increased
2023-12-15 18:31:04,434 | [INFO] : no layers were added
2023-12-15 18:31:04,434 | [DEBUG] : Model size was changed to 104202 parameters
2023-12-15 18:31:04,434 | [DEBUG] : Learning rate is now 0.010000
2023-12-15 18:31:15,021 | [INFO] : New learning rate: 0.009000000000000001
2023-12-15 18:31:16,824 | [DEBUG] : Current model size: 104202 parameters
2023-12-15 18:31:16,824 | [DEBUG] : Current training mode: increased
2023-12-15 18:31:16,824 | [INFO] : no layers were added
2023-12-15 18:31:16,824 | [DEBUG] : Model size was changed to 104202 parameters
2023-12-15 18:31:16,824 | [DEBUG] : Learning rate is now 0.010000
2023-12-15 18:31:27,476 | [INFO] : New learning rate: 0.009000000000000001
2023-12-15 18:31:29,293 | [DEBUG] : Current model size: 104202 parameters
2023-12-15 18:31:29,293 | [DEBUG] : Current training mode: increased
2023-12-15 18:31:29,293 | [INFO] : no layers were added
2023-12-15 18:31:29,294 | [DEBUG] : Model size was changed to 104202 parameters
2023-12-15 18:31:29,294 | [DEBUG] : Learning rate is now 0.010000
2023-12-15 18:31:40,008 | [INFO] : New learning rate: 0.009000000000000001
2023-12-15 18:31:41,810 | [DEBUG] : Current model size: 104202 parameters
2023-12-15 18:31:41,810 | [DEBUG] : Current training mode: increased
2023-12-15 18:31:41,810 | [INFO] : no layers were added
2023-12-15 18:31:41,810 | [DEBUG] : Model size was changed to 104202 parameters
2023-12-15 18:31:41,810 | [DEBUG] : Learning rate is now 0.010000
2023-12-15 18:31:52,517 | [INFO] : New learning rate: 0.009000000000000001
2023-12-15 18:31:54,321 | [DEBUG] : Current model size: 104202 parameters
2023-12-15 18:31:54,321 | [DEBUG] : Current training mode: increased
2023-12-15 18:31:54,321 | [INFO] : no layers were added
2023-12-15 18:31:54,322 | [DEBUG] : Model size was changed to 104202 parameters
2023-12-15 18:31:54,322 | [DEBUG] : Learning rate is now 0.010000
2023-12-15 18:32:05,024 | [INFO] : New learning rate: 0.009000000000000001
2023-12-15 18:32:06,827 | [DEBUG] : Current model size: 104202 parameters
2023-12-15 18:32:06,827 | [DEBUG] : Current training mode: increased
2023-12-15 18:32:06,827 | [INFO] : no layers were added
2023-12-15 18:32:06,828 | [DEBUG] : Model size was changed to 104202 parameters
2023-12-15 18:32:06,828 | [DEBUG] : Learning rate is now 0.010000
2023-12-15 18:32:17,546 | [INFO] : New learning rate: 0.009000000000000001
2023-12-15 18:32:19,355 | [DEBUG] : Current model size: 104202 parameters
2023-12-15 18:32:19,355 | [DEBUG] : Current training mode: increased
2023-12-15 18:32:19,355 | [INFO] : no layers were added
2023-12-15 18:32:19,355 | [DEBUG] : Model size was changed to 104202 parameters
2023-12-15 18:32:19,355 | [DEBUG] : Learning rate is now 0.010000
2023-12-15 18:32:30,049 | [INFO] : New learning rate: 0.009000000000000001
2023-12-15 18:32:31,853 | [DEBUG] : Current model size: 104202 parameters
2023-12-15 18:32:31,854 | [DEBUG] : Current training mode: increased
2023-12-15 18:32:31,854 | [INFO] : no layers were added
2023-12-15 18:32:31,854 | [DEBUG] : Model size was changed to 104202 parameters
2023-12-15 18:32:31,854 | [DEBUG] : Learning rate is now 0.010000
2023-12-15 18:32:42,391 | [INFO] : New learning rate: 0.009000000000000001
2023-12-15 18:32:44,194 | [DEBUG] : Current model size: 104202 parameters
2023-12-15 18:32:44,194 | [DEBUG] : Current training mode: increased
2023-12-15 18:32:44,194 | [INFO] : no layers were added
2023-12-15 18:32:44,194 | [DEBUG] : Model size was changed to 104202 parameters
2023-12-15 18:32:44,195 | [DEBUG] : Learning rate is now 0.010000
2023-12-15 18:32:54,760 | [INFO] : New learning rate: 0.009000000000000001
2023-12-15 18:32:56,566 | [DEBUG] : Current model size: 104202 parameters
2023-12-15 18:32:56,566 | [DEBUG] : Current training mode: increased
2023-12-15 18:32:56,566 | [INFO] : no layers were added
2023-12-15 18:32:56,566 | [DEBUG] : Model size was changed to 104202 parameters
2023-12-15 18:32:56,566 | [DEBUG] : Learning rate is now 0.010000
2023-12-15 18:33:07,150 | [INFO] : New learning rate: 0.009000000000000001
2023-12-15 18:33:08,954 | [DEBUG] : Current model size: 104202 parameters
2023-12-15 18:33:08,954 | [DEBUG] : Current training mode: increased
2023-12-15 18:33:08,954 | [INFO] : no layers were added
2023-12-15 18:33:08,954 | [DEBUG] : Model size was changed to 104202 parameters
2023-12-15 18:33:08,954 | [DEBUG] : Learning rate is now 0.010000
2023-12-15 18:33:10,606 | [INFO] : training has run out of time
2023-12-15 18:33:10,607 | [INFO] : training01 runtime (h:mm:ss): 0:03:21
2023-12-15 18:33:10,607 | [INFO] : training01 end time: 12/15/2023 06:33:10 PM
2023-12-15 18:33:10,607 | [INFO] : episode 2/64 finished, objective: None
