2023-12-15 20:23:41,843 | [INFO] : training35 start time: 12/15/2023 08:23:41 PM
2023-12-15 20:23:41,846 | [INFO] : Initialized model with weights: results/small_middle3/weights.pth
2023-12-15 20:23:41,847 | [DEBUG] : Current model size: 20778 parameters
2023-12-15 20:23:41,847 | [DEBUG] : Current training mode: initial
2023-12-15 20:23:41,861 | [INFO] : GPU allocation changing : going up
2023-12-15 20:23:41,864 | [DEBUG] : Current model size: 20778 parameters
2023-12-15 20:23:41,864 | [DEBUG] : Current training mode: increased
2023-12-15 20:23:41,864 | [INFO] : deepening layer 2/3: Linear(in_features=32, out_features=10, bias=True)
2023-12-15 20:23:41,865 | [DEBUG] : Model size was changed to 20888 parameters
2023-12-15 20:23:41,865 | [DEBUG] : Learning rate is now 0.010000
2023-12-15 20:23:51,149 | [INFO] : New learning rate: 0.009000000000000001
2023-12-15 20:23:52,866 | [DEBUG] : Current model size: 20888 parameters
2023-12-15 20:23:52,866 | [DEBUG] : Current training mode: increased
2023-12-15 20:23:52,868 | [INFO] : deepening layer 0/3: Conv2d(3, 64, kernel_size=(3, 3), stride=(1, 1))
2023-12-15 20:23:52,869 | [DEBUG] : Model size was changed to 57944 parameters
2023-12-15 20:23:52,869 | [DEBUG] : Learning rate is now 0.010000
2023-12-15 20:24:03,239 | [INFO] : New learning rate: 0.009000000000000001
2023-12-15 20:24:05,029 | [DEBUG] : Current model size: 57944 parameters
2023-12-15 20:24:05,029 | [DEBUG] : Current training mode: increased
2023-12-15 20:24:05,029 | [INFO] : no layers were added
2023-12-15 20:24:05,029 | [DEBUG] : Model size was changed to 57944 parameters
2023-12-15 20:24:05,029 | [DEBUG] : Learning rate is now 0.010000
2023-12-15 20:24:15,207 | [INFO] : New learning rate: 0.009000000000000001
2023-12-15 20:24:17,003 | [DEBUG] : Current model size: 57944 parameters
2023-12-15 20:24:17,003 | [DEBUG] : Current training mode: increased
2023-12-15 20:24:17,004 | [INFO] : no layers were added
2023-12-15 20:24:17,004 | [DEBUG] : Model size was changed to 57944 parameters
2023-12-15 20:24:17,004 | [DEBUG] : Learning rate is now 0.010000
2023-12-15 20:24:27,198 | [INFO] : New learning rate: 0.009000000000000001
2023-12-15 20:24:29,009 | [DEBUG] : Current model size: 57944 parameters
2023-12-15 20:24:29,009 | [DEBUG] : Current training mode: increased
2023-12-15 20:24:29,009 | [INFO] : no layers were added
2023-12-15 20:24:29,010 | [DEBUG] : Model size was changed to 57944 parameters
2023-12-15 20:24:29,010 | [DEBUG] : Learning rate is now 0.010000
2023-12-15 20:24:39,081 | [INFO] : New learning rate: 0.009000000000000001
2023-12-15 20:24:40,878 | [DEBUG] : Current model size: 57944 parameters
2023-12-15 20:24:40,878 | [DEBUG] : Current training mode: increased
2023-12-15 20:24:40,879 | [INFO] : no layers were added
2023-12-15 20:24:40,879 | [DEBUG] : Model size was changed to 57944 parameters
2023-12-15 20:24:40,879 | [DEBUG] : Learning rate is now 0.010000
2023-12-15 20:24:51,118 | [INFO] : New learning rate: 0.009000000000000001
2023-12-15 20:24:52,910 | [DEBUG] : Current model size: 57944 parameters
2023-12-15 20:24:52,910 | [DEBUG] : Current training mode: increased
2023-12-15 20:24:52,910 | [INFO] : no layers were added
2023-12-15 20:24:52,911 | [DEBUG] : Model size was changed to 57944 parameters
2023-12-15 20:24:52,911 | [DEBUG] : Learning rate is now 0.010000
2023-12-15 20:25:02,841 | [INFO] : New learning rate: 0.009000000000000001
2023-12-15 20:25:04,648 | [DEBUG] : Current model size: 57944 parameters
2023-12-15 20:25:04,648 | [DEBUG] : Current training mode: increased
2023-12-15 20:25:04,648 | [INFO] : no layers were added
2023-12-15 20:25:04,649 | [DEBUG] : Model size was changed to 57944 parameters
2023-12-15 20:25:04,649 | [DEBUG] : Learning rate is now 0.010000
2023-12-15 20:25:14,908 | [INFO] : New learning rate: 0.009000000000000001
2023-12-15 20:25:16,652 | [DEBUG] : Current model size: 57944 parameters
2023-12-15 20:25:16,652 | [DEBUG] : Current training mode: increased
2023-12-15 20:25:16,652 | [INFO] : no layers were added
2023-12-15 20:25:16,653 | [DEBUG] : Model size was changed to 57944 parameters
2023-12-15 20:25:16,653 | [DEBUG] : Learning rate is now 0.010000
2023-12-15 20:25:26,768 | [INFO] : New learning rate: 0.009000000000000001
2023-12-15 20:25:28,520 | [DEBUG] : Current model size: 57944 parameters
2023-12-15 20:25:28,520 | [DEBUG] : Current training mode: increased
2023-12-15 20:25:28,520 | [INFO] : no layers were added
2023-12-15 20:25:28,521 | [DEBUG] : Model size was changed to 57944 parameters
2023-12-15 20:25:28,521 | [DEBUG] : Learning rate is now 0.010000
2023-12-15 20:25:38,468 | [INFO] : New learning rate: 0.009000000000000001
2023-12-15 20:25:40,200 | [DEBUG] : Current model size: 57944 parameters
2023-12-15 20:25:40,201 | [DEBUG] : Current training mode: increased
2023-12-15 20:25:40,201 | [INFO] : no layers were added
2023-12-15 20:25:40,201 | [DEBUG] : Model size was changed to 57944 parameters
2023-12-15 20:25:40,201 | [DEBUG] : Learning rate is now 0.010000
2023-12-15 20:25:50,180 | [INFO] : New learning rate: 0.009000000000000001
2023-12-15 20:25:51,904 | [DEBUG] : Current model size: 57944 parameters
2023-12-15 20:25:51,904 | [DEBUG] : Current training mode: increased
2023-12-15 20:25:51,904 | [INFO] : no layers were added
2023-12-15 20:25:51,905 | [DEBUG] : Model size was changed to 57944 parameters
2023-12-15 20:25:51,905 | [DEBUG] : Learning rate is now 0.010000
2023-12-15 20:26:01,848 | [INFO] : New learning rate: 0.009000000000000001
2023-12-15 20:26:03,632 | [DEBUG] : Current model size: 57944 parameters
2023-12-15 20:26:03,633 | [DEBUG] : Current training mode: increased
2023-12-15 20:26:03,633 | [INFO] : no layers were added
2023-12-15 20:26:03,633 | [DEBUG] : Model size was changed to 57944 parameters
2023-12-15 20:26:03,633 | [DEBUG] : Learning rate is now 0.010000
2023-12-15 20:26:13,551 | [INFO] : New learning rate: 0.009000000000000001
2023-12-15 20:26:15,297 | [DEBUG] : Current model size: 57944 parameters
2023-12-15 20:26:15,297 | [DEBUG] : Current training mode: increased
2023-12-15 20:26:15,297 | [INFO] : no layers were added
2023-12-15 20:26:15,298 | [DEBUG] : Model size was changed to 57944 parameters
2023-12-15 20:26:15,298 | [DEBUG] : Learning rate is now 0.010000
2023-12-15 20:26:25,563 | [INFO] : New learning rate: 0.009000000000000001
2023-12-15 20:26:27,339 | [DEBUG] : Current model size: 57944 parameters
2023-12-15 20:26:27,340 | [DEBUG] : Current training mode: increased
2023-12-15 20:26:27,340 | [INFO] : no layers were added
2023-12-15 20:26:27,340 | [DEBUG] : Model size was changed to 57944 parameters
2023-12-15 20:26:27,340 | [DEBUG] : Learning rate is now 0.010000
2023-12-15 20:26:37,434 | [INFO] : New learning rate: 0.009000000000000001
2023-12-15 20:26:39,205 | [DEBUG] : Current model size: 57944 parameters
2023-12-15 20:26:39,205 | [DEBUG] : Current training mode: increased
2023-12-15 20:26:39,205 | [INFO] : no layers were added
2023-12-15 20:26:39,205 | [DEBUG] : Model size was changed to 57944 parameters
2023-12-15 20:26:39,205 | [DEBUG] : Learning rate is now 0.010000
2023-12-15 20:26:49,079 | [INFO] : New learning rate: 0.009000000000000001
2023-12-15 20:26:50,830 | [DEBUG] : Current model size: 57944 parameters
2023-12-15 20:26:50,830 | [DEBUG] : Current training mode: increased
2023-12-15 20:26:50,830 | [INFO] : no layers were added
2023-12-15 20:26:50,830 | [DEBUG] : Model size was changed to 57944 parameters
2023-12-15 20:26:50,831 | [DEBUG] : Learning rate is now 0.010000
2023-12-15 20:27:00,987 | [INFO] : New learning rate: 0.009000000000000001
2023-12-15 20:27:02,702 | [DEBUG] : Current model size: 57944 parameters
2023-12-15 20:27:02,703 | [DEBUG] : Current training mode: increased
2023-12-15 20:27:02,703 | [INFO] : no layers were added
2023-12-15 20:27:02,703 | [DEBUG] : Model size was changed to 57944 parameters
2023-12-15 20:27:02,703 | [DEBUG] : Learning rate is now 0.010000
2023-12-15 20:27:02,716 | [INFO] : training has run out of time
2023-12-15 20:27:02,716 | [INFO] : training35 runtime (h:mm:ss): 0:03:21
2023-12-15 20:27:02,716 | [INFO] : training35 end time: 12/15/2023 08:27:02 PM
2023-12-15 20:27:02,716 | [INFO] : episode 36/64 finished, objective: None
