2023-12-15 21:17:16,510 | [INFO] : training51 start time: 12/15/2023 09:17:16 PM
2023-12-15 21:17:16,515 | [INFO] : Initialized model with weights: results/small_middle3/weights.pth
2023-12-15 21:17:16,515 | [DEBUG] : Current model size: 20778 parameters
2023-12-15 21:17:16,515 | [DEBUG] : Current training mode: initial
2023-12-15 21:17:16,528 | [INFO] : GPU allocation changing : going up
2023-12-15 21:17:16,530 | [DEBUG] : Current model size: 20778 parameters
2023-12-15 21:17:16,530 | [DEBUG] : Current training mode: increased
2023-12-15 21:17:16,530 | [INFO] : no layers were added
2023-12-15 21:17:16,530 | [DEBUG] : Model size was changed to 20778 parameters
2023-12-15 21:17:16,530 | [DEBUG] : Learning rate is now 0.010000
2023-12-15 21:17:26,014 | [INFO] : New learning rate: 0.009000000000000001
2023-12-15 21:17:27,714 | [DEBUG] : Current model size: 20778 parameters
2023-12-15 21:17:27,714 | [DEBUG] : Current training mode: increased
2023-12-15 21:17:27,716 | [INFO] : deepening layer 0/3: Conv2d(3, 64, kernel_size=(3, 3), stride=(1, 1))
2023-12-15 21:17:27,716 | [DEBUG] : Model size was changed to 57834 parameters
2023-12-15 21:17:27,716 | [DEBUG] : Learning rate is now 0.010000
2023-12-15 21:17:37,537 | [INFO] : New learning rate: 0.009000000000000001
2023-12-15 21:17:39,264 | [DEBUG] : Current model size: 57834 parameters
2023-12-15 21:17:39,264 | [DEBUG] : Current training mode: increased
2023-12-15 21:17:39,264 | [INFO] : no layers were added
2023-12-15 21:17:39,264 | [DEBUG] : Model size was changed to 57834 parameters
2023-12-15 21:17:39,264 | [DEBUG] : Learning rate is now 0.010000
2023-12-15 21:17:49,280 | [INFO] : New learning rate: 0.009000000000000001
2023-12-15 21:17:51,013 | [DEBUG] : Current model size: 57834 parameters
2023-12-15 21:17:51,013 | [DEBUG] : Current training mode: increased
2023-12-15 21:17:51,013 | [INFO] : no layers were added
2023-12-15 21:17:51,013 | [DEBUG] : Model size was changed to 57834 parameters
2023-12-15 21:17:51,013 | [DEBUG] : Learning rate is now 0.010000
2023-12-15 21:18:00,755 | [INFO] : New learning rate: 0.009000000000000001
2023-12-15 21:18:02,494 | [DEBUG] : Current model size: 57834 parameters
2023-12-15 21:18:02,494 | [DEBUG] : Current training mode: increased
2023-12-15 21:18:02,494 | [INFO] : no layers were added
2023-12-15 21:18:02,495 | [DEBUG] : Model size was changed to 57834 parameters
2023-12-15 21:18:02,495 | [DEBUG] : Learning rate is now 0.010000
2023-12-15 21:18:12,274 | [INFO] : New learning rate: 0.009000000000000001
2023-12-15 21:18:14,030 | [DEBUG] : Current model size: 57834 parameters
2023-12-15 21:18:14,030 | [DEBUG] : Current training mode: increased
2023-12-15 21:18:14,030 | [INFO] : no layers were added
2023-12-15 21:18:14,031 | [DEBUG] : Model size was changed to 57834 parameters
2023-12-15 21:18:14,031 | [DEBUG] : Learning rate is now 0.010000
2023-12-15 21:18:23,775 | [INFO] : New learning rate: 0.009000000000000001
2023-12-15 21:18:25,538 | [DEBUG] : Current model size: 57834 parameters
2023-12-15 21:18:25,538 | [DEBUG] : Current training mode: increased
2023-12-15 21:18:25,538 | [INFO] : no layers were added
2023-12-15 21:18:25,538 | [DEBUG] : Model size was changed to 57834 parameters
2023-12-15 21:18:25,538 | [DEBUG] : Learning rate is now 0.010000
2023-12-15 21:18:35,396 | [INFO] : New learning rate: 0.009000000000000001
2023-12-15 21:18:37,214 | [DEBUG] : Current model size: 57834 parameters
2023-12-15 21:18:37,215 | [DEBUG] : Current training mode: increased
2023-12-15 21:18:37,215 | [INFO] : no layers were added
2023-12-15 21:18:37,215 | [DEBUG] : Model size was changed to 57834 parameters
2023-12-15 21:18:37,215 | [DEBUG] : Learning rate is now 0.010000
2023-12-15 21:18:47,111 | [INFO] : New learning rate: 0.009000000000000001
2023-12-15 21:18:48,859 | [DEBUG] : Current model size: 57834 parameters
2023-12-15 21:18:48,859 | [DEBUG] : Current training mode: increased
2023-12-15 21:18:48,859 | [INFO] : no layers were added
2023-12-15 21:18:48,859 | [DEBUG] : Model size was changed to 57834 parameters
2023-12-15 21:18:48,859 | [DEBUG] : Learning rate is now 0.010000
2023-12-15 21:18:58,628 | [INFO] : New learning rate: 0.009000000000000001
2023-12-15 21:19:00,432 | [DEBUG] : Current model size: 57834 parameters
2023-12-15 21:19:00,433 | [DEBUG] : Current training mode: increased
2023-12-15 21:19:00,433 | [INFO] : no layers were added
2023-12-15 21:19:00,433 | [DEBUG] : Model size was changed to 57834 parameters
2023-12-15 21:19:00,433 | [DEBUG] : Learning rate is now 0.010000
2023-12-15 21:19:10,681 | [INFO] : New learning rate: 0.009000000000000001
2023-12-15 21:19:12,417 | [DEBUG] : Current model size: 57834 parameters
2023-12-15 21:19:12,418 | [DEBUG] : Current training mode: increased
2023-12-15 21:19:12,418 | [INFO] : no layers were added
2023-12-15 21:19:12,418 | [DEBUG] : Model size was changed to 57834 parameters
2023-12-15 21:19:12,418 | [DEBUG] : Learning rate is now 0.010000
2023-12-15 21:19:22,316 | [INFO] : New learning rate: 0.009000000000000001
2023-12-15 21:19:24,099 | [DEBUG] : Current model size: 57834 parameters
2023-12-15 21:19:24,099 | [DEBUG] : Current training mode: increased
2023-12-15 21:19:24,099 | [INFO] : no layers were added
2023-12-15 21:19:24,100 | [DEBUG] : Model size was changed to 57834 parameters
2023-12-15 21:19:24,100 | [DEBUG] : Learning rate is now 0.010000
2023-12-15 21:19:34,048 | [INFO] : New learning rate: 0.009000000000000001
2023-12-15 21:19:35,859 | [DEBUG] : Current model size: 57834 parameters
2023-12-15 21:19:35,860 | [DEBUG] : Current training mode: increased
2023-12-15 21:19:35,860 | [INFO] : no layers were added
2023-12-15 21:19:35,860 | [DEBUG] : Model size was changed to 57834 parameters
2023-12-15 21:19:35,860 | [DEBUG] : Learning rate is now 0.010000
2023-12-15 21:19:45,935 | [INFO] : New learning rate: 0.009000000000000001
2023-12-15 21:19:47,744 | [DEBUG] : Current model size: 57834 parameters
2023-12-15 21:19:47,745 | [DEBUG] : Current training mode: increased
2023-12-15 21:19:47,745 | [INFO] : no layers were added
2023-12-15 21:19:47,745 | [DEBUG] : Model size was changed to 57834 parameters
2023-12-15 21:19:47,745 | [DEBUG] : Learning rate is now 0.010000
2023-12-15 21:19:57,899 | [INFO] : New learning rate: 0.009000000000000001
2023-12-15 21:19:59,674 | [DEBUG] : Current model size: 57834 parameters
2023-12-15 21:19:59,674 | [DEBUG] : Current training mode: increased
2023-12-15 21:19:59,674 | [INFO] : no layers were added
2023-12-15 21:19:59,674 | [DEBUG] : Model size was changed to 57834 parameters
2023-12-15 21:19:59,674 | [DEBUG] : Learning rate is now 0.010000
2023-12-15 21:20:09,999 | [INFO] : New learning rate: 0.009000000000000001
2023-12-15 21:20:11,754 | [DEBUG] : Current model size: 57834 parameters
2023-12-15 21:20:11,754 | [DEBUG] : Current training mode: increased
2023-12-15 21:20:11,754 | [INFO] : no layers were added
2023-12-15 21:20:11,755 | [DEBUG] : Model size was changed to 57834 parameters
2023-12-15 21:20:11,755 | [DEBUG] : Learning rate is now 0.010000
2023-12-15 21:20:21,804 | [INFO] : New learning rate: 0.009000000000000001
2023-12-15 21:20:23,609 | [DEBUG] : Current model size: 57834 parameters
2023-12-15 21:20:23,609 | [DEBUG] : Current training mode: increased
2023-12-15 21:20:23,609 | [INFO] : no layers were added
2023-12-15 21:20:23,610 | [DEBUG] : Model size was changed to 57834 parameters
2023-12-15 21:20:23,610 | [DEBUG] : Learning rate is now 0.010000
2023-12-15 21:20:33,609 | [INFO] : New learning rate: 0.009000000000000001
2023-12-15 21:20:35,394 | [DEBUG] : Current model size: 57834 parameters
2023-12-15 21:20:35,394 | [DEBUG] : Current training mode: increased
2023-12-15 21:20:35,394 | [INFO] : no layers were added
2023-12-15 21:20:35,395 | [DEBUG] : Model size was changed to 57834 parameters
2023-12-15 21:20:35,395 | [DEBUG] : Learning rate is now 0.010000
2023-12-15 21:20:36,520 | [INFO] : training has run out of time
2023-12-15 21:20:36,521 | [INFO] : training51 runtime (h:mm:ss): 0:03:21
2023-12-15 21:20:36,521 | [INFO] : training51 end time: 12/15/2023 09:20:36 PM
2023-12-15 21:20:36,521 | [INFO] : episode 52/64 finished, objective: None
