2023-12-15 19:53:34,559 | [INFO] : training26 start time: 12/15/2023 07:53:34 PM
2023-12-15 19:53:34,564 | [INFO] : Initialized model with weights: results/small_middle3/weights.pth
2023-12-15 19:53:34,564 | [DEBUG] : Current model size: 20778 parameters
2023-12-15 19:53:34,564 | [DEBUG] : Current training mode: initial
2023-12-15 19:53:34,578 | [INFO] : GPU allocation changing : going up
2023-12-15 19:53:34,580 | [DEBUG] : Current model size: 20778 parameters
2023-12-15 19:53:34,580 | [DEBUG] : Current training mode: increased
2023-12-15 19:53:34,582 | [INFO] : deepening layer 1/3: Conv2d(64, 32, kernel_size=(3, 3), stride=(1, 1))
2023-12-15 19:53:34,582 | [DEBUG] : Model size was changed to 30090 parameters
2023-12-15 19:53:34,582 | [DEBUG] : Learning rate is now 0.010000
2023-12-15 19:53:44,255 | [INFO] : New learning rate: 0.009000000000000001
2023-12-15 19:53:45,948 | [DEBUG] : Current model size: 30090 parameters
2023-12-15 19:53:45,948 | [DEBUG] : Current training mode: increased
2023-12-15 19:53:45,949 | [INFO] : deepening layer 2/3: Linear(in_features=32, out_features=10, bias=True)
2023-12-15 19:53:45,949 | [DEBUG] : Model size was changed to 30200 parameters
2023-12-15 19:53:45,950 | [DEBUG] : Learning rate is now 0.010000
2023-12-15 19:53:55,698 | [INFO] : New learning rate: 0.009000000000000001
2023-12-15 19:53:57,468 | [DEBUG] : Current model size: 30200 parameters
2023-12-15 19:53:57,468 | [DEBUG] : Current training mode: increased
2023-12-15 19:53:57,469 | [INFO] : deepening layer 2/3: Linear(in_features=32, out_features=10, bias=True)
2023-12-15 19:53:57,470 | [DEBUG] : Model size was changed to 30310 parameters
2023-12-15 19:53:57,470 | [DEBUG] : Learning rate is now 0.010000
2023-12-15 19:54:07,440 | [INFO] : New learning rate: 0.009000000000000001
2023-12-15 19:54:09,141 | [DEBUG] : Current model size: 30310 parameters
2023-12-15 19:54:09,141 | [DEBUG] : Current training mode: increased
2023-12-15 19:54:09,141 | [INFO] : no layers were added
2023-12-15 19:54:09,141 | [DEBUG] : Model size was changed to 30310 parameters
2023-12-15 19:54:09,141 | [DEBUG] : Learning rate is now 0.010000
2023-12-15 19:54:18,951 | [INFO] : New learning rate: 0.009000000000000001
2023-12-15 19:54:20,710 | [DEBUG] : Current model size: 30310 parameters
2023-12-15 19:54:20,710 | [DEBUG] : Current training mode: increased
2023-12-15 19:54:20,710 | [INFO] : no layers were added
2023-12-15 19:54:20,711 | [DEBUG] : Model size was changed to 30310 parameters
2023-12-15 19:54:20,711 | [DEBUG] : Learning rate is now 0.010000
2023-12-15 19:54:30,539 | [INFO] : New learning rate: 0.009000000000000001
2023-12-15 19:54:32,235 | [DEBUG] : Current model size: 30310 parameters
2023-12-15 19:54:32,235 | [DEBUG] : Current training mode: increased
2023-12-15 19:54:32,236 | [INFO] : no layers were added
2023-12-15 19:54:32,236 | [DEBUG] : Model size was changed to 30310 parameters
2023-12-15 19:54:32,236 | [DEBUG] : Learning rate is now 0.010000
2023-12-15 19:54:42,199 | [INFO] : New learning rate: 0.009000000000000001
2023-12-15 19:54:43,993 | [DEBUG] : Current model size: 30310 parameters
2023-12-15 19:54:43,993 | [DEBUG] : Current training mode: increased
2023-12-15 19:54:43,993 | [INFO] : no layers were added
2023-12-15 19:54:43,993 | [DEBUG] : Model size was changed to 30310 parameters
2023-12-15 19:54:43,993 | [DEBUG] : Learning rate is now 0.010000
2023-12-15 19:54:53,999 | [INFO] : New learning rate: 0.009000000000000001
2023-12-15 19:54:55,702 | [DEBUG] : Current model size: 30310 parameters
2023-12-15 19:54:55,702 | [DEBUG] : Current training mode: increased
2023-12-15 19:54:55,702 | [INFO] : no layers were added
2023-12-15 19:54:55,702 | [DEBUG] : Model size was changed to 30310 parameters
2023-12-15 19:54:55,702 | [DEBUG] : Learning rate is now 0.010000
2023-12-15 19:55:05,621 | [INFO] : New learning rate: 0.009000000000000001
2023-12-15 19:55:07,334 | [DEBUG] : Current model size: 30310 parameters
2023-12-15 19:55:07,334 | [DEBUG] : Current training mode: increased
2023-12-15 19:55:07,334 | [INFO] : no layers were added
2023-12-15 19:55:07,335 | [DEBUG] : Model size was changed to 30310 parameters
2023-12-15 19:55:07,335 | [DEBUG] : Learning rate is now 0.010000
2023-12-15 19:55:17,258 | [INFO] : New learning rate: 0.009000000000000001
2023-12-15 19:55:18,960 | [DEBUG] : Current model size: 30310 parameters
2023-12-15 19:55:18,960 | [DEBUG] : Current training mode: increased
2023-12-15 19:55:18,960 | [INFO] : no layers were added
2023-12-15 19:55:18,961 | [DEBUG] : Model size was changed to 30310 parameters
2023-12-15 19:55:18,961 | [DEBUG] : Learning rate is now 0.010000
2023-12-15 19:55:29,015 | [INFO] : New learning rate: 0.009000000000000001
2023-12-15 19:55:30,778 | [DEBUG] : Current model size: 30310 parameters
2023-12-15 19:55:30,778 | [DEBUG] : Current training mode: increased
2023-12-15 19:55:30,778 | [INFO] : no layers were added
2023-12-15 19:55:30,778 | [DEBUG] : Model size was changed to 30310 parameters
2023-12-15 19:55:30,778 | [DEBUG] : Learning rate is now 0.010000
2023-12-15 19:55:40,955 | [INFO] : New learning rate: 0.009000000000000001
2023-12-15 19:55:42,647 | [DEBUG] : Current model size: 30310 parameters
2023-12-15 19:55:42,647 | [DEBUG] : Current training mode: increased
2023-12-15 19:55:42,647 | [INFO] : no layers were added
2023-12-15 19:55:42,648 | [DEBUG] : Model size was changed to 30310 parameters
2023-12-15 19:55:42,648 | [DEBUG] : Learning rate is now 0.010000
2023-12-15 19:55:52,800 | [INFO] : New learning rate: 0.009000000000000001
2023-12-15 19:55:54,490 | [DEBUG] : Current model size: 30310 parameters
2023-12-15 19:55:54,490 | [DEBUG] : Current training mode: increased
2023-12-15 19:55:54,490 | [INFO] : no layers were added
2023-12-15 19:55:54,491 | [DEBUG] : Model size was changed to 30310 parameters
2023-12-15 19:55:54,491 | [DEBUG] : Learning rate is now 0.010000
2023-12-15 19:56:04,246 | [INFO] : New learning rate: 0.009000000000000001
2023-12-15 19:56:05,941 | [DEBUG] : Current model size: 30310 parameters
2023-12-15 19:56:05,941 | [DEBUG] : Current training mode: increased
2023-12-15 19:56:05,941 | [INFO] : no layers were added
2023-12-15 19:56:05,941 | [DEBUG] : Model size was changed to 30310 parameters
2023-12-15 19:56:05,942 | [DEBUG] : Learning rate is now 0.010000
2023-12-15 19:56:15,755 | [INFO] : New learning rate: 0.009000000000000001
2023-12-15 19:56:17,456 | [DEBUG] : Current model size: 30310 parameters
2023-12-15 19:56:17,456 | [DEBUG] : Current training mode: increased
2023-12-15 19:56:17,456 | [INFO] : no layers were added
2023-12-15 19:56:17,457 | [DEBUG] : Model size was changed to 30310 parameters
2023-12-15 19:56:17,457 | [DEBUG] : Learning rate is now 0.010000
2023-12-15 19:56:27,580 | [INFO] : New learning rate: 0.009000000000000001
2023-12-15 19:56:29,266 | [DEBUG] : Current model size: 30310 parameters
2023-12-15 19:56:29,266 | [DEBUG] : Current training mode: increased
2023-12-15 19:56:29,266 | [INFO] : no layers were added
2023-12-15 19:56:29,267 | [DEBUG] : Model size was changed to 30310 parameters
2023-12-15 19:56:29,267 | [DEBUG] : Learning rate is now 0.010000
2023-12-15 19:56:39,261 | [INFO] : New learning rate: 0.009000000000000001
2023-12-15 19:56:41,017 | [DEBUG] : Current model size: 30310 parameters
2023-12-15 19:56:41,017 | [DEBUG] : Current training mode: increased
2023-12-15 19:56:41,017 | [INFO] : no layers were added
2023-12-15 19:56:41,018 | [DEBUG] : Model size was changed to 30310 parameters
2023-12-15 19:56:41,018 | [DEBUG] : Learning rate is now 0.010000
2023-12-15 19:56:50,974 | [INFO] : New learning rate: 0.009000000000000001
2023-12-15 19:56:52,685 | [DEBUG] : Current model size: 30310 parameters
2023-12-15 19:56:52,685 | [DEBUG] : Current training mode: increased
2023-12-15 19:56:52,685 | [INFO] : no layers were added
2023-12-15 19:56:52,685 | [DEBUG] : Model size was changed to 30310 parameters
2023-12-15 19:56:52,685 | [DEBUG] : Learning rate is now 0.010000
2023-12-15 19:56:54,572 | [INFO] : training has run out of time
2023-12-15 19:56:54,572 | [INFO] : training26 runtime (h:mm:ss): 0:03:21
2023-12-15 19:56:54,573 | [INFO] : training26 end time: 12/15/2023 07:56:54 PM
2023-12-15 19:56:54,573 | [INFO] : episode 27/64 finished, objective: None
