2023-12-15 18:59:58,996 | [INFO] : training10 start time: 12/15/2023 06:59:58 PM
2023-12-15 18:59:58,999 | [INFO] : Initialized model with weights: results/small_middle3/weights.pth
2023-12-15 18:59:58,999 | [DEBUG] : Current model size: 20778 parameters
2023-12-15 18:59:58,999 | [DEBUG] : Current training mode: initial
2023-12-15 18:59:59,013 | [INFO] : GPU allocation changing : going up
2023-12-15 18:59:59,015 | [DEBUG] : Current model size: 20778 parameters
2023-12-15 18:59:59,016 | [DEBUG] : Current training mode: increased
2023-12-15 18:59:59,017 | [INFO] : deepening layer 0/3: Conv2d(3, 64, kernel_size=(3, 3), stride=(1, 1))
2023-12-15 18:59:59,017 | [DEBUG] : Model size was changed to 57834 parameters
2023-12-15 18:59:59,017 | [DEBUG] : Learning rate is now 0.010000
2023-12-15 19:00:08,732 | [INFO] : New learning rate: 0.009000000000000001
2023-12-15 19:00:10,449 | [DEBUG] : Current model size: 57834 parameters
2023-12-15 19:00:10,449 | [DEBUG] : Current training mode: increased
2023-12-15 19:00:10,450 | [INFO] : deepening layer 2/3: Linear(in_features=32, out_features=10, bias=True)
2023-12-15 19:00:10,450 | [DEBUG] : Model size was changed to 57944 parameters
2023-12-15 19:00:10,450 | [DEBUG] : Learning rate is now 0.010000
2023-12-15 19:00:20,277 | [INFO] : New learning rate: 0.009000000000000001
2023-12-15 19:00:21,990 | [DEBUG] : Current model size: 57944 parameters
2023-12-15 19:00:21,990 | [DEBUG] : Current training mode: increased
2023-12-15 19:00:21,991 | [INFO] : deepening layer 2/3: Linear(in_features=32, out_features=10, bias=True)
2023-12-15 19:00:21,991 | [DEBUG] : Model size was changed to 58054 parameters
2023-12-15 19:00:21,991 | [DEBUG] : Learning rate is now 0.010000
2023-12-15 19:00:31,956 | [INFO] : New learning rate: 0.009000000000000001
2023-12-15 19:00:33,679 | [DEBUG] : Current model size: 58054 parameters
2023-12-15 19:00:33,679 | [DEBUG] : Current training mode: increased
2023-12-15 19:00:33,679 | [INFO] : no layers were added
2023-12-15 19:00:33,679 | [DEBUG] : Model size was changed to 58054 parameters
2023-12-15 19:00:33,680 | [DEBUG] : Learning rate is now 0.010000
2023-12-15 19:00:43,631 | [INFO] : New learning rate: 0.009000000000000001
2023-12-15 19:00:45,357 | [DEBUG] : Current model size: 58054 parameters
2023-12-15 19:00:45,357 | [DEBUG] : Current training mode: increased
2023-12-15 19:00:45,357 | [INFO] : no layers were added
2023-12-15 19:00:45,358 | [DEBUG] : Model size was changed to 58054 parameters
2023-12-15 19:00:45,358 | [DEBUG] : Learning rate is now 0.010000
2023-12-15 19:00:55,311 | [INFO] : New learning rate: 0.009000000000000001
2023-12-15 19:00:57,016 | [DEBUG] : Current model size: 58054 parameters
2023-12-15 19:00:57,016 | [DEBUG] : Current training mode: increased
2023-12-15 19:00:57,017 | [INFO] : no layers were added
2023-12-15 19:00:57,017 | [DEBUG] : Model size was changed to 58054 parameters
2023-12-15 19:00:57,017 | [DEBUG] : Learning rate is now 0.010000
2023-12-15 19:01:06,881 | [INFO] : New learning rate: 0.009000000000000001
2023-12-15 19:01:08,590 | [DEBUG] : Current model size: 58054 parameters
2023-12-15 19:01:08,591 | [DEBUG] : Current training mode: increased
2023-12-15 19:01:08,591 | [INFO] : no layers were added
2023-12-15 19:01:08,591 | [DEBUG] : Model size was changed to 58054 parameters
2023-12-15 19:01:08,591 | [DEBUG] : Learning rate is now 0.010000
2023-12-15 19:01:18,485 | [INFO] : New learning rate: 0.009000000000000001
2023-12-15 19:01:20,198 | [DEBUG] : Current model size: 58054 parameters
2023-12-15 19:01:20,198 | [DEBUG] : Current training mode: increased
2023-12-15 19:01:20,198 | [INFO] : no layers were added
2023-12-15 19:01:20,199 | [DEBUG] : Model size was changed to 58054 parameters
2023-12-15 19:01:20,199 | [DEBUG] : Learning rate is now 0.010000
2023-12-15 19:01:30,118 | [INFO] : New learning rate: 0.009000000000000001
2023-12-15 19:01:31,848 | [DEBUG] : Current model size: 58054 parameters
2023-12-15 19:01:31,848 | [DEBUG] : Current training mode: increased
2023-12-15 19:01:31,849 | [INFO] : no layers were added
2023-12-15 19:01:31,849 | [DEBUG] : Model size was changed to 58054 parameters
2023-12-15 19:01:31,849 | [DEBUG] : Learning rate is now 0.010000
2023-12-15 19:01:41,767 | [INFO] : New learning rate: 0.009000000000000001
2023-12-15 19:01:43,484 | [DEBUG] : Current model size: 58054 parameters
2023-12-15 19:01:43,484 | [DEBUG] : Current training mode: increased
2023-12-15 19:01:43,485 | [INFO] : no layers were added
2023-12-15 19:01:43,485 | [DEBUG] : Model size was changed to 58054 parameters
2023-12-15 19:01:43,485 | [DEBUG] : Learning rate is now 0.010000
2023-12-15 19:01:53,426 | [INFO] : New learning rate: 0.009000000000000001
2023-12-15 19:01:55,144 | [DEBUG] : Current model size: 58054 parameters
2023-12-15 19:01:55,145 | [DEBUG] : Current training mode: increased
2023-12-15 19:01:55,145 | [INFO] : no layers were added
2023-12-15 19:01:55,145 | [DEBUG] : Model size was changed to 58054 parameters
2023-12-15 19:01:55,145 | [DEBUG] : Learning rate is now 0.010000
2023-12-15 19:02:05,157 | [INFO] : New learning rate: 0.009000000000000001
2023-12-15 19:02:06,918 | [DEBUG] : Current model size: 58054 parameters
2023-12-15 19:02:06,919 | [DEBUG] : Current training mode: increased
2023-12-15 19:02:06,919 | [INFO] : no layers were added
2023-12-15 19:02:06,919 | [DEBUG] : Model size was changed to 58054 parameters
2023-12-15 19:02:06,919 | [DEBUG] : Learning rate is now 0.010000
2023-12-15 19:02:16,874 | [INFO] : New learning rate: 0.009000000000000001
2023-12-15 19:02:18,582 | [DEBUG] : Current model size: 58054 parameters
2023-12-15 19:02:18,582 | [DEBUG] : Current training mode: increased
2023-12-15 19:02:18,582 | [INFO] : no layers were added
2023-12-15 19:02:18,582 | [DEBUG] : Model size was changed to 58054 parameters
2023-12-15 19:02:18,582 | [DEBUG] : Learning rate is now 0.010000
2023-12-15 19:02:28,467 | [INFO] : New learning rate: 0.009000000000000001
2023-12-15 19:02:30,177 | [DEBUG] : Current model size: 58054 parameters
2023-12-15 19:02:30,177 | [DEBUG] : Current training mode: increased
2023-12-15 19:02:30,177 | [INFO] : no layers were added
2023-12-15 19:02:30,178 | [DEBUG] : Model size was changed to 58054 parameters
2023-12-15 19:02:30,178 | [DEBUG] : Learning rate is now 0.010000
2023-12-15 19:02:40,212 | [INFO] : New learning rate: 0.009000000000000001
2023-12-15 19:02:41,949 | [DEBUG] : Current model size: 58054 parameters
2023-12-15 19:02:41,949 | [DEBUG] : Current training mode: increased
2023-12-15 19:02:41,949 | [INFO] : no layers were added
2023-12-15 19:02:41,950 | [DEBUG] : Model size was changed to 58054 parameters
2023-12-15 19:02:41,950 | [DEBUG] : Learning rate is now 0.010000
2023-12-15 19:02:51,874 | [INFO] : New learning rate: 0.009000000000000001
2023-12-15 19:02:53,601 | [DEBUG] : Current model size: 58054 parameters
2023-12-15 19:02:53,602 | [DEBUG] : Current training mode: increased
2023-12-15 19:02:53,602 | [INFO] : no layers were added
2023-12-15 19:02:53,602 | [DEBUG] : Model size was changed to 58054 parameters
2023-12-15 19:02:53,602 | [DEBUG] : Learning rate is now 0.010000
2023-12-15 19:03:03,671 | [INFO] : New learning rate: 0.009000000000000001
2023-12-15 19:03:05,478 | [DEBUG] : Current model size: 58054 parameters
2023-12-15 19:03:05,478 | [DEBUG] : Current training mode: increased
2023-12-15 19:03:05,478 | [INFO] : no layers were added
2023-12-15 19:03:05,479 | [DEBUG] : Model size was changed to 58054 parameters
2023-12-15 19:03:05,479 | [DEBUG] : Learning rate is now 0.010000
2023-12-15 19:03:15,547 | [INFO] : New learning rate: 0.009000000000000001
2023-12-15 19:03:17,353 | [DEBUG] : Current model size: 58054 parameters
2023-12-15 19:03:17,353 | [DEBUG] : Current training mode: increased
2023-12-15 19:03:17,354 | [INFO] : no layers were added
2023-12-15 19:03:17,354 | [DEBUG] : Model size was changed to 58054 parameters
2023-12-15 19:03:17,354 | [DEBUG] : Learning rate is now 0.010000
2023-12-15 19:03:19,009 | [INFO] : training has run out of time
2023-12-15 19:03:19,010 | [INFO] : training10 runtime (h:mm:ss): 0:03:21
2023-12-15 19:03:19,010 | [INFO] : training10 end time: 12/15/2023 07:03:19 PM
2023-12-15 19:03:19,010 | [INFO] : episode 11/64 finished, objective: None
