2023-12-15 02:51:47,983 | [INFO] : training21 start time: 12/15/2023 02:51:47 AM
2023-12-15 02:51:47,987 | [INFO] : Initialized model with weights: results/small_early2/weights.pth
2023-12-15 02:51:47,987 | [DEBUG] : Current model size: 10602 parameters
2023-12-15 02:51:47,987 | [DEBUG] : Current training mode: initial
2023-12-15 02:51:48,004 | [INFO] : GPU allocation changing : going up
2023-12-15 02:51:48,007 | [DEBUG] : Current model size: 10602 parameters
2023-12-15 02:51:48,007 | [DEBUG] : Current training mode: increased
2023-12-15 02:51:48,009 | [INFO] : deepening layer 1/3: Conv2d(32, 32, kernel_size=(3, 3), stride=(1, 1))
2023-12-15 02:51:48,009 | [DEBUG] : Model size was changed to 19914 parameters
2023-12-15 02:51:48,009 | [DEBUG] : Learning rate is now 0.010000
2023-12-15 02:51:58,003 | [INFO] : New learning rate: 0.009000000000000001
2023-12-15 02:52:00,021 | [DEBUG] : Current model size: 19914 parameters
2023-12-15 02:52:00,021 | [DEBUG] : Current training mode: increased
2023-12-15 02:52:00,023 | [INFO] : deepening layer 1/3: Conv2d(32, 32, kernel_size=(3, 3), stride=(1, 1))
2023-12-15 02:52:00,023 | [DEBUG] : Model size was changed to 29226 parameters
2023-12-15 02:52:00,023 | [DEBUG] : Learning rate is now 0.010000
2023-12-15 02:52:10,147 | [INFO] : New learning rate: 0.009000000000000001
2023-12-15 02:52:12,121 | [DEBUG] : Current model size: 29226 parameters
2023-12-15 02:52:12,121 | [DEBUG] : Current training mode: increased
2023-12-15 02:52:12,123 | [INFO] : deepening layer 1/3: Conv2d(32, 32, kernel_size=(3, 3), stride=(1, 1))
2023-12-15 02:52:12,123 | [DEBUG] : Model size was changed to 38538 parameters
2023-12-15 02:52:12,123 | [DEBUG] : Learning rate is now 0.010000
2023-12-15 02:52:22,670 | [INFO] : New learning rate: 0.009000000000000001
2023-12-15 02:52:24,666 | [DEBUG] : Current model size: 38538 parameters
2023-12-15 02:52:24,666 | [DEBUG] : Current training mode: increased
2023-12-15 02:52:24,666 | [INFO] : no layers were added
2023-12-15 02:52:24,667 | [DEBUG] : Model size was changed to 38538 parameters
2023-12-15 02:52:24,667 | [DEBUG] : Learning rate is now 0.010000
2023-12-15 02:52:35,104 | [INFO] : New learning rate: 0.009000000000000001
2023-12-15 02:52:37,072 | [DEBUG] : Current model size: 38538 parameters
2023-12-15 02:52:37,072 | [DEBUG] : Current training mode: increased
2023-12-15 02:52:37,072 | [INFO] : no layers were added
2023-12-15 02:52:37,073 | [DEBUG] : Model size was changed to 38538 parameters
2023-12-15 02:52:37,073 | [DEBUG] : Learning rate is now 0.010000
2023-12-15 02:52:47,504 | [INFO] : New learning rate: 0.009000000000000001
2023-12-15 02:52:49,345 | [DEBUG] : Current model size: 38538 parameters
2023-12-15 02:52:49,345 | [DEBUG] : Current training mode: increased
2023-12-15 02:52:49,345 | [INFO] : no layers were added
2023-12-15 02:52:49,346 | [DEBUG] : Model size was changed to 38538 parameters
2023-12-15 02:52:49,346 | [DEBUG] : Learning rate is now 0.010000
2023-12-15 02:53:00,053 | [INFO] : New learning rate: 0.009000000000000001
2023-12-15 02:53:02,074 | [DEBUG] : Current model size: 38538 parameters
2023-12-15 02:53:02,074 | [DEBUG] : Current training mode: increased
2023-12-15 02:53:02,075 | [INFO] : no layers were added
2023-12-15 02:53:02,075 | [DEBUG] : Model size was changed to 38538 parameters
2023-12-15 02:53:02,075 | [DEBUG] : Learning rate is now 0.010000
2023-12-15 02:53:12,619 | [INFO] : New learning rate: 0.009000000000000001
2023-12-15 02:53:14,654 | [DEBUG] : Current model size: 38538 parameters
2023-12-15 02:53:14,655 | [DEBUG] : Current training mode: increased
2023-12-15 02:53:14,655 | [INFO] : no layers were added
2023-12-15 02:53:14,655 | [DEBUG] : Model size was changed to 38538 parameters
2023-12-15 02:53:14,655 | [DEBUG] : Learning rate is now 0.010000
2023-12-15 02:53:25,052 | [INFO] : New learning rate: 0.009000000000000001
2023-12-15 02:53:26,890 | [DEBUG] : Current model size: 38538 parameters
2023-12-15 02:53:26,890 | [DEBUG] : Current training mode: increased
2023-12-15 02:53:26,890 | [INFO] : no layers were added
2023-12-15 02:53:26,891 | [DEBUG] : Model size was changed to 38538 parameters
2023-12-15 02:53:26,891 | [DEBUG] : Learning rate is now 0.010000
2023-12-15 02:53:37,261 | [INFO] : New learning rate: 0.009000000000000001
2023-12-15 02:53:39,069 | [DEBUG] : Current model size: 38538 parameters
2023-12-15 02:53:39,069 | [DEBUG] : Current training mode: increased
2023-12-15 02:53:39,069 | [INFO] : no layers were added
2023-12-15 02:53:39,070 | [DEBUG] : Model size was changed to 38538 parameters
2023-12-15 02:53:39,070 | [DEBUG] : Learning rate is now 0.010000
2023-12-15 02:53:49,494 | [INFO] : New learning rate: 0.009000000000000001
2023-12-15 02:53:51,291 | [DEBUG] : Current model size: 38538 parameters
2023-12-15 02:53:51,291 | [DEBUG] : Current training mode: increased
2023-12-15 02:53:51,291 | [INFO] : no layers were added
2023-12-15 02:53:51,292 | [DEBUG] : Model size was changed to 38538 parameters
2023-12-15 02:53:51,292 | [DEBUG] : Learning rate is now 0.010000
2023-12-15 02:54:01,719 | [INFO] : New learning rate: 0.009000000000000001
2023-12-15 02:54:03,762 | [DEBUG] : Current model size: 38538 parameters
2023-12-15 02:54:03,762 | [DEBUG] : Current training mode: increased
2023-12-15 02:54:03,762 | [INFO] : no layers were added
2023-12-15 02:54:03,763 | [DEBUG] : Model size was changed to 38538 parameters
2023-12-15 02:54:03,763 | [DEBUG] : Learning rate is now 0.010000
2023-12-15 02:54:14,229 | [INFO] : New learning rate: 0.009000000000000001
2023-12-15 02:54:16,059 | [DEBUG] : Current model size: 38538 parameters
2023-12-15 02:54:16,059 | [DEBUG] : Current training mode: increased
2023-12-15 02:54:16,060 | [INFO] : no layers were added
2023-12-15 02:54:16,060 | [DEBUG] : Model size was changed to 38538 parameters
2023-12-15 02:54:16,060 | [DEBUG] : Learning rate is now 0.010000
2023-12-15 02:54:26,533 | [INFO] : New learning rate: 0.009000000000000001
2023-12-15 02:54:28,467 | [DEBUG] : Current model size: 38538 parameters
2023-12-15 02:54:28,467 | [DEBUG] : Current training mode: increased
2023-12-15 02:54:28,467 | [INFO] : no layers were added
2023-12-15 02:54:28,467 | [DEBUG] : Model size was changed to 38538 parameters
2023-12-15 02:54:28,467 | [DEBUG] : Learning rate is now 0.010000
2023-12-15 02:54:38,951 | [INFO] : New learning rate: 0.009000000000000001
2023-12-15 02:54:40,816 | [DEBUG] : Current model size: 38538 parameters
2023-12-15 02:54:40,816 | [DEBUG] : Current training mode: increased
2023-12-15 02:54:40,817 | [INFO] : no layers were added
2023-12-15 02:54:40,817 | [DEBUG] : Model size was changed to 38538 parameters
2023-12-15 02:54:40,817 | [DEBUG] : Learning rate is now 0.010000
2023-12-15 02:54:51,442 | [INFO] : New learning rate: 0.009000000000000001
2023-12-15 02:54:53,282 | [DEBUG] : Current model size: 38538 parameters
2023-12-15 02:54:53,282 | [DEBUG] : Current training mode: increased
2023-12-15 02:54:53,282 | [INFO] : no layers were added
2023-12-15 02:54:53,283 | [DEBUG] : Model size was changed to 38538 parameters
2023-12-15 02:54:53,283 | [DEBUG] : Learning rate is now 0.010000
2023-12-15 02:55:03,790 | [INFO] : New learning rate: 0.009000000000000001
2023-12-15 02:55:05,588 | [DEBUG] : Current model size: 38538 parameters
2023-12-15 02:55:05,588 | [DEBUG] : Current training mode: increased
2023-12-15 02:55:05,589 | [INFO] : no layers were added
2023-12-15 02:55:05,589 | [DEBUG] : Model size was changed to 38538 parameters
2023-12-15 02:55:05,589 | [DEBUG] : Learning rate is now 0.010000
2023-12-15 02:55:16,031 | [INFO] : New learning rate: 0.009000000000000001
2023-12-15 02:55:17,854 | [DEBUG] : Current model size: 38538 parameters
2023-12-15 02:55:17,854 | [DEBUG] : Current training mode: increased
2023-12-15 02:55:17,854 | [INFO] : no layers were added
2023-12-15 02:55:17,855 | [DEBUG] : Model size was changed to 38538 parameters
2023-12-15 02:55:17,855 | [DEBUG] : Learning rate is now 0.010000
2023-12-15 02:55:28,281 | [INFO] : New learning rate: 0.009000000000000001
2023-12-15 02:55:30,060 | [DEBUG] : Current model size: 38538 parameters
2023-12-15 02:55:30,060 | [DEBUG] : Current training mode: increased
2023-12-15 02:55:30,060 | [INFO] : no layers were added
2023-12-15 02:55:30,060 | [DEBUG] : Model size was changed to 38538 parameters
2023-12-15 02:55:30,061 | [DEBUG] : Learning rate is now 0.010000
2023-12-15 02:55:40,485 | [INFO] : New learning rate: 0.009000000000000001
2023-12-15 02:55:42,302 | [DEBUG] : Current model size: 38538 parameters
2023-12-15 02:55:42,302 | [DEBUG] : Current training mode: increased
2023-12-15 02:55:42,303 | [INFO] : no layers were added
2023-12-15 02:55:42,303 | [DEBUG] : Model size was changed to 38538 parameters
2023-12-15 02:55:42,303 | [DEBUG] : Learning rate is now 0.010000
2023-12-15 02:55:52,892 | [INFO] : New learning rate: 0.009000000000000001
2023-12-15 02:55:54,794 | [DEBUG] : Current model size: 38538 parameters
2023-12-15 02:55:54,794 | [DEBUG] : Current training mode: increased
2023-12-15 02:55:54,795 | [INFO] : no layers were added
2023-12-15 02:55:54,795 | [DEBUG] : Model size was changed to 38538 parameters
2023-12-15 02:55:54,795 | [DEBUG] : Learning rate is now 0.010000
2023-12-15 02:56:05,262 | [INFO] : New learning rate: 0.009000000000000001
2023-12-15 02:56:07,112 | [DEBUG] : Current model size: 38538 parameters
2023-12-15 02:56:07,112 | [DEBUG] : Current training mode: increased
2023-12-15 02:56:07,112 | [INFO] : no layers were added
2023-12-15 02:56:07,112 | [DEBUG] : Model size was changed to 38538 parameters
2023-12-15 02:56:07,112 | [DEBUG] : Learning rate is now 0.010000
2023-12-15 02:56:17,516 | [INFO] : New learning rate: 0.009000000000000001
2023-12-15 02:56:19,356 | [DEBUG] : Current model size: 38538 parameters
2023-12-15 02:56:19,356 | [DEBUG] : Current training mode: increased
2023-12-15 02:56:19,356 | [INFO] : no layers were added
2023-12-15 02:56:19,357 | [DEBUG] : Model size was changed to 38538 parameters
2023-12-15 02:56:19,357 | [DEBUG] : Learning rate is now 0.010000
2023-12-15 02:56:29,869 | [INFO] : New learning rate: 0.009000000000000001
2023-12-15 02:56:31,685 | [DEBUG] : Current model size: 38538 parameters
2023-12-15 02:56:31,685 | [DEBUG] : Current training mode: increased
2023-12-15 02:56:31,685 | [INFO] : no layers were added
2023-12-15 02:56:31,685 | [DEBUG] : Model size was changed to 38538 parameters
2023-12-15 02:56:31,685 | [DEBUG] : Learning rate is now 0.010000
2023-12-15 02:56:42,207 | [INFO] : New learning rate: 0.009000000000000001
2023-12-15 02:56:44,077 | [DEBUG] : Current model size: 38538 parameters
2023-12-15 02:56:44,077 | [DEBUG] : Current training mode: increased
2023-12-15 02:56:44,077 | [INFO] : no layers were added
2023-12-15 02:56:44,078 | [DEBUG] : Model size was changed to 38538 parameters
2023-12-15 02:56:44,078 | [DEBUG] : Learning rate is now 0.010000
2023-12-15 02:56:54,664 | [INFO] : New learning rate: 0.009000000000000001
2023-12-15 02:56:56,586 | [DEBUG] : Current model size: 38538 parameters
2023-12-15 02:56:56,586 | [DEBUG] : Current training mode: increased
2023-12-15 02:56:56,586 | [INFO] : no layers were added
2023-12-15 02:56:56,587 | [DEBUG] : Model size was changed to 38538 parameters
2023-12-15 02:56:56,587 | [DEBUG] : Learning rate is now 0.010000
2023-12-15 02:57:06,900 | [INFO] : New learning rate: 0.009000000000000001
2023-12-15 02:57:08,695 | [DEBUG] : Current model size: 38538 parameters
2023-12-15 02:57:08,695 | [DEBUG] : Current training mode: increased
2023-12-15 02:57:08,695 | [INFO] : no layers were added
2023-12-15 02:57:08,696 | [DEBUG] : Model size was changed to 38538 parameters
2023-12-15 02:57:08,696 | [DEBUG] : Learning rate is now 0.010000
2023-12-15 02:57:17,995 | [INFO] : training has run out of time
2023-12-15 02:57:17,996 | [INFO] : training21 runtime (h:mm:ss): 0:05:31
2023-12-15 02:57:17,996 | [INFO] : training21 end time: 12/15/2023 02:57:17 AM
2023-12-15 02:57:17,996 | [INFO] : episode 22/64 finished, objective: None
