2023-12-15 02:57:18,706 | [INFO] : training22 start time: 12/15/2023 02:57:18 AM
2023-12-15 02:57:18,709 | [INFO] : Initialized model with weights: results/small_early2/weights.pth
2023-12-15 02:57:18,709 | [DEBUG] : Current model size: 10602 parameters
2023-12-15 02:57:18,709 | [DEBUG] : Current training mode: initial
2023-12-15 02:57:18,728 | [INFO] : GPU allocation changing : going up
2023-12-15 02:57:18,730 | [DEBUG] : Current model size: 10602 parameters
2023-12-15 02:57:18,730 | [DEBUG] : Current training mode: increased
2023-12-15 02:57:18,732 | [INFO] : deepening layer 1/3: Conv2d(32, 32, kernel_size=(3, 3), stride=(1, 1))
2023-12-15 02:57:18,732 | [DEBUG] : Model size was changed to 19914 parameters
2023-12-15 02:57:18,732 | [DEBUG] : Learning rate is now 0.010000
2023-12-15 02:57:28,628 | [INFO] : New learning rate: 0.009000000000000001
2023-12-15 02:57:30,380 | [DEBUG] : Current model size: 19914 parameters
2023-12-15 02:57:30,380 | [DEBUG] : Current training mode: increased
2023-12-15 02:57:30,381 | [INFO] : deepening layer 1/3: Conv2d(32, 32, kernel_size=(3, 3), stride=(1, 1))
2023-12-15 02:57:30,382 | [DEBUG] : Model size was changed to 29226 parameters
2023-12-15 02:57:30,382 | [DEBUG] : Learning rate is now 0.010000
2023-12-15 02:57:40,425 | [INFO] : New learning rate: 0.009000000000000001
2023-12-15 02:57:42,228 | [DEBUG] : Current model size: 29226 parameters
2023-12-15 02:57:42,228 | [DEBUG] : Current training mode: increased
2023-12-15 02:57:42,229 | [INFO] : deepening layer 2/3: Linear(in_features=32, out_features=10, bias=True)
2023-12-15 02:57:42,230 | [DEBUG] : Model size was changed to 29336 parameters
2023-12-15 02:57:42,230 | [DEBUG] : Learning rate is now 0.010000
2023-12-15 02:57:52,407 | [INFO] : New learning rate: 0.009000000000000001
2023-12-15 02:57:54,178 | [DEBUG] : Current model size: 29336 parameters
2023-12-15 02:57:54,178 | [DEBUG] : Current training mode: increased
2023-12-15 02:57:54,178 | [INFO] : no layers were added
2023-12-15 02:57:54,179 | [DEBUG] : Model size was changed to 29336 parameters
2023-12-15 02:57:54,179 | [DEBUG] : Learning rate is now 0.010000
2023-12-15 02:58:04,182 | [INFO] : New learning rate: 0.009000000000000001
2023-12-15 02:58:06,031 | [DEBUG] : Current model size: 29336 parameters
2023-12-15 02:58:06,031 | [DEBUG] : Current training mode: increased
2023-12-15 02:58:06,031 | [INFO] : no layers were added
2023-12-15 02:58:06,032 | [DEBUG] : Model size was changed to 29336 parameters
2023-12-15 02:58:06,032 | [DEBUG] : Learning rate is now 0.010000
2023-12-15 02:58:16,256 | [INFO] : New learning rate: 0.009000000000000001
2023-12-15 02:58:18,066 | [DEBUG] : Current model size: 29336 parameters
2023-12-15 02:58:18,066 | [DEBUG] : Current training mode: increased
2023-12-15 02:58:18,066 | [INFO] : no layers were added
2023-12-15 02:58:18,067 | [DEBUG] : Model size was changed to 29336 parameters
2023-12-15 02:58:18,067 | [DEBUG] : Learning rate is now 0.010000
2023-12-15 02:58:28,161 | [INFO] : New learning rate: 0.009000000000000001
2023-12-15 02:58:29,952 | [DEBUG] : Current model size: 29336 parameters
2023-12-15 02:58:29,952 | [DEBUG] : Current training mode: increased
2023-12-15 02:58:29,952 | [INFO] : no layers were added
2023-12-15 02:58:29,952 | [DEBUG] : Model size was changed to 29336 parameters
2023-12-15 02:58:29,952 | [DEBUG] : Learning rate is now 0.010000
2023-12-15 02:58:40,249 | [INFO] : New learning rate: 0.009000000000000001
2023-12-15 02:58:42,010 | [DEBUG] : Current model size: 29336 parameters
2023-12-15 02:58:42,010 | [DEBUG] : Current training mode: increased
2023-12-15 02:58:42,010 | [INFO] : no layers were added
2023-12-15 02:58:42,011 | [DEBUG] : Model size was changed to 29336 parameters
2023-12-15 02:58:42,011 | [DEBUG] : Learning rate is now 0.010000
2023-12-15 02:58:52,180 | [INFO] : New learning rate: 0.009000000000000001
2023-12-15 02:58:54,081 | [DEBUG] : Current model size: 29336 parameters
2023-12-15 02:58:54,081 | [DEBUG] : Current training mode: increased
2023-12-15 02:58:54,081 | [INFO] : no layers were added
2023-12-15 02:58:54,082 | [DEBUG] : Model size was changed to 29336 parameters
2023-12-15 02:58:54,082 | [DEBUG] : Learning rate is now 0.010000
2023-12-15 02:59:04,304 | [INFO] : New learning rate: 0.009000000000000001
2023-12-15 02:59:06,083 | [DEBUG] : Current model size: 29336 parameters
2023-12-15 02:59:06,083 | [DEBUG] : Current training mode: increased
2023-12-15 02:59:06,084 | [INFO] : no layers were added
2023-12-15 02:59:06,084 | [DEBUG] : Model size was changed to 29336 parameters
2023-12-15 02:59:06,084 | [DEBUG] : Learning rate is now 0.010000
2023-12-15 02:59:16,210 | [INFO] : New learning rate: 0.009000000000000001
2023-12-15 02:59:18,009 | [DEBUG] : Current model size: 29336 parameters
2023-12-15 02:59:18,009 | [DEBUG] : Current training mode: increased
2023-12-15 02:59:18,009 | [INFO] : no layers were added
2023-12-15 02:59:18,010 | [DEBUG] : Model size was changed to 29336 parameters
2023-12-15 02:59:18,010 | [DEBUG] : Learning rate is now 0.010000
2023-12-15 02:59:28,120 | [INFO] : New learning rate: 0.009000000000000001
2023-12-15 02:59:29,892 | [DEBUG] : Current model size: 29336 parameters
2023-12-15 02:59:29,892 | [DEBUG] : Current training mode: increased
2023-12-15 02:59:29,892 | [INFO] : no layers were added
2023-12-15 02:59:29,893 | [DEBUG] : Model size was changed to 29336 parameters
2023-12-15 02:59:29,893 | [DEBUG] : Learning rate is now 0.010000
2023-12-15 02:59:40,091 | [INFO] : New learning rate: 0.009000000000000001
2023-12-15 02:59:41,915 | [DEBUG] : Current model size: 29336 parameters
2023-12-15 02:59:41,915 | [DEBUG] : Current training mode: increased
2023-12-15 02:59:41,916 | [INFO] : no layers were added
2023-12-15 02:59:41,916 | [DEBUG] : Model size was changed to 29336 parameters
2023-12-15 02:59:41,916 | [DEBUG] : Learning rate is now 0.010000
2023-12-15 02:59:52,292 | [INFO] : New learning rate: 0.009000000000000001
2023-12-15 02:59:54,118 | [DEBUG] : Current model size: 29336 parameters
2023-12-15 02:59:54,118 | [DEBUG] : Current training mode: increased
2023-12-15 02:59:54,118 | [INFO] : no layers were added
2023-12-15 02:59:54,119 | [DEBUG] : Model size was changed to 29336 parameters
2023-12-15 02:59:54,119 | [DEBUG] : Learning rate is now 0.010000
2023-12-15 03:00:04,568 | [INFO] : New learning rate: 0.009000000000000001
2023-12-15 03:00:06,365 | [DEBUG] : Current model size: 29336 parameters
2023-12-15 03:00:06,365 | [DEBUG] : Current training mode: increased
2023-12-15 03:00:06,365 | [INFO] : no layers were added
2023-12-15 03:00:06,366 | [DEBUG] : Model size was changed to 29336 parameters
2023-12-15 03:00:06,366 | [DEBUG] : Learning rate is now 0.010000
2023-12-15 03:00:16,661 | [INFO] : New learning rate: 0.009000000000000001
2023-12-15 03:00:18,470 | [DEBUG] : Current model size: 29336 parameters
2023-12-15 03:00:18,471 | [DEBUG] : Current training mode: increased
2023-12-15 03:00:18,471 | [INFO] : no layers were added
2023-12-15 03:00:18,471 | [DEBUG] : Model size was changed to 29336 parameters
2023-12-15 03:00:18,471 | [DEBUG] : Learning rate is now 0.010000
2023-12-15 03:00:28,593 | [INFO] : New learning rate: 0.009000000000000001
2023-12-15 03:00:30,539 | [DEBUG] : Current model size: 29336 parameters
2023-12-15 03:00:30,539 | [DEBUG] : Current training mode: increased
2023-12-15 03:00:30,539 | [INFO] : no layers were added
2023-12-15 03:00:30,540 | [DEBUG] : Model size was changed to 29336 parameters
2023-12-15 03:00:30,540 | [DEBUG] : Learning rate is now 0.010000
2023-12-15 03:00:40,786 | [INFO] : New learning rate: 0.009000000000000001
2023-12-15 03:00:42,544 | [DEBUG] : Current model size: 29336 parameters
2023-12-15 03:00:42,544 | [DEBUG] : Current training mode: increased
2023-12-15 03:00:42,544 | [INFO] : no layers were added
2023-12-15 03:00:42,545 | [DEBUG] : Model size was changed to 29336 parameters
2023-12-15 03:00:42,545 | [DEBUG] : Learning rate is now 0.010000
2023-12-15 03:00:52,789 | [INFO] : New learning rate: 0.009000000000000001
2023-12-15 03:00:54,565 | [DEBUG] : Current model size: 29336 parameters
2023-12-15 03:00:54,565 | [DEBUG] : Current training mode: increased
2023-12-15 03:00:54,566 | [INFO] : no layers were added
2023-12-15 03:00:54,566 | [DEBUG] : Model size was changed to 29336 parameters
2023-12-15 03:00:54,566 | [DEBUG] : Learning rate is now 0.010000
2023-12-15 03:01:04,668 | [INFO] : New learning rate: 0.009000000000000001
2023-12-15 03:01:06,549 | [DEBUG] : Current model size: 29336 parameters
2023-12-15 03:01:06,550 | [DEBUG] : Current training mode: increased
2023-12-15 03:01:06,550 | [INFO] : no layers were added
2023-12-15 03:01:06,550 | [DEBUG] : Model size was changed to 29336 parameters
2023-12-15 03:01:06,550 | [DEBUG] : Learning rate is now 0.010000
2023-12-15 03:01:17,116 | [INFO] : New learning rate: 0.009000000000000001
2023-12-15 03:01:19,094 | [DEBUG] : Current model size: 29336 parameters
2023-12-15 03:01:19,094 | [DEBUG] : Current training mode: increased
2023-12-15 03:01:19,094 | [INFO] : no layers were added
2023-12-15 03:01:19,095 | [DEBUG] : Model size was changed to 29336 parameters
2023-12-15 03:01:19,095 | [DEBUG] : Learning rate is now 0.010000
2023-12-15 03:01:29,477 | [INFO] : New learning rate: 0.009000000000000001
2023-12-15 03:01:31,272 | [DEBUG] : Current model size: 29336 parameters
2023-12-15 03:01:31,272 | [DEBUG] : Current training mode: increased
2023-12-15 03:01:31,272 | [INFO] : no layers were added
2023-12-15 03:01:31,273 | [DEBUG] : Model size was changed to 29336 parameters
2023-12-15 03:01:31,273 | [DEBUG] : Learning rate is now 0.010000
2023-12-15 03:01:41,617 | [INFO] : New learning rate: 0.009000000000000001
2023-12-15 03:01:43,398 | [DEBUG] : Current model size: 29336 parameters
2023-12-15 03:01:43,398 | [DEBUG] : Current training mode: increased
2023-12-15 03:01:43,398 | [INFO] : no layers were added
2023-12-15 03:01:43,398 | [DEBUG] : Model size was changed to 29336 parameters
2023-12-15 03:01:43,399 | [DEBUG] : Learning rate is now 0.010000
2023-12-15 03:01:53,757 | [INFO] : New learning rate: 0.009000000000000001
2023-12-15 03:01:55,616 | [DEBUG] : Current model size: 29336 parameters
2023-12-15 03:01:55,616 | [DEBUG] : Current training mode: increased
2023-12-15 03:01:55,616 | [INFO] : no layers were added
2023-12-15 03:01:55,617 | [DEBUG] : Model size was changed to 29336 parameters
2023-12-15 03:01:55,617 | [DEBUG] : Learning rate is now 0.010000
2023-12-15 03:02:06,026 | [INFO] : New learning rate: 0.009000000000000001
2023-12-15 03:02:07,847 | [DEBUG] : Current model size: 29336 parameters
2023-12-15 03:02:07,847 | [DEBUG] : Current training mode: increased
2023-12-15 03:02:07,847 | [INFO] : no layers were added
2023-12-15 03:02:07,848 | [DEBUG] : Model size was changed to 29336 parameters
2023-12-15 03:02:07,848 | [DEBUG] : Learning rate is now 0.010000
2023-12-15 03:02:18,088 | [INFO] : New learning rate: 0.009000000000000001
2023-12-15 03:02:19,897 | [DEBUG] : Current model size: 29336 parameters
2023-12-15 03:02:19,897 | [DEBUG] : Current training mode: increased
2023-12-15 03:02:19,898 | [INFO] : no layers were added
2023-12-15 03:02:19,898 | [DEBUG] : Model size was changed to 29336 parameters
2023-12-15 03:02:19,898 | [DEBUG] : Learning rate is now 0.010000
2023-12-15 03:02:29,938 | [INFO] : New learning rate: 0.009000000000000001
2023-12-15 03:02:31,716 | [DEBUG] : Current model size: 29336 parameters
2023-12-15 03:02:31,716 | [DEBUG] : Current training mode: increased
2023-12-15 03:02:31,717 | [INFO] : no layers were added
2023-12-15 03:02:31,717 | [DEBUG] : Model size was changed to 29336 parameters
2023-12-15 03:02:31,717 | [DEBUG] : Learning rate is now 0.010000
2023-12-15 03:02:42,050 | [INFO] : New learning rate: 0.009000000000000001
2023-12-15 03:02:43,837 | [DEBUG] : Current model size: 29336 parameters
2023-12-15 03:02:43,837 | [DEBUG] : Current training mode: increased
2023-12-15 03:02:43,837 | [INFO] : no layers were added
2023-12-15 03:02:43,837 | [DEBUG] : Model size was changed to 29336 parameters
2023-12-15 03:02:43,837 | [DEBUG] : Learning rate is now 0.010000
2023-12-15 03:02:48,714 | [INFO] : training has run out of time
2023-12-15 03:02:48,715 | [INFO] : training22 runtime (h:mm:ss): 0:05:31
2023-12-15 03:02:48,716 | [INFO] : training22 end time: 12/15/2023 03:02:48 AM
2023-12-15 03:02:48,716 | [INFO] : episode 23/64 finished, objective: None
