2023-12-15 06:26:54,002 | [INFO] : training60 start time: 12/15/2023 06:26:54 AM
2023-12-15 06:26:54,005 | [INFO] : Initialized model with weights: results/small_early2/weights.pth
2023-12-15 06:26:54,005 | [DEBUG] : Current model size: 10602 parameters
2023-12-15 06:26:54,005 | [DEBUG] : Current training mode: initial
2023-12-15 06:26:54,019 | [INFO] : GPU allocation changing : going up
2023-12-15 06:26:54,022 | [DEBUG] : Current model size: 10602 parameters
2023-12-15 06:26:54,022 | [DEBUG] : Current training mode: increased
2023-12-15 06:26:54,022 | [INFO] : no layers were added
2023-12-15 06:26:54,022 | [DEBUG] : Model size was changed to 10602 parameters
2023-12-15 06:26:54,022 | [DEBUG] : Learning rate is now 0.010000
2023-12-15 06:27:03,450 | [INFO] : New learning rate: 0.009000000000000001
2023-12-15 06:27:05,113 | [DEBUG] : Current model size: 10602 parameters
2023-12-15 06:27:05,113 | [DEBUG] : Current training mode: increased
2023-12-15 06:27:05,113 | [INFO] : no layers were added
2023-12-15 06:27:05,114 | [DEBUG] : Model size was changed to 10602 parameters
2023-12-15 06:27:05,114 | [DEBUG] : Learning rate is now 0.010000
2023-12-15 06:27:14,647 | [INFO] : New learning rate: 0.009000000000000001
2023-12-15 06:27:16,306 | [DEBUG] : Current model size: 10602 parameters
2023-12-15 06:27:16,306 | [DEBUG] : Current training mode: increased
2023-12-15 06:27:16,308 | [INFO] : deepening layer 0/3: Conv2d(3, 32, kernel_size=(3, 3), stride=(1, 1))
2023-12-15 06:27:16,308 | [DEBUG] : Model size was changed to 19914 parameters
2023-12-15 06:27:16,308 | [DEBUG] : Learning rate is now 0.010000
2023-12-15 06:27:26,128 | [INFO] : New learning rate: 0.009000000000000001
2023-12-15 06:27:27,909 | [DEBUG] : Current model size: 19914 parameters
2023-12-15 06:27:27,909 | [DEBUG] : Current training mode: increased
2023-12-15 06:27:27,909 | [INFO] : no layers were added
2023-12-15 06:27:27,910 | [DEBUG] : Model size was changed to 19914 parameters
2023-12-15 06:27:27,910 | [DEBUG] : Learning rate is now 0.010000
2023-12-15 06:27:37,531 | [INFO] : New learning rate: 0.009000000000000001
2023-12-15 06:27:39,199 | [DEBUG] : Current model size: 19914 parameters
2023-12-15 06:27:39,199 | [DEBUG] : Current training mode: increased
2023-12-15 06:27:39,200 | [INFO] : no layers were added
2023-12-15 06:27:39,200 | [DEBUG] : Model size was changed to 19914 parameters
2023-12-15 06:27:39,200 | [DEBUG] : Learning rate is now 0.010000
2023-12-15 06:27:48,699 | [INFO] : New learning rate: 0.009000000000000001
2023-12-15 06:27:50,469 | [DEBUG] : Current model size: 19914 parameters
2023-12-15 06:27:50,469 | [DEBUG] : Current training mode: increased
2023-12-15 06:27:50,469 | [INFO] : no layers were added
2023-12-15 06:27:50,469 | [DEBUG] : Model size was changed to 19914 parameters
2023-12-15 06:27:50,469 | [DEBUG] : Learning rate is now 0.010000
2023-12-15 06:28:00,296 | [INFO] : New learning rate: 0.009000000000000001
2023-12-15 06:28:02,007 | [DEBUG] : Current model size: 19914 parameters
2023-12-15 06:28:02,007 | [DEBUG] : Current training mode: increased
2023-12-15 06:28:02,007 | [INFO] : no layers were added
2023-12-15 06:28:02,008 | [DEBUG] : Model size was changed to 19914 parameters
2023-12-15 06:28:02,008 | [DEBUG] : Learning rate is now 0.010000
2023-12-15 06:28:11,722 | [INFO] : New learning rate: 0.009000000000000001
2023-12-15 06:28:13,477 | [DEBUG] : Current model size: 19914 parameters
2023-12-15 06:28:13,477 | [DEBUG] : Current training mode: increased
2023-12-15 06:28:13,477 | [INFO] : no layers were added
2023-12-15 06:28:13,478 | [DEBUG] : Model size was changed to 19914 parameters
2023-12-15 06:28:13,478 | [DEBUG] : Learning rate is now 0.010000
2023-12-15 06:28:23,157 | [INFO] : New learning rate: 0.009000000000000001
2023-12-15 06:28:24,813 | [DEBUG] : Current model size: 19914 parameters
2023-12-15 06:28:24,813 | [DEBUG] : Current training mode: increased
2023-12-15 06:28:24,813 | [INFO] : no layers were added
2023-12-15 06:28:24,814 | [DEBUG] : Model size was changed to 19914 parameters
2023-12-15 06:28:24,814 | [DEBUG] : Learning rate is now 0.010000
2023-12-15 06:28:34,315 | [INFO] : New learning rate: 0.009000000000000001
2023-12-15 06:28:35,964 | [DEBUG] : Current model size: 19914 parameters
2023-12-15 06:28:35,964 | [DEBUG] : Current training mode: increased
2023-12-15 06:28:35,964 | [INFO] : no layers were added
2023-12-15 06:28:35,965 | [DEBUG] : Model size was changed to 19914 parameters
2023-12-15 06:28:35,965 | [DEBUG] : Learning rate is now 0.010000
2023-12-15 06:28:45,358 | [INFO] : New learning rate: 0.009000000000000001
2023-12-15 06:28:47,003 | [DEBUG] : Current model size: 19914 parameters
2023-12-15 06:28:47,003 | [DEBUG] : Current training mode: increased
2023-12-15 06:28:47,004 | [INFO] : no layers were added
2023-12-15 06:28:47,004 | [DEBUG] : Model size was changed to 19914 parameters
2023-12-15 06:28:47,004 | [DEBUG] : Learning rate is now 0.010000
2023-12-15 06:28:56,564 | [INFO] : New learning rate: 0.009000000000000001
2023-12-15 06:28:58,220 | [DEBUG] : Current model size: 19914 parameters
2023-12-15 06:28:58,220 | [DEBUG] : Current training mode: increased
2023-12-15 06:28:58,220 | [INFO] : no layers were added
2023-12-15 06:28:58,220 | [DEBUG] : Model size was changed to 19914 parameters
2023-12-15 06:28:58,220 | [DEBUG] : Learning rate is now 0.010000
2023-12-15 06:29:07,876 | [INFO] : New learning rate: 0.009000000000000001
2023-12-15 06:29:09,583 | [DEBUG] : Current model size: 19914 parameters
2023-12-15 06:29:09,583 | [DEBUG] : Current training mode: increased
2023-12-15 06:29:09,583 | [INFO] : no layers were added
2023-12-15 06:29:09,583 | [DEBUG] : Model size was changed to 19914 parameters
2023-12-15 06:29:09,583 | [DEBUG] : Learning rate is now 0.010000
2023-12-15 06:29:19,237 | [INFO] : New learning rate: 0.009000000000000001
2023-12-15 06:29:20,918 | [DEBUG] : Current model size: 19914 parameters
2023-12-15 06:29:20,918 | [DEBUG] : Current training mode: increased
2023-12-15 06:29:20,918 | [INFO] : no layers were added
2023-12-15 06:29:20,918 | [DEBUG] : Model size was changed to 19914 parameters
2023-12-15 06:29:20,918 | [DEBUG] : Learning rate is now 0.010000
2023-12-15 06:29:30,843 | [INFO] : New learning rate: 0.009000000000000001
2023-12-15 06:29:32,591 | [DEBUG] : Current model size: 19914 parameters
2023-12-15 06:29:32,591 | [DEBUG] : Current training mode: increased
2023-12-15 06:29:32,591 | [INFO] : no layers were added
2023-12-15 06:29:32,591 | [DEBUG] : Model size was changed to 19914 parameters
2023-12-15 06:29:32,591 | [DEBUG] : Learning rate is now 0.010000
2023-12-15 06:29:42,589 | [INFO] : New learning rate: 0.009000000000000001
2023-12-15 06:29:44,286 | [DEBUG] : Current model size: 19914 parameters
2023-12-15 06:29:44,287 | [DEBUG] : Current training mode: increased
2023-12-15 06:29:44,287 | [INFO] : no layers were added
2023-12-15 06:29:44,287 | [DEBUG] : Model size was changed to 19914 parameters
2023-12-15 06:29:44,287 | [DEBUG] : Learning rate is now 0.010000
2023-12-15 06:29:54,311 | [INFO] : New learning rate: 0.009000000000000001
2023-12-15 06:29:55,983 | [DEBUG] : Current model size: 19914 parameters
2023-12-15 06:29:55,983 | [DEBUG] : Current training mode: increased
2023-12-15 06:29:55,983 | [INFO] : no layers were added
2023-12-15 06:29:55,984 | [DEBUG] : Model size was changed to 19914 parameters
2023-12-15 06:29:55,984 | [DEBUG] : Learning rate is now 0.010000
2023-12-15 06:30:05,884 | [INFO] : New learning rate: 0.009000000000000001
2023-12-15 06:30:07,543 | [DEBUG] : Current model size: 19914 parameters
2023-12-15 06:30:07,543 | [DEBUG] : Current training mode: increased
2023-12-15 06:30:07,543 | [INFO] : no layers were added
2023-12-15 06:30:07,544 | [DEBUG] : Model size was changed to 19914 parameters
2023-12-15 06:30:07,544 | [DEBUG] : Learning rate is now 0.010000
2023-12-15 06:30:17,640 | [INFO] : New learning rate: 0.009000000000000001
2023-12-15 06:30:19,318 | [DEBUG] : Current model size: 19914 parameters
2023-12-15 06:30:19,318 | [DEBUG] : Current training mode: increased
2023-12-15 06:30:19,319 | [INFO] : no layers were added
2023-12-15 06:30:19,319 | [DEBUG] : Model size was changed to 19914 parameters
2023-12-15 06:30:19,319 | [DEBUG] : Learning rate is now 0.010000
2023-12-15 06:30:28,855 | [INFO] : New learning rate: 0.009000000000000001
2023-12-15 06:30:30,503 | [DEBUG] : Current model size: 19914 parameters
2023-12-15 06:30:30,503 | [DEBUG] : Current training mode: increased
2023-12-15 06:30:30,503 | [INFO] : no layers were added
2023-12-15 06:30:30,504 | [DEBUG] : Model size was changed to 19914 parameters
2023-12-15 06:30:30,504 | [DEBUG] : Learning rate is now 0.010000
2023-12-15 06:30:40,178 | [INFO] : New learning rate: 0.009000000000000001
2023-12-15 06:30:41,869 | [DEBUG] : Current model size: 19914 parameters
2023-12-15 06:30:41,870 | [DEBUG] : Current training mode: increased
2023-12-15 06:30:41,870 | [INFO] : no layers were added
2023-12-15 06:30:41,870 | [DEBUG] : Model size was changed to 19914 parameters
2023-12-15 06:30:41,870 | [DEBUG] : Learning rate is now 0.010000
2023-12-15 06:30:51,484 | [INFO] : New learning rate: 0.009000000000000001
2023-12-15 06:30:53,146 | [DEBUG] : Current model size: 19914 parameters
2023-12-15 06:30:53,146 | [DEBUG] : Current training mode: increased
2023-12-15 06:30:53,146 | [INFO] : no layers were added
2023-12-15 06:30:53,146 | [DEBUG] : Model size was changed to 19914 parameters
2023-12-15 06:30:53,147 | [DEBUG] : Learning rate is now 0.010000
2023-12-15 06:31:02,832 | [INFO] : New learning rate: 0.009000000000000001
2023-12-15 06:31:04,556 | [DEBUG] : Current model size: 19914 parameters
2023-12-15 06:31:04,556 | [DEBUG] : Current training mode: increased
2023-12-15 06:31:04,556 | [INFO] : no layers were added
2023-12-15 06:31:04,557 | [DEBUG] : Model size was changed to 19914 parameters
2023-12-15 06:31:04,557 | [DEBUG] : Learning rate is now 0.010000
2023-12-15 06:31:14,138 | [INFO] : New learning rate: 0.009000000000000001
2023-12-15 06:31:15,779 | [DEBUG] : Current model size: 19914 parameters
2023-12-15 06:31:15,779 | [DEBUG] : Current training mode: increased
2023-12-15 06:31:15,779 | [INFO] : no layers were added
2023-12-15 06:31:15,779 | [DEBUG] : Model size was changed to 19914 parameters
2023-12-15 06:31:15,779 | [DEBUG] : Learning rate is now 0.010000
2023-12-15 06:31:25,400 | [INFO] : New learning rate: 0.009000000000000001
2023-12-15 06:31:27,145 | [DEBUG] : Current model size: 19914 parameters
2023-12-15 06:31:27,146 | [DEBUG] : Current training mode: increased
2023-12-15 06:31:27,146 | [INFO] : no layers were added
2023-12-15 06:31:27,146 | [DEBUG] : Model size was changed to 19914 parameters
2023-12-15 06:31:27,146 | [DEBUG] : Learning rate is now 0.010000
2023-12-15 06:31:36,768 | [INFO] : New learning rate: 0.009000000000000001
2023-12-15 06:31:38,472 | [DEBUG] : Current model size: 19914 parameters
2023-12-15 06:31:38,472 | [DEBUG] : Current training mode: increased
2023-12-15 06:31:38,472 | [INFO] : no layers were added
2023-12-15 06:31:38,473 | [DEBUG] : Model size was changed to 19914 parameters
2023-12-15 06:31:38,473 | [DEBUG] : Learning rate is now 0.010000
2023-12-15 06:31:48,020 | [INFO] : New learning rate: 0.009000000000000001
2023-12-15 06:31:49,700 | [DEBUG] : Current model size: 19914 parameters
2023-12-15 06:31:49,700 | [DEBUG] : Current training mode: increased
2023-12-15 06:31:49,701 | [INFO] : no layers were added
2023-12-15 06:31:49,701 | [DEBUG] : Model size was changed to 19914 parameters
2023-12-15 06:31:49,701 | [DEBUG] : Learning rate is now 0.010000
2023-12-15 06:31:59,110 | [INFO] : New learning rate: 0.009000000000000001
2023-12-15 06:32:00,746 | [DEBUG] : Current model size: 19914 parameters
2023-12-15 06:32:00,747 | [DEBUG] : Current training mode: increased
2023-12-15 06:32:00,747 | [INFO] : no layers were added
2023-12-15 06:32:00,747 | [DEBUG] : Model size was changed to 19914 parameters
2023-12-15 06:32:00,747 | [DEBUG] : Learning rate is now 0.010000
2023-12-15 06:32:10,552 | [INFO] : New learning rate: 0.009000000000000001
2023-12-15 06:32:12,221 | [DEBUG] : Current model size: 19914 parameters
2023-12-15 06:32:12,222 | [DEBUG] : Current training mode: increased
2023-12-15 06:32:12,222 | [INFO] : no layers were added
2023-12-15 06:32:12,222 | [DEBUG] : Model size was changed to 19914 parameters
2023-12-15 06:32:12,222 | [DEBUG] : Learning rate is now 0.010000
2023-12-15 06:32:22,340 | [INFO] : New learning rate: 0.009000000000000001
2023-12-15 06:32:24,019 | [DEBUG] : Current model size: 19914 parameters
2023-12-15 06:32:24,019 | [DEBUG] : Current training mode: increased
2023-12-15 06:32:24,019 | [INFO] : no layers were added
2023-12-15 06:32:24,020 | [DEBUG] : Model size was changed to 19914 parameters
2023-12-15 06:32:24,020 | [DEBUG] : Learning rate is now 0.010000
2023-12-15 06:32:24,032 | [INFO] : training has run out of time
2023-12-15 06:32:24,033 | [INFO] : training60 runtime (h:mm:ss): 0:05:31
2023-12-15 06:32:24,033 | [INFO] : training60 end time: 12/15/2023 06:32:24 AM
2023-12-15 06:32:24,033 | [INFO] : episode 61/64 finished, objective: None
