2023-12-15 00:56:00,150 | [INFO] : training00 start time: 12/15/2023 12:56:00 AM
2023-12-15 00:56:01,271 | [INFO] : Initialized model with weights: results/small_early2/weights.pth
2023-12-15 00:56:01,271 | [DEBUG] : Current model size: 10602 parameters
2023-12-15 00:56:01,271 | [DEBUG] : Current training mode: initial
2023-12-15 00:56:02,386 | [INFO] : GPU allocation changing : going up
2023-12-15 00:56:02,389 | [DEBUG] : Current model size: 10602 parameters
2023-12-15 00:56:02,389 | [DEBUG] : Current training mode: increased
2023-12-15 00:56:02,391 | [INFO] : deepening layer 0/3: Conv2d(3, 32, kernel_size=(3, 3), stride=(1, 1))
2023-12-15 00:56:02,392 | [DEBUG] : Model size was changed to 19914 parameters
2023-12-15 00:56:02,392 | [DEBUG] : Learning rate is now 0.010000
2023-12-15 00:56:13,190 | [INFO] : New learning rate: 0.009000000000000001
2023-12-15 00:56:14,973 | [DEBUG] : Current model size: 19914 parameters
2023-12-15 00:56:14,973 | [DEBUG] : Current training mode: increased
2023-12-15 00:56:14,975 | [INFO] : deepening layer 0/3: Conv2d(3, 32, kernel_size=(3, 3), stride=(1, 1))
2023-12-15 00:56:14,975 | [DEBUG] : Model size was changed to 29226 parameters
2023-12-15 00:56:14,975 | [DEBUG] : Learning rate is now 0.010000
2023-12-15 00:56:25,121 | [INFO] : New learning rate: 0.009000000000000001
2023-12-15 00:56:26,989 | [DEBUG] : Current model size: 29226 parameters
2023-12-15 00:56:26,989 | [DEBUG] : Current training mode: increased
2023-12-15 00:56:26,991 | [INFO] : deepening layer 0/3: Conv2d(3, 32, kernel_size=(3, 3), stride=(1, 1))
2023-12-15 00:56:26,991 | [DEBUG] : Model size was changed to 38538 parameters
2023-12-15 00:56:26,991 | [DEBUG] : Learning rate is now 0.010000
2023-12-15 00:56:37,537 | [INFO] : New learning rate: 0.009000000000000001
2023-12-15 00:56:39,317 | [DEBUG] : Current model size: 38538 parameters
2023-12-15 00:56:39,318 | [DEBUG] : Current training mode: increased
2023-12-15 00:56:39,318 | [INFO] : no layers were added
2023-12-15 00:56:39,318 | [DEBUG] : Model size was changed to 38538 parameters
2023-12-15 00:56:39,318 | [DEBUG] : Learning rate is now 0.010000
2023-12-15 00:56:49,820 | [INFO] : New learning rate: 0.009000000000000001
2023-12-15 00:56:51,705 | [DEBUG] : Current model size: 38538 parameters
2023-12-15 00:56:51,705 | [DEBUG] : Current training mode: increased
2023-12-15 00:56:51,705 | [INFO] : no layers were added
2023-12-15 00:56:51,706 | [DEBUG] : Model size was changed to 38538 parameters
2023-12-15 00:56:51,706 | [DEBUG] : Learning rate is now 0.010000
2023-12-15 00:57:02,153 | [INFO] : New learning rate: 0.009000000000000001
2023-12-15 00:57:04,019 | [DEBUG] : Current model size: 38538 parameters
2023-12-15 00:57:04,019 | [DEBUG] : Current training mode: increased
2023-12-15 00:57:04,019 | [INFO] : no layers were added
2023-12-15 00:57:04,020 | [DEBUG] : Model size was changed to 38538 parameters
2023-12-15 00:57:04,020 | [DEBUG] : Learning rate is now 0.010000
2023-12-15 00:57:14,484 | [INFO] : New learning rate: 0.009000000000000001
2023-12-15 00:57:16,356 | [DEBUG] : Current model size: 38538 parameters
2023-12-15 00:57:16,356 | [DEBUG] : Current training mode: increased
2023-12-15 00:57:16,356 | [INFO] : no layers were added
2023-12-15 00:57:16,357 | [DEBUG] : Model size was changed to 38538 parameters
2023-12-15 00:57:16,357 | [DEBUG] : Learning rate is now 0.010000
2023-12-15 00:57:26,841 | [INFO] : New learning rate: 0.009000000000000001
2023-12-15 00:57:28,728 | [DEBUG] : Current model size: 38538 parameters
2023-12-15 00:57:28,728 | [DEBUG] : Current training mode: increased
2023-12-15 00:57:28,728 | [INFO] : no layers were added
2023-12-15 00:57:28,729 | [DEBUG] : Model size was changed to 38538 parameters
2023-12-15 00:57:28,729 | [DEBUG] : Learning rate is now 0.010000
2023-12-15 00:57:39,393 | [INFO] : New learning rate: 0.009000000000000001
2023-12-15 00:57:41,266 | [DEBUG] : Current model size: 38538 parameters
2023-12-15 00:57:41,266 | [DEBUG] : Current training mode: increased
2023-12-15 00:57:41,266 | [INFO] : no layers were added
2023-12-15 00:57:41,267 | [DEBUG] : Model size was changed to 38538 parameters
2023-12-15 00:57:41,267 | [DEBUG] : Learning rate is now 0.010000
2023-12-15 00:57:51,685 | [INFO] : New learning rate: 0.009000000000000001
2023-12-15 00:57:53,544 | [DEBUG] : Current model size: 38538 parameters
2023-12-15 00:57:53,544 | [DEBUG] : Current training mode: increased
2023-12-15 00:57:53,544 | [INFO] : no layers were added
2023-12-15 00:57:53,545 | [DEBUG] : Model size was changed to 38538 parameters
2023-12-15 00:57:53,545 | [DEBUG] : Learning rate is now 0.010000
2023-12-15 00:58:04,101 | [INFO] : New learning rate: 0.009000000000000001
2023-12-15 00:58:05,892 | [DEBUG] : Current model size: 38538 parameters
2023-12-15 00:58:05,893 | [DEBUG] : Current training mode: increased
2023-12-15 00:58:05,893 | [INFO] : no layers were added
2023-12-15 00:58:05,893 | [DEBUG] : Model size was changed to 38538 parameters
2023-12-15 00:58:05,893 | [DEBUG] : Learning rate is now 0.010000
2023-12-15 00:58:16,387 | [INFO] : New learning rate: 0.009000000000000001
2023-12-15 00:58:18,259 | [DEBUG] : Current model size: 38538 parameters
2023-12-15 00:58:18,259 | [DEBUG] : Current training mode: increased
2023-12-15 00:58:18,259 | [INFO] : no layers were added
2023-12-15 00:58:18,260 | [DEBUG] : Model size was changed to 38538 parameters
2023-12-15 00:58:18,260 | [DEBUG] : Learning rate is now 0.010000
2023-12-15 00:58:28,844 | [INFO] : New learning rate: 0.009000000000000001
2023-12-15 00:58:30,679 | [DEBUG] : Current model size: 38538 parameters
2023-12-15 00:58:30,679 | [DEBUG] : Current training mode: increased
2023-12-15 00:58:30,679 | [INFO] : no layers were added
2023-12-15 00:58:30,680 | [DEBUG] : Model size was changed to 38538 parameters
2023-12-15 00:58:30,680 | [DEBUG] : Learning rate is now 0.010000
2023-12-15 00:58:41,367 | [INFO] : New learning rate: 0.009000000000000001
2023-12-15 00:58:43,162 | [DEBUG] : Current model size: 38538 parameters
2023-12-15 00:58:43,162 | [DEBUG] : Current training mode: increased
2023-12-15 00:58:43,162 | [INFO] : no layers were added
2023-12-15 00:58:43,163 | [DEBUG] : Model size was changed to 38538 parameters
2023-12-15 00:58:43,163 | [DEBUG] : Learning rate is now 0.010000
2023-12-15 00:58:53,790 | [INFO] : New learning rate: 0.009000000000000001
2023-12-15 00:58:55,626 | [DEBUG] : Current model size: 38538 parameters
2023-12-15 00:58:55,626 | [DEBUG] : Current training mode: increased
2023-12-15 00:58:55,626 | [INFO] : no layers were added
2023-12-15 00:58:55,626 | [DEBUG] : Model size was changed to 38538 parameters
2023-12-15 00:58:55,627 | [DEBUG] : Learning rate is now 0.010000
2023-12-15 00:59:06,177 | [INFO] : New learning rate: 0.009000000000000001
2023-12-15 00:59:07,940 | [DEBUG] : Current model size: 38538 parameters
2023-12-15 00:59:07,940 | [DEBUG] : Current training mode: increased
2023-12-15 00:59:07,940 | [INFO] : no layers were added
2023-12-15 00:59:07,941 | [DEBUG] : Model size was changed to 38538 parameters
2023-12-15 00:59:07,941 | [DEBUG] : Learning rate is now 0.010000
2023-12-15 00:59:18,508 | [INFO] : New learning rate: 0.009000000000000001
2023-12-15 00:59:20,288 | [DEBUG] : Current model size: 38538 parameters
2023-12-15 00:59:20,288 | [DEBUG] : Current training mode: increased
2023-12-15 00:59:20,288 | [INFO] : no layers were added
2023-12-15 00:59:20,289 | [DEBUG] : Model size was changed to 38538 parameters
2023-12-15 00:59:20,289 | [DEBUG] : Learning rate is now 0.010000
2023-12-15 00:59:30,425 | [INFO] : New learning rate: 0.009000000000000001
2023-12-15 00:59:32,110 | [DEBUG] : Current model size: 38538 parameters
2023-12-15 00:59:32,110 | [DEBUG] : Current training mode: increased
2023-12-15 00:59:32,110 | [INFO] : no layers were added
2023-12-15 00:59:32,111 | [DEBUG] : Model size was changed to 38538 parameters
2023-12-15 00:59:32,111 | [DEBUG] : Learning rate is now 0.010000
2023-12-15 00:59:42,259 | [INFO] : New learning rate: 0.009000000000000001
2023-12-15 00:59:43,954 | [DEBUG] : Current model size: 38538 parameters
2023-12-15 00:59:43,954 | [DEBUG] : Current training mode: increased
2023-12-15 00:59:43,954 | [INFO] : no layers were added
2023-12-15 00:59:43,954 | [DEBUG] : Model size was changed to 38538 parameters
2023-12-15 00:59:43,954 | [DEBUG] : Learning rate is now 0.010000
2023-12-15 00:59:53,976 | [INFO] : New learning rate: 0.009000000000000001
2023-12-15 00:59:55,677 | [DEBUG] : Current model size: 38538 parameters
2023-12-15 00:59:55,677 | [DEBUG] : Current training mode: increased
2023-12-15 00:59:55,678 | [INFO] : no layers were added
2023-12-15 00:59:55,678 | [DEBUG] : Model size was changed to 38538 parameters
2023-12-15 00:59:55,678 | [DEBUG] : Learning rate is now 0.010000
2023-12-15 01:00:05,691 | [INFO] : New learning rate: 0.009000000000000001
2023-12-15 01:00:07,431 | [DEBUG] : Current model size: 38538 parameters
2023-12-15 01:00:07,431 | [DEBUG] : Current training mode: increased
2023-12-15 01:00:07,431 | [INFO] : no layers were added
2023-12-15 01:00:07,431 | [DEBUG] : Model size was changed to 38538 parameters
2023-12-15 01:00:07,431 | [DEBUG] : Learning rate is now 0.010000
2023-12-15 01:00:17,433 | [INFO] : New learning rate: 0.009000000000000001
2023-12-15 01:00:19,150 | [DEBUG] : Current model size: 38538 parameters
2023-12-15 01:00:19,150 | [DEBUG] : Current training mode: increased
2023-12-15 01:00:19,150 | [INFO] : no layers were added
2023-12-15 01:00:19,151 | [DEBUG] : Model size was changed to 38538 parameters
2023-12-15 01:00:19,151 | [DEBUG] : Learning rate is now 0.010000
2023-12-15 01:00:29,247 | [INFO] : New learning rate: 0.009000000000000001
2023-12-15 01:00:30,933 | [DEBUG] : Current model size: 38538 parameters
2023-12-15 01:00:30,933 | [DEBUG] : Current training mode: increased
2023-12-15 01:00:30,934 | [INFO] : no layers were added
2023-12-15 01:00:30,934 | [DEBUG] : Model size was changed to 38538 parameters
2023-12-15 01:00:30,934 | [DEBUG] : Learning rate is now 0.010000
2023-12-15 01:00:40,910 | [INFO] : New learning rate: 0.009000000000000001
2023-12-15 01:00:42,627 | [DEBUG] : Current model size: 38538 parameters
2023-12-15 01:00:42,627 | [DEBUG] : Current training mode: increased
2023-12-15 01:00:42,627 | [INFO] : no layers were added
2023-12-15 01:00:42,627 | [DEBUG] : Model size was changed to 38538 parameters
2023-12-15 01:00:42,627 | [DEBUG] : Learning rate is now 0.010000
2023-12-15 01:00:52,624 | [INFO] : New learning rate: 0.009000000000000001
2023-12-15 01:00:54,402 | [DEBUG] : Current model size: 38538 parameters
2023-12-15 01:00:54,402 | [DEBUG] : Current training mode: increased
2023-12-15 01:00:54,402 | [INFO] : no layers were added
2023-12-15 01:00:54,402 | [DEBUG] : Model size was changed to 38538 parameters
2023-12-15 01:00:54,403 | [DEBUG] : Learning rate is now 0.010000
2023-12-15 01:01:04,434 | [INFO] : New learning rate: 0.009000000000000001
2023-12-15 01:01:06,162 | [DEBUG] : Current model size: 38538 parameters
2023-12-15 01:01:06,162 | [DEBUG] : Current training mode: increased
2023-12-15 01:01:06,162 | [INFO] : no layers were added
2023-12-15 01:01:06,162 | [DEBUG] : Model size was changed to 38538 parameters
2023-12-15 01:01:06,162 | [DEBUG] : Learning rate is now 0.010000
2023-12-15 01:01:16,316 | [INFO] : New learning rate: 0.009000000000000001
2023-12-15 01:01:18,060 | [DEBUG] : Current model size: 38538 parameters
2023-12-15 01:01:18,060 | [DEBUG] : Current training mode: increased
2023-12-15 01:01:18,060 | [INFO] : no layers were added
2023-12-15 01:01:18,060 | [DEBUG] : Model size was changed to 38538 parameters
2023-12-15 01:01:18,060 | [DEBUG] : Learning rate is now 0.010000
2023-12-15 01:01:28,251 | [INFO] : New learning rate: 0.009000000000000001
2023-12-15 01:01:30,152 | [DEBUG] : Current model size: 38538 parameters
2023-12-15 01:01:30,152 | [DEBUG] : Current training mode: increased
2023-12-15 01:01:30,152 | [INFO] : no layers were added
2023-12-15 01:01:30,153 | [DEBUG] : Model size was changed to 38538 parameters
2023-12-15 01:01:30,153 | [DEBUG] : Learning rate is now 0.010000
2023-12-15 01:01:31,285 | [INFO] : training has run out of time
2023-12-15 01:01:31,285 | [INFO] : training00 runtime (h:mm:ss): 0:05:32
2023-12-15 01:01:31,286 | [INFO] : training00 end time: 12/15/2023 01:01:31 AM
2023-12-15 01:01:31,286 | [INFO] : episode 1/64 finished, objective: None
