2023-12-15 02:02:10,071 | [INFO] : training12 start time: 12/15/2023 02:02:10 AM
2023-12-15 02:02:10,074 | [INFO] : Initialized model with weights: results/small_early2/weights.pth
2023-12-15 02:02:10,074 | [DEBUG] : Current model size: 10602 parameters
2023-12-15 02:02:10,074 | [DEBUG] : Current training mode: initial
2023-12-15 02:02:10,088 | [INFO] : GPU allocation changing : going up
2023-12-15 02:02:10,091 | [DEBUG] : Current model size: 10602 parameters
2023-12-15 02:02:10,091 | [DEBUG] : Current training mode: increased
2023-12-15 02:02:10,093 | [INFO] : deepening layer 0/3: Conv2d(3, 32, kernel_size=(3, 3), stride=(1, 1))
2023-12-15 02:02:10,093 | [DEBUG] : Model size was changed to 19914 parameters
2023-12-15 02:02:10,093 | [DEBUG] : Learning rate is now 0.010000
2023-12-15 02:02:20,208 | [INFO] : New learning rate: 0.009000000000000001
2023-12-15 02:02:22,019 | [DEBUG] : Current model size: 19914 parameters
2023-12-15 02:02:22,019 | [DEBUG] : Current training mode: increased
2023-12-15 02:02:22,019 | [INFO] : no layers were added
2023-12-15 02:02:22,020 | [DEBUG] : Model size was changed to 19914 parameters
2023-12-15 02:02:22,020 | [DEBUG] : Learning rate is now 0.010000
2023-12-15 02:02:31,689 | [INFO] : New learning rate: 0.009000000000000001
2023-12-15 02:02:33,615 | [DEBUG] : Current model size: 19914 parameters
2023-12-15 02:02:33,615 | [DEBUG] : Current training mode: increased
2023-12-15 02:02:33,617 | [INFO] : deepening layer 0/3: Conv2d(3, 32, kernel_size=(3, 3), stride=(1, 1))
2023-12-15 02:02:33,617 | [DEBUG] : Model size was changed to 29226 parameters
2023-12-15 02:02:33,617 | [DEBUG] : Learning rate is now 0.010000
2023-12-15 02:02:43,815 | [INFO] : New learning rate: 0.009000000000000001
2023-12-15 02:02:45,704 | [DEBUG] : Current model size: 29226 parameters
2023-12-15 02:02:45,705 | [DEBUG] : Current training mode: increased
2023-12-15 02:02:45,705 | [INFO] : no layers were added
2023-12-15 02:02:45,705 | [DEBUG] : Model size was changed to 29226 parameters
2023-12-15 02:02:45,705 | [DEBUG] : Learning rate is now 0.010000
2023-12-15 02:02:55,742 | [INFO] : New learning rate: 0.009000000000000001
2023-12-15 02:02:57,583 | [DEBUG] : Current model size: 29226 parameters
2023-12-15 02:02:57,583 | [DEBUG] : Current training mode: increased
2023-12-15 02:02:57,584 | [INFO] : no layers were added
2023-12-15 02:02:57,584 | [DEBUG] : Model size was changed to 29226 parameters
2023-12-15 02:02:57,584 | [DEBUG] : Learning rate is now 0.010000
2023-12-15 02:03:07,709 | [INFO] : New learning rate: 0.009000000000000001
2023-12-15 02:03:09,619 | [DEBUG] : Current model size: 29226 parameters
2023-12-15 02:03:09,619 | [DEBUG] : Current training mode: increased
2023-12-15 02:03:09,619 | [INFO] : no layers were added
2023-12-15 02:03:09,620 | [DEBUG] : Model size was changed to 29226 parameters
2023-12-15 02:03:09,620 | [DEBUG] : Learning rate is now 0.010000
2023-12-15 02:03:19,623 | [INFO] : New learning rate: 0.009000000000000001
2023-12-15 02:03:21,544 | [DEBUG] : Current model size: 29226 parameters
2023-12-15 02:03:21,544 | [DEBUG] : Current training mode: increased
2023-12-15 02:03:21,544 | [INFO] : no layers were added
2023-12-15 02:03:21,544 | [DEBUG] : Model size was changed to 29226 parameters
2023-12-15 02:03:21,544 | [DEBUG] : Learning rate is now 0.010000
2023-12-15 02:03:31,748 | [INFO] : New learning rate: 0.009000000000000001
2023-12-15 02:03:33,680 | [DEBUG] : Current model size: 29226 parameters
2023-12-15 02:03:33,680 | [DEBUG] : Current training mode: increased
2023-12-15 02:03:33,680 | [INFO] : no layers were added
2023-12-15 02:03:33,681 | [DEBUG] : Model size was changed to 29226 parameters
2023-12-15 02:03:33,681 | [DEBUG] : Learning rate is now 0.010000
2023-12-15 02:03:43,675 | [INFO] : New learning rate: 0.009000000000000001
2023-12-15 02:03:45,511 | [DEBUG] : Current model size: 29226 parameters
2023-12-15 02:03:45,511 | [DEBUG] : Current training mode: increased
2023-12-15 02:03:45,511 | [INFO] : no layers were added
2023-12-15 02:03:45,512 | [DEBUG] : Model size was changed to 29226 parameters
2023-12-15 02:03:45,512 | [DEBUG] : Learning rate is now 0.010000
2023-12-15 02:03:55,570 | [INFO] : New learning rate: 0.009000000000000001
2023-12-15 02:03:57,492 | [DEBUG] : Current model size: 29226 parameters
2023-12-15 02:03:57,492 | [DEBUG] : Current training mode: increased
2023-12-15 02:03:57,492 | [INFO] : no layers were added
2023-12-15 02:03:57,493 | [DEBUG] : Model size was changed to 29226 parameters
2023-12-15 02:03:57,493 | [DEBUG] : Learning rate is now 0.010000
2023-12-15 02:04:07,410 | [INFO] : New learning rate: 0.009000000000000001
2023-12-15 02:04:09,350 | [DEBUG] : Current model size: 29226 parameters
2023-12-15 02:04:09,350 | [DEBUG] : Current training mode: increased
2023-12-15 02:04:09,350 | [INFO] : no layers were added
2023-12-15 02:04:09,350 | [DEBUG] : Model size was changed to 29226 parameters
2023-12-15 02:04:09,350 | [DEBUG] : Learning rate is now 0.010000
2023-12-15 02:04:19,310 | [INFO] : New learning rate: 0.009000000000000001
2023-12-15 02:04:21,296 | [DEBUG] : Current model size: 29226 parameters
2023-12-15 02:04:21,296 | [DEBUG] : Current training mode: increased
2023-12-15 02:04:21,296 | [INFO] : no layers were added
2023-12-15 02:04:21,297 | [DEBUG] : Model size was changed to 29226 parameters
2023-12-15 02:04:21,297 | [DEBUG] : Learning rate is now 0.010000
2023-12-15 02:04:31,381 | [INFO] : New learning rate: 0.009000000000000001
2023-12-15 02:04:33,356 | [DEBUG] : Current model size: 29226 parameters
2023-12-15 02:04:33,356 | [DEBUG] : Current training mode: increased
2023-12-15 02:04:33,356 | [INFO] : no layers were added
2023-12-15 02:04:33,357 | [DEBUG] : Model size was changed to 29226 parameters
2023-12-15 02:04:33,357 | [DEBUG] : Learning rate is now 0.010000
2023-12-15 02:04:43,304 | [INFO] : New learning rate: 0.009000000000000001
2023-12-15 02:04:45,099 | [DEBUG] : Current model size: 29226 parameters
2023-12-15 02:04:45,099 | [DEBUG] : Current training mode: increased
2023-12-15 02:04:45,099 | [INFO] : no layers were added
2023-12-15 02:04:45,100 | [DEBUG] : Model size was changed to 29226 parameters
2023-12-15 02:04:45,100 | [DEBUG] : Learning rate is now 0.010000
2023-12-15 02:04:55,162 | [INFO] : New learning rate: 0.009000000000000001
2023-12-15 02:04:57,069 | [DEBUG] : Current model size: 29226 parameters
2023-12-15 02:04:57,069 | [DEBUG] : Current training mode: increased
2023-12-15 02:04:57,069 | [INFO] : no layers were added
2023-12-15 02:04:57,070 | [DEBUG] : Model size was changed to 29226 parameters
2023-12-15 02:04:57,070 | [DEBUG] : Learning rate is now 0.010000
2023-12-15 02:05:07,243 | [INFO] : New learning rate: 0.009000000000000001
2023-12-15 02:05:09,063 | [DEBUG] : Current model size: 29226 parameters
2023-12-15 02:05:09,063 | [DEBUG] : Current training mode: increased
2023-12-15 02:05:09,063 | [INFO] : no layers were added
2023-12-15 02:05:09,064 | [DEBUG] : Model size was changed to 29226 parameters
2023-12-15 02:05:09,064 | [DEBUG] : Learning rate is now 0.010000
2023-12-15 02:05:19,076 | [INFO] : New learning rate: 0.009000000000000001
2023-12-15 02:05:20,946 | [DEBUG] : Current model size: 29226 parameters
2023-12-15 02:05:20,946 | [DEBUG] : Current training mode: increased
2023-12-15 02:05:20,946 | [INFO] : no layers were added
2023-12-15 02:05:20,947 | [DEBUG] : Model size was changed to 29226 parameters
2023-12-15 02:05:20,947 | [DEBUG] : Learning rate is now 0.010000
2023-12-15 02:05:31,056 | [INFO] : New learning rate: 0.009000000000000001
2023-12-15 02:05:32,846 | [DEBUG] : Current model size: 29226 parameters
2023-12-15 02:05:32,846 | [DEBUG] : Current training mode: increased
2023-12-15 02:05:32,846 | [INFO] : no layers were added
2023-12-15 02:05:32,847 | [DEBUG] : Model size was changed to 29226 parameters
2023-12-15 02:05:32,847 | [DEBUG] : Learning rate is now 0.010000
2023-12-15 02:05:43,077 | [INFO] : New learning rate: 0.009000000000000001
2023-12-15 02:05:45,049 | [DEBUG] : Current model size: 29226 parameters
2023-12-15 02:05:45,049 | [DEBUG] : Current training mode: increased
2023-12-15 02:05:45,049 | [INFO] : no layers were added
2023-12-15 02:05:45,050 | [DEBUG] : Model size was changed to 29226 parameters
2023-12-15 02:05:45,050 | [DEBUG] : Learning rate is now 0.010000
2023-12-15 02:05:55,075 | [INFO] : New learning rate: 0.009000000000000001
2023-12-15 02:05:56,999 | [DEBUG] : Current model size: 29226 parameters
2023-12-15 02:05:56,999 | [DEBUG] : Current training mode: increased
2023-12-15 02:05:56,999 | [INFO] : no layers were added
2023-12-15 02:05:57,000 | [DEBUG] : Model size was changed to 29226 parameters
2023-12-15 02:05:57,000 | [DEBUG] : Learning rate is now 0.010000
2023-12-15 02:06:06,916 | [INFO] : New learning rate: 0.009000000000000001
2023-12-15 02:06:08,780 | [DEBUG] : Current model size: 29226 parameters
2023-12-15 02:06:08,780 | [DEBUG] : Current training mode: increased
2023-12-15 02:06:08,780 | [INFO] : no layers were added
2023-12-15 02:06:08,781 | [DEBUG] : Model size was changed to 29226 parameters
2023-12-15 02:06:08,781 | [DEBUG] : Learning rate is now 0.010000
2023-12-15 02:06:18,685 | [INFO] : New learning rate: 0.009000000000000001
2023-12-15 02:06:20,625 | [DEBUG] : Current model size: 29226 parameters
2023-12-15 02:06:20,625 | [DEBUG] : Current training mode: increased
2023-12-15 02:06:20,625 | [INFO] : no layers were added
2023-12-15 02:06:20,626 | [DEBUG] : Model size was changed to 29226 parameters
2023-12-15 02:06:20,626 | [DEBUG] : Learning rate is now 0.010000
2023-12-15 02:06:30,724 | [INFO] : New learning rate: 0.009000000000000001
2023-12-15 02:06:32,584 | [DEBUG] : Current model size: 29226 parameters
2023-12-15 02:06:32,584 | [DEBUG] : Current training mode: increased
2023-12-15 02:06:32,584 | [INFO] : no layers were added
2023-12-15 02:06:32,585 | [DEBUG] : Model size was changed to 29226 parameters
2023-12-15 02:06:32,585 | [DEBUG] : Learning rate is now 0.010000
2023-12-15 02:06:42,557 | [INFO] : New learning rate: 0.009000000000000001
2023-12-15 02:06:44,328 | [DEBUG] : Current model size: 29226 parameters
2023-12-15 02:06:44,329 | [DEBUG] : Current training mode: increased
2023-12-15 02:06:44,329 | [INFO] : no layers were added
2023-12-15 02:06:44,329 | [DEBUG] : Model size was changed to 29226 parameters
2023-12-15 02:06:44,329 | [DEBUG] : Learning rate is now 0.010000
2023-12-15 02:06:54,348 | [INFO] : New learning rate: 0.009000000000000001
2023-12-15 02:06:56,248 | [DEBUG] : Current model size: 29226 parameters
2023-12-15 02:06:56,248 | [DEBUG] : Current training mode: increased
2023-12-15 02:06:56,248 | [INFO] : no layers were added
2023-12-15 02:06:56,248 | [DEBUG] : Model size was changed to 29226 parameters
2023-12-15 02:06:56,248 | [DEBUG] : Learning rate is now 0.010000
2023-12-15 02:07:06,461 | [INFO] : New learning rate: 0.009000000000000001
2023-12-15 02:07:08,434 | [DEBUG] : Current model size: 29226 parameters
2023-12-15 02:07:08,434 | [DEBUG] : Current training mode: increased
2023-12-15 02:07:08,435 | [INFO] : no layers were added
2023-12-15 02:07:08,435 | [DEBUG] : Model size was changed to 29226 parameters
2023-12-15 02:07:08,435 | [DEBUG] : Learning rate is now 0.010000
2023-12-15 02:07:18,402 | [INFO] : New learning rate: 0.009000000000000001
2023-12-15 02:07:20,317 | [DEBUG] : Current model size: 29226 parameters
2023-12-15 02:07:20,317 | [DEBUG] : Current training mode: increased
2023-12-15 02:07:20,317 | [INFO] : no layers were added
2023-12-15 02:07:20,318 | [DEBUG] : Model size was changed to 29226 parameters
2023-12-15 02:07:20,318 | [DEBUG] : Learning rate is now 0.010000
2023-12-15 02:07:30,360 | [INFO] : New learning rate: 0.009000000000000001
2023-12-15 02:07:32,266 | [DEBUG] : Current model size: 29226 parameters
2023-12-15 02:07:32,266 | [DEBUG] : Current training mode: increased
2023-12-15 02:07:32,266 | [INFO] : no layers were added
2023-12-15 02:07:32,267 | [DEBUG] : Model size was changed to 29226 parameters
2023-12-15 02:07:32,267 | [DEBUG] : Learning rate is now 0.010000
2023-12-15 02:07:40,079 | [INFO] : training has run out of time
2023-12-15 02:07:40,080 | [INFO] : training12 runtime (h:mm:ss): 0:05:31
2023-12-15 02:07:40,080 | [INFO] : training12 end time: 12/15/2023 02:07:40 AM
2023-12-15 02:07:40,080 | [INFO] : episode 13/64 finished, objective: None
