2023-12-15 05:48:16,343 | [INFO] : training53 start time: 12/15/2023 05:48:16 AM
2023-12-15 05:48:16,346 | [INFO] : Initialized model with weights: results/small_early2/weights.pth
2023-12-15 05:48:16,346 | [DEBUG] : Current model size: 10602 parameters
2023-12-15 05:48:16,346 | [DEBUG] : Current training mode: initial
2023-12-15 05:48:16,360 | [INFO] : GPU allocation changing : going up
2023-12-15 05:48:16,362 | [DEBUG] : Current model size: 10602 parameters
2023-12-15 05:48:16,362 | [DEBUG] : Current training mode: increased
2023-12-15 05:48:16,362 | [INFO] : no layers were added
2023-12-15 05:48:16,362 | [DEBUG] : Model size was changed to 10602 parameters
2023-12-15 05:48:16,362 | [DEBUG] : Learning rate is now 0.010000
2023-12-15 05:48:25,530 | [INFO] : New learning rate: 0.009000000000000001
2023-12-15 05:48:27,166 | [DEBUG] : Current model size: 10602 parameters
2023-12-15 05:48:27,166 | [DEBUG] : Current training mode: increased
2023-12-15 05:48:27,168 | [INFO] : deepening layer 1/3: Conv2d(32, 32, kernel_size=(3, 3), stride=(1, 1))
2023-12-15 05:48:27,168 | [DEBUG] : Model size was changed to 19914 parameters
2023-12-15 05:48:27,168 | [DEBUG] : Learning rate is now 0.010000
2023-12-15 05:48:36,655 | [INFO] : New learning rate: 0.009000000000000001
2023-12-15 05:48:38,334 | [DEBUG] : Current model size: 19914 parameters
2023-12-15 05:48:38,334 | [DEBUG] : Current training mode: increased
2023-12-15 05:48:38,335 | [INFO] : deepening layer 1/3: Conv2d(32, 32, kernel_size=(3, 3), stride=(1, 1))
2023-12-15 05:48:38,336 | [DEBUG] : Model size was changed to 29226 parameters
2023-12-15 05:48:38,336 | [DEBUG] : Learning rate is now 0.010000
2023-12-15 05:48:48,449 | [INFO] : New learning rate: 0.009000000000000001
2023-12-15 05:48:50,162 | [DEBUG] : Current model size: 29226 parameters
2023-12-15 05:48:50,162 | [DEBUG] : Current training mode: increased
2023-12-15 05:48:50,162 | [INFO] : no layers were added
2023-12-15 05:48:50,162 | [DEBUG] : Model size was changed to 29226 parameters
2023-12-15 05:48:50,162 | [DEBUG] : Learning rate is now 0.010000
2023-12-15 05:49:00,052 | [INFO] : New learning rate: 0.009000000000000001
2023-12-15 05:49:01,748 | [DEBUG] : Current model size: 29226 parameters
2023-12-15 05:49:01,748 | [DEBUG] : Current training mode: increased
2023-12-15 05:49:01,748 | [INFO] : no layers were added
2023-12-15 05:49:01,748 | [DEBUG] : Model size was changed to 29226 parameters
2023-12-15 05:49:01,748 | [DEBUG] : Learning rate is now 0.010000
2023-12-15 05:49:11,628 | [INFO] : New learning rate: 0.009000000000000001
2023-12-15 05:49:13,310 | [DEBUG] : Current model size: 29226 parameters
2023-12-15 05:49:13,310 | [DEBUG] : Current training mode: increased
2023-12-15 05:49:13,310 | [INFO] : no layers were added
2023-12-15 05:49:13,310 | [DEBUG] : Model size was changed to 29226 parameters
2023-12-15 05:49:13,310 | [DEBUG] : Learning rate is now 0.010000
2023-12-15 05:49:23,114 | [INFO] : New learning rate: 0.009000000000000001
2023-12-15 05:49:24,789 | [DEBUG] : Current model size: 29226 parameters
2023-12-15 05:49:24,789 | [DEBUG] : Current training mode: increased
2023-12-15 05:49:24,789 | [INFO] : no layers were added
2023-12-15 05:49:24,789 | [DEBUG] : Model size was changed to 29226 parameters
2023-12-15 05:49:24,789 | [DEBUG] : Learning rate is now 0.010000
2023-12-15 05:49:34,601 | [INFO] : New learning rate: 0.009000000000000001
2023-12-15 05:49:36,300 | [DEBUG] : Current model size: 29226 parameters
2023-12-15 05:49:36,300 | [DEBUG] : Current training mode: increased
2023-12-15 05:49:36,300 | [INFO] : no layers were added
2023-12-15 05:49:36,301 | [DEBUG] : Model size was changed to 29226 parameters
2023-12-15 05:49:36,301 | [DEBUG] : Learning rate is now 0.010000
2023-12-15 05:49:46,139 | [INFO] : New learning rate: 0.009000000000000001
2023-12-15 05:49:47,812 | [DEBUG] : Current model size: 29226 parameters
2023-12-15 05:49:47,812 | [DEBUG] : Current training mode: increased
2023-12-15 05:49:47,812 | [INFO] : no layers were added
2023-12-15 05:49:47,813 | [DEBUG] : Model size was changed to 29226 parameters
2023-12-15 05:49:47,813 | [DEBUG] : Learning rate is now 0.010000
2023-12-15 05:49:57,584 | [INFO] : New learning rate: 0.009000000000000001
2023-12-15 05:49:59,316 | [DEBUG] : Current model size: 29226 parameters
2023-12-15 05:49:59,316 | [DEBUG] : Current training mode: increased
2023-12-15 05:49:59,316 | [INFO] : no layers were added
2023-12-15 05:49:59,317 | [DEBUG] : Model size was changed to 29226 parameters
2023-12-15 05:49:59,317 | [DEBUG] : Learning rate is now 0.010000
2023-12-15 05:50:09,254 | [INFO] : New learning rate: 0.009000000000000001
2023-12-15 05:50:10,934 | [DEBUG] : Current model size: 29226 parameters
2023-12-15 05:50:10,934 | [DEBUG] : Current training mode: increased
2023-12-15 05:50:10,934 | [INFO] : no layers were added
2023-12-15 05:50:10,934 | [DEBUG] : Model size was changed to 29226 parameters
2023-12-15 05:50:10,934 | [DEBUG] : Learning rate is now 0.010000
2023-12-15 05:50:20,746 | [INFO] : New learning rate: 0.009000000000000001
2023-12-15 05:50:22,425 | [DEBUG] : Current model size: 29226 parameters
2023-12-15 05:50:22,425 | [DEBUG] : Current training mode: increased
2023-12-15 05:50:22,425 | [INFO] : no layers were added
2023-12-15 05:50:22,426 | [DEBUG] : Model size was changed to 29226 parameters
2023-12-15 05:50:22,426 | [DEBUG] : Learning rate is now 0.010000
2023-12-15 05:50:32,336 | [INFO] : New learning rate: 0.009000000000000001
2023-12-15 05:50:34,065 | [DEBUG] : Current model size: 29226 parameters
2023-12-15 05:50:34,065 | [DEBUG] : Current training mode: increased
2023-12-15 05:50:34,065 | [INFO] : no layers were added
2023-12-15 05:50:34,066 | [DEBUG] : Model size was changed to 29226 parameters
2023-12-15 05:50:34,066 | [DEBUG] : Learning rate is now 0.010000
2023-12-15 05:50:43,868 | [INFO] : New learning rate: 0.009000000000000001
2023-12-15 05:50:45,564 | [DEBUG] : Current model size: 29226 parameters
2023-12-15 05:50:45,564 | [DEBUG] : Current training mode: increased
2023-12-15 05:50:45,564 | [INFO] : no layers were added
2023-12-15 05:50:45,564 | [DEBUG] : Model size was changed to 29226 parameters
2023-12-15 05:50:45,564 | [DEBUG] : Learning rate is now 0.010000
2023-12-15 05:50:55,506 | [INFO] : New learning rate: 0.009000000000000001
2023-12-15 05:50:57,221 | [DEBUG] : Current model size: 29226 parameters
2023-12-15 05:50:57,221 | [DEBUG] : Current training mode: increased
2023-12-15 05:50:57,221 | [INFO] : no layers were added
2023-12-15 05:50:57,222 | [DEBUG] : Model size was changed to 29226 parameters
2023-12-15 05:50:57,222 | [DEBUG] : Learning rate is now 0.010000
2023-12-15 05:51:07,026 | [INFO] : New learning rate: 0.009000000000000001
2023-12-15 05:51:08,700 | [DEBUG] : Current model size: 29226 parameters
2023-12-15 05:51:08,700 | [DEBUG] : Current training mode: increased
2023-12-15 05:51:08,700 | [INFO] : no layers were added
2023-12-15 05:51:08,700 | [DEBUG] : Model size was changed to 29226 parameters
2023-12-15 05:51:08,700 | [DEBUG] : Learning rate is now 0.010000
2023-12-15 05:51:18,555 | [INFO] : New learning rate: 0.009000000000000001
2023-12-15 05:51:20,234 | [DEBUG] : Current model size: 29226 parameters
2023-12-15 05:51:20,234 | [DEBUG] : Current training mode: increased
2023-12-15 05:51:20,234 | [INFO] : no layers were added
2023-12-15 05:51:20,234 | [DEBUG] : Model size was changed to 29226 parameters
2023-12-15 05:51:20,234 | [DEBUG] : Learning rate is now 0.010000
2023-12-15 05:51:30,042 | [INFO] : New learning rate: 0.009000000000000001
2023-12-15 05:51:31,717 | [DEBUG] : Current model size: 29226 parameters
2023-12-15 05:51:31,717 | [DEBUG] : Current training mode: increased
2023-12-15 05:51:31,717 | [INFO] : no layers were added
2023-12-15 05:51:31,717 | [DEBUG] : Model size was changed to 29226 parameters
2023-12-15 05:51:31,717 | [DEBUG] : Learning rate is now 0.010000
2023-12-15 05:51:41,607 | [INFO] : New learning rate: 0.009000000000000001
2023-12-15 05:51:43,305 | [DEBUG] : Current model size: 29226 parameters
2023-12-15 05:51:43,305 | [DEBUG] : Current training mode: increased
2023-12-15 05:51:43,305 | [INFO] : no layers were added
2023-12-15 05:51:43,306 | [DEBUG] : Model size was changed to 29226 parameters
2023-12-15 05:51:43,306 | [DEBUG] : Learning rate is now 0.010000
2023-12-15 05:51:53,127 | [INFO] : New learning rate: 0.009000000000000001
2023-12-15 05:51:54,808 | [DEBUG] : Current model size: 29226 parameters
2023-12-15 05:51:54,808 | [DEBUG] : Current training mode: increased
2023-12-15 05:51:54,808 | [INFO] : no layers were added
2023-12-15 05:51:54,809 | [DEBUG] : Model size was changed to 29226 parameters
2023-12-15 05:51:54,809 | [DEBUG] : Learning rate is now 0.010000
2023-12-15 05:52:04,643 | [INFO] : New learning rate: 0.009000000000000001
2023-12-15 05:52:06,328 | [DEBUG] : Current model size: 29226 parameters
2023-12-15 05:52:06,329 | [DEBUG] : Current training mode: increased
2023-12-15 05:52:06,329 | [INFO] : no layers were added
2023-12-15 05:52:06,329 | [DEBUG] : Model size was changed to 29226 parameters
2023-12-15 05:52:06,329 | [DEBUG] : Learning rate is now 0.010000
2023-12-15 05:52:16,161 | [INFO] : New learning rate: 0.009000000000000001
2023-12-15 05:52:17,849 | [DEBUG] : Current model size: 29226 parameters
2023-12-15 05:52:17,849 | [DEBUG] : Current training mode: increased
2023-12-15 05:52:17,849 | [INFO] : no layers were added
2023-12-15 05:52:17,849 | [DEBUG] : Model size was changed to 29226 parameters
2023-12-15 05:52:17,850 | [DEBUG] : Learning rate is now 0.010000
2023-12-15 05:52:27,810 | [INFO] : New learning rate: 0.009000000000000001
2023-12-15 05:52:29,605 | [DEBUG] : Current model size: 29226 parameters
2023-12-15 05:52:29,606 | [DEBUG] : Current training mode: increased
2023-12-15 05:52:29,606 | [INFO] : no layers were added
2023-12-15 05:52:29,606 | [DEBUG] : Model size was changed to 29226 parameters
2023-12-15 05:52:29,606 | [DEBUG] : Learning rate is now 0.010000
2023-12-15 05:52:39,363 | [INFO] : New learning rate: 0.009000000000000001
2023-12-15 05:52:41,039 | [DEBUG] : Current model size: 29226 parameters
2023-12-15 05:52:41,039 | [DEBUG] : Current training mode: increased
2023-12-15 05:52:41,040 | [INFO] : no layers were added
2023-12-15 05:52:41,040 | [DEBUG] : Model size was changed to 29226 parameters
2023-12-15 05:52:41,040 | [DEBUG] : Learning rate is now 0.010000
2023-12-15 05:52:50,813 | [INFO] : New learning rate: 0.009000000000000001
2023-12-15 05:52:52,488 | [DEBUG] : Current model size: 29226 parameters
2023-12-15 05:52:52,488 | [DEBUG] : Current training mode: increased
2023-12-15 05:52:52,488 | [INFO] : no layers were added
2023-12-15 05:52:52,488 | [DEBUG] : Model size was changed to 29226 parameters
2023-12-15 05:52:52,488 | [DEBUG] : Learning rate is now 0.010000
2023-12-15 05:53:02,255 | [INFO] : New learning rate: 0.009000000000000001
2023-12-15 05:53:03,923 | [DEBUG] : Current model size: 29226 parameters
2023-12-15 05:53:03,924 | [DEBUG] : Current training mode: increased
2023-12-15 05:53:03,924 | [INFO] : no layers were added
2023-12-15 05:53:03,924 | [DEBUG] : Model size was changed to 29226 parameters
2023-12-15 05:53:03,924 | [DEBUG] : Learning rate is now 0.010000
2023-12-15 05:53:13,724 | [INFO] : New learning rate: 0.009000000000000001
2023-12-15 05:53:15,396 | [DEBUG] : Current model size: 29226 parameters
2023-12-15 05:53:15,396 | [DEBUG] : Current training mode: increased
2023-12-15 05:53:15,396 | [INFO] : no layers were added
2023-12-15 05:53:15,397 | [DEBUG] : Model size was changed to 29226 parameters
2023-12-15 05:53:15,397 | [DEBUG] : Learning rate is now 0.010000
2023-12-15 05:53:25,246 | [INFO] : New learning rate: 0.009000000000000001
2023-12-15 05:53:26,951 | [DEBUG] : Current model size: 29226 parameters
2023-12-15 05:53:26,951 | [DEBUG] : Current training mode: increased
2023-12-15 05:53:26,951 | [INFO] : no layers were added
2023-12-15 05:53:26,951 | [DEBUG] : Model size was changed to 29226 parameters
2023-12-15 05:53:26,951 | [DEBUG] : Learning rate is now 0.010000
2023-12-15 05:53:36,744 | [INFO] : New learning rate: 0.009000000000000001
2023-12-15 05:53:38,459 | [DEBUG] : Current model size: 29226 parameters
2023-12-15 05:53:38,459 | [DEBUG] : Current training mode: increased
2023-12-15 05:53:38,459 | [INFO] : no layers were added
2023-12-15 05:53:38,460 | [DEBUG] : Model size was changed to 29226 parameters
2023-12-15 05:53:38,460 | [DEBUG] : Learning rate is now 0.010000
2023-12-15 05:53:46,347 | [INFO] : training has run out of time
2023-12-15 05:53:46,348 | [INFO] : training53 runtime (h:mm:ss): 0:05:31
2023-12-15 05:53:46,348 | [INFO] : training53 end time: 12/15/2023 05:53:46 AM
2023-12-15 05:53:46,348 | [INFO] : episode 54/64 finished, objective: None
