2023-12-15 01:45:37,871 | [INFO] : training09 start time: 12/15/2023 01:45:37 AM
2023-12-15 01:45:37,874 | [INFO] : Initialized model with weights: results/small_early2/weights.pth
2023-12-15 01:45:37,874 | [DEBUG] : Current model size: 10602 parameters
2023-12-15 01:45:37,874 | [DEBUG] : Current training mode: initial
2023-12-15 01:45:37,898 | [INFO] : GPU allocation changing : going up
2023-12-15 01:45:37,900 | [DEBUG] : Current model size: 10602 parameters
2023-12-15 01:45:37,900 | [DEBUG] : Current training mode: increased
2023-12-15 01:45:37,902 | [INFO] : deepening layer 0/3: Conv2d(3, 32, kernel_size=(3, 3), stride=(1, 1))
2023-12-15 01:45:37,903 | [DEBUG] : Model size was changed to 19914 parameters
2023-12-15 01:45:37,903 | [DEBUG] : Learning rate is now 0.010000
2023-12-15 01:45:47,967 | [INFO] : New learning rate: 0.009000000000000001
2023-12-15 01:45:49,804 | [DEBUG] : Current model size: 19914 parameters
2023-12-15 01:45:49,804 | [DEBUG] : Current training mode: increased
2023-12-15 01:45:49,805 | [INFO] : deepening layer 2/3: Linear(in_features=32, out_features=10, bias=True)
2023-12-15 01:45:49,806 | [DEBUG] : Model size was changed to 20024 parameters
2023-12-15 01:45:49,806 | [DEBUG] : Learning rate is now 0.010000
2023-12-15 01:45:59,907 | [INFO] : New learning rate: 0.009000000000000001
2023-12-15 01:46:01,674 | [DEBUG] : Current model size: 20024 parameters
2023-12-15 01:46:01,674 | [DEBUG] : Current training mode: increased
2023-12-15 01:46:01,676 | [INFO] : deepening layer 1/3: Conv2d(32, 32, kernel_size=(3, 3), stride=(1, 1))
2023-12-15 01:46:01,676 | [DEBUG] : Model size was changed to 29336 parameters
2023-12-15 01:46:01,677 | [DEBUG] : Learning rate is now 0.010000
2023-12-15 01:46:11,984 | [INFO] : New learning rate: 0.009000000000000001
2023-12-15 01:46:13,740 | [DEBUG] : Current model size: 29336 parameters
2023-12-15 01:46:13,740 | [DEBUG] : Current training mode: increased
2023-12-15 01:46:13,741 | [INFO] : no layers were added
2023-12-15 01:46:13,741 | [DEBUG] : Model size was changed to 29336 parameters
2023-12-15 01:46:13,741 | [DEBUG] : Learning rate is now 0.010000
2023-12-15 01:46:23,996 | [INFO] : New learning rate: 0.009000000000000001
2023-12-15 01:46:25,918 | [DEBUG] : Current model size: 29336 parameters
2023-12-15 01:46:25,919 | [DEBUG] : Current training mode: increased
2023-12-15 01:46:25,919 | [INFO] : no layers were added
2023-12-15 01:46:25,919 | [DEBUG] : Model size was changed to 29336 parameters
2023-12-15 01:46:25,919 | [DEBUG] : Learning rate is now 0.010000
2023-12-15 01:46:35,988 | [INFO] : New learning rate: 0.009000000000000001
2023-12-15 01:46:37,960 | [DEBUG] : Current model size: 29336 parameters
2023-12-15 01:46:37,960 | [DEBUG] : Current training mode: increased
2023-12-15 01:46:37,960 | [INFO] : no layers were added
2023-12-15 01:46:37,961 | [DEBUG] : Model size was changed to 29336 parameters
2023-12-15 01:46:37,961 | [DEBUG] : Learning rate is now 0.010000
2023-12-15 01:46:48,133 | [INFO] : New learning rate: 0.009000000000000001
2023-12-15 01:46:50,023 | [DEBUG] : Current model size: 29336 parameters
2023-12-15 01:46:50,023 | [DEBUG] : Current training mode: increased
2023-12-15 01:46:50,023 | [INFO] : no layers were added
2023-12-15 01:46:50,024 | [DEBUG] : Model size was changed to 29336 parameters
2023-12-15 01:46:50,024 | [DEBUG] : Learning rate is now 0.010000
2023-12-15 01:47:00,372 | [INFO] : New learning rate: 0.009000000000000001
2023-12-15 01:47:02,337 | [DEBUG] : Current model size: 29336 parameters
2023-12-15 01:47:02,337 | [DEBUG] : Current training mode: increased
2023-12-15 01:47:02,337 | [INFO] : no layers were added
2023-12-15 01:47:02,338 | [DEBUG] : Model size was changed to 29336 parameters
2023-12-15 01:47:02,338 | [DEBUG] : Learning rate is now 0.010000
2023-12-15 01:47:12,535 | [INFO] : New learning rate: 0.009000000000000001
2023-12-15 01:47:14,550 | [DEBUG] : Current model size: 29336 parameters
2023-12-15 01:47:14,550 | [DEBUG] : Current training mode: increased
2023-12-15 01:47:14,550 | [INFO] : no layers were added
2023-12-15 01:47:14,551 | [DEBUG] : Model size was changed to 29336 parameters
2023-12-15 01:47:14,551 | [DEBUG] : Learning rate is now 0.010000
2023-12-15 01:47:24,739 | [INFO] : New learning rate: 0.009000000000000001
2023-12-15 01:47:26,702 | [DEBUG] : Current model size: 29336 parameters
2023-12-15 01:47:26,702 | [DEBUG] : Current training mode: increased
2023-12-15 01:47:26,702 | [INFO] : no layers were added
2023-12-15 01:47:26,702 | [DEBUG] : Model size was changed to 29336 parameters
2023-12-15 01:47:26,703 | [DEBUG] : Learning rate is now 0.010000
2023-12-15 01:47:36,808 | [INFO] : New learning rate: 0.009000000000000001
2023-12-15 01:47:38,752 | [DEBUG] : Current model size: 29336 parameters
2023-12-15 01:47:38,752 | [DEBUG] : Current training mode: increased
2023-12-15 01:47:38,752 | [INFO] : no layers were added
2023-12-15 01:47:38,753 | [DEBUG] : Model size was changed to 29336 parameters
2023-12-15 01:47:38,753 | [DEBUG] : Learning rate is now 0.010000
2023-12-15 01:47:49,031 | [INFO] : New learning rate: 0.009000000000000001
2023-12-15 01:47:50,839 | [DEBUG] : Current model size: 29336 parameters
2023-12-15 01:47:50,839 | [DEBUG] : Current training mode: increased
2023-12-15 01:47:50,840 | [INFO] : no layers were added
2023-12-15 01:47:50,840 | [DEBUG] : Model size was changed to 29336 parameters
2023-12-15 01:47:50,840 | [DEBUG] : Learning rate is now 0.010000
2023-12-15 01:48:01,187 | [INFO] : New learning rate: 0.009000000000000001
2023-12-15 01:48:03,111 | [DEBUG] : Current model size: 29336 parameters
2023-12-15 01:48:03,111 | [DEBUG] : Current training mode: increased
2023-12-15 01:48:03,111 | [INFO] : no layers were added
2023-12-15 01:48:03,111 | [DEBUG] : Model size was changed to 29336 parameters
2023-12-15 01:48:03,112 | [DEBUG] : Learning rate is now 0.010000
2023-12-15 01:48:13,321 | [INFO] : New learning rate: 0.009000000000000001
2023-12-15 01:48:15,253 | [DEBUG] : Current model size: 29336 parameters
2023-12-15 01:48:15,253 | [DEBUG] : Current training mode: increased
2023-12-15 01:48:15,253 | [INFO] : no layers were added
2023-12-15 01:48:15,254 | [DEBUG] : Model size was changed to 29336 parameters
2023-12-15 01:48:15,254 | [DEBUG] : Learning rate is now 0.010000
2023-12-15 01:48:25,663 | [INFO] : New learning rate: 0.009000000000000001
2023-12-15 01:48:27,661 | [DEBUG] : Current model size: 29336 parameters
2023-12-15 01:48:27,661 | [DEBUG] : Current training mode: increased
2023-12-15 01:48:27,661 | [INFO] : no layers were added
2023-12-15 01:48:27,661 | [DEBUG] : Model size was changed to 29336 parameters
2023-12-15 01:48:27,662 | [DEBUG] : Learning rate is now 0.010000
2023-12-15 01:48:37,852 | [INFO] : New learning rate: 0.009000000000000001
2023-12-15 01:48:39,783 | [DEBUG] : Current model size: 29336 parameters
2023-12-15 01:48:39,783 | [DEBUG] : Current training mode: increased
2023-12-15 01:48:39,783 | [INFO] : no layers were added
2023-12-15 01:48:39,784 | [DEBUG] : Model size was changed to 29336 parameters
2023-12-15 01:48:39,784 | [DEBUG] : Learning rate is now 0.010000
2023-12-15 01:48:50,062 | [INFO] : New learning rate: 0.009000000000000001
2023-12-15 01:48:51,990 | [DEBUG] : Current model size: 29336 parameters
2023-12-15 01:48:51,990 | [DEBUG] : Current training mode: increased
2023-12-15 01:48:51,990 | [INFO] : no layers were added
2023-12-15 01:48:51,991 | [DEBUG] : Model size was changed to 29336 parameters
2023-12-15 01:48:51,991 | [DEBUG] : Learning rate is now 0.010000
2023-12-15 01:49:02,247 | [INFO] : New learning rate: 0.009000000000000001
2023-12-15 01:49:04,164 | [DEBUG] : Current model size: 29336 parameters
2023-12-15 01:49:04,165 | [DEBUG] : Current training mode: increased
2023-12-15 01:49:04,165 | [INFO] : no layers were added
2023-12-15 01:49:04,165 | [DEBUG] : Model size was changed to 29336 parameters
2023-12-15 01:49:04,165 | [DEBUG] : Learning rate is now 0.010000
2023-12-15 01:49:14,455 | [INFO] : New learning rate: 0.009000000000000001
2023-12-15 01:49:16,225 | [DEBUG] : Current model size: 29336 parameters
2023-12-15 01:49:16,225 | [DEBUG] : Current training mode: increased
2023-12-15 01:49:16,225 | [INFO] : no layers were added
2023-12-15 01:49:16,226 | [DEBUG] : Model size was changed to 29336 parameters
2023-12-15 01:49:16,226 | [DEBUG] : Learning rate is now 0.010000
2023-12-15 01:49:26,506 | [INFO] : New learning rate: 0.009000000000000001
2023-12-15 01:49:28,294 | [DEBUG] : Current model size: 29336 parameters
2023-12-15 01:49:28,294 | [DEBUG] : Current training mode: increased
2023-12-15 01:49:28,294 | [INFO] : no layers were added
2023-12-15 01:49:28,295 | [DEBUG] : Model size was changed to 29336 parameters
2023-12-15 01:49:28,295 | [DEBUG] : Learning rate is now 0.010000
2023-12-15 01:49:38,510 | [INFO] : New learning rate: 0.009000000000000001
2023-12-15 01:49:40,348 | [DEBUG] : Current model size: 29336 parameters
2023-12-15 01:49:40,348 | [DEBUG] : Current training mode: increased
2023-12-15 01:49:40,348 | [INFO] : no layers were added
2023-12-15 01:49:40,349 | [DEBUG] : Model size was changed to 29336 parameters
2023-12-15 01:49:40,349 | [DEBUG] : Learning rate is now 0.010000
2023-12-15 01:49:50,510 | [INFO] : New learning rate: 0.009000000000000001
2023-12-15 01:49:52,370 | [DEBUG] : Current model size: 29336 parameters
2023-12-15 01:49:52,370 | [DEBUG] : Current training mode: increased
2023-12-15 01:49:52,370 | [INFO] : no layers were added
2023-12-15 01:49:52,371 | [DEBUG] : Model size was changed to 29336 parameters
2023-12-15 01:49:52,371 | [DEBUG] : Learning rate is now 0.010000
2023-12-15 01:50:02,255 | [INFO] : New learning rate: 0.009000000000000001
2023-12-15 01:50:04,054 | [DEBUG] : Current model size: 29336 parameters
2023-12-15 01:50:04,054 | [DEBUG] : Current training mode: increased
2023-12-15 01:50:04,054 | [INFO] : no layers were added
2023-12-15 01:50:04,054 | [DEBUG] : Model size was changed to 29336 parameters
2023-12-15 01:50:04,054 | [DEBUG] : Learning rate is now 0.010000
2023-12-15 01:50:14,307 | [INFO] : New learning rate: 0.009000000000000001
2023-12-15 01:50:16,074 | [DEBUG] : Current model size: 29336 parameters
2023-12-15 01:50:16,074 | [DEBUG] : Current training mode: increased
2023-12-15 01:50:16,074 | [INFO] : no layers were added
2023-12-15 01:50:16,075 | [DEBUG] : Model size was changed to 29336 parameters
2023-12-15 01:50:16,075 | [DEBUG] : Learning rate is now 0.010000
2023-12-15 01:50:25,983 | [INFO] : New learning rate: 0.009000000000000001
2023-12-15 01:50:27,820 | [DEBUG] : Current model size: 29336 parameters
2023-12-15 01:50:27,821 | [DEBUG] : Current training mode: increased
2023-12-15 01:50:27,821 | [INFO] : no layers were added
2023-12-15 01:50:27,821 | [DEBUG] : Model size was changed to 29336 parameters
2023-12-15 01:50:27,821 | [DEBUG] : Learning rate is now 0.010000
2023-12-15 01:50:38,069 | [INFO] : New learning rate: 0.009000000000000001
2023-12-15 01:50:39,833 | [DEBUG] : Current model size: 29336 parameters
2023-12-15 01:50:39,833 | [DEBUG] : Current training mode: increased
2023-12-15 01:50:39,833 | [INFO] : no layers were added
2023-12-15 01:50:39,833 | [DEBUG] : Model size was changed to 29336 parameters
2023-12-15 01:50:39,833 | [DEBUG] : Learning rate is now 0.010000
2023-12-15 01:50:50,148 | [INFO] : New learning rate: 0.009000000000000001
2023-12-15 01:50:52,036 | [DEBUG] : Current model size: 29336 parameters
2023-12-15 01:50:52,036 | [DEBUG] : Current training mode: increased
2023-12-15 01:50:52,036 | [INFO] : no layers were added
2023-12-15 01:50:52,037 | [DEBUG] : Model size was changed to 29336 parameters
2023-12-15 01:50:52,037 | [DEBUG] : Learning rate is now 0.010000
2023-12-15 01:51:02,401 | [INFO] : New learning rate: 0.009000000000000001
2023-12-15 01:51:04,218 | [DEBUG] : Current model size: 29336 parameters
2023-12-15 01:51:04,218 | [DEBUG] : Current training mode: increased
2023-12-15 01:51:04,218 | [INFO] : no layers were added
2023-12-15 01:51:04,219 | [DEBUG] : Model size was changed to 29336 parameters
2023-12-15 01:51:04,219 | [DEBUG] : Learning rate is now 0.010000
2023-12-15 01:51:07,877 | [INFO] : training has run out of time
2023-12-15 01:51:07,878 | [INFO] : training09 runtime (h:mm:ss): 0:05:31
2023-12-15 01:51:07,879 | [INFO] : training09 end time: 12/15/2023 01:51:07 AM
2023-12-15 01:51:07,879 | [INFO] : episode 10/64 finished, objective: None
