2023-12-15 04:20:01,387 | [INFO] : training37 start time: 12/15/2023 04:20:01 AM
2023-12-15 04:20:01,390 | [INFO] : Initialized model with weights: results/small_early2/weights.pth
2023-12-15 04:20:01,390 | [DEBUG] : Current model size: 10602 parameters
2023-12-15 04:20:01,390 | [DEBUG] : Current training mode: initial
2023-12-15 04:20:01,415 | [INFO] : GPU allocation changing : going up
2023-12-15 04:20:01,417 | [DEBUG] : Current model size: 10602 parameters
2023-12-15 04:20:01,417 | [DEBUG] : Current training mode: increased
2023-12-15 04:20:01,418 | [INFO] : deepening layer 2/3: Linear(in_features=32, out_features=10, bias=True)
2023-12-15 04:20:01,418 | [DEBUG] : Model size was changed to 10712 parameters
2023-12-15 04:20:01,418 | [DEBUG] : Learning rate is now 0.010000
2023-12-15 04:20:11,155 | [INFO] : New learning rate: 0.009000000000000001
2023-12-15 04:20:12,882 | [DEBUG] : Current model size: 10712 parameters
2023-12-15 04:20:12,882 | [DEBUG] : Current training mode: increased
2023-12-15 04:20:12,884 | [INFO] : deepening layer 1/3: Conv2d(32, 32, kernel_size=(3, 3), stride=(1, 1))
2023-12-15 04:20:12,884 | [DEBUG] : Model size was changed to 20024 parameters
2023-12-15 04:20:12,884 | [DEBUG] : Learning rate is now 0.010000
2023-12-15 04:20:22,771 | [INFO] : New learning rate: 0.009000000000000001
2023-12-15 04:20:24,588 | [DEBUG] : Current model size: 20024 parameters
2023-12-15 04:20:24,588 | [DEBUG] : Current training mode: increased
2023-12-15 04:20:24,590 | [INFO] : deepening layer 1/3: Conv2d(32, 32, kernel_size=(3, 3), stride=(1, 1))
2023-12-15 04:20:24,590 | [DEBUG] : Model size was changed to 29336 parameters
2023-12-15 04:20:24,590 | [DEBUG] : Learning rate is now 0.010000
2023-12-15 04:20:34,979 | [INFO] : New learning rate: 0.009000000000000001
2023-12-15 04:20:36,876 | [DEBUG] : Current model size: 29336 parameters
2023-12-15 04:20:36,876 | [DEBUG] : Current training mode: increased
2023-12-15 04:20:36,876 | [INFO] : no layers were added
2023-12-15 04:20:36,877 | [DEBUG] : Model size was changed to 29336 parameters
2023-12-15 04:20:36,877 | [DEBUG] : Learning rate is now 0.010000
2023-12-15 04:20:47,298 | [INFO] : New learning rate: 0.009000000000000001
2023-12-15 04:20:49,129 | [DEBUG] : Current model size: 29336 parameters
2023-12-15 04:20:49,129 | [DEBUG] : Current training mode: increased
2023-12-15 04:20:49,129 | [INFO] : no layers were added
2023-12-15 04:20:49,130 | [DEBUG] : Model size was changed to 29336 parameters
2023-12-15 04:20:49,130 | [DEBUG] : Learning rate is now 0.010000
2023-12-15 04:20:59,583 | [INFO] : New learning rate: 0.009000000000000001
2023-12-15 04:21:01,396 | [DEBUG] : Current model size: 29336 parameters
2023-12-15 04:21:01,396 | [DEBUG] : Current training mode: increased
2023-12-15 04:21:01,396 | [INFO] : no layers were added
2023-12-15 04:21:01,396 | [DEBUG] : Model size was changed to 29336 parameters
2023-12-15 04:21:01,396 | [DEBUG] : Learning rate is now 0.010000
2023-12-15 04:21:11,722 | [INFO] : New learning rate: 0.009000000000000001
2023-12-15 04:21:13,672 | [DEBUG] : Current model size: 29336 parameters
2023-12-15 04:21:13,672 | [DEBUG] : Current training mode: increased
2023-12-15 04:21:13,672 | [INFO] : no layers were added
2023-12-15 04:21:13,673 | [DEBUG] : Model size was changed to 29336 parameters
2023-12-15 04:21:13,673 | [DEBUG] : Learning rate is now 0.010000
2023-12-15 04:21:23,953 | [INFO] : New learning rate: 0.009000000000000001
2023-12-15 04:21:25,714 | [DEBUG] : Current model size: 29336 parameters
2023-12-15 04:21:25,714 | [DEBUG] : Current training mode: increased
2023-12-15 04:21:25,715 | [INFO] : no layers were added
2023-12-15 04:21:25,715 | [DEBUG] : Model size was changed to 29336 parameters
2023-12-15 04:21:25,715 | [DEBUG] : Learning rate is now 0.010000
2023-12-15 04:21:36,029 | [INFO] : New learning rate: 0.009000000000000001
2023-12-15 04:21:37,815 | [DEBUG] : Current model size: 29336 parameters
2023-12-15 04:21:37,815 | [DEBUG] : Current training mode: increased
2023-12-15 04:21:37,816 | [INFO] : no layers were added
2023-12-15 04:21:37,816 | [DEBUG] : Model size was changed to 29336 parameters
2023-12-15 04:21:37,816 | [DEBUG] : Learning rate is now 0.010000
2023-12-15 04:21:48,062 | [INFO] : New learning rate: 0.009000000000000001
2023-12-15 04:21:49,917 | [DEBUG] : Current model size: 29336 parameters
2023-12-15 04:21:49,917 | [DEBUG] : Current training mode: increased
2023-12-15 04:21:49,917 | [INFO] : no layers were added
2023-12-15 04:21:49,917 | [DEBUG] : Model size was changed to 29336 parameters
2023-12-15 04:21:49,918 | [DEBUG] : Learning rate is now 0.010000
2023-12-15 04:22:00,414 | [INFO] : New learning rate: 0.009000000000000001
2023-12-15 04:22:02,329 | [DEBUG] : Current model size: 29336 parameters
2023-12-15 04:22:02,329 | [DEBUG] : Current training mode: increased
2023-12-15 04:22:02,329 | [INFO] : no layers were added
2023-12-15 04:22:02,330 | [DEBUG] : Model size was changed to 29336 parameters
2023-12-15 04:22:02,330 | [DEBUG] : Learning rate is now 0.010000
2023-12-15 04:22:12,848 | [INFO] : New learning rate: 0.009000000000000001
2023-12-15 04:22:14,699 | [DEBUG] : Current model size: 29336 parameters
2023-12-15 04:22:14,699 | [DEBUG] : Current training mode: increased
2023-12-15 04:22:14,699 | [INFO] : no layers were added
2023-12-15 04:22:14,700 | [DEBUG] : Model size was changed to 29336 parameters
2023-12-15 04:22:14,700 | [DEBUG] : Learning rate is now 0.010000
2023-12-15 04:22:25,144 | [INFO] : New learning rate: 0.009000000000000001
2023-12-15 04:22:26,913 | [DEBUG] : Current model size: 29336 parameters
2023-12-15 04:22:26,913 | [DEBUG] : Current training mode: increased
2023-12-15 04:22:26,913 | [INFO] : no layers were added
2023-12-15 04:22:26,914 | [DEBUG] : Model size was changed to 29336 parameters
2023-12-15 04:22:26,914 | [DEBUG] : Learning rate is now 0.010000
2023-12-15 04:22:37,421 | [INFO] : New learning rate: 0.009000000000000001
2023-12-15 04:22:39,183 | [DEBUG] : Current model size: 29336 parameters
2023-12-15 04:22:39,183 | [DEBUG] : Current training mode: increased
2023-12-15 04:22:39,184 | [INFO] : no layers were added
2023-12-15 04:22:39,184 | [DEBUG] : Model size was changed to 29336 parameters
2023-12-15 04:22:39,184 | [DEBUG] : Learning rate is now 0.010000
2023-12-15 04:22:49,564 | [INFO] : New learning rate: 0.009000000000000001
2023-12-15 04:22:51,360 | [DEBUG] : Current model size: 29336 parameters
2023-12-15 04:22:51,360 | [DEBUG] : Current training mode: increased
2023-12-15 04:22:51,360 | [INFO] : no layers were added
2023-12-15 04:22:51,360 | [DEBUG] : Model size was changed to 29336 parameters
2023-12-15 04:22:51,361 | [DEBUG] : Learning rate is now 0.010000
2023-12-15 04:23:01,556 | [INFO] : New learning rate: 0.009000000000000001
2023-12-15 04:23:03,336 | [DEBUG] : Current model size: 29336 parameters
2023-12-15 04:23:03,336 | [DEBUG] : Current training mode: increased
2023-12-15 04:23:03,336 | [INFO] : no layers were added
2023-12-15 04:23:03,337 | [DEBUG] : Model size was changed to 29336 parameters
2023-12-15 04:23:03,337 | [DEBUG] : Learning rate is now 0.010000
2023-12-15 04:23:13,610 | [INFO] : New learning rate: 0.009000000000000001
2023-12-15 04:23:15,360 | [DEBUG] : Current model size: 29336 parameters
2023-12-15 04:23:15,361 | [DEBUG] : Current training mode: increased
2023-12-15 04:23:15,361 | [INFO] : no layers were added
2023-12-15 04:23:15,361 | [DEBUG] : Model size was changed to 29336 parameters
2023-12-15 04:23:15,361 | [DEBUG] : Learning rate is now 0.010000
2023-12-15 04:23:25,616 | [INFO] : New learning rate: 0.009000000000000001
2023-12-15 04:23:27,462 | [DEBUG] : Current model size: 29336 parameters
2023-12-15 04:23:27,462 | [DEBUG] : Current training mode: increased
2023-12-15 04:23:27,462 | [INFO] : no layers were added
2023-12-15 04:23:27,462 | [DEBUG] : Model size was changed to 29336 parameters
2023-12-15 04:23:27,463 | [DEBUG] : Learning rate is now 0.010000
2023-12-15 04:23:37,670 | [INFO] : New learning rate: 0.009000000000000001
2023-12-15 04:23:39,477 | [DEBUG] : Current model size: 29336 parameters
2023-12-15 04:23:39,478 | [DEBUG] : Current training mode: increased
2023-12-15 04:23:39,478 | [INFO] : no layers were added
2023-12-15 04:23:39,478 | [DEBUG] : Model size was changed to 29336 parameters
2023-12-15 04:23:39,478 | [DEBUG] : Learning rate is now 0.010000
2023-12-15 04:23:49,733 | [INFO] : New learning rate: 0.009000000000000001
2023-12-15 04:23:51,485 | [DEBUG] : Current model size: 29336 parameters
2023-12-15 04:23:51,485 | [DEBUG] : Current training mode: increased
2023-12-15 04:23:51,486 | [INFO] : no layers were added
2023-12-15 04:23:51,486 | [DEBUG] : Model size was changed to 29336 parameters
2023-12-15 04:23:51,486 | [DEBUG] : Learning rate is now 0.010000
2023-12-15 04:24:01,710 | [INFO] : New learning rate: 0.009000000000000001
2023-12-15 04:24:03,478 | [DEBUG] : Current model size: 29336 parameters
2023-12-15 04:24:03,478 | [DEBUG] : Current training mode: increased
2023-12-15 04:24:03,478 | [INFO] : no layers were added
2023-12-15 04:24:03,479 | [DEBUG] : Model size was changed to 29336 parameters
2023-12-15 04:24:03,479 | [DEBUG] : Learning rate is now 0.010000
2023-12-15 04:24:13,496 | [INFO] : New learning rate: 0.009000000000000001
2023-12-15 04:24:15,453 | [DEBUG] : Current model size: 29336 parameters
2023-12-15 04:24:15,453 | [DEBUG] : Current training mode: increased
2023-12-15 04:24:15,453 | [INFO] : no layers were added
2023-12-15 04:24:15,453 | [DEBUG] : Model size was changed to 29336 parameters
2023-12-15 04:24:15,453 | [DEBUG] : Learning rate is now 0.010000
2023-12-15 04:24:25,700 | [INFO] : New learning rate: 0.009000000000000001
2023-12-15 04:24:27,570 | [DEBUG] : Current model size: 29336 parameters
2023-12-15 04:24:27,570 | [DEBUG] : Current training mode: increased
2023-12-15 04:24:27,570 | [INFO] : no layers were added
2023-12-15 04:24:27,571 | [DEBUG] : Model size was changed to 29336 parameters
2023-12-15 04:24:27,571 | [DEBUG] : Learning rate is now 0.010000
2023-12-15 04:24:37,803 | [INFO] : New learning rate: 0.009000000000000001
2023-12-15 04:24:39,562 | [DEBUG] : Current model size: 29336 parameters
2023-12-15 04:24:39,562 | [DEBUG] : Current training mode: increased
2023-12-15 04:24:39,562 | [INFO] : no layers were added
2023-12-15 04:24:39,562 | [DEBUG] : Model size was changed to 29336 parameters
2023-12-15 04:24:39,563 | [DEBUG] : Learning rate is now 0.010000
2023-12-15 04:24:49,861 | [INFO] : New learning rate: 0.009000000000000001
2023-12-15 04:24:51,630 | [DEBUG] : Current model size: 29336 parameters
2023-12-15 04:24:51,630 | [DEBUG] : Current training mode: increased
2023-12-15 04:24:51,631 | [INFO] : no layers were added
2023-12-15 04:24:51,631 | [DEBUG] : Model size was changed to 29336 parameters
2023-12-15 04:24:51,631 | [DEBUG] : Learning rate is now 0.010000
2023-12-15 04:25:02,008 | [INFO] : New learning rate: 0.009000000000000001
2023-12-15 04:25:03,793 | [DEBUG] : Current model size: 29336 parameters
2023-12-15 04:25:03,793 | [DEBUG] : Current training mode: increased
2023-12-15 04:25:03,793 | [INFO] : no layers were added
2023-12-15 04:25:03,793 | [DEBUG] : Model size was changed to 29336 parameters
2023-12-15 04:25:03,793 | [DEBUG] : Learning rate is now 0.010000
2023-12-15 04:25:14,130 | [INFO] : New learning rate: 0.009000000000000001
2023-12-15 04:25:15,923 | [DEBUG] : Current model size: 29336 parameters
2023-12-15 04:25:15,924 | [DEBUG] : Current training mode: increased
2023-12-15 04:25:15,924 | [INFO] : no layers were added
2023-12-15 04:25:15,924 | [DEBUG] : Model size was changed to 29336 parameters
2023-12-15 04:25:15,924 | [DEBUG] : Learning rate is now 0.010000
2023-12-15 04:25:26,318 | [INFO] : New learning rate: 0.009000000000000001
2023-12-15 04:25:28,082 | [DEBUG] : Current model size: 29336 parameters
2023-12-15 04:25:28,083 | [DEBUG] : Current training mode: increased
2023-12-15 04:25:28,083 | [INFO] : no layers were added
2023-12-15 04:25:28,083 | [DEBUG] : Model size was changed to 29336 parameters
2023-12-15 04:25:28,083 | [DEBUG] : Learning rate is now 0.010000
2023-12-15 04:25:31,391 | [INFO] : training has run out of time
2023-12-15 04:25:31,392 | [INFO] : training37 runtime (h:mm:ss): 0:05:31
2023-12-15 04:25:31,393 | [INFO] : training37 end time: 12/15/2023 04:25:31 AM
2023-12-15 04:25:31,393 | [INFO] : episode 38/64 finished, objective: None
