2023-12-15 06:15:50,938 | [INFO] : training58 start time: 12/15/2023 06:15:50 AM
2023-12-15 06:15:50,941 | [INFO] : Initialized model with weights: results/small_early2/weights.pth
2023-12-15 06:15:50,941 | [DEBUG] : Current model size: 10602 parameters
2023-12-15 06:15:50,941 | [DEBUG] : Current training mode: initial
2023-12-15 06:15:50,955 | [INFO] : GPU allocation changing : going up
2023-12-15 06:15:50,957 | [DEBUG] : Current model size: 10602 parameters
2023-12-15 06:15:50,957 | [DEBUG] : Current training mode: increased
2023-12-15 06:15:50,957 | [INFO] : no layers were added
2023-12-15 06:15:50,957 | [DEBUG] : Model size was changed to 10602 parameters
2023-12-15 06:15:50,957 | [DEBUG] : Learning rate is now 0.010000
2023-12-15 06:16:00,113 | [INFO] : New learning rate: 0.009000000000000001
2023-12-15 06:16:01,780 | [DEBUG] : Current model size: 10602 parameters
2023-12-15 06:16:01,780 | [DEBUG] : Current training mode: increased
2023-12-15 06:16:01,781 | [INFO] : deepening layer 2/3: Linear(in_features=32, out_features=10, bias=True)
2023-12-15 06:16:01,781 | [DEBUG] : Model size was changed to 10712 parameters
2023-12-15 06:16:01,781 | [DEBUG] : Learning rate is now 0.010000
2023-12-15 06:16:11,071 | [INFO] : New learning rate: 0.009000000000000001
2023-12-15 06:16:12,715 | [DEBUG] : Current model size: 10712 parameters
2023-12-15 06:16:12,715 | [DEBUG] : Current training mode: increased
2023-12-15 06:16:12,715 | [INFO] : deepening layer 2/3: Linear(in_features=32, out_features=10, bias=True)
2023-12-15 06:16:12,716 | [DEBUG] : Model size was changed to 10822 parameters
2023-12-15 06:16:12,716 | [DEBUG] : Learning rate is now 0.010000
2023-12-15 06:16:22,131 | [INFO] : New learning rate: 0.009000000000000001
2023-12-15 06:16:23,788 | [DEBUG] : Current model size: 10822 parameters
2023-12-15 06:16:23,788 | [DEBUG] : Current training mode: increased
2023-12-15 06:16:23,789 | [INFO] : no layers were added
2023-12-15 06:16:23,789 | [DEBUG] : Model size was changed to 10822 parameters
2023-12-15 06:16:23,789 | [DEBUG] : Learning rate is now 0.010000
2023-12-15 06:16:33,218 | [INFO] : New learning rate: 0.009000000000000001
2023-12-15 06:16:34,879 | [DEBUG] : Current model size: 10822 parameters
2023-12-15 06:16:34,879 | [DEBUG] : Current training mode: increased
2023-12-15 06:16:34,879 | [INFO] : no layers were added
2023-12-15 06:16:34,880 | [DEBUG] : Model size was changed to 10822 parameters
2023-12-15 06:16:34,880 | [DEBUG] : Learning rate is now 0.010000
2023-12-15 06:16:44,303 | [INFO] : New learning rate: 0.009000000000000001
2023-12-15 06:16:45,972 | [DEBUG] : Current model size: 10822 parameters
2023-12-15 06:16:45,972 | [DEBUG] : Current training mode: increased
2023-12-15 06:16:45,973 | [INFO] : no layers were added
2023-12-15 06:16:45,973 | [DEBUG] : Model size was changed to 10822 parameters
2023-12-15 06:16:45,973 | [DEBUG] : Learning rate is now 0.010000
2023-12-15 06:16:55,549 | [INFO] : New learning rate: 0.009000000000000001
2023-12-15 06:16:57,207 | [DEBUG] : Current model size: 10822 parameters
2023-12-15 06:16:57,208 | [DEBUG] : Current training mode: increased
2023-12-15 06:16:57,208 | [INFO] : no layers were added
2023-12-15 06:16:57,208 | [DEBUG] : Model size was changed to 10822 parameters
2023-12-15 06:16:57,208 | [DEBUG] : Learning rate is now 0.010000
2023-12-15 06:17:06,914 | [INFO] : New learning rate: 0.009000000000000001
2023-12-15 06:17:08,602 | [DEBUG] : Current model size: 10822 parameters
2023-12-15 06:17:08,602 | [DEBUG] : Current training mode: increased
2023-12-15 06:17:08,602 | [INFO] : no layers were added
2023-12-15 06:17:08,602 | [DEBUG] : Model size was changed to 10822 parameters
2023-12-15 06:17:08,602 | [DEBUG] : Learning rate is now 0.010000
2023-12-15 06:17:18,182 | [INFO] : New learning rate: 0.009000000000000001
2023-12-15 06:17:19,919 | [DEBUG] : Current model size: 10822 parameters
2023-12-15 06:17:19,920 | [DEBUG] : Current training mode: increased
2023-12-15 06:17:19,920 | [INFO] : no layers were added
2023-12-15 06:17:19,920 | [DEBUG] : Model size was changed to 10822 parameters
2023-12-15 06:17:19,920 | [DEBUG] : Learning rate is now 0.010000
2023-12-15 06:17:29,429 | [INFO] : New learning rate: 0.009000000000000001
2023-12-15 06:17:31,081 | [DEBUG] : Current model size: 10822 parameters
2023-12-15 06:17:31,081 | [DEBUG] : Current training mode: increased
2023-12-15 06:17:31,081 | [INFO] : no layers were added
2023-12-15 06:17:31,081 | [DEBUG] : Model size was changed to 10822 parameters
2023-12-15 06:17:31,081 | [DEBUG] : Learning rate is now 0.010000
2023-12-15 06:17:40,591 | [INFO] : New learning rate: 0.009000000000000001
2023-12-15 06:17:42,245 | [DEBUG] : Current model size: 10822 parameters
2023-12-15 06:17:42,245 | [DEBUG] : Current training mode: increased
2023-12-15 06:17:42,245 | [INFO] : no layers were added
2023-12-15 06:17:42,245 | [DEBUG] : Model size was changed to 10822 parameters
2023-12-15 06:17:42,245 | [DEBUG] : Learning rate is now 0.010000
2023-12-15 06:17:51,823 | [INFO] : New learning rate: 0.009000000000000001
2023-12-15 06:17:53,469 | [DEBUG] : Current model size: 10822 parameters
2023-12-15 06:17:53,469 | [DEBUG] : Current training mode: increased
2023-12-15 06:17:53,469 | [INFO] : no layers were added
2023-12-15 06:17:53,469 | [DEBUG] : Model size was changed to 10822 parameters
2023-12-15 06:17:53,469 | [DEBUG] : Learning rate is now 0.010000
2023-12-15 06:18:02,976 | [INFO] : New learning rate: 0.009000000000000001
2023-12-15 06:18:04,629 | [DEBUG] : Current model size: 10822 parameters
2023-12-15 06:18:04,629 | [DEBUG] : Current training mode: increased
2023-12-15 06:18:04,629 | [INFO] : no layers were added
2023-12-15 06:18:04,629 | [DEBUG] : Model size was changed to 10822 parameters
2023-12-15 06:18:04,629 | [DEBUG] : Learning rate is now 0.010000
2023-12-15 06:18:14,190 | [INFO] : New learning rate: 0.009000000000000001
2023-12-15 06:18:15,837 | [DEBUG] : Current model size: 10822 parameters
2023-12-15 06:18:15,837 | [DEBUG] : Current training mode: increased
2023-12-15 06:18:15,837 | [INFO] : no layers were added
2023-12-15 06:18:15,837 | [DEBUG] : Model size was changed to 10822 parameters
2023-12-15 06:18:15,837 | [DEBUG] : Learning rate is now 0.010000
2023-12-15 06:18:25,325 | [INFO] : New learning rate: 0.009000000000000001
2023-12-15 06:18:27,041 | [DEBUG] : Current model size: 10822 parameters
2023-12-15 06:18:27,041 | [DEBUG] : Current training mode: increased
2023-12-15 06:18:27,041 | [INFO] : no layers were added
2023-12-15 06:18:27,041 | [DEBUG] : Model size was changed to 10822 parameters
2023-12-15 06:18:27,042 | [DEBUG] : Learning rate is now 0.010000
2023-12-15 06:18:36,604 | [INFO] : New learning rate: 0.009000000000000001
2023-12-15 06:18:38,260 | [DEBUG] : Current model size: 10822 parameters
2023-12-15 06:18:38,260 | [DEBUG] : Current training mode: increased
2023-12-15 06:18:38,260 | [INFO] : no layers were added
2023-12-15 06:18:38,260 | [DEBUG] : Model size was changed to 10822 parameters
2023-12-15 06:18:38,261 | [DEBUG] : Learning rate is now 0.010000
2023-12-15 06:18:47,846 | [INFO] : New learning rate: 0.009000000000000001
2023-12-15 06:18:49,556 | [DEBUG] : Current model size: 10822 parameters
2023-12-15 06:18:49,556 | [DEBUG] : Current training mode: increased
2023-12-15 06:18:49,557 | [INFO] : no layers were added
2023-12-15 06:18:49,557 | [DEBUG] : Model size was changed to 10822 parameters
2023-12-15 06:18:49,557 | [DEBUG] : Learning rate is now 0.010000
2023-12-15 06:18:58,989 | [INFO] : New learning rate: 0.009000000000000001
2023-12-15 06:19:00,638 | [DEBUG] : Current model size: 10822 parameters
2023-12-15 06:19:00,638 | [DEBUG] : Current training mode: increased
2023-12-15 06:19:00,638 | [INFO] : no layers were added
2023-12-15 06:19:00,639 | [DEBUG] : Model size was changed to 10822 parameters
2023-12-15 06:19:00,639 | [DEBUG] : Learning rate is now 0.010000
2023-12-15 06:19:10,227 | [INFO] : New learning rate: 0.009000000000000001
2023-12-15 06:19:11,878 | [DEBUG] : Current model size: 10822 parameters
2023-12-15 06:19:11,878 | [DEBUG] : Current training mode: increased
2023-12-15 06:19:11,878 | [INFO] : no layers were added
2023-12-15 06:19:11,879 | [DEBUG] : Model size was changed to 10822 parameters
2023-12-15 06:19:11,879 | [DEBUG] : Learning rate is now 0.010000
2023-12-15 06:19:21,524 | [INFO] : New learning rate: 0.009000000000000001
2023-12-15 06:19:23,203 | [DEBUG] : Current model size: 10822 parameters
2023-12-15 06:19:23,203 | [DEBUG] : Current training mode: increased
2023-12-15 06:19:23,203 | [INFO] : no layers were added
2023-12-15 06:19:23,204 | [DEBUG] : Model size was changed to 10822 parameters
2023-12-15 06:19:23,204 | [DEBUG] : Learning rate is now 0.010000
2023-12-15 06:19:32,673 | [INFO] : New learning rate: 0.009000000000000001
2023-12-15 06:19:34,318 | [DEBUG] : Current model size: 10822 parameters
2023-12-15 06:19:34,318 | [DEBUG] : Current training mode: increased
2023-12-15 06:19:34,319 | [INFO] : no layers were added
2023-12-15 06:19:34,319 | [DEBUG] : Model size was changed to 10822 parameters
2023-12-15 06:19:34,319 | [DEBUG] : Learning rate is now 0.010000
2023-12-15 06:19:43,893 | [INFO] : New learning rate: 0.009000000000000001
2023-12-15 06:19:45,535 | [DEBUG] : Current model size: 10822 parameters
2023-12-15 06:19:45,535 | [DEBUG] : Current training mode: increased
2023-12-15 06:19:45,535 | [INFO] : no layers were added
2023-12-15 06:19:45,535 | [DEBUG] : Model size was changed to 10822 parameters
2023-12-15 06:19:45,535 | [DEBUG] : Learning rate is now 0.010000
2023-12-15 06:19:54,911 | [INFO] : New learning rate: 0.009000000000000001
2023-12-15 06:19:56,551 | [DEBUG] : Current model size: 10822 parameters
2023-12-15 06:19:56,551 | [DEBUG] : Current training mode: increased
2023-12-15 06:19:56,552 | [INFO] : no layers were added
2023-12-15 06:19:56,552 | [DEBUG] : Model size was changed to 10822 parameters
2023-12-15 06:19:56,552 | [DEBUG] : Learning rate is now 0.010000
2023-12-15 06:20:06,001 | [INFO] : New learning rate: 0.009000000000000001
2023-12-15 06:20:07,638 | [DEBUG] : Current model size: 10822 parameters
2023-12-15 06:20:07,638 | [DEBUG] : Current training mode: increased
2023-12-15 06:20:07,638 | [INFO] : no layers were added
2023-12-15 06:20:07,639 | [DEBUG] : Model size was changed to 10822 parameters
2023-12-15 06:20:07,639 | [DEBUG] : Learning rate is now 0.010000
2023-12-15 06:20:17,160 | [INFO] : New learning rate: 0.009000000000000001
2023-12-15 06:20:18,881 | [DEBUG] : Current model size: 10822 parameters
2023-12-15 06:20:18,881 | [DEBUG] : Current training mode: increased
2023-12-15 06:20:18,882 | [INFO] : no layers were added
2023-12-15 06:20:18,882 | [DEBUG] : Model size was changed to 10822 parameters
2023-12-15 06:20:18,882 | [DEBUG] : Learning rate is now 0.010000
2023-12-15 06:20:28,318 | [INFO] : New learning rate: 0.009000000000000001
2023-12-15 06:20:30,023 | [DEBUG] : Current model size: 10822 parameters
2023-12-15 06:20:30,023 | [DEBUG] : Current training mode: increased
2023-12-15 06:20:30,023 | [INFO] : no layers were added
2023-12-15 06:20:30,024 | [DEBUG] : Model size was changed to 10822 parameters
2023-12-15 06:20:30,024 | [DEBUG] : Learning rate is now 0.010000
2023-12-15 06:20:39,468 | [INFO] : New learning rate: 0.009000000000000001
2023-12-15 06:20:41,147 | [DEBUG] : Current model size: 10822 parameters
2023-12-15 06:20:41,147 | [DEBUG] : Current training mode: increased
2023-12-15 06:20:41,147 | [INFO] : no layers were added
2023-12-15 06:20:41,147 | [DEBUG] : Model size was changed to 10822 parameters
2023-12-15 06:20:41,148 | [DEBUG] : Learning rate is now 0.010000
2023-12-15 06:20:50,635 | [INFO] : New learning rate: 0.009000000000000001
2023-12-15 06:20:52,278 | [DEBUG] : Current model size: 10822 parameters
2023-12-15 06:20:52,278 | [DEBUG] : Current training mode: increased
2023-12-15 06:20:52,278 | [INFO] : no layers were added
2023-12-15 06:20:52,278 | [DEBUG] : Model size was changed to 10822 parameters
2023-12-15 06:20:52,278 | [DEBUG] : Learning rate is now 0.010000
2023-12-15 06:21:01,821 | [INFO] : New learning rate: 0.009000000000000001
2023-12-15 06:21:03,489 | [DEBUG] : Current model size: 10822 parameters
2023-12-15 06:21:03,489 | [DEBUG] : Current training mode: increased
2023-12-15 06:21:03,489 | [INFO] : no layers were added
2023-12-15 06:21:03,490 | [DEBUG] : Model size was changed to 10822 parameters
2023-12-15 06:21:03,490 | [DEBUG] : Learning rate is now 0.010000
2023-12-15 06:21:13,027 | [INFO] : New learning rate: 0.009000000000000001
2023-12-15 06:21:14,716 | [DEBUG] : Current model size: 10822 parameters
2023-12-15 06:21:14,717 | [DEBUG] : Current training mode: increased
2023-12-15 06:21:14,717 | [INFO] : no layers were added
2023-12-15 06:21:14,717 | [DEBUG] : Model size was changed to 10822 parameters
2023-12-15 06:21:14,717 | [DEBUG] : Learning rate is now 0.010000
2023-12-15 06:21:20,948 | [INFO] : training has run out of time
2023-12-15 06:21:20,949 | [INFO] : training58 runtime (h:mm:ss): 0:05:31
2023-12-15 06:21:20,949 | [INFO] : training58 end time: 12/15/2023 06:21:20 AM
2023-12-15 06:21:20,949 | [INFO] : episode 59/64 finished, objective: None
