2023-12-15 03:35:53,888 | [INFO] : training29 start time: 12/15/2023 03:35:53 AM
2023-12-15 03:35:53,893 | [INFO] : Initialized model with weights: results/small_early2/weights.pth
2023-12-15 03:35:53,893 | [DEBUG] : Current model size: 10602 parameters
2023-12-15 03:35:53,893 | [DEBUG] : Current training mode: initial
2023-12-15 03:35:53,910 | [INFO] : GPU allocation changing : going up
2023-12-15 03:35:53,912 | [DEBUG] : Current model size: 10602 parameters
2023-12-15 03:35:53,912 | [DEBUG] : Current training mode: increased
2023-12-15 03:35:53,914 | [INFO] : deepening layer 1/3: Conv2d(32, 32, kernel_size=(3, 3), stride=(1, 1))
2023-12-15 03:35:53,914 | [DEBUG] : Model size was changed to 19914 parameters
2023-12-15 03:35:53,914 | [DEBUG] : Learning rate is now 0.010000
2023-12-15 03:36:03,795 | [INFO] : New learning rate: 0.009000000000000001
2023-12-15 03:36:05,763 | [DEBUG] : Current model size: 19914 parameters
2023-12-15 03:36:05,763 | [DEBUG] : Current training mode: increased
2023-12-15 03:36:05,763 | [INFO] : no layers were added
2023-12-15 03:36:05,764 | [DEBUG] : Model size was changed to 19914 parameters
2023-12-15 03:36:05,764 | [DEBUG] : Learning rate is now 0.010000
2023-12-15 03:36:15,624 | [INFO] : New learning rate: 0.009000000000000001
2023-12-15 03:36:17,444 | [DEBUG] : Current model size: 19914 parameters
2023-12-15 03:36:17,444 | [DEBUG] : Current training mode: increased
2023-12-15 03:36:17,446 | [INFO] : deepening layer 1/3: Conv2d(32, 32, kernel_size=(3, 3), stride=(1, 1))
2023-12-15 03:36:17,446 | [DEBUG] : Model size was changed to 29226 parameters
2023-12-15 03:36:17,446 | [DEBUG] : Learning rate is now 0.010000
2023-12-15 03:36:27,532 | [INFO] : New learning rate: 0.009000000000000001
2023-12-15 03:36:29,518 | [DEBUG] : Current model size: 29226 parameters
2023-12-15 03:36:29,518 | [DEBUG] : Current training mode: increased
2023-12-15 03:36:29,518 | [INFO] : no layers were added
2023-12-15 03:36:29,519 | [DEBUG] : Model size was changed to 29226 parameters
2023-12-15 03:36:29,519 | [DEBUG] : Learning rate is now 0.010000
2023-12-15 03:36:39,239 | [INFO] : New learning rate: 0.009000000000000001
2023-12-15 03:36:41,177 | [DEBUG] : Current model size: 29226 parameters
2023-12-15 03:36:41,177 | [DEBUG] : Current training mode: increased
2023-12-15 03:36:41,177 | [INFO] : no layers were added
2023-12-15 03:36:41,178 | [DEBUG] : Model size was changed to 29226 parameters
2023-12-15 03:36:41,178 | [DEBUG] : Learning rate is now 0.010000
2023-12-15 03:36:51,101 | [INFO] : New learning rate: 0.009000000000000001
2023-12-15 03:36:52,941 | [DEBUG] : Current model size: 29226 parameters
2023-12-15 03:36:52,941 | [DEBUG] : Current training mode: increased
2023-12-15 03:36:52,941 | [INFO] : no layers were added
2023-12-15 03:36:52,942 | [DEBUG] : Model size was changed to 29226 parameters
2023-12-15 03:36:52,942 | [DEBUG] : Learning rate is now 0.010000
2023-12-15 03:37:03,195 | [INFO] : New learning rate: 0.009000000000000001
2023-12-15 03:37:05,445 | [DEBUG] : Current model size: 29226 parameters
2023-12-15 03:37:05,445 | [DEBUG] : Current training mode: increased
2023-12-15 03:37:05,445 | [INFO] : no layers were added
2023-12-15 03:37:05,446 | [DEBUG] : Model size was changed to 29226 parameters
2023-12-15 03:37:05,446 | [DEBUG] : Learning rate is now 0.010000
2023-12-15 03:37:15,299 | [INFO] : New learning rate: 0.009000000000000001
2023-12-15 03:37:17,235 | [DEBUG] : Current model size: 29226 parameters
2023-12-15 03:37:17,235 | [DEBUG] : Current training mode: increased
2023-12-15 03:37:17,236 | [INFO] : no layers were added
2023-12-15 03:37:17,236 | [DEBUG] : Model size was changed to 29226 parameters
2023-12-15 03:37:17,236 | [DEBUG] : Learning rate is now 0.010000
2023-12-15 03:37:27,286 | [INFO] : New learning rate: 0.009000000000000001
2023-12-15 03:37:29,269 | [DEBUG] : Current model size: 29226 parameters
2023-12-15 03:37:29,269 | [DEBUG] : Current training mode: increased
2023-12-15 03:37:29,269 | [INFO] : no layers were added
2023-12-15 03:37:29,270 | [DEBUG] : Model size was changed to 29226 parameters
2023-12-15 03:37:29,270 | [DEBUG] : Learning rate is now 0.010000
2023-12-15 03:37:39,323 | [INFO] : New learning rate: 0.009000000000000001
2023-12-15 03:37:41,277 | [DEBUG] : Current model size: 29226 parameters
2023-12-15 03:37:41,277 | [DEBUG] : Current training mode: increased
2023-12-15 03:37:41,277 | [INFO] : no layers were added
2023-12-15 03:37:41,277 | [DEBUG] : Model size was changed to 29226 parameters
2023-12-15 03:37:41,278 | [DEBUG] : Learning rate is now 0.010000
2023-12-15 03:37:51,523 | [INFO] : New learning rate: 0.009000000000000001
2023-12-15 03:37:53,309 | [DEBUG] : Current model size: 29226 parameters
2023-12-15 03:37:53,309 | [DEBUG] : Current training mode: increased
2023-12-15 03:37:53,309 | [INFO] : no layers were added
2023-12-15 03:37:53,309 | [DEBUG] : Model size was changed to 29226 parameters
2023-12-15 03:37:53,309 | [DEBUG] : Learning rate is now 0.010000
2023-12-15 03:38:03,646 | [INFO] : New learning rate: 0.009000000000000001
2023-12-15 03:38:05,445 | [DEBUG] : Current model size: 29226 parameters
2023-12-15 03:38:05,445 | [DEBUG] : Current training mode: increased
2023-12-15 03:38:05,446 | [INFO] : no layers were added
2023-12-15 03:38:05,446 | [DEBUG] : Model size was changed to 29226 parameters
2023-12-15 03:38:05,446 | [DEBUG] : Learning rate is now 0.010000
2023-12-15 03:38:15,662 | [INFO] : New learning rate: 0.009000000000000001
2023-12-15 03:38:17,464 | [DEBUG] : Current model size: 29226 parameters
2023-12-15 03:38:17,465 | [DEBUG] : Current training mode: increased
2023-12-15 03:38:17,465 | [INFO] : no layers were added
2023-12-15 03:38:17,465 | [DEBUG] : Model size was changed to 29226 parameters
2023-12-15 03:38:17,465 | [DEBUG] : Learning rate is now 0.010000
2023-12-15 03:38:27,522 | [INFO] : New learning rate: 0.009000000000000001
2023-12-15 03:38:29,362 | [DEBUG] : Current model size: 29226 parameters
2023-12-15 03:38:29,362 | [DEBUG] : Current training mode: increased
2023-12-15 03:38:29,362 | [INFO] : no layers were added
2023-12-15 03:38:29,363 | [DEBUG] : Model size was changed to 29226 parameters
2023-12-15 03:38:29,363 | [DEBUG] : Learning rate is now 0.010000
2023-12-15 03:38:39,390 | [INFO] : New learning rate: 0.009000000000000001
2023-12-15 03:38:41,256 | [DEBUG] : Current model size: 29226 parameters
2023-12-15 03:38:41,256 | [DEBUG] : Current training mode: increased
2023-12-15 03:38:41,257 | [INFO] : no layers were added
2023-12-15 03:38:41,257 | [DEBUG] : Model size was changed to 29226 parameters
2023-12-15 03:38:41,257 | [DEBUG] : Learning rate is now 0.010000
2023-12-15 03:38:51,411 | [INFO] : New learning rate: 0.009000000000000001
2023-12-15 03:38:53,433 | [DEBUG] : Current model size: 29226 parameters
2023-12-15 03:38:53,433 | [DEBUG] : Current training mode: increased
2023-12-15 03:38:53,433 | [INFO] : no layers were added
2023-12-15 03:38:53,433 | [DEBUG] : Model size was changed to 29226 parameters
2023-12-15 03:38:53,433 | [DEBUG] : Learning rate is now 0.010000
2023-12-15 03:39:03,381 | [INFO] : New learning rate: 0.009000000000000001
2023-12-15 03:39:05,303 | [DEBUG] : Current model size: 29226 parameters
2023-12-15 03:39:05,303 | [DEBUG] : Current training mode: increased
2023-12-15 03:39:05,303 | [INFO] : no layers were added
2023-12-15 03:39:05,303 | [DEBUG] : Model size was changed to 29226 parameters
2023-12-15 03:39:05,303 | [DEBUG] : Learning rate is now 0.010000
2023-12-15 03:39:15,351 | [INFO] : New learning rate: 0.009000000000000001
2023-12-15 03:39:17,286 | [DEBUG] : Current model size: 29226 parameters
2023-12-15 03:39:17,287 | [DEBUG] : Current training mode: increased
2023-12-15 03:39:17,287 | [INFO] : no layers were added
2023-12-15 03:39:17,287 | [DEBUG] : Model size was changed to 29226 parameters
2023-12-15 03:39:17,287 | [DEBUG] : Learning rate is now 0.010000
2023-12-15 03:39:27,413 | [INFO] : New learning rate: 0.009000000000000001
2023-12-15 03:39:29,380 | [DEBUG] : Current model size: 29226 parameters
2023-12-15 03:39:29,380 | [DEBUG] : Current training mode: increased
2023-12-15 03:39:29,380 | [INFO] : no layers were added
2023-12-15 03:39:29,381 | [DEBUG] : Model size was changed to 29226 parameters
2023-12-15 03:39:29,381 | [DEBUG] : Learning rate is now 0.010000
2023-12-15 03:39:39,341 | [INFO] : New learning rate: 0.009000000000000001
2023-12-15 03:39:41,317 | [DEBUG] : Current model size: 29226 parameters
2023-12-15 03:39:41,317 | [DEBUG] : Current training mode: increased
2023-12-15 03:39:41,317 | [INFO] : no layers were added
2023-12-15 03:39:41,318 | [DEBUG] : Model size was changed to 29226 parameters
2023-12-15 03:39:41,318 | [DEBUG] : Learning rate is now 0.010000
2023-12-15 03:39:51,315 | [INFO] : New learning rate: 0.009000000000000001
2023-12-15 03:39:53,267 | [DEBUG] : Current model size: 29226 parameters
2023-12-15 03:39:53,267 | [DEBUG] : Current training mode: increased
2023-12-15 03:39:53,267 | [INFO] : no layers were added
2023-12-15 03:39:53,268 | [DEBUG] : Model size was changed to 29226 parameters
2023-12-15 03:39:53,268 | [DEBUG] : Learning rate is now 0.010000
2023-12-15 03:40:03,437 | [INFO] : New learning rate: 0.009000000000000001
2023-12-15 03:40:05,201 | [DEBUG] : Current model size: 29226 parameters
2023-12-15 03:40:05,201 | [DEBUG] : Current training mode: increased
2023-12-15 03:40:05,201 | [INFO] : no layers were added
2023-12-15 03:40:05,202 | [DEBUG] : Model size was changed to 29226 parameters
2023-12-15 03:40:05,202 | [DEBUG] : Learning rate is now 0.010000
2023-12-15 03:40:15,325 | [INFO] : New learning rate: 0.009000000000000001
2023-12-15 03:40:17,313 | [DEBUG] : Current model size: 29226 parameters
2023-12-15 03:40:17,313 | [DEBUG] : Current training mode: increased
2023-12-15 03:40:17,314 | [INFO] : no layers were added
2023-12-15 03:40:17,314 | [DEBUG] : Model size was changed to 29226 parameters
2023-12-15 03:40:17,314 | [DEBUG] : Learning rate is now 0.010000
2023-12-15 03:40:27,965 | [INFO] : New learning rate: 0.009000000000000001
2023-12-15 03:40:29,809 | [DEBUG] : Current model size: 29226 parameters
2023-12-15 03:40:29,809 | [DEBUG] : Current training mode: increased
2023-12-15 03:40:29,809 | [INFO] : no layers were added
2023-12-15 03:40:29,810 | [DEBUG] : Model size was changed to 29226 parameters
2023-12-15 03:40:29,810 | [DEBUG] : Learning rate is now 0.010000
2023-12-15 03:40:40,008 | [INFO] : New learning rate: 0.009000000000000001
2023-12-15 03:40:41,838 | [DEBUG] : Current model size: 29226 parameters
2023-12-15 03:40:41,838 | [DEBUG] : Current training mode: increased
2023-12-15 03:40:41,838 | [INFO] : no layers were added
2023-12-15 03:40:41,839 | [DEBUG] : Model size was changed to 29226 parameters
2023-12-15 03:40:41,839 | [DEBUG] : Learning rate is now 0.010000
2023-12-15 03:40:52,156 | [INFO] : New learning rate: 0.009000000000000001
2023-12-15 03:40:54,176 | [DEBUG] : Current model size: 29226 parameters
2023-12-15 03:40:54,177 | [DEBUG] : Current training mode: increased
2023-12-15 03:40:54,177 | [INFO] : no layers were added
2023-12-15 03:40:54,177 | [DEBUG] : Model size was changed to 29226 parameters
2023-12-15 03:40:54,177 | [DEBUG] : Learning rate is now 0.010000
2023-12-15 03:41:04,304 | [INFO] : New learning rate: 0.009000000000000001
2023-12-15 03:41:06,107 | [DEBUG] : Current model size: 29226 parameters
2023-12-15 03:41:06,107 | [DEBUG] : Current training mode: increased
2023-12-15 03:41:06,108 | [INFO] : no layers were added
2023-12-15 03:41:06,108 | [DEBUG] : Model size was changed to 29226 parameters
2023-12-15 03:41:06,108 | [DEBUG] : Learning rate is now 0.010000
2023-12-15 03:41:16,231 | [INFO] : New learning rate: 0.009000000000000001
2023-12-15 03:41:17,992 | [DEBUG] : Current model size: 29226 parameters
2023-12-15 03:41:17,992 | [DEBUG] : Current training mode: increased
2023-12-15 03:41:17,992 | [INFO] : no layers were added
2023-12-15 03:41:17,993 | [DEBUG] : Model size was changed to 29226 parameters
2023-12-15 03:41:17,993 | [DEBUG] : Learning rate is now 0.010000
2023-12-15 03:41:23,896 | [INFO] : training has run out of time
2023-12-15 03:41:23,897 | [INFO] : training29 runtime (h:mm:ss): 0:05:31
2023-12-15 03:41:23,897 | [INFO] : training29 end time: 12/15/2023 03:41:23 AM
2023-12-15 03:41:23,897 | [INFO] : episode 30/64 finished, objective: None
