2023-12-15 03:52:26,077 | [INFO] : training32 start time: 12/15/2023 03:52:26 AM
2023-12-15 03:52:26,082 | [INFO] : Initialized model with weights: results/small_early2/weights.pth
2023-12-15 03:52:26,082 | [DEBUG] : Current model size: 10602 parameters
2023-12-15 03:52:26,082 | [DEBUG] : Current training mode: initial
2023-12-15 03:52:26,102 | [INFO] : GPU allocation changing : going up
2023-12-15 03:52:26,105 | [DEBUG] : Current model size: 10602 parameters
2023-12-15 03:52:26,105 | [DEBUG] : Current training mode: increased
2023-12-15 03:52:26,106 | [INFO] : deepening layer 2/3: Linear(in_features=32, out_features=10, bias=True)
2023-12-15 03:52:26,106 | [DEBUG] : Model size was changed to 10712 parameters
2023-12-15 03:52:26,106 | [DEBUG] : Learning rate is now 0.010000
2023-12-15 03:52:35,770 | [INFO] : New learning rate: 0.009000000000000001
2023-12-15 03:52:37,710 | [DEBUG] : Current model size: 10712 parameters
2023-12-15 03:52:37,710 | [DEBUG] : Current training mode: increased
2023-12-15 03:52:37,712 | [INFO] : deepening layer 0/3: Conv2d(3, 32, kernel_size=(3, 3), stride=(1, 1))
2023-12-15 03:52:37,712 | [DEBUG] : Model size was changed to 20024 parameters
2023-12-15 03:52:37,712 | [DEBUG] : Learning rate is now 0.010000
2023-12-15 03:52:47,688 | [INFO] : New learning rate: 0.009000000000000001
2023-12-15 03:52:49,619 | [DEBUG] : Current model size: 20024 parameters
2023-12-15 03:52:49,619 | [DEBUG] : Current training mode: increased
2023-12-15 03:52:49,621 | [INFO] : deepening layer 0/3: Conv2d(3, 32, kernel_size=(3, 3), stride=(1, 1))
2023-12-15 03:52:49,621 | [DEBUG] : Model size was changed to 29336 parameters
2023-12-15 03:52:49,621 | [DEBUG] : Learning rate is now 0.010000
2023-12-15 03:52:59,882 | [INFO] : New learning rate: 0.009000000000000001
2023-12-15 03:53:01,680 | [DEBUG] : Current model size: 29336 parameters
2023-12-15 03:53:01,680 | [DEBUG] : Current training mode: increased
2023-12-15 03:53:01,680 | [INFO] : no layers were added
2023-12-15 03:53:01,680 | [DEBUG] : Model size was changed to 29336 parameters
2023-12-15 03:53:01,680 | [DEBUG] : Learning rate is now 0.010000
2023-12-15 03:53:11,987 | [INFO] : New learning rate: 0.009000000000000001
2023-12-15 03:53:13,928 | [DEBUG] : Current model size: 29336 parameters
2023-12-15 03:53:13,928 | [DEBUG] : Current training mode: increased
2023-12-15 03:53:13,928 | [INFO] : no layers were added
2023-12-15 03:53:13,929 | [DEBUG] : Model size was changed to 29336 parameters
2023-12-15 03:53:13,929 | [DEBUG] : Learning rate is now 0.010000
2023-12-15 03:53:24,305 | [INFO] : New learning rate: 0.009000000000000001
2023-12-15 03:53:26,070 | [DEBUG] : Current model size: 29336 parameters
2023-12-15 03:53:26,070 | [DEBUG] : Current training mode: increased
2023-12-15 03:53:26,070 | [INFO] : no layers were added
2023-12-15 03:53:26,071 | [DEBUG] : Model size was changed to 29336 parameters
2023-12-15 03:53:26,071 | [DEBUG] : Learning rate is now 0.010000
2023-12-15 03:53:36,534 | [INFO] : New learning rate: 0.009000000000000001
2023-12-15 03:53:38,475 | [DEBUG] : Current model size: 29336 parameters
2023-12-15 03:53:38,475 | [DEBUG] : Current training mode: increased
2023-12-15 03:53:38,476 | [INFO] : no layers were added
2023-12-15 03:53:38,476 | [DEBUG] : Model size was changed to 29336 parameters
2023-12-15 03:53:38,476 | [DEBUG] : Learning rate is now 0.010000
2023-12-15 03:53:48,444 | [INFO] : New learning rate: 0.009000000000000001
2023-12-15 03:53:50,217 | [DEBUG] : Current model size: 29336 parameters
2023-12-15 03:53:50,217 | [DEBUG] : Current training mode: increased
2023-12-15 03:53:50,217 | [INFO] : no layers were added
2023-12-15 03:53:50,218 | [DEBUG] : Model size was changed to 29336 parameters
2023-12-15 03:53:50,218 | [DEBUG] : Learning rate is now 0.010000
2023-12-15 03:54:00,547 | [INFO] : New learning rate: 0.009000000000000001
2023-12-15 03:54:02,517 | [DEBUG] : Current model size: 29336 parameters
2023-12-15 03:54:02,517 | [DEBUG] : Current training mode: increased
2023-12-15 03:54:02,517 | [INFO] : no layers were added
2023-12-15 03:54:02,518 | [DEBUG] : Model size was changed to 29336 parameters
2023-12-15 03:54:02,518 | [DEBUG] : Learning rate is now 0.010000
2023-12-15 03:54:12,727 | [INFO] : New learning rate: 0.009000000000000001
2023-12-15 03:54:14,668 | [DEBUG] : Current model size: 29336 parameters
2023-12-15 03:54:14,668 | [DEBUG] : Current training mode: increased
2023-12-15 03:54:14,668 | [INFO] : no layers were added
2023-12-15 03:54:14,668 | [DEBUG] : Model size was changed to 29336 parameters
2023-12-15 03:54:14,668 | [DEBUG] : Learning rate is now 0.010000
2023-12-15 03:54:24,827 | [INFO] : New learning rate: 0.009000000000000001
2023-12-15 03:54:26,776 | [DEBUG] : Current model size: 29336 parameters
2023-12-15 03:54:26,776 | [DEBUG] : Current training mode: increased
2023-12-15 03:54:26,776 | [INFO] : no layers were added
2023-12-15 03:54:26,777 | [DEBUG] : Model size was changed to 29336 parameters
2023-12-15 03:54:26,777 | [DEBUG] : Learning rate is now 0.010000
2023-12-15 03:54:37,036 | [INFO] : New learning rate: 0.009000000000000001
2023-12-15 03:54:38,993 | [DEBUG] : Current model size: 29336 parameters
2023-12-15 03:54:38,993 | [DEBUG] : Current training mode: increased
2023-12-15 03:54:38,993 | [INFO] : no layers were added
2023-12-15 03:54:38,994 | [DEBUG] : Model size was changed to 29336 parameters
2023-12-15 03:54:38,994 | [DEBUG] : Learning rate is now 0.010000
2023-12-15 03:54:49,352 | [INFO] : New learning rate: 0.009000000000000001
2023-12-15 03:54:51,128 | [DEBUG] : Current model size: 29336 parameters
2023-12-15 03:54:51,128 | [DEBUG] : Current training mode: increased
2023-12-15 03:54:51,128 | [INFO] : no layers were added
2023-12-15 03:54:51,129 | [DEBUG] : Model size was changed to 29336 parameters
2023-12-15 03:54:51,129 | [DEBUG] : Learning rate is now 0.010000
2023-12-15 03:55:01,388 | [INFO] : New learning rate: 0.009000000000000001
2023-12-15 03:55:03,330 | [DEBUG] : Current model size: 29336 parameters
2023-12-15 03:55:03,330 | [DEBUG] : Current training mode: increased
2023-12-15 03:55:03,330 | [INFO] : no layers were added
2023-12-15 03:55:03,331 | [DEBUG] : Model size was changed to 29336 parameters
2023-12-15 03:55:03,331 | [DEBUG] : Learning rate is now 0.010000
2023-12-15 03:55:13,697 | [INFO] : New learning rate: 0.009000000000000001
2023-12-15 03:55:15,662 | [DEBUG] : Current model size: 29336 parameters
2023-12-15 03:55:15,662 | [DEBUG] : Current training mode: increased
2023-12-15 03:55:15,662 | [INFO] : no layers were added
2023-12-15 03:55:15,663 | [DEBUG] : Model size was changed to 29336 parameters
2023-12-15 03:55:15,663 | [DEBUG] : Learning rate is now 0.010000
2023-12-15 03:55:25,987 | [INFO] : New learning rate: 0.009000000000000001
2023-12-15 03:55:27,878 | [DEBUG] : Current model size: 29336 parameters
2023-12-15 03:55:27,878 | [DEBUG] : Current training mode: increased
2023-12-15 03:55:27,878 | [INFO] : no layers were added
2023-12-15 03:55:27,879 | [DEBUG] : Model size was changed to 29336 parameters
2023-12-15 03:55:27,879 | [DEBUG] : Learning rate is now 0.010000
2023-12-15 03:55:38,112 | [INFO] : New learning rate: 0.009000000000000001
2023-12-15 03:55:39,947 | [DEBUG] : Current model size: 29336 parameters
2023-12-15 03:55:39,947 | [DEBUG] : Current training mode: increased
2023-12-15 03:55:39,948 | [INFO] : no layers were added
2023-12-15 03:55:39,948 | [DEBUG] : Model size was changed to 29336 parameters
2023-12-15 03:55:39,948 | [DEBUG] : Learning rate is now 0.010000
2023-12-15 03:55:50,350 | [INFO] : New learning rate: 0.009000000000000001
2023-12-15 03:55:52,329 | [DEBUG] : Current model size: 29336 parameters
2023-12-15 03:55:52,329 | [DEBUG] : Current training mode: increased
2023-12-15 03:55:52,329 | [INFO] : no layers were added
2023-12-15 03:55:52,330 | [DEBUG] : Model size was changed to 29336 parameters
2023-12-15 03:55:52,330 | [DEBUG] : Learning rate is now 0.010000
2023-12-15 03:56:02,631 | [INFO] : New learning rate: 0.009000000000000001
2023-12-15 03:56:04,573 | [DEBUG] : Current model size: 29336 parameters
2023-12-15 03:56:04,573 | [DEBUG] : Current training mode: increased
2023-12-15 03:56:04,573 | [INFO] : no layers were added
2023-12-15 03:56:04,574 | [DEBUG] : Model size was changed to 29336 parameters
2023-12-15 03:56:04,574 | [DEBUG] : Learning rate is now 0.010000
2023-12-15 03:56:14,904 | [INFO] : New learning rate: 0.009000000000000001
2023-12-15 03:56:16,836 | [DEBUG] : Current model size: 29336 parameters
2023-12-15 03:56:16,836 | [DEBUG] : Current training mode: increased
2023-12-15 03:56:16,836 | [INFO] : no layers were added
2023-12-15 03:56:16,837 | [DEBUG] : Model size was changed to 29336 parameters
2023-12-15 03:56:16,837 | [DEBUG] : Learning rate is now 0.010000
2023-12-15 03:56:27,321 | [INFO] : New learning rate: 0.009000000000000001
2023-12-15 03:56:29,281 | [DEBUG] : Current model size: 29336 parameters
2023-12-15 03:56:29,281 | [DEBUG] : Current training mode: increased
2023-12-15 03:56:29,281 | [INFO] : no layers were added
2023-12-15 03:56:29,282 | [DEBUG] : Model size was changed to 29336 parameters
2023-12-15 03:56:29,282 | [DEBUG] : Learning rate is now 0.010000
2023-12-15 03:56:39,351 | [INFO] : New learning rate: 0.009000000000000001
2023-12-15 03:56:41,324 | [DEBUG] : Current model size: 29336 parameters
2023-12-15 03:56:41,324 | [DEBUG] : Current training mode: increased
2023-12-15 03:56:41,324 | [INFO] : no layers were added
2023-12-15 03:56:41,324 | [DEBUG] : Model size was changed to 29336 parameters
2023-12-15 03:56:41,324 | [DEBUG] : Learning rate is now 0.010000
2023-12-15 03:56:51,266 | [INFO] : New learning rate: 0.009000000000000001
2023-12-15 03:56:53,169 | [DEBUG] : Current model size: 29336 parameters
2023-12-15 03:56:53,169 | [DEBUG] : Current training mode: increased
2023-12-15 03:56:53,169 | [INFO] : no layers were added
2023-12-15 03:56:53,170 | [DEBUG] : Model size was changed to 29336 parameters
2023-12-15 03:56:53,170 | [DEBUG] : Learning rate is now 0.010000
2023-12-15 03:57:03,345 | [INFO] : New learning rate: 0.009000000000000001
2023-12-15 03:57:05,163 | [DEBUG] : Current model size: 29336 parameters
2023-12-15 03:57:05,163 | [DEBUG] : Current training mode: increased
2023-12-15 03:57:05,163 | [INFO] : no layers were added
2023-12-15 03:57:05,164 | [DEBUG] : Model size was changed to 29336 parameters
2023-12-15 03:57:05,164 | [DEBUG] : Learning rate is now 0.010000
2023-12-15 03:57:15,388 | [INFO] : New learning rate: 0.009000000000000001
2023-12-15 03:57:17,292 | [DEBUG] : Current model size: 29336 parameters
2023-12-15 03:57:17,292 | [DEBUG] : Current training mode: increased
2023-12-15 03:57:17,292 | [INFO] : no layers were added
2023-12-15 03:57:17,293 | [DEBUG] : Model size was changed to 29336 parameters
2023-12-15 03:57:17,293 | [DEBUG] : Learning rate is now 0.010000
2023-12-15 03:57:27,568 | [INFO] : New learning rate: 0.009000000000000001
2023-12-15 03:57:29,419 | [DEBUG] : Current model size: 29336 parameters
2023-12-15 03:57:29,420 | [DEBUG] : Current training mode: increased
2023-12-15 03:57:29,420 | [INFO] : no layers were added
2023-12-15 03:57:29,420 | [DEBUG] : Model size was changed to 29336 parameters
2023-12-15 03:57:29,420 | [DEBUG] : Learning rate is now 0.010000
2023-12-15 03:57:39,624 | [INFO] : New learning rate: 0.009000000000000001
2023-12-15 03:57:41,569 | [DEBUG] : Current model size: 29336 parameters
2023-12-15 03:57:41,569 | [DEBUG] : Current training mode: increased
2023-12-15 03:57:41,569 | [INFO] : no layers were added
2023-12-15 03:57:41,574 | [DEBUG] : Model size was changed to 29336 parameters
2023-12-15 03:57:41,574 | [DEBUG] : Learning rate is now 0.010000
2023-12-15 03:57:51,927 | [INFO] : New learning rate: 0.009000000000000001
2023-12-15 03:57:53,842 | [DEBUG] : Current model size: 29336 parameters
2023-12-15 03:57:53,842 | [DEBUG] : Current training mode: increased
2023-12-15 03:57:53,842 | [INFO] : no layers were added
2023-12-15 03:57:53,843 | [DEBUG] : Model size was changed to 29336 parameters
2023-12-15 03:57:53,843 | [DEBUG] : Learning rate is now 0.010000
2023-12-15 03:57:56,091 | [INFO] : training has run out of time
2023-12-15 03:57:56,092 | [INFO] : training32 runtime (h:mm:ss): 0:05:31
2023-12-15 03:57:56,092 | [INFO] : training32 end time: 12/15/2023 03:57:56 AM
2023-12-15 03:57:56,092 | [INFO] : episode 33/64 finished, objective: None
