2023-12-15 04:31:02,874 | [INFO] : training39 start time: 12/15/2023 04:31:02 AM
2023-12-15 04:31:02,877 | [INFO] : Initialized model with weights: results/small_early2/weights.pth
2023-12-15 04:31:02,877 | [DEBUG] : Current model size: 10602 parameters
2023-12-15 04:31:02,877 | [DEBUG] : Current training mode: initial
2023-12-15 04:31:02,891 | [INFO] : GPU allocation changing : going up
2023-12-15 04:31:02,893 | [DEBUG] : Current model size: 10602 parameters
2023-12-15 04:31:02,893 | [DEBUG] : Current training mode: increased
2023-12-15 04:31:02,895 | [INFO] : deepening layer 2/3: Linear(in_features=32, out_features=10, bias=True)
2023-12-15 04:31:02,895 | [DEBUG] : Model size was changed to 10712 parameters
2023-12-15 04:31:02,895 | [DEBUG] : Learning rate is now 0.010000
2023-12-15 04:31:12,704 | [INFO] : New learning rate: 0.009000000000000001
2023-12-15 04:31:14,700 | [DEBUG] : Current model size: 10712 parameters
2023-12-15 04:31:14,700 | [DEBUG] : Current training mode: increased
2023-12-15 04:31:14,701 | [INFO] : deepening layer 1/3: Conv2d(32, 32, kernel_size=(3, 3), stride=(1, 1))
2023-12-15 04:31:14,702 | [DEBUG] : Model size was changed to 20024 parameters
2023-12-15 04:31:14,702 | [DEBUG] : Learning rate is now 0.010000
2023-12-15 04:31:24,739 | [INFO] : New learning rate: 0.009000000000000001
2023-12-15 04:31:26,767 | [DEBUG] : Current model size: 20024 parameters
2023-12-15 04:31:26,767 | [DEBUG] : Current training mode: increased
2023-12-15 04:31:26,767 | [INFO] : no layers were added
2023-12-15 04:31:26,768 | [DEBUG] : Model size was changed to 20024 parameters
2023-12-15 04:31:26,768 | [DEBUG] : Learning rate is now 0.010000
2023-12-15 04:31:36,749 | [INFO] : New learning rate: 0.009000000000000001
2023-12-15 04:31:38,742 | [DEBUG] : Current model size: 20024 parameters
2023-12-15 04:31:38,742 | [DEBUG] : Current training mode: increased
2023-12-15 04:31:38,742 | [INFO] : no layers were added
2023-12-15 04:31:38,743 | [DEBUG] : Model size was changed to 20024 parameters
2023-12-15 04:31:38,743 | [DEBUG] : Learning rate is now 0.010000
2023-12-15 04:31:48,660 | [INFO] : New learning rate: 0.009000000000000001
2023-12-15 04:31:50,450 | [DEBUG] : Current model size: 20024 parameters
2023-12-15 04:31:50,450 | [DEBUG] : Current training mode: increased
2023-12-15 04:31:50,450 | [INFO] : no layers were added
2023-12-15 04:31:50,451 | [DEBUG] : Model size was changed to 20024 parameters
2023-12-15 04:31:50,451 | [DEBUG] : Learning rate is now 0.010000
2023-12-15 04:32:00,547 | [INFO] : New learning rate: 0.009000000000000001
2023-12-15 04:32:02,555 | [DEBUG] : Current model size: 20024 parameters
2023-12-15 04:32:02,555 | [DEBUG] : Current training mode: increased
2023-12-15 04:32:02,556 | [INFO] : no layers were added
2023-12-15 04:32:02,556 | [DEBUG] : Model size was changed to 20024 parameters
2023-12-15 04:32:02,556 | [DEBUG] : Learning rate is now 0.010000
2023-12-15 04:32:12,606 | [INFO] : New learning rate: 0.009000000000000001
2023-12-15 04:32:14,840 | [DEBUG] : Current model size: 20024 parameters
2023-12-15 04:32:14,840 | [DEBUG] : Current training mode: increased
2023-12-15 04:32:14,840 | [INFO] : no layers were added
2023-12-15 04:32:14,841 | [DEBUG] : Model size was changed to 20024 parameters
2023-12-15 04:32:14,841 | [DEBUG] : Learning rate is now 0.010000
2023-12-15 04:32:24,887 | [INFO] : New learning rate: 0.009000000000000001
2023-12-15 04:32:26,897 | [DEBUG] : Current model size: 20024 parameters
2023-12-15 04:32:26,898 | [DEBUG] : Current training mode: increased
2023-12-15 04:32:26,898 | [INFO] : no layers were added
2023-12-15 04:32:26,898 | [DEBUG] : Model size was changed to 20024 parameters
2023-12-15 04:32:26,898 | [DEBUG] : Learning rate is now 0.010000
2023-12-15 04:32:36,837 | [INFO] : New learning rate: 0.009000000000000001
2023-12-15 04:32:38,744 | [DEBUG] : Current model size: 20024 parameters
2023-12-15 04:32:38,745 | [DEBUG] : Current training mode: increased
2023-12-15 04:32:38,745 | [INFO] : no layers were added
2023-12-15 04:32:38,745 | [DEBUG] : Model size was changed to 20024 parameters
2023-12-15 04:32:38,745 | [DEBUG] : Learning rate is now 0.010000
2023-12-15 04:32:48,667 | [INFO] : New learning rate: 0.009000000000000001
2023-12-15 04:32:50,672 | [DEBUG] : Current model size: 20024 parameters
2023-12-15 04:32:50,672 | [DEBUG] : Current training mode: increased
2023-12-15 04:32:50,672 | [INFO] : no layers were added
2023-12-15 04:32:50,673 | [DEBUG] : Model size was changed to 20024 parameters
2023-12-15 04:32:50,673 | [DEBUG] : Learning rate is now 0.010000
2023-12-15 04:33:00,562 | [INFO] : New learning rate: 0.009000000000000001
2023-12-15 04:33:02,562 | [DEBUG] : Current model size: 20024 parameters
2023-12-15 04:33:02,562 | [DEBUG] : Current training mode: increased
2023-12-15 04:33:02,562 | [INFO] : no layers were added
2023-12-15 04:33:02,562 | [DEBUG] : Model size was changed to 20024 parameters
2023-12-15 04:33:02,562 | [DEBUG] : Learning rate is now 0.010000
2023-12-15 04:33:12,835 | [INFO] : New learning rate: 0.009000000000000001
2023-12-15 04:33:14,597 | [DEBUG] : Current model size: 20024 parameters
2023-12-15 04:33:14,597 | [DEBUG] : Current training mode: increased
2023-12-15 04:33:14,598 | [INFO] : no layers were added
2023-12-15 04:33:14,598 | [DEBUG] : Model size was changed to 20024 parameters
2023-12-15 04:33:14,598 | [DEBUG] : Learning rate is now 0.010000
2023-12-15 04:33:24,598 | [INFO] : New learning rate: 0.009000000000000001
2023-12-15 04:33:26,518 | [DEBUG] : Current model size: 20024 parameters
2023-12-15 04:33:26,518 | [DEBUG] : Current training mode: increased
2023-12-15 04:33:26,519 | [INFO] : no layers were added
2023-12-15 04:33:26,519 | [DEBUG] : Model size was changed to 20024 parameters
2023-12-15 04:33:26,519 | [DEBUG] : Learning rate is now 0.010000
2023-12-15 04:33:36,477 | [INFO] : New learning rate: 0.009000000000000001
2023-12-15 04:33:38,368 | [DEBUG] : Current model size: 20024 parameters
2023-12-15 04:33:38,368 | [DEBUG] : Current training mode: increased
2023-12-15 04:33:38,368 | [INFO] : no layers were added
2023-12-15 04:33:38,369 | [DEBUG] : Model size was changed to 20024 parameters
2023-12-15 04:33:38,369 | [DEBUG] : Learning rate is now 0.010000
2023-12-15 04:33:48,461 | [INFO] : New learning rate: 0.009000000000000001
2023-12-15 04:33:50,253 | [DEBUG] : Current model size: 20024 parameters
2023-12-15 04:33:50,253 | [DEBUG] : Current training mode: increased
2023-12-15 04:33:50,253 | [INFO] : no layers were added
2023-12-15 04:33:50,253 | [DEBUG] : Model size was changed to 20024 parameters
2023-12-15 04:33:50,253 | [DEBUG] : Learning rate is now 0.010000
2023-12-15 04:34:00,238 | [INFO] : New learning rate: 0.009000000000000001
2023-12-15 04:34:02,160 | [DEBUG] : Current model size: 20024 parameters
2023-12-15 04:34:02,160 | [DEBUG] : Current training mode: increased
2023-12-15 04:34:02,160 | [INFO] : no layers were added
2023-12-15 04:34:02,161 | [DEBUG] : Model size was changed to 20024 parameters
2023-12-15 04:34:02,161 | [DEBUG] : Learning rate is now 0.010000
2023-12-15 04:34:12,130 | [INFO] : New learning rate: 0.009000000000000001
2023-12-15 04:34:13,955 | [DEBUG] : Current model size: 20024 parameters
2023-12-15 04:34:13,955 | [DEBUG] : Current training mode: increased
2023-12-15 04:34:13,955 | [INFO] : no layers were added
2023-12-15 04:34:13,956 | [DEBUG] : Model size was changed to 20024 parameters
2023-12-15 04:34:13,956 | [DEBUG] : Learning rate is now 0.010000
2023-12-15 04:34:23,882 | [INFO] : New learning rate: 0.009000000000000001
2023-12-15 04:34:25,650 | [DEBUG] : Current model size: 20024 parameters
2023-12-15 04:34:25,650 | [DEBUG] : Current training mode: increased
2023-12-15 04:34:25,650 | [INFO] : no layers were added
2023-12-15 04:34:25,651 | [DEBUG] : Model size was changed to 20024 parameters
2023-12-15 04:34:25,651 | [DEBUG] : Learning rate is now 0.010000
2023-12-15 04:34:35,555 | [INFO] : New learning rate: 0.009000000000000001
2023-12-15 04:34:37,341 | [DEBUG] : Current model size: 20024 parameters
2023-12-15 04:34:37,341 | [DEBUG] : Current training mode: increased
2023-12-15 04:34:37,341 | [INFO] : no layers were added
2023-12-15 04:34:37,342 | [DEBUG] : Model size was changed to 20024 parameters
2023-12-15 04:34:37,342 | [DEBUG] : Learning rate is now 0.010000
2023-12-15 04:34:47,258 | [INFO] : New learning rate: 0.009000000000000001
2023-12-15 04:34:49,052 | [DEBUG] : Current model size: 20024 parameters
2023-12-15 04:34:49,052 | [DEBUG] : Current training mode: increased
2023-12-15 04:34:49,052 | [INFO] : no layers were added
2023-12-15 04:34:49,052 | [DEBUG] : Model size was changed to 20024 parameters
2023-12-15 04:34:49,052 | [DEBUG] : Learning rate is now 0.010000
2023-12-15 04:34:59,102 | [INFO] : New learning rate: 0.009000000000000001
2023-12-15 04:35:00,947 | [DEBUG] : Current model size: 20024 parameters
2023-12-15 04:35:00,947 | [DEBUG] : Current training mode: increased
2023-12-15 04:35:00,947 | [INFO] : no layers were added
2023-12-15 04:35:00,948 | [DEBUG] : Model size was changed to 20024 parameters
2023-12-15 04:35:00,948 | [DEBUG] : Learning rate is now 0.010000
2023-12-15 04:35:10,799 | [INFO] : New learning rate: 0.009000000000000001
2023-12-15 04:35:12,575 | [DEBUG] : Current model size: 20024 parameters
2023-12-15 04:35:12,575 | [DEBUG] : Current training mode: increased
2023-12-15 04:35:12,575 | [INFO] : no layers were added
2023-12-15 04:35:12,576 | [DEBUG] : Model size was changed to 20024 parameters
2023-12-15 04:35:12,576 | [DEBUG] : Learning rate is now 0.010000
2023-12-15 04:35:22,552 | [INFO] : New learning rate: 0.009000000000000001
2023-12-15 04:35:24,418 | [DEBUG] : Current model size: 20024 parameters
2023-12-15 04:35:24,418 | [DEBUG] : Current training mode: increased
2023-12-15 04:35:24,418 | [INFO] : no layers were added
2023-12-15 04:35:24,418 | [DEBUG] : Model size was changed to 20024 parameters
2023-12-15 04:35:24,418 | [DEBUG] : Learning rate is now 0.010000
2023-12-15 04:35:34,289 | [INFO] : New learning rate: 0.009000000000000001
2023-12-15 04:35:36,093 | [DEBUG] : Current model size: 20024 parameters
2023-12-15 04:35:36,093 | [DEBUG] : Current training mode: increased
2023-12-15 04:35:36,093 | [INFO] : no layers were added
2023-12-15 04:35:36,094 | [DEBUG] : Model size was changed to 20024 parameters
2023-12-15 04:35:36,094 | [DEBUG] : Learning rate is now 0.010000
2023-12-15 04:35:45,994 | [INFO] : New learning rate: 0.009000000000000001
2023-12-15 04:35:47,960 | [DEBUG] : Current model size: 20024 parameters
2023-12-15 04:35:47,960 | [DEBUG] : Current training mode: increased
2023-12-15 04:35:47,960 | [INFO] : no layers were added
2023-12-15 04:35:47,960 | [DEBUG] : Model size was changed to 20024 parameters
2023-12-15 04:35:47,960 | [DEBUG] : Learning rate is now 0.010000
2023-12-15 04:35:58,032 | [INFO] : New learning rate: 0.009000000000000001
2023-12-15 04:35:59,936 | [DEBUG] : Current model size: 20024 parameters
2023-12-15 04:35:59,936 | [DEBUG] : Current training mode: increased
2023-12-15 04:35:59,936 | [INFO] : no layers were added
2023-12-15 04:35:59,936 | [DEBUG] : Model size was changed to 20024 parameters
2023-12-15 04:35:59,936 | [DEBUG] : Learning rate is now 0.010000
2023-12-15 04:36:09,928 | [INFO] : New learning rate: 0.009000000000000001
2023-12-15 04:36:11,901 | [DEBUG] : Current model size: 20024 parameters
2023-12-15 04:36:11,901 | [DEBUG] : Current training mode: increased
2023-12-15 04:36:11,901 | [INFO] : no layers were added
2023-12-15 04:36:11,901 | [DEBUG] : Model size was changed to 20024 parameters
2023-12-15 04:36:11,902 | [DEBUG] : Learning rate is now 0.010000
2023-12-15 04:36:21,913 | [INFO] : New learning rate: 0.009000000000000001
2023-12-15 04:36:23,719 | [DEBUG] : Current model size: 20024 parameters
2023-12-15 04:36:23,719 | [DEBUG] : Current training mode: increased
2023-12-15 04:36:23,720 | [INFO] : no layers were added
2023-12-15 04:36:23,720 | [DEBUG] : Model size was changed to 20024 parameters
2023-12-15 04:36:23,720 | [DEBUG] : Learning rate is now 0.010000
2023-12-15 04:36:32,880 | [INFO] : training has run out of time
2023-12-15 04:36:32,881 | [INFO] : training39 runtime (h:mm:ss): 0:05:31
2023-12-15 04:36:32,881 | [INFO] : training39 end time: 12/15/2023 04:36:32 AM
2023-12-15 04:36:32,881 | [INFO] : episode 40/64 finished, objective: None
