2023-12-15 01:34:36,408 | [INFO] : training07 start time: 12/15/2023 01:34:36 AM
2023-12-15 01:34:36,411 | [INFO] : Initialized model with weights: results/small_early2/weights.pth
2023-12-15 01:34:36,411 | [DEBUG] : Current model size: 10602 parameters
2023-12-15 01:34:36,411 | [DEBUG] : Current training mode: initial
2023-12-15 01:34:36,425 | [INFO] : GPU allocation changing : going up
2023-12-15 01:34:36,427 | [DEBUG] : Current model size: 10602 parameters
2023-12-15 01:34:36,427 | [DEBUG] : Current training mode: increased
2023-12-15 01:34:36,429 | [INFO] : deepening layer 0/3: Conv2d(3, 32, kernel_size=(3, 3), stride=(1, 1))
2023-12-15 01:34:36,430 | [DEBUG] : Model size was changed to 19914 parameters
2023-12-15 01:34:36,430 | [DEBUG] : Learning rate is now 0.010000
2023-12-15 01:34:46,423 | [INFO] : New learning rate: 0.009000000000000001
2023-12-15 01:34:48,437 | [DEBUG] : Current model size: 19914 parameters
2023-12-15 01:34:48,437 | [DEBUG] : Current training mode: increased
2023-12-15 01:34:48,439 | [INFO] : deepening layer 1/3: Conv2d(32, 32, kernel_size=(3, 3), stride=(1, 1))
2023-12-15 01:34:48,439 | [DEBUG] : Model size was changed to 29226 parameters
2023-12-15 01:34:48,439 | [DEBUG] : Learning rate is now 0.010000
2023-12-15 01:34:58,786 | [INFO] : New learning rate: 0.009000000000000001
2023-12-15 01:35:00,789 | [DEBUG] : Current model size: 29226 parameters
2023-12-15 01:35:00,789 | [DEBUG] : Current training mode: increased
2023-12-15 01:35:00,789 | [INFO] : no layers were added
2023-12-15 01:35:00,790 | [DEBUG] : Model size was changed to 29226 parameters
2023-12-15 01:35:00,790 | [DEBUG] : Learning rate is now 0.010000
2023-12-15 01:35:10,971 | [INFO] : New learning rate: 0.009000000000000001
2023-12-15 01:35:12,873 | [DEBUG] : Current model size: 29226 parameters
2023-12-15 01:35:12,873 | [DEBUG] : Current training mode: increased
2023-12-15 01:35:12,873 | [INFO] : no layers were added
2023-12-15 01:35:12,874 | [DEBUG] : Model size was changed to 29226 parameters
2023-12-15 01:35:12,874 | [DEBUG] : Learning rate is now 0.010000
2023-12-15 01:35:22,970 | [INFO] : New learning rate: 0.009000000000000001
2023-12-15 01:35:24,997 | [DEBUG] : Current model size: 29226 parameters
2023-12-15 01:35:24,997 | [DEBUG] : Current training mode: increased
2023-12-15 01:35:24,997 | [INFO] : no layers were added
2023-12-15 01:35:24,998 | [DEBUG] : Model size was changed to 29226 parameters
2023-12-15 01:35:24,998 | [DEBUG] : Learning rate is now 0.010000
2023-12-15 01:35:35,021 | [INFO] : New learning rate: 0.009000000000000001
2023-12-15 01:35:36,932 | [DEBUG] : Current model size: 29226 parameters
2023-12-15 01:35:36,932 | [DEBUG] : Current training mode: increased
2023-12-15 01:35:36,932 | [INFO] : no layers were added
2023-12-15 01:35:36,933 | [DEBUG] : Model size was changed to 29226 parameters
2023-12-15 01:35:36,933 | [DEBUG] : Learning rate is now 0.010000
2023-12-15 01:35:46,982 | [INFO] : New learning rate: 0.009000000000000001
2023-12-15 01:35:48,955 | [DEBUG] : Current model size: 29226 parameters
2023-12-15 01:35:48,955 | [DEBUG] : Current training mode: increased
2023-12-15 01:35:48,956 | [INFO] : no layers were added
2023-12-15 01:35:48,956 | [DEBUG] : Model size was changed to 29226 parameters
2023-12-15 01:35:48,956 | [DEBUG] : Learning rate is now 0.010000
2023-12-15 01:35:59,039 | [INFO] : New learning rate: 0.009000000000000001
2023-12-15 01:36:00,868 | [DEBUG] : Current model size: 29226 parameters
2023-12-15 01:36:00,868 | [DEBUG] : Current training mode: increased
2023-12-15 01:36:00,868 | [INFO] : no layers were added
2023-12-15 01:36:00,869 | [DEBUG] : Model size was changed to 29226 parameters
2023-12-15 01:36:00,869 | [DEBUG] : Learning rate is now 0.010000
2023-12-15 01:36:11,026 | [INFO] : New learning rate: 0.009000000000000001
2023-12-15 01:36:12,989 | [DEBUG] : Current model size: 29226 parameters
2023-12-15 01:36:12,989 | [DEBUG] : Current training mode: increased
2023-12-15 01:36:12,989 | [INFO] : no layers were added
2023-12-15 01:36:12,990 | [DEBUG] : Model size was changed to 29226 parameters
2023-12-15 01:36:12,990 | [DEBUG] : Learning rate is now 0.010000
2023-12-15 01:36:23,337 | [INFO] : New learning rate: 0.009000000000000001
2023-12-15 01:36:25,122 | [DEBUG] : Current model size: 29226 parameters
2023-12-15 01:36:25,122 | [DEBUG] : Current training mode: increased
2023-12-15 01:36:25,123 | [INFO] : no layers were added
2023-12-15 01:36:25,123 | [DEBUG] : Model size was changed to 29226 parameters
2023-12-15 01:36:25,123 | [DEBUG] : Learning rate is now 0.010000
2023-12-15 01:36:35,311 | [INFO] : New learning rate: 0.009000000000000001
2023-12-15 01:36:37,190 | [DEBUG] : Current model size: 29226 parameters
2023-12-15 01:36:37,190 | [DEBUG] : Current training mode: increased
2023-12-15 01:36:37,190 | [INFO] : no layers were added
2023-12-15 01:36:37,191 | [DEBUG] : Model size was changed to 29226 parameters
2023-12-15 01:36:37,191 | [DEBUG] : Learning rate is now 0.010000
2023-12-15 01:36:47,296 | [INFO] : New learning rate: 0.009000000000000001
2023-12-15 01:36:49,184 | [DEBUG] : Current model size: 29226 parameters
2023-12-15 01:36:49,184 | [DEBUG] : Current training mode: increased
2023-12-15 01:36:49,185 | [INFO] : no layers were added
2023-12-15 01:36:49,185 | [DEBUG] : Model size was changed to 29226 parameters
2023-12-15 01:36:49,185 | [DEBUG] : Learning rate is now 0.010000
2023-12-15 01:36:59,370 | [INFO] : New learning rate: 0.009000000000000001
2023-12-15 01:37:01,164 | [DEBUG] : Current model size: 29226 parameters
2023-12-15 01:37:01,164 | [DEBUG] : Current training mode: increased
2023-12-15 01:37:01,164 | [INFO] : no layers were added
2023-12-15 01:37:01,165 | [DEBUG] : Model size was changed to 29226 parameters
2023-12-15 01:37:01,165 | [DEBUG] : Learning rate is now 0.010000
2023-12-15 01:37:11,300 | [INFO] : New learning rate: 0.009000000000000001
2023-12-15 01:37:13,189 | [DEBUG] : Current model size: 29226 parameters
2023-12-15 01:37:13,189 | [DEBUG] : Current training mode: increased
2023-12-15 01:37:13,189 | [INFO] : no layers were added
2023-12-15 01:37:13,190 | [DEBUG] : Model size was changed to 29226 parameters
2023-12-15 01:37:13,190 | [DEBUG] : Learning rate is now 0.010000
2023-12-15 01:37:23,434 | [INFO] : New learning rate: 0.009000000000000001
2023-12-15 01:37:25,204 | [DEBUG] : Current model size: 29226 parameters
2023-12-15 01:37:25,205 | [DEBUG] : Current training mode: increased
2023-12-15 01:37:25,205 | [INFO] : no layers were added
2023-12-15 01:37:25,205 | [DEBUG] : Model size was changed to 29226 parameters
2023-12-15 01:37:25,205 | [DEBUG] : Learning rate is now 0.010000
2023-12-15 01:37:35,339 | [INFO] : New learning rate: 0.009000000000000001
2023-12-15 01:37:37,210 | [DEBUG] : Current model size: 29226 parameters
2023-12-15 01:37:37,210 | [DEBUG] : Current training mode: increased
2023-12-15 01:37:37,210 | [INFO] : no layers were added
2023-12-15 01:37:37,210 | [DEBUG] : Model size was changed to 29226 parameters
2023-12-15 01:37:37,210 | [DEBUG] : Learning rate is now 0.010000
2023-12-15 01:37:47,341 | [INFO] : New learning rate: 0.009000000000000001
2023-12-15 01:37:49,090 | [DEBUG] : Current model size: 29226 parameters
2023-12-15 01:37:49,090 | [DEBUG] : Current training mode: increased
2023-12-15 01:37:49,090 | [INFO] : no layers were added
2023-12-15 01:37:49,090 | [DEBUG] : Model size was changed to 29226 parameters
2023-12-15 01:37:49,090 | [DEBUG] : Learning rate is now 0.010000
2023-12-15 01:37:59,111 | [INFO] : New learning rate: 0.009000000000000001
2023-12-15 01:38:00,874 | [DEBUG] : Current model size: 29226 parameters
2023-12-15 01:38:00,874 | [DEBUG] : Current training mode: increased
2023-12-15 01:38:00,874 | [INFO] : no layers were added
2023-12-15 01:38:00,875 | [DEBUG] : Model size was changed to 29226 parameters
2023-12-15 01:38:00,875 | [DEBUG] : Learning rate is now 0.010000
2023-12-15 01:38:11,039 | [INFO] : New learning rate: 0.009000000000000001
2023-12-15 01:38:12,873 | [DEBUG] : Current model size: 29226 parameters
2023-12-15 01:38:12,873 | [DEBUG] : Current training mode: increased
2023-12-15 01:38:12,873 | [INFO] : no layers were added
2023-12-15 01:38:12,874 | [DEBUG] : Model size was changed to 29226 parameters
2023-12-15 01:38:12,874 | [DEBUG] : Learning rate is now 0.010000
2023-12-15 01:38:23,067 | [INFO] : New learning rate: 0.009000000000000001
2023-12-15 01:38:24,908 | [DEBUG] : Current model size: 29226 parameters
2023-12-15 01:38:24,908 | [DEBUG] : Current training mode: increased
2023-12-15 01:38:24,908 | [INFO] : no layers were added
2023-12-15 01:38:24,909 | [DEBUG] : Model size was changed to 29226 parameters
2023-12-15 01:38:24,909 | [DEBUG] : Learning rate is now 0.010000
2023-12-15 01:38:35,106 | [INFO] : New learning rate: 0.009000000000000001
2023-12-15 01:38:36,896 | [DEBUG] : Current model size: 29226 parameters
2023-12-15 01:38:36,896 | [DEBUG] : Current training mode: increased
2023-12-15 01:38:36,896 | [INFO] : no layers were added
2023-12-15 01:38:36,897 | [DEBUG] : Model size was changed to 29226 parameters
2023-12-15 01:38:36,897 | [DEBUG] : Learning rate is now 0.010000
2023-12-15 01:38:47,062 | [INFO] : New learning rate: 0.009000000000000001
2023-12-15 01:38:48,890 | [DEBUG] : Current model size: 29226 parameters
2023-12-15 01:38:48,890 | [DEBUG] : Current training mode: increased
2023-12-15 01:38:48,890 | [INFO] : no layers were added
2023-12-15 01:38:48,891 | [DEBUG] : Model size was changed to 29226 parameters
2023-12-15 01:38:48,891 | [DEBUG] : Learning rate is now 0.010000
2023-12-15 01:38:59,000 | [INFO] : New learning rate: 0.009000000000000001
2023-12-15 01:39:00,822 | [DEBUG] : Current model size: 29226 parameters
2023-12-15 01:39:00,822 | [DEBUG] : Current training mode: increased
2023-12-15 01:39:00,822 | [INFO] : no layers were added
2023-12-15 01:39:00,823 | [DEBUG] : Model size was changed to 29226 parameters
2023-12-15 01:39:00,823 | [DEBUG] : Learning rate is now 0.010000
2023-12-15 01:39:11,003 | [INFO] : New learning rate: 0.009000000000000001
2023-12-15 01:39:12,832 | [DEBUG] : Current model size: 29226 parameters
2023-12-15 01:39:12,832 | [DEBUG] : Current training mode: increased
2023-12-15 01:39:12,832 | [INFO] : no layers were added
2023-12-15 01:39:12,833 | [DEBUG] : Model size was changed to 29226 parameters
2023-12-15 01:39:12,833 | [DEBUG] : Learning rate is now 0.010000
2023-12-15 01:39:22,996 | [INFO] : New learning rate: 0.009000000000000001
2023-12-15 01:39:24,816 | [DEBUG] : Current model size: 29226 parameters
2023-12-15 01:39:24,816 | [DEBUG] : Current training mode: increased
2023-12-15 01:39:24,816 | [INFO] : no layers were added
2023-12-15 01:39:24,817 | [DEBUG] : Model size was changed to 29226 parameters
2023-12-15 01:39:24,817 | [DEBUG] : Learning rate is now 0.010000
2023-12-15 01:39:34,900 | [INFO] : New learning rate: 0.009000000000000001
2023-12-15 01:39:36,745 | [DEBUG] : Current model size: 29226 parameters
2023-12-15 01:39:36,745 | [DEBUG] : Current training mode: increased
2023-12-15 01:39:36,745 | [INFO] : no layers were added
2023-12-15 01:39:36,746 | [DEBUG] : Model size was changed to 29226 parameters
2023-12-15 01:39:36,746 | [DEBUG] : Learning rate is now 0.010000
2023-12-15 01:39:46,778 | [INFO] : New learning rate: 0.009000000000000001
2023-12-15 01:39:48,572 | [DEBUG] : Current model size: 29226 parameters
2023-12-15 01:39:48,573 | [DEBUG] : Current training mode: increased
2023-12-15 01:39:48,573 | [INFO] : no layers were added
2023-12-15 01:39:48,573 | [DEBUG] : Model size was changed to 29226 parameters
2023-12-15 01:39:48,573 | [DEBUG] : Learning rate is now 0.010000
2023-12-15 01:39:58,699 | [INFO] : New learning rate: 0.009000000000000001
2023-12-15 01:40:00,452 | [DEBUG] : Current model size: 29226 parameters
2023-12-15 01:40:00,452 | [DEBUG] : Current training mode: increased
2023-12-15 01:40:00,452 | [INFO] : no layers were added
2023-12-15 01:40:00,453 | [DEBUG] : Model size was changed to 29226 parameters
2023-12-15 01:40:00,453 | [DEBUG] : Learning rate is now 0.010000
2023-12-15 01:40:06,420 | [INFO] : training has run out of time
2023-12-15 01:40:06,421 | [INFO] : training07 runtime (h:mm:ss): 0:05:31
2023-12-15 01:40:06,421 | [INFO] : training07 end time: 12/15/2023 01:40:06 AM
2023-12-15 01:40:06,421 | [INFO] : episode 8/64 finished, objective: None
