2023-12-15 06:37:56,730 | [INFO] : training62 start time: 12/15/2023 06:37:56 AM
2023-12-15 06:37:56,733 | [INFO] : Initialized model with weights: results/small_early2/weights.pth
2023-12-15 06:37:56,733 | [DEBUG] : Current model size: 10602 parameters
2023-12-15 06:37:56,733 | [DEBUG] : Current training mode: initial
2023-12-15 06:37:56,746 | [INFO] : GPU allocation changing : going up
2023-12-15 06:37:56,749 | [DEBUG] : Current model size: 10602 parameters
2023-12-15 06:37:56,749 | [DEBUG] : Current training mode: increased
2023-12-15 06:37:56,749 | [INFO] : no layers were added
2023-12-15 06:37:56,750 | [DEBUG] : Model size was changed to 10602 parameters
2023-12-15 06:37:56,750 | [DEBUG] : Learning rate is now 0.010000
2023-12-15 06:38:06,185 | [INFO] : New learning rate: 0.009000000000000001
2023-12-15 06:38:07,834 | [DEBUG] : Current model size: 10602 parameters
2023-12-15 06:38:07,834 | [DEBUG] : Current training mode: increased
2023-12-15 06:38:07,834 | [INFO] : no layers were added
2023-12-15 06:38:07,835 | [DEBUG] : Model size was changed to 10602 parameters
2023-12-15 06:38:07,835 | [DEBUG] : Learning rate is now 0.010000
2023-12-15 06:38:17,217 | [INFO] : New learning rate: 0.009000000000000001
2023-12-15 06:38:18,851 | [DEBUG] : Current model size: 10602 parameters
2023-12-15 06:38:18,851 | [DEBUG] : Current training mode: increased
2023-12-15 06:38:18,853 | [INFO] : deepening layer 2/3: Linear(in_features=32, out_features=10, bias=True)
2023-12-15 06:38:18,853 | [DEBUG] : Model size was changed to 10712 parameters
2023-12-15 06:38:18,853 | [DEBUG] : Learning rate is now 0.010000
2023-12-15 06:38:28,291 | [INFO] : New learning rate: 0.009000000000000001
2023-12-15 06:38:29,928 | [DEBUG] : Current model size: 10712 parameters
2023-12-15 06:38:29,928 | [DEBUG] : Current training mode: increased
2023-12-15 06:38:29,928 | [INFO] : no layers were added
2023-12-15 06:38:29,928 | [DEBUG] : Model size was changed to 10712 parameters
2023-12-15 06:38:29,928 | [DEBUG] : Learning rate is now 0.010000
2023-12-15 06:38:39,314 | [INFO] : New learning rate: 0.009000000000000001
2023-12-15 06:38:40,967 | [DEBUG] : Current model size: 10712 parameters
2023-12-15 06:38:40,967 | [DEBUG] : Current training mode: increased
2023-12-15 06:38:40,967 | [INFO] : no layers were added
2023-12-15 06:38:40,968 | [DEBUG] : Model size was changed to 10712 parameters
2023-12-15 06:38:40,968 | [DEBUG] : Learning rate is now 0.010000
2023-12-15 06:38:50,288 | [INFO] : New learning rate: 0.009000000000000001
2023-12-15 06:38:51,930 | [DEBUG] : Current model size: 10712 parameters
2023-12-15 06:38:51,930 | [DEBUG] : Current training mode: increased
2023-12-15 06:38:51,930 | [INFO] : no layers were added
2023-12-15 06:38:51,930 | [DEBUG] : Model size was changed to 10712 parameters
2023-12-15 06:38:51,931 | [DEBUG] : Learning rate is now 0.010000
2023-12-15 06:39:01,142 | [INFO] : New learning rate: 0.009000000000000001
2023-12-15 06:39:02,775 | [DEBUG] : Current model size: 10712 parameters
2023-12-15 06:39:02,775 | [DEBUG] : Current training mode: increased
2023-12-15 06:39:02,775 | [INFO] : no layers were added
2023-12-15 06:39:02,776 | [DEBUG] : Model size was changed to 10712 parameters
2023-12-15 06:39:02,776 | [DEBUG] : Learning rate is now 0.010000
2023-12-15 06:39:12,147 | [INFO] : New learning rate: 0.009000000000000001
2023-12-15 06:39:13,873 | [DEBUG] : Current model size: 10712 parameters
2023-12-15 06:39:13,873 | [DEBUG] : Current training mode: increased
2023-12-15 06:39:13,873 | [INFO] : no layers were added
2023-12-15 06:39:13,874 | [DEBUG] : Model size was changed to 10712 parameters
2023-12-15 06:39:13,874 | [DEBUG] : Learning rate is now 0.010000
2023-12-15 06:39:23,433 | [INFO] : New learning rate: 0.009000000000000001
2023-12-15 06:39:25,084 | [DEBUG] : Current model size: 10712 parameters
2023-12-15 06:39:25,085 | [DEBUG] : Current training mode: increased
2023-12-15 06:39:25,085 | [INFO] : no layers were added
2023-12-15 06:39:25,085 | [DEBUG] : Model size was changed to 10712 parameters
2023-12-15 06:39:25,085 | [DEBUG] : Learning rate is now 0.010000
2023-12-15 06:39:34,531 | [INFO] : New learning rate: 0.009000000000000001
2023-12-15 06:39:36,179 | [DEBUG] : Current model size: 10712 parameters
2023-12-15 06:39:36,179 | [DEBUG] : Current training mode: increased
2023-12-15 06:39:36,179 | [INFO] : no layers were added
2023-12-15 06:39:36,180 | [DEBUG] : Model size was changed to 10712 parameters
2023-12-15 06:39:36,180 | [DEBUG] : Learning rate is now 0.010000
2023-12-15 06:39:45,551 | [INFO] : New learning rate: 0.009000000000000001
2023-12-15 06:39:47,210 | [DEBUG] : Current model size: 10712 parameters
2023-12-15 06:39:47,210 | [DEBUG] : Current training mode: increased
2023-12-15 06:39:47,210 | [INFO] : no layers were added
2023-12-15 06:39:47,211 | [DEBUG] : Model size was changed to 10712 parameters
2023-12-15 06:39:47,211 | [DEBUG] : Learning rate is now 0.010000
2023-12-15 06:39:56,858 | [INFO] : New learning rate: 0.009000000000000001
2023-12-15 06:39:58,569 | [DEBUG] : Current model size: 10712 parameters
2023-12-15 06:39:58,569 | [DEBUG] : Current training mode: increased
2023-12-15 06:39:58,569 | [INFO] : no layers were added
2023-12-15 06:39:58,569 | [DEBUG] : Model size was changed to 10712 parameters
2023-12-15 06:39:58,570 | [DEBUG] : Learning rate is now 0.010000
2023-12-15 06:40:08,191 | [INFO] : New learning rate: 0.009000000000000001
2023-12-15 06:40:09,863 | [DEBUG] : Current model size: 10712 parameters
2023-12-15 06:40:09,863 | [DEBUG] : Current training mode: increased
2023-12-15 06:40:09,863 | [INFO] : no layers were added
2023-12-15 06:40:09,863 | [DEBUG] : Model size was changed to 10712 parameters
2023-12-15 06:40:09,863 | [DEBUG] : Learning rate is now 0.010000
2023-12-15 06:40:19,416 | [INFO] : New learning rate: 0.009000000000000001
2023-12-15 06:40:21,097 | [DEBUG] : Current model size: 10712 parameters
2023-12-15 06:40:21,097 | [DEBUG] : Current training mode: increased
2023-12-15 06:40:21,097 | [INFO] : no layers were added
2023-12-15 06:40:21,098 | [DEBUG] : Model size was changed to 10712 parameters
2023-12-15 06:40:21,098 | [DEBUG] : Learning rate is now 0.010000
2023-12-15 06:40:30,632 | [INFO] : New learning rate: 0.009000000000000001
2023-12-15 06:40:32,284 | [DEBUG] : Current model size: 10712 parameters
2023-12-15 06:40:32,284 | [DEBUG] : Current training mode: increased
2023-12-15 06:40:32,284 | [INFO] : no layers were added
2023-12-15 06:40:32,284 | [DEBUG] : Model size was changed to 10712 parameters
2023-12-15 06:40:32,284 | [DEBUG] : Learning rate is now 0.010000
2023-12-15 06:40:41,637 | [INFO] : New learning rate: 0.009000000000000001
2023-12-15 06:40:43,293 | [DEBUG] : Current model size: 10712 parameters
2023-12-15 06:40:43,293 | [DEBUG] : Current training mode: increased
2023-12-15 06:40:43,293 | [INFO] : no layers were added
2023-12-15 06:40:43,293 | [DEBUG] : Model size was changed to 10712 parameters
2023-12-15 06:40:43,293 | [DEBUG] : Learning rate is now 0.010000
2023-12-15 06:40:52,642 | [INFO] : New learning rate: 0.009000000000000001
2023-12-15 06:40:54,337 | [DEBUG] : Current model size: 10712 parameters
2023-12-15 06:40:54,337 | [DEBUG] : Current training mode: increased
2023-12-15 06:40:54,337 | [INFO] : no layers were added
2023-12-15 06:40:54,338 | [DEBUG] : Model size was changed to 10712 parameters
2023-12-15 06:40:54,338 | [DEBUG] : Learning rate is now 0.010000
2023-12-15 06:41:03,822 | [INFO] : New learning rate: 0.009000000000000001
2023-12-15 06:41:05,553 | [DEBUG] : Current model size: 10712 parameters
2023-12-15 06:41:05,553 | [DEBUG] : Current training mode: increased
2023-12-15 06:41:05,554 | [INFO] : no layers were added
2023-12-15 06:41:05,554 | [DEBUG] : Model size was changed to 10712 parameters
2023-12-15 06:41:05,554 | [DEBUG] : Learning rate is now 0.010000
2023-12-15 06:41:14,972 | [INFO] : New learning rate: 0.009000000000000001
2023-12-15 06:41:16,621 | [DEBUG] : Current model size: 10712 parameters
2023-12-15 06:41:16,621 | [DEBUG] : Current training mode: increased
2023-12-15 06:41:16,621 | [INFO] : no layers were added
2023-12-15 06:41:16,622 | [DEBUG] : Model size was changed to 10712 parameters
2023-12-15 06:41:16,622 | [DEBUG] : Learning rate is now 0.010000
2023-12-15 06:41:26,090 | [INFO] : New learning rate: 0.009000000000000001
2023-12-15 06:41:27,742 | [DEBUG] : Current model size: 10712 parameters
2023-12-15 06:41:27,742 | [DEBUG] : Current training mode: increased
2023-12-15 06:41:27,742 | [INFO] : no layers were added
2023-12-15 06:41:27,742 | [DEBUG] : Model size was changed to 10712 parameters
2023-12-15 06:41:27,742 | [DEBUG] : Learning rate is now 0.010000
2023-12-15 06:41:37,317 | [INFO] : New learning rate: 0.009000000000000001
2023-12-15 06:41:39,056 | [DEBUG] : Current model size: 10712 parameters
2023-12-15 06:41:39,056 | [DEBUG] : Current training mode: increased
2023-12-15 06:41:39,056 | [INFO] : no layers were added
2023-12-15 06:41:39,056 | [DEBUG] : Model size was changed to 10712 parameters
2023-12-15 06:41:39,056 | [DEBUG] : Learning rate is now 0.010000
2023-12-15 06:41:48,698 | [INFO] : New learning rate: 0.009000000000000001
2023-12-15 06:41:50,344 | [DEBUG] : Current model size: 10712 parameters
2023-12-15 06:41:50,344 | [DEBUG] : Current training mode: increased
2023-12-15 06:41:50,344 | [INFO] : no layers were added
2023-12-15 06:41:50,345 | [DEBUG] : Model size was changed to 10712 parameters
2023-12-15 06:41:50,345 | [DEBUG] : Learning rate is now 0.010000
2023-12-15 06:42:00,043 | [INFO] : New learning rate: 0.009000000000000001
2023-12-15 06:42:01,776 | [DEBUG] : Current model size: 10712 parameters
2023-12-15 06:42:01,776 | [DEBUG] : Current training mode: increased
2023-12-15 06:42:01,776 | [INFO] : no layers were added
2023-12-15 06:42:01,777 | [DEBUG] : Model size was changed to 10712 parameters
2023-12-15 06:42:01,777 | [DEBUG] : Learning rate is now 0.010000
2023-12-15 06:42:11,708 | [INFO] : New learning rate: 0.009000000000000001
2023-12-15 06:42:13,441 | [DEBUG] : Current model size: 10712 parameters
2023-12-15 06:42:13,441 | [DEBUG] : Current training mode: increased
2023-12-15 06:42:13,442 | [INFO] : no layers were added
2023-12-15 06:42:13,442 | [DEBUG] : Model size was changed to 10712 parameters
2023-12-15 06:42:13,442 | [DEBUG] : Learning rate is now 0.010000
2023-12-15 06:42:23,509 | [INFO] : New learning rate: 0.009000000000000001
2023-12-15 06:42:25,243 | [DEBUG] : Current model size: 10712 parameters
2023-12-15 06:42:25,243 | [DEBUG] : Current training mode: increased
2023-12-15 06:42:25,243 | [INFO] : no layers were added
2023-12-15 06:42:25,243 | [DEBUG] : Model size was changed to 10712 parameters
2023-12-15 06:42:25,243 | [DEBUG] : Learning rate is now 0.010000
2023-12-15 06:42:35,247 | [INFO] : New learning rate: 0.009000000000000001
2023-12-15 06:42:36,889 | [DEBUG] : Current model size: 10712 parameters
2023-12-15 06:42:36,890 | [DEBUG] : Current training mode: increased
2023-12-15 06:42:36,890 | [INFO] : no layers were added
2023-12-15 06:42:36,890 | [DEBUG] : Model size was changed to 10712 parameters
2023-12-15 06:42:36,890 | [DEBUG] : Learning rate is now 0.010000
2023-12-15 06:42:46,620 | [INFO] : New learning rate: 0.009000000000000001
2023-12-15 06:42:48,412 | [DEBUG] : Current model size: 10712 parameters
2023-12-15 06:42:48,412 | [DEBUG] : Current training mode: increased
2023-12-15 06:42:48,412 | [INFO] : no layers were added
2023-12-15 06:42:48,413 | [DEBUG] : Model size was changed to 10712 parameters
2023-12-15 06:42:48,413 | [DEBUG] : Learning rate is now 0.010000
2023-12-15 06:42:58,123 | [INFO] : New learning rate: 0.009000000000000001
2023-12-15 06:42:59,850 | [DEBUG] : Current model size: 10712 parameters
2023-12-15 06:42:59,850 | [DEBUG] : Current training mode: increased
2023-12-15 06:42:59,850 | [INFO] : no layers were added
2023-12-15 06:42:59,851 | [DEBUG] : Model size was changed to 10712 parameters
2023-12-15 06:42:59,851 | [DEBUG] : Learning rate is now 0.010000
2023-12-15 06:43:09,331 | [INFO] : New learning rate: 0.009000000000000001
2023-12-15 06:43:10,982 | [DEBUG] : Current model size: 10712 parameters
2023-12-15 06:43:10,982 | [DEBUG] : Current training mode: increased
2023-12-15 06:43:10,983 | [INFO] : no layers were added
2023-12-15 06:43:10,983 | [DEBUG] : Model size was changed to 10712 parameters
2023-12-15 06:43:10,983 | [DEBUG] : Learning rate is now 0.010000
2023-12-15 06:43:20,224 | [INFO] : New learning rate: 0.009000000000000001
2023-12-15 06:43:21,941 | [DEBUG] : Current model size: 10712 parameters
2023-12-15 06:43:21,941 | [DEBUG] : Current training mode: increased
2023-12-15 06:43:21,941 | [INFO] : no layers were added
2023-12-15 06:43:21,941 | [DEBUG] : Model size was changed to 10712 parameters
2023-12-15 06:43:21,941 | [DEBUG] : Learning rate is now 0.010000
2023-12-15 06:43:26,736 | [INFO] : training has run out of time
2023-12-15 06:43:26,737 | [INFO] : training62 runtime (h:mm:ss): 0:05:31
2023-12-15 06:43:26,737 | [INFO] : training62 end time: 12/15/2023 06:43:26 AM
2023-12-15 06:43:26,737 | [INFO] : episode 63/64 finished, objective: None
