2023-12-15 01:12:33,490 | [INFO] : training03 start time: 12/15/2023 01:12:33 AM
2023-12-15 01:12:33,493 | [INFO] : Initialized model with weights: results/small_early2/weights.pth
2023-12-15 01:12:33,494 | [DEBUG] : Current model size: 10602 parameters
2023-12-15 01:12:33,494 | [DEBUG] : Current training mode: initial
2023-12-15 01:12:33,512 | [INFO] : GPU allocation changing : going up
2023-12-15 01:12:33,515 | [DEBUG] : Current model size: 10602 parameters
2023-12-15 01:12:33,515 | [DEBUG] : Current training mode: increased
2023-12-15 01:12:33,517 | [INFO] : deepening layer 0/3: Conv2d(3, 32, kernel_size=(3, 3), stride=(1, 1))
2023-12-15 01:12:33,517 | [DEBUG] : Model size was changed to 19914 parameters
2023-12-15 01:12:33,517 | [DEBUG] : Learning rate is now 0.010000
2023-12-15 01:12:43,633 | [INFO] : New learning rate: 0.009000000000000001
2023-12-15 01:12:45,406 | [DEBUG] : Current model size: 19914 parameters
2023-12-15 01:12:45,407 | [DEBUG] : Current training mode: increased
2023-12-15 01:12:45,408 | [INFO] : deepening layer 0/3: Conv2d(3, 32, kernel_size=(3, 3), stride=(1, 1))
2023-12-15 01:12:45,409 | [DEBUG] : Model size was changed to 29226 parameters
2023-12-15 01:12:45,409 | [DEBUG] : Learning rate is now 0.010000
2023-12-15 01:12:55,688 | [INFO] : New learning rate: 0.009000000000000001
2023-12-15 01:12:57,646 | [DEBUG] : Current model size: 29226 parameters
2023-12-15 01:12:57,646 | [DEBUG] : Current training mode: increased
2023-12-15 01:12:57,646 | [INFO] : no layers were added
2023-12-15 01:12:57,647 | [DEBUG] : Model size was changed to 29226 parameters
2023-12-15 01:12:57,647 | [DEBUG] : Learning rate is now 0.010000
2023-12-15 01:13:07,700 | [INFO] : New learning rate: 0.009000000000000001
2023-12-15 01:13:09,609 | [DEBUG] : Current model size: 29226 parameters
2023-12-15 01:13:09,609 | [DEBUG] : Current training mode: increased
2023-12-15 01:13:09,609 | [INFO] : no layers were added
2023-12-15 01:13:09,610 | [DEBUG] : Model size was changed to 29226 parameters
2023-12-15 01:13:09,610 | [DEBUG] : Learning rate is now 0.010000
2023-12-15 01:13:19,761 | [INFO] : New learning rate: 0.009000000000000001
2023-12-15 01:13:21,564 | [DEBUG] : Current model size: 29226 parameters
2023-12-15 01:13:21,564 | [DEBUG] : Current training mode: increased
2023-12-15 01:13:21,565 | [INFO] : no layers were added
2023-12-15 01:13:21,565 | [DEBUG] : Model size was changed to 29226 parameters
2023-12-15 01:13:21,565 | [DEBUG] : Learning rate is now 0.010000
2023-12-15 01:13:31,696 | [INFO] : New learning rate: 0.009000000000000001
2023-12-15 01:13:33,504 | [DEBUG] : Current model size: 29226 parameters
2023-12-15 01:13:33,504 | [DEBUG] : Current training mode: increased
2023-12-15 01:13:33,504 | [INFO] : no layers were added
2023-12-15 01:13:33,504 | [DEBUG] : Model size was changed to 29226 parameters
2023-12-15 01:13:33,504 | [DEBUG] : Learning rate is now 0.010000
2023-12-15 01:13:43,586 | [INFO] : New learning rate: 0.009000000000000001
2023-12-15 01:13:45,550 | [DEBUG] : Current model size: 29226 parameters
2023-12-15 01:13:45,550 | [DEBUG] : Current training mode: increased
2023-12-15 01:13:45,550 | [INFO] : no layers were added
2023-12-15 01:13:45,551 | [DEBUG] : Model size was changed to 29226 parameters
2023-12-15 01:13:45,551 | [DEBUG] : Learning rate is now 0.010000
2023-12-15 01:13:55,726 | [INFO] : New learning rate: 0.009000000000000001
2023-12-15 01:13:57,492 | [DEBUG] : Current model size: 29226 parameters
2023-12-15 01:13:57,492 | [DEBUG] : Current training mode: increased
2023-12-15 01:13:57,492 | [INFO] : no layers were added
2023-12-15 01:13:57,493 | [DEBUG] : Model size was changed to 29226 parameters
2023-12-15 01:13:57,493 | [DEBUG] : Learning rate is now 0.010000
2023-12-15 01:14:07,591 | [INFO] : New learning rate: 0.009000000000000001
2023-12-15 01:14:09,362 | [DEBUG] : Current model size: 29226 parameters
2023-12-15 01:14:09,362 | [DEBUG] : Current training mode: increased
2023-12-15 01:14:09,362 | [INFO] : no layers were added
2023-12-15 01:14:09,363 | [DEBUG] : Model size was changed to 29226 parameters
2023-12-15 01:14:09,363 | [DEBUG] : Learning rate is now 0.010000
2023-12-15 01:14:19,488 | [INFO] : New learning rate: 0.009000000000000001
2023-12-15 01:14:21,299 | [DEBUG] : Current model size: 29226 parameters
2023-12-15 01:14:21,299 | [DEBUG] : Current training mode: increased
2023-12-15 01:14:21,299 | [INFO] : no layers were added
2023-12-15 01:14:21,300 | [DEBUG] : Model size was changed to 29226 parameters
2023-12-15 01:14:21,300 | [DEBUG] : Learning rate is now 0.010000
2023-12-15 01:14:31,428 | [INFO] : New learning rate: 0.009000000000000001
2023-12-15 01:14:33,204 | [DEBUG] : Current model size: 29226 parameters
2023-12-15 01:14:33,204 | [DEBUG] : Current training mode: increased
2023-12-15 01:14:33,205 | [INFO] : no layers were added
2023-12-15 01:14:33,205 | [DEBUG] : Model size was changed to 29226 parameters
2023-12-15 01:14:33,205 | [DEBUG] : Learning rate is now 0.010000
2023-12-15 01:14:43,453 | [INFO] : New learning rate: 0.009000000000000001
2023-12-15 01:14:45,468 | [DEBUG] : Current model size: 29226 parameters
2023-12-15 01:14:45,468 | [DEBUG] : Current training mode: increased
2023-12-15 01:14:45,468 | [INFO] : no layers were added
2023-12-15 01:14:45,469 | [DEBUG] : Model size was changed to 29226 parameters
2023-12-15 01:14:45,469 | [DEBUG] : Learning rate is now 0.010000
2023-12-15 01:14:55,616 | [INFO] : New learning rate: 0.009000000000000001
2023-12-15 01:14:57,433 | [DEBUG] : Current model size: 29226 parameters
2023-12-15 01:14:57,433 | [DEBUG] : Current training mode: increased
2023-12-15 01:14:57,433 | [INFO] : no layers were added
2023-12-15 01:14:57,433 | [DEBUG] : Model size was changed to 29226 parameters
2023-12-15 01:14:57,434 | [DEBUG] : Learning rate is now 0.010000
2023-12-15 01:15:07,439 | [INFO] : New learning rate: 0.009000000000000001
2023-12-15 01:15:09,283 | [DEBUG] : Current model size: 29226 parameters
2023-12-15 01:15:09,283 | [DEBUG] : Current training mode: increased
2023-12-15 01:15:09,283 | [INFO] : no layers were added
2023-12-15 01:15:09,283 | [DEBUG] : Model size was changed to 29226 parameters
2023-12-15 01:15:09,283 | [DEBUG] : Learning rate is now 0.010000
2023-12-15 01:15:19,378 | [INFO] : New learning rate: 0.009000000000000001
2023-12-15 01:15:21,126 | [DEBUG] : Current model size: 29226 parameters
2023-12-15 01:15:21,126 | [DEBUG] : Current training mode: increased
2023-12-15 01:15:21,127 | [INFO] : no layers were added
2023-12-15 01:15:21,127 | [DEBUG] : Model size was changed to 29226 parameters
2023-12-15 01:15:21,127 | [DEBUG] : Learning rate is now 0.010000
2023-12-15 01:15:31,460 | [INFO] : New learning rate: 0.009000000000000001
2023-12-15 01:15:33,469 | [DEBUG] : Current model size: 29226 parameters
2023-12-15 01:15:33,469 | [DEBUG] : Current training mode: increased
2023-12-15 01:15:33,469 | [INFO] : no layers were added
2023-12-15 01:15:33,470 | [DEBUG] : Model size was changed to 29226 parameters
2023-12-15 01:15:33,470 | [DEBUG] : Learning rate is now 0.010000
2023-12-15 01:15:43,681 | [INFO] : New learning rate: 0.009000000000000001
2023-12-15 01:15:45,565 | [DEBUG] : Current model size: 29226 parameters
2023-12-15 01:15:45,566 | [DEBUG] : Current training mode: increased
2023-12-15 01:15:45,566 | [INFO] : no layers were added
2023-12-15 01:15:45,567 | [DEBUG] : Model size was changed to 29226 parameters
2023-12-15 01:15:45,567 | [DEBUG] : Learning rate is now 0.010000
2023-12-15 01:15:55,871 | [INFO] : New learning rate: 0.009000000000000001
2023-12-15 01:15:57,846 | [DEBUG] : Current model size: 29226 parameters
2023-12-15 01:15:57,846 | [DEBUG] : Current training mode: increased
2023-12-15 01:15:57,846 | [INFO] : no layers were added
2023-12-15 01:15:57,847 | [DEBUG] : Model size was changed to 29226 parameters
2023-12-15 01:15:57,847 | [DEBUG] : Learning rate is now 0.010000
2023-12-15 01:16:07,961 | [INFO] : New learning rate: 0.009000000000000001
2023-12-15 01:16:09,944 | [DEBUG] : Current model size: 29226 parameters
2023-12-15 01:16:09,944 | [DEBUG] : Current training mode: increased
2023-12-15 01:16:09,944 | [INFO] : no layers were added
2023-12-15 01:16:09,945 | [DEBUG] : Model size was changed to 29226 parameters
2023-12-15 01:16:09,945 | [DEBUG] : Learning rate is now 0.010000
2023-12-15 01:16:20,365 | [INFO] : New learning rate: 0.009000000000000001
2023-12-15 01:16:22,298 | [DEBUG] : Current model size: 29226 parameters
2023-12-15 01:16:22,298 | [DEBUG] : Current training mode: increased
2023-12-15 01:16:22,298 | [INFO] : no layers were added
2023-12-15 01:16:22,299 | [DEBUG] : Model size was changed to 29226 parameters
2023-12-15 01:16:22,299 | [DEBUG] : Learning rate is now 0.010000
2023-12-15 01:16:32,451 | [INFO] : New learning rate: 0.009000000000000001
2023-12-15 01:16:34,452 | [DEBUG] : Current model size: 29226 parameters
2023-12-15 01:16:34,452 | [DEBUG] : Current training mode: increased
2023-12-15 01:16:34,453 | [INFO] : no layers were added
2023-12-15 01:16:34,453 | [DEBUG] : Model size was changed to 29226 parameters
2023-12-15 01:16:34,453 | [DEBUG] : Learning rate is now 0.010000
2023-12-15 01:16:44,522 | [INFO] : New learning rate: 0.009000000000000001
2023-12-15 01:16:46,496 | [DEBUG] : Current model size: 29226 parameters
2023-12-15 01:16:46,496 | [DEBUG] : Current training mode: increased
2023-12-15 01:16:46,496 | [INFO] : no layers were added
2023-12-15 01:16:46,497 | [DEBUG] : Model size was changed to 29226 parameters
2023-12-15 01:16:46,497 | [DEBUG] : Learning rate is now 0.010000
2023-12-15 01:16:56,571 | [INFO] : New learning rate: 0.009000000000000001
2023-12-15 01:16:58,512 | [DEBUG] : Current model size: 29226 parameters
2023-12-15 01:16:58,512 | [DEBUG] : Current training mode: increased
2023-12-15 01:16:58,512 | [INFO] : no layers were added
2023-12-15 01:16:58,513 | [DEBUG] : Model size was changed to 29226 parameters
2023-12-15 01:16:58,513 | [DEBUG] : Learning rate is now 0.010000
2023-12-15 01:17:08,664 | [INFO] : New learning rate: 0.009000000000000001
2023-12-15 01:17:10,428 | [DEBUG] : Current model size: 29226 parameters
2023-12-15 01:17:10,428 | [DEBUG] : Current training mode: increased
2023-12-15 01:17:10,428 | [INFO] : no layers were added
2023-12-15 01:17:10,428 | [DEBUG] : Model size was changed to 29226 parameters
2023-12-15 01:17:10,428 | [DEBUG] : Learning rate is now 0.010000
2023-12-15 01:17:20,655 | [INFO] : New learning rate: 0.009000000000000001
2023-12-15 01:17:22,528 | [DEBUG] : Current model size: 29226 parameters
2023-12-15 01:17:22,528 | [DEBUG] : Current training mode: increased
2023-12-15 01:17:22,529 | [INFO] : no layers were added
2023-12-15 01:17:22,529 | [DEBUG] : Model size was changed to 29226 parameters
2023-12-15 01:17:22,529 | [DEBUG] : Learning rate is now 0.010000
2023-12-15 01:17:32,789 | [INFO] : New learning rate: 0.009000000000000001
2023-12-15 01:17:34,614 | [DEBUG] : Current model size: 29226 parameters
2023-12-15 01:17:34,614 | [DEBUG] : Current training mode: increased
2023-12-15 01:17:34,614 | [INFO] : no layers were added
2023-12-15 01:17:34,614 | [DEBUG] : Model size was changed to 29226 parameters
2023-12-15 01:17:34,614 | [DEBUG] : Learning rate is now 0.010000
2023-12-15 01:17:44,759 | [INFO] : New learning rate: 0.009000000000000001
2023-12-15 01:17:46,562 | [DEBUG] : Current model size: 29226 parameters
2023-12-15 01:17:46,562 | [DEBUG] : Current training mode: increased
2023-12-15 01:17:46,562 | [INFO] : no layers were added
2023-12-15 01:17:46,563 | [DEBUG] : Model size was changed to 29226 parameters
2023-12-15 01:17:46,563 | [DEBUG] : Learning rate is now 0.010000
2023-12-15 01:17:56,661 | [INFO] : New learning rate: 0.009000000000000001
2023-12-15 01:17:58,575 | [DEBUG] : Current model size: 29226 parameters
2023-12-15 01:17:58,575 | [DEBUG] : Current training mode: increased
2023-12-15 01:17:58,575 | [INFO] : no layers were added
2023-12-15 01:17:58,576 | [DEBUG] : Model size was changed to 29226 parameters
2023-12-15 01:17:58,576 | [DEBUG] : Learning rate is now 0.010000
2023-12-15 01:18:03,494 | [INFO] : training has run out of time
2023-12-15 01:18:03,495 | [INFO] : training03 runtime (h:mm:ss): 0:05:31
2023-12-15 01:18:03,495 | [INFO] : training03 end time: 12/15/2023 01:18:03 AM
2023-12-15 01:18:03,495 | [INFO] : episode 4/64 finished, objective: None
