2023-12-15 02:13:11,538 | [INFO] : training14 start time: 12/15/2023 02:13:11 AM
2023-12-15 02:13:11,541 | [INFO] : Initialized model with weights: results/small_early2/weights.pth
2023-12-15 02:13:11,541 | [DEBUG] : Current model size: 10602 parameters
2023-12-15 02:13:11,541 | [DEBUG] : Current training mode: initial
2023-12-15 02:13:11,554 | [INFO] : GPU allocation changing : going up
2023-12-15 02:13:11,556 | [DEBUG] : Current model size: 10602 parameters
2023-12-15 02:13:11,556 | [DEBUG] : Current training mode: increased
2023-12-15 02:13:11,557 | [INFO] : deepening layer 0/3: Conv2d(3, 32, kernel_size=(3, 3), stride=(1, 1))
2023-12-15 02:13:11,558 | [DEBUG] : Model size was changed to 19914 parameters
2023-12-15 02:13:11,558 | [DEBUG] : Learning rate is now 0.010000
2023-12-15 02:13:21,765 | [INFO] : New learning rate: 0.009000000000000001
2023-12-15 02:13:23,831 | [DEBUG] : Current model size: 19914 parameters
2023-12-15 02:13:23,831 | [DEBUG] : Current training mode: increased
2023-12-15 02:13:23,831 | [INFO] : no layers were added
2023-12-15 02:13:23,832 | [DEBUG] : Model size was changed to 19914 parameters
2023-12-15 02:13:23,832 | [DEBUG] : Learning rate is now 0.010000
2023-12-15 02:13:34,023 | [INFO] : New learning rate: 0.009000000000000001
2023-12-15 02:13:35,838 | [DEBUG] : Current model size: 19914 parameters
2023-12-15 02:13:35,838 | [DEBUG] : Current training mode: increased
2023-12-15 02:13:35,840 | [INFO] : deepening layer 2/3: Linear(in_features=32, out_features=10, bias=True)
2023-12-15 02:13:35,840 | [DEBUG] : Model size was changed to 20024 parameters
2023-12-15 02:13:35,840 | [DEBUG] : Learning rate is now 0.010000
2023-12-15 02:13:46,006 | [INFO] : New learning rate: 0.009000000000000001
2023-12-15 02:13:48,075 | [DEBUG] : Current model size: 20024 parameters
2023-12-15 02:13:48,075 | [DEBUG] : Current training mode: increased
2023-12-15 02:13:48,075 | [INFO] : no layers were added
2023-12-15 02:13:48,076 | [DEBUG] : Model size was changed to 20024 parameters
2023-12-15 02:13:48,076 | [DEBUG] : Learning rate is now 0.010000
2023-12-15 02:13:58,292 | [INFO] : New learning rate: 0.009000000000000001
2023-12-15 02:14:00,361 | [DEBUG] : Current model size: 20024 parameters
2023-12-15 02:14:00,362 | [DEBUG] : Current training mode: increased
2023-12-15 02:14:00,362 | [INFO] : no layers were added
2023-12-15 02:14:00,362 | [DEBUG] : Model size was changed to 20024 parameters
2023-12-15 02:14:00,362 | [DEBUG] : Learning rate is now 0.010000
2023-12-15 02:14:10,542 | [INFO] : New learning rate: 0.009000000000000001
2023-12-15 02:14:12,381 | [DEBUG] : Current model size: 20024 parameters
2023-12-15 02:14:12,381 | [DEBUG] : Current training mode: increased
2023-12-15 02:14:12,381 | [INFO] : no layers were added
2023-12-15 02:14:12,382 | [DEBUG] : Model size was changed to 20024 parameters
2023-12-15 02:14:12,382 | [DEBUG] : Learning rate is now 0.010000
2023-12-15 02:14:22,540 | [INFO] : New learning rate: 0.009000000000000001
2023-12-15 02:14:24,546 | [DEBUG] : Current model size: 20024 parameters
2023-12-15 02:14:24,546 | [DEBUG] : Current training mode: increased
2023-12-15 02:14:24,547 | [INFO] : no layers were added
2023-12-15 02:14:24,547 | [DEBUG] : Model size was changed to 20024 parameters
2023-12-15 02:14:24,547 | [DEBUG] : Learning rate is now 0.010000
2023-12-15 02:14:34,534 | [INFO] : New learning rate: 0.009000000000000001
2023-12-15 02:14:36,548 | [DEBUG] : Current model size: 20024 parameters
2023-12-15 02:14:36,548 | [DEBUG] : Current training mode: increased
2023-12-15 02:14:36,548 | [INFO] : no layers were added
2023-12-15 02:14:36,549 | [DEBUG] : Model size was changed to 20024 parameters
2023-12-15 02:14:36,549 | [DEBUG] : Learning rate is now 0.010000
2023-12-15 02:14:46,579 | [INFO] : New learning rate: 0.009000000000000001
2023-12-15 02:14:48,557 | [DEBUG] : Current model size: 20024 parameters
2023-12-15 02:14:48,557 | [DEBUG] : Current training mode: increased
2023-12-15 02:14:48,557 | [INFO] : no layers were added
2023-12-15 02:14:48,557 | [DEBUG] : Model size was changed to 20024 parameters
2023-12-15 02:14:48,557 | [DEBUG] : Learning rate is now 0.010000
2023-12-15 02:14:58,847 | [INFO] : New learning rate: 0.009000000000000001
2023-12-15 02:15:00,925 | [DEBUG] : Current model size: 20024 parameters
2023-12-15 02:15:00,925 | [DEBUG] : Current training mode: increased
2023-12-15 02:15:00,925 | [INFO] : no layers were added
2023-12-15 02:15:00,926 | [DEBUG] : Model size was changed to 20024 parameters
2023-12-15 02:15:00,926 | [DEBUG] : Learning rate is now 0.010000
2023-12-15 02:15:11,090 | [INFO] : New learning rate: 0.009000000000000001
2023-12-15 02:15:13,069 | [DEBUG] : Current model size: 20024 parameters
2023-12-15 02:15:13,069 | [DEBUG] : Current training mode: increased
2023-12-15 02:15:13,069 | [INFO] : no layers were added
2023-12-15 02:15:13,070 | [DEBUG] : Model size was changed to 20024 parameters
2023-12-15 02:15:13,070 | [DEBUG] : Learning rate is now 0.010000
2023-12-15 02:15:23,268 | [INFO] : New learning rate: 0.009000000000000001
2023-12-15 02:15:25,185 | [DEBUG] : Current model size: 20024 parameters
2023-12-15 02:15:25,185 | [DEBUG] : Current training mode: increased
2023-12-15 02:15:25,185 | [INFO] : no layers were added
2023-12-15 02:15:25,186 | [DEBUG] : Model size was changed to 20024 parameters
2023-12-15 02:15:25,186 | [DEBUG] : Learning rate is now 0.010000
2023-12-15 02:15:35,077 | [INFO] : New learning rate: 0.009000000000000001
2023-12-15 02:15:36,841 | [DEBUG] : Current model size: 20024 parameters
2023-12-15 02:15:36,841 | [DEBUG] : Current training mode: increased
2023-12-15 02:15:36,842 | [INFO] : no layers were added
2023-12-15 02:15:36,842 | [DEBUG] : Model size was changed to 20024 parameters
2023-12-15 02:15:36,842 | [DEBUG] : Learning rate is now 0.010000
2023-12-15 02:15:46,840 | [INFO] : New learning rate: 0.009000000000000001
2023-12-15 02:15:48,869 | [DEBUG] : Current model size: 20024 parameters
2023-12-15 02:15:48,869 | [DEBUG] : Current training mode: increased
2023-12-15 02:15:48,869 | [INFO] : no layers were added
2023-12-15 02:15:48,870 | [DEBUG] : Model size was changed to 20024 parameters
2023-12-15 02:15:48,870 | [DEBUG] : Learning rate is now 0.010000
2023-12-15 02:15:59,174 | [INFO] : New learning rate: 0.009000000000000001
2023-12-15 02:16:01,256 | [DEBUG] : Current model size: 20024 parameters
2023-12-15 02:16:01,256 | [DEBUG] : Current training mode: increased
2023-12-15 02:16:01,256 | [INFO] : no layers were added
2023-12-15 02:16:01,257 | [DEBUG] : Model size was changed to 20024 parameters
2023-12-15 02:16:01,257 | [DEBUG] : Learning rate is now 0.010000
2023-12-15 02:16:11,399 | [INFO] : New learning rate: 0.009000000000000001
2023-12-15 02:16:13,450 | [DEBUG] : Current model size: 20024 parameters
2023-12-15 02:16:13,450 | [DEBUG] : Current training mode: increased
2023-12-15 02:16:13,450 | [INFO] : no layers were added
2023-12-15 02:16:13,450 | [DEBUG] : Model size was changed to 20024 parameters
2023-12-15 02:16:13,450 | [DEBUG] : Learning rate is now 0.010000
2023-12-15 02:16:23,582 | [INFO] : New learning rate: 0.009000000000000001
2023-12-15 02:16:25,611 | [DEBUG] : Current model size: 20024 parameters
2023-12-15 02:16:25,611 | [DEBUG] : Current training mode: increased
2023-12-15 02:16:25,611 | [INFO] : no layers were added
2023-12-15 02:16:25,612 | [DEBUG] : Model size was changed to 20024 parameters
2023-12-15 02:16:25,612 | [DEBUG] : Learning rate is now 0.010000
2023-12-15 02:16:35,857 | [INFO] : New learning rate: 0.009000000000000001
2023-12-15 02:16:37,904 | [DEBUG] : Current model size: 20024 parameters
2023-12-15 02:16:37,904 | [DEBUG] : Current training mode: increased
2023-12-15 02:16:37,904 | [INFO] : no layers were added
2023-12-15 02:16:37,904 | [DEBUG] : Model size was changed to 20024 parameters
2023-12-15 02:16:37,904 | [DEBUG] : Learning rate is now 0.010000
2023-12-15 02:16:48,059 | [INFO] : New learning rate: 0.009000000000000001
2023-12-15 02:16:49,906 | [DEBUG] : Current model size: 20024 parameters
2023-12-15 02:16:49,906 | [DEBUG] : Current training mode: increased
2023-12-15 02:16:49,906 | [INFO] : no layers were added
2023-12-15 02:16:49,907 | [DEBUG] : Model size was changed to 20024 parameters
2023-12-15 02:16:49,907 | [DEBUG] : Learning rate is now 0.010000
2023-12-15 02:16:59,992 | [INFO] : New learning rate: 0.009000000000000001
2023-12-15 02:17:01,877 | [DEBUG] : Current model size: 20024 parameters
2023-12-15 02:17:01,877 | [DEBUG] : Current training mode: increased
2023-12-15 02:17:01,877 | [INFO] : no layers were added
2023-12-15 02:17:01,877 | [DEBUG] : Model size was changed to 20024 parameters
2023-12-15 02:17:01,878 | [DEBUG] : Learning rate is now 0.010000
2023-12-15 02:17:12,176 | [INFO] : New learning rate: 0.009000000000000001
2023-12-15 02:17:14,142 | [DEBUG] : Current model size: 20024 parameters
2023-12-15 02:17:14,142 | [DEBUG] : Current training mode: increased
2023-12-15 02:17:14,142 | [INFO] : no layers were added
2023-12-15 02:17:14,143 | [DEBUG] : Model size was changed to 20024 parameters
2023-12-15 02:17:14,143 | [DEBUG] : Learning rate is now 0.010000
2023-12-15 02:17:24,451 | [INFO] : New learning rate: 0.009000000000000001
2023-12-15 02:17:26,300 | [DEBUG] : Current model size: 20024 parameters
2023-12-15 02:17:26,300 | [DEBUG] : Current training mode: increased
2023-12-15 02:17:26,300 | [INFO] : no layers were added
2023-12-15 02:17:26,301 | [DEBUG] : Model size was changed to 20024 parameters
2023-12-15 02:17:26,301 | [DEBUG] : Learning rate is now 0.010000
2023-12-15 02:17:36,565 | [INFO] : New learning rate: 0.009000000000000001
2023-12-15 02:17:38,614 | [DEBUG] : Current model size: 20024 parameters
2023-12-15 02:17:38,614 | [DEBUG] : Current training mode: increased
2023-12-15 02:17:38,614 | [INFO] : no layers were added
2023-12-15 02:17:38,615 | [DEBUG] : Model size was changed to 20024 parameters
2023-12-15 02:17:38,615 | [DEBUG] : Learning rate is now 0.010000
2023-12-15 02:17:48,870 | [INFO] : New learning rate: 0.009000000000000001
2023-12-15 02:17:50,855 | [DEBUG] : Current model size: 20024 parameters
2023-12-15 02:17:50,855 | [DEBUG] : Current training mode: increased
2023-12-15 02:17:50,855 | [INFO] : no layers were added
2023-12-15 02:17:50,856 | [DEBUG] : Model size was changed to 20024 parameters
2023-12-15 02:17:50,856 | [DEBUG] : Learning rate is now 0.010000
2023-12-15 02:18:01,117 | [INFO] : New learning rate: 0.009000000000000001
2023-12-15 02:18:02,913 | [DEBUG] : Current model size: 20024 parameters
2023-12-15 02:18:02,913 | [DEBUG] : Current training mode: increased
2023-12-15 02:18:02,913 | [INFO] : no layers were added
2023-12-15 02:18:02,914 | [DEBUG] : Model size was changed to 20024 parameters
2023-12-15 02:18:02,914 | [DEBUG] : Learning rate is now 0.010000
2023-12-15 02:18:13,179 | [INFO] : New learning rate: 0.009000000000000001
2023-12-15 02:18:15,151 | [DEBUG] : Current model size: 20024 parameters
2023-12-15 02:18:15,151 | [DEBUG] : Current training mode: increased
2023-12-15 02:18:15,151 | [INFO] : no layers were added
2023-12-15 02:18:15,151 | [DEBUG] : Model size was changed to 20024 parameters
2023-12-15 02:18:15,151 | [DEBUG] : Learning rate is now 0.010000
2023-12-15 02:18:25,233 | [INFO] : New learning rate: 0.009000000000000001
2023-12-15 02:18:27,253 | [DEBUG] : Current model size: 20024 parameters
2023-12-15 02:18:27,253 | [DEBUG] : Current training mode: increased
2023-12-15 02:18:27,253 | [INFO] : no layers were added
2023-12-15 02:18:27,254 | [DEBUG] : Model size was changed to 20024 parameters
2023-12-15 02:18:27,254 | [DEBUG] : Learning rate is now 0.010000
2023-12-15 02:18:37,682 | [INFO] : New learning rate: 0.009000000000000001
2023-12-15 02:18:39,520 | [DEBUG] : Current model size: 20024 parameters
2023-12-15 02:18:39,520 | [DEBUG] : Current training mode: increased
2023-12-15 02:18:39,520 | [INFO] : no layers were added
2023-12-15 02:18:39,521 | [DEBUG] : Model size was changed to 20024 parameters
2023-12-15 02:18:39,521 | [DEBUG] : Learning rate is now 0.010000
2023-12-15 02:18:41,544 | [INFO] : training has run out of time
2023-12-15 02:18:41,545 | [INFO] : training14 runtime (h:mm:ss): 0:05:31
2023-12-15 02:18:41,547 | [INFO] : training14 end time: 12/15/2023 02:18:41 AM
2023-12-15 02:18:41,547 | [INFO] : episode 15/64 finished, objective: None
