2023-12-15 02:46:15,966 | [INFO] : training20 start time: 12/15/2023 02:46:15 AM
2023-12-15 02:46:15,969 | [INFO] : Initialized model with weights: results/small_early2/weights.pth
2023-12-15 02:46:15,969 | [DEBUG] : Current model size: 10602 parameters
2023-12-15 02:46:15,969 | [DEBUG] : Current training mode: initial
2023-12-15 02:46:15,983 | [INFO] : GPU allocation changing : going up
2023-12-15 02:46:15,985 | [DEBUG] : Current model size: 10602 parameters
2023-12-15 02:46:15,985 | [DEBUG] : Current training mode: increased
2023-12-15 02:46:15,987 | [INFO] : deepening layer 1/3: Conv2d(32, 32, kernel_size=(3, 3), stride=(1, 1))
2023-12-15 02:46:15,987 | [DEBUG] : Model size was changed to 19914 parameters
2023-12-15 02:46:15,987 | [DEBUG] : Learning rate is now 0.010000
2023-12-15 02:46:25,994 | [INFO] : New learning rate: 0.009000000000000001
2023-12-15 02:46:27,859 | [DEBUG] : Current model size: 19914 parameters
2023-12-15 02:46:27,860 | [DEBUG] : Current training mode: increased
2023-12-15 02:46:27,861 | [INFO] : deepening layer 1/3: Conv2d(32, 32, kernel_size=(3, 3), stride=(1, 1))
2023-12-15 02:46:27,862 | [DEBUG] : Model size was changed to 29226 parameters
2023-12-15 02:46:27,862 | [DEBUG] : Learning rate is now 0.010000
2023-12-15 02:46:37,934 | [INFO] : New learning rate: 0.009000000000000001
2023-12-15 02:46:39,804 | [DEBUG] : Current model size: 29226 parameters
2023-12-15 02:46:39,804 | [DEBUG] : Current training mode: increased
2023-12-15 02:46:39,806 | [INFO] : deepening layer 0/3: Conv2d(3, 32, kernel_size=(3, 3), stride=(1, 1))
2023-12-15 02:46:39,806 | [DEBUG] : Model size was changed to 38538 parameters
2023-12-15 02:46:39,806 | [DEBUG] : Learning rate is now 0.010000
2023-12-15 02:46:50,137 | [INFO] : New learning rate: 0.009000000000000001
2023-12-15 02:46:51,943 | [DEBUG] : Current model size: 38538 parameters
2023-12-15 02:46:51,943 | [DEBUG] : Current training mode: increased
2023-12-15 02:46:51,943 | [INFO] : no layers were added
2023-12-15 02:46:51,944 | [DEBUG] : Model size was changed to 38538 parameters
2023-12-15 02:46:51,944 | [DEBUG] : Learning rate is now 0.010000
2023-12-15 02:47:02,388 | [INFO] : New learning rate: 0.009000000000000001
2023-12-15 02:47:04,212 | [DEBUG] : Current model size: 38538 parameters
2023-12-15 02:47:04,212 | [DEBUG] : Current training mode: increased
2023-12-15 02:47:04,213 | [INFO] : no layers were added
2023-12-15 02:47:04,213 | [DEBUG] : Model size was changed to 38538 parameters
2023-12-15 02:47:04,213 | [DEBUG] : Learning rate is now 0.010000
2023-12-15 02:47:14,678 | [INFO] : New learning rate: 0.009000000000000001
2023-12-15 02:47:16,598 | [DEBUG] : Current model size: 38538 parameters
2023-12-15 02:47:16,598 | [DEBUG] : Current training mode: increased
2023-12-15 02:47:16,598 | [INFO] : no layers were added
2023-12-15 02:47:16,599 | [DEBUG] : Model size was changed to 38538 parameters
2023-12-15 02:47:16,599 | [DEBUG] : Learning rate is now 0.010000
2023-12-15 02:47:27,074 | [INFO] : New learning rate: 0.009000000000000001
2023-12-15 02:47:28,900 | [DEBUG] : Current model size: 38538 parameters
2023-12-15 02:47:28,900 | [DEBUG] : Current training mode: increased
2023-12-15 02:47:28,900 | [INFO] : no layers were added
2023-12-15 02:47:28,901 | [DEBUG] : Model size was changed to 38538 parameters
2023-12-15 02:47:28,901 | [DEBUG] : Learning rate is now 0.010000
2023-12-15 02:47:39,304 | [INFO] : New learning rate: 0.009000000000000001
2023-12-15 02:47:41,146 | [DEBUG] : Current model size: 38538 parameters
2023-12-15 02:47:41,146 | [DEBUG] : Current training mode: increased
2023-12-15 02:47:41,146 | [INFO] : no layers were added
2023-12-15 02:47:41,147 | [DEBUG] : Model size was changed to 38538 parameters
2023-12-15 02:47:41,147 | [DEBUG] : Learning rate is now 0.010000
2023-12-15 02:47:51,487 | [INFO] : New learning rate: 0.009000000000000001
2023-12-15 02:47:53,339 | [DEBUG] : Current model size: 38538 parameters
2023-12-15 02:47:53,340 | [DEBUG] : Current training mode: increased
2023-12-15 02:47:53,340 | [INFO] : no layers were added
2023-12-15 02:47:53,340 | [DEBUG] : Model size was changed to 38538 parameters
2023-12-15 02:47:53,340 | [DEBUG] : Learning rate is now 0.010000
2023-12-15 02:48:03,775 | [INFO] : New learning rate: 0.009000000000000001
2023-12-15 02:48:05,700 | [DEBUG] : Current model size: 38538 parameters
2023-12-15 02:48:05,700 | [DEBUG] : Current training mode: increased
2023-12-15 02:48:05,700 | [INFO] : no layers were added
2023-12-15 02:48:05,701 | [DEBUG] : Model size was changed to 38538 parameters
2023-12-15 02:48:05,701 | [DEBUG] : Learning rate is now 0.010000
2023-12-15 02:48:15,786 | [INFO] : New learning rate: 0.009000000000000001
2023-12-15 02:48:17,801 | [DEBUG] : Current model size: 38538 parameters
2023-12-15 02:48:17,801 | [DEBUG] : Current training mode: increased
2023-12-15 02:48:17,801 | [INFO] : no layers were added
2023-12-15 02:48:17,801 | [DEBUG] : Model size was changed to 38538 parameters
2023-12-15 02:48:17,801 | [DEBUG] : Learning rate is now 0.010000
2023-12-15 02:48:28,085 | [INFO] : New learning rate: 0.009000000000000001
2023-12-15 02:48:30,078 | [DEBUG] : Current model size: 38538 parameters
2023-12-15 02:48:30,079 | [DEBUG] : Current training mode: increased
2023-12-15 02:48:30,079 | [INFO] : no layers were added
2023-12-15 02:48:30,079 | [DEBUG] : Model size was changed to 38538 parameters
2023-12-15 02:48:30,079 | [DEBUG] : Learning rate is now 0.010000
2023-12-15 02:48:40,651 | [INFO] : New learning rate: 0.009000000000000001
2023-12-15 02:48:42,484 | [DEBUG] : Current model size: 38538 parameters
2023-12-15 02:48:42,484 | [DEBUG] : Current training mode: increased
2023-12-15 02:48:42,484 | [INFO] : no layers were added
2023-12-15 02:48:42,485 | [DEBUG] : Model size was changed to 38538 parameters
2023-12-15 02:48:42,485 | [DEBUG] : Learning rate is now 0.010000
2023-12-15 02:48:53,005 | [INFO] : New learning rate: 0.009000000000000001
2023-12-15 02:48:54,848 | [DEBUG] : Current model size: 38538 parameters
2023-12-15 02:48:54,848 | [DEBUG] : Current training mode: increased
2023-12-15 02:48:54,848 | [INFO] : no layers were added
2023-12-15 02:48:54,849 | [DEBUG] : Model size was changed to 38538 parameters
2023-12-15 02:48:54,849 | [DEBUG] : Learning rate is now 0.010000
2023-12-15 02:49:05,423 | [INFO] : New learning rate: 0.009000000000000001
2023-12-15 02:49:07,262 | [DEBUG] : Current model size: 38538 parameters
2023-12-15 02:49:07,262 | [DEBUG] : Current training mode: increased
2023-12-15 02:49:07,262 | [INFO] : no layers were added
2023-12-15 02:49:07,263 | [DEBUG] : Model size was changed to 38538 parameters
2023-12-15 02:49:07,263 | [DEBUG] : Learning rate is now 0.010000
2023-12-15 02:49:17,745 | [INFO] : New learning rate: 0.009000000000000001
2023-12-15 02:49:19,570 | [DEBUG] : Current model size: 38538 parameters
2023-12-15 02:49:19,570 | [DEBUG] : Current training mode: increased
2023-12-15 02:49:19,570 | [INFO] : no layers were added
2023-12-15 02:49:19,571 | [DEBUG] : Model size was changed to 38538 parameters
2023-12-15 02:49:19,571 | [DEBUG] : Learning rate is now 0.010000
2023-12-15 02:49:30,062 | [INFO] : New learning rate: 0.009000000000000001
2023-12-15 02:49:32,066 | [DEBUG] : Current model size: 38538 parameters
2023-12-15 02:49:32,067 | [DEBUG] : Current training mode: increased
2023-12-15 02:49:32,067 | [INFO] : no layers were added
2023-12-15 02:49:32,067 | [DEBUG] : Model size was changed to 38538 parameters
2023-12-15 02:49:32,067 | [DEBUG] : Learning rate is now 0.010000
2023-12-15 02:49:42,434 | [INFO] : New learning rate: 0.009000000000000001
2023-12-15 02:49:44,457 | [DEBUG] : Current model size: 38538 parameters
2023-12-15 02:49:44,457 | [DEBUG] : Current training mode: increased
2023-12-15 02:49:44,458 | [INFO] : no layers were added
2023-12-15 02:49:44,458 | [DEBUG] : Model size was changed to 38538 parameters
2023-12-15 02:49:44,458 | [DEBUG] : Learning rate is now 0.010000
2023-12-15 02:49:54,781 | [INFO] : New learning rate: 0.009000000000000001
2023-12-15 02:49:56,760 | [DEBUG] : Current model size: 38538 parameters
2023-12-15 02:49:56,760 | [DEBUG] : Current training mode: increased
2023-12-15 02:49:56,760 | [INFO] : no layers were added
2023-12-15 02:49:56,761 | [DEBUG] : Model size was changed to 38538 parameters
2023-12-15 02:49:56,761 | [DEBUG] : Learning rate is now 0.010000
2023-12-15 02:50:07,236 | [INFO] : New learning rate: 0.009000000000000001
2023-12-15 02:50:09,062 | [DEBUG] : Current model size: 38538 parameters
2023-12-15 02:50:09,062 | [DEBUG] : Current training mode: increased
2023-12-15 02:50:09,062 | [INFO] : no layers were added
2023-12-15 02:50:09,063 | [DEBUG] : Model size was changed to 38538 parameters
2023-12-15 02:50:09,063 | [DEBUG] : Learning rate is now 0.010000
2023-12-15 02:50:19,486 | [INFO] : New learning rate: 0.009000000000000001
2023-12-15 02:50:21,243 | [DEBUG] : Current model size: 38538 parameters
2023-12-15 02:50:21,243 | [DEBUG] : Current training mode: increased
2023-12-15 02:50:21,243 | [INFO] : no layers were added
2023-12-15 02:50:21,244 | [DEBUG] : Model size was changed to 38538 parameters
2023-12-15 02:50:21,244 | [DEBUG] : Learning rate is now 0.010000
2023-12-15 02:50:31,713 | [INFO] : New learning rate: 0.009000000000000001
2023-12-15 02:50:33,593 | [DEBUG] : Current model size: 38538 parameters
2023-12-15 02:50:33,593 | [DEBUG] : Current training mode: increased
2023-12-15 02:50:33,593 | [INFO] : no layers were added
2023-12-15 02:50:33,593 | [DEBUG] : Model size was changed to 38538 parameters
2023-12-15 02:50:33,593 | [DEBUG] : Learning rate is now 0.010000
2023-12-15 02:50:43,948 | [INFO] : New learning rate: 0.009000000000000001
2023-12-15 02:50:45,825 | [DEBUG] : Current model size: 38538 parameters
2023-12-15 02:50:45,825 | [DEBUG] : Current training mode: increased
2023-12-15 02:50:45,826 | [INFO] : no layers were added
2023-12-15 02:50:45,826 | [DEBUG] : Model size was changed to 38538 parameters
2023-12-15 02:50:45,826 | [DEBUG] : Learning rate is now 0.010000
2023-12-15 02:50:56,094 | [INFO] : New learning rate: 0.009000000000000001
2023-12-15 02:50:58,033 | [DEBUG] : Current model size: 38538 parameters
2023-12-15 02:50:58,033 | [DEBUG] : Current training mode: increased
2023-12-15 02:50:58,033 | [INFO] : no layers were added
2023-12-15 02:50:58,034 | [DEBUG] : Model size was changed to 38538 parameters
2023-12-15 02:50:58,034 | [DEBUG] : Learning rate is now 0.010000
2023-12-15 02:51:08,442 | [INFO] : New learning rate: 0.009000000000000001
2023-12-15 02:51:10,370 | [DEBUG] : Current model size: 38538 parameters
2023-12-15 02:51:10,370 | [DEBUG] : Current training mode: increased
2023-12-15 02:51:10,370 | [INFO] : no layers were added
2023-12-15 02:51:10,371 | [DEBUG] : Model size was changed to 38538 parameters
2023-12-15 02:51:10,371 | [DEBUG] : Learning rate is now 0.010000
2023-12-15 02:51:20,716 | [INFO] : New learning rate: 0.009000000000000001
2023-12-15 02:51:22,553 | [DEBUG] : Current model size: 38538 parameters
2023-12-15 02:51:22,553 | [DEBUG] : Current training mode: increased
2023-12-15 02:51:22,553 | [INFO] : no layers were added
2023-12-15 02:51:22,554 | [DEBUG] : Model size was changed to 38538 parameters
2023-12-15 02:51:22,554 | [DEBUG] : Learning rate is now 0.010000
2023-12-15 02:51:32,941 | [INFO] : New learning rate: 0.009000000000000001
2023-12-15 02:51:34,929 | [DEBUG] : Current model size: 38538 parameters
2023-12-15 02:51:34,930 | [DEBUG] : Current training mode: increased
2023-12-15 02:51:34,930 | [INFO] : no layers were added
2023-12-15 02:51:34,930 | [DEBUG] : Model size was changed to 38538 parameters
2023-12-15 02:51:34,930 | [DEBUG] : Learning rate is now 0.010000
2023-12-15 02:51:45,396 | [INFO] : New learning rate: 0.009000000000000001
2023-12-15 02:51:47,243 | [DEBUG] : Current model size: 38538 parameters
2023-12-15 02:51:47,243 | [DEBUG] : Current training mode: increased
2023-12-15 02:51:47,243 | [INFO] : no layers were added
2023-12-15 02:51:47,244 | [DEBUG] : Model size was changed to 38538 parameters
2023-12-15 02:51:47,244 | [DEBUG] : Learning rate is now 0.010000
2023-12-15 02:51:47,257 | [INFO] : training has run out of time
2023-12-15 02:51:47,258 | [INFO] : training20 runtime (h:mm:ss): 0:05:32
2023-12-15 02:51:47,258 | [INFO] : training20 end time: 12/15/2023 02:51:47 AM
2023-12-15 02:51:47,258 | [INFO] : episode 21/64 finished, objective: None
