2023-12-15 05:53:47,078 | [INFO] : training54 start time: 12/15/2023 05:53:47 AM
2023-12-15 05:53:47,081 | [INFO] : Initialized model with weights: results/small_early2/weights.pth
2023-12-15 05:53:47,081 | [DEBUG] : Current model size: 10602 parameters
2023-12-15 05:53:47,081 | [DEBUG] : Current training mode: initial
2023-12-15 05:53:47,095 | [INFO] : GPU allocation changing : going up
2023-12-15 05:53:47,097 | [DEBUG] : Current model size: 10602 parameters
2023-12-15 05:53:47,097 | [DEBUG] : Current training mode: increased
2023-12-15 05:53:47,097 | [INFO] : no layers were added
2023-12-15 05:53:47,097 | [DEBUG] : Model size was changed to 10602 parameters
2023-12-15 05:53:47,097 | [DEBUG] : Learning rate is now 0.010000
2023-12-15 05:53:56,499 | [INFO] : New learning rate: 0.009000000000000001
2023-12-15 05:53:58,123 | [DEBUG] : Current model size: 10602 parameters
2023-12-15 05:53:58,123 | [DEBUG] : Current training mode: increased
2023-12-15 05:53:58,124 | [INFO] : deepening layer 1/3: Conv2d(32, 32, kernel_size=(3, 3), stride=(1, 1))
2023-12-15 05:53:58,125 | [DEBUG] : Model size was changed to 19914 parameters
2023-12-15 05:53:58,125 | [DEBUG] : Learning rate is now 0.010000
2023-12-15 05:54:07,740 | [INFO] : New learning rate: 0.009000000000000001
2023-12-15 05:54:09,385 | [DEBUG] : Current model size: 19914 parameters
2023-12-15 05:54:09,385 | [DEBUG] : Current training mode: increased
2023-12-15 05:54:09,386 | [INFO] : deepening layer 2/3: Linear(in_features=32, out_features=10, bias=True)
2023-12-15 05:54:09,386 | [DEBUG] : Model size was changed to 20024 parameters
2023-12-15 05:54:09,386 | [DEBUG] : Learning rate is now 0.010000
2023-12-15 05:54:19,049 | [INFO] : New learning rate: 0.009000000000000001
2023-12-15 05:54:20,699 | [DEBUG] : Current model size: 20024 parameters
2023-12-15 05:54:20,699 | [DEBUG] : Current training mode: increased
2023-12-15 05:54:20,699 | [INFO] : no layers were added
2023-12-15 05:54:20,700 | [DEBUG] : Model size was changed to 20024 parameters
2023-12-15 05:54:20,700 | [DEBUG] : Learning rate is now 0.010000
2023-12-15 05:54:30,285 | [INFO] : New learning rate: 0.009000000000000001
2023-12-15 05:54:31,942 | [DEBUG] : Current model size: 20024 parameters
2023-12-15 05:54:31,942 | [DEBUG] : Current training mode: increased
2023-12-15 05:54:31,942 | [INFO] : no layers were added
2023-12-15 05:54:31,943 | [DEBUG] : Model size was changed to 20024 parameters
2023-12-15 05:54:31,943 | [DEBUG] : Learning rate is now 0.010000
2023-12-15 05:54:41,468 | [INFO] : New learning rate: 0.009000000000000001
2023-12-15 05:54:43,125 | [DEBUG] : Current model size: 20024 parameters
2023-12-15 05:54:43,125 | [DEBUG] : Current training mode: increased
2023-12-15 05:54:43,125 | [INFO] : no layers were added
2023-12-15 05:54:43,125 | [DEBUG] : Model size was changed to 20024 parameters
2023-12-15 05:54:43,125 | [DEBUG] : Learning rate is now 0.010000
2023-12-15 05:54:52,942 | [INFO] : New learning rate: 0.009000000000000001
2023-12-15 05:54:54,604 | [DEBUG] : Current model size: 20024 parameters
2023-12-15 05:54:54,605 | [DEBUG] : Current training mode: increased
2023-12-15 05:54:54,605 | [INFO] : no layers were added
2023-12-15 05:54:54,605 | [DEBUG] : Model size was changed to 20024 parameters
2023-12-15 05:54:54,605 | [DEBUG] : Learning rate is now 0.010000
2023-12-15 05:55:04,160 | [INFO] : New learning rate: 0.009000000000000001
2023-12-15 05:55:05,821 | [DEBUG] : Current model size: 20024 parameters
2023-12-15 05:55:05,821 | [DEBUG] : Current training mode: increased
2023-12-15 05:55:05,822 | [INFO] : no layers were added
2023-12-15 05:55:05,822 | [DEBUG] : Model size was changed to 20024 parameters
2023-12-15 05:55:05,822 | [DEBUG] : Learning rate is now 0.010000
2023-12-15 05:55:15,415 | [INFO] : New learning rate: 0.009000000000000001
2023-12-15 05:55:17,082 | [DEBUG] : Current model size: 20024 parameters
2023-12-15 05:55:17,083 | [DEBUG] : Current training mode: increased
2023-12-15 05:55:17,083 | [INFO] : no layers were added
2023-12-15 05:55:17,083 | [DEBUG] : Model size was changed to 20024 parameters
2023-12-15 05:55:17,083 | [DEBUG] : Learning rate is now 0.010000
2023-12-15 05:55:26,702 | [INFO] : New learning rate: 0.009000000000000001
2023-12-15 05:55:28,368 | [DEBUG] : Current model size: 20024 parameters
2023-12-15 05:55:28,368 | [DEBUG] : Current training mode: increased
2023-12-15 05:55:28,368 | [INFO] : no layers were added
2023-12-15 05:55:28,368 | [DEBUG] : Model size was changed to 20024 parameters
2023-12-15 05:55:28,369 | [DEBUG] : Learning rate is now 0.010000
2023-12-15 05:55:37,990 | [INFO] : New learning rate: 0.009000000000000001
2023-12-15 05:55:39,656 | [DEBUG] : Current model size: 20024 parameters
2023-12-15 05:55:39,656 | [DEBUG] : Current training mode: increased
2023-12-15 05:55:39,656 | [INFO] : no layers were added
2023-12-15 05:55:39,656 | [DEBUG] : Model size was changed to 20024 parameters
2023-12-15 05:55:39,656 | [DEBUG] : Learning rate is now 0.010000
2023-12-15 05:55:49,282 | [INFO] : New learning rate: 0.009000000000000001
2023-12-15 05:55:50,952 | [DEBUG] : Current model size: 20024 parameters
2023-12-15 05:55:50,952 | [DEBUG] : Current training mode: increased
2023-12-15 05:55:50,953 | [INFO] : no layers were added
2023-12-15 05:55:50,953 | [DEBUG] : Model size was changed to 20024 parameters
2023-12-15 05:55:50,953 | [DEBUG] : Learning rate is now 0.010000
2023-12-15 05:56:00,597 | [INFO] : New learning rate: 0.009000000000000001
2023-12-15 05:56:02,267 | [DEBUG] : Current model size: 20024 parameters
2023-12-15 05:56:02,267 | [DEBUG] : Current training mode: increased
2023-12-15 05:56:02,268 | [INFO] : no layers were added
2023-12-15 05:56:02,268 | [DEBUG] : Model size was changed to 20024 parameters
2023-12-15 05:56:02,268 | [DEBUG] : Learning rate is now 0.010000
2023-12-15 05:56:11,930 | [INFO] : New learning rate: 0.009000000000000001
2023-12-15 05:56:13,601 | [DEBUG] : Current model size: 20024 parameters
2023-12-15 05:56:13,601 | [DEBUG] : Current training mode: increased
2023-12-15 05:56:13,601 | [INFO] : no layers were added
2023-12-15 05:56:13,602 | [DEBUG] : Model size was changed to 20024 parameters
2023-12-15 05:56:13,602 | [DEBUG] : Learning rate is now 0.010000
2023-12-15 05:56:23,274 | [INFO] : New learning rate: 0.009000000000000001
2023-12-15 05:56:24,948 | [DEBUG] : Current model size: 20024 parameters
2023-12-15 05:56:24,948 | [DEBUG] : Current training mode: increased
2023-12-15 05:56:24,948 | [INFO] : no layers were added
2023-12-15 05:56:24,948 | [DEBUG] : Model size was changed to 20024 parameters
2023-12-15 05:56:24,948 | [DEBUG] : Learning rate is now 0.010000
2023-12-15 05:56:34,605 | [INFO] : New learning rate: 0.009000000000000001
2023-12-15 05:56:36,277 | [DEBUG] : Current model size: 20024 parameters
2023-12-15 05:56:36,278 | [DEBUG] : Current training mode: increased
2023-12-15 05:56:36,278 | [INFO] : no layers were added
2023-12-15 05:56:36,278 | [DEBUG] : Model size was changed to 20024 parameters
2023-12-15 05:56:36,278 | [DEBUG] : Learning rate is now 0.010000
2023-12-15 05:56:46,272 | [INFO] : New learning rate: 0.009000000000000001
2023-12-15 05:56:47,959 | [DEBUG] : Current model size: 20024 parameters
2023-12-15 05:56:47,959 | [DEBUG] : Current training mode: increased
2023-12-15 05:56:47,959 | [INFO] : no layers were added
2023-12-15 05:56:47,960 | [DEBUG] : Model size was changed to 20024 parameters
2023-12-15 05:56:47,960 | [DEBUG] : Learning rate is now 0.010000
2023-12-15 05:56:57,551 | [INFO] : New learning rate: 0.009000000000000001
2023-12-15 05:56:59,220 | [DEBUG] : Current model size: 20024 parameters
2023-12-15 05:56:59,220 | [DEBUG] : Current training mode: increased
2023-12-15 05:56:59,220 | [INFO] : no layers were added
2023-12-15 05:56:59,221 | [DEBUG] : Model size was changed to 20024 parameters
2023-12-15 05:56:59,221 | [DEBUG] : Learning rate is now 0.010000
2023-12-15 05:57:08,847 | [INFO] : New learning rate: 0.009000000000000001
2023-12-15 05:57:10,517 | [DEBUG] : Current model size: 20024 parameters
2023-12-15 05:57:10,517 | [DEBUG] : Current training mode: increased
2023-12-15 05:57:10,518 | [INFO] : no layers were added
2023-12-15 05:57:10,518 | [DEBUG] : Model size was changed to 20024 parameters
2023-12-15 05:57:10,518 | [DEBUG] : Learning rate is now 0.010000
2023-12-15 05:57:20,104 | [INFO] : New learning rate: 0.009000000000000001
2023-12-15 05:57:21,778 | [DEBUG] : Current model size: 20024 parameters
2023-12-15 05:57:21,778 | [DEBUG] : Current training mode: increased
2023-12-15 05:57:21,778 | [INFO] : no layers were added
2023-12-15 05:57:21,778 | [DEBUG] : Model size was changed to 20024 parameters
2023-12-15 05:57:21,778 | [DEBUG] : Learning rate is now 0.010000
2023-12-15 05:57:31,383 | [INFO] : New learning rate: 0.009000000000000001
2023-12-15 05:57:33,051 | [DEBUG] : Current model size: 20024 parameters
2023-12-15 05:57:33,051 | [DEBUG] : Current training mode: increased
2023-12-15 05:57:33,051 | [INFO] : no layers were added
2023-12-15 05:57:33,052 | [DEBUG] : Model size was changed to 20024 parameters
2023-12-15 05:57:33,052 | [DEBUG] : Learning rate is now 0.010000
2023-12-15 05:57:42,826 | [INFO] : New learning rate: 0.009000000000000001
2023-12-15 05:57:44,485 | [DEBUG] : Current model size: 20024 parameters
2023-12-15 05:57:44,485 | [DEBUG] : Current training mode: increased
2023-12-15 05:57:44,485 | [INFO] : no layers were added
2023-12-15 05:57:44,486 | [DEBUG] : Model size was changed to 20024 parameters
2023-12-15 05:57:44,486 | [DEBUG] : Learning rate is now 0.010000
2023-12-15 05:57:54,149 | [INFO] : New learning rate: 0.009000000000000001
2023-12-15 05:57:55,805 | [DEBUG] : Current model size: 20024 parameters
2023-12-15 05:57:55,805 | [DEBUG] : Current training mode: increased
2023-12-15 05:57:55,806 | [INFO] : no layers were added
2023-12-15 05:57:55,806 | [DEBUG] : Model size was changed to 20024 parameters
2023-12-15 05:57:55,806 | [DEBUG] : Learning rate is now 0.010000
2023-12-15 05:58:05,464 | [INFO] : New learning rate: 0.009000000000000001
2023-12-15 05:58:07,126 | [DEBUG] : Current model size: 20024 parameters
2023-12-15 05:58:07,126 | [DEBUG] : Current training mode: increased
2023-12-15 05:58:07,126 | [INFO] : no layers were added
2023-12-15 05:58:07,127 | [DEBUG] : Model size was changed to 20024 parameters
2023-12-15 05:58:07,127 | [DEBUG] : Learning rate is now 0.010000
2023-12-15 05:58:16,805 | [INFO] : New learning rate: 0.009000000000000001
2023-12-15 05:58:18,475 | [DEBUG] : Current model size: 20024 parameters
2023-12-15 05:58:18,475 | [DEBUG] : Current training mode: increased
2023-12-15 05:58:18,475 | [INFO] : no layers were added
2023-12-15 05:58:18,475 | [DEBUG] : Model size was changed to 20024 parameters
2023-12-15 05:58:18,475 | [DEBUG] : Learning rate is now 0.010000
2023-12-15 05:58:28,160 | [INFO] : New learning rate: 0.009000000000000001
2023-12-15 05:58:29,838 | [DEBUG] : Current model size: 20024 parameters
2023-12-15 05:58:29,838 | [DEBUG] : Current training mode: increased
2023-12-15 05:58:29,838 | [INFO] : no layers were added
2023-12-15 05:58:29,839 | [DEBUG] : Model size was changed to 20024 parameters
2023-12-15 05:58:29,839 | [DEBUG] : Learning rate is now 0.010000
2023-12-15 05:58:39,520 | [INFO] : New learning rate: 0.009000000000000001
2023-12-15 05:58:41,181 | [DEBUG] : Current model size: 20024 parameters
2023-12-15 05:58:41,181 | [DEBUG] : Current training mode: increased
2023-12-15 05:58:41,181 | [INFO] : no layers were added
2023-12-15 05:58:41,182 | [DEBUG] : Model size was changed to 20024 parameters
2023-12-15 05:58:41,182 | [DEBUG] : Learning rate is now 0.010000
2023-12-15 05:58:50,881 | [INFO] : New learning rate: 0.009000000000000001
2023-12-15 05:58:52,543 | [DEBUG] : Current model size: 20024 parameters
2023-12-15 05:58:52,543 | [DEBUG] : Current training mode: increased
2023-12-15 05:58:52,544 | [INFO] : no layers were added
2023-12-15 05:58:52,544 | [DEBUG] : Model size was changed to 20024 parameters
2023-12-15 05:58:52,544 | [DEBUG] : Learning rate is now 0.010000
2023-12-15 05:59:02,176 | [INFO] : New learning rate: 0.009000000000000001
2023-12-15 05:59:03,842 | [DEBUG] : Current model size: 20024 parameters
2023-12-15 05:59:03,842 | [DEBUG] : Current training mode: increased
2023-12-15 05:59:03,843 | [INFO] : no layers were added
2023-12-15 05:59:03,843 | [DEBUG] : Model size was changed to 20024 parameters
2023-12-15 05:59:03,843 | [DEBUG] : Learning rate is now 0.010000
2023-12-15 05:59:13,452 | [INFO] : New learning rate: 0.009000000000000001
2023-12-15 05:59:15,107 | [DEBUG] : Current model size: 20024 parameters
2023-12-15 05:59:15,107 | [DEBUG] : Current training mode: increased
2023-12-15 05:59:15,107 | [INFO] : no layers were added
2023-12-15 05:59:15,108 | [DEBUG] : Model size was changed to 20024 parameters
2023-12-15 05:59:15,108 | [DEBUG] : Learning rate is now 0.010000
2023-12-15 05:59:17,094 | [INFO] : training has run out of time
2023-12-15 05:59:17,094 | [INFO] : training54 runtime (h:mm:ss): 0:05:31
2023-12-15 05:59:17,094 | [INFO] : training54 end time: 12/15/2023 05:59:17 AM
2023-12-15 05:59:17,094 | [INFO] : episode 55/64 finished, objective: None
