2023-12-15 01:56:39,349 | [INFO] : training11 start time: 12/15/2023 01:56:39 AM
2023-12-15 01:56:39,353 | [INFO] : Initialized model with weights: results/small_early2/weights.pth
2023-12-15 01:56:39,353 | [DEBUG] : Current model size: 10602 parameters
2023-12-15 01:56:39,353 | [DEBUG] : Current training mode: initial
2023-12-15 01:56:39,372 | [INFO] : GPU allocation changing : going up
2023-12-15 01:56:39,374 | [DEBUG] : Current model size: 10602 parameters
2023-12-15 01:56:39,374 | [DEBUG] : Current training mode: increased
2023-12-15 01:56:39,376 | [INFO] : deepening layer 0/3: Conv2d(3, 32, kernel_size=(3, 3), stride=(1, 1))
2023-12-15 01:56:39,376 | [DEBUG] : Model size was changed to 19914 parameters
2023-12-15 01:56:39,376 | [DEBUG] : Learning rate is now 0.010000
2023-12-15 01:56:49,265 | [INFO] : New learning rate: 0.009000000000000001
2023-12-15 01:56:51,013 | [DEBUG] : Current model size: 19914 parameters
2023-12-15 01:56:51,013 | [DEBUG] : Current training mode: increased
2023-12-15 01:56:51,015 | [INFO] : deepening layer 2/3: Linear(in_features=32, out_features=10, bias=True)
2023-12-15 01:56:51,015 | [DEBUG] : Model size was changed to 20024 parameters
2023-12-15 01:56:51,015 | [DEBUG] : Learning rate is now 0.010000
2023-12-15 01:57:00,905 | [INFO] : New learning rate: 0.009000000000000001
2023-12-15 01:57:02,687 | [DEBUG] : Current model size: 20024 parameters
2023-12-15 01:57:02,687 | [DEBUG] : Current training mode: increased
2023-12-15 01:57:02,687 | [INFO] : no layers were added
2023-12-15 01:57:02,687 | [DEBUG] : Model size was changed to 20024 parameters
2023-12-15 01:57:02,687 | [DEBUG] : Learning rate is now 0.010000
2023-12-15 01:57:12,670 | [INFO] : New learning rate: 0.009000000000000001
2023-12-15 01:57:14,474 | [DEBUG] : Current model size: 20024 parameters
2023-12-15 01:57:14,475 | [DEBUG] : Current training mode: increased
2023-12-15 01:57:14,475 | [INFO] : no layers were added
2023-12-15 01:57:14,475 | [DEBUG] : Model size was changed to 20024 parameters
2023-12-15 01:57:14,475 | [DEBUG] : Learning rate is now 0.010000
2023-12-15 01:57:24,289 | [INFO] : New learning rate: 0.009000000000000001
2023-12-15 01:57:26,202 | [DEBUG] : Current model size: 20024 parameters
2023-12-15 01:57:26,202 | [DEBUG] : Current training mode: increased
2023-12-15 01:57:26,202 | [INFO] : no layers were added
2023-12-15 01:57:26,202 | [DEBUG] : Model size was changed to 20024 parameters
2023-12-15 01:57:26,202 | [DEBUG] : Learning rate is now 0.010000
2023-12-15 01:57:36,024 | [INFO] : New learning rate: 0.009000000000000001
2023-12-15 01:57:37,922 | [DEBUG] : Current model size: 20024 parameters
2023-12-15 01:57:37,922 | [DEBUG] : Current training mode: increased
2023-12-15 01:57:37,922 | [INFO] : no layers were added
2023-12-15 01:57:37,922 | [DEBUG] : Model size was changed to 20024 parameters
2023-12-15 01:57:37,922 | [DEBUG] : Learning rate is now 0.010000
2023-12-15 01:57:47,819 | [INFO] : New learning rate: 0.009000000000000001
2023-12-15 01:57:49,620 | [DEBUG] : Current model size: 20024 parameters
2023-12-15 01:57:49,621 | [DEBUG] : Current training mode: increased
2023-12-15 01:57:49,621 | [INFO] : no layers were added
2023-12-15 01:57:49,621 | [DEBUG] : Model size was changed to 20024 parameters
2023-12-15 01:57:49,621 | [DEBUG] : Learning rate is now 0.010000
2023-12-15 01:57:59,548 | [INFO] : New learning rate: 0.009000000000000001
2023-12-15 01:58:01,281 | [DEBUG] : Current model size: 20024 parameters
2023-12-15 01:58:01,281 | [DEBUG] : Current training mode: increased
2023-12-15 01:58:01,281 | [INFO] : no layers were added
2023-12-15 01:58:01,282 | [DEBUG] : Model size was changed to 20024 parameters
2023-12-15 01:58:01,282 | [DEBUG] : Learning rate is now 0.010000
2023-12-15 01:58:11,095 | [INFO] : New learning rate: 0.009000000000000001
2023-12-15 01:58:13,010 | [DEBUG] : Current model size: 20024 parameters
2023-12-15 01:58:13,010 | [DEBUG] : Current training mode: increased
2023-12-15 01:58:13,010 | [INFO] : no layers were added
2023-12-15 01:58:13,010 | [DEBUG] : Model size was changed to 20024 parameters
2023-12-15 01:58:13,011 | [DEBUG] : Learning rate is now 0.010000
2023-12-15 01:58:22,841 | [INFO] : New learning rate: 0.009000000000000001
2023-12-15 01:58:24,825 | [DEBUG] : Current model size: 20024 parameters
2023-12-15 01:58:24,825 | [DEBUG] : Current training mode: increased
2023-12-15 01:58:24,825 | [INFO] : no layers were added
2023-12-15 01:58:24,826 | [DEBUG] : Model size was changed to 20024 parameters
2023-12-15 01:58:24,826 | [DEBUG] : Learning rate is now 0.010000
2023-12-15 01:58:34,860 | [INFO] : New learning rate: 0.009000000000000001
2023-12-15 01:58:36,667 | [DEBUG] : Current model size: 20024 parameters
2023-12-15 01:58:36,667 | [DEBUG] : Current training mode: increased
2023-12-15 01:58:36,667 | [INFO] : no layers were added
2023-12-15 01:58:36,667 | [DEBUG] : Model size was changed to 20024 parameters
2023-12-15 01:58:36,667 | [DEBUG] : Learning rate is now 0.010000
2023-12-15 01:58:46,639 | [INFO] : New learning rate: 0.009000000000000001
2023-12-15 01:58:48,613 | [DEBUG] : Current model size: 20024 parameters
2023-12-15 01:58:48,613 | [DEBUG] : Current training mode: increased
2023-12-15 01:58:48,613 | [INFO] : no layers were added
2023-12-15 01:58:48,614 | [DEBUG] : Model size was changed to 20024 parameters
2023-12-15 01:58:48,614 | [DEBUG] : Learning rate is now 0.010000
2023-12-15 01:58:58,709 | [INFO] : New learning rate: 0.009000000000000001
2023-12-15 01:59:00,673 | [DEBUG] : Current model size: 20024 parameters
2023-12-15 01:59:00,673 | [DEBUG] : Current training mode: increased
2023-12-15 01:59:00,673 | [INFO] : no layers were added
2023-12-15 01:59:00,674 | [DEBUG] : Model size was changed to 20024 parameters
2023-12-15 01:59:00,674 | [DEBUG] : Learning rate is now 0.010000
2023-12-15 01:59:10,564 | [INFO] : New learning rate: 0.009000000000000001
2023-12-15 01:59:12,480 | [DEBUG] : Current model size: 20024 parameters
2023-12-15 01:59:12,480 | [DEBUG] : Current training mode: increased
2023-12-15 01:59:12,481 | [INFO] : no layers were added
2023-12-15 01:59:12,481 | [DEBUG] : Model size was changed to 20024 parameters
2023-12-15 01:59:12,481 | [DEBUG] : Learning rate is now 0.010000
2023-12-15 01:59:22,500 | [INFO] : New learning rate: 0.009000000000000001
2023-12-15 01:59:24,474 | [DEBUG] : Current model size: 20024 parameters
2023-12-15 01:59:24,474 | [DEBUG] : Current training mode: increased
2023-12-15 01:59:24,474 | [INFO] : no layers were added
2023-12-15 01:59:24,474 | [DEBUG] : Model size was changed to 20024 parameters
2023-12-15 01:59:24,474 | [DEBUG] : Learning rate is now 0.010000
2023-12-15 01:59:34,356 | [INFO] : New learning rate: 0.009000000000000001
2023-12-15 01:59:36,328 | [DEBUG] : Current model size: 20024 parameters
2023-12-15 01:59:36,328 | [DEBUG] : Current training mode: increased
2023-12-15 01:59:36,328 | [INFO] : no layers were added
2023-12-15 01:59:36,329 | [DEBUG] : Model size was changed to 20024 parameters
2023-12-15 01:59:36,329 | [DEBUG] : Learning rate is now 0.010000
2023-12-15 01:59:46,241 | [INFO] : New learning rate: 0.009000000000000001
2023-12-15 01:59:48,211 | [DEBUG] : Current model size: 20024 parameters
2023-12-15 01:59:48,211 | [DEBUG] : Current training mode: increased
2023-12-15 01:59:48,211 | [INFO] : no layers were added
2023-12-15 01:59:48,212 | [DEBUG] : Model size was changed to 20024 parameters
2023-12-15 01:59:48,212 | [DEBUG] : Learning rate is now 0.010000
2023-12-15 01:59:58,245 | [INFO] : New learning rate: 0.009000000000000001
2023-12-15 02:00:00,030 | [DEBUG] : Current model size: 20024 parameters
2023-12-15 02:00:00,030 | [DEBUG] : Current training mode: increased
2023-12-15 02:00:00,030 | [INFO] : no layers were added
2023-12-15 02:00:00,031 | [DEBUG] : Model size was changed to 20024 parameters
2023-12-15 02:00:00,031 | [DEBUG] : Learning rate is now 0.010000
2023-12-15 02:00:09,980 | [INFO] : New learning rate: 0.009000000000000001
2023-12-15 02:00:11,972 | [DEBUG] : Current model size: 20024 parameters
2023-12-15 02:00:11,972 | [DEBUG] : Current training mode: increased
2023-12-15 02:00:11,972 | [INFO] : no layers were added
2023-12-15 02:00:11,973 | [DEBUG] : Model size was changed to 20024 parameters
2023-12-15 02:00:11,973 | [DEBUG] : Learning rate is now 0.010000
2023-12-15 02:00:22,008 | [INFO] : New learning rate: 0.009000000000000001
2023-12-15 02:00:23,912 | [DEBUG] : Current model size: 20024 parameters
2023-12-15 02:00:23,912 | [DEBUG] : Current training mode: increased
2023-12-15 02:00:23,913 | [INFO] : no layers were added
2023-12-15 02:00:23,913 | [DEBUG] : Model size was changed to 20024 parameters
2023-12-15 02:00:23,913 | [DEBUG] : Learning rate is now 0.010000
2023-12-15 02:00:33,963 | [INFO] : New learning rate: 0.009000000000000001
2023-12-15 02:00:35,858 | [DEBUG] : Current model size: 20024 parameters
2023-12-15 02:00:35,858 | [DEBUG] : Current training mode: increased
2023-12-15 02:00:35,859 | [INFO] : no layers were added
2023-12-15 02:00:35,859 | [DEBUG] : Model size was changed to 20024 parameters
2023-12-15 02:00:35,859 | [DEBUG] : Learning rate is now 0.010000
2023-12-15 02:00:45,937 | [INFO] : New learning rate: 0.009000000000000001
2023-12-15 02:00:47,895 | [DEBUG] : Current model size: 20024 parameters
2023-12-15 02:00:47,895 | [DEBUG] : Current training mode: increased
2023-12-15 02:00:47,895 | [INFO] : no layers were added
2023-12-15 02:00:47,896 | [DEBUG] : Model size was changed to 20024 parameters
2023-12-15 02:00:47,896 | [DEBUG] : Learning rate is now 0.010000
2023-12-15 02:00:57,924 | [INFO] : New learning rate: 0.009000000000000001
2023-12-15 02:00:59,718 | [DEBUG] : Current model size: 20024 parameters
2023-12-15 02:00:59,718 | [DEBUG] : Current training mode: increased
2023-12-15 02:00:59,718 | [INFO] : no layers were added
2023-12-15 02:00:59,719 | [DEBUG] : Model size was changed to 20024 parameters
2023-12-15 02:00:59,719 | [DEBUG] : Learning rate is now 0.010000
2023-12-15 02:01:09,757 | [INFO] : New learning rate: 0.009000000000000001
2023-12-15 02:01:11,705 | [DEBUG] : Current model size: 20024 parameters
2023-12-15 02:01:11,705 | [DEBUG] : Current training mode: increased
2023-12-15 02:01:11,705 | [INFO] : no layers were added
2023-12-15 02:01:11,706 | [DEBUG] : Model size was changed to 20024 parameters
2023-12-15 02:01:11,706 | [DEBUG] : Learning rate is now 0.010000
2023-12-15 02:01:21,677 | [INFO] : New learning rate: 0.009000000000000001
2023-12-15 02:01:23,554 | [DEBUG] : Current model size: 20024 parameters
2023-12-15 02:01:23,554 | [DEBUG] : Current training mode: increased
2023-12-15 02:01:23,554 | [INFO] : no layers were added
2023-12-15 02:01:23,554 | [DEBUG] : Model size was changed to 20024 parameters
2023-12-15 02:01:23,554 | [DEBUG] : Learning rate is now 0.010000
2023-12-15 02:01:33,580 | [INFO] : New learning rate: 0.009000000000000001
2023-12-15 02:01:35,356 | [DEBUG] : Current model size: 20024 parameters
2023-12-15 02:01:35,356 | [DEBUG] : Current training mode: increased
2023-12-15 02:01:35,356 | [INFO] : no layers were added
2023-12-15 02:01:35,356 | [DEBUG] : Model size was changed to 20024 parameters
2023-12-15 02:01:35,357 | [DEBUG] : Learning rate is now 0.010000
2023-12-15 02:01:45,472 | [INFO] : New learning rate: 0.009000000000000001
2023-12-15 02:01:47,533 | [DEBUG] : Current model size: 20024 parameters
2023-12-15 02:01:47,534 | [DEBUG] : Current training mode: increased
2023-12-15 02:01:47,534 | [INFO] : no layers were added
2023-12-15 02:01:47,534 | [DEBUG] : Model size was changed to 20024 parameters
2023-12-15 02:01:47,534 | [DEBUG] : Learning rate is now 0.010000
2023-12-15 02:01:57,640 | [INFO] : New learning rate: 0.009000000000000001
2023-12-15 02:01:59,455 | [DEBUG] : Current model size: 20024 parameters
2023-12-15 02:01:59,455 | [DEBUG] : Current training mode: increased
2023-12-15 02:01:59,455 | [INFO] : no layers were added
2023-12-15 02:01:59,455 | [DEBUG] : Model size was changed to 20024 parameters
2023-12-15 02:01:59,455 | [DEBUG] : Learning rate is now 0.010000
2023-12-15 02:02:09,353 | [INFO] : training has run out of time
2023-12-15 02:02:09,354 | [INFO] : training11 runtime (h:mm:ss): 0:05:31
2023-12-15 02:02:09,354 | [INFO] : training11 end time: 12/15/2023 02:02:09 AM
2023-12-15 02:02:09,354 | [INFO] : episode 12/64 finished, objective: None
