2023-12-15 05:37:13,252 | [INFO] : training51 start time: 12/15/2023 05:37:13 AM
2023-12-15 05:37:13,257 | [INFO] : Initialized model with weights: results/small_early2/weights.pth
2023-12-15 05:37:13,257 | [DEBUG] : Current model size: 10602 parameters
2023-12-15 05:37:13,257 | [DEBUG] : Current training mode: initial
2023-12-15 05:37:13,271 | [INFO] : GPU allocation changing : going up
2023-12-15 05:37:13,273 | [DEBUG] : Current model size: 10602 parameters
2023-12-15 05:37:13,273 | [DEBUG] : Current training mode: increased
2023-12-15 05:37:13,273 | [INFO] : no layers were added
2023-12-15 05:37:13,273 | [DEBUG] : Model size was changed to 10602 parameters
2023-12-15 05:37:13,274 | [DEBUG] : Learning rate is now 0.010000
2023-12-15 05:37:22,807 | [INFO] : New learning rate: 0.009000000000000001
2023-12-15 05:37:24,672 | [DEBUG] : Current model size: 10602 parameters
2023-12-15 05:37:24,672 | [DEBUG] : Current training mode: increased
2023-12-15 05:37:24,674 | [INFO] : deepening layer 0/3: Conv2d(3, 32, kernel_size=(3, 3), stride=(1, 1))
2023-12-15 05:37:24,674 | [DEBUG] : Model size was changed to 19914 parameters
2023-12-15 05:37:24,674 | [DEBUG] : Learning rate is now 0.010000
2023-12-15 05:37:34,538 | [INFO] : New learning rate: 0.009000000000000001
2023-12-15 05:37:36,310 | [DEBUG] : Current model size: 19914 parameters
2023-12-15 05:37:36,310 | [DEBUG] : Current training mode: increased
2023-12-15 05:37:36,310 | [INFO] : no layers were added
2023-12-15 05:37:36,310 | [DEBUG] : Model size was changed to 19914 parameters
2023-12-15 05:37:36,310 | [DEBUG] : Learning rate is now 0.010000
2023-12-15 05:37:46,149 | [INFO] : New learning rate: 0.009000000000000001
2023-12-15 05:37:47,998 | [DEBUG] : Current model size: 19914 parameters
2023-12-15 05:37:47,998 | [DEBUG] : Current training mode: increased
2023-12-15 05:37:47,999 | [INFO] : no layers were added
2023-12-15 05:37:47,999 | [DEBUG] : Model size was changed to 19914 parameters
2023-12-15 05:37:47,999 | [DEBUG] : Learning rate is now 0.010000
2023-12-15 05:37:57,838 | [INFO] : New learning rate: 0.009000000000000001
2023-12-15 05:37:59,625 | [DEBUG] : Current model size: 19914 parameters
2023-12-15 05:37:59,625 | [DEBUG] : Current training mode: increased
2023-12-15 05:37:59,626 | [INFO] : no layers were added
2023-12-15 05:37:59,626 | [DEBUG] : Model size was changed to 19914 parameters
2023-12-15 05:37:59,626 | [DEBUG] : Learning rate is now 0.010000
2023-12-15 05:38:09,403 | [INFO] : New learning rate: 0.009000000000000001
2023-12-15 05:38:11,183 | [DEBUG] : Current model size: 19914 parameters
2023-12-15 05:38:11,183 | [DEBUG] : Current training mode: increased
2023-12-15 05:38:11,183 | [INFO] : no layers were added
2023-12-15 05:38:11,183 | [DEBUG] : Model size was changed to 19914 parameters
2023-12-15 05:38:11,183 | [DEBUG] : Learning rate is now 0.010000
2023-12-15 05:38:20,952 | [INFO] : New learning rate: 0.009000000000000001
2023-12-15 05:38:22,693 | [DEBUG] : Current model size: 19914 parameters
2023-12-15 05:38:22,693 | [DEBUG] : Current training mode: increased
2023-12-15 05:38:22,693 | [INFO] : no layers were added
2023-12-15 05:38:22,693 | [DEBUG] : Model size was changed to 19914 parameters
2023-12-15 05:38:22,694 | [DEBUG] : Learning rate is now 0.010000
2023-12-15 05:38:32,588 | [INFO] : New learning rate: 0.009000000000000001
2023-12-15 05:38:34,430 | [DEBUG] : Current model size: 19914 parameters
2023-12-15 05:38:34,431 | [DEBUG] : Current training mode: increased
2023-12-15 05:38:34,431 | [INFO] : no layers were added
2023-12-15 05:38:34,431 | [DEBUG] : Model size was changed to 19914 parameters
2023-12-15 05:38:34,431 | [DEBUG] : Learning rate is now 0.010000
2023-12-15 05:38:44,215 | [INFO] : New learning rate: 0.009000000000000001
2023-12-15 05:38:46,091 | [DEBUG] : Current model size: 19914 parameters
2023-12-15 05:38:46,091 | [DEBUG] : Current training mode: increased
2023-12-15 05:38:46,091 | [INFO] : no layers were added
2023-12-15 05:38:46,092 | [DEBUG] : Model size was changed to 19914 parameters
2023-12-15 05:38:46,092 | [DEBUG] : Learning rate is now 0.010000
2023-12-15 05:38:55,951 | [INFO] : New learning rate: 0.009000000000000001
2023-12-15 05:38:57,704 | [DEBUG] : Current model size: 19914 parameters
2023-12-15 05:38:57,704 | [DEBUG] : Current training mode: increased
2023-12-15 05:38:57,704 | [INFO] : no layers were added
2023-12-15 05:38:57,704 | [DEBUG] : Model size was changed to 19914 parameters
2023-12-15 05:38:57,704 | [DEBUG] : Learning rate is now 0.010000
2023-12-15 05:39:07,635 | [INFO] : New learning rate: 0.009000000000000001
2023-12-15 05:39:09,388 | [DEBUG] : Current model size: 19914 parameters
2023-12-15 05:39:09,389 | [DEBUG] : Current training mode: increased
2023-12-15 05:39:09,389 | [INFO] : no layers were added
2023-12-15 05:39:09,389 | [DEBUG] : Model size was changed to 19914 parameters
2023-12-15 05:39:09,389 | [DEBUG] : Learning rate is now 0.010000
2023-12-15 05:39:19,435 | [INFO] : New learning rate: 0.009000000000000001
2023-12-15 05:39:21,196 | [DEBUG] : Current model size: 19914 parameters
2023-12-15 05:39:21,196 | [DEBUG] : Current training mode: increased
2023-12-15 05:39:21,197 | [INFO] : no layers were added
2023-12-15 05:39:21,197 | [DEBUG] : Model size was changed to 19914 parameters
2023-12-15 05:39:21,197 | [DEBUG] : Learning rate is now 0.010000
2023-12-15 05:39:30,862 | [INFO] : New learning rate: 0.009000000000000001
2023-12-15 05:39:32,753 | [DEBUG] : Current model size: 19914 parameters
2023-12-15 05:39:32,753 | [DEBUG] : Current training mode: increased
2023-12-15 05:39:32,753 | [INFO] : no layers were added
2023-12-15 05:39:32,754 | [DEBUG] : Model size was changed to 19914 parameters
2023-12-15 05:39:32,754 | [DEBUG] : Learning rate is now 0.010000
2023-12-15 05:39:42,587 | [INFO] : New learning rate: 0.009000000000000001
2023-12-15 05:39:44,397 | [DEBUG] : Current model size: 19914 parameters
2023-12-15 05:39:44,397 | [DEBUG] : Current training mode: increased
2023-12-15 05:39:44,397 | [INFO] : no layers were added
2023-12-15 05:39:44,398 | [DEBUG] : Model size was changed to 19914 parameters
2023-12-15 05:39:44,398 | [DEBUG] : Learning rate is now 0.010000
2023-12-15 05:39:53,869 | [INFO] : New learning rate: 0.009000000000000001
2023-12-15 05:39:55,512 | [DEBUG] : Current model size: 19914 parameters
2023-12-15 05:39:55,512 | [DEBUG] : Current training mode: increased
2023-12-15 05:39:55,512 | [INFO] : no layers were added
2023-12-15 05:39:55,513 | [DEBUG] : Model size was changed to 19914 parameters
2023-12-15 05:39:55,513 | [DEBUG] : Learning rate is now 0.010000
2023-12-15 05:40:04,895 | [INFO] : New learning rate: 0.009000000000000001
2023-12-15 05:40:06,572 | [DEBUG] : Current model size: 19914 parameters
2023-12-15 05:40:06,572 | [DEBUG] : Current training mode: increased
2023-12-15 05:40:06,572 | [INFO] : no layers were added
2023-12-15 05:40:06,572 | [DEBUG] : Model size was changed to 19914 parameters
2023-12-15 05:40:06,572 | [DEBUG] : Learning rate is now 0.010000
2023-12-15 05:40:15,958 | [INFO] : New learning rate: 0.009000000000000001
2023-12-15 05:40:17,615 | [DEBUG] : Current model size: 19914 parameters
2023-12-15 05:40:17,615 | [DEBUG] : Current training mode: increased
2023-12-15 05:40:17,616 | [INFO] : no layers were added
2023-12-15 05:40:17,616 | [DEBUG] : Model size was changed to 19914 parameters
2023-12-15 05:40:17,616 | [DEBUG] : Learning rate is now 0.010000
2023-12-15 05:40:27,004 | [INFO] : New learning rate: 0.009000000000000001
2023-12-15 05:40:28,647 | [DEBUG] : Current model size: 19914 parameters
2023-12-15 05:40:28,647 | [DEBUG] : Current training mode: increased
2023-12-15 05:40:28,647 | [INFO] : no layers were added
2023-12-15 05:40:28,648 | [DEBUG] : Model size was changed to 19914 parameters
2023-12-15 05:40:28,648 | [DEBUG] : Learning rate is now 0.010000
2023-12-15 05:40:38,090 | [INFO] : New learning rate: 0.009000000000000001
2023-12-15 05:40:39,744 | [DEBUG] : Current model size: 19914 parameters
2023-12-15 05:40:39,744 | [DEBUG] : Current training mode: increased
2023-12-15 05:40:39,744 | [INFO] : no layers were added
2023-12-15 05:40:39,744 | [DEBUG] : Model size was changed to 19914 parameters
2023-12-15 05:40:39,744 | [DEBUG] : Learning rate is now 0.010000
2023-12-15 05:40:49,204 | [INFO] : New learning rate: 0.009000000000000001
2023-12-15 05:40:50,871 | [DEBUG] : Current model size: 19914 parameters
2023-12-15 05:40:50,871 | [DEBUG] : Current training mode: increased
2023-12-15 05:40:50,871 | [INFO] : no layers were added
2023-12-15 05:40:50,872 | [DEBUG] : Model size was changed to 19914 parameters
2023-12-15 05:40:50,872 | [DEBUG] : Learning rate is now 0.010000
2023-12-15 05:41:00,366 | [INFO] : New learning rate: 0.009000000000000001
2023-12-15 05:41:02,025 | [DEBUG] : Current model size: 19914 parameters
2023-12-15 05:41:02,025 | [DEBUG] : Current training mode: increased
2023-12-15 05:41:02,025 | [INFO] : no layers were added
2023-12-15 05:41:02,025 | [DEBUG] : Model size was changed to 19914 parameters
2023-12-15 05:41:02,025 | [DEBUG] : Learning rate is now 0.010000
2023-12-15 05:41:11,496 | [INFO] : New learning rate: 0.009000000000000001
2023-12-15 05:41:13,156 | [DEBUG] : Current model size: 19914 parameters
2023-12-15 05:41:13,156 | [DEBUG] : Current training mode: increased
2023-12-15 05:41:13,157 | [INFO] : no layers were added
2023-12-15 05:41:13,157 | [DEBUG] : Model size was changed to 19914 parameters
2023-12-15 05:41:13,157 | [DEBUG] : Learning rate is now 0.010000
2023-12-15 05:41:22,645 | [INFO] : New learning rate: 0.009000000000000001
2023-12-15 05:41:24,300 | [DEBUG] : Current model size: 19914 parameters
2023-12-15 05:41:24,300 | [DEBUG] : Current training mode: increased
2023-12-15 05:41:24,300 | [INFO] : no layers were added
2023-12-15 05:41:24,300 | [DEBUG] : Model size was changed to 19914 parameters
2023-12-15 05:41:24,300 | [DEBUG] : Learning rate is now 0.010000
2023-12-15 05:41:33,779 | [INFO] : New learning rate: 0.009000000000000001
2023-12-15 05:41:35,436 | [DEBUG] : Current model size: 19914 parameters
2023-12-15 05:41:35,436 | [DEBUG] : Current training mode: increased
2023-12-15 05:41:35,436 | [INFO] : no layers were added
2023-12-15 05:41:35,436 | [DEBUG] : Model size was changed to 19914 parameters
2023-12-15 05:41:35,436 | [DEBUG] : Learning rate is now 0.010000
2023-12-15 05:41:44,920 | [INFO] : New learning rate: 0.009000000000000001
2023-12-15 05:41:46,579 | [DEBUG] : Current model size: 19914 parameters
2023-12-15 05:41:46,579 | [DEBUG] : Current training mode: increased
2023-12-15 05:41:46,579 | [INFO] : no layers were added
2023-12-15 05:41:46,580 | [DEBUG] : Model size was changed to 19914 parameters
2023-12-15 05:41:46,580 | [DEBUG] : Learning rate is now 0.010000
2023-12-15 05:41:56,059 | [INFO] : New learning rate: 0.009000000000000001
2023-12-15 05:41:57,720 | [DEBUG] : Current model size: 19914 parameters
2023-12-15 05:41:57,720 | [DEBUG] : Current training mode: increased
2023-12-15 05:41:57,720 | [INFO] : no layers were added
2023-12-15 05:41:57,720 | [DEBUG] : Model size was changed to 19914 parameters
2023-12-15 05:41:57,720 | [DEBUG] : Learning rate is now 0.010000
2023-12-15 05:42:07,216 | [INFO] : New learning rate: 0.009000000000000001
2023-12-15 05:42:08,877 | [DEBUG] : Current model size: 19914 parameters
2023-12-15 05:42:08,877 | [DEBUG] : Current training mode: increased
2023-12-15 05:42:08,878 | [INFO] : no layers were added
2023-12-15 05:42:08,878 | [DEBUG] : Model size was changed to 19914 parameters
2023-12-15 05:42:08,878 | [DEBUG] : Learning rate is now 0.010000
2023-12-15 05:42:18,364 | [INFO] : New learning rate: 0.009000000000000001
2023-12-15 05:42:20,020 | [DEBUG] : Current model size: 19914 parameters
2023-12-15 05:42:20,020 | [DEBUG] : Current training mode: increased
2023-12-15 05:42:20,020 | [INFO] : no layers were added
2023-12-15 05:42:20,020 | [DEBUG] : Model size was changed to 19914 parameters
2023-12-15 05:42:20,020 | [DEBUG] : Learning rate is now 0.010000
2023-12-15 05:42:29,515 | [INFO] : New learning rate: 0.009000000000000001
2023-12-15 05:42:31,174 | [DEBUG] : Current model size: 19914 parameters
2023-12-15 05:42:31,174 | [DEBUG] : Current training mode: increased
2023-12-15 05:42:31,174 | [INFO] : no layers were added
2023-12-15 05:42:31,175 | [DEBUG] : Model size was changed to 19914 parameters
2023-12-15 05:42:31,175 | [DEBUG] : Learning rate is now 0.010000
2023-12-15 05:42:40,660 | [INFO] : New learning rate: 0.009000000000000001
2023-12-15 05:42:42,332 | [DEBUG] : Current model size: 19914 parameters
2023-12-15 05:42:42,332 | [DEBUG] : Current training mode: increased
2023-12-15 05:42:42,333 | [INFO] : no layers were added
2023-12-15 05:42:42,333 | [DEBUG] : Model size was changed to 19914 parameters
2023-12-15 05:42:42,333 | [DEBUG] : Learning rate is now 0.010000
2023-12-15 05:42:43,268 | [INFO] : training has run out of time
2023-12-15 05:42:43,269 | [INFO] : training51 runtime (h:mm:ss): 0:05:31
2023-12-15 05:42:43,269 | [INFO] : training51 end time: 12/15/2023 05:42:43 AM
2023-12-15 05:42:43,269 | [INFO] : episode 52/64 finished, objective: None
