2023-12-15 08:28:09,761 | [INFO] : training06 start time: 12/15/2023 08:28:09 AM
2023-12-15 08:28:09,766 | [INFO] : Initialized model with weights: results/small_early3/weights.pth
2023-12-15 08:28:09,766 | [DEBUG] : Current model size: 20778 parameters
2023-12-15 08:28:09,766 | [DEBUG] : Current training mode: initial
2023-12-15 08:28:09,780 | [INFO] : GPU allocation changing : going up
2023-12-15 08:28:09,782 | [DEBUG] : Current model size: 20778 parameters
2023-12-15 08:28:09,782 | [DEBUG] : Current training mode: increased
2023-12-15 08:28:09,784 | [INFO] : deepening layer 0/3: Conv2d(3, 64, kernel_size=(3, 3), stride=(1, 1))
2023-12-15 08:28:09,784 | [DEBUG] : Model size was changed to 57834 parameters
2023-12-15 08:28:09,784 | [DEBUG] : Learning rate is now 0.010000
2023-12-15 08:28:19,457 | [INFO] : New learning rate: 0.009000000000000001
2023-12-15 08:28:21,530 | [DEBUG] : Current model size: 57834 parameters
2023-12-15 08:28:21,530 | [DEBUG] : Current training mode: increased
2023-12-15 08:28:21,532 | [INFO] : deepening layer 1/3: Conv2d(64, 32, kernel_size=(3, 3), stride=(1, 1))
2023-12-15 08:28:21,532 | [DEBUG] : Model size was changed to 67146 parameters
2023-12-15 08:28:21,532 | [DEBUG] : Learning rate is now 0.010000
2023-12-15 08:28:31,578 | [INFO] : New learning rate: 0.009000000000000001
2023-12-15 08:28:33,327 | [DEBUG] : Current model size: 67146 parameters
2023-12-15 08:28:33,327 | [DEBUG] : Current training mode: increased
2023-12-15 08:28:33,328 | [INFO] : deepening layer 2/3: Linear(in_features=32, out_features=10, bias=True)
2023-12-15 08:28:33,329 | [DEBUG] : Model size was changed to 67256 parameters
2023-12-15 08:28:33,329 | [DEBUG] : Learning rate is now 0.010000
2023-12-15 08:28:43,548 | [INFO] : New learning rate: 0.009000000000000001
2023-12-15 08:28:45,258 | [DEBUG] : Current model size: 67256 parameters
2023-12-15 08:28:45,258 | [DEBUG] : Current training mode: increased
2023-12-15 08:28:45,258 | [INFO] : no layers were added
2023-12-15 08:28:45,258 | [DEBUG] : Model size was changed to 67256 parameters
2023-12-15 08:28:45,258 | [DEBUG] : Learning rate is now 0.010000
2023-12-15 08:28:55,366 | [INFO] : New learning rate: 0.009000000000000001
2023-12-15 08:28:57,089 | [DEBUG] : Current model size: 67256 parameters
2023-12-15 08:28:57,089 | [DEBUG] : Current training mode: increased
2023-12-15 08:28:57,089 | [INFO] : no layers were added
2023-12-15 08:28:57,089 | [DEBUG] : Model size was changed to 67256 parameters
2023-12-15 08:28:57,089 | [DEBUG] : Learning rate is now 0.010000
2023-12-15 08:29:07,131 | [INFO] : New learning rate: 0.009000000000000001
2023-12-15 08:29:08,852 | [DEBUG] : Current model size: 67256 parameters
2023-12-15 08:29:08,852 | [DEBUG] : Current training mode: increased
2023-12-15 08:29:08,853 | [INFO] : no layers were added
2023-12-15 08:29:08,853 | [DEBUG] : Model size was changed to 67256 parameters
2023-12-15 08:29:08,853 | [DEBUG] : Learning rate is now 0.010000
2023-12-15 08:29:18,829 | [INFO] : New learning rate: 0.009000000000000001
2023-12-15 08:29:20,545 | [DEBUG] : Current model size: 67256 parameters
2023-12-15 08:29:20,545 | [DEBUG] : Current training mode: increased
2023-12-15 08:29:20,546 | [INFO] : no layers were added
2023-12-15 08:29:20,546 | [DEBUG] : Model size was changed to 67256 parameters
2023-12-15 08:29:20,546 | [DEBUG] : Learning rate is now 0.010000
2023-12-15 08:29:30,562 | [INFO] : New learning rate: 0.009000000000000001
2023-12-15 08:29:32,315 | [DEBUG] : Current model size: 67256 parameters
2023-12-15 08:29:32,315 | [DEBUG] : Current training mode: increased
2023-12-15 08:29:32,316 | [INFO] : no layers were added
2023-12-15 08:29:32,316 | [DEBUG] : Model size was changed to 67256 parameters
2023-12-15 08:29:32,316 | [DEBUG] : Learning rate is now 0.010000
2023-12-15 08:29:42,554 | [INFO] : New learning rate: 0.009000000000000001
2023-12-15 08:29:44,290 | [DEBUG] : Current model size: 67256 parameters
2023-12-15 08:29:44,290 | [DEBUG] : Current training mode: increased
2023-12-15 08:29:44,290 | [INFO] : no layers were added
2023-12-15 08:29:44,290 | [DEBUG] : Model size was changed to 67256 parameters
2023-12-15 08:29:44,291 | [DEBUG] : Learning rate is now 0.010000
2023-12-15 08:29:54,388 | [INFO] : New learning rate: 0.009000000000000001
2023-12-15 08:29:56,137 | [DEBUG] : Current model size: 67256 parameters
2023-12-15 08:29:56,137 | [DEBUG] : Current training mode: increased
2023-12-15 08:29:56,137 | [INFO] : no layers were added
2023-12-15 08:29:56,137 | [DEBUG] : Model size was changed to 67256 parameters
2023-12-15 08:29:56,138 | [DEBUG] : Learning rate is now 0.010000
2023-12-15 08:30:06,201 | [INFO] : New learning rate: 0.009000000000000001
2023-12-15 08:30:07,964 | [DEBUG] : Current model size: 67256 parameters
2023-12-15 08:30:07,964 | [DEBUG] : Current training mode: increased
2023-12-15 08:30:07,964 | [INFO] : no layers were added
2023-12-15 08:30:07,964 | [DEBUG] : Model size was changed to 67256 parameters
2023-12-15 08:30:07,964 | [DEBUG] : Learning rate is now 0.010000
2023-12-15 08:30:18,214 | [INFO] : New learning rate: 0.009000000000000001
2023-12-15 08:30:20,010 | [DEBUG] : Current model size: 67256 parameters
2023-12-15 08:30:20,010 | [DEBUG] : Current training mode: increased
2023-12-15 08:30:20,010 | [INFO] : no layers were added
2023-12-15 08:30:20,011 | [DEBUG] : Model size was changed to 67256 parameters
2023-12-15 08:30:20,011 | [DEBUG] : Learning rate is now 0.010000
2023-12-15 08:30:30,178 | [INFO] : New learning rate: 0.009000000000000001
2023-12-15 08:30:31,926 | [DEBUG] : Current model size: 67256 parameters
2023-12-15 08:30:31,926 | [DEBUG] : Current training mode: increased
2023-12-15 08:30:31,926 | [INFO] : no layers were added
2023-12-15 08:30:31,927 | [DEBUG] : Model size was changed to 67256 parameters
2023-12-15 08:30:31,927 | [DEBUG] : Learning rate is now 0.010000
2023-12-15 08:30:42,212 | [INFO] : New learning rate: 0.009000000000000001
2023-12-15 08:30:43,932 | [DEBUG] : Current model size: 67256 parameters
2023-12-15 08:30:43,932 | [DEBUG] : Current training mode: increased
2023-12-15 08:30:43,932 | [INFO] : no layers were added
2023-12-15 08:30:43,933 | [DEBUG] : Model size was changed to 67256 parameters
2023-12-15 08:30:43,933 | [DEBUG] : Learning rate is now 0.010000
2023-12-15 08:30:54,048 | [INFO] : New learning rate: 0.009000000000000001
2023-12-15 08:30:55,780 | [DEBUG] : Current model size: 67256 parameters
2023-12-15 08:30:55,780 | [DEBUG] : Current training mode: increased
2023-12-15 08:30:55,780 | [INFO] : no layers were added
2023-12-15 08:30:55,781 | [DEBUG] : Model size was changed to 67256 parameters
2023-12-15 08:30:55,781 | [DEBUG] : Learning rate is now 0.010000
2023-12-15 08:31:05,910 | [INFO] : New learning rate: 0.009000000000000001
2023-12-15 08:31:07,629 | [DEBUG] : Current model size: 67256 parameters
2023-12-15 08:31:07,629 | [DEBUG] : Current training mode: increased
2023-12-15 08:31:07,630 | [INFO] : no layers were added
2023-12-15 08:31:07,630 | [DEBUG] : Model size was changed to 67256 parameters
2023-12-15 08:31:07,630 | [DEBUG] : Learning rate is now 0.010000
2023-12-15 08:31:17,761 | [INFO] : New learning rate: 0.009000000000000001
2023-12-15 08:31:19,482 | [DEBUG] : Current model size: 67256 parameters
2023-12-15 08:31:19,482 | [DEBUG] : Current training mode: increased
2023-12-15 08:31:19,482 | [INFO] : no layers were added
2023-12-15 08:31:19,482 | [DEBUG] : Model size was changed to 67256 parameters
2023-12-15 08:31:19,482 | [DEBUG] : Learning rate is now 0.010000
2023-12-15 08:31:29,605 | [INFO] : New learning rate: 0.009000000000000001
2023-12-15 08:31:31,359 | [DEBUG] : Current model size: 67256 parameters
2023-12-15 08:31:31,359 | [DEBUG] : Current training mode: increased
2023-12-15 08:31:31,359 | [INFO] : no layers were added
2023-12-15 08:31:31,359 | [DEBUG] : Model size was changed to 67256 parameters
2023-12-15 08:31:31,359 | [DEBUG] : Learning rate is now 0.010000
2023-12-15 08:31:41,502 | [INFO] : New learning rate: 0.009000000000000001
2023-12-15 08:31:43,285 | [DEBUG] : Current model size: 67256 parameters
2023-12-15 08:31:43,286 | [DEBUG] : Current training mode: increased
2023-12-15 08:31:43,286 | [INFO] : no layers were added
2023-12-15 08:31:43,286 | [DEBUG] : Model size was changed to 67256 parameters
2023-12-15 08:31:43,286 | [DEBUG] : Learning rate is now 0.010000
2023-12-15 08:31:53,425 | [INFO] : New learning rate: 0.009000000000000001
2023-12-15 08:31:55,146 | [DEBUG] : Current model size: 67256 parameters
2023-12-15 08:31:55,146 | [DEBUG] : Current training mode: increased
2023-12-15 08:31:55,146 | [INFO] : no layers were added
2023-12-15 08:31:55,147 | [DEBUG] : Model size was changed to 67256 parameters
2023-12-15 08:31:55,147 | [DEBUG] : Learning rate is now 0.010000
2023-12-15 08:32:05,276 | [INFO] : New learning rate: 0.009000000000000001
2023-12-15 08:32:07,003 | [DEBUG] : Current model size: 67256 parameters
2023-12-15 08:32:07,003 | [DEBUG] : Current training mode: increased
2023-12-15 08:32:07,003 | [INFO] : no layers were added
2023-12-15 08:32:07,004 | [DEBUG] : Model size was changed to 67256 parameters
2023-12-15 08:32:07,004 | [DEBUG] : Learning rate is now 0.010000
2023-12-15 08:32:17,164 | [INFO] : New learning rate: 0.009000000000000001
2023-12-15 08:32:18,884 | [DEBUG] : Current model size: 67256 parameters
2023-12-15 08:32:18,884 | [DEBUG] : Current training mode: increased
2023-12-15 08:32:18,884 | [INFO] : no layers were added
2023-12-15 08:32:18,885 | [DEBUG] : Model size was changed to 67256 parameters
2023-12-15 08:32:18,885 | [DEBUG] : Learning rate is now 0.010000
2023-12-15 08:32:29,036 | [INFO] : New learning rate: 0.009000000000000001
2023-12-15 08:32:30,782 | [DEBUG] : Current model size: 67256 parameters
2023-12-15 08:32:30,782 | [DEBUG] : Current training mode: increased
2023-12-15 08:32:30,782 | [INFO] : no layers were added
2023-12-15 08:32:30,782 | [DEBUG] : Model size was changed to 67256 parameters
2023-12-15 08:32:30,782 | [DEBUG] : Learning rate is now 0.010000
2023-12-15 08:32:41,177 | [INFO] : New learning rate: 0.009000000000000001
2023-12-15 08:32:42,986 | [DEBUG] : Current model size: 67256 parameters
2023-12-15 08:32:42,986 | [DEBUG] : Current training mode: increased
2023-12-15 08:32:42,987 | [INFO] : no layers were added
2023-12-15 08:32:42,987 | [DEBUG] : Model size was changed to 67256 parameters
2023-12-15 08:32:42,987 | [DEBUG] : Learning rate is now 0.010000
2023-12-15 08:32:53,320 | [INFO] : New learning rate: 0.009000000000000001
2023-12-15 08:32:55,052 | [DEBUG] : Current model size: 67256 parameters
2023-12-15 08:32:55,052 | [DEBUG] : Current training mode: increased
2023-12-15 08:32:55,052 | [INFO] : no layers were added
2023-12-15 08:32:55,053 | [DEBUG] : Model size was changed to 67256 parameters
2023-12-15 08:32:55,053 | [DEBUG] : Learning rate is now 0.010000
2023-12-15 08:33:05,386 | [INFO] : New learning rate: 0.009000000000000001
2023-12-15 08:33:07,110 | [DEBUG] : Current model size: 67256 parameters
2023-12-15 08:33:07,110 | [DEBUG] : Current training mode: increased
2023-12-15 08:33:07,110 | [INFO] : no layers were added
2023-12-15 08:33:07,111 | [DEBUG] : Model size was changed to 67256 parameters
2023-12-15 08:33:07,111 | [DEBUG] : Learning rate is now 0.010000
2023-12-15 08:33:17,255 | [INFO] : New learning rate: 0.009000000000000001
2023-12-15 08:33:19,030 | [DEBUG] : Current model size: 67256 parameters
2023-12-15 08:33:19,030 | [DEBUG] : Current training mode: increased
2023-12-15 08:33:19,030 | [INFO] : no layers were added
2023-12-15 08:33:19,031 | [DEBUG] : Model size was changed to 67256 parameters
2023-12-15 08:33:19,031 | [DEBUG] : Learning rate is now 0.010000
2023-12-15 08:33:29,224 | [INFO] : New learning rate: 0.009000000000000001
2023-12-15 08:33:30,941 | [DEBUG] : Current model size: 67256 parameters
2023-12-15 08:33:30,941 | [DEBUG] : Current training mode: increased
2023-12-15 08:33:30,941 | [INFO] : no layers were added
2023-12-15 08:33:30,941 | [DEBUG] : Model size was changed to 67256 parameters
2023-12-15 08:33:30,941 | [DEBUG] : Learning rate is now 0.010000
2023-12-15 08:33:39,775 | [INFO] : training has run out of time
2023-12-15 08:33:39,776 | [INFO] : training06 runtime (h:mm:ss): 0:05:31
2023-12-15 08:33:39,776 | [INFO] : training06 end time: 12/15/2023 08:33:39 AM
2023-12-15 08:33:39,776 | [INFO] : episode 7/64 finished, objective: None
