2023-12-15 09:56:24,784 | [INFO] : training22 start time: 12/15/2023 09:56:24 AM
2023-12-15 09:56:24,787 | [INFO] : Initialized model with weights: results/small_early3/weights.pth
2023-12-15 09:56:24,788 | [DEBUG] : Current model size: 20778 parameters
2023-12-15 09:56:24,788 | [DEBUG] : Current training mode: initial
2023-12-15 09:56:24,801 | [INFO] : GPU allocation changing : going up
2023-12-15 09:56:24,803 | [DEBUG] : Current model size: 20778 parameters
2023-12-15 09:56:24,803 | [DEBUG] : Current training mode: increased
2023-12-15 09:56:24,805 | [INFO] : deepening layer 1/3: Conv2d(64, 32, kernel_size=(3, 3), stride=(1, 1))
2023-12-15 09:56:24,805 | [DEBUG] : Model size was changed to 30090 parameters
2023-12-15 09:56:24,805 | [DEBUG] : Learning rate is now 0.010000
2023-12-15 09:56:34,342 | [INFO] : New learning rate: 0.009000000000000001
2023-12-15 09:56:36,021 | [DEBUG] : Current model size: 30090 parameters
2023-12-15 09:56:36,021 | [DEBUG] : Current training mode: increased
2023-12-15 09:56:36,023 | [INFO] : deepening layer 1/3: Conv2d(64, 32, kernel_size=(3, 3), stride=(1, 1))
2023-12-15 09:56:36,023 | [DEBUG] : Model size was changed to 39402 parameters
2023-12-15 09:56:36,023 | [DEBUG] : Learning rate is now 0.010000
2023-12-15 09:56:45,924 | [INFO] : New learning rate: 0.009000000000000001
2023-12-15 09:56:47,611 | [DEBUG] : Current model size: 39402 parameters
2023-12-15 09:56:47,611 | [DEBUG] : Current training mode: increased
2023-12-15 09:56:47,612 | [INFO] : deepening layer 2/3: Linear(in_features=32, out_features=10, bias=True)
2023-12-15 09:56:47,613 | [DEBUG] : Model size was changed to 39512 parameters
2023-12-15 09:56:47,613 | [DEBUG] : Learning rate is now 0.010000
2023-12-15 09:56:57,500 | [INFO] : New learning rate: 0.009000000000000001
2023-12-15 09:56:59,208 | [DEBUG] : Current model size: 39512 parameters
2023-12-15 09:56:59,208 | [DEBUG] : Current training mode: increased
2023-12-15 09:56:59,208 | [INFO] : no layers were added
2023-12-15 09:56:59,208 | [DEBUG] : Model size was changed to 39512 parameters
2023-12-15 09:56:59,208 | [DEBUG] : Learning rate is now 0.010000
2023-12-15 09:57:09,304 | [INFO] : New learning rate: 0.009000000000000001
2023-12-15 09:57:11,001 | [DEBUG] : Current model size: 39512 parameters
2023-12-15 09:57:11,001 | [DEBUG] : Current training mode: increased
2023-12-15 09:57:11,001 | [INFO] : no layers were added
2023-12-15 09:57:11,001 | [DEBUG] : Model size was changed to 39512 parameters
2023-12-15 09:57:11,001 | [DEBUG] : Learning rate is now 0.010000
2023-12-15 09:57:21,234 | [INFO] : New learning rate: 0.009000000000000001
2023-12-15 09:57:22,920 | [DEBUG] : Current model size: 39512 parameters
2023-12-15 09:57:22,920 | [DEBUG] : Current training mode: increased
2023-12-15 09:57:22,920 | [INFO] : no layers were added
2023-12-15 09:57:22,920 | [DEBUG] : Model size was changed to 39512 parameters
2023-12-15 09:57:22,920 | [DEBUG] : Learning rate is now 0.010000
2023-12-15 09:57:32,782 | [INFO] : New learning rate: 0.009000000000000001
2023-12-15 09:57:34,481 | [DEBUG] : Current model size: 39512 parameters
2023-12-15 09:57:34,481 | [DEBUG] : Current training mode: increased
2023-12-15 09:57:34,481 | [INFO] : no layers were added
2023-12-15 09:57:34,482 | [DEBUG] : Model size was changed to 39512 parameters
2023-12-15 09:57:34,482 | [DEBUG] : Learning rate is now 0.010000
2023-12-15 09:57:44,369 | [INFO] : New learning rate: 0.009000000000000001
2023-12-15 09:57:46,104 | [DEBUG] : Current model size: 39512 parameters
2023-12-15 09:57:46,104 | [DEBUG] : Current training mode: increased
2023-12-15 09:57:46,105 | [INFO] : no layers were added
2023-12-15 09:57:46,105 | [DEBUG] : Model size was changed to 39512 parameters
2023-12-15 09:57:46,105 | [DEBUG] : Learning rate is now 0.010000
2023-12-15 09:57:56,056 | [INFO] : New learning rate: 0.009000000000000001
2023-12-15 09:57:57,754 | [DEBUG] : Current model size: 39512 parameters
2023-12-15 09:57:57,754 | [DEBUG] : Current training mode: increased
2023-12-15 09:57:57,755 | [INFO] : no layers were added
2023-12-15 09:57:57,755 | [DEBUG] : Model size was changed to 39512 parameters
2023-12-15 09:57:57,755 | [DEBUG] : Learning rate is now 0.010000
2023-12-15 09:58:07,755 | [INFO] : New learning rate: 0.009000000000000001
2023-12-15 09:58:09,464 | [DEBUG] : Current model size: 39512 parameters
2023-12-15 09:58:09,464 | [DEBUG] : Current training mode: increased
2023-12-15 09:58:09,464 | [INFO] : no layers were added
2023-12-15 09:58:09,464 | [DEBUG] : Model size was changed to 39512 parameters
2023-12-15 09:58:09,464 | [DEBUG] : Learning rate is now 0.010000
2023-12-15 09:58:19,608 | [INFO] : New learning rate: 0.009000000000000001
2023-12-15 09:58:21,294 | [DEBUG] : Current model size: 39512 parameters
2023-12-15 09:58:21,295 | [DEBUG] : Current training mode: increased
2023-12-15 09:58:21,295 | [INFO] : no layers were added
2023-12-15 09:58:21,295 | [DEBUG] : Model size was changed to 39512 parameters
2023-12-15 09:58:21,295 | [DEBUG] : Learning rate is now 0.010000
2023-12-15 09:58:31,286 | [INFO] : New learning rate: 0.009000000000000001
2023-12-15 09:58:33,034 | [DEBUG] : Current model size: 39512 parameters
2023-12-15 09:58:33,034 | [DEBUG] : Current training mode: increased
2023-12-15 09:58:33,034 | [INFO] : no layers were added
2023-12-15 09:58:33,035 | [DEBUG] : Model size was changed to 39512 parameters
2023-12-15 09:58:33,035 | [DEBUG] : Learning rate is now 0.010000
2023-12-15 09:58:42,925 | [INFO] : New learning rate: 0.009000000000000001
2023-12-15 09:58:44,617 | [DEBUG] : Current model size: 39512 parameters
2023-12-15 09:58:44,617 | [DEBUG] : Current training mode: increased
2023-12-15 09:58:44,617 | [INFO] : no layers were added
2023-12-15 09:58:44,618 | [DEBUG] : Model size was changed to 39512 parameters
2023-12-15 09:58:44,618 | [DEBUG] : Learning rate is now 0.010000
2023-12-15 09:58:54,607 | [INFO] : New learning rate: 0.009000000000000001
2023-12-15 09:58:56,322 | [DEBUG] : Current model size: 39512 parameters
2023-12-15 09:58:56,323 | [DEBUG] : Current training mode: increased
2023-12-15 09:58:56,323 | [INFO] : no layers were added
2023-12-15 09:58:56,323 | [DEBUG] : Model size was changed to 39512 parameters
2023-12-15 09:58:56,323 | [DEBUG] : Learning rate is now 0.010000
2023-12-15 09:59:06,151 | [INFO] : New learning rate: 0.009000000000000001
2023-12-15 09:59:07,845 | [DEBUG] : Current model size: 39512 parameters
2023-12-15 09:59:07,845 | [DEBUG] : Current training mode: increased
2023-12-15 09:59:07,845 | [INFO] : no layers were added
2023-12-15 09:59:07,845 | [DEBUG] : Model size was changed to 39512 parameters
2023-12-15 09:59:07,845 | [DEBUG] : Learning rate is now 0.010000
2023-12-15 09:59:17,665 | [INFO] : New learning rate: 0.009000000000000001
2023-12-15 09:59:19,354 | [DEBUG] : Current model size: 39512 parameters
2023-12-15 09:59:19,354 | [DEBUG] : Current training mode: increased
2023-12-15 09:59:19,354 | [INFO] : no layers were added
2023-12-15 09:59:19,355 | [DEBUG] : Model size was changed to 39512 parameters
2023-12-15 09:59:19,355 | [DEBUG] : Learning rate is now 0.010000
2023-12-15 09:59:29,391 | [INFO] : New learning rate: 0.009000000000000001
2023-12-15 09:59:31,080 | [DEBUG] : Current model size: 39512 parameters
2023-12-15 09:59:31,080 | [DEBUG] : Current training mode: increased
2023-12-15 09:59:31,080 | [INFO] : no layers were added
2023-12-15 09:59:31,080 | [DEBUG] : Model size was changed to 39512 parameters
2023-12-15 09:59:31,080 | [DEBUG] : Learning rate is now 0.010000
2023-12-15 09:59:41,132 | [INFO] : New learning rate: 0.009000000000000001
2023-12-15 09:59:42,818 | [DEBUG] : Current model size: 39512 parameters
2023-12-15 09:59:42,818 | [DEBUG] : Current training mode: increased
2023-12-15 09:59:42,818 | [INFO] : no layers were added
2023-12-15 09:59:42,818 | [DEBUG] : Model size was changed to 39512 parameters
2023-12-15 09:59:42,818 | [DEBUG] : Learning rate is now 0.010000
2023-12-15 09:59:52,737 | [INFO] : New learning rate: 0.009000000000000001
2023-12-15 09:59:54,444 | [DEBUG] : Current model size: 39512 parameters
2023-12-15 09:59:54,444 | [DEBUG] : Current training mode: increased
2023-12-15 09:59:54,444 | [INFO] : no layers were added
2023-12-15 09:59:54,445 | [DEBUG] : Model size was changed to 39512 parameters
2023-12-15 09:59:54,445 | [DEBUG] : Learning rate is now 0.010000
2023-12-15 10:00:04,332 | [INFO] : New learning rate: 0.009000000000000001
2023-12-15 10:00:06,053 | [DEBUG] : Current model size: 39512 parameters
2023-12-15 10:00:06,053 | [DEBUG] : Current training mode: increased
2023-12-15 10:00:06,053 | [INFO] : no layers were added
2023-12-15 10:00:06,054 | [DEBUG] : Model size was changed to 39512 parameters
2023-12-15 10:00:06,054 | [DEBUG] : Learning rate is now 0.010000
2023-12-15 10:00:16,074 | [INFO] : New learning rate: 0.009000000000000001
2023-12-15 10:00:17,758 | [DEBUG] : Current model size: 39512 parameters
2023-12-15 10:00:17,758 | [DEBUG] : Current training mode: increased
2023-12-15 10:00:17,758 | [INFO] : no layers were added
2023-12-15 10:00:17,759 | [DEBUG] : Model size was changed to 39512 parameters
2023-12-15 10:00:17,759 | [DEBUG] : Learning rate is now 0.010000
2023-12-15 10:00:27,747 | [INFO] : New learning rate: 0.009000000000000001
2023-12-15 10:00:29,442 | [DEBUG] : Current model size: 39512 parameters
2023-12-15 10:00:29,442 | [DEBUG] : Current training mode: increased
2023-12-15 10:00:29,443 | [INFO] : no layers were added
2023-12-15 10:00:29,443 | [DEBUG] : Model size was changed to 39512 parameters
2023-12-15 10:00:29,443 | [DEBUG] : Learning rate is now 0.010000
2023-12-15 10:00:39,205 | [INFO] : New learning rate: 0.009000000000000001
2023-12-15 10:00:40,890 | [DEBUG] : Current model size: 39512 parameters
2023-12-15 10:00:40,890 | [DEBUG] : Current training mode: increased
2023-12-15 10:00:40,891 | [INFO] : no layers were added
2023-12-15 10:00:40,891 | [DEBUG] : Model size was changed to 39512 parameters
2023-12-15 10:00:40,891 | [DEBUG] : Learning rate is now 0.010000
2023-12-15 10:00:50,798 | [INFO] : New learning rate: 0.009000000000000001
2023-12-15 10:00:52,519 | [DEBUG] : Current model size: 39512 parameters
2023-12-15 10:00:52,519 | [DEBUG] : Current training mode: increased
2023-12-15 10:00:52,519 | [INFO] : no layers were added
2023-12-15 10:00:52,520 | [DEBUG] : Model size was changed to 39512 parameters
2023-12-15 10:00:52,520 | [DEBUG] : Learning rate is now 0.010000
2023-12-15 10:01:02,595 | [INFO] : New learning rate: 0.009000000000000001
2023-12-15 10:01:04,342 | [DEBUG] : Current model size: 39512 parameters
2023-12-15 10:01:04,342 | [DEBUG] : Current training mode: increased
2023-12-15 10:01:04,342 | [INFO] : no layers were added
2023-12-15 10:01:04,343 | [DEBUG] : Model size was changed to 39512 parameters
2023-12-15 10:01:04,343 | [DEBUG] : Learning rate is now 0.010000
2023-12-15 10:01:14,270 | [INFO] : New learning rate: 0.009000000000000001
2023-12-15 10:01:15,960 | [DEBUG] : Current model size: 39512 parameters
2023-12-15 10:01:15,960 | [DEBUG] : Current training mode: increased
2023-12-15 10:01:15,960 | [INFO] : no layers were added
2023-12-15 10:01:15,960 | [DEBUG] : Model size was changed to 39512 parameters
2023-12-15 10:01:15,960 | [DEBUG] : Learning rate is now 0.010000
2023-12-15 10:01:26,191 | [INFO] : New learning rate: 0.009000000000000001
2023-12-15 10:01:27,911 | [DEBUG] : Current model size: 39512 parameters
2023-12-15 10:01:27,911 | [DEBUG] : Current training mode: increased
2023-12-15 10:01:27,911 | [INFO] : no layers were added
2023-12-15 10:01:27,912 | [DEBUG] : Model size was changed to 39512 parameters
2023-12-15 10:01:27,912 | [DEBUG] : Learning rate is now 0.010000
2023-12-15 10:01:38,110 | [INFO] : New learning rate: 0.009000000000000001
2023-12-15 10:01:39,812 | [DEBUG] : Current model size: 39512 parameters
2023-12-15 10:01:39,812 | [DEBUG] : Current training mode: increased
2023-12-15 10:01:39,812 | [INFO] : no layers were added
2023-12-15 10:01:39,812 | [DEBUG] : Model size was changed to 39512 parameters
2023-12-15 10:01:39,812 | [DEBUG] : Learning rate is now 0.010000
2023-12-15 10:01:49,697 | [INFO] : New learning rate: 0.009000000000000001
2023-12-15 10:01:51,378 | [DEBUG] : Current model size: 39512 parameters
2023-12-15 10:01:51,378 | [DEBUG] : Current training mode: increased
2023-12-15 10:01:51,378 | [INFO] : no layers were added
2023-12-15 10:01:51,378 | [DEBUG] : Model size was changed to 39512 parameters
2023-12-15 10:01:51,378 | [DEBUG] : Learning rate is now 0.010000
2023-12-15 10:01:54,798 | [INFO] : training has run out of time
2023-12-15 10:01:54,799 | [INFO] : training22 runtime (h:mm:ss): 0:05:31
2023-12-15 10:01:54,799 | [INFO] : training22 end time: 12/15/2023 10:01:54 AM
2023-12-15 10:01:54,799 | [INFO] : episode 23/64 finished, objective: None
