2023-12-15 10:40:31,089 | [INFO] : training30 start time: 12/15/2023 10:40:31 AM
2023-12-15 10:40:31,092 | [INFO] : Initialized model with weights: results/small_early3/weights.pth
2023-12-15 10:40:31,093 | [DEBUG] : Current model size: 20778 parameters
2023-12-15 10:40:31,093 | [DEBUG] : Current training mode: initial
2023-12-15 10:40:31,106 | [INFO] : GPU allocation changing : going up
2023-12-15 10:40:31,108 | [DEBUG] : Current model size: 20778 parameters
2023-12-15 10:40:31,108 | [DEBUG] : Current training mode: increased
2023-12-15 10:40:31,110 | [INFO] : deepening layer 1/3: Conv2d(64, 32, kernel_size=(3, 3), stride=(1, 1))
2023-12-15 10:40:31,110 | [DEBUG] : Model size was changed to 30090 parameters
2023-12-15 10:40:31,110 | [DEBUG] : Learning rate is now 0.010000
2023-12-15 10:40:40,732 | [INFO] : New learning rate: 0.009000000000000001
2023-12-15 10:40:42,410 | [DEBUG] : Current model size: 30090 parameters
2023-12-15 10:40:42,410 | [DEBUG] : Current training mode: increased
2023-12-15 10:40:42,410 | [INFO] : no layers were added
2023-12-15 10:40:42,410 | [DEBUG] : Model size was changed to 30090 parameters
2023-12-15 10:40:42,410 | [DEBUG] : Learning rate is now 0.010000
2023-12-15 10:40:51,920 | [INFO] : New learning rate: 0.009000000000000001
2023-12-15 10:40:54,191 | [DEBUG] : Current model size: 30090 parameters
2023-12-15 10:40:54,191 | [DEBUG] : Current training mode: increased
2023-12-15 10:40:54,192 | [INFO] : deepening layer 2/3: Linear(in_features=32, out_features=10, bias=True)
2023-12-15 10:40:54,192 | [DEBUG] : Model size was changed to 30200 parameters
2023-12-15 10:40:54,192 | [DEBUG] : Learning rate is now 0.010000
2023-12-15 10:41:04,275 | [INFO] : New learning rate: 0.009000000000000001
2023-12-15 10:41:05,978 | [DEBUG] : Current model size: 30200 parameters
2023-12-15 10:41:05,978 | [DEBUG] : Current training mode: increased
2023-12-15 10:41:05,978 | [INFO] : no layers were added
2023-12-15 10:41:05,979 | [DEBUG] : Model size was changed to 30200 parameters
2023-12-15 10:41:05,979 | [DEBUG] : Learning rate is now 0.010000
2023-12-15 10:41:16,031 | [INFO] : New learning rate: 0.009000000000000001
2023-12-15 10:41:17,698 | [DEBUG] : Current model size: 30200 parameters
2023-12-15 10:41:17,698 | [DEBUG] : Current training mode: increased
2023-12-15 10:41:17,699 | [INFO] : no layers were added
2023-12-15 10:41:17,699 | [DEBUG] : Model size was changed to 30200 parameters
2023-12-15 10:41:17,699 | [DEBUG] : Learning rate is now 0.010000
2023-12-15 10:41:27,361 | [INFO] : New learning rate: 0.009000000000000001
2023-12-15 10:41:30,191 | [DEBUG] : Current model size: 30200 parameters
2023-12-15 10:41:30,191 | [DEBUG] : Current training mode: increased
2023-12-15 10:41:30,192 | [INFO] : no layers were added
2023-12-15 10:41:30,192 | [DEBUG] : Model size was changed to 30200 parameters
2023-12-15 10:41:30,192 | [DEBUG] : Learning rate is now 0.010000
2023-12-15 10:41:39,971 | [INFO] : New learning rate: 0.009000000000000001
2023-12-15 10:41:41,650 | [DEBUG] : Current model size: 30200 parameters
2023-12-15 10:41:41,650 | [DEBUG] : Current training mode: increased
2023-12-15 10:41:41,650 | [INFO] : no layers were added
2023-12-15 10:41:41,651 | [DEBUG] : Model size was changed to 30200 parameters
2023-12-15 10:41:41,651 | [DEBUG] : Learning rate is now 0.010000
2023-12-15 10:41:51,205 | [INFO] : New learning rate: 0.009000000000000001
2023-12-15 10:41:52,880 | [DEBUG] : Current model size: 30200 parameters
2023-12-15 10:41:52,880 | [DEBUG] : Current training mode: increased
2023-12-15 10:41:52,880 | [INFO] : no layers were added
2023-12-15 10:41:52,881 | [DEBUG] : Model size was changed to 30200 parameters
2023-12-15 10:41:52,881 | [DEBUG] : Learning rate is now 0.010000
2023-12-15 10:42:02,454 | [INFO] : New learning rate: 0.009000000000000001
2023-12-15 10:42:04,134 | [DEBUG] : Current model size: 30200 parameters
2023-12-15 10:42:04,134 | [DEBUG] : Current training mode: increased
2023-12-15 10:42:04,134 | [INFO] : no layers were added
2023-12-15 10:42:04,135 | [DEBUG] : Model size was changed to 30200 parameters
2023-12-15 10:42:04,135 | [DEBUG] : Learning rate is now 0.010000
2023-12-15 10:42:13,870 | [INFO] : New learning rate: 0.009000000000000001
2023-12-15 10:42:15,560 | [DEBUG] : Current model size: 30200 parameters
2023-12-15 10:42:15,560 | [DEBUG] : Current training mode: increased
2023-12-15 10:42:15,560 | [INFO] : no layers were added
2023-12-15 10:42:15,560 | [DEBUG] : Model size was changed to 30200 parameters
2023-12-15 10:42:15,560 | [DEBUG] : Learning rate is now 0.010000
2023-12-15 10:42:25,275 | [INFO] : New learning rate: 0.009000000000000001
2023-12-15 10:42:27,054 | [DEBUG] : Current model size: 30200 parameters
2023-12-15 10:42:27,054 | [DEBUG] : Current training mode: increased
2023-12-15 10:42:27,054 | [INFO] : no layers were added
2023-12-15 10:42:27,055 | [DEBUG] : Model size was changed to 30200 parameters
2023-12-15 10:42:27,055 | [DEBUG] : Learning rate is now 0.010000
2023-12-15 10:42:36,721 | [INFO] : New learning rate: 0.009000000000000001
2023-12-15 10:42:38,464 | [DEBUG] : Current model size: 30200 parameters
2023-12-15 10:42:38,464 | [DEBUG] : Current training mode: increased
2023-12-15 10:42:38,464 | [INFO] : no layers were added
2023-12-15 10:42:38,465 | [DEBUG] : Model size was changed to 30200 parameters
2023-12-15 10:42:38,465 | [DEBUG] : Learning rate is now 0.010000
2023-12-15 10:42:48,424 | [INFO] : New learning rate: 0.009000000000000001
2023-12-15 10:42:50,089 | [DEBUG] : Current model size: 30200 parameters
2023-12-15 10:42:50,089 | [DEBUG] : Current training mode: increased
2023-12-15 10:42:50,089 | [INFO] : no layers were added
2023-12-15 10:42:50,089 | [DEBUG] : Model size was changed to 30200 parameters
2023-12-15 10:42:50,090 | [DEBUG] : Learning rate is now 0.010000
2023-12-15 10:42:59,737 | [INFO] : New learning rate: 0.009000000000000001
2023-12-15 10:43:01,425 | [DEBUG] : Current model size: 30200 parameters
2023-12-15 10:43:01,425 | [DEBUG] : Current training mode: increased
2023-12-15 10:43:01,425 | [INFO] : no layers were added
2023-12-15 10:43:01,426 | [DEBUG] : Model size was changed to 30200 parameters
2023-12-15 10:43:01,426 | [DEBUG] : Learning rate is now 0.010000
2023-12-15 10:43:11,191 | [INFO] : New learning rate: 0.009000000000000001
2023-12-15 10:43:12,965 | [DEBUG] : Current model size: 30200 parameters
2023-12-15 10:43:12,965 | [DEBUG] : Current training mode: increased
2023-12-15 10:43:12,965 | [INFO] : no layers were added
2023-12-15 10:43:12,965 | [DEBUG] : Model size was changed to 30200 parameters
2023-12-15 10:43:12,966 | [DEBUG] : Learning rate is now 0.010000
2023-12-15 10:43:22,599 | [INFO] : New learning rate: 0.009000000000000001
2023-12-15 10:43:24,327 | [DEBUG] : Current model size: 30200 parameters
2023-12-15 10:43:24,327 | [DEBUG] : Current training mode: increased
2023-12-15 10:43:24,327 | [INFO] : no layers were added
2023-12-15 10:43:24,327 | [DEBUG] : Model size was changed to 30200 parameters
2023-12-15 10:43:24,327 | [DEBUG] : Learning rate is now 0.010000
2023-12-15 10:43:34,178 | [INFO] : New learning rate: 0.009000000000000001
2023-12-15 10:43:35,925 | [DEBUG] : Current model size: 30200 parameters
2023-12-15 10:43:35,925 | [DEBUG] : Current training mode: increased
2023-12-15 10:43:35,925 | [INFO] : no layers were added
2023-12-15 10:43:35,926 | [DEBUG] : Model size was changed to 30200 parameters
2023-12-15 10:43:35,926 | [DEBUG] : Learning rate is now 0.010000
2023-12-15 10:43:45,792 | [INFO] : New learning rate: 0.009000000000000001
2023-12-15 10:43:47,565 | [DEBUG] : Current model size: 30200 parameters
2023-12-15 10:43:47,565 | [DEBUG] : Current training mode: increased
2023-12-15 10:43:47,565 | [INFO] : no layers were added
2023-12-15 10:43:47,566 | [DEBUG] : Model size was changed to 30200 parameters
2023-12-15 10:43:47,566 | [DEBUG] : Learning rate is now 0.010000
2023-12-15 10:43:57,544 | [INFO] : New learning rate: 0.009000000000000001
2023-12-15 10:43:59,271 | [DEBUG] : Current model size: 30200 parameters
2023-12-15 10:43:59,271 | [DEBUG] : Current training mode: increased
2023-12-15 10:43:59,271 | [INFO] : no layers were added
2023-12-15 10:43:59,272 | [DEBUG] : Model size was changed to 30200 parameters
2023-12-15 10:43:59,272 | [DEBUG] : Learning rate is now 0.010000
2023-12-15 10:44:08,903 | [INFO] : New learning rate: 0.009000000000000001
2023-12-15 10:44:10,634 | [DEBUG] : Current model size: 30200 parameters
2023-12-15 10:44:10,634 | [DEBUG] : Current training mode: increased
2023-12-15 10:44:10,634 | [INFO] : no layers were added
2023-12-15 10:44:10,634 | [DEBUG] : Model size was changed to 30200 parameters
2023-12-15 10:44:10,634 | [DEBUG] : Learning rate is now 0.010000
2023-12-15 10:44:20,299 | [INFO] : New learning rate: 0.009000000000000001
2023-12-15 10:44:21,973 | [DEBUG] : Current model size: 30200 parameters
2023-12-15 10:44:21,973 | [DEBUG] : Current training mode: increased
2023-12-15 10:44:21,973 | [INFO] : no layers were added
2023-12-15 10:44:21,974 | [DEBUG] : Model size was changed to 30200 parameters
2023-12-15 10:44:21,974 | [DEBUG] : Learning rate is now 0.010000
2023-12-15 10:44:31,636 | [INFO] : New learning rate: 0.009000000000000001
2023-12-15 10:44:33,347 | [DEBUG] : Current model size: 30200 parameters
2023-12-15 10:44:33,347 | [DEBUG] : Current training mode: increased
2023-12-15 10:44:33,347 | [INFO] : no layers were added
2023-12-15 10:44:33,348 | [DEBUG] : Model size was changed to 30200 parameters
2023-12-15 10:44:33,348 | [DEBUG] : Learning rate is now 0.010000
2023-12-15 10:44:42,912 | [INFO] : New learning rate: 0.009000000000000001
2023-12-15 10:44:44,657 | [DEBUG] : Current model size: 30200 parameters
2023-12-15 10:44:44,657 | [DEBUG] : Current training mode: increased
2023-12-15 10:44:44,657 | [INFO] : no layers were added
2023-12-15 10:44:44,658 | [DEBUG] : Model size was changed to 30200 parameters
2023-12-15 10:44:44,658 | [DEBUG] : Learning rate is now 0.010000
2023-12-15 10:44:54,344 | [INFO] : New learning rate: 0.009000000000000001
2023-12-15 10:44:56,020 | [DEBUG] : Current model size: 30200 parameters
2023-12-15 10:44:56,020 | [DEBUG] : Current training mode: increased
2023-12-15 10:44:56,020 | [INFO] : no layers were added
2023-12-15 10:44:56,020 | [DEBUG] : Model size was changed to 30200 parameters
2023-12-15 10:44:56,020 | [DEBUG] : Learning rate is now 0.010000
2023-12-15 10:45:05,911 | [INFO] : New learning rate: 0.009000000000000001
2023-12-15 10:45:07,672 | [DEBUG] : Current model size: 30200 parameters
2023-12-15 10:45:07,672 | [DEBUG] : Current training mode: increased
2023-12-15 10:45:07,672 | [INFO] : no layers were added
2023-12-15 10:45:07,672 | [DEBUG] : Model size was changed to 30200 parameters
2023-12-15 10:45:07,672 | [DEBUG] : Learning rate is now 0.010000
2023-12-15 10:45:17,529 | [INFO] : New learning rate: 0.009000000000000001
2023-12-15 10:45:19,234 | [DEBUG] : Current model size: 30200 parameters
2023-12-15 10:45:19,234 | [DEBUG] : Current training mode: increased
2023-12-15 10:45:19,234 | [INFO] : no layers were added
2023-12-15 10:45:19,235 | [DEBUG] : Model size was changed to 30200 parameters
2023-12-15 10:45:19,235 | [DEBUG] : Learning rate is now 0.010000
2023-12-15 10:45:29,078 | [INFO] : New learning rate: 0.009000000000000001
2023-12-15 10:45:30,751 | [DEBUG] : Current model size: 30200 parameters
2023-12-15 10:45:30,751 | [DEBUG] : Current training mode: increased
2023-12-15 10:45:30,751 | [INFO] : no layers were added
2023-12-15 10:45:30,751 | [DEBUG] : Model size was changed to 30200 parameters
2023-12-15 10:45:30,751 | [DEBUG] : Learning rate is now 0.010000
2023-12-15 10:45:40,563 | [INFO] : New learning rate: 0.009000000000000001
2023-12-15 10:45:42,323 | [DEBUG] : Current model size: 30200 parameters
2023-12-15 10:45:42,323 | [DEBUG] : Current training mode: increased
2023-12-15 10:45:42,323 | [INFO] : no layers were added
2023-12-15 10:45:42,323 | [DEBUG] : Model size was changed to 30200 parameters
2023-12-15 10:45:42,323 | [DEBUG] : Learning rate is now 0.010000
2023-12-15 10:45:52,198 | [INFO] : New learning rate: 0.009000000000000001
2023-12-15 10:45:53,876 | [DEBUG] : Current model size: 30200 parameters
2023-12-15 10:45:53,876 | [DEBUG] : Current training mode: increased
2023-12-15 10:45:53,876 | [INFO] : no layers were added
2023-12-15 10:45:53,876 | [DEBUG] : Model size was changed to 30200 parameters
2023-12-15 10:45:53,876 | [DEBUG] : Learning rate is now 0.010000
2023-12-15 10:46:01,096 | [INFO] : training has run out of time
2023-12-15 10:46:01,097 | [INFO] : training30 runtime (h:mm:ss): 0:05:31
2023-12-15 10:46:01,097 | [INFO] : training30 end time: 12/15/2023 10:46:01 AM
2023-12-15 10:46:01,097 | [INFO] : episode 31/64 finished, objective: None
