2023-12-15 09:50:54,039 | [INFO] : training21 start time: 12/15/2023 09:50:54 AM
2023-12-15 09:50:54,043 | [INFO] : Initialized model with weights: results/small_early3/weights.pth
2023-12-15 09:50:54,043 | [DEBUG] : Current model size: 20778 parameters
2023-12-15 09:50:54,043 | [DEBUG] : Current training mode: initial
2023-12-15 09:50:54,057 | [INFO] : GPU allocation changing : going up
2023-12-15 09:50:54,060 | [DEBUG] : Current model size: 20778 parameters
2023-12-15 09:50:54,060 | [DEBUG] : Current training mode: increased
2023-12-15 09:50:54,062 | [INFO] : deepening layer 1/3: Conv2d(64, 32, kernel_size=(3, 3), stride=(1, 1))
2023-12-15 09:50:54,062 | [DEBUG] : Model size was changed to 30090 parameters
2023-12-15 09:50:54,062 | [DEBUG] : Learning rate is now 0.010000
2023-12-15 09:51:03,896 | [INFO] : New learning rate: 0.009000000000000001
2023-12-15 09:51:05,624 | [DEBUG] : Current model size: 30090 parameters
2023-12-15 09:51:05,624 | [DEBUG] : Current training mode: increased
2023-12-15 09:51:05,626 | [INFO] : deepening layer 1/3: Conv2d(64, 32, kernel_size=(3, 3), stride=(1, 1))
2023-12-15 09:51:05,627 | [DEBUG] : Model size was changed to 39402 parameters
2023-12-15 09:51:05,627 | [DEBUG] : Learning rate is now 0.010000
2023-12-15 09:51:15,913 | [INFO] : New learning rate: 0.009000000000000001
2023-12-15 09:51:17,638 | [DEBUG] : Current model size: 39402 parameters
2023-12-15 09:51:17,638 | [DEBUG] : Current training mode: increased
2023-12-15 09:51:17,639 | [INFO] : deepening layer 1/3: Conv2d(64, 32, kernel_size=(3, 3), stride=(1, 1))
2023-12-15 09:51:17,640 | [DEBUG] : Model size was changed to 48714 parameters
2023-12-15 09:51:17,640 | [DEBUG] : Learning rate is now 0.010000
2023-12-15 09:51:27,900 | [INFO] : New learning rate: 0.009000000000000001
2023-12-15 09:51:29,611 | [DEBUG] : Current model size: 48714 parameters
2023-12-15 09:51:29,611 | [DEBUG] : Current training mode: increased
2023-12-15 09:51:29,611 | [INFO] : no layers were added
2023-12-15 09:51:29,612 | [DEBUG] : Model size was changed to 48714 parameters
2023-12-15 09:51:29,612 | [DEBUG] : Learning rate is now 0.010000
2023-12-15 09:51:39,607 | [INFO] : New learning rate: 0.009000000000000001
2023-12-15 09:51:41,314 | [DEBUG] : Current model size: 48714 parameters
2023-12-15 09:51:41,314 | [DEBUG] : Current training mode: increased
2023-12-15 09:51:41,314 | [INFO] : no layers were added
2023-12-15 09:51:41,315 | [DEBUG] : Model size was changed to 48714 parameters
2023-12-15 09:51:41,315 | [DEBUG] : Learning rate is now 0.010000
2023-12-15 09:51:51,371 | [INFO] : New learning rate: 0.009000000000000001
2023-12-15 09:51:53,093 | [DEBUG] : Current model size: 48714 parameters
2023-12-15 09:51:53,093 | [DEBUG] : Current training mode: increased
2023-12-15 09:51:53,093 | [INFO] : no layers were added
2023-12-15 09:51:53,093 | [DEBUG] : Model size was changed to 48714 parameters
2023-12-15 09:51:53,093 | [DEBUG] : Learning rate is now 0.010000
2023-12-15 09:52:03,298 | [INFO] : New learning rate: 0.009000000000000001
2023-12-15 09:52:05,014 | [DEBUG] : Current model size: 48714 parameters
2023-12-15 09:52:05,014 | [DEBUG] : Current training mode: increased
2023-12-15 09:52:05,014 | [INFO] : no layers were added
2023-12-15 09:52:05,015 | [DEBUG] : Model size was changed to 48714 parameters
2023-12-15 09:52:05,015 | [DEBUG] : Learning rate is now 0.010000
2023-12-15 09:52:15,155 | [INFO] : New learning rate: 0.009000000000000001
2023-12-15 09:52:16,860 | [DEBUG] : Current model size: 48714 parameters
2023-12-15 09:52:16,860 | [DEBUG] : Current training mode: increased
2023-12-15 09:52:16,860 | [INFO] : no layers were added
2023-12-15 09:52:16,860 | [DEBUG] : Model size was changed to 48714 parameters
2023-12-15 09:52:16,861 | [DEBUG] : Learning rate is now 0.010000
2023-12-15 09:52:26,841 | [INFO] : New learning rate: 0.009000000000000001
2023-12-15 09:52:28,561 | [DEBUG] : Current model size: 48714 parameters
2023-12-15 09:52:28,561 | [DEBUG] : Current training mode: increased
2023-12-15 09:52:28,561 | [INFO] : no layers were added
2023-12-15 09:52:28,562 | [DEBUG] : Model size was changed to 48714 parameters
2023-12-15 09:52:28,562 | [DEBUG] : Learning rate is now 0.010000
2023-12-15 09:52:38,706 | [INFO] : New learning rate: 0.009000000000000001
2023-12-15 09:52:40,493 | [DEBUG] : Current model size: 48714 parameters
2023-12-15 09:52:40,494 | [DEBUG] : Current training mode: increased
2023-12-15 09:52:40,494 | [INFO] : no layers were added
2023-12-15 09:52:40,494 | [DEBUG] : Model size was changed to 48714 parameters
2023-12-15 09:52:40,494 | [DEBUG] : Learning rate is now 0.010000
2023-12-15 09:52:50,731 | [INFO] : New learning rate: 0.009000000000000001
2023-12-15 09:52:52,437 | [DEBUG] : Current model size: 48714 parameters
2023-12-15 09:52:52,438 | [DEBUG] : Current training mode: increased
2023-12-15 09:52:52,438 | [INFO] : no layers were added
2023-12-15 09:52:52,438 | [DEBUG] : Model size was changed to 48714 parameters
2023-12-15 09:52:52,438 | [DEBUG] : Learning rate is now 0.010000
2023-12-15 09:53:02,608 | [INFO] : New learning rate: 0.009000000000000001
2023-12-15 09:53:04,331 | [DEBUG] : Current model size: 48714 parameters
2023-12-15 09:53:04,331 | [DEBUG] : Current training mode: increased
2023-12-15 09:53:04,331 | [INFO] : no layers were added
2023-12-15 09:53:04,331 | [DEBUG] : Model size was changed to 48714 parameters
2023-12-15 09:53:04,332 | [DEBUG] : Learning rate is now 0.010000
2023-12-15 09:53:14,350 | [INFO] : New learning rate: 0.009000000000000001
2023-12-15 09:53:16,064 | [DEBUG] : Current model size: 48714 parameters
2023-12-15 09:53:16,064 | [DEBUG] : Current training mode: increased
2023-12-15 09:53:16,065 | [INFO] : no layers were added
2023-12-15 09:53:16,065 | [DEBUG] : Model size was changed to 48714 parameters
2023-12-15 09:53:16,065 | [DEBUG] : Learning rate is now 0.010000
2023-12-15 09:53:26,063 | [INFO] : New learning rate: 0.009000000000000001
2023-12-15 09:53:27,768 | [DEBUG] : Current model size: 48714 parameters
2023-12-15 09:53:27,768 | [DEBUG] : Current training mode: increased
2023-12-15 09:53:27,768 | [INFO] : no layers were added
2023-12-15 09:53:27,769 | [DEBUG] : Model size was changed to 48714 parameters
2023-12-15 09:53:27,769 | [DEBUG] : Learning rate is now 0.010000
2023-12-15 09:53:37,933 | [INFO] : New learning rate: 0.009000000000000001
2023-12-15 09:53:39,640 | [DEBUG] : Current model size: 48714 parameters
2023-12-15 09:53:39,640 | [DEBUG] : Current training mode: increased
2023-12-15 09:53:39,640 | [INFO] : no layers were added
2023-12-15 09:53:39,641 | [DEBUG] : Model size was changed to 48714 parameters
2023-12-15 09:53:39,641 | [DEBUG] : Learning rate is now 0.010000
2023-12-15 09:53:49,915 | [INFO] : New learning rate: 0.009000000000000001
2023-12-15 09:53:51,619 | [DEBUG] : Current model size: 48714 parameters
2023-12-15 09:53:51,619 | [DEBUG] : Current training mode: increased
2023-12-15 09:53:51,619 | [INFO] : no layers were added
2023-12-15 09:53:51,619 | [DEBUG] : Model size was changed to 48714 parameters
2023-12-15 09:53:51,619 | [DEBUG] : Learning rate is now 0.010000
2023-12-15 09:54:01,626 | [INFO] : New learning rate: 0.009000000000000001
2023-12-15 09:54:03,336 | [DEBUG] : Current model size: 48714 parameters
2023-12-15 09:54:03,336 | [DEBUG] : Current training mode: increased
2023-12-15 09:54:03,336 | [INFO] : no layers were added
2023-12-15 09:54:03,337 | [DEBUG] : Model size was changed to 48714 parameters
2023-12-15 09:54:03,337 | [DEBUG] : Learning rate is now 0.010000
2023-12-15 09:54:13,525 | [INFO] : New learning rate: 0.009000000000000001
2023-12-15 09:54:15,294 | [DEBUG] : Current model size: 48714 parameters
2023-12-15 09:54:15,294 | [DEBUG] : Current training mode: increased
2023-12-15 09:54:15,294 | [INFO] : no layers were added
2023-12-15 09:54:15,295 | [DEBUG] : Model size was changed to 48714 parameters
2023-12-15 09:54:15,295 | [DEBUG] : Learning rate is now 0.010000
2023-12-15 09:54:25,869 | [INFO] : New learning rate: 0.009000000000000001
2023-12-15 09:54:27,613 | [DEBUG] : Current model size: 48714 parameters
2023-12-15 09:54:27,613 | [DEBUG] : Current training mode: increased
2023-12-15 09:54:27,613 | [INFO] : no layers were added
2023-12-15 09:54:27,614 | [DEBUG] : Model size was changed to 48714 parameters
2023-12-15 09:54:27,614 | [DEBUG] : Learning rate is now 0.010000
2023-12-15 09:54:37,937 | [INFO] : New learning rate: 0.009000000000000001
2023-12-15 09:54:39,714 | [DEBUG] : Current model size: 48714 parameters
2023-12-15 09:54:39,714 | [DEBUG] : Current training mode: increased
2023-12-15 09:54:39,715 | [INFO] : no layers were added
2023-12-15 09:54:39,715 | [DEBUG] : Model size was changed to 48714 parameters
2023-12-15 09:54:39,715 | [DEBUG] : Learning rate is now 0.010000
2023-12-15 09:54:50,392 | [INFO] : New learning rate: 0.009000000000000001
2023-12-15 09:54:52,172 | [DEBUG] : Current model size: 48714 parameters
2023-12-15 09:54:52,172 | [DEBUG] : Current training mode: increased
2023-12-15 09:54:52,173 | [INFO] : no layers were added
2023-12-15 09:54:52,173 | [DEBUG] : Model size was changed to 48714 parameters
2023-12-15 09:54:52,173 | [DEBUG] : Learning rate is now 0.010000
2023-12-15 09:55:02,897 | [INFO] : New learning rate: 0.009000000000000001
2023-12-15 09:55:04,675 | [DEBUG] : Current model size: 48714 parameters
2023-12-15 09:55:04,675 | [DEBUG] : Current training mode: increased
2023-12-15 09:55:04,675 | [INFO] : no layers were added
2023-12-15 09:55:04,676 | [DEBUG] : Model size was changed to 48714 parameters
2023-12-15 09:55:04,676 | [DEBUG] : Learning rate is now 0.010000
2023-12-15 09:55:15,262 | [INFO] : New learning rate: 0.009000000000000001
2023-12-15 09:55:17,005 | [DEBUG] : Current model size: 48714 parameters
2023-12-15 09:55:17,005 | [DEBUG] : Current training mode: increased
2023-12-15 09:55:17,005 | [INFO] : no layers were added
2023-12-15 09:55:17,006 | [DEBUG] : Model size was changed to 48714 parameters
2023-12-15 09:55:17,006 | [DEBUG] : Learning rate is now 0.010000
2023-12-15 09:55:27,482 | [INFO] : New learning rate: 0.009000000000000001
2023-12-15 09:55:29,185 | [DEBUG] : Current model size: 48714 parameters
2023-12-15 09:55:29,185 | [DEBUG] : Current training mode: increased
2023-12-15 09:55:29,185 | [INFO] : no layers were added
2023-12-15 09:55:29,186 | [DEBUG] : Model size was changed to 48714 parameters
2023-12-15 09:55:29,186 | [DEBUG] : Learning rate is now 0.010000
2023-12-15 09:55:39,236 | [INFO] : New learning rate: 0.009000000000000001
2023-12-15 09:55:40,944 | [DEBUG] : Current model size: 48714 parameters
2023-12-15 09:55:40,944 | [DEBUG] : Current training mode: increased
2023-12-15 09:55:40,945 | [INFO] : no layers were added
2023-12-15 09:55:40,945 | [DEBUG] : Model size was changed to 48714 parameters
2023-12-15 09:55:40,945 | [DEBUG] : Learning rate is now 0.010000
2023-12-15 09:55:50,999 | [INFO] : New learning rate: 0.009000000000000001
2023-12-15 09:55:52,726 | [DEBUG] : Current model size: 48714 parameters
2023-12-15 09:55:52,726 | [DEBUG] : Current training mode: increased
2023-12-15 09:55:52,726 | [INFO] : no layers were added
2023-12-15 09:55:52,726 | [DEBUG] : Model size was changed to 48714 parameters
2023-12-15 09:55:52,726 | [DEBUG] : Learning rate is now 0.010000
2023-12-15 09:56:02,819 | [INFO] : New learning rate: 0.009000000000000001
2023-12-15 09:56:04,565 | [DEBUG] : Current model size: 48714 parameters
2023-12-15 09:56:04,565 | [DEBUG] : Current training mode: increased
2023-12-15 09:56:04,565 | [INFO] : no layers were added
2023-12-15 09:56:04,565 | [DEBUG] : Model size was changed to 48714 parameters
2023-12-15 09:56:04,565 | [DEBUG] : Learning rate is now 0.010000
2023-12-15 09:56:14,730 | [INFO] : New learning rate: 0.009000000000000001
2023-12-15 09:56:16,439 | [DEBUG] : Current model size: 48714 parameters
2023-12-15 09:56:16,439 | [DEBUG] : Current training mode: increased
2023-12-15 09:56:16,439 | [INFO] : no layers were added
2023-12-15 09:56:16,440 | [DEBUG] : Model size was changed to 48714 parameters
2023-12-15 09:56:16,440 | [DEBUG] : Learning rate is now 0.010000
2023-12-15 09:56:24,047 | [INFO] : training has run out of time
2023-12-15 09:56:24,048 | [INFO] : training21 runtime (h:mm:ss): 0:05:31
2023-12-15 09:56:24,048 | [INFO] : training21 end time: 12/15/2023 09:56:24 AM
2023-12-15 09:56:24,048 | [INFO] : episode 22/64 finished, objective: None
