2023-12-15 13:09:24,883 | [INFO] : training57 start time: 12/15/2023 01:09:24 PM
2023-12-15 13:09:24,886 | [INFO] : Initialized model with weights: results/small_early3/weights.pth
2023-12-15 13:09:24,886 | [DEBUG] : Current model size: 20778 parameters
2023-12-15 13:09:24,886 | [DEBUG] : Current training mode: initial
2023-12-15 13:09:24,901 | [INFO] : GPU allocation changing : going up
2023-12-15 13:09:24,903 | [DEBUG] : Current model size: 20778 parameters
2023-12-15 13:09:24,903 | [DEBUG] : Current training mode: increased
2023-12-15 13:09:24,904 | [INFO] : no layers were added
2023-12-15 13:09:24,904 | [DEBUG] : Model size was changed to 20778 parameters
2023-12-15 13:09:24,904 | [DEBUG] : Learning rate is now 0.010000
2023-12-15 13:09:34,175 | [INFO] : New learning rate: 0.009000000000000001
2023-12-15 13:09:35,825 | [DEBUG] : Current model size: 20778 parameters
2023-12-15 13:09:35,825 | [DEBUG] : Current training mode: increased
2023-12-15 13:09:35,826 | [INFO] : deepening layer 2/3: Linear(in_features=32, out_features=10, bias=True)
2023-12-15 13:09:35,826 | [DEBUG] : Model size was changed to 20888 parameters
2023-12-15 13:09:35,826 | [DEBUG] : Learning rate is now 0.010000
2023-12-15 13:09:45,211 | [INFO] : New learning rate: 0.009000000000000001
2023-12-15 13:09:46,861 | [DEBUG] : Current model size: 20888 parameters
2023-12-15 13:09:46,862 | [DEBUG] : Current training mode: increased
2023-12-15 13:09:46,863 | [INFO] : deepening layer 1/3: Conv2d(64, 32, kernel_size=(3, 3), stride=(1, 1))
2023-12-15 13:09:46,864 | [DEBUG] : Model size was changed to 30200 parameters
2023-12-15 13:09:46,864 | [DEBUG] : Learning rate is now 0.010000
2023-12-15 13:09:56,779 | [INFO] : New learning rate: 0.009000000000000001
2023-12-15 13:09:58,475 | [DEBUG] : Current model size: 30200 parameters
2023-12-15 13:09:58,476 | [DEBUG] : Current training mode: increased
2023-12-15 13:09:58,476 | [INFO] : no layers were added
2023-12-15 13:09:58,476 | [DEBUG] : Model size was changed to 30200 parameters
2023-12-15 13:09:58,476 | [DEBUG] : Learning rate is now 0.010000
2023-12-15 13:10:08,303 | [INFO] : New learning rate: 0.009000000000000001
2023-12-15 13:10:10,496 | [DEBUG] : Current model size: 30200 parameters
2023-12-15 13:10:10,496 | [DEBUG] : Current training mode: increased
2023-12-15 13:10:10,496 | [INFO] : no layers were added
2023-12-15 13:10:10,497 | [DEBUG] : Model size was changed to 30200 parameters
2023-12-15 13:10:10,497 | [DEBUG] : Learning rate is now 0.010000
2023-12-15 13:10:20,342 | [INFO] : New learning rate: 0.009000000000000001
2023-12-15 13:10:22,030 | [DEBUG] : Current model size: 30200 parameters
2023-12-15 13:10:22,030 | [DEBUG] : Current training mode: increased
2023-12-15 13:10:22,030 | [INFO] : no layers were added
2023-12-15 13:10:22,030 | [DEBUG] : Model size was changed to 30200 parameters
2023-12-15 13:10:22,030 | [DEBUG] : Learning rate is now 0.010000
2023-12-15 13:10:32,050 | [INFO] : New learning rate: 0.009000000000000001
2023-12-15 13:10:33,730 | [DEBUG] : Current model size: 30200 parameters
2023-12-15 13:10:33,730 | [DEBUG] : Current training mode: increased
2023-12-15 13:10:33,730 | [INFO] : no layers were added
2023-12-15 13:10:33,731 | [DEBUG] : Model size was changed to 30200 parameters
2023-12-15 13:10:33,731 | [DEBUG] : Learning rate is now 0.010000
2023-12-15 13:10:43,623 | [INFO] : New learning rate: 0.009000000000000001
2023-12-15 13:10:45,324 | [DEBUG] : Current model size: 30200 parameters
2023-12-15 13:10:45,324 | [DEBUG] : Current training mode: increased
2023-12-15 13:10:45,324 | [INFO] : no layers were added
2023-12-15 13:10:45,325 | [DEBUG] : Model size was changed to 30200 parameters
2023-12-15 13:10:45,325 | [DEBUG] : Learning rate is now 0.010000
2023-12-15 13:10:55,127 | [INFO] : New learning rate: 0.009000000000000001
2023-12-15 13:10:57,581 | [DEBUG] : Current model size: 30200 parameters
2023-12-15 13:10:57,581 | [DEBUG] : Current training mode: increased
2023-12-15 13:10:57,581 | [INFO] : no layers were added
2023-12-15 13:10:57,582 | [DEBUG] : Model size was changed to 30200 parameters
2023-12-15 13:10:57,582 | [DEBUG] : Learning rate is now 0.010000
2023-12-15 13:11:07,655 | [INFO] : New learning rate: 0.009000000000000001
2023-12-15 13:11:09,964 | [DEBUG] : Current model size: 30200 parameters
2023-12-15 13:11:09,964 | [DEBUG] : Current training mode: increased
2023-12-15 13:11:09,964 | [INFO] : no layers were added
2023-12-15 13:11:09,965 | [DEBUG] : Model size was changed to 30200 parameters
2023-12-15 13:11:09,965 | [DEBUG] : Learning rate is now 0.010000
2023-12-15 13:11:19,793 | [INFO] : New learning rate: 0.009000000000000001
2023-12-15 13:11:22,167 | [DEBUG] : Current model size: 30200 parameters
2023-12-15 13:11:22,167 | [DEBUG] : Current training mode: increased
2023-12-15 13:11:22,167 | [INFO] : no layers were added
2023-12-15 13:11:22,167 | [DEBUG] : Model size was changed to 30200 parameters
2023-12-15 13:11:22,167 | [DEBUG] : Learning rate is now 0.010000
2023-12-15 13:11:32,042 | [INFO] : New learning rate: 0.009000000000000001
2023-12-15 13:11:34,713 | [DEBUG] : Current model size: 30200 parameters
2023-12-15 13:11:34,714 | [DEBUG] : Current training mode: increased
2023-12-15 13:11:34,714 | [INFO] : no layers were added
2023-12-15 13:11:34,714 | [DEBUG] : Model size was changed to 30200 parameters
2023-12-15 13:11:34,714 | [DEBUG] : Learning rate is now 0.010000
2023-12-15 13:11:44,477 | [INFO] : New learning rate: 0.009000000000000001
2023-12-15 13:11:46,154 | [DEBUG] : Current model size: 30200 parameters
2023-12-15 13:11:46,154 | [DEBUG] : Current training mode: increased
2023-12-15 13:11:46,155 | [INFO] : no layers were added
2023-12-15 13:11:46,155 | [DEBUG] : Model size was changed to 30200 parameters
2023-12-15 13:11:46,155 | [DEBUG] : Learning rate is now 0.010000
2023-12-15 13:11:56,165 | [INFO] : New learning rate: 0.009000000000000001
2023-12-15 13:11:58,404 | [DEBUG] : Current model size: 30200 parameters
2023-12-15 13:11:58,404 | [DEBUG] : Current training mode: increased
2023-12-15 13:11:58,404 | [INFO] : no layers were added
2023-12-15 13:11:58,405 | [DEBUG] : Model size was changed to 30200 parameters
2023-12-15 13:11:58,405 | [DEBUG] : Learning rate is now 0.010000
2023-12-15 13:12:08,208 | [INFO] : New learning rate: 0.009000000000000001
2023-12-15 13:12:09,912 | [DEBUG] : Current model size: 30200 parameters
2023-12-15 13:12:09,912 | [DEBUG] : Current training mode: increased
2023-12-15 13:12:09,912 | [INFO] : no layers were added
2023-12-15 13:12:09,913 | [DEBUG] : Model size was changed to 30200 parameters
2023-12-15 13:12:09,913 | [DEBUG] : Learning rate is now 0.010000
2023-12-15 13:12:19,944 | [INFO] : New learning rate: 0.009000000000000001
2023-12-15 13:12:21,665 | [DEBUG] : Current model size: 30200 parameters
2023-12-15 13:12:21,665 | [DEBUG] : Current training mode: increased
2023-12-15 13:12:21,665 | [INFO] : no layers were added
2023-12-15 13:12:21,666 | [DEBUG] : Model size was changed to 30200 parameters
2023-12-15 13:12:21,666 | [DEBUG] : Learning rate is now 0.010000
2023-12-15 13:12:31,613 | [INFO] : New learning rate: 0.009000000000000001
2023-12-15 13:12:33,311 | [DEBUG] : Current model size: 30200 parameters
2023-12-15 13:12:33,311 | [DEBUG] : Current training mode: increased
2023-12-15 13:12:33,311 | [INFO] : no layers were added
2023-12-15 13:12:33,312 | [DEBUG] : Model size was changed to 30200 parameters
2023-12-15 13:12:33,312 | [DEBUG] : Learning rate is now 0.010000
2023-12-15 13:12:43,196 | [INFO] : New learning rate: 0.009000000000000001
2023-12-15 13:12:45,966 | [DEBUG] : Current model size: 30200 parameters
2023-12-15 13:12:45,966 | [DEBUG] : Current training mode: increased
2023-12-15 13:12:45,966 | [INFO] : no layers were added
2023-12-15 13:12:45,967 | [DEBUG] : Model size was changed to 30200 parameters
2023-12-15 13:12:45,967 | [DEBUG] : Learning rate is now 0.010000
2023-12-15 13:12:55,888 | [INFO] : New learning rate: 0.009000000000000001
2023-12-15 13:12:57,560 | [DEBUG] : Current model size: 30200 parameters
2023-12-15 13:12:57,560 | [DEBUG] : Current training mode: increased
2023-12-15 13:12:57,561 | [INFO] : no layers were added
2023-12-15 13:12:57,561 | [DEBUG] : Model size was changed to 30200 parameters
2023-12-15 13:12:57,561 | [DEBUG] : Learning rate is now 0.010000
2023-12-15 13:13:07,348 | [INFO] : New learning rate: 0.009000000000000001
2023-12-15 13:13:09,024 | [DEBUG] : Current model size: 30200 parameters
2023-12-15 13:13:09,025 | [DEBUG] : Current training mode: increased
2023-12-15 13:13:09,025 | [INFO] : no layers were added
2023-12-15 13:13:09,025 | [DEBUG] : Model size was changed to 30200 parameters
2023-12-15 13:13:09,025 | [DEBUG] : Learning rate is now 0.010000
2023-12-15 13:13:18,740 | [INFO] : New learning rate: 0.009000000000000001
2023-12-15 13:13:20,409 | [DEBUG] : Current model size: 30200 parameters
2023-12-15 13:13:20,410 | [DEBUG] : Current training mode: increased
2023-12-15 13:13:20,410 | [INFO] : no layers were added
2023-12-15 13:13:20,410 | [DEBUG] : Model size was changed to 30200 parameters
2023-12-15 13:13:20,410 | [DEBUG] : Learning rate is now 0.010000
2023-12-15 13:13:30,252 | [INFO] : New learning rate: 0.009000000000000001
2023-12-15 13:13:31,936 | [DEBUG] : Current model size: 30200 parameters
2023-12-15 13:13:31,936 | [DEBUG] : Current training mode: increased
2023-12-15 13:13:31,936 | [INFO] : no layers were added
2023-12-15 13:13:31,937 | [DEBUG] : Model size was changed to 30200 parameters
2023-12-15 13:13:31,937 | [DEBUG] : Learning rate is now 0.010000
2023-12-15 13:13:41,923 | [INFO] : New learning rate: 0.009000000000000001
2023-12-15 13:13:43,625 | [DEBUG] : Current model size: 30200 parameters
2023-12-15 13:13:43,625 | [DEBUG] : Current training mode: increased
2023-12-15 13:13:43,626 | [INFO] : no layers were added
2023-12-15 13:13:43,626 | [DEBUG] : Model size was changed to 30200 parameters
2023-12-15 13:13:43,626 | [DEBUG] : Learning rate is now 0.010000
2023-12-15 13:13:53,934 | [INFO] : New learning rate: 0.009000000000000001
2023-12-15 13:13:55,621 | [DEBUG] : Current model size: 30200 parameters
2023-12-15 13:13:55,621 | [DEBUG] : Current training mode: increased
2023-12-15 13:13:55,621 | [INFO] : no layers were added
2023-12-15 13:13:55,622 | [DEBUG] : Model size was changed to 30200 parameters
2023-12-15 13:13:55,622 | [DEBUG] : Learning rate is now 0.010000
2023-12-15 13:14:05,700 | [INFO] : New learning rate: 0.009000000000000001
2023-12-15 13:14:07,412 | [DEBUG] : Current model size: 30200 parameters
2023-12-15 13:14:07,412 | [DEBUG] : Current training mode: increased
2023-12-15 13:14:07,412 | [INFO] : no layers were added
2023-12-15 13:14:07,413 | [DEBUG] : Model size was changed to 30200 parameters
2023-12-15 13:14:07,413 | [DEBUG] : Learning rate is now 0.010000
2023-12-15 13:14:17,395 | [INFO] : New learning rate: 0.009000000000000001
2023-12-15 13:14:19,076 | [DEBUG] : Current model size: 30200 parameters
2023-12-15 13:14:19,076 | [DEBUG] : Current training mode: increased
2023-12-15 13:14:19,076 | [INFO] : no layers were added
2023-12-15 13:14:19,077 | [DEBUG] : Model size was changed to 30200 parameters
2023-12-15 13:14:19,077 | [DEBUG] : Learning rate is now 0.010000
2023-12-15 13:14:29,077 | [INFO] : New learning rate: 0.009000000000000001
2023-12-15 13:14:31,263 | [DEBUG] : Current model size: 30200 parameters
2023-12-15 13:14:31,263 | [DEBUG] : Current training mode: increased
2023-12-15 13:14:31,263 | [INFO] : no layers were added
2023-12-15 13:14:31,264 | [DEBUG] : Model size was changed to 30200 parameters
2023-12-15 13:14:31,264 | [DEBUG] : Learning rate is now 0.010000
2023-12-15 13:14:41,249 | [INFO] : New learning rate: 0.009000000000000001
2023-12-15 13:14:42,970 | [DEBUG] : Current model size: 30200 parameters
2023-12-15 13:14:42,971 | [DEBUG] : Current training mode: increased
2023-12-15 13:14:42,971 | [INFO] : no layers were added
2023-12-15 13:14:42,971 | [DEBUG] : Model size was changed to 30200 parameters
2023-12-15 13:14:42,972 | [DEBUG] : Learning rate is now 0.010000
2023-12-15 13:14:53,036 | [INFO] : New learning rate: 0.009000000000000001
2023-12-15 13:14:54,760 | [DEBUG] : Current model size: 30200 parameters
2023-12-15 13:14:54,760 | [DEBUG] : Current training mode: increased
2023-12-15 13:14:54,761 | [INFO] : no layers were added
2023-12-15 13:14:54,761 | [DEBUG] : Model size was changed to 30200 parameters
2023-12-15 13:14:54,761 | [DEBUG] : Learning rate is now 0.010000
2023-12-15 13:14:54,894 | [INFO] : training has run out of time
2023-12-15 13:14:54,895 | [INFO] : training57 runtime (h:mm:ss): 0:05:31
2023-12-15 13:14:54,895 | [INFO] : training57 end time: 12/15/2023 01:14:54 PM
2023-12-15 13:14:54,895 | [INFO] : episode 58/64 finished, objective: None
