2023-12-15 11:35:41,686 | [INFO] : training40 start time: 12/15/2023 11:35:41 AM
2023-12-15 11:35:41,689 | [INFO] : Initialized model with weights: results/small_early3/weights.pth
2023-12-15 11:35:41,689 | [DEBUG] : Current model size: 20778 parameters
2023-12-15 11:35:41,689 | [DEBUG] : Current training mode: initial
2023-12-15 11:35:41,704 | [INFO] : GPU allocation changing : going up
2023-12-15 11:35:41,707 | [DEBUG] : Current model size: 20778 parameters
2023-12-15 11:35:41,707 | [DEBUG] : Current training mode: increased
2023-12-15 11:35:41,708 | [INFO] : deepening layer 2/3: Linear(in_features=32, out_features=10, bias=True)
2023-12-15 11:35:41,708 | [DEBUG] : Model size was changed to 20888 parameters
2023-12-15 11:35:41,708 | [DEBUG] : Learning rate is now 0.010000
2023-12-15 11:35:51,235 | [INFO] : New learning rate: 0.009000000000000001
2023-12-15 11:35:52,877 | [DEBUG] : Current model size: 20888 parameters
2023-12-15 11:35:52,877 | [DEBUG] : Current training mode: increased
2023-12-15 11:35:52,878 | [INFO] : deepening layer 2/3: Linear(in_features=32, out_features=10, bias=True)
2023-12-15 11:35:52,878 | [DEBUG] : Model size was changed to 20998 parameters
2023-12-15 11:35:52,878 | [DEBUG] : Learning rate is now 0.010000
2023-12-15 11:36:02,295 | [INFO] : New learning rate: 0.009000000000000001
2023-12-15 11:36:03,996 | [DEBUG] : Current model size: 20998 parameters
2023-12-15 11:36:03,996 | [DEBUG] : Current training mode: increased
2023-12-15 11:36:03,998 | [INFO] : deepening layer 0/3: Conv2d(3, 64, kernel_size=(3, 3), stride=(1, 1))
2023-12-15 11:36:03,998 | [DEBUG] : Model size was changed to 58054 parameters
2023-12-15 11:36:03,998 | [DEBUG] : Learning rate is now 0.010000
2023-12-15 11:36:13,953 | [INFO] : New learning rate: 0.009000000000000001
2023-12-15 11:36:15,650 | [DEBUG] : Current model size: 58054 parameters
2023-12-15 11:36:15,651 | [DEBUG] : Current training mode: increased
2023-12-15 11:36:15,651 | [INFO] : no layers were added
2023-12-15 11:36:15,651 | [DEBUG] : Model size was changed to 58054 parameters
2023-12-15 11:36:15,651 | [DEBUG] : Learning rate is now 0.010000
2023-12-15 11:36:25,538 | [INFO] : New learning rate: 0.009000000000000001
2023-12-15 11:36:27,245 | [DEBUG] : Current model size: 58054 parameters
2023-12-15 11:36:27,245 | [DEBUG] : Current training mode: increased
2023-12-15 11:36:27,245 | [INFO] : no layers were added
2023-12-15 11:36:27,245 | [DEBUG] : Model size was changed to 58054 parameters
2023-12-15 11:36:27,245 | [DEBUG] : Learning rate is now 0.010000
2023-12-15 11:36:37,151 | [INFO] : New learning rate: 0.009000000000000001
2023-12-15 11:36:38,861 | [DEBUG] : Current model size: 58054 parameters
2023-12-15 11:36:38,861 | [DEBUG] : Current training mode: increased
2023-12-15 11:36:38,861 | [INFO] : no layers were added
2023-12-15 11:36:38,861 | [DEBUG] : Model size was changed to 58054 parameters
2023-12-15 11:36:38,861 | [DEBUG] : Learning rate is now 0.010000
2023-12-15 11:36:49,210 | [INFO] : New learning rate: 0.009000000000000001
2023-12-15 11:36:50,897 | [DEBUG] : Current model size: 58054 parameters
2023-12-15 11:36:50,897 | [DEBUG] : Current training mode: increased
2023-12-15 11:36:50,897 | [INFO] : no layers were added
2023-12-15 11:36:50,898 | [DEBUG] : Model size was changed to 58054 parameters
2023-12-15 11:36:50,898 | [DEBUG] : Learning rate is now 0.010000
2023-12-15 11:37:01,178 | [INFO] : New learning rate: 0.009000000000000001
2023-12-15 11:37:02,887 | [DEBUG] : Current model size: 58054 parameters
2023-12-15 11:37:02,887 | [DEBUG] : Current training mode: increased
2023-12-15 11:37:02,887 | [INFO] : no layers were added
2023-12-15 11:37:02,887 | [DEBUG] : Model size was changed to 58054 parameters
2023-12-15 11:37:02,887 | [DEBUG] : Learning rate is now 0.010000
2023-12-15 11:37:12,736 | [INFO] : New learning rate: 0.009000000000000001
2023-12-15 11:37:14,436 | [DEBUG] : Current model size: 58054 parameters
2023-12-15 11:37:14,436 | [DEBUG] : Current training mode: increased
2023-12-15 11:37:14,436 | [INFO] : no layers were added
2023-12-15 11:37:14,437 | [DEBUG] : Model size was changed to 58054 parameters
2023-12-15 11:37:14,437 | [DEBUG] : Learning rate is now 0.010000
2023-12-15 11:37:24,804 | [INFO] : New learning rate: 0.009000000000000001
2023-12-15 11:37:26,498 | [DEBUG] : Current model size: 58054 parameters
2023-12-15 11:37:26,498 | [DEBUG] : Current training mode: increased
2023-12-15 11:37:26,498 | [INFO] : no layers were added
2023-12-15 11:37:26,499 | [DEBUG] : Model size was changed to 58054 parameters
2023-12-15 11:37:26,499 | [DEBUG] : Learning rate is now 0.010000
2023-12-15 11:37:36,565 | [INFO] : New learning rate: 0.009000000000000001
2023-12-15 11:37:38,274 | [DEBUG] : Current model size: 58054 parameters
2023-12-15 11:37:38,274 | [DEBUG] : Current training mode: increased
2023-12-15 11:37:38,274 | [INFO] : no layers were added
2023-12-15 11:37:38,275 | [DEBUG] : Model size was changed to 58054 parameters
2023-12-15 11:37:38,275 | [DEBUG] : Learning rate is now 0.010000
2023-12-15 11:37:48,126 | [INFO] : New learning rate: 0.009000000000000001
2023-12-15 11:37:49,945 | [DEBUG] : Current model size: 58054 parameters
2023-12-15 11:37:49,945 | [DEBUG] : Current training mode: increased
2023-12-15 11:37:49,945 | [INFO] : no layers were added
2023-12-15 11:37:49,945 | [DEBUG] : Model size was changed to 58054 parameters
2023-12-15 11:37:49,945 | [DEBUG] : Learning rate is now 0.010000
2023-12-15 11:37:59,807 | [INFO] : New learning rate: 0.009000000000000001
2023-12-15 11:38:01,537 | [DEBUG] : Current model size: 58054 parameters
2023-12-15 11:38:01,538 | [DEBUG] : Current training mode: increased
2023-12-15 11:38:01,538 | [INFO] : no layers were added
2023-12-15 11:38:01,538 | [DEBUG] : Model size was changed to 58054 parameters
2023-12-15 11:38:01,538 | [DEBUG] : Learning rate is now 0.010000
2023-12-15 11:38:11,323 | [INFO] : New learning rate: 0.009000000000000001
2023-12-15 11:38:13,023 | [DEBUG] : Current model size: 58054 parameters
2023-12-15 11:38:13,023 | [DEBUG] : Current training mode: increased
2023-12-15 11:38:13,023 | [INFO] : no layers were added
2023-12-15 11:38:13,024 | [DEBUG] : Model size was changed to 58054 parameters
2023-12-15 11:38:13,024 | [DEBUG] : Learning rate is now 0.010000
2023-12-15 11:38:22,834 | [INFO] : New learning rate: 0.009000000000000001
2023-12-15 11:38:24,525 | [DEBUG] : Current model size: 58054 parameters
2023-12-15 11:38:24,525 | [DEBUG] : Current training mode: increased
2023-12-15 11:38:24,525 | [INFO] : no layers were added
2023-12-15 11:38:24,525 | [DEBUG] : Model size was changed to 58054 parameters
2023-12-15 11:38:24,525 | [DEBUG] : Learning rate is now 0.010000
2023-12-15 11:38:34,340 | [INFO] : New learning rate: 0.009000000000000001
2023-12-15 11:38:36,118 | [DEBUG] : Current model size: 58054 parameters
2023-12-15 11:38:36,118 | [DEBUG] : Current training mode: increased
2023-12-15 11:38:36,119 | [INFO] : no layers were added
2023-12-15 11:38:36,119 | [DEBUG] : Model size was changed to 58054 parameters
2023-12-15 11:38:36,119 | [DEBUG] : Learning rate is now 0.010000
2023-12-15 11:38:46,233 | [INFO] : New learning rate: 0.009000000000000001
2023-12-15 11:38:47,947 | [DEBUG] : Current model size: 58054 parameters
2023-12-15 11:38:47,947 | [DEBUG] : Current training mode: increased
2023-12-15 11:38:47,948 | [INFO] : no layers were added
2023-12-15 11:38:47,948 | [DEBUG] : Model size was changed to 58054 parameters
2023-12-15 11:38:47,948 | [DEBUG] : Learning rate is now 0.010000
2023-12-15 11:38:57,689 | [INFO] : New learning rate: 0.009000000000000001
2023-12-15 11:38:59,381 | [DEBUG] : Current model size: 58054 parameters
2023-12-15 11:38:59,382 | [DEBUG] : Current training mode: increased
2023-12-15 11:38:59,382 | [INFO] : no layers were added
2023-12-15 11:38:59,382 | [DEBUG] : Model size was changed to 58054 parameters
2023-12-15 11:38:59,382 | [DEBUG] : Learning rate is now 0.010000
2023-12-15 11:39:09,373 | [INFO] : New learning rate: 0.009000000000000001
2023-12-15 11:39:11,066 | [DEBUG] : Current model size: 58054 parameters
2023-12-15 11:39:11,066 | [DEBUG] : Current training mode: increased
2023-12-15 11:39:11,066 | [INFO] : no layers were added
2023-12-15 11:39:11,067 | [DEBUG] : Model size was changed to 58054 parameters
2023-12-15 11:39:11,067 | [DEBUG] : Learning rate is now 0.010000
2023-12-15 11:39:20,940 | [INFO] : New learning rate: 0.009000000000000001
2023-12-15 11:39:22,639 | [DEBUG] : Current model size: 58054 parameters
2023-12-15 11:39:22,639 | [DEBUG] : Current training mode: increased
2023-12-15 11:39:22,639 | [INFO] : no layers were added
2023-12-15 11:39:22,640 | [DEBUG] : Model size was changed to 58054 parameters
2023-12-15 11:39:22,640 | [DEBUG] : Learning rate is now 0.010000
2023-12-15 11:39:32,583 | [INFO] : New learning rate: 0.009000000000000001
2023-12-15 11:39:34,357 | [DEBUG] : Current model size: 58054 parameters
2023-12-15 11:39:34,357 | [DEBUG] : Current training mode: increased
2023-12-15 11:39:34,357 | [INFO] : no layers were added
2023-12-15 11:39:34,358 | [DEBUG] : Model size was changed to 58054 parameters
2023-12-15 11:39:34,358 | [DEBUG] : Learning rate is now 0.010000
2023-12-15 11:39:44,584 | [INFO] : New learning rate: 0.009000000000000001
2023-12-15 11:39:46,333 | [DEBUG] : Current model size: 58054 parameters
2023-12-15 11:39:46,333 | [DEBUG] : Current training mode: increased
2023-12-15 11:39:46,334 | [INFO] : no layers were added
2023-12-15 11:39:46,334 | [DEBUG] : Model size was changed to 58054 parameters
2023-12-15 11:39:46,334 | [DEBUG] : Learning rate is now 0.010000
2023-12-15 11:39:56,678 | [INFO] : New learning rate: 0.009000000000000001
2023-12-15 11:39:58,445 | [DEBUG] : Current model size: 58054 parameters
2023-12-15 11:39:58,445 | [DEBUG] : Current training mode: increased
2023-12-15 11:39:58,445 | [INFO] : no layers were added
2023-12-15 11:39:58,446 | [DEBUG] : Model size was changed to 58054 parameters
2023-12-15 11:39:58,446 | [DEBUG] : Learning rate is now 0.010000
2023-12-15 11:40:08,727 | [INFO] : New learning rate: 0.009000000000000001
2023-12-15 11:40:10,506 | [DEBUG] : Current model size: 58054 parameters
2023-12-15 11:40:10,506 | [DEBUG] : Current training mode: increased
2023-12-15 11:40:10,506 | [INFO] : no layers were added
2023-12-15 11:40:10,506 | [DEBUG] : Model size was changed to 58054 parameters
2023-12-15 11:40:10,507 | [DEBUG] : Learning rate is now 0.010000
2023-12-15 11:40:20,577 | [INFO] : New learning rate: 0.009000000000000001
2023-12-15 11:40:22,276 | [DEBUG] : Current model size: 58054 parameters
2023-12-15 11:40:22,276 | [DEBUG] : Current training mode: increased
2023-12-15 11:40:22,277 | [INFO] : no layers were added
2023-12-15 11:40:22,277 | [DEBUG] : Model size was changed to 58054 parameters
2023-12-15 11:40:22,277 | [DEBUG] : Learning rate is now 0.010000
2023-12-15 11:40:32,097 | [INFO] : New learning rate: 0.009000000000000001
2023-12-15 11:40:33,799 | [DEBUG] : Current model size: 58054 parameters
2023-12-15 11:40:33,799 | [DEBUG] : Current training mode: increased
2023-12-15 11:40:33,799 | [INFO] : no layers were added
2023-12-15 11:40:33,800 | [DEBUG] : Model size was changed to 58054 parameters
2023-12-15 11:40:33,800 | [DEBUG] : Learning rate is now 0.010000
2023-12-15 11:40:43,675 | [INFO] : New learning rate: 0.009000000000000001
2023-12-15 11:40:45,379 | [DEBUG] : Current model size: 58054 parameters
2023-12-15 11:40:45,379 | [DEBUG] : Current training mode: increased
2023-12-15 11:40:45,379 | [INFO] : no layers were added
2023-12-15 11:40:45,379 | [DEBUG] : Model size was changed to 58054 parameters
2023-12-15 11:40:45,379 | [DEBUG] : Learning rate is now 0.010000
2023-12-15 11:40:55,402 | [INFO] : New learning rate: 0.009000000000000001
2023-12-15 11:40:57,180 | [DEBUG] : Current model size: 58054 parameters
2023-12-15 11:40:57,180 | [DEBUG] : Current training mode: increased
2023-12-15 11:40:57,180 | [INFO] : no layers were added
2023-12-15 11:40:57,180 | [DEBUG] : Model size was changed to 58054 parameters
2023-12-15 11:40:57,180 | [DEBUG] : Learning rate is now 0.010000
2023-12-15 11:41:07,307 | [INFO] : New learning rate: 0.009000000000000001
2023-12-15 11:41:09,013 | [DEBUG] : Current model size: 58054 parameters
2023-12-15 11:41:09,013 | [DEBUG] : Current training mode: increased
2023-12-15 11:41:09,013 | [INFO] : no layers were added
2023-12-15 11:41:09,014 | [DEBUG] : Model size was changed to 58054 parameters
2023-12-15 11:41:09,014 | [DEBUG] : Learning rate is now 0.010000
2023-12-15 11:41:11,699 | [INFO] : training has run out of time
2023-12-15 11:41:11,701 | [INFO] : training40 runtime (h:mm:ss): 0:05:31
2023-12-15 11:41:11,701 | [INFO] : training40 end time: 12/15/2023 11:41:11 AM
2023-12-15 11:41:11,701 | [INFO] : episode 41/64 finished, objective: None
