2023-12-15 11:08:04,786 | [INFO] : training35 start time: 12/15/2023 11:08:04 AM
2023-12-15 11:08:04,789 | [INFO] : Initialized model with weights: results/small_early3/weights.pth
2023-12-15 11:08:04,789 | [DEBUG] : Current model size: 20778 parameters
2023-12-15 11:08:04,789 | [DEBUG] : Current training mode: initial
2023-12-15 11:08:04,803 | [INFO] : GPU allocation changing : going up
2023-12-15 11:08:04,805 | [DEBUG] : Current model size: 20778 parameters
2023-12-15 11:08:04,805 | [DEBUG] : Current training mode: increased
2023-12-15 11:08:04,806 | [INFO] : deepening layer 2/3: Linear(in_features=32, out_features=10, bias=True)
2023-12-15 11:08:04,806 | [DEBUG] : Model size was changed to 20888 parameters
2023-12-15 11:08:04,806 | [DEBUG] : Learning rate is now 0.010000
2023-12-15 11:08:14,288 | [INFO] : New learning rate: 0.009000000000000001
2023-12-15 11:08:15,928 | [DEBUG] : Current model size: 20888 parameters
2023-12-15 11:08:15,928 | [DEBUG] : Current training mode: increased
2023-12-15 11:08:15,930 | [INFO] : deepening layer 0/3: Conv2d(3, 64, kernel_size=(3, 3), stride=(1, 1))
2023-12-15 11:08:15,930 | [DEBUG] : Model size was changed to 57944 parameters
2023-12-15 11:08:15,930 | [DEBUG] : Learning rate is now 0.010000
2023-12-15 11:08:25,764 | [INFO] : New learning rate: 0.009000000000000001
2023-12-15 11:08:27,484 | [DEBUG] : Current model size: 57944 parameters
2023-12-15 11:08:27,484 | [DEBUG] : Current training mode: increased
2023-12-15 11:08:27,484 | [INFO] : no layers were added
2023-12-15 11:08:27,485 | [DEBUG] : Model size was changed to 57944 parameters
2023-12-15 11:08:27,485 | [DEBUG] : Learning rate is now 0.010000
2023-12-15 11:08:37,410 | [INFO] : New learning rate: 0.009000000000000001
2023-12-15 11:08:39,124 | [DEBUG] : Current model size: 57944 parameters
2023-12-15 11:08:39,124 | [DEBUG] : Current training mode: increased
2023-12-15 11:08:39,124 | [INFO] : no layers were added
2023-12-15 11:08:39,125 | [DEBUG] : Model size was changed to 57944 parameters
2023-12-15 11:08:39,125 | [DEBUG] : Learning rate is now 0.010000
2023-12-15 11:08:48,921 | [INFO] : New learning rate: 0.009000000000000001
2023-12-15 11:08:50,642 | [DEBUG] : Current model size: 57944 parameters
2023-12-15 11:08:50,643 | [DEBUG] : Current training mode: increased
2023-12-15 11:08:50,643 | [INFO] : no layers were added
2023-12-15 11:08:50,643 | [DEBUG] : Model size was changed to 57944 parameters
2023-12-15 11:08:50,643 | [DEBUG] : Learning rate is now 0.010000
2023-12-15 11:09:00,521 | [INFO] : New learning rate: 0.009000000000000001
2023-12-15 11:09:02,226 | [DEBUG] : Current model size: 57944 parameters
2023-12-15 11:09:02,226 | [DEBUG] : Current training mode: increased
2023-12-15 11:09:02,226 | [INFO] : no layers were added
2023-12-15 11:09:02,227 | [DEBUG] : Model size was changed to 57944 parameters
2023-12-15 11:09:02,227 | [DEBUG] : Learning rate is now 0.010000
2023-12-15 11:09:11,985 | [INFO] : New learning rate: 0.009000000000000001
2023-12-15 11:09:13,675 | [DEBUG] : Current model size: 57944 parameters
2023-12-15 11:09:13,675 | [DEBUG] : Current training mode: increased
2023-12-15 11:09:13,675 | [INFO] : no layers were added
2023-12-15 11:09:13,675 | [DEBUG] : Model size was changed to 57944 parameters
2023-12-15 11:09:13,675 | [DEBUG] : Learning rate is now 0.010000
2023-12-15 11:09:23,604 | [INFO] : New learning rate: 0.009000000000000001
2023-12-15 11:09:25,309 | [DEBUG] : Current model size: 57944 parameters
2023-12-15 11:09:25,309 | [DEBUG] : Current training mode: increased
2023-12-15 11:09:25,309 | [INFO] : no layers were added
2023-12-15 11:09:25,310 | [DEBUG] : Model size was changed to 57944 parameters
2023-12-15 11:09:25,310 | [DEBUG] : Learning rate is now 0.010000
2023-12-15 11:09:35,355 | [INFO] : New learning rate: 0.009000000000000001
2023-12-15 11:09:37,104 | [DEBUG] : Current model size: 57944 parameters
2023-12-15 11:09:37,104 | [DEBUG] : Current training mode: increased
2023-12-15 11:09:37,104 | [INFO] : no layers were added
2023-12-15 11:09:37,105 | [DEBUG] : Model size was changed to 57944 parameters
2023-12-15 11:09:37,105 | [DEBUG] : Learning rate is now 0.010000
2023-12-15 11:09:47,273 | [INFO] : New learning rate: 0.009000000000000001
2023-12-15 11:09:48,976 | [DEBUG] : Current model size: 57944 parameters
2023-12-15 11:09:48,976 | [DEBUG] : Current training mode: increased
2023-12-15 11:09:48,977 | [INFO] : no layers were added
2023-12-15 11:09:48,977 | [DEBUG] : Model size was changed to 57944 parameters
2023-12-15 11:09:48,977 | [DEBUG] : Learning rate is now 0.010000
2023-12-15 11:09:58,778 | [INFO] : New learning rate: 0.009000000000000001
2023-12-15 11:10:00,478 | [DEBUG] : Current model size: 57944 parameters
2023-12-15 11:10:00,478 | [DEBUG] : Current training mode: increased
2023-12-15 11:10:00,478 | [INFO] : no layers were added
2023-12-15 11:10:00,478 | [DEBUG] : Model size was changed to 57944 parameters
2023-12-15 11:10:00,478 | [DEBUG] : Learning rate is now 0.010000
2023-12-15 11:10:10,290 | [INFO] : New learning rate: 0.009000000000000001
2023-12-15 11:10:11,981 | [DEBUG] : Current model size: 57944 parameters
2023-12-15 11:10:11,981 | [DEBUG] : Current training mode: increased
2023-12-15 11:10:11,981 | [INFO] : no layers were added
2023-12-15 11:10:11,981 | [DEBUG] : Model size was changed to 57944 parameters
2023-12-15 11:10:11,981 | [DEBUG] : Learning rate is now 0.010000
2023-12-15 11:10:21,782 | [INFO] : New learning rate: 0.009000000000000001
2023-12-15 11:10:23,481 | [DEBUG] : Current model size: 57944 parameters
2023-12-15 11:10:23,481 | [DEBUG] : Current training mode: increased
2023-12-15 11:10:23,481 | [INFO] : no layers were added
2023-12-15 11:10:23,482 | [DEBUG] : Model size was changed to 57944 parameters
2023-12-15 11:10:23,482 | [DEBUG] : Learning rate is now 0.010000
2023-12-15 11:10:33,279 | [INFO] : New learning rate: 0.009000000000000001
2023-12-15 11:10:35,012 | [DEBUG] : Current model size: 57944 parameters
2023-12-15 11:10:35,012 | [DEBUG] : Current training mode: increased
2023-12-15 11:10:35,012 | [INFO] : no layers were added
2023-12-15 11:10:35,012 | [DEBUG] : Model size was changed to 57944 parameters
2023-12-15 11:10:35,013 | [DEBUG] : Learning rate is now 0.010000
2023-12-15 11:10:44,831 | [INFO] : New learning rate: 0.009000000000000001
2023-12-15 11:10:46,537 | [DEBUG] : Current model size: 57944 parameters
2023-12-15 11:10:46,537 | [DEBUG] : Current training mode: increased
2023-12-15 11:10:46,537 | [INFO] : no layers were added
2023-12-15 11:10:46,538 | [DEBUG] : Model size was changed to 57944 parameters
2023-12-15 11:10:46,538 | [DEBUG] : Learning rate is now 0.010000
2023-12-15 11:10:56,382 | [INFO] : New learning rate: 0.009000000000000001
2023-12-15 11:10:58,075 | [DEBUG] : Current model size: 57944 parameters
2023-12-15 11:10:58,075 | [DEBUG] : Current training mode: increased
2023-12-15 11:10:58,075 | [INFO] : no layers were added
2023-12-15 11:10:58,075 | [DEBUG] : Model size was changed to 57944 parameters
2023-12-15 11:10:58,075 | [DEBUG] : Learning rate is now 0.010000
2023-12-15 11:11:07,876 | [INFO] : New learning rate: 0.009000000000000001
2023-12-15 11:11:09,572 | [DEBUG] : Current model size: 57944 parameters
2023-12-15 11:11:09,572 | [DEBUG] : Current training mode: increased
2023-12-15 11:11:09,572 | [INFO] : no layers were added
2023-12-15 11:11:09,572 | [DEBUG] : Model size was changed to 57944 parameters
2023-12-15 11:11:09,572 | [DEBUG] : Learning rate is now 0.010000
2023-12-15 11:11:19,304 | [INFO] : New learning rate: 0.009000000000000001
2023-12-15 11:11:21,036 | [DEBUG] : Current model size: 57944 parameters
2023-12-15 11:11:21,037 | [DEBUG] : Current training mode: increased
2023-12-15 11:11:21,037 | [INFO] : no layers were added
2023-12-15 11:11:21,037 | [DEBUG] : Model size was changed to 57944 parameters
2023-12-15 11:11:21,037 | [DEBUG] : Learning rate is now 0.010000
2023-12-15 11:11:30,915 | [INFO] : New learning rate: 0.009000000000000001
2023-12-15 11:11:32,674 | [DEBUG] : Current model size: 57944 parameters
2023-12-15 11:11:32,674 | [DEBUG] : Current training mode: increased
2023-12-15 11:11:32,674 | [INFO] : no layers were added
2023-12-15 11:11:32,675 | [DEBUG] : Model size was changed to 57944 parameters
2023-12-15 11:11:32,675 | [DEBUG] : Learning rate is now 0.010000
2023-12-15 11:11:42,506 | [INFO] : New learning rate: 0.009000000000000001
2023-12-15 11:11:44,240 | [DEBUG] : Current model size: 57944 parameters
2023-12-15 11:11:44,240 | [DEBUG] : Current training mode: increased
2023-12-15 11:11:44,240 | [INFO] : no layers were added
2023-12-15 11:11:44,241 | [DEBUG] : Model size was changed to 57944 parameters
2023-12-15 11:11:44,241 | [DEBUG] : Learning rate is now 0.010000
2023-12-15 11:11:54,008 | [INFO] : New learning rate: 0.009000000000000001
2023-12-15 11:11:55,698 | [DEBUG] : Current model size: 57944 parameters
2023-12-15 11:11:55,698 | [DEBUG] : Current training mode: increased
2023-12-15 11:11:55,698 | [INFO] : no layers were added
2023-12-15 11:11:55,698 | [DEBUG] : Model size was changed to 57944 parameters
2023-12-15 11:11:55,698 | [DEBUG] : Learning rate is now 0.010000
2023-12-15 11:12:05,624 | [INFO] : New learning rate: 0.009000000000000001
2023-12-15 11:12:07,317 | [DEBUG] : Current model size: 57944 parameters
2023-12-15 11:12:07,317 | [DEBUG] : Current training mode: increased
2023-12-15 11:12:07,318 | [INFO] : no layers were added
2023-12-15 11:12:07,318 | [DEBUG] : Model size was changed to 57944 parameters
2023-12-15 11:12:07,318 | [DEBUG] : Learning rate is now 0.010000
2023-12-15 11:12:17,284 | [INFO] : New learning rate: 0.009000000000000001
2023-12-15 11:12:19,006 | [DEBUG] : Current model size: 57944 parameters
2023-12-15 11:12:19,006 | [DEBUG] : Current training mode: increased
2023-12-15 11:12:19,006 | [INFO] : no layers were added
2023-12-15 11:12:19,007 | [DEBUG] : Model size was changed to 57944 parameters
2023-12-15 11:12:19,007 | [DEBUG] : Learning rate is now 0.010000
2023-12-15 11:12:28,677 | [INFO] : New learning rate: 0.009000000000000001
2023-12-15 11:12:30,457 | [DEBUG] : Current model size: 57944 parameters
2023-12-15 11:12:30,457 | [DEBUG] : Current training mode: increased
2023-12-15 11:12:30,457 | [INFO] : no layers were added
2023-12-15 11:12:30,458 | [DEBUG] : Model size was changed to 57944 parameters
2023-12-15 11:12:30,458 | [DEBUG] : Learning rate is now 0.010000
2023-12-15 11:12:40,370 | [INFO] : New learning rate: 0.009000000000000001
2023-12-15 11:12:42,059 | [DEBUG] : Current model size: 57944 parameters
2023-12-15 11:12:42,059 | [DEBUG] : Current training mode: increased
2023-12-15 11:12:42,059 | [INFO] : no layers were added
2023-12-15 11:12:42,060 | [DEBUG] : Model size was changed to 57944 parameters
2023-12-15 11:12:42,060 | [DEBUG] : Learning rate is now 0.010000
2023-12-15 11:12:51,783 | [INFO] : New learning rate: 0.009000000000000001
2023-12-15 11:12:53,533 | [DEBUG] : Current model size: 57944 parameters
2023-12-15 11:12:53,533 | [DEBUG] : Current training mode: increased
2023-12-15 11:12:53,533 | [INFO] : no layers were added
2023-12-15 11:12:53,534 | [DEBUG] : Model size was changed to 57944 parameters
2023-12-15 11:12:53,534 | [DEBUG] : Learning rate is now 0.010000
2023-12-15 11:13:03,407 | [INFO] : New learning rate: 0.009000000000000001
2023-12-15 11:13:05,181 | [DEBUG] : Current model size: 57944 parameters
2023-12-15 11:13:05,181 | [DEBUG] : Current training mode: increased
2023-12-15 11:13:05,182 | [INFO] : no layers were added
2023-12-15 11:13:05,182 | [DEBUG] : Model size was changed to 57944 parameters
2023-12-15 11:13:05,182 | [DEBUG] : Learning rate is now 0.010000
2023-12-15 11:13:15,222 | [INFO] : New learning rate: 0.009000000000000001
2023-12-15 11:13:16,910 | [DEBUG] : Current model size: 57944 parameters
2023-12-15 11:13:16,911 | [DEBUG] : Current training mode: increased
2023-12-15 11:13:16,911 | [INFO] : no layers were added
2023-12-15 11:13:16,911 | [DEBUG] : Model size was changed to 57944 parameters
2023-12-15 11:13:16,911 | [DEBUG] : Learning rate is now 0.010000
2023-12-15 11:13:26,768 | [INFO] : New learning rate: 0.009000000000000001
2023-12-15 11:13:28,478 | [DEBUG] : Current model size: 57944 parameters
2023-12-15 11:13:28,478 | [DEBUG] : Current training mode: increased
2023-12-15 11:13:28,478 | [INFO] : no layers were added
2023-12-15 11:13:28,479 | [DEBUG] : Model size was changed to 57944 parameters
2023-12-15 11:13:28,479 | [DEBUG] : Learning rate is now 0.010000
2023-12-15 11:13:34,791 | [INFO] : training has run out of time
2023-12-15 11:13:34,792 | [INFO] : training35 runtime (h:mm:ss): 0:05:31
2023-12-15 11:13:34,792 | [INFO] : training35 end time: 12/15/2023 11:13:34 AM
2023-12-15 11:13:34,792 | [INFO] : episode 36/64 finished, objective: None
