2023-12-15 08:22:37,968 | [INFO] : training05 start time: 12/15/2023 08:22:37 AM
2023-12-15 08:22:37,971 | [INFO] : Initialized model with weights: results/small_early3/weights.pth
2023-12-15 08:22:37,972 | [DEBUG] : Current model size: 20778 parameters
2023-12-15 08:22:37,972 | [DEBUG] : Current training mode: initial
2023-12-15 08:22:37,985 | [INFO] : GPU allocation changing : going up
2023-12-15 08:22:37,987 | [DEBUG] : Current model size: 20778 parameters
2023-12-15 08:22:37,987 | [DEBUG] : Current training mode: increased
2023-12-15 08:22:37,989 | [INFO] : deepening layer 0/3: Conv2d(3, 64, kernel_size=(3, 3), stride=(1, 1))
2023-12-15 08:22:37,989 | [DEBUG] : Model size was changed to 57834 parameters
2023-12-15 08:22:37,990 | [DEBUG] : Learning rate is now 0.010000
2023-12-15 08:22:47,702 | [INFO] : New learning rate: 0.009000000000000001
2023-12-15 08:22:49,412 | [DEBUG] : Current model size: 57834 parameters
2023-12-15 08:22:49,412 | [DEBUG] : Current training mode: increased
2023-12-15 08:22:49,413 | [INFO] : deepening layer 1/3: Conv2d(64, 32, kernel_size=(3, 3), stride=(1, 1))
2023-12-15 08:22:49,414 | [DEBUG] : Model size was changed to 67146 parameters
2023-12-15 08:22:49,414 | [DEBUG] : Learning rate is now 0.010000
2023-12-15 08:22:59,397 | [INFO] : New learning rate: 0.009000000000000001
2023-12-15 08:23:01,125 | [DEBUG] : Current model size: 67146 parameters
2023-12-15 08:23:01,125 | [DEBUG] : Current training mode: increased
2023-12-15 08:23:01,127 | [INFO] : deepening layer 1/3: Conv2d(64, 32, kernel_size=(3, 3), stride=(1, 1))
2023-12-15 08:23:01,127 | [DEBUG] : Model size was changed to 76458 parameters
2023-12-15 08:23:01,127 | [DEBUG] : Learning rate is now 0.010000
2023-12-15 08:23:11,409 | [INFO] : New learning rate: 0.009000000000000001
2023-12-15 08:23:13,173 | [DEBUG] : Current model size: 76458 parameters
2023-12-15 08:23:13,173 | [DEBUG] : Current training mode: increased
2023-12-15 08:23:13,174 | [INFO] : no layers were added
2023-12-15 08:23:13,174 | [DEBUG] : Model size was changed to 76458 parameters
2023-12-15 08:23:13,174 | [DEBUG] : Learning rate is now 0.010000
2023-12-15 08:23:23,563 | [INFO] : New learning rate: 0.009000000000000001
2023-12-15 08:23:25,309 | [DEBUG] : Current model size: 76458 parameters
2023-12-15 08:23:25,309 | [DEBUG] : Current training mode: increased
2023-12-15 08:23:25,309 | [INFO] : no layers were added
2023-12-15 08:23:25,310 | [DEBUG] : Model size was changed to 76458 parameters
2023-12-15 08:23:25,310 | [DEBUG] : Learning rate is now 0.010000
2023-12-15 08:23:35,593 | [INFO] : New learning rate: 0.009000000000000001
2023-12-15 08:23:37,360 | [DEBUG] : Current model size: 76458 parameters
2023-12-15 08:23:37,361 | [DEBUG] : Current training mode: increased
2023-12-15 08:23:37,361 | [INFO] : no layers were added
2023-12-15 08:23:37,361 | [DEBUG] : Model size was changed to 76458 parameters
2023-12-15 08:23:37,361 | [DEBUG] : Learning rate is now 0.010000
2023-12-15 08:23:48,054 | [INFO] : New learning rate: 0.009000000000000001
2023-12-15 08:23:49,792 | [DEBUG] : Current model size: 76458 parameters
2023-12-15 08:23:49,793 | [DEBUG] : Current training mode: increased
2023-12-15 08:23:49,793 | [INFO] : no layers were added
2023-12-15 08:23:49,793 | [DEBUG] : Model size was changed to 76458 parameters
2023-12-15 08:23:49,793 | [DEBUG] : Learning rate is now 0.010000
2023-12-15 08:24:00,505 | [INFO] : New learning rate: 0.009000000000000001
2023-12-15 08:24:02,265 | [DEBUG] : Current model size: 76458 parameters
2023-12-15 08:24:02,265 | [DEBUG] : Current training mode: increased
2023-12-15 08:24:02,265 | [INFO] : no layers were added
2023-12-15 08:24:02,266 | [DEBUG] : Model size was changed to 76458 parameters
2023-12-15 08:24:02,266 | [DEBUG] : Learning rate is now 0.010000
2023-12-15 08:24:13,177 | [INFO] : New learning rate: 0.009000000000000001
2023-12-15 08:24:14,929 | [DEBUG] : Current model size: 76458 parameters
2023-12-15 08:24:14,929 | [DEBUG] : Current training mode: increased
2023-12-15 08:24:14,929 | [INFO] : no layers were added
2023-12-15 08:24:14,930 | [DEBUG] : Model size was changed to 76458 parameters
2023-12-15 08:24:14,930 | [DEBUG] : Learning rate is now 0.010000
2023-12-15 08:24:25,622 | [INFO] : New learning rate: 0.009000000000000001
2023-12-15 08:24:27,386 | [DEBUG] : Current model size: 76458 parameters
2023-12-15 08:24:27,387 | [DEBUG] : Current training mode: increased
2023-12-15 08:24:27,387 | [INFO] : no layers were added
2023-12-15 08:24:27,387 | [DEBUG] : Model size was changed to 76458 parameters
2023-12-15 08:24:27,387 | [DEBUG] : Learning rate is now 0.010000
2023-12-15 08:24:37,885 | [INFO] : New learning rate: 0.009000000000000001
2023-12-15 08:24:40,300 | [DEBUG] : Current model size: 76458 parameters
2023-12-15 08:24:40,300 | [DEBUG] : Current training mode: increased
2023-12-15 08:24:40,300 | [INFO] : no layers were added
2023-12-15 08:24:40,300 | [DEBUG] : Model size was changed to 76458 parameters
2023-12-15 08:24:40,300 | [DEBUG] : Learning rate is now 0.010000
2023-12-15 08:24:50,640 | [INFO] : New learning rate: 0.009000000000000001
2023-12-15 08:24:52,388 | [DEBUG] : Current model size: 76458 parameters
2023-12-15 08:24:52,388 | [DEBUG] : Current training mode: increased
2023-12-15 08:24:52,388 | [INFO] : no layers were added
2023-12-15 08:24:52,388 | [DEBUG] : Model size was changed to 76458 parameters
2023-12-15 08:24:52,388 | [DEBUG] : Learning rate is now 0.010000
2023-12-15 08:25:02,655 | [INFO] : New learning rate: 0.009000000000000001
2023-12-15 08:25:04,405 | [DEBUG] : Current model size: 76458 parameters
2023-12-15 08:25:04,405 | [DEBUG] : Current training mode: increased
2023-12-15 08:25:04,405 | [INFO] : no layers were added
2023-12-15 08:25:04,406 | [DEBUG] : Model size was changed to 76458 parameters
2023-12-15 08:25:04,406 | [DEBUG] : Learning rate is now 0.010000
2023-12-15 08:25:14,686 | [INFO] : New learning rate: 0.009000000000000001
2023-12-15 08:25:16,447 | [DEBUG] : Current model size: 76458 parameters
2023-12-15 08:25:16,447 | [DEBUG] : Current training mode: increased
2023-12-15 08:25:16,447 | [INFO] : no layers were added
2023-12-15 08:25:16,447 | [DEBUG] : Model size was changed to 76458 parameters
2023-12-15 08:25:16,447 | [DEBUG] : Learning rate is now 0.010000
2023-12-15 08:25:26,782 | [INFO] : New learning rate: 0.009000000000000001
2023-12-15 08:25:28,564 | [DEBUG] : Current model size: 76458 parameters
2023-12-15 08:25:28,564 | [DEBUG] : Current training mode: increased
2023-12-15 08:25:28,564 | [INFO] : no layers were added
2023-12-15 08:25:28,564 | [DEBUG] : Model size was changed to 76458 parameters
2023-12-15 08:25:28,564 | [DEBUG] : Learning rate is now 0.010000
2023-12-15 08:25:39,009 | [INFO] : New learning rate: 0.009000000000000001
2023-12-15 08:25:40,787 | [DEBUG] : Current model size: 76458 parameters
2023-12-15 08:25:40,787 | [DEBUG] : Current training mode: increased
2023-12-15 08:25:40,787 | [INFO] : no layers were added
2023-12-15 08:25:40,787 | [DEBUG] : Model size was changed to 76458 parameters
2023-12-15 08:25:40,787 | [DEBUG] : Learning rate is now 0.010000
2023-12-15 08:25:51,191 | [INFO] : New learning rate: 0.009000000000000001
2023-12-15 08:25:52,972 | [DEBUG] : Current model size: 76458 parameters
2023-12-15 08:25:52,972 | [DEBUG] : Current training mode: increased
2023-12-15 08:25:52,973 | [INFO] : no layers were added
2023-12-15 08:25:52,973 | [DEBUG] : Model size was changed to 76458 parameters
2023-12-15 08:25:52,973 | [DEBUG] : Learning rate is now 0.010000
2023-12-15 08:26:03,362 | [INFO] : New learning rate: 0.009000000000000001
2023-12-15 08:26:05,115 | [DEBUG] : Current model size: 76458 parameters
2023-12-15 08:26:05,115 | [DEBUG] : Current training mode: increased
2023-12-15 08:26:05,115 | [INFO] : no layers were added
2023-12-15 08:26:05,115 | [DEBUG] : Model size was changed to 76458 parameters
2023-12-15 08:26:05,115 | [DEBUG] : Learning rate is now 0.010000
2023-12-15 08:26:15,531 | [INFO] : New learning rate: 0.009000000000000001
2023-12-15 08:26:17,299 | [DEBUG] : Current model size: 76458 parameters
2023-12-15 08:26:17,299 | [DEBUG] : Current training mode: increased
2023-12-15 08:26:17,300 | [INFO] : no layers were added
2023-12-15 08:26:17,300 | [DEBUG] : Model size was changed to 76458 parameters
2023-12-15 08:26:17,300 | [DEBUG] : Learning rate is now 0.010000
2023-12-15 08:26:27,788 | [INFO] : New learning rate: 0.009000000000000001
2023-12-15 08:26:29,532 | [DEBUG] : Current model size: 76458 parameters
2023-12-15 08:26:29,532 | [DEBUG] : Current training mode: increased
2023-12-15 08:26:29,532 | [INFO] : no layers were added
2023-12-15 08:26:29,533 | [DEBUG] : Model size was changed to 76458 parameters
2023-12-15 08:26:29,533 | [DEBUG] : Learning rate is now 0.010000
2023-12-15 08:26:40,045 | [INFO] : New learning rate: 0.009000000000000001
2023-12-15 08:26:41,820 | [DEBUG] : Current model size: 76458 parameters
2023-12-15 08:26:41,820 | [DEBUG] : Current training mode: increased
2023-12-15 08:26:41,820 | [INFO] : no layers were added
2023-12-15 08:26:41,821 | [DEBUG] : Model size was changed to 76458 parameters
2023-12-15 08:26:41,821 | [DEBUG] : Learning rate is now 0.010000
2023-12-15 08:26:52,358 | [INFO] : New learning rate: 0.009000000000000001
2023-12-15 08:26:54,093 | [DEBUG] : Current model size: 76458 parameters
2023-12-15 08:26:54,093 | [DEBUG] : Current training mode: increased
2023-12-15 08:26:54,093 | [INFO] : no layers were added
2023-12-15 08:26:54,094 | [DEBUG] : Model size was changed to 76458 parameters
2023-12-15 08:26:54,094 | [DEBUG] : Learning rate is now 0.010000
2023-12-15 08:27:04,593 | [INFO] : New learning rate: 0.009000000000000001
2023-12-15 08:27:06,358 | [DEBUG] : Current model size: 76458 parameters
2023-12-15 08:27:06,358 | [DEBUG] : Current training mode: increased
2023-12-15 08:27:06,358 | [INFO] : no layers were added
2023-12-15 08:27:06,358 | [DEBUG] : Model size was changed to 76458 parameters
2023-12-15 08:27:06,358 | [DEBUG] : Learning rate is now 0.010000
2023-12-15 08:27:16,694 | [INFO] : New learning rate: 0.009000000000000001
2023-12-15 08:27:18,500 | [DEBUG] : Current model size: 76458 parameters
2023-12-15 08:27:18,500 | [DEBUG] : Current training mode: increased
2023-12-15 08:27:18,501 | [INFO] : no layers were added
2023-12-15 08:27:18,501 | [DEBUG] : Model size was changed to 76458 parameters
2023-12-15 08:27:18,501 | [DEBUG] : Learning rate is now 0.010000
2023-12-15 08:27:28,831 | [INFO] : New learning rate: 0.009000000000000001
2023-12-15 08:27:30,584 | [DEBUG] : Current model size: 76458 parameters
2023-12-15 08:27:30,585 | [DEBUG] : Current training mode: increased
2023-12-15 08:27:30,585 | [INFO] : no layers were added
2023-12-15 08:27:30,585 | [DEBUG] : Model size was changed to 76458 parameters
2023-12-15 08:27:30,585 | [DEBUG] : Learning rate is now 0.010000
2023-12-15 08:27:40,998 | [INFO] : New learning rate: 0.009000000000000001
2023-12-15 08:27:43,354 | [DEBUG] : Current model size: 76458 parameters
2023-12-15 08:27:43,355 | [DEBUG] : Current training mode: increased
2023-12-15 08:27:43,355 | [INFO] : no layers were added
2023-12-15 08:27:43,355 | [DEBUG] : Model size was changed to 76458 parameters
2023-12-15 08:27:43,355 | [DEBUG] : Learning rate is now 0.010000
2023-12-15 08:27:53,705 | [INFO] : New learning rate: 0.009000000000000001
2023-12-15 08:27:56,003 | [DEBUG] : Current model size: 76458 parameters
2023-12-15 08:27:56,003 | [DEBUG] : Current training mode: increased
2023-12-15 08:27:56,003 | [INFO] : no layers were added
2023-12-15 08:27:56,004 | [DEBUG] : Model size was changed to 76458 parameters
2023-12-15 08:27:56,004 | [DEBUG] : Learning rate is now 0.010000
2023-12-15 08:28:06,378 | [INFO] : New learning rate: 0.009000000000000001
2023-12-15 08:28:09,033 | [DEBUG] : Current model size: 76458 parameters
2023-12-15 08:28:09,033 | [DEBUG] : Current training mode: increased
2023-12-15 08:28:09,033 | [INFO] : no layers were added
2023-12-15 08:28:09,034 | [DEBUG] : Model size was changed to 76458 parameters
2023-12-15 08:28:09,034 | [DEBUG] : Learning rate is now 0.010000
2023-12-15 08:28:09,048 | [INFO] : training has run out of time
2023-12-15 08:28:09,048 | [INFO] : training05 runtime (h:mm:ss): 0:05:32
2023-12-15 08:28:09,048 | [INFO] : training05 end time: 12/15/2023 08:28:09 AM
2023-12-15 08:28:09,048 | [INFO] : episode 6/64 finished, objective: None
