2023-12-15 11:46:43,158 | [INFO] : training42 start time: 12/15/2023 11:46:43 AM
2023-12-15 11:46:43,161 | [INFO] : Initialized model with weights: results/small_early3/weights.pth
2023-12-15 11:46:43,161 | [DEBUG] : Current model size: 20778 parameters
2023-12-15 11:46:43,161 | [DEBUG] : Current training mode: initial
2023-12-15 11:46:43,175 | [INFO] : GPU allocation changing : going up
2023-12-15 11:46:43,177 | [DEBUG] : Current model size: 20778 parameters
2023-12-15 11:46:43,177 | [DEBUG] : Current training mode: increased
2023-12-15 11:46:43,178 | [INFO] : deepening layer 2/3: Linear(in_features=32, out_features=10, bias=True)
2023-12-15 11:46:43,178 | [DEBUG] : Model size was changed to 20888 parameters
2023-12-15 11:46:43,178 | [DEBUG] : Learning rate is now 0.010000
2023-12-15 11:46:52,640 | [INFO] : New learning rate: 0.009000000000000001
2023-12-15 11:46:54,353 | [DEBUG] : Current model size: 20888 parameters
2023-12-15 11:46:54,353 | [DEBUG] : Current training mode: increased
2023-12-15 11:46:54,354 | [INFO] : deepening layer 2/3: Linear(in_features=32, out_features=10, bias=True)
2023-12-15 11:46:54,355 | [DEBUG] : Model size was changed to 20998 parameters
2023-12-15 11:46:54,355 | [DEBUG] : Learning rate is now 0.010000
2023-12-15 11:47:03,816 | [INFO] : New learning rate: 0.009000000000000001
2023-12-15 11:47:05,486 | [DEBUG] : Current model size: 20998 parameters
2023-12-15 11:47:05,486 | [DEBUG] : Current training mode: increased
2023-12-15 11:47:05,487 | [INFO] : deepening layer 2/3: Linear(in_features=32, out_features=10, bias=True)
2023-12-15 11:47:05,488 | [DEBUG] : Model size was changed to 21108 parameters
2023-12-15 11:47:05,488 | [DEBUG] : Learning rate is now 0.010000
2023-12-15 11:47:15,484 | [INFO] : New learning rate: 0.009000000000000001
2023-12-15 11:47:17,173 | [DEBUG] : Current model size: 21108 parameters
2023-12-15 11:47:17,173 | [DEBUG] : Current training mode: increased
2023-12-15 11:47:17,173 | [INFO] : no layers were added
2023-12-15 11:47:17,174 | [DEBUG] : Model size was changed to 21108 parameters
2023-12-15 11:47:17,174 | [DEBUG] : Learning rate is now 0.010000
2023-12-15 11:47:26,795 | [INFO] : New learning rate: 0.009000000000000001
2023-12-15 11:47:28,536 | [DEBUG] : Current model size: 21108 parameters
2023-12-15 11:47:28,537 | [DEBUG] : Current training mode: increased
2023-12-15 11:47:28,537 | [INFO] : no layers were added
2023-12-15 11:47:28,537 | [DEBUG] : Model size was changed to 21108 parameters
2023-12-15 11:47:28,537 | [DEBUG] : Learning rate is now 0.010000
2023-12-15 11:47:38,234 | [INFO] : New learning rate: 0.009000000000000001
2023-12-15 11:47:40,033 | [DEBUG] : Current model size: 21108 parameters
2023-12-15 11:47:40,033 | [DEBUG] : Current training mode: increased
2023-12-15 11:47:40,033 | [INFO] : no layers were added
2023-12-15 11:47:40,033 | [DEBUG] : Model size was changed to 21108 parameters
2023-12-15 11:47:40,033 | [DEBUG] : Learning rate is now 0.010000
2023-12-15 11:47:49,583 | [INFO] : New learning rate: 0.009000000000000001
2023-12-15 11:47:51,242 | [DEBUG] : Current model size: 21108 parameters
2023-12-15 11:47:51,242 | [DEBUG] : Current training mode: increased
2023-12-15 11:47:51,242 | [INFO] : no layers were added
2023-12-15 11:47:51,243 | [DEBUG] : Model size was changed to 21108 parameters
2023-12-15 11:47:51,243 | [DEBUG] : Learning rate is now 0.010000
2023-12-15 11:48:00,813 | [INFO] : New learning rate: 0.009000000000000001
2023-12-15 11:48:02,487 | [DEBUG] : Current model size: 21108 parameters
2023-12-15 11:48:02,487 | [DEBUG] : Current training mode: increased
2023-12-15 11:48:02,487 | [INFO] : no layers were added
2023-12-15 11:48:02,487 | [DEBUG] : Model size was changed to 21108 parameters
2023-12-15 11:48:02,487 | [DEBUG] : Learning rate is now 0.010000
2023-12-15 11:48:11,974 | [INFO] : New learning rate: 0.009000000000000001
2023-12-15 11:48:13,700 | [DEBUG] : Current model size: 21108 parameters
2023-12-15 11:48:13,700 | [DEBUG] : Current training mode: increased
2023-12-15 11:48:13,700 | [INFO] : no layers were added
2023-12-15 11:48:13,700 | [DEBUG] : Model size was changed to 21108 parameters
2023-12-15 11:48:13,700 | [DEBUG] : Learning rate is now 0.010000
2023-12-15 11:48:23,346 | [INFO] : New learning rate: 0.009000000000000001
2023-12-15 11:48:24,991 | [DEBUG] : Current model size: 21108 parameters
2023-12-15 11:48:24,991 | [DEBUG] : Current training mode: increased
2023-12-15 11:48:24,991 | [INFO] : no layers were added
2023-12-15 11:48:24,992 | [DEBUG] : Model size was changed to 21108 parameters
2023-12-15 11:48:24,992 | [DEBUG] : Learning rate is now 0.010000
2023-12-15 11:48:34,517 | [INFO] : New learning rate: 0.009000000000000001
2023-12-15 11:48:36,183 | [DEBUG] : Current model size: 21108 parameters
2023-12-15 11:48:36,183 | [DEBUG] : Current training mode: increased
2023-12-15 11:48:36,183 | [INFO] : no layers were added
2023-12-15 11:48:36,183 | [DEBUG] : Model size was changed to 21108 parameters
2023-12-15 11:48:36,183 | [DEBUG] : Learning rate is now 0.010000
2023-12-15 11:48:45,725 | [INFO] : New learning rate: 0.009000000000000001
2023-12-15 11:48:47,387 | [DEBUG] : Current model size: 21108 parameters
2023-12-15 11:48:47,387 | [DEBUG] : Current training mode: increased
2023-12-15 11:48:47,387 | [INFO] : no layers were added
2023-12-15 11:48:47,387 | [DEBUG] : Model size was changed to 21108 parameters
2023-12-15 11:48:47,387 | [DEBUG] : Learning rate is now 0.010000
2023-12-15 11:48:57,013 | [INFO] : New learning rate: 0.009000000000000001
2023-12-15 11:48:58,768 | [DEBUG] : Current model size: 21108 parameters
2023-12-15 11:48:58,768 | [DEBUG] : Current training mode: increased
2023-12-15 11:48:58,768 | [INFO] : no layers were added
2023-12-15 11:48:58,769 | [DEBUG] : Model size was changed to 21108 parameters
2023-12-15 11:48:58,769 | [DEBUG] : Learning rate is now 0.010000
2023-12-15 11:49:08,565 | [INFO] : New learning rate: 0.009000000000000001
2023-12-15 11:49:10,327 | [DEBUG] : Current model size: 21108 parameters
2023-12-15 11:49:10,327 | [DEBUG] : Current training mode: increased
2023-12-15 11:49:10,327 | [INFO] : no layers were added
2023-12-15 11:49:10,328 | [DEBUG] : Model size was changed to 21108 parameters
2023-12-15 11:49:10,328 | [DEBUG] : Learning rate is now 0.010000
2023-12-15 11:49:20,194 | [INFO] : New learning rate: 0.009000000000000001
2023-12-15 11:49:21,946 | [DEBUG] : Current model size: 21108 parameters
2023-12-15 11:49:21,946 | [DEBUG] : Current training mode: increased
2023-12-15 11:49:21,946 | [INFO] : no layers were added
2023-12-15 11:49:21,947 | [DEBUG] : Model size was changed to 21108 parameters
2023-12-15 11:49:21,947 | [DEBUG] : Learning rate is now 0.010000
2023-12-15 11:49:31,836 | [INFO] : New learning rate: 0.009000000000000001
2023-12-15 11:49:33,588 | [DEBUG] : Current model size: 21108 parameters
2023-12-15 11:49:33,589 | [DEBUG] : Current training mode: increased
2023-12-15 11:49:33,589 | [INFO] : no layers were added
2023-12-15 11:49:33,589 | [DEBUG] : Model size was changed to 21108 parameters
2023-12-15 11:49:33,589 | [DEBUG] : Learning rate is now 0.010000
2023-12-15 11:49:43,479 | [INFO] : New learning rate: 0.009000000000000001
2023-12-15 11:49:45,214 | [DEBUG] : Current model size: 21108 parameters
2023-12-15 11:49:45,214 | [DEBUG] : Current training mode: increased
2023-12-15 11:49:45,214 | [INFO] : no layers were added
2023-12-15 11:49:45,214 | [DEBUG] : Model size was changed to 21108 parameters
2023-12-15 11:49:45,214 | [DEBUG] : Learning rate is now 0.010000
2023-12-15 11:49:55,142 | [INFO] : New learning rate: 0.009000000000000001
2023-12-15 11:49:56,823 | [DEBUG] : Current model size: 21108 parameters
2023-12-15 11:49:56,824 | [DEBUG] : Current training mode: increased
2023-12-15 11:49:56,824 | [INFO] : no layers were added
2023-12-15 11:49:56,824 | [DEBUG] : Model size was changed to 21108 parameters
2023-12-15 11:49:56,824 | [DEBUG] : Learning rate is now 0.010000
2023-12-15 11:50:06,379 | [INFO] : New learning rate: 0.009000000000000001
2023-12-15 11:50:08,035 | [DEBUG] : Current model size: 21108 parameters
2023-12-15 11:50:08,035 | [DEBUG] : Current training mode: increased
2023-12-15 11:50:08,035 | [INFO] : no layers were added
2023-12-15 11:50:08,036 | [DEBUG] : Model size was changed to 21108 parameters
2023-12-15 11:50:08,036 | [DEBUG] : Learning rate is now 0.010000
2023-12-15 11:50:17,703 | [INFO] : New learning rate: 0.009000000000000001
2023-12-15 11:50:19,456 | [DEBUG] : Current model size: 21108 parameters
2023-12-15 11:50:19,456 | [DEBUG] : Current training mode: increased
2023-12-15 11:50:19,456 | [INFO] : no layers were added
2023-12-15 11:50:19,457 | [DEBUG] : Model size was changed to 21108 parameters
2023-12-15 11:50:19,457 | [DEBUG] : Learning rate is now 0.010000
2023-12-15 11:50:29,554 | [INFO] : New learning rate: 0.009000000000000001
2023-12-15 11:50:31,273 | [DEBUG] : Current model size: 21108 parameters
2023-12-15 11:50:31,273 | [DEBUG] : Current training mode: increased
2023-12-15 11:50:31,273 | [INFO] : no layers were added
2023-12-15 11:50:31,274 | [DEBUG] : Model size was changed to 21108 parameters
2023-12-15 11:50:31,274 | [DEBUG] : Learning rate is now 0.010000
2023-12-15 11:50:40,728 | [INFO] : New learning rate: 0.009000000000000001
2023-12-15 11:50:42,396 | [DEBUG] : Current model size: 21108 parameters
2023-12-15 11:50:42,396 | [DEBUG] : Current training mode: increased
2023-12-15 11:50:42,397 | [INFO] : no layers were added
2023-12-15 11:50:42,397 | [DEBUG] : Model size was changed to 21108 parameters
2023-12-15 11:50:42,397 | [DEBUG] : Learning rate is now 0.010000
2023-12-15 11:50:51,808 | [INFO] : New learning rate: 0.009000000000000001
2023-12-15 11:50:53,455 | [DEBUG] : Current model size: 21108 parameters
2023-12-15 11:50:53,455 | [DEBUG] : Current training mode: increased
2023-12-15 11:50:53,455 | [INFO] : no layers were added
2023-12-15 11:50:53,455 | [DEBUG] : Model size was changed to 21108 parameters
2023-12-15 11:50:53,455 | [DEBUG] : Learning rate is now 0.010000
2023-12-15 11:51:03,087 | [INFO] : New learning rate: 0.009000000000000001
2023-12-15 11:51:04,764 | [DEBUG] : Current model size: 21108 parameters
2023-12-15 11:51:04,765 | [DEBUG] : Current training mode: increased
2023-12-15 11:51:04,765 | [INFO] : no layers were added
2023-12-15 11:51:04,765 | [DEBUG] : Model size was changed to 21108 parameters
2023-12-15 11:51:04,765 | [DEBUG] : Learning rate is now 0.010000
2023-12-15 11:51:14,306 | [INFO] : New learning rate: 0.009000000000000001
2023-12-15 11:51:15,973 | [DEBUG] : Current model size: 21108 parameters
2023-12-15 11:51:15,973 | [DEBUG] : Current training mode: increased
2023-12-15 11:51:15,974 | [INFO] : no layers were added
2023-12-15 11:51:15,974 | [DEBUG] : Model size was changed to 21108 parameters
2023-12-15 11:51:15,974 | [DEBUG] : Learning rate is now 0.010000
2023-12-15 11:51:25,493 | [INFO] : New learning rate: 0.009000000000000001
2023-12-15 11:51:27,151 | [DEBUG] : Current model size: 21108 parameters
2023-12-15 11:51:27,151 | [DEBUG] : Current training mode: increased
2023-12-15 11:51:27,151 | [INFO] : no layers were added
2023-12-15 11:51:27,151 | [DEBUG] : Model size was changed to 21108 parameters
2023-12-15 11:51:27,152 | [DEBUG] : Learning rate is now 0.010000
2023-12-15 11:51:36,666 | [INFO] : New learning rate: 0.009000000000000001
2023-12-15 11:51:38,322 | [DEBUG] : Current model size: 21108 parameters
2023-12-15 11:51:38,323 | [DEBUG] : Current training mode: increased
2023-12-15 11:51:38,323 | [INFO] : no layers were added
2023-12-15 11:51:38,323 | [DEBUG] : Model size was changed to 21108 parameters
2023-12-15 11:51:38,323 | [DEBUG] : Learning rate is now 0.010000
2023-12-15 11:51:47,859 | [INFO] : New learning rate: 0.009000000000000001
2023-12-15 11:51:49,529 | [DEBUG] : Current model size: 21108 parameters
2023-12-15 11:51:49,529 | [DEBUG] : Current training mode: increased
2023-12-15 11:51:49,529 | [INFO] : no layers were added
2023-12-15 11:51:49,529 | [DEBUG] : Model size was changed to 21108 parameters
2023-12-15 11:51:49,529 | [DEBUG] : Learning rate is now 0.010000
2023-12-15 11:51:59,050 | [INFO] : New learning rate: 0.009000000000000001
2023-12-15 11:52:00,696 | [DEBUG] : Current model size: 21108 parameters
2023-12-15 11:52:00,696 | [DEBUG] : Current training mode: increased
2023-12-15 11:52:00,696 | [INFO] : no layers were added
2023-12-15 11:52:00,696 | [DEBUG] : Model size was changed to 21108 parameters
2023-12-15 11:52:00,696 | [DEBUG] : Learning rate is now 0.010000
2023-12-15 11:52:10,186 | [INFO] : New learning rate: 0.009000000000000001
2023-12-15 11:52:11,832 | [DEBUG] : Current model size: 21108 parameters
2023-12-15 11:52:11,832 | [DEBUG] : Current training mode: increased
2023-12-15 11:52:11,833 | [INFO] : no layers were added
2023-12-15 11:52:11,833 | [DEBUG] : Model size was changed to 21108 parameters
2023-12-15 11:52:11,833 | [DEBUG] : Learning rate is now 0.010000
2023-12-15 11:52:13,167 | [INFO] : training has run out of time
2023-12-15 11:52:13,168 | [INFO] : training42 runtime (h:mm:ss): 0:05:31
2023-12-15 11:52:13,168 | [INFO] : training42 end time: 12/15/2023 11:52:13 AM
2023-12-15 11:52:13,168 | [INFO] : episode 43/64 finished, objective: None
