2023-12-15 10:35:00,356 | [INFO] : training29 start time: 12/15/2023 10:35:00 AM
2023-12-15 10:35:00,359 | [INFO] : Initialized model with weights: results/small_early3/weights.pth
2023-12-15 10:35:00,359 | [DEBUG] : Current model size: 20778 parameters
2023-12-15 10:35:00,359 | [DEBUG] : Current training mode: initial
2023-12-15 10:35:00,372 | [INFO] : GPU allocation changing : going up
2023-12-15 10:35:00,374 | [DEBUG] : Current model size: 20778 parameters
2023-12-15 10:35:00,374 | [DEBUG] : Current training mode: increased
2023-12-15 10:35:00,375 | [INFO] : deepening layer 1/3: Conv2d(64, 32, kernel_size=(3, 3), stride=(1, 1))
2023-12-15 10:35:00,376 | [DEBUG] : Model size was changed to 30090 parameters
2023-12-15 10:35:00,376 | [DEBUG] : Learning rate is now 0.010000
2023-12-15 10:35:09,790 | [INFO] : New learning rate: 0.009000000000000001
2023-12-15 10:35:11,532 | [DEBUG] : Current model size: 30090 parameters
2023-12-15 10:35:11,532 | [DEBUG] : Current training mode: increased
2023-12-15 10:35:11,532 | [INFO] : no layers were added
2023-12-15 10:35:11,533 | [DEBUG] : Model size was changed to 30090 parameters
2023-12-15 10:35:11,533 | [DEBUG] : Learning rate is now 0.010000
2023-12-15 10:35:21,289 | [INFO] : New learning rate: 0.009000000000000001
2023-12-15 10:35:22,976 | [DEBUG] : Current model size: 30090 parameters
2023-12-15 10:35:22,976 | [DEBUG] : Current training mode: increased
2023-12-15 10:35:22,978 | [INFO] : deepening layer 1/3: Conv2d(64, 32, kernel_size=(3, 3), stride=(1, 1))
2023-12-15 10:35:22,978 | [DEBUG] : Model size was changed to 39402 parameters
2023-12-15 10:35:22,978 | [DEBUG] : Learning rate is now 0.010000
2023-12-15 10:35:32,903 | [INFO] : New learning rate: 0.009000000000000001
2023-12-15 10:35:34,648 | [DEBUG] : Current model size: 39402 parameters
2023-12-15 10:35:34,649 | [DEBUG] : Current training mode: increased
2023-12-15 10:35:34,649 | [INFO] : no layers were added
2023-12-15 10:35:34,649 | [DEBUG] : Model size was changed to 39402 parameters
2023-12-15 10:35:34,649 | [DEBUG] : Learning rate is now 0.010000
2023-12-15 10:35:44,600 | [INFO] : New learning rate: 0.009000000000000001
2023-12-15 10:35:46,297 | [DEBUG] : Current model size: 39402 parameters
2023-12-15 10:35:46,297 | [DEBUG] : Current training mode: increased
2023-12-15 10:35:46,298 | [INFO] : no layers were added
2023-12-15 10:35:46,298 | [DEBUG] : Model size was changed to 39402 parameters
2023-12-15 10:35:46,298 | [DEBUG] : Learning rate is now 0.010000
2023-12-15 10:35:56,004 | [INFO] : New learning rate: 0.009000000000000001
2023-12-15 10:35:57,686 | [DEBUG] : Current model size: 39402 parameters
2023-12-15 10:35:57,686 | [DEBUG] : Current training mode: increased
2023-12-15 10:35:57,686 | [INFO] : no layers were added
2023-12-15 10:35:57,686 | [DEBUG] : Model size was changed to 39402 parameters
2023-12-15 10:35:57,687 | [DEBUG] : Learning rate is now 0.010000
2023-12-15 10:36:07,502 | [INFO] : New learning rate: 0.009000000000000001
2023-12-15 10:36:09,186 | [DEBUG] : Current model size: 39402 parameters
2023-12-15 10:36:09,186 | [DEBUG] : Current training mode: increased
2023-12-15 10:36:09,186 | [INFO] : no layers were added
2023-12-15 10:36:09,187 | [DEBUG] : Model size was changed to 39402 parameters
2023-12-15 10:36:09,187 | [DEBUG] : Learning rate is now 0.010000
2023-12-15 10:36:19,069 | [INFO] : New learning rate: 0.009000000000000001
2023-12-15 10:36:20,748 | [DEBUG] : Current model size: 39402 parameters
2023-12-15 10:36:20,748 | [DEBUG] : Current training mode: increased
2023-12-15 10:36:20,748 | [INFO] : no layers were added
2023-12-15 10:36:20,749 | [DEBUG] : Model size was changed to 39402 parameters
2023-12-15 10:36:20,749 | [DEBUG] : Learning rate is now 0.010000
2023-12-15 10:36:30,544 | [INFO] : New learning rate: 0.009000000000000001
2023-12-15 10:36:32,295 | [DEBUG] : Current model size: 39402 parameters
2023-12-15 10:36:32,295 | [DEBUG] : Current training mode: increased
2023-12-15 10:36:32,296 | [INFO] : no layers were added
2023-12-15 10:36:32,297 | [DEBUG] : Model size was changed to 39402 parameters
2023-12-15 10:36:32,297 | [DEBUG] : Learning rate is now 0.010000
2023-12-15 10:36:42,182 | [INFO] : New learning rate: 0.009000000000000001
2023-12-15 10:36:43,872 | [DEBUG] : Current model size: 39402 parameters
2023-12-15 10:36:43,872 | [DEBUG] : Current training mode: increased
2023-12-15 10:36:43,872 | [INFO] : no layers were added
2023-12-15 10:36:43,873 | [DEBUG] : Model size was changed to 39402 parameters
2023-12-15 10:36:43,873 | [DEBUG] : Learning rate is now 0.010000
2023-12-15 10:36:53,675 | [INFO] : New learning rate: 0.009000000000000001
2023-12-15 10:36:55,415 | [DEBUG] : Current model size: 39402 parameters
2023-12-15 10:36:55,416 | [DEBUG] : Current training mode: increased
2023-12-15 10:36:55,416 | [INFO] : no layers were added
2023-12-15 10:36:55,416 | [DEBUG] : Model size was changed to 39402 parameters
2023-12-15 10:36:55,416 | [DEBUG] : Learning rate is now 0.010000
2023-12-15 10:37:05,329 | [INFO] : New learning rate: 0.009000000000000001
2023-12-15 10:37:07,074 | [DEBUG] : Current model size: 39402 parameters
2023-12-15 10:37:07,074 | [DEBUG] : Current training mode: increased
2023-12-15 10:37:07,074 | [INFO] : no layers were added
2023-12-15 10:37:07,075 | [DEBUG] : Model size was changed to 39402 parameters
2023-12-15 10:37:07,075 | [DEBUG] : Learning rate is now 0.010000
2023-12-15 10:37:17,005 | [INFO] : New learning rate: 0.009000000000000001
2023-12-15 10:37:18,718 | [DEBUG] : Current model size: 39402 parameters
2023-12-15 10:37:18,718 | [DEBUG] : Current training mode: increased
2023-12-15 10:37:18,719 | [INFO] : no layers were added
2023-12-15 10:37:18,719 | [DEBUG] : Model size was changed to 39402 parameters
2023-12-15 10:37:18,719 | [DEBUG] : Learning rate is now 0.010000
2023-12-15 10:37:28,681 | [INFO] : New learning rate: 0.009000000000000001
2023-12-15 10:37:30,355 | [DEBUG] : Current model size: 39402 parameters
2023-12-15 10:37:30,355 | [DEBUG] : Current training mode: increased
2023-12-15 10:37:30,355 | [INFO] : no layers were added
2023-12-15 10:37:30,355 | [DEBUG] : Model size was changed to 39402 parameters
2023-12-15 10:37:30,355 | [DEBUG] : Learning rate is now 0.010000
2023-12-15 10:37:40,019 | [INFO] : New learning rate: 0.009000000000000001
2023-12-15 10:37:41,735 | [DEBUG] : Current model size: 39402 parameters
2023-12-15 10:37:41,735 | [DEBUG] : Current training mode: increased
2023-12-15 10:37:41,735 | [INFO] : no layers were added
2023-12-15 10:37:41,735 | [DEBUG] : Model size was changed to 39402 parameters
2023-12-15 10:37:41,735 | [DEBUG] : Learning rate is now 0.010000
2023-12-15 10:37:51,765 | [INFO] : New learning rate: 0.009000000000000001
2023-12-15 10:37:53,454 | [DEBUG] : Current model size: 39402 parameters
2023-12-15 10:37:53,454 | [DEBUG] : Current training mode: increased
2023-12-15 10:37:53,454 | [INFO] : no layers were added
2023-12-15 10:37:53,454 | [DEBUG] : Model size was changed to 39402 parameters
2023-12-15 10:37:53,454 | [DEBUG] : Learning rate is now 0.010000
2023-12-15 10:38:03,253 | [INFO] : New learning rate: 0.009000000000000001
2023-12-15 10:38:04,977 | [DEBUG] : Current model size: 39402 parameters
2023-12-15 10:38:04,977 | [DEBUG] : Current training mode: increased
2023-12-15 10:38:04,977 | [INFO] : no layers were added
2023-12-15 10:38:04,978 | [DEBUG] : Model size was changed to 39402 parameters
2023-12-15 10:38:04,978 | [DEBUG] : Learning rate is now 0.010000
2023-12-15 10:38:14,870 | [INFO] : New learning rate: 0.009000000000000001
2023-12-15 10:38:16,623 | [DEBUG] : Current model size: 39402 parameters
2023-12-15 10:38:16,623 | [DEBUG] : Current training mode: increased
2023-12-15 10:38:16,623 | [INFO] : no layers were added
2023-12-15 10:38:16,624 | [DEBUG] : Model size was changed to 39402 parameters
2023-12-15 10:38:16,624 | [DEBUG] : Learning rate is now 0.010000
2023-12-15 10:38:26,433 | [INFO] : New learning rate: 0.009000000000000001
2023-12-15 10:38:28,144 | [DEBUG] : Current model size: 39402 parameters
2023-12-15 10:38:28,144 | [DEBUG] : Current training mode: increased
2023-12-15 10:38:28,144 | [INFO] : no layers were added
2023-12-15 10:38:28,144 | [DEBUG] : Model size was changed to 39402 parameters
2023-12-15 10:38:28,144 | [DEBUG] : Learning rate is now 0.010000
2023-12-15 10:38:38,154 | [INFO] : New learning rate: 0.009000000000000001
2023-12-15 10:38:39,890 | [DEBUG] : Current model size: 39402 parameters
2023-12-15 10:38:39,890 | [DEBUG] : Current training mode: increased
2023-12-15 10:38:39,890 | [INFO] : no layers were added
2023-12-15 10:38:39,890 | [DEBUG] : Model size was changed to 39402 parameters
2023-12-15 10:38:39,890 | [DEBUG] : Learning rate is now 0.010000
2023-12-15 10:38:49,754 | [INFO] : New learning rate: 0.009000000000000001
2023-12-15 10:38:51,460 | [DEBUG] : Current model size: 39402 parameters
2023-12-15 10:38:51,460 | [DEBUG] : Current training mode: increased
2023-12-15 10:38:51,461 | [INFO] : no layers were added
2023-12-15 10:38:51,461 | [DEBUG] : Model size was changed to 39402 parameters
2023-12-15 10:38:51,461 | [DEBUG] : Learning rate is now 0.010000
2023-12-15 10:39:01,140 | [INFO] : New learning rate: 0.009000000000000001
2023-12-15 10:39:02,825 | [DEBUG] : Current model size: 39402 parameters
2023-12-15 10:39:02,825 | [DEBUG] : Current training mode: increased
2023-12-15 10:39:02,825 | [INFO] : no layers were added
2023-12-15 10:39:02,826 | [DEBUG] : Model size was changed to 39402 parameters
2023-12-15 10:39:02,826 | [DEBUG] : Learning rate is now 0.010000
2023-12-15 10:39:12,527 | [INFO] : New learning rate: 0.009000000000000001
2023-12-15 10:39:14,285 | [DEBUG] : Current model size: 39402 parameters
2023-12-15 10:39:14,285 | [DEBUG] : Current training mode: increased
2023-12-15 10:39:14,285 | [INFO] : no layers were added
2023-12-15 10:39:14,286 | [DEBUG] : Model size was changed to 39402 parameters
2023-12-15 10:39:14,286 | [DEBUG] : Learning rate is now 0.010000
2023-12-15 10:39:24,270 | [INFO] : New learning rate: 0.009000000000000001
2023-12-15 10:39:25,957 | [DEBUG] : Current model size: 39402 parameters
2023-12-15 10:39:25,957 | [DEBUG] : Current training mode: increased
2023-12-15 10:39:25,957 | [INFO] : no layers were added
2023-12-15 10:39:25,958 | [DEBUG] : Model size was changed to 39402 parameters
2023-12-15 10:39:25,958 | [DEBUG] : Learning rate is now 0.010000
2023-12-15 10:39:35,757 | [INFO] : New learning rate: 0.009000000000000001
2023-12-15 10:39:37,434 | [DEBUG] : Current model size: 39402 parameters
2023-12-15 10:39:37,434 | [DEBUG] : Current training mode: increased
2023-12-15 10:39:37,434 | [INFO] : no layers were added
2023-12-15 10:39:37,435 | [DEBUG] : Model size was changed to 39402 parameters
2023-12-15 10:39:37,435 | [DEBUG] : Learning rate is now 0.010000
2023-12-15 10:39:47,150 | [INFO] : New learning rate: 0.009000000000000001
2023-12-15 10:39:48,832 | [DEBUG] : Current model size: 39402 parameters
2023-12-15 10:39:48,832 | [DEBUG] : Current training mode: increased
2023-12-15 10:39:48,832 | [INFO] : no layers were added
2023-12-15 10:39:48,832 | [DEBUG] : Model size was changed to 39402 parameters
2023-12-15 10:39:48,832 | [DEBUG] : Learning rate is now 0.010000
2023-12-15 10:39:58,495 | [INFO] : New learning rate: 0.009000000000000001
2023-12-15 10:40:00,175 | [DEBUG] : Current model size: 39402 parameters
2023-12-15 10:40:00,175 | [DEBUG] : Current training mode: increased
2023-12-15 10:40:00,175 | [INFO] : no layers were added
2023-12-15 10:40:00,175 | [DEBUG] : Model size was changed to 39402 parameters
2023-12-15 10:40:00,175 | [DEBUG] : Learning rate is now 0.010000
2023-12-15 10:40:10,035 | [INFO] : New learning rate: 0.009000000000000001
2023-12-15 10:40:12,534 | [DEBUG] : Current model size: 39402 parameters
2023-12-15 10:40:12,535 | [DEBUG] : Current training mode: increased
2023-12-15 10:40:12,535 | [INFO] : no layers were added
2023-12-15 10:40:12,535 | [DEBUG] : Model size was changed to 39402 parameters
2023-12-15 10:40:12,535 | [DEBUG] : Learning rate is now 0.010000
2023-12-15 10:40:22,525 | [INFO] : New learning rate: 0.009000000000000001
2023-12-15 10:40:24,203 | [DEBUG] : Current model size: 39402 parameters
2023-12-15 10:40:24,203 | [DEBUG] : Current training mode: increased
2023-12-15 10:40:24,203 | [INFO] : no layers were added
2023-12-15 10:40:24,203 | [DEBUG] : Model size was changed to 39402 parameters
2023-12-15 10:40:24,203 | [DEBUG] : Learning rate is now 0.010000
2023-12-15 10:40:30,367 | [INFO] : training has run out of time
2023-12-15 10:40:30,368 | [INFO] : training29 runtime (h:mm:ss): 0:05:31
2023-12-15 10:40:30,368 | [INFO] : training29 end time: 12/15/2023 10:40:30 AM
2023-12-15 10:40:30,368 | [INFO] : episode 30/64 finished, objective: None
