2023-12-15 10:46:01,823 | [INFO] : training31 start time: 12/15/2023 10:46:01 AM
2023-12-15 10:46:01,826 | [INFO] : Initialized model with weights: results/small_early3/weights.pth
2023-12-15 10:46:01,826 | [DEBUG] : Current model size: 20778 parameters
2023-12-15 10:46:01,826 | [DEBUG] : Current training mode: initial
2023-12-15 10:46:01,840 | [INFO] : GPU allocation changing : going up
2023-12-15 10:46:01,843 | [DEBUG] : Current model size: 20778 parameters
2023-12-15 10:46:01,843 | [DEBUG] : Current training mode: increased
2023-12-15 10:46:01,844 | [INFO] : deepening layer 1/3: Conv2d(64, 32, kernel_size=(3, 3), stride=(1, 1))
2023-12-15 10:46:01,845 | [DEBUG] : Model size was changed to 30090 parameters
2023-12-15 10:46:01,845 | [DEBUG] : Learning rate is now 0.010000
2023-12-15 10:46:11,351 | [INFO] : New learning rate: 0.009000000000000001
2023-12-15 10:46:13,021 | [DEBUG] : Current model size: 30090 parameters
2023-12-15 10:46:13,021 | [DEBUG] : Current training mode: increased
2023-12-15 10:46:13,021 | [INFO] : no layers were added
2023-12-15 10:46:13,021 | [DEBUG] : Model size was changed to 30090 parameters
2023-12-15 10:46:13,021 | [DEBUG] : Learning rate is now 0.010000
2023-12-15 10:46:22,604 | [INFO] : New learning rate: 0.009000000000000001
2023-12-15 10:46:24,326 | [DEBUG] : Current model size: 30090 parameters
2023-12-15 10:46:24,326 | [DEBUG] : Current training mode: increased
2023-12-15 10:46:24,326 | [INFO] : no layers were added
2023-12-15 10:46:24,327 | [DEBUG] : Model size was changed to 30090 parameters
2023-12-15 10:46:24,327 | [DEBUG] : Learning rate is now 0.010000
2023-12-15 10:46:34,003 | [INFO] : New learning rate: 0.009000000000000001
2023-12-15 10:46:35,671 | [DEBUG] : Current model size: 30090 parameters
2023-12-15 10:46:35,671 | [DEBUG] : Current training mode: increased
2023-12-15 10:46:35,671 | [INFO] : no layers were added
2023-12-15 10:46:35,672 | [DEBUG] : Model size was changed to 30090 parameters
2023-12-15 10:46:35,672 | [DEBUG] : Learning rate is now 0.010000
2023-12-15 10:46:45,441 | [INFO] : New learning rate: 0.009000000000000001
2023-12-15 10:46:47,184 | [DEBUG] : Current model size: 30090 parameters
2023-12-15 10:46:47,184 | [DEBUG] : Current training mode: increased
2023-12-15 10:46:47,185 | [INFO] : no layers were added
2023-12-15 10:46:47,185 | [DEBUG] : Model size was changed to 30090 parameters
2023-12-15 10:46:47,185 | [DEBUG] : Learning rate is now 0.010000
2023-12-15 10:46:57,136 | [INFO] : New learning rate: 0.009000000000000001
2023-12-15 10:46:58,887 | [DEBUG] : Current model size: 30090 parameters
2023-12-15 10:46:58,887 | [DEBUG] : Current training mode: increased
2023-12-15 10:46:58,887 | [INFO] : no layers were added
2023-12-15 10:46:58,888 | [DEBUG] : Model size was changed to 30090 parameters
2023-12-15 10:46:58,888 | [DEBUG] : Learning rate is now 0.010000
2023-12-15 10:47:08,556 | [INFO] : New learning rate: 0.009000000000000001
2023-12-15 10:47:10,256 | [DEBUG] : Current model size: 30090 parameters
2023-12-15 10:47:10,256 | [DEBUG] : Current training mode: increased
2023-12-15 10:47:10,256 | [INFO] : no layers were added
2023-12-15 10:47:10,257 | [DEBUG] : Model size was changed to 30090 parameters
2023-12-15 10:47:10,257 | [DEBUG] : Learning rate is now 0.010000
2023-12-15 10:47:19,847 | [INFO] : New learning rate: 0.009000000000000001
2023-12-15 10:47:21,504 | [DEBUG] : Current model size: 30090 parameters
2023-12-15 10:47:21,504 | [DEBUG] : Current training mode: increased
2023-12-15 10:47:21,505 | [INFO] : no layers were added
2023-12-15 10:47:21,505 | [DEBUG] : Model size was changed to 30090 parameters
2023-12-15 10:47:21,505 | [DEBUG] : Learning rate is now 0.010000
2023-12-15 10:47:30,976 | [INFO] : New learning rate: 0.009000000000000001
2023-12-15 10:47:32,662 | [DEBUG] : Current model size: 30090 parameters
2023-12-15 10:47:32,662 | [DEBUG] : Current training mode: increased
2023-12-15 10:47:32,662 | [INFO] : no layers were added
2023-12-15 10:47:32,663 | [DEBUG] : Model size was changed to 30090 parameters
2023-12-15 10:47:32,663 | [DEBUG] : Learning rate is now 0.010000
2023-12-15 10:47:42,270 | [INFO] : New learning rate: 0.009000000000000001
2023-12-15 10:47:43,933 | [DEBUG] : Current model size: 30090 parameters
2023-12-15 10:47:43,933 | [DEBUG] : Current training mode: increased
2023-12-15 10:47:43,933 | [INFO] : no layers were added
2023-12-15 10:47:43,934 | [DEBUG] : Model size was changed to 30090 parameters
2023-12-15 10:47:43,934 | [DEBUG] : Learning rate is now 0.010000
2023-12-15 10:47:53,375 | [INFO] : New learning rate: 0.009000000000000001
2023-12-15 10:47:55,047 | [DEBUG] : Current model size: 30090 parameters
2023-12-15 10:47:55,047 | [DEBUG] : Current training mode: increased
2023-12-15 10:47:55,048 | [INFO] : no layers were added
2023-12-15 10:47:55,048 | [DEBUG] : Model size was changed to 30090 parameters
2023-12-15 10:47:55,048 | [DEBUG] : Learning rate is now 0.010000
2023-12-15 10:48:04,474 | [INFO] : New learning rate: 0.009000000000000001
2023-12-15 10:48:06,147 | [DEBUG] : Current model size: 30090 parameters
2023-12-15 10:48:06,147 | [DEBUG] : Current training mode: increased
2023-12-15 10:48:06,147 | [INFO] : no layers were added
2023-12-15 10:48:06,147 | [DEBUG] : Model size was changed to 30090 parameters
2023-12-15 10:48:06,148 | [DEBUG] : Learning rate is now 0.010000
2023-12-15 10:48:15,755 | [INFO] : New learning rate: 0.009000000000000001
2023-12-15 10:48:17,416 | [DEBUG] : Current model size: 30090 parameters
2023-12-15 10:48:17,416 | [DEBUG] : Current training mode: increased
2023-12-15 10:48:17,416 | [INFO] : no layers were added
2023-12-15 10:48:17,416 | [DEBUG] : Model size was changed to 30090 parameters
2023-12-15 10:48:17,416 | [DEBUG] : Learning rate is now 0.010000
2023-12-15 10:48:26,965 | [INFO] : New learning rate: 0.009000000000000001
2023-12-15 10:48:28,719 | [DEBUG] : Current model size: 30090 parameters
2023-12-15 10:48:28,720 | [DEBUG] : Current training mode: increased
2023-12-15 10:48:28,720 | [INFO] : no layers were added
2023-12-15 10:48:28,720 | [DEBUG] : Model size was changed to 30090 parameters
2023-12-15 10:48:28,720 | [DEBUG] : Learning rate is now 0.010000
2023-12-15 10:48:38,346 | [INFO] : New learning rate: 0.009000000000000001
2023-12-15 10:48:40,020 | [DEBUG] : Current model size: 30090 parameters
2023-12-15 10:48:40,020 | [DEBUG] : Current training mode: increased
2023-12-15 10:48:40,020 | [INFO] : no layers were added
2023-12-15 10:48:40,021 | [DEBUG] : Model size was changed to 30090 parameters
2023-12-15 10:48:40,021 | [DEBUG] : Learning rate is now 0.010000
2023-12-15 10:48:49,551 | [INFO] : New learning rate: 0.009000000000000001
2023-12-15 10:48:51,216 | [DEBUG] : Current model size: 30090 parameters
2023-12-15 10:48:51,216 | [DEBUG] : Current training mode: increased
2023-12-15 10:48:51,216 | [INFO] : no layers were added
2023-12-15 10:48:51,217 | [DEBUG] : Model size was changed to 30090 parameters
2023-12-15 10:48:51,217 | [DEBUG] : Learning rate is now 0.010000
2023-12-15 10:49:00,658 | [INFO] : New learning rate: 0.009000000000000001
2023-12-15 10:49:02,318 | [DEBUG] : Current model size: 30090 parameters
2023-12-15 10:49:02,318 | [DEBUG] : Current training mode: increased
2023-12-15 10:49:02,318 | [INFO] : no layers were added
2023-12-15 10:49:02,319 | [DEBUG] : Model size was changed to 30090 parameters
2023-12-15 10:49:02,319 | [DEBUG] : Learning rate is now 0.010000
2023-12-15 10:49:11,807 | [INFO] : New learning rate: 0.009000000000000001
2023-12-15 10:49:13,477 | [DEBUG] : Current model size: 30090 parameters
2023-12-15 10:49:13,477 | [DEBUG] : Current training mode: increased
2023-12-15 10:49:13,478 | [INFO] : no layers were added
2023-12-15 10:49:13,478 | [DEBUG] : Model size was changed to 30090 parameters
2023-12-15 10:49:13,478 | [DEBUG] : Learning rate is now 0.010000
2023-12-15 10:49:23,135 | [INFO] : New learning rate: 0.009000000000000001
2023-12-15 10:49:24,808 | [DEBUG] : Current model size: 30090 parameters
2023-12-15 10:49:24,808 | [DEBUG] : Current training mode: increased
2023-12-15 10:49:24,809 | [INFO] : no layers were added
2023-12-15 10:49:24,809 | [DEBUG] : Model size was changed to 30090 parameters
2023-12-15 10:49:24,809 | [DEBUG] : Learning rate is now 0.010000
2023-12-15 10:49:34,514 | [INFO] : New learning rate: 0.009000000000000001
2023-12-15 10:49:36,182 | [DEBUG] : Current model size: 30090 parameters
2023-12-15 10:49:36,182 | [DEBUG] : Current training mode: increased
2023-12-15 10:49:36,182 | [INFO] : no layers were added
2023-12-15 10:49:36,183 | [DEBUG] : Model size was changed to 30090 parameters
2023-12-15 10:49:36,183 | [DEBUG] : Learning rate is now 0.010000
2023-12-15 10:49:45,586 | [INFO] : New learning rate: 0.009000000000000001
2023-12-15 10:49:47,235 | [DEBUG] : Current model size: 30090 parameters
2023-12-15 10:49:47,235 | [DEBUG] : Current training mode: increased
2023-12-15 10:49:47,236 | [INFO] : no layers were added
2023-12-15 10:49:47,236 | [DEBUG] : Model size was changed to 30090 parameters
2023-12-15 10:49:47,236 | [DEBUG] : Learning rate is now 0.010000
2023-12-15 10:49:56,765 | [INFO] : New learning rate: 0.009000000000000001
2023-12-15 10:49:58,439 | [DEBUG] : Current model size: 30090 parameters
2023-12-15 10:49:58,439 | [DEBUG] : Current training mode: increased
2023-12-15 10:49:58,439 | [INFO] : no layers were added
2023-12-15 10:49:58,439 | [DEBUG] : Model size was changed to 30090 parameters
2023-12-15 10:49:58,439 | [DEBUG] : Learning rate is now 0.010000
2023-12-15 10:50:07,984 | [INFO] : New learning rate: 0.009000000000000001
2023-12-15 10:50:09,640 | [DEBUG] : Current model size: 30090 parameters
2023-12-15 10:50:09,640 | [DEBUG] : Current training mode: increased
2023-12-15 10:50:09,640 | [INFO] : no layers were added
2023-12-15 10:50:09,641 | [DEBUG] : Model size was changed to 30090 parameters
2023-12-15 10:50:09,641 | [DEBUG] : Learning rate is now 0.010000
2023-12-15 10:50:19,056 | [INFO] : New learning rate: 0.009000000000000001
2023-12-15 10:50:20,718 | [DEBUG] : Current model size: 30090 parameters
2023-12-15 10:50:20,718 | [DEBUG] : Current training mode: increased
2023-12-15 10:50:20,718 | [INFO] : no layers were added
2023-12-15 10:50:20,719 | [DEBUG] : Model size was changed to 30090 parameters
2023-12-15 10:50:20,719 | [DEBUG] : Learning rate is now 0.010000
2023-12-15 10:50:30,239 | [INFO] : New learning rate: 0.009000000000000001
2023-12-15 10:50:31,899 | [DEBUG] : Current model size: 30090 parameters
2023-12-15 10:50:31,899 | [DEBUG] : Current training mode: increased
2023-12-15 10:50:31,899 | [INFO] : no layers were added
2023-12-15 10:50:31,900 | [DEBUG] : Model size was changed to 30090 parameters
2023-12-15 10:50:31,900 | [DEBUG] : Learning rate is now 0.010000
2023-12-15 10:50:41,363 | [INFO] : New learning rate: 0.009000000000000001
2023-12-15 10:50:43,054 | [DEBUG] : Current model size: 30090 parameters
2023-12-15 10:50:43,054 | [DEBUG] : Current training mode: increased
2023-12-15 10:50:43,055 | [INFO] : no layers were added
2023-12-15 10:50:43,055 | [DEBUG] : Model size was changed to 30090 parameters
2023-12-15 10:50:43,055 | [DEBUG] : Learning rate is now 0.010000
2023-12-15 10:50:52,468 | [INFO] : New learning rate: 0.009000000000000001
2023-12-15 10:50:54,139 | [DEBUG] : Current model size: 30090 parameters
2023-12-15 10:50:54,139 | [DEBUG] : Current training mode: increased
2023-12-15 10:50:54,140 | [INFO] : no layers were added
2023-12-15 10:50:54,140 | [DEBUG] : Model size was changed to 30090 parameters
2023-12-15 10:50:54,140 | [DEBUG] : Learning rate is now 0.010000
2023-12-15 10:51:03,636 | [INFO] : New learning rate: 0.009000000000000001
2023-12-15 10:51:05,311 | [DEBUG] : Current model size: 30090 parameters
2023-12-15 10:51:05,311 | [DEBUG] : Current training mode: increased
2023-12-15 10:51:05,311 | [INFO] : no layers were added
2023-12-15 10:51:05,312 | [DEBUG] : Model size was changed to 30090 parameters
2023-12-15 10:51:05,312 | [DEBUG] : Learning rate is now 0.010000
2023-12-15 10:51:14,889 | [INFO] : New learning rate: 0.009000000000000001
2023-12-15 10:51:16,552 | [DEBUG] : Current model size: 30090 parameters
2023-12-15 10:51:16,552 | [DEBUG] : Current training mode: increased
2023-12-15 10:51:16,552 | [INFO] : no layers were added
2023-12-15 10:51:16,553 | [DEBUG] : Model size was changed to 30090 parameters
2023-12-15 10:51:16,553 | [DEBUG] : Learning rate is now 0.010000
2023-12-15 10:51:25,959 | [INFO] : New learning rate: 0.009000000000000001
2023-12-15 10:51:27,622 | [DEBUG] : Current model size: 30090 parameters
2023-12-15 10:51:27,622 | [DEBUG] : Current training mode: increased
2023-12-15 10:51:27,622 | [INFO] : no layers were added
2023-12-15 10:51:27,622 | [DEBUG] : Model size was changed to 30090 parameters
2023-12-15 10:51:27,622 | [DEBUG] : Learning rate is now 0.010000
2023-12-15 10:51:31,836 | [INFO] : training has run out of time
2023-12-15 10:51:31,837 | [INFO] : training31 runtime (h:mm:ss): 0:05:31
2023-12-15 10:51:31,837 | [INFO] : training31 end time: 12/15/2023 10:51:31 AM
2023-12-15 10:51:31,837 | [INFO] : episode 32/64 finished, objective: None
