2023-12-11 18:20:05,182 | [INFO] : training0 start time: 12/11/2023 06:20:05 PM
2023-12-11 18:20:05,182 | [DEBUG] : Current model size: 20778 parameters
2023-12-11 18:20:05,182 | [DEBUG] : Current training mode: initial
2023-12-11 18:20:16,853 | [INFO] : New learning rate: 0.009000000000000001
2023-12-11 18:20:18,600 | [DEBUG] : Current model size: 20778 parameters
2023-12-11 18:20:18,600 | [DEBUG] : Current training mode: initial
2023-12-11 18:20:28,178 | [INFO] : New learning rate: 0.008100000000000001
2023-12-11 18:20:29,932 | [DEBUG] : Current model size: 20778 parameters
2023-12-11 18:20:29,932 | [DEBUG] : Current training mode: initial
2023-12-11 18:20:39,547 | [INFO] : New learning rate: 0.007290000000000001
2023-12-11 18:20:41,325 | [DEBUG] : Current model size: 20778 parameters
2023-12-11 18:20:41,325 | [DEBUG] : Current training mode: initial
2023-12-11 18:20:50,959 | [INFO] : New learning rate: 0.006561000000000002
2023-12-11 18:20:52,710 | [DEBUG] : Current model size: 20778 parameters
2023-12-11 18:20:52,710 | [DEBUG] : Current training mode: initial
2023-12-11 18:21:02,335 | [INFO] : New learning rate: 0.005904900000000002
2023-12-11 18:21:04,072 | [DEBUG] : Current model size: 20778 parameters
2023-12-11 18:21:04,073 | [DEBUG] : Current training mode: initial
2023-12-11 18:21:13,678 | [INFO] : New learning rate: 0.005314410000000002
2023-12-11 18:21:15,511 | [DEBUG] : Current model size: 20778 parameters
2023-12-11 18:21:15,512 | [DEBUG] : Current training mode: initial
2023-12-11 18:21:25,112 | [INFO] : New learning rate: 0.004782969000000002
2023-12-11 18:21:27,062 | [DEBUG] : Current model size: 20778 parameters
2023-12-11 18:21:27,063 | [DEBUG] : Current training mode: initial
2023-12-11 18:21:36,677 | [INFO] : New learning rate: 0.004304672100000002
2023-12-11 18:21:38,469 | [DEBUG] : Current model size: 20778 parameters
2023-12-11 18:21:38,469 | [DEBUG] : Current training mode: initial
2023-12-11 18:21:47,997 | [INFO] : New learning rate: 0.003874204890000002
2023-12-11 18:21:49,861 | [DEBUG] : Current model size: 20778 parameters
2023-12-11 18:21:49,861 | [DEBUG] : Current training mode: initial
2023-12-11 18:21:59,459 | [INFO] : New learning rate: 0.003486784401000002
2023-12-11 18:22:01,262 | [DEBUG] : Current model size: 20778 parameters
2023-12-11 18:22:01,262 | [DEBUG] : Current training mode: initial
2023-12-11 18:22:10,931 | [INFO] : New learning rate: 0.003138105960900002
2023-12-11 18:22:12,783 | [DEBUG] : Current model size: 20778 parameters
2023-12-11 18:22:12,783 | [DEBUG] : Current training mode: initial
2023-12-11 18:22:22,378 | [INFO] : New learning rate: 0.0028242953648100018
2023-12-11 18:22:24,107 | [DEBUG] : Current model size: 20778 parameters
2023-12-11 18:22:24,107 | [DEBUG] : Current training mode: initial
2023-12-11 18:22:33,733 | [INFO] : New learning rate: 0.0025418658283290017
2023-12-11 18:22:35,464 | [DEBUG] : Current model size: 20778 parameters
2023-12-11 18:22:35,465 | [DEBUG] : Current training mode: initial
2023-12-11 18:22:45,032 | [INFO] : New learning rate: 0.0022876792454961017
2023-12-11 18:22:46,759 | [DEBUG] : Current model size: 20778 parameters
2023-12-11 18:22:46,759 | [DEBUG] : Current training mode: initial
2023-12-11 18:22:56,356 | [INFO] : New learning rate: 0.0020589113209464917
2023-12-11 18:22:58,157 | [DEBUG] : Current model size: 20778 parameters
2023-12-11 18:22:58,157 | [DEBUG] : Current training mode: initial
2023-12-11 18:23:07,784 | [INFO] : New learning rate: 0.0018530201888518425
2023-12-11 18:23:09,562 | [DEBUG] : Current model size: 20778 parameters
2023-12-11 18:23:09,562 | [DEBUG] : Current training mode: initial
2023-12-11 18:23:19,187 | [INFO] : New learning rate: 0.0016677181699666583
2023-12-11 18:23:20,997 | [DEBUG] : Current model size: 20778 parameters
2023-12-11 18:23:20,997 | [DEBUG] : Current training mode: initial
2023-12-11 18:23:30,583 | [INFO] : New learning rate: 0.0015009463529699924
2023-12-11 18:23:32,387 | [DEBUG] : Current model size: 20778 parameters
2023-12-11 18:23:32,387 | [DEBUG] : Current training mode: initial
2023-12-11 18:23:41,990 | [INFO] : New learning rate: 0.0013508517176729932
2023-12-11 18:23:43,714 | [DEBUG] : Current model size: 20778 parameters
2023-12-11 18:23:43,715 | [DEBUG] : Current training mode: initial
2023-12-11 18:23:53,300 | [INFO] : New learning rate: 0.001215766545905694
2023-12-11 18:23:55,036 | [DEBUG] : Current model size: 20778 parameters
2023-12-11 18:23:55,036 | [DEBUG] : Current training mode: initial
2023-12-11 18:24:04,649 | [INFO] : New learning rate: 0.0010941898913151245
2023-12-11 18:24:06,360 | [DEBUG] : Current model size: 20778 parameters
2023-12-11 18:24:06,361 | [DEBUG] : Current training mode: initial
2023-12-11 18:24:16,011 | [INFO] : New learning rate: 0.0009847709021836122
2023-12-11 18:24:17,808 | [DEBUG] : Current model size: 20778 parameters
2023-12-11 18:24:17,808 | [DEBUG] : Current training mode: initial
2023-12-11 18:24:27,428 | [INFO] : New learning rate: 0.0008862938119652509
2023-12-11 18:24:29,253 | [DEBUG] : Current model size: 20778 parameters
2023-12-11 18:24:29,253 | [DEBUG] : Current training mode: initial
2023-12-11 18:24:35,191 | [INFO] : training has run out of time
2023-12-11 18:24:35,192 | [INFO] : training0 runtime (h:mm:ss): 0:04:31
2023-12-11 18:24:35,192 | [INFO] : training0 end time: 12/11/2023 06:24:35 PM
2023-12-11 18:24:35,192 | [INFO] : episode 1/1 finished, objective: None
2023-12-11 18:24:35,193 | [INFO] : learning runtime (h:mm:ss): 0:04:31
2023-12-11 18:24:35,193 | [INFO] : learning end time: 12/11/2023 06:24:35 PM
