2023-12-11 18:13:15,375 | [INFO] : training0 start time: 12/11/2023 06:13:15 PM
2023-12-11 18:13:15,375 | [DEBUG] : Current model size: 20778 parameters
2023-12-11 18:13:15,375 | [DEBUG] : Current training mode: initial
2023-12-11 18:13:27,483 | [INFO] : New learning rate: 0.009000000000000001
2023-12-11 18:13:29,382 | [DEBUG] : Current model size: 20778 parameters
2023-12-11 18:13:29,382 | [DEBUG] : Current training mode: initial
2023-12-11 18:13:39,157 | [INFO] : New learning rate: 0.008100000000000001
2023-12-11 18:13:41,052 | [DEBUG] : Current model size: 20778 parameters
2023-12-11 18:13:41,052 | [DEBUG] : Current training mode: initial
2023-12-11 18:13:50,654 | [INFO] : New learning rate: 0.007290000000000001
2023-12-11 18:13:52,374 | [DEBUG] : Current model size: 20778 parameters
2023-12-11 18:13:52,374 | [DEBUG] : Current training mode: initial
2023-12-11 18:14:02,013 | [INFO] : New learning rate: 0.006561000000000002
2023-12-11 18:14:03,778 | [DEBUG] : Current model size: 20778 parameters
2023-12-11 18:14:03,778 | [DEBUG] : Current training mode: initial
2023-12-11 18:14:13,427 | [INFO] : New learning rate: 0.005904900000000002
2023-12-11 18:14:15,196 | [DEBUG] : Current model size: 20778 parameters
2023-12-11 18:14:15,196 | [DEBUG] : Current training mode: initial
2023-12-11 18:14:24,647 | [INFO] : New learning rate: 0.005314410000000002
2023-12-11 18:14:26,379 | [DEBUG] : Current model size: 20778 parameters
2023-12-11 18:14:26,379 | [DEBUG] : Current training mode: initial
2023-12-11 18:14:36,019 | [INFO] : New learning rate: 0.004782969000000002
2023-12-11 18:14:37,790 | [DEBUG] : Current model size: 20778 parameters
2023-12-11 18:14:37,790 | [DEBUG] : Current training mode: initial
2023-12-11 18:14:47,333 | [INFO] : New learning rate: 0.004304672100000002
2023-12-11 18:14:49,174 | [DEBUG] : Current model size: 20778 parameters
2023-12-11 18:14:49,174 | [DEBUG] : Current training mode: initial
2023-12-11 18:14:58,796 | [INFO] : New learning rate: 0.003874204890000002
2023-12-11 18:15:00,645 | [DEBUG] : Current model size: 20778 parameters
2023-12-11 18:15:00,645 | [DEBUG] : Current training mode: initial
2023-12-11 18:15:10,151 | [INFO] : New learning rate: 0.003486784401000002
2023-12-11 18:15:12,019 | [DEBUG] : Current model size: 20778 parameters
2023-12-11 18:15:12,019 | [DEBUG] : Current training mode: initial
2023-12-11 18:15:21,614 | [INFO] : New learning rate: 0.003138105960900002
2023-12-11 18:15:23,358 | [DEBUG] : Current model size: 20778 parameters
2023-12-11 18:15:23,358 | [DEBUG] : Current training mode: initial
2023-12-11 18:15:32,916 | [INFO] : New learning rate: 0.0028242953648100018
2023-12-11 18:15:34,733 | [DEBUG] : Current model size: 20778 parameters
2023-12-11 18:15:34,733 | [DEBUG] : Current training mode: initial
2023-12-11 18:15:44,334 | [INFO] : New learning rate: 0.0025418658283290017
2023-12-11 18:15:46,172 | [DEBUG] : Current model size: 20778 parameters
2023-12-11 18:15:46,172 | [DEBUG] : Current training mode: initial
2023-12-11 18:15:55,723 | [INFO] : New learning rate: 0.0022876792454961017
2023-12-11 18:15:57,586 | [DEBUG] : Current model size: 20778 parameters
2023-12-11 18:15:57,586 | [DEBUG] : Current training mode: initial
2023-12-11 18:16:07,078 | [INFO] : New learning rate: 0.0020589113209464917
2023-12-11 18:16:08,956 | [DEBUG] : Current model size: 20778 parameters
2023-12-11 18:16:08,956 | [DEBUG] : Current training mode: initial
2023-12-11 18:16:18,639 | [INFO] : New learning rate: 0.0018530201888518425
2023-12-11 18:16:20,499 | [DEBUG] : Current model size: 20778 parameters
2023-12-11 18:16:20,499 | [DEBUG] : Current training mode: initial
2023-12-11 18:16:30,101 | [INFO] : New learning rate: 0.0016677181699666583
2023-12-11 18:16:31,971 | [DEBUG] : Current model size: 20778 parameters
2023-12-11 18:16:31,971 | [DEBUG] : Current training mode: initial
2023-12-11 18:16:41,383 | [INFO] : New learning rate: 0.0015009463529699924
2023-12-11 18:16:43,027 | [DEBUG] : Current model size: 20778 parameters
2023-12-11 18:16:43,027 | [DEBUG] : Current training mode: initial
2023-12-11 18:16:52,721 | [INFO] : New learning rate: 0.0013508517176729932
2023-12-11 18:16:54,513 | [DEBUG] : Current model size: 20778 parameters
2023-12-11 18:16:54,513 | [DEBUG] : Current training mode: initial
2023-12-11 18:17:04,151 | [INFO] : New learning rate: 0.001215766545905694
2023-12-11 18:17:05,966 | [DEBUG] : Current model size: 20778 parameters
2023-12-11 18:17:05,966 | [DEBUG] : Current training mode: initial
2023-12-11 18:17:15,633 | [INFO] : New learning rate: 0.0010941898913151245
2023-12-11 18:17:17,386 | [DEBUG] : Current model size: 20778 parameters
2023-12-11 18:17:17,386 | [DEBUG] : Current training mode: initial
2023-12-11 18:17:27,103 | [INFO] : New learning rate: 0.0009847709021836122
2023-12-11 18:17:28,882 | [DEBUG] : Current model size: 20778 parameters
2023-12-11 18:17:28,882 | [DEBUG] : Current training mode: initial
2023-12-11 18:17:38,601 | [INFO] : New learning rate: 0.0008862938119652509
2023-12-11 18:17:40,375 | [DEBUG] : Current model size: 20778 parameters
2023-12-11 18:17:40,375 | [DEBUG] : Current training mode: initial
2023-12-11 18:17:50,083 | [INFO] : New learning rate: 0.0007976644307687258
2023-12-11 18:17:51,900 | [DEBUG] : Current model size: 20778 parameters
2023-12-11 18:17:51,900 | [DEBUG] : Current training mode: initial
2023-12-11 18:18:01,529 | [INFO] : New learning rate: 0.0007178979876918532
2023-12-11 18:18:03,241 | [DEBUG] : Current model size: 20778 parameters
2023-12-11 18:18:03,241 | [DEBUG] : Current training mode: initial
2023-12-11 18:18:12,979 | [INFO] : New learning rate: 0.0006461081889226679
2023-12-11 18:18:14,765 | [DEBUG] : Current model size: 20778 parameters
2023-12-11 18:18:14,765 | [DEBUG] : Current training mode: initial
2023-12-11 18:18:24,543 | [INFO] : New learning rate: 0.0005814973700304011
2023-12-11 18:18:26,261 | [DEBUG] : Current model size: 20778 parameters
2023-12-11 18:18:26,262 | [DEBUG] : Current training mode: initial
2023-12-11 18:18:36,039 | [INFO] : New learning rate: 0.0005233476330273611
2023-12-11 18:18:37,766 | [DEBUG] : Current model size: 20778 parameters
2023-12-11 18:18:37,767 | [DEBUG] : Current training mode: initial
2023-12-11 18:18:45,386 | [INFO] : training has run out of time
2023-12-11 18:18:45,387 | [INFO] : training0 runtime (h:mm:ss): 0:05:31
2023-12-11 18:18:45,387 | [INFO] : training0 end time: 12/11/2023 06:18:45 PM
2023-12-11 18:18:45,387 | [INFO] : episode 1/1 finished, objective: None
2023-12-11 18:18:45,388 | [INFO] : learning runtime (h:mm:ss): 0:05:31
2023-12-11 18:18:45,388 | [INFO] : learning end time: 12/11/2023 06:18:45 PM
