2023-12-14 19:44:58,076 | [INFO] : training53 start time: 12/14/2023 07:44:58 PM
2023-12-14 19:44:58,079 | [INFO] : Initialized model with weights: results/small_late2/weights.pth
2023-12-14 19:44:58,079 | [DEBUG] : Current model size: 10602 parameters
2023-12-14 19:44:58,079 | [DEBUG] : Current training mode: initial
2023-12-14 19:44:58,092 | [INFO] : GPU allocation changing : going up
2023-12-14 19:44:58,095 | [DEBUG] : Current model size: 10602 parameters
2023-12-14 19:44:58,095 | [DEBUG] : Current training mode: increased
2023-12-14 19:44:58,095 | [INFO] : no layers were added
2023-12-14 19:44:58,095 | [DEBUG] : Model size was changed to 10602 parameters
2023-12-14 19:44:58,095 | [DEBUG] : Learning rate is now 0.010000
2023-12-14 19:45:07,417 | [INFO] : New learning rate: 0.009000000000000001
2023-12-14 19:45:09,070 | [DEBUG] : Current model size: 10602 parameters
2023-12-14 19:45:09,070 | [DEBUG] : Current training mode: increased
2023-12-14 19:45:09,072 | [INFO] : deepening layer 1/3: Conv2d(32, 32, kernel_size=(3, 3), stride=(1, 1))
2023-12-14 19:45:09,072 | [DEBUG] : Model size was changed to 19914 parameters
2023-12-14 19:45:09,072 | [DEBUG] : Learning rate is now 0.010000
2023-12-14 19:45:18,762 | [INFO] : New learning rate: 0.009000000000000001
2023-12-14 19:45:20,520 | [DEBUG] : Current model size: 19914 parameters
2023-12-14 19:45:20,520 | [DEBUG] : Current training mode: increased
2023-12-14 19:45:20,522 | [INFO] : deepening layer 1/3: Conv2d(32, 32, kernel_size=(3, 3), stride=(1, 1))
2023-12-14 19:45:20,523 | [DEBUG] : Model size was changed to 29226 parameters
2023-12-14 19:45:20,523 | [DEBUG] : Learning rate is now 0.010000
2023-12-14 19:45:30,401 | [INFO] : New learning rate: 0.009000000000000001
2023-12-14 19:45:32,171 | [DEBUG] : Current model size: 29226 parameters
2023-12-14 19:45:32,171 | [DEBUG] : Current training mode: increased
2023-12-14 19:45:32,172 | [INFO] : no layers were added
2023-12-14 19:45:32,172 | [DEBUG] : Model size was changed to 29226 parameters
2023-12-14 19:45:32,172 | [DEBUG] : Learning rate is now 0.010000
2023-12-14 19:45:42,209 | [INFO] : New learning rate: 0.009000000000000001
2023-12-14 19:45:43,987 | [DEBUG] : Current model size: 29226 parameters
2023-12-14 19:45:43,987 | [DEBUG] : Current training mode: increased
2023-12-14 19:45:43,988 | [INFO] : no layers were added
2023-12-14 19:45:43,988 | [DEBUG] : Model size was changed to 29226 parameters
2023-12-14 19:45:43,988 | [DEBUG] : Learning rate is now 0.010000
2023-12-14 19:45:53,861 | [INFO] : New learning rate: 0.009000000000000001
2023-12-14 19:45:55,543 | [DEBUG] : Current model size: 29226 parameters
2023-12-14 19:45:55,543 | [DEBUG] : Current training mode: increased
2023-12-14 19:45:55,543 | [INFO] : no layers were added
2023-12-14 19:45:55,544 | [DEBUG] : Model size was changed to 29226 parameters
2023-12-14 19:45:55,544 | [DEBUG] : Learning rate is now 0.010000
2023-12-14 19:46:05,422 | [INFO] : New learning rate: 0.009000000000000001
2023-12-14 19:46:07,115 | [DEBUG] : Current model size: 29226 parameters
2023-12-14 19:46:07,115 | [DEBUG] : Current training mode: increased
2023-12-14 19:46:07,115 | [INFO] : no layers were added
2023-12-14 19:46:07,116 | [DEBUG] : Model size was changed to 29226 parameters
2023-12-14 19:46:07,116 | [DEBUG] : Learning rate is now 0.010000
2023-12-14 19:46:08,091 | [INFO] : training has run out of time
2023-12-14 19:46:08,091 | [INFO] : training53 runtime (h:mm:ss): 0:01:11
2023-12-14 19:46:08,092 | [INFO] : training53 end time: 12/14/2023 07:46:08 PM
2023-12-14 19:46:08,092 | [INFO] : episode 54/64 finished, objective: None
