2023-12-14 19:07:13,159 | [INFO] : training21 start time: 12/14/2023 07:07:13 PM
2023-12-14 19:07:13,162 | [INFO] : Initialized model with weights: results/small_late2/weights.pth
2023-12-14 19:07:13,162 | [DEBUG] : Current model size: 10602 parameters
2023-12-14 19:07:13,162 | [DEBUG] : Current training mode: initial
2023-12-14 19:07:13,176 | [INFO] : GPU allocation changing : going up
2023-12-14 19:07:13,178 | [DEBUG] : Current model size: 10602 parameters
2023-12-14 19:07:13,178 | [DEBUG] : Current training mode: increased
2023-12-14 19:07:13,180 | [INFO] : deepening layer 1/3: Conv2d(32, 32, kernel_size=(3, 3), stride=(1, 1))
2023-12-14 19:07:13,180 | [DEBUG] : Model size was changed to 19914 parameters
2023-12-14 19:07:13,180 | [DEBUG] : Learning rate is now 0.010000
2023-12-14 19:07:22,756 | [INFO] : New learning rate: 0.009000000000000001
2023-12-14 19:07:24,420 | [DEBUG] : Current model size: 19914 parameters
2023-12-14 19:07:24,421 | [DEBUG] : Current training mode: increased
2023-12-14 19:07:24,422 | [INFO] : deepening layer 1/3: Conv2d(32, 32, kernel_size=(3, 3), stride=(1, 1))
2023-12-14 19:07:24,422 | [DEBUG] : Model size was changed to 29226 parameters
2023-12-14 19:07:24,422 | [DEBUG] : Learning rate is now 0.010000
2023-12-14 19:07:34,325 | [INFO] : New learning rate: 0.009000000000000001
2023-12-14 19:07:36,007 | [DEBUG] : Current model size: 29226 parameters
2023-12-14 19:07:36,007 | [DEBUG] : Current training mode: increased
2023-12-14 19:07:36,008 | [INFO] : deepening layer 1/3: Conv2d(32, 32, kernel_size=(3, 3), stride=(1, 1))
2023-12-14 19:07:36,009 | [DEBUG] : Model size was changed to 38538 parameters
2023-12-14 19:07:36,009 | [DEBUG] : Learning rate is now 0.010000
2023-12-14 19:07:46,241 | [INFO] : New learning rate: 0.009000000000000001
2023-12-14 19:07:47,934 | [DEBUG] : Current model size: 38538 parameters
2023-12-14 19:07:47,934 | [DEBUG] : Current training mode: increased
2023-12-14 19:07:47,934 | [INFO] : no layers were added
2023-12-14 19:07:47,934 | [DEBUG] : Model size was changed to 38538 parameters
2023-12-14 19:07:47,934 | [DEBUG] : Learning rate is now 0.010000
2023-12-14 19:07:58,157 | [INFO] : New learning rate: 0.009000000000000001
2023-12-14 19:07:59,854 | [DEBUG] : Current model size: 38538 parameters
2023-12-14 19:07:59,854 | [DEBUG] : Current training mode: increased
2023-12-14 19:07:59,854 | [INFO] : no layers were added
2023-12-14 19:07:59,855 | [DEBUG] : Model size was changed to 38538 parameters
2023-12-14 19:07:59,855 | [DEBUG] : Learning rate is now 0.010000
2023-12-14 19:08:10,075 | [INFO] : New learning rate: 0.009000000000000001
2023-12-14 19:08:11,775 | [DEBUG] : Current model size: 38538 parameters
2023-12-14 19:08:11,776 | [DEBUG] : Current training mode: increased
2023-12-14 19:08:11,776 | [INFO] : no layers were added
2023-12-14 19:08:11,776 | [DEBUG] : Model size was changed to 38538 parameters
2023-12-14 19:08:11,776 | [DEBUG] : Learning rate is now 0.010000
2023-12-14 19:08:22,002 | [INFO] : New learning rate: 0.009000000000000001
2023-12-14 19:08:23,698 | [DEBUG] : Current model size: 38538 parameters
2023-12-14 19:08:23,698 | [DEBUG] : Current training mode: increased
2023-12-14 19:08:23,698 | [INFO] : no layers were added
2023-12-14 19:08:23,699 | [DEBUG] : Model size was changed to 38538 parameters
2023-12-14 19:08:23,699 | [DEBUG] : Learning rate is now 0.010000
2023-12-14 19:08:23,711 | [INFO] : training has run out of time
2023-12-14 19:08:23,711 | [INFO] : training21 runtime (h:mm:ss): 0:01:11
2023-12-14 19:08:23,712 | [INFO] : training21 end time: 12/14/2023 07:08:23 PM
2023-12-14 19:08:23,712 | [INFO] : episode 22/64 finished, objective: None
