2023-12-14 19:02:30,214 | [INFO] : training17 start time: 12/14/2023 07:02:30 PM
2023-12-14 19:02:30,216 | [INFO] : Initialized model with weights: results/small_late2/weights.pth
2023-12-14 19:02:30,217 | [DEBUG] : Current model size: 10602 parameters
2023-12-14 19:02:30,217 | [DEBUG] : Current training mode: initial
2023-12-14 19:02:30,230 | [INFO] : GPU allocation changing : going up
2023-12-14 19:02:30,232 | [DEBUG] : Current model size: 10602 parameters
2023-12-14 19:02:30,232 | [DEBUG] : Current training mode: increased
2023-12-14 19:02:30,234 | [INFO] : deepening layer 1/3: Conv2d(32, 32, kernel_size=(3, 3), stride=(1, 1))
2023-12-14 19:02:30,234 | [DEBUG] : Model size was changed to 19914 parameters
2023-12-14 19:02:30,234 | [DEBUG] : Learning rate is now 0.010000
2023-12-14 19:02:39,765 | [INFO] : New learning rate: 0.009000000000000001
2023-12-14 19:02:41,429 | [DEBUG] : Current model size: 19914 parameters
2023-12-14 19:02:41,429 | [DEBUG] : Current training mode: increased
2023-12-14 19:02:41,430 | [INFO] : deepening layer 0/3: Conv2d(3, 32, kernel_size=(3, 3), stride=(1, 1))
2023-12-14 19:02:41,431 | [DEBUG] : Model size was changed to 29226 parameters
2023-12-14 19:02:41,431 | [DEBUG] : Learning rate is now 0.010000
2023-12-14 19:02:51,259 | [INFO] : New learning rate: 0.009000000000000001
2023-12-14 19:02:52,944 | [DEBUG] : Current model size: 29226 parameters
2023-12-14 19:02:52,944 | [DEBUG] : Current training mode: increased
2023-12-14 19:02:52,946 | [INFO] : deepening layer 1/3: Conv2d(32, 32, kernel_size=(3, 3), stride=(1, 1))
2023-12-14 19:02:52,946 | [DEBUG] : Model size was changed to 38538 parameters
2023-12-14 19:02:52,946 | [DEBUG] : Learning rate is now 0.010000
2023-12-14 19:03:04,029 | [INFO] : New learning rate: 0.009000000000000001
2023-12-14 19:03:05,726 | [DEBUG] : Current model size: 38538 parameters
2023-12-14 19:03:05,726 | [DEBUG] : Current training mode: increased
2023-12-14 19:03:05,726 | [INFO] : no layers were added
2023-12-14 19:03:05,727 | [DEBUG] : Model size was changed to 38538 parameters
2023-12-14 19:03:05,727 | [DEBUG] : Learning rate is now 0.010000
2023-12-14 19:03:16,809 | [INFO] : New learning rate: 0.009000000000000001
2023-12-14 19:03:18,506 | [DEBUG] : Current model size: 38538 parameters
2023-12-14 19:03:18,506 | [DEBUG] : Current training mode: increased
2023-12-14 19:03:18,506 | [INFO] : no layers were added
2023-12-14 19:03:18,506 | [DEBUG] : Model size was changed to 38538 parameters
2023-12-14 19:03:18,506 | [DEBUG] : Learning rate is now 0.010000
2023-12-14 19:03:29,621 | [INFO] : New learning rate: 0.009000000000000001
2023-12-14 19:03:31,323 | [DEBUG] : Current model size: 38538 parameters
2023-12-14 19:03:31,323 | [DEBUG] : Current training mode: increased
2023-12-14 19:03:31,324 | [INFO] : no layers were added
2023-12-14 19:03:31,324 | [DEBUG] : Model size was changed to 38538 parameters
2023-12-14 19:03:31,324 | [DEBUG] : Learning rate is now 0.010000
2023-12-14 19:03:40,224 | [INFO] : training has run out of time
2023-12-14 19:03:40,225 | [INFO] : training17 runtime (h:mm:ss): 0:01:11
2023-12-14 19:03:40,225 | [INFO] : training17 end time: 12/14/2023 07:03:40 PM
2023-12-14 19:03:40,225 | [INFO] : episode 18/64 finished, objective: None
