2023-12-14 19:14:18,594 | [INFO] : training27 start time: 12/14/2023 07:14:18 PM
2023-12-14 19:14:18,597 | [INFO] : Initialized model with weights: results/small_late2/weights.pth
2023-12-14 19:14:18,597 | [DEBUG] : Current model size: 10602 parameters
2023-12-14 19:14:18,597 | [DEBUG] : Current training mode: initial
2023-12-14 19:14:18,611 | [INFO] : GPU allocation changing : going up
2023-12-14 19:14:18,613 | [DEBUG] : Current model size: 10602 parameters
2023-12-14 19:14:18,613 | [DEBUG] : Current training mode: increased
2023-12-14 19:14:18,615 | [INFO] : deepening layer 1/3: Conv2d(32, 32, kernel_size=(3, 3), stride=(1, 1))
2023-12-14 19:14:18,615 | [DEBUG] : Model size was changed to 19914 parameters
2023-12-14 19:14:18,615 | [DEBUG] : Learning rate is now 0.010000
2023-12-14 19:14:28,307 | [INFO] : New learning rate: 0.009000000000000001
2023-12-14 19:14:30,011 | [DEBUG] : Current model size: 19914 parameters
2023-12-14 19:14:30,011 | [DEBUG] : Current training mode: increased
2023-12-14 19:14:30,012 | [INFO] : deepening layer 2/3: Linear(in_features=32, out_features=10, bias=True)
2023-12-14 19:14:30,013 | [DEBUG] : Model size was changed to 20024 parameters
2023-12-14 19:14:30,013 | [DEBUG] : Learning rate is now 0.010000
2023-12-14 19:14:39,813 | [INFO] : New learning rate: 0.009000000000000001
2023-12-14 19:14:41,488 | [DEBUG] : Current model size: 20024 parameters
2023-12-14 19:14:41,488 | [DEBUG] : Current training mode: increased
2023-12-14 19:14:41,488 | [INFO] : no layers were added
2023-12-14 19:14:41,488 | [DEBUG] : Model size was changed to 20024 parameters
2023-12-14 19:14:41,488 | [DEBUG] : Learning rate is now 0.010000
2023-12-14 19:14:51,206 | [INFO] : New learning rate: 0.009000000000000001
2023-12-14 19:14:52,872 | [DEBUG] : Current model size: 20024 parameters
2023-12-14 19:14:52,872 | [DEBUG] : Current training mode: increased
2023-12-14 19:14:52,872 | [INFO] : no layers were added
2023-12-14 19:14:52,873 | [DEBUG] : Model size was changed to 20024 parameters
2023-12-14 19:14:52,873 | [DEBUG] : Learning rate is now 0.010000
2023-12-14 19:15:02,547 | [INFO] : New learning rate: 0.009000000000000001
2023-12-14 19:15:04,215 | [DEBUG] : Current model size: 20024 parameters
2023-12-14 19:15:04,215 | [DEBUG] : Current training mode: increased
2023-12-14 19:15:04,215 | [INFO] : no layers were added
2023-12-14 19:15:04,215 | [DEBUG] : Model size was changed to 20024 parameters
2023-12-14 19:15:04,215 | [DEBUG] : Learning rate is now 0.010000
2023-12-14 19:15:13,926 | [INFO] : New learning rate: 0.009000000000000001
2023-12-14 19:15:15,600 | [DEBUG] : Current model size: 20024 parameters
2023-12-14 19:15:15,600 | [DEBUG] : Current training mode: increased
2023-12-14 19:15:15,600 | [INFO] : no layers were added
2023-12-14 19:15:15,600 | [DEBUG] : Model size was changed to 20024 parameters
2023-12-14 19:15:15,600 | [DEBUG] : Learning rate is now 0.010000
2023-12-14 19:15:25,364 | [INFO] : New learning rate: 0.009000000000000001
2023-12-14 19:15:27,073 | [DEBUG] : Current model size: 20024 parameters
2023-12-14 19:15:27,073 | [DEBUG] : Current training mode: increased
2023-12-14 19:15:27,073 | [INFO] : no layers were added
2023-12-14 19:15:27,074 | [DEBUG] : Model size was changed to 20024 parameters
2023-12-14 19:15:27,074 | [DEBUG] : Learning rate is now 0.010000
2023-12-14 19:15:28,606 | [INFO] : training has run out of time
2023-12-14 19:15:28,607 | [INFO] : training27 runtime (h:mm:ss): 0:01:11
2023-12-14 19:15:28,607 | [INFO] : training27 end time: 12/14/2023 07:15:28 PM
2023-12-14 19:15:28,608 | [INFO] : episode 28/64 finished, objective: None
