2023-12-14 18:56:36,529 | [INFO] : training12 start time: 12/14/2023 06:56:36 PM
2023-12-14 18:56:36,532 | [INFO] : Initialized model with weights: results/small_late2/weights.pth
2023-12-14 18:56:36,532 | [DEBUG] : Current model size: 10602 parameters
2023-12-14 18:56:36,532 | [DEBUG] : Current training mode: initial
2023-12-14 18:56:36,546 | [INFO] : GPU allocation changing : going up
2023-12-14 18:56:36,548 | [DEBUG] : Current model size: 10602 parameters
2023-12-14 18:56:36,548 | [DEBUG] : Current training mode: increased
2023-12-14 18:56:36,549 | [INFO] : deepening layer 0/3: Conv2d(3, 32, kernel_size=(3, 3), stride=(1, 1))
2023-12-14 18:56:36,550 | [DEBUG] : Model size was changed to 19914 parameters
2023-12-14 18:56:36,550 | [DEBUG] : Learning rate is now 0.010000
2023-12-14 18:56:46,179 | [INFO] : New learning rate: 0.009000000000000001
2023-12-14 18:56:47,851 | [DEBUG] : Current model size: 19914 parameters
2023-12-14 18:56:47,851 | [DEBUG] : Current training mode: increased
2023-12-14 18:56:47,851 | [INFO] : no layers were added
2023-12-14 18:56:47,851 | [DEBUG] : Model size was changed to 19914 parameters
2023-12-14 18:56:47,851 | [DEBUG] : Learning rate is now 0.010000
2023-12-14 18:56:57,480 | [INFO] : New learning rate: 0.009000000000000001
2023-12-14 18:56:59,157 | [DEBUG] : Current model size: 19914 parameters
2023-12-14 18:56:59,157 | [DEBUG] : Current training mode: increased
2023-12-14 18:56:59,159 | [INFO] : deepening layer 0/3: Conv2d(3, 32, kernel_size=(3, 3), stride=(1, 1))
2023-12-14 18:56:59,159 | [DEBUG] : Model size was changed to 29226 parameters
2023-12-14 18:56:59,159 | [DEBUG] : Learning rate is now 0.010000
2023-12-14 18:57:09,135 | [INFO] : New learning rate: 0.009000000000000001
2023-12-14 18:57:10,812 | [DEBUG] : Current model size: 29226 parameters
2023-12-14 18:57:10,812 | [DEBUG] : Current training mode: increased
2023-12-14 18:57:10,812 | [INFO] : no layers were added
2023-12-14 18:57:10,813 | [DEBUG] : Model size was changed to 29226 parameters
2023-12-14 18:57:10,813 | [DEBUG] : Learning rate is now 0.010000
2023-12-14 18:57:20,886 | [INFO] : New learning rate: 0.009000000000000001
2023-12-14 18:57:22,631 | [DEBUG] : Current model size: 29226 parameters
2023-12-14 18:57:22,631 | [DEBUG] : Current training mode: increased
2023-12-14 18:57:22,632 | [INFO] : no layers were added
2023-12-14 18:57:22,632 | [DEBUG] : Model size was changed to 29226 parameters
2023-12-14 18:57:22,632 | [DEBUG] : Learning rate is now 0.010000
2023-12-14 18:57:32,595 | [INFO] : New learning rate: 0.009000000000000001
2023-12-14 18:57:34,270 | [DEBUG] : Current model size: 29226 parameters
2023-12-14 18:57:34,270 | [DEBUG] : Current training mode: increased
2023-12-14 18:57:34,270 | [INFO] : no layers were added
2023-12-14 18:57:34,271 | [DEBUG] : Model size was changed to 29226 parameters
2023-12-14 18:57:34,271 | [DEBUG] : Learning rate is now 0.010000
2023-12-14 18:57:44,259 | [INFO] : New learning rate: 0.009000000000000001
2023-12-14 18:57:45,937 | [DEBUG] : Current model size: 29226 parameters
2023-12-14 18:57:45,937 | [DEBUG] : Current training mode: increased
2023-12-14 18:57:45,937 | [INFO] : no layers were added
2023-12-14 18:57:45,937 | [DEBUG] : Model size was changed to 29226 parameters
2023-12-14 18:57:45,937 | [DEBUG] : Learning rate is now 0.010000
2023-12-14 18:57:46,537 | [INFO] : training has run out of time
2023-12-14 18:57:46,538 | [INFO] : training12 runtime (h:mm:ss): 0:01:11
2023-12-14 18:57:46,538 | [INFO] : training12 end time: 12/14/2023 06:57:46 PM
2023-12-14 18:57:46,538 | [INFO] : episode 13/64 finished, objective: None
