2023-12-14 19:39:04,349 | [INFO] : training48 start time: 12/14/2023 07:39:04 PM
2023-12-14 19:39:04,352 | [INFO] : Initialized model with weights: results/small_late2/weights.pth
2023-12-14 19:39:04,352 | [DEBUG] : Current model size: 10602 parameters
2023-12-14 19:39:04,352 | [DEBUG] : Current training mode: initial
2023-12-14 19:39:04,366 | [INFO] : GPU allocation changing : going up
2023-12-14 19:39:04,369 | [DEBUG] : Current model size: 10602 parameters
2023-12-14 19:39:04,369 | [DEBUG] : Current training mode: increased
2023-12-14 19:39:04,369 | [INFO] : no layers were added
2023-12-14 19:39:04,370 | [DEBUG] : Model size was changed to 10602 parameters
2023-12-14 19:39:04,370 | [DEBUG] : Learning rate is now 0.010000
2023-12-14 19:39:13,601 | [INFO] : New learning rate: 0.009000000000000001
2023-12-14 19:39:15,239 | [DEBUG] : Current model size: 10602 parameters
2023-12-14 19:39:15,240 | [DEBUG] : Current training mode: increased
2023-12-14 19:39:15,241 | [INFO] : deepening layer 0/3: Conv2d(3, 32, kernel_size=(3, 3), stride=(1, 1))
2023-12-14 19:39:15,242 | [DEBUG] : Model size was changed to 19914 parameters
2023-12-14 19:39:15,242 | [DEBUG] : Learning rate is now 0.010000
2023-12-14 19:39:24,777 | [INFO] : New learning rate: 0.009000000000000001
2023-12-14 19:39:26,439 | [DEBUG] : Current model size: 19914 parameters
2023-12-14 19:39:26,439 | [DEBUG] : Current training mode: increased
2023-12-14 19:39:26,441 | [INFO] : deepening layer 0/3: Conv2d(3, 32, kernel_size=(3, 3), stride=(1, 1))
2023-12-14 19:39:26,441 | [DEBUG] : Model size was changed to 29226 parameters
2023-12-14 19:39:26,441 | [DEBUG] : Learning rate is now 0.010000
2023-12-14 19:39:36,168 | [INFO] : New learning rate: 0.009000000000000001
2023-12-14 19:39:37,997 | [DEBUG] : Current model size: 29226 parameters
2023-12-14 19:39:37,997 | [DEBUG] : Current training mode: increased
2023-12-14 19:39:37,997 | [INFO] : no layers were added
2023-12-14 19:39:37,998 | [DEBUG] : Model size was changed to 29226 parameters
2023-12-14 19:39:37,998 | [DEBUG] : Learning rate is now 0.010000
2023-12-14 19:39:47,846 | [INFO] : New learning rate: 0.009000000000000001
2023-12-14 19:39:49,528 | [DEBUG] : Current model size: 29226 parameters
2023-12-14 19:39:49,528 | [DEBUG] : Current training mode: increased
2023-12-14 19:39:49,528 | [INFO] : no layers were added
2023-12-14 19:39:49,528 | [DEBUG] : Model size was changed to 29226 parameters
2023-12-14 19:39:49,528 | [DEBUG] : Learning rate is now 0.010000
2023-12-14 19:39:59,455 | [INFO] : New learning rate: 0.009000000000000001
2023-12-14 19:40:01,143 | [DEBUG] : Current model size: 29226 parameters
2023-12-14 19:40:01,143 | [DEBUG] : Current training mode: increased
2023-12-14 19:40:01,143 | [INFO] : no layers were added
2023-12-14 19:40:01,144 | [DEBUG] : Model size was changed to 29226 parameters
2023-12-14 19:40:01,144 | [DEBUG] : Learning rate is now 0.010000
2023-12-14 19:40:11,288 | [INFO] : New learning rate: 0.009000000000000001
2023-12-14 19:40:12,966 | [DEBUG] : Current model size: 29226 parameters
2023-12-14 19:40:12,966 | [DEBUG] : Current training mode: increased
2023-12-14 19:40:12,966 | [INFO] : no layers were added
2023-12-14 19:40:12,967 | [DEBUG] : Model size was changed to 29226 parameters
2023-12-14 19:40:12,967 | [DEBUG] : Learning rate is now 0.010000
2023-12-14 19:40:14,363 | [INFO] : training has run out of time
2023-12-14 19:40:14,364 | [INFO] : training48 runtime (h:mm:ss): 0:01:11
2023-12-14 19:40:14,364 | [INFO] : training48 end time: 12/14/2023 07:40:14 PM
2023-12-14 19:40:14,364 | [INFO] : episode 49/64 finished, objective: None
