2023-12-14 19:20:12,276 | [INFO] : training32 start time: 12/14/2023 07:20:12 PM
2023-12-14 19:20:12,279 | [INFO] : Initialized model with weights: results/small_late2/weights.pth
2023-12-14 19:20:12,279 | [DEBUG] : Current model size: 10602 parameters
2023-12-14 19:20:12,279 | [DEBUG] : Current training mode: initial
2023-12-14 19:20:12,293 | [INFO] : GPU allocation changing : going up
2023-12-14 19:20:12,295 | [DEBUG] : Current model size: 10602 parameters
2023-12-14 19:20:12,295 | [DEBUG] : Current training mode: increased
2023-12-14 19:20:12,296 | [INFO] : deepening layer 2/3: Linear(in_features=32, out_features=10, bias=True)
2023-12-14 19:20:12,296 | [DEBUG] : Model size was changed to 10712 parameters
2023-12-14 19:20:12,297 | [DEBUG] : Learning rate is now 0.010000
2023-12-14 19:20:21,611 | [INFO] : New learning rate: 0.009000000000000001
2023-12-14 19:20:23,273 | [DEBUG] : Current model size: 10712 parameters
2023-12-14 19:20:23,273 | [DEBUG] : Current training mode: increased
2023-12-14 19:20:23,275 | [INFO] : deepening layer 0/3: Conv2d(3, 32, kernel_size=(3, 3), stride=(1, 1))
2023-12-14 19:20:23,275 | [DEBUG] : Model size was changed to 20024 parameters
2023-12-14 19:20:23,275 | [DEBUG] : Learning rate is now 0.010000
2023-12-14 19:20:32,973 | [INFO] : New learning rate: 0.009000000000000001
2023-12-14 19:20:34,643 | [DEBUG] : Current model size: 20024 parameters
2023-12-14 19:20:34,643 | [DEBUG] : Current training mode: increased
2023-12-14 19:20:34,645 | [INFO] : deepening layer 0/3: Conv2d(3, 32, kernel_size=(3, 3), stride=(1, 1))
2023-12-14 19:20:34,645 | [DEBUG] : Model size was changed to 29336 parameters
2023-12-14 19:20:34,645 | [DEBUG] : Learning rate is now 0.010000
2023-12-14 19:20:44,546 | [INFO] : New learning rate: 0.009000000000000001
2023-12-14 19:20:46,236 | [DEBUG] : Current model size: 29336 parameters
2023-12-14 19:20:46,236 | [DEBUG] : Current training mode: increased
2023-12-14 19:20:46,236 | [INFO] : no layers were added
2023-12-14 19:20:46,237 | [DEBUG] : Model size was changed to 29336 parameters
2023-12-14 19:20:46,237 | [DEBUG] : Learning rate is now 0.010000
2023-12-14 19:20:56,159 | [INFO] : New learning rate: 0.009000000000000001
2023-12-14 19:20:57,846 | [DEBUG] : Current model size: 29336 parameters
2023-12-14 19:20:57,846 | [DEBUG] : Current training mode: increased
2023-12-14 19:20:57,846 | [INFO] : no layers were added
2023-12-14 19:20:57,847 | [DEBUG] : Model size was changed to 29336 parameters
2023-12-14 19:20:57,847 | [DEBUG] : Learning rate is now 0.010000
2023-12-14 19:21:07,879 | [INFO] : New learning rate: 0.009000000000000001
2023-12-14 19:21:09,567 | [DEBUG] : Current model size: 29336 parameters
2023-12-14 19:21:09,568 | [DEBUG] : Current training mode: increased
2023-12-14 19:21:09,568 | [INFO] : no layers were added
2023-12-14 19:21:09,568 | [DEBUG] : Model size was changed to 29336 parameters
2023-12-14 19:21:09,568 | [DEBUG] : Learning rate is now 0.010000
2023-12-14 19:21:19,420 | [INFO] : New learning rate: 0.009000000000000001
2023-12-14 19:21:21,111 | [DEBUG] : Current model size: 29336 parameters
2023-12-14 19:21:21,111 | [DEBUG] : Current training mode: increased
2023-12-14 19:21:21,111 | [INFO] : no layers were added
2023-12-14 19:21:21,111 | [DEBUG] : Model size was changed to 29336 parameters
2023-12-14 19:21:21,111 | [DEBUG] : Learning rate is now 0.010000
2023-12-14 19:21:22,286 | [INFO] : training has run out of time
2023-12-14 19:21:22,287 | [INFO] : training32 runtime (h:mm:ss): 0:01:11
2023-12-14 19:21:22,287 | [INFO] : training32 end time: 12/14/2023 07:21:22 PM
2023-12-14 19:21:22,287 | [INFO] : episode 33/64 finished, objective: None
