2023-12-14 19:23:44,480 | [INFO] : training35 start time: 12/14/2023 07:23:44 PM
2023-12-14 19:23:44,483 | [INFO] : Initialized model with weights: results/small_late2/weights.pth
2023-12-14 19:23:44,483 | [DEBUG] : Current model size: 10602 parameters
2023-12-14 19:23:44,483 | [DEBUG] : Current training mode: initial
2023-12-14 19:23:44,498 | [INFO] : GPU allocation changing : going up
2023-12-14 19:23:44,500 | [DEBUG] : Current model size: 10602 parameters
2023-12-14 19:23:44,500 | [DEBUG] : Current training mode: increased
2023-12-14 19:23:44,500 | [INFO] : deepening layer 2/3: Linear(in_features=32, out_features=10, bias=True)
2023-12-14 19:23:44,501 | [DEBUG] : Model size was changed to 10712 parameters
2023-12-14 19:23:44,501 | [DEBUG] : Learning rate is now 0.010000
2023-12-14 19:23:53,840 | [INFO] : New learning rate: 0.009000000000000001
2023-12-14 19:23:57,237 | [DEBUG] : Current model size: 10712 parameters
2023-12-14 19:23:57,237 | [DEBUG] : Current training mode: increased
2023-12-14 19:23:57,239 | [INFO] : deepening layer 0/3: Conv2d(3, 32, kernel_size=(3, 3), stride=(1, 1))
2023-12-14 19:23:57,239 | [DEBUG] : Model size was changed to 20024 parameters
2023-12-14 19:23:57,239 | [DEBUG] : Learning rate is now 0.010000
2023-12-14 19:24:06,850 | [INFO] : New learning rate: 0.009000000000000001
2023-12-14 19:24:08,574 | [DEBUG] : Current model size: 20024 parameters
2023-12-14 19:24:08,574 | [DEBUG] : Current training mode: increased
2023-12-14 19:24:08,574 | [INFO] : no layers were added
2023-12-14 19:24:08,575 | [DEBUG] : Model size was changed to 20024 parameters
2023-12-14 19:24:08,575 | [DEBUG] : Learning rate is now 0.010000
2023-12-14 19:24:18,228 | [INFO] : New learning rate: 0.009000000000000001
2023-12-14 19:24:19,911 | [DEBUG] : Current model size: 20024 parameters
2023-12-14 19:24:19,912 | [DEBUG] : Current training mode: increased
2023-12-14 19:24:19,912 | [INFO] : no layers were added
2023-12-14 19:24:19,912 | [DEBUG] : Model size was changed to 20024 parameters
2023-12-14 19:24:19,912 | [DEBUG] : Learning rate is now 0.010000
2023-12-14 19:24:29,445 | [INFO] : New learning rate: 0.009000000000000001
2023-12-14 19:24:31,126 | [DEBUG] : Current model size: 20024 parameters
2023-12-14 19:24:31,126 | [DEBUG] : Current training mode: increased
2023-12-14 19:24:31,126 | [INFO] : no layers were added
2023-12-14 19:24:31,127 | [DEBUG] : Model size was changed to 20024 parameters
2023-12-14 19:24:31,127 | [DEBUG] : Learning rate is now 0.010000
2023-12-14 19:24:40,656 | [INFO] : New learning rate: 0.009000000000000001
2023-12-14 19:24:42,315 | [DEBUG] : Current model size: 20024 parameters
2023-12-14 19:24:42,315 | [DEBUG] : Current training mode: increased
2023-12-14 19:24:42,315 | [INFO] : no layers were added
2023-12-14 19:24:42,316 | [DEBUG] : Model size was changed to 20024 parameters
2023-12-14 19:24:42,316 | [DEBUG] : Learning rate is now 0.010000
2023-12-14 19:24:51,870 | [INFO] : New learning rate: 0.009000000000000001
2023-12-14 19:24:53,547 | [DEBUG] : Current model size: 20024 parameters
2023-12-14 19:24:53,547 | [DEBUG] : Current training mode: increased
2023-12-14 19:24:53,547 | [INFO] : no layers were added
2023-12-14 19:24:53,548 | [DEBUG] : Model size was changed to 20024 parameters
2023-12-14 19:24:53,548 | [DEBUG] : Learning rate is now 0.010000
2023-12-14 19:24:54,490 | [INFO] : training has run out of time
2023-12-14 19:24:54,490 | [INFO] : training35 runtime (h:mm:ss): 0:01:11
2023-12-14 19:24:54,491 | [INFO] : training35 end time: 12/14/2023 07:24:54 PM
2023-12-14 19:24:54,491 | [INFO] : episode 36/64 finished, objective: None
