2023-12-14 19:04:51,681 | [INFO] : training19 start time: 12/14/2023 07:04:51 PM
2023-12-14 19:04:51,684 | [INFO] : Initialized model with weights: results/small_late2/weights.pth
2023-12-14 19:04:51,684 | [DEBUG] : Current model size: 10602 parameters
2023-12-14 19:04:51,684 | [DEBUG] : Current training mode: initial
2023-12-14 19:04:51,697 | [INFO] : GPU allocation changing : going up
2023-12-14 19:04:51,699 | [DEBUG] : Current model size: 10602 parameters
2023-12-14 19:04:51,699 | [DEBUG] : Current training mode: increased
2023-12-14 19:04:51,701 | [INFO] : deepening layer 1/3: Conv2d(32, 32, kernel_size=(3, 3), stride=(1, 1))
2023-12-14 19:04:51,701 | [DEBUG] : Model size was changed to 19914 parameters
2023-12-14 19:04:51,701 | [DEBUG] : Learning rate is now 0.010000
2023-12-14 19:05:01,194 | [INFO] : New learning rate: 0.009000000000000001
2023-12-14 19:05:02,870 | [DEBUG] : Current model size: 19914 parameters
2023-12-14 19:05:02,870 | [DEBUG] : Current training mode: increased
2023-12-14 19:05:02,872 | [INFO] : deepening layer 0/3: Conv2d(3, 32, kernel_size=(3, 3), stride=(1, 1))
2023-12-14 19:05:02,872 | [DEBUG] : Model size was changed to 29226 parameters
2023-12-14 19:05:02,872 | [DEBUG] : Learning rate is now 0.010000
2023-12-14 19:05:12,647 | [INFO] : New learning rate: 0.009000000000000001
2023-12-14 19:05:14,353 | [DEBUG] : Current model size: 29226 parameters
2023-12-14 19:05:14,354 | [DEBUG] : Current training mode: increased
2023-12-14 19:05:14,354 | [INFO] : no layers were added
2023-12-14 19:05:14,354 | [DEBUG] : Model size was changed to 29226 parameters
2023-12-14 19:05:14,354 | [DEBUG] : Learning rate is now 0.010000
2023-12-14 19:05:24,232 | [INFO] : New learning rate: 0.009000000000000001
2023-12-14 19:05:25,931 | [DEBUG] : Current model size: 29226 parameters
2023-12-14 19:05:25,931 | [DEBUG] : Current training mode: increased
2023-12-14 19:05:25,931 | [INFO] : no layers were added
2023-12-14 19:05:25,931 | [DEBUG] : Model size was changed to 29226 parameters
2023-12-14 19:05:25,931 | [DEBUG] : Learning rate is now 0.010000
2023-12-14 19:05:35,826 | [INFO] : New learning rate: 0.009000000000000001
2023-12-14 19:05:37,557 | [DEBUG] : Current model size: 29226 parameters
2023-12-14 19:05:37,557 | [DEBUG] : Current training mode: increased
2023-12-14 19:05:37,557 | [INFO] : no layers were added
2023-12-14 19:05:37,558 | [DEBUG] : Model size was changed to 29226 parameters
2023-12-14 19:05:37,558 | [DEBUG] : Learning rate is now 0.010000
2023-12-14 19:05:47,442 | [INFO] : New learning rate: 0.009000000000000001
2023-12-14 19:05:49,126 | [DEBUG] : Current model size: 29226 parameters
2023-12-14 19:05:49,127 | [DEBUG] : Current training mode: increased
2023-12-14 19:05:49,127 | [INFO] : no layers were added
2023-12-14 19:05:49,127 | [DEBUG] : Model size was changed to 29226 parameters
2023-12-14 19:05:49,127 | [DEBUG] : Learning rate is now 0.010000
2023-12-14 19:05:59,039 | [INFO] : New learning rate: 0.009000000000000001
2023-12-14 19:06:00,741 | [DEBUG] : Current model size: 29226 parameters
2023-12-14 19:06:00,741 | [DEBUG] : Current training mode: increased
2023-12-14 19:06:00,741 | [INFO] : no layers were added
2023-12-14 19:06:00,742 | [DEBUG] : Model size was changed to 29226 parameters
2023-12-14 19:06:00,742 | [DEBUG] : Learning rate is now 0.010000
2023-12-14 19:06:01,687 | [INFO] : training has run out of time
2023-12-14 19:06:01,687 | [INFO] : training19 runtime (h:mm:ss): 0:01:11
2023-12-14 19:06:01,687 | [INFO] : training19 end time: 12/14/2023 07:06:01 PM
2023-12-14 19:06:01,687 | [INFO] : episode 20/64 finished, objective: None
