2023-12-14 18:45:57,028 | [INFO] : training03 start time: 12/14/2023 06:45:57 PM
2023-12-14 18:45:57,031 | [INFO] : Initialized model with weights: results/small_late2/weights.pth
2023-12-14 18:45:57,031 | [DEBUG] : Current model size: 10602 parameters
2023-12-14 18:45:57,031 | [DEBUG] : Current training mode: initial
2023-12-14 18:45:57,044 | [INFO] : GPU allocation changing : going up
2023-12-14 18:45:57,047 | [DEBUG] : Current model size: 10602 parameters
2023-12-14 18:45:57,047 | [DEBUG] : Current training mode: increased
2023-12-14 18:45:57,048 | [INFO] : deepening layer 0/3: Conv2d(3, 32, kernel_size=(3, 3), stride=(1, 1))
2023-12-14 18:45:57,048 | [DEBUG] : Model size was changed to 19914 parameters
2023-12-14 18:45:57,049 | [DEBUG] : Learning rate is now 0.010000
2023-12-14 18:46:06,846 | [INFO] : New learning rate: 0.009000000000000001
2023-12-14 18:46:08,503 | [DEBUG] : Current model size: 19914 parameters
2023-12-14 18:46:08,503 | [DEBUG] : Current training mode: increased
2023-12-14 18:46:08,505 | [INFO] : deepening layer 0/3: Conv2d(3, 32, kernel_size=(3, 3), stride=(1, 1))
2023-12-14 18:46:08,505 | [DEBUG] : Model size was changed to 29226 parameters
2023-12-14 18:46:08,505 | [DEBUG] : Learning rate is now 0.010000
2023-12-14 18:46:18,554 | [INFO] : New learning rate: 0.009000000000000001
2023-12-14 18:46:20,224 | [DEBUG] : Current model size: 29226 parameters
2023-12-14 18:46:20,224 | [DEBUG] : Current training mode: increased
2023-12-14 18:46:20,224 | [INFO] : no layers were added
2023-12-14 18:46:20,224 | [DEBUG] : Model size was changed to 29226 parameters
2023-12-14 18:46:20,224 | [DEBUG] : Learning rate is now 0.010000
2023-12-14 18:46:30,300 | [INFO] : New learning rate: 0.009000000000000001
2023-12-14 18:46:31,975 | [DEBUG] : Current model size: 29226 parameters
2023-12-14 18:46:31,975 | [DEBUG] : Current training mode: increased
2023-12-14 18:46:31,976 | [INFO] : no layers were added
2023-12-14 18:46:31,976 | [DEBUG] : Model size was changed to 29226 parameters
2023-12-14 18:46:31,976 | [DEBUG] : Learning rate is now 0.010000
2023-12-14 18:46:41,980 | [INFO] : New learning rate: 0.009000000000000001
2023-12-14 18:46:43,684 | [DEBUG] : Current model size: 29226 parameters
2023-12-14 18:46:43,684 | [DEBUG] : Current training mode: increased
2023-12-14 18:46:43,685 | [INFO] : no layers were added
2023-12-14 18:46:43,685 | [DEBUG] : Model size was changed to 29226 parameters
2023-12-14 18:46:43,685 | [DEBUG] : Learning rate is now 0.010000
2023-12-14 18:46:53,775 | [INFO] : New learning rate: 0.009000000000000001
2023-12-14 18:46:55,447 | [DEBUG] : Current model size: 29226 parameters
2023-12-14 18:46:55,447 | [DEBUG] : Current training mode: increased
2023-12-14 18:46:55,447 | [INFO] : no layers were added
2023-12-14 18:46:55,448 | [DEBUG] : Model size was changed to 29226 parameters
2023-12-14 18:46:55,448 | [DEBUG] : Learning rate is now 0.010000
2023-12-14 18:47:05,523 | [INFO] : New learning rate: 0.009000000000000001
2023-12-14 18:47:07,289 | [DEBUG] : Current model size: 29226 parameters
2023-12-14 18:47:07,289 | [DEBUG] : Current training mode: increased
2023-12-14 18:47:07,289 | [INFO] : no layers were added
2023-12-14 18:47:07,290 | [DEBUG] : Model size was changed to 29226 parameters
2023-12-14 18:47:07,290 | [DEBUG] : Learning rate is now 0.010000
2023-12-14 18:47:07,304 | [INFO] : training has run out of time
2023-12-14 18:47:07,304 | [INFO] : training03 runtime (h:mm:ss): 0:01:11
2023-12-14 18:47:07,304 | [INFO] : training03 end time: 12/14/2023 06:47:07 PM
2023-12-14 18:47:07,305 | [INFO] : episode 4/64 finished, objective: None
