2023-12-14 18:49:30,706 | [INFO] : training06 start time: 12/14/2023 06:49:30 PM
2023-12-14 18:49:30,709 | [INFO] : Initialized model with weights: results/small_late2/weights.pth
2023-12-14 18:49:30,709 | [DEBUG] : Current model size: 10602 parameters
2023-12-14 18:49:30,709 | [DEBUG] : Current training mode: initial
2023-12-14 18:49:30,723 | [INFO] : GPU allocation changing : going up
2023-12-14 18:49:30,725 | [DEBUG] : Current model size: 10602 parameters
2023-12-14 18:49:30,725 | [DEBUG] : Current training mode: increased
2023-12-14 18:49:30,726 | [INFO] : deepening layer 0/3: Conv2d(3, 32, kernel_size=(3, 3), stride=(1, 1))
2023-12-14 18:49:30,726 | [DEBUG] : Model size was changed to 19914 parameters
2023-12-14 18:49:30,726 | [DEBUG] : Learning rate is now 0.010000
2023-12-14 18:49:40,386 | [INFO] : New learning rate: 0.009000000000000001
2023-12-14 18:49:42,065 | [DEBUG] : Current model size: 19914 parameters
2023-12-14 18:49:42,066 | [DEBUG] : Current training mode: increased
2023-12-14 18:49:42,067 | [INFO] : deepening layer 1/3: Conv2d(32, 32, kernel_size=(3, 3), stride=(1, 1))
2023-12-14 18:49:42,067 | [DEBUG] : Model size was changed to 29226 parameters
2023-12-14 18:49:42,067 | [DEBUG] : Learning rate is now 0.010000
2023-12-14 18:49:52,166 | [INFO] : New learning rate: 0.009000000000000001
2023-12-14 18:49:53,913 | [DEBUG] : Current model size: 29226 parameters
2023-12-14 18:49:53,913 | [DEBUG] : Current training mode: increased
2023-12-14 18:49:53,914 | [INFO] : deepening layer 2/3: Linear(in_features=32, out_features=10, bias=True)
2023-12-14 18:49:53,915 | [DEBUG] : Model size was changed to 29336 parameters
2023-12-14 18:49:53,915 | [DEBUG] : Learning rate is now 0.010000
2023-12-14 18:50:04,056 | [INFO] : New learning rate: 0.009000000000000001
2023-12-14 18:50:05,735 | [DEBUG] : Current model size: 29336 parameters
2023-12-14 18:50:05,735 | [DEBUG] : Current training mode: increased
2023-12-14 18:50:05,735 | [INFO] : no layers were added
2023-12-14 18:50:05,736 | [DEBUG] : Model size was changed to 29336 parameters
2023-12-14 18:50:05,736 | [DEBUG] : Learning rate is now 0.010000
2023-12-14 18:50:15,879 | [INFO] : New learning rate: 0.009000000000000001
2023-12-14 18:50:17,584 | [DEBUG] : Current model size: 29336 parameters
2023-12-14 18:50:17,584 | [DEBUG] : Current training mode: increased
2023-12-14 18:50:17,585 | [INFO] : no layers were added
2023-12-14 18:50:17,585 | [DEBUG] : Model size was changed to 29336 parameters
2023-12-14 18:50:17,585 | [DEBUG] : Learning rate is now 0.010000
2023-12-14 18:50:27,761 | [INFO] : New learning rate: 0.009000000000000001
2023-12-14 18:50:29,449 | [DEBUG] : Current model size: 29336 parameters
2023-12-14 18:50:29,449 | [DEBUG] : Current training mode: increased
2023-12-14 18:50:29,449 | [INFO] : no layers were added
2023-12-14 18:50:29,450 | [DEBUG] : Model size was changed to 29336 parameters
2023-12-14 18:50:29,450 | [DEBUG] : Learning rate is now 0.010000
2023-12-14 18:50:39,609 | [INFO] : New learning rate: 0.009000000000000001
2023-12-14 18:50:41,294 | [DEBUG] : Current model size: 29336 parameters
2023-12-14 18:50:41,294 | [DEBUG] : Current training mode: increased
2023-12-14 18:50:41,295 | [INFO] : no layers were added
2023-12-14 18:50:41,295 | [DEBUG] : Model size was changed to 29336 parameters
2023-12-14 18:50:41,295 | [DEBUG] : Learning rate is now 0.010000
2023-12-14 18:50:41,307 | [INFO] : training has run out of time
2023-12-14 18:50:41,308 | [INFO] : training06 runtime (h:mm:ss): 0:01:11
2023-12-14 18:50:41,308 | [INFO] : training06 end time: 12/14/2023 06:50:41 PM
2023-12-14 18:50:41,308 | [INFO] : episode 7/64 finished, objective: None
