2023-12-14 18:47:08,042 | [INFO] : training04 start time: 12/14/2023 06:47:08 PM
2023-12-14 18:47:08,045 | [INFO] : Initialized model with weights: results/small_late2/weights.pth
2023-12-14 18:47:08,045 | [DEBUG] : Current model size: 10602 parameters
2023-12-14 18:47:08,045 | [DEBUG] : Current training mode: initial
2023-12-14 18:47:08,059 | [INFO] : GPU allocation changing : going up
2023-12-14 18:47:08,061 | [DEBUG] : Current model size: 10602 parameters
2023-12-14 18:47:08,061 | [DEBUG] : Current training mode: increased
2023-12-14 18:47:08,063 | [INFO] : deepening layer 0/3: Conv2d(3, 32, kernel_size=(3, 3), stride=(1, 1))
2023-12-14 18:47:08,063 | [DEBUG] : Model size was changed to 19914 parameters
2023-12-14 18:47:08,063 | [DEBUG] : Learning rate is now 0.010000
2023-12-14 18:47:17,721 | [INFO] : New learning rate: 0.009000000000000001
2023-12-14 18:47:19,389 | [DEBUG] : Current model size: 19914 parameters
2023-12-14 18:47:19,389 | [DEBUG] : Current training mode: increased
2023-12-14 18:47:19,390 | [INFO] : deepening layer 1/3: Conv2d(32, 32, kernel_size=(3, 3), stride=(1, 1))
2023-12-14 18:47:19,391 | [DEBUG] : Model size was changed to 29226 parameters
2023-12-14 18:47:19,391 | [DEBUG] : Learning rate is now 0.010000
2023-12-14 18:47:29,447 | [INFO] : New learning rate: 0.009000000000000001
2023-12-14 18:47:31,233 | [DEBUG] : Current model size: 29226 parameters
2023-12-14 18:47:31,233 | [DEBUG] : Current training mode: increased
2023-12-14 18:47:31,234 | [INFO] : deepening layer 0/3: Conv2d(3, 32, kernel_size=(3, 3), stride=(1, 1))
2023-12-14 18:47:31,235 | [DEBUG] : Model size was changed to 38538 parameters
2023-12-14 18:47:31,235 | [DEBUG] : Learning rate is now 0.010000
2023-12-14 18:47:41,818 | [INFO] : New learning rate: 0.009000000000000001
2023-12-14 18:47:43,511 | [DEBUG] : Current model size: 38538 parameters
2023-12-14 18:47:43,511 | [DEBUG] : Current training mode: increased
2023-12-14 18:47:43,512 | [INFO] : no layers were added
2023-12-14 18:47:43,512 | [DEBUG] : Model size was changed to 38538 parameters
2023-12-14 18:47:43,512 | [DEBUG] : Learning rate is now 0.010000
2023-12-14 18:47:53,961 | [INFO] : New learning rate: 0.009000000000000001
2023-12-14 18:47:55,655 | [DEBUG] : Current model size: 38538 parameters
2023-12-14 18:47:55,655 | [DEBUG] : Current training mode: increased
2023-12-14 18:47:55,656 | [INFO] : no layers were added
2023-12-14 18:47:55,656 | [DEBUG] : Model size was changed to 38538 parameters
2023-12-14 18:47:55,656 | [DEBUG] : Learning rate is now 0.010000
2023-12-14 18:48:06,001 | [INFO] : New learning rate: 0.009000000000000001
2023-12-14 18:48:07,783 | [DEBUG] : Current model size: 38538 parameters
2023-12-14 18:48:07,783 | [DEBUG] : Current training mode: increased
2023-12-14 18:48:07,783 | [INFO] : no layers were added
2023-12-14 18:48:07,783 | [DEBUG] : Model size was changed to 38538 parameters
2023-12-14 18:48:07,783 | [DEBUG] : Learning rate is now 0.010000
2023-12-14 18:48:18,054 | [INFO] : training has run out of time
2023-12-14 18:48:18,055 | [INFO] : training04 runtime (h:mm:ss): 0:01:11
2023-12-14 18:48:18,055 | [INFO] : training04 end time: 12/14/2023 06:48:18 PM
2023-12-14 18:48:18,055 | [INFO] : episode 5/64 finished, objective: None
