2023-12-14 19:17:50,805 | [INFO] : training30 start time: 12/14/2023 07:17:50 PM
2023-12-14 19:17:50,808 | [INFO] : Initialized model with weights: results/small_late2/weights.pth
2023-12-14 19:17:50,808 | [DEBUG] : Current model size: 10602 parameters
2023-12-14 19:17:50,808 | [DEBUG] : Current training mode: initial
2023-12-14 19:17:50,822 | [INFO] : GPU allocation changing : going up
2023-12-14 19:17:50,824 | [DEBUG] : Current model size: 10602 parameters
2023-12-14 19:17:50,824 | [DEBUG] : Current training mode: increased
2023-12-14 19:17:50,825 | [INFO] : deepening layer 1/3: Conv2d(32, 32, kernel_size=(3, 3), stride=(1, 1))
2023-12-14 19:17:50,826 | [DEBUG] : Model size was changed to 19914 parameters
2023-12-14 19:17:50,826 | [DEBUG] : Learning rate is now 0.010000
2023-12-14 19:18:00,290 | [INFO] : New learning rate: 0.009000000000000001
2023-12-14 19:18:01,958 | [DEBUG] : Current model size: 19914 parameters
2023-12-14 19:18:01,958 | [DEBUG] : Current training mode: increased
2023-12-14 19:18:01,958 | [INFO] : no layers were added
2023-12-14 19:18:01,958 | [DEBUG] : Model size was changed to 19914 parameters
2023-12-14 19:18:01,959 | [DEBUG] : Learning rate is now 0.010000
2023-12-14 19:18:11,454 | [INFO] : New learning rate: 0.009000000000000001
2023-12-14 19:18:13,114 | [DEBUG] : Current model size: 19914 parameters
2023-12-14 19:18:13,114 | [DEBUG] : Current training mode: increased
2023-12-14 19:18:13,115 | [INFO] : deepening layer 2/3: Linear(in_features=32, out_features=10, bias=True)
2023-12-14 19:18:13,116 | [DEBUG] : Model size was changed to 20024 parameters
2023-12-14 19:18:13,116 | [DEBUG] : Learning rate is now 0.010000
2023-12-14 19:18:22,893 | [INFO] : New learning rate: 0.009000000000000001
2023-12-14 19:18:24,570 | [DEBUG] : Current model size: 20024 parameters
2023-12-14 19:18:24,570 | [DEBUG] : Current training mode: increased
2023-12-14 19:18:24,570 | [INFO] : no layers were added
2023-12-14 19:18:24,571 | [DEBUG] : Model size was changed to 20024 parameters
2023-12-14 19:18:24,571 | [DEBUG] : Learning rate is now 0.010000
2023-12-14 19:18:34,278 | [INFO] : New learning rate: 0.009000000000000001
2023-12-14 19:18:35,951 | [DEBUG] : Current model size: 20024 parameters
2023-12-14 19:18:35,951 | [DEBUG] : Current training mode: increased
2023-12-14 19:18:35,951 | [INFO] : no layers were added
2023-12-14 19:18:35,951 | [DEBUG] : Model size was changed to 20024 parameters
2023-12-14 19:18:35,951 | [DEBUG] : Learning rate is now 0.010000
2023-12-14 19:18:45,628 | [INFO] : New learning rate: 0.009000000000000001
2023-12-14 19:18:47,299 | [DEBUG] : Current model size: 20024 parameters
2023-12-14 19:18:47,300 | [DEBUG] : Current training mode: increased
2023-12-14 19:18:47,300 | [INFO] : no layers were added
2023-12-14 19:18:47,300 | [DEBUG] : Model size was changed to 20024 parameters
2023-12-14 19:18:47,300 | [DEBUG] : Learning rate is now 0.010000
2023-12-14 19:18:56,987 | [INFO] : New learning rate: 0.009000000000000001
2023-12-14 19:18:58,658 | [DEBUG] : Current model size: 20024 parameters
2023-12-14 19:18:58,658 | [DEBUG] : Current training mode: increased
2023-12-14 19:18:58,658 | [INFO] : no layers were added
2023-12-14 19:18:58,659 | [DEBUG] : Model size was changed to 20024 parameters
2023-12-14 19:18:58,659 | [DEBUG] : Learning rate is now 0.010000
2023-12-14 19:19:00,810 | [INFO] : training has run out of time
2023-12-14 19:19:00,811 | [INFO] : training30 runtime (h:mm:ss): 0:01:11
2023-12-14 19:19:00,811 | [INFO] : training30 end time: 12/14/2023 07:19:00 PM
2023-12-14 19:19:00,811 | [INFO] : episode 31/64 finished, objective: None
