2023-12-14 19:49:41,019 | [INFO] : training57 start time: 12/14/2023 07:49:41 PM
2023-12-14 19:49:41,022 | [INFO] : Initialized model with weights: results/small_late2/weights.pth
2023-12-14 19:49:41,022 | [DEBUG] : Current model size: 10602 parameters
2023-12-14 19:49:41,022 | [DEBUG] : Current training mode: initial
2023-12-14 19:49:41,036 | [INFO] : GPU allocation changing : going up
2023-12-14 19:49:41,038 | [DEBUG] : Current model size: 10602 parameters
2023-12-14 19:49:41,038 | [DEBUG] : Current training mode: increased
2023-12-14 19:49:41,038 | [INFO] : no layers were added
2023-12-14 19:49:41,039 | [DEBUG] : Model size was changed to 10602 parameters
2023-12-14 19:49:41,039 | [DEBUG] : Learning rate is now 0.010000
2023-12-14 19:49:50,417 | [INFO] : New learning rate: 0.009000000000000001
2023-12-14 19:49:52,119 | [DEBUG] : Current model size: 10602 parameters
2023-12-14 19:49:52,119 | [DEBUG] : Current training mode: increased
2023-12-14 19:49:52,120 | [INFO] : deepening layer 2/3: Linear(in_features=32, out_features=10, bias=True)
2023-12-14 19:49:52,121 | [DEBUG] : Model size was changed to 10712 parameters
2023-12-14 19:49:52,121 | [DEBUG] : Learning rate is now 0.010000
2023-12-14 19:50:01,595 | [INFO] : New learning rate: 0.009000000000000001
2023-12-14 19:50:03,301 | [DEBUG] : Current model size: 10712 parameters
2023-12-14 19:50:03,301 | [DEBUG] : Current training mode: increased
2023-12-14 19:50:03,303 | [INFO] : deepening layer 1/3: Conv2d(32, 32, kernel_size=(3, 3), stride=(1, 1))
2023-12-14 19:50:03,303 | [DEBUG] : Model size was changed to 20024 parameters
2023-12-14 19:50:03,303 | [DEBUG] : Learning rate is now 0.010000
2023-12-14 19:50:13,200 | [INFO] : New learning rate: 0.009000000000000001
2023-12-14 19:50:14,991 | [DEBUG] : Current model size: 20024 parameters
2023-12-14 19:50:14,991 | [DEBUG] : Current training mode: increased
2023-12-14 19:50:14,991 | [INFO] : no layers were added
2023-12-14 19:50:14,992 | [DEBUG] : Model size was changed to 20024 parameters
2023-12-14 19:50:14,992 | [DEBUG] : Learning rate is now 0.010000
2023-12-14 19:50:24,818 | [INFO] : New learning rate: 0.009000000000000001
2023-12-14 19:50:26,518 | [DEBUG] : Current model size: 20024 parameters
2023-12-14 19:50:26,519 | [DEBUG] : Current training mode: increased
2023-12-14 19:50:26,519 | [INFO] : no layers were added
2023-12-14 19:50:26,519 | [DEBUG] : Model size was changed to 20024 parameters
2023-12-14 19:50:26,519 | [DEBUG] : Learning rate is now 0.010000
2023-12-14 19:50:36,464 | [INFO] : New learning rate: 0.009000000000000001
2023-12-14 19:50:38,238 | [DEBUG] : Current model size: 20024 parameters
2023-12-14 19:50:38,238 | [DEBUG] : Current training mode: increased
2023-12-14 19:50:38,239 | [INFO] : no layers were added
2023-12-14 19:50:38,239 | [DEBUG] : Model size was changed to 20024 parameters
2023-12-14 19:50:38,239 | [DEBUG] : Learning rate is now 0.010000
2023-12-14 19:50:48,037 | [INFO] : New learning rate: 0.009000000000000001
2023-12-14 19:50:49,759 | [DEBUG] : Current model size: 20024 parameters
2023-12-14 19:50:49,759 | [DEBUG] : Current training mode: increased
2023-12-14 19:50:49,759 | [INFO] : no layers were added
2023-12-14 19:50:49,760 | [DEBUG] : Model size was changed to 20024 parameters
2023-12-14 19:50:49,760 | [DEBUG] : Learning rate is now 0.010000
2023-12-14 19:50:51,023 | [INFO] : training has run out of time
2023-12-14 19:50:51,024 | [INFO] : training57 runtime (h:mm:ss): 0:01:11
2023-12-14 19:50:51,025 | [INFO] : training57 end time: 12/14/2023 07:50:51 PM
2023-12-14 19:50:51,025 | [INFO] : episode 58/64 finished, objective: None
