2023-12-14 19:03:40,945 | [INFO] : training18 start time: 12/14/2023 07:03:40 PM
2023-12-14 19:03:40,948 | [INFO] : Initialized model with weights: results/small_late2/weights.pth
2023-12-14 19:03:40,948 | [DEBUG] : Current model size: 10602 parameters
2023-12-14 19:03:40,948 | [DEBUG] : Current training mode: initial
2023-12-14 19:03:40,961 | [INFO] : GPU allocation changing : going up
2023-12-14 19:03:40,964 | [DEBUG] : Current model size: 10602 parameters
2023-12-14 19:03:40,964 | [DEBUG] : Current training mode: increased
2023-12-14 19:03:40,965 | [INFO] : deepening layer 1/3: Conv2d(32, 32, kernel_size=(3, 3), stride=(1, 1))
2023-12-14 19:03:40,965 | [DEBUG] : Model size was changed to 19914 parameters
2023-12-14 19:03:40,965 | [DEBUG] : Learning rate is now 0.010000
2023-12-14 19:03:50,504 | [INFO] : New learning rate: 0.009000000000000001
2023-12-14 19:03:52,172 | [DEBUG] : Current model size: 19914 parameters
2023-12-14 19:03:52,172 | [DEBUG] : Current training mode: increased
2023-12-14 19:03:52,173 | [INFO] : deepening layer 0/3: Conv2d(3, 32, kernel_size=(3, 3), stride=(1, 1))
2023-12-14 19:03:52,173 | [DEBUG] : Model size was changed to 29226 parameters
2023-12-14 19:03:52,173 | [DEBUG] : Learning rate is now 0.010000
2023-12-14 19:04:02,097 | [INFO] : New learning rate: 0.009000000000000001
2023-12-14 19:04:03,773 | [DEBUG] : Current model size: 29226 parameters
2023-12-14 19:04:03,773 | [DEBUG] : Current training mode: increased
2023-12-14 19:04:03,774 | [INFO] : deepening layer 2/3: Linear(in_features=32, out_features=10, bias=True)
2023-12-14 19:04:03,774 | [DEBUG] : Model size was changed to 29336 parameters
2023-12-14 19:04:03,774 | [DEBUG] : Learning rate is now 0.010000
2023-12-14 19:04:13,730 | [INFO] : New learning rate: 0.009000000000000001
2023-12-14 19:04:15,412 | [DEBUG] : Current model size: 29336 parameters
2023-12-14 19:04:15,412 | [DEBUG] : Current training mode: increased
2023-12-14 19:04:15,412 | [INFO] : no layers were added
2023-12-14 19:04:15,413 | [DEBUG] : Model size was changed to 29336 parameters
2023-12-14 19:04:15,413 | [DEBUG] : Learning rate is now 0.010000
2023-12-14 19:04:25,248 | [INFO] : New learning rate: 0.009000000000000001
2023-12-14 19:04:26,941 | [DEBUG] : Current model size: 29336 parameters
2023-12-14 19:04:26,941 | [DEBUG] : Current training mode: increased
2023-12-14 19:04:26,941 | [INFO] : no layers were added
2023-12-14 19:04:26,942 | [DEBUG] : Model size was changed to 29336 parameters
2023-12-14 19:04:26,942 | [DEBUG] : Learning rate is now 0.010000
2023-12-14 19:04:36,788 | [INFO] : New learning rate: 0.009000000000000001
2023-12-14 19:04:38,492 | [DEBUG] : Current model size: 29336 parameters
2023-12-14 19:04:38,492 | [DEBUG] : Current training mode: increased
2023-12-14 19:04:38,492 | [INFO] : no layers were added
2023-12-14 19:04:38,493 | [DEBUG] : Model size was changed to 29336 parameters
2023-12-14 19:04:38,493 | [DEBUG] : Learning rate is now 0.010000
2023-12-14 19:04:48,363 | [INFO] : New learning rate: 0.009000000000000001
2023-12-14 19:04:50,044 | [DEBUG] : Current model size: 29336 parameters
2023-12-14 19:04:50,044 | [DEBUG] : Current training mode: increased
2023-12-14 19:04:50,044 | [INFO] : no layers were added
2023-12-14 19:04:50,045 | [DEBUG] : Model size was changed to 29336 parameters
2023-12-14 19:04:50,045 | [DEBUG] : Learning rate is now 0.010000
2023-12-14 19:04:50,952 | [INFO] : training has run out of time
2023-12-14 19:04:50,953 | [INFO] : training18 runtime (h:mm:ss): 0:01:11
2023-12-14 19:04:50,953 | [INFO] : training18 end time: 12/14/2023 07:04:50 PM
2023-12-14 19:04:50,953 | [INFO] : episode 19/64 finished, objective: None
