2023-12-14 19:16:40,073 | [INFO] : training29 start time: 12/14/2023 07:16:40 PM
2023-12-14 19:16:40,075 | [INFO] : Initialized model with weights: results/small_late2/weights.pth
2023-12-14 19:16:40,076 | [DEBUG] : Current model size: 10602 parameters
2023-12-14 19:16:40,076 | [DEBUG] : Current training mode: initial
2023-12-14 19:16:40,089 | [INFO] : GPU allocation changing : going up
2023-12-14 19:16:40,091 | [DEBUG] : Current model size: 10602 parameters
2023-12-14 19:16:40,091 | [DEBUG] : Current training mode: increased
2023-12-14 19:16:40,093 | [INFO] : deepening layer 1/3: Conv2d(32, 32, kernel_size=(3, 3), stride=(1, 1))
2023-12-14 19:16:40,093 | [DEBUG] : Model size was changed to 19914 parameters
2023-12-14 19:16:40,093 | [DEBUG] : Learning rate is now 0.010000
2023-12-14 19:16:49,663 | [INFO] : New learning rate: 0.009000000000000001
2023-12-14 19:16:51,327 | [DEBUG] : Current model size: 19914 parameters
2023-12-14 19:16:51,327 | [DEBUG] : Current training mode: increased
2023-12-14 19:16:51,327 | [INFO] : no layers were added
2023-12-14 19:16:51,328 | [DEBUG] : Model size was changed to 19914 parameters
2023-12-14 19:16:51,328 | [DEBUG] : Learning rate is now 0.010000
2023-12-14 19:17:00,881 | [INFO] : New learning rate: 0.009000000000000001
2023-12-14 19:17:02,527 | [DEBUG] : Current model size: 19914 parameters
2023-12-14 19:17:02,527 | [DEBUG] : Current training mode: increased
2023-12-14 19:17:02,528 | [INFO] : deepening layer 1/3: Conv2d(32, 32, kernel_size=(3, 3), stride=(1, 1))
2023-12-14 19:17:02,529 | [DEBUG] : Model size was changed to 29226 parameters
2023-12-14 19:17:02,529 | [DEBUG] : Learning rate is now 0.010000
2023-12-14 19:17:12,354 | [INFO] : New learning rate: 0.009000000000000001
2023-12-14 19:17:14,026 | [DEBUG] : Current model size: 29226 parameters
2023-12-14 19:17:14,026 | [DEBUG] : Current training mode: increased
2023-12-14 19:17:14,026 | [INFO] : no layers were added
2023-12-14 19:17:14,027 | [DEBUG] : Model size was changed to 29226 parameters
2023-12-14 19:17:14,027 | [DEBUG] : Learning rate is now 0.010000
2023-12-14 19:17:23,833 | [INFO] : New learning rate: 0.009000000000000001
2023-12-14 19:17:25,528 | [DEBUG] : Current model size: 29226 parameters
2023-12-14 19:17:25,528 | [DEBUG] : Current training mode: increased
2023-12-14 19:17:25,528 | [INFO] : no layers were added
2023-12-14 19:17:25,529 | [DEBUG] : Model size was changed to 29226 parameters
2023-12-14 19:17:25,529 | [DEBUG] : Learning rate is now 0.010000
2023-12-14 19:17:35,349 | [INFO] : New learning rate: 0.009000000000000001
2023-12-14 19:17:37,023 | [DEBUG] : Current model size: 29226 parameters
2023-12-14 19:17:37,023 | [DEBUG] : Current training mode: increased
2023-12-14 19:17:37,023 | [INFO] : no layers were added
2023-12-14 19:17:37,023 | [DEBUG] : Model size was changed to 29226 parameters
2023-12-14 19:17:37,023 | [DEBUG] : Learning rate is now 0.010000
2023-12-14 19:17:46,906 | [INFO] : New learning rate: 0.009000000000000001
2023-12-14 19:17:48,604 | [DEBUG] : Current model size: 29226 parameters
2023-12-14 19:17:48,604 | [DEBUG] : Current training mode: increased
2023-12-14 19:17:48,604 | [INFO] : no layers were added
2023-12-14 19:17:48,605 | [DEBUG] : Model size was changed to 29226 parameters
2023-12-14 19:17:48,605 | [DEBUG] : Learning rate is now 0.010000
2023-12-14 19:17:50,083 | [INFO] : training has run out of time
2023-12-14 19:17:50,084 | [INFO] : training29 runtime (h:mm:ss): 0:01:11
2023-12-14 19:17:50,084 | [INFO] : training29 end time: 12/14/2023 07:17:50 PM
2023-12-14 19:17:50,084 | [INFO] : episode 30/64 finished, objective: None
