2023-12-14 19:47:19,526 | [INFO] : training55 start time: 12/14/2023 07:47:19 PM
2023-12-14 19:47:19,529 | [INFO] : Initialized model with weights: results/small_late2/weights.pth
2023-12-14 19:47:19,529 | [DEBUG] : Current model size: 10602 parameters
2023-12-14 19:47:19,529 | [DEBUG] : Current training mode: initial
2023-12-14 19:47:19,544 | [INFO] : GPU allocation changing : going up
2023-12-14 19:47:19,546 | [DEBUG] : Current model size: 10602 parameters
2023-12-14 19:47:19,546 | [DEBUG] : Current training mode: increased
2023-12-14 19:47:19,546 | [INFO] : no layers were added
2023-12-14 19:47:19,547 | [DEBUG] : Model size was changed to 10602 parameters
2023-12-14 19:47:19,547 | [DEBUG] : Learning rate is now 0.010000
2023-12-14 19:47:29,268 | [INFO] : New learning rate: 0.009000000000000001
2023-12-14 19:47:30,936 | [DEBUG] : Current model size: 10602 parameters
2023-12-14 19:47:30,936 | [DEBUG] : Current training mode: increased
2023-12-14 19:47:30,938 | [INFO] : deepening layer 1/3: Conv2d(32, 32, kernel_size=(3, 3), stride=(1, 1))
2023-12-14 19:47:30,939 | [DEBUG] : Model size was changed to 19914 parameters
2023-12-14 19:47:30,939 | [DEBUG] : Learning rate is now 0.010000
2023-12-14 19:47:40,583 | [INFO] : New learning rate: 0.009000000000000001
2023-12-14 19:47:42,288 | [DEBUG] : Current model size: 19914 parameters
2023-12-14 19:47:42,288 | [DEBUG] : Current training mode: increased
2023-12-14 19:47:42,288 | [INFO] : no layers were added
2023-12-14 19:47:42,289 | [DEBUG] : Model size was changed to 19914 parameters
2023-12-14 19:47:42,289 | [DEBUG] : Learning rate is now 0.010000
2023-12-14 19:47:51,982 | [INFO] : New learning rate: 0.009000000000000001
2023-12-14 19:47:53,736 | [DEBUG] : Current model size: 19914 parameters
2023-12-14 19:47:53,736 | [DEBUG] : Current training mode: increased
2023-12-14 19:47:53,736 | [INFO] : no layers were added
2023-12-14 19:47:53,736 | [DEBUG] : Model size was changed to 19914 parameters
2023-12-14 19:47:53,736 | [DEBUG] : Learning rate is now 0.010000
2023-12-14 19:48:03,360 | [INFO] : New learning rate: 0.009000000000000001
2023-12-14 19:48:05,025 | [DEBUG] : Current model size: 19914 parameters
2023-12-14 19:48:05,025 | [DEBUG] : Current training mode: increased
2023-12-14 19:48:05,025 | [INFO] : no layers were added
2023-12-14 19:48:05,025 | [DEBUG] : Model size was changed to 19914 parameters
2023-12-14 19:48:05,025 | [DEBUG] : Learning rate is now 0.010000
2023-12-14 19:48:14,649 | [INFO] : New learning rate: 0.009000000000000001
2023-12-14 19:48:16,335 | [DEBUG] : Current model size: 19914 parameters
2023-12-14 19:48:16,335 | [DEBUG] : Current training mode: increased
2023-12-14 19:48:16,335 | [INFO] : no layers were added
2023-12-14 19:48:16,335 | [DEBUG] : Model size was changed to 19914 parameters
2023-12-14 19:48:16,335 | [DEBUG] : Learning rate is now 0.010000
2023-12-14 19:48:26,101 | [INFO] : New learning rate: 0.009000000000000001
2023-12-14 19:48:27,774 | [DEBUG] : Current model size: 19914 parameters
2023-12-14 19:48:27,774 | [DEBUG] : Current training mode: increased
2023-12-14 19:48:27,774 | [INFO] : no layers were added
2023-12-14 19:48:27,775 | [DEBUG] : Model size was changed to 19914 parameters
2023-12-14 19:48:27,775 | [DEBUG] : Learning rate is now 0.010000
2023-12-14 19:48:29,540 | [INFO] : training has run out of time
2023-12-14 19:48:29,541 | [INFO] : training55 runtime (h:mm:ss): 0:01:11
2023-12-14 19:48:29,541 | [INFO] : training55 end time: 12/14/2023 07:48:29 PM
2023-12-14 19:48:29,541 | [INFO] : episode 56/64 finished, objective: None
