2023-12-14 18:57:47,263 | [INFO] : training13 start time: 12/14/2023 06:57:47 PM
2023-12-14 18:57:47,266 | [INFO] : Initialized model with weights: results/small_late2/weights.pth
2023-12-14 18:57:47,266 | [DEBUG] : Current model size: 10602 parameters
2023-12-14 18:57:47,266 | [DEBUG] : Current training mode: initial
2023-12-14 18:57:47,280 | [INFO] : GPU allocation changing : going up
2023-12-14 18:57:47,282 | [DEBUG] : Current model size: 10602 parameters
2023-12-14 18:57:47,282 | [DEBUG] : Current training mode: increased
2023-12-14 18:57:47,283 | [INFO] : deepening layer 0/3: Conv2d(3, 32, kernel_size=(3, 3), stride=(1, 1))
2023-12-14 18:57:47,284 | [DEBUG] : Model size was changed to 19914 parameters
2023-12-14 18:57:47,284 | [DEBUG] : Learning rate is now 0.010000
2023-12-14 18:57:56,920 | [INFO] : New learning rate: 0.009000000000000001
2023-12-14 18:57:58,578 | [DEBUG] : Current model size: 19914 parameters
2023-12-14 18:57:58,579 | [DEBUG] : Current training mode: increased
2023-12-14 18:57:58,579 | [INFO] : no layers were added
2023-12-14 18:57:58,579 | [DEBUG] : Model size was changed to 19914 parameters
2023-12-14 18:57:58,579 | [DEBUG] : Learning rate is now 0.010000
2023-12-14 18:58:08,234 | [INFO] : New learning rate: 0.009000000000000001
2023-12-14 18:58:09,889 | [DEBUG] : Current model size: 19914 parameters
2023-12-14 18:58:09,889 | [DEBUG] : Current training mode: increased
2023-12-14 18:58:09,891 | [INFO] : deepening layer 1/3: Conv2d(32, 32, kernel_size=(3, 3), stride=(1, 1))
2023-12-14 18:58:09,891 | [DEBUG] : Model size was changed to 29226 parameters
2023-12-14 18:58:09,891 | [DEBUG] : Learning rate is now 0.010000
2023-12-14 18:58:19,932 | [INFO] : New learning rate: 0.009000000000000001
2023-12-14 18:58:21,603 | [DEBUG] : Current model size: 29226 parameters
2023-12-14 18:58:21,603 | [DEBUG] : Current training mode: increased
2023-12-14 18:58:21,603 | [INFO] : no layers were added
2023-12-14 18:58:21,603 | [DEBUG] : Model size was changed to 29226 parameters
2023-12-14 18:58:21,603 | [DEBUG] : Learning rate is now 0.010000
2023-12-14 18:58:31,579 | [INFO] : New learning rate: 0.009000000000000001
2023-12-14 18:58:33,252 | [DEBUG] : Current model size: 29226 parameters
2023-12-14 18:58:33,252 | [DEBUG] : Current training mode: increased
2023-12-14 18:58:33,252 | [INFO] : no layers were added
2023-12-14 18:58:33,253 | [DEBUG] : Model size was changed to 29226 parameters
2023-12-14 18:58:33,253 | [DEBUG] : Learning rate is now 0.010000
2023-12-14 18:58:43,042 | [INFO] : New learning rate: 0.009000000000000001
2023-12-14 18:58:44,716 | [DEBUG] : Current model size: 29226 parameters
2023-12-14 18:58:44,717 | [DEBUG] : Current training mode: increased
2023-12-14 18:58:44,717 | [INFO] : no layers were added
2023-12-14 18:58:44,717 | [DEBUG] : Model size was changed to 29226 parameters
2023-12-14 18:58:44,717 | [DEBUG] : Learning rate is now 0.010000
2023-12-14 18:58:54,431 | [INFO] : New learning rate: 0.009000000000000001
2023-12-14 18:58:56,106 | [DEBUG] : Current model size: 29226 parameters
2023-12-14 18:58:56,106 | [DEBUG] : Current training mode: increased
2023-12-14 18:58:56,106 | [INFO] : no layers were added
2023-12-14 18:58:56,106 | [DEBUG] : Model size was changed to 29226 parameters
2023-12-14 18:58:56,106 | [DEBUG] : Learning rate is now 0.010000
2023-12-14 18:58:57,277 | [INFO] : training has run out of time
2023-12-14 18:58:57,278 | [INFO] : training13 runtime (h:mm:ss): 0:01:11
2023-12-14 18:58:57,278 | [INFO] : training13 end time: 12/14/2023 06:58:57 PM
2023-12-14 18:58:57,278 | [INFO] : episode 14/64 finished, objective: None
