2023-12-14 18:51:52,979 | [INFO] : training08 start time: 12/14/2023 06:51:52 PM
2023-12-14 18:51:52,982 | [INFO] : Initialized model with weights: results/small_late2/weights.pth
2023-12-14 18:51:52,982 | [DEBUG] : Current model size: 10602 parameters
2023-12-14 18:51:52,982 | [DEBUG] : Current training mode: initial
2023-12-14 18:51:52,996 | [INFO] : GPU allocation changing : going up
2023-12-14 18:51:52,999 | [DEBUG] : Current model size: 10602 parameters
2023-12-14 18:51:52,999 | [DEBUG] : Current training mode: increased
2023-12-14 18:51:53,000 | [INFO] : deepening layer 0/3: Conv2d(3, 32, kernel_size=(3, 3), stride=(1, 1))
2023-12-14 18:51:53,000 | [DEBUG] : Model size was changed to 19914 parameters
2023-12-14 18:51:53,000 | [DEBUG] : Learning rate is now 0.010000
2023-12-14 18:52:02,664 | [INFO] : New learning rate: 0.009000000000000001
2023-12-14 18:52:04,343 | [DEBUG] : Current model size: 19914 parameters
2023-12-14 18:52:04,343 | [DEBUG] : Current training mode: increased
2023-12-14 18:52:04,344 | [INFO] : deepening layer 2/3: Linear(in_features=32, out_features=10, bias=True)
2023-12-14 18:52:04,344 | [DEBUG] : Model size was changed to 20024 parameters
2023-12-14 18:52:04,344 | [DEBUG] : Learning rate is now 0.010000
2023-12-14 18:52:14,186 | [INFO] : New learning rate: 0.009000000000000001
2023-12-14 18:52:15,860 | [DEBUG] : Current model size: 20024 parameters
2023-12-14 18:52:15,860 | [DEBUG] : Current training mode: increased
2023-12-14 18:52:15,862 | [INFO] : deepening layer 0/3: Conv2d(3, 32, kernel_size=(3, 3), stride=(1, 1))
2023-12-14 18:52:15,862 | [DEBUG] : Model size was changed to 29336 parameters
2023-12-14 18:52:15,862 | [DEBUG] : Learning rate is now 0.010000
2023-12-14 18:52:26,323 | [INFO] : New learning rate: 0.009000000000000001
2023-12-14 18:52:28,018 | [DEBUG] : Current model size: 29336 parameters
2023-12-14 18:52:28,018 | [DEBUG] : Current training mode: increased
2023-12-14 18:52:28,018 | [INFO] : no layers were added
2023-12-14 18:52:28,018 | [DEBUG] : Model size was changed to 29336 parameters
2023-12-14 18:52:28,018 | [DEBUG] : Learning rate is now 0.010000
2023-12-14 18:52:38,203 | [INFO] : New learning rate: 0.009000000000000001
2023-12-14 18:52:39,972 | [DEBUG] : Current model size: 29336 parameters
2023-12-14 18:52:39,972 | [DEBUG] : Current training mode: increased
2023-12-14 18:52:39,972 | [INFO] : no layers were added
2023-12-14 18:52:39,973 | [DEBUG] : Model size was changed to 29336 parameters
2023-12-14 18:52:39,973 | [DEBUG] : Learning rate is now 0.010000
2023-12-14 18:52:50,097 | [INFO] : New learning rate: 0.009000000000000001
2023-12-14 18:52:51,777 | [DEBUG] : Current model size: 29336 parameters
2023-12-14 18:52:51,777 | [DEBUG] : Current training mode: increased
2023-12-14 18:52:51,777 | [INFO] : no layers were added
2023-12-14 18:52:51,777 | [DEBUG] : Model size was changed to 29336 parameters
2023-12-14 18:52:51,777 | [DEBUG] : Learning rate is now 0.010000
2023-12-14 18:53:01,893 | [INFO] : New learning rate: 0.009000000000000001
2023-12-14 18:53:03,576 | [DEBUG] : Current model size: 29336 parameters
2023-12-14 18:53:03,576 | [DEBUG] : Current training mode: increased
2023-12-14 18:53:03,576 | [INFO] : no layers were added
2023-12-14 18:53:03,576 | [DEBUG] : Model size was changed to 29336 parameters
2023-12-14 18:53:03,576 | [DEBUG] : Learning rate is now 0.010000
2023-12-14 18:53:03,589 | [INFO] : training has run out of time
2023-12-14 18:53:03,589 | [INFO] : training08 runtime (h:mm:ss): 0:01:11
2023-12-14 18:53:03,589 | [INFO] : training08 end time: 12/14/2023 06:53:03 PM
2023-12-14 18:53:03,589 | [INFO] : episode 9/64 finished, objective: None
