2023-12-14 19:46:08,802 | [INFO] : training54 start time: 12/14/2023 07:46:08 PM
2023-12-14 19:46:08,805 | [INFO] : Initialized model with weights: results/small_late2/weights.pth
2023-12-14 19:46:08,805 | [DEBUG] : Current model size: 10602 parameters
2023-12-14 19:46:08,805 | [DEBUG] : Current training mode: initial
2023-12-14 19:46:08,819 | [INFO] : GPU allocation changing : going up
2023-12-14 19:46:08,821 | [DEBUG] : Current model size: 10602 parameters
2023-12-14 19:46:08,821 | [DEBUG] : Current training mode: increased
2023-12-14 19:46:08,822 | [INFO] : no layers were added
2023-12-14 19:46:08,822 | [DEBUG] : Model size was changed to 10602 parameters
2023-12-14 19:46:08,822 | [DEBUG] : Learning rate is now 0.010000
2023-12-14 19:46:18,102 | [INFO] : New learning rate: 0.009000000000000001
2023-12-14 19:46:19,745 | [DEBUG] : Current model size: 10602 parameters
2023-12-14 19:46:19,745 | [DEBUG] : Current training mode: increased
2023-12-14 19:46:19,747 | [INFO] : deepening layer 1/3: Conv2d(32, 32, kernel_size=(3, 3), stride=(1, 1))
2023-12-14 19:46:19,747 | [DEBUG] : Model size was changed to 19914 parameters
2023-12-14 19:46:19,747 | [DEBUG] : Learning rate is now 0.010000
2023-12-14 19:46:29,295 | [INFO] : New learning rate: 0.009000000000000001
2023-12-14 19:46:30,980 | [DEBUG] : Current model size: 19914 parameters
2023-12-14 19:46:30,980 | [DEBUG] : Current training mode: increased
2023-12-14 19:46:30,981 | [INFO] : deepening layer 2/3: Linear(in_features=32, out_features=10, bias=True)
2023-12-14 19:46:30,982 | [DEBUG] : Model size was changed to 20024 parameters
2023-12-14 19:46:30,982 | [DEBUG] : Learning rate is now 0.010000
2023-12-14 19:46:40,583 | [INFO] : New learning rate: 0.009000000000000001
2023-12-14 19:46:42,252 | [DEBUG] : Current model size: 20024 parameters
2023-12-14 19:46:42,252 | [DEBUG] : Current training mode: increased
2023-12-14 19:46:42,253 | [INFO] : no layers were added
2023-12-14 19:46:42,253 | [DEBUG] : Model size was changed to 20024 parameters
2023-12-14 19:46:42,253 | [DEBUG] : Learning rate is now 0.010000
2023-12-14 19:46:51,932 | [INFO] : New learning rate: 0.009000000000000001
2023-12-14 19:46:53,609 | [DEBUG] : Current model size: 20024 parameters
2023-12-14 19:46:53,609 | [DEBUG] : Current training mode: increased
2023-12-14 19:46:53,610 | [INFO] : no layers were added
2023-12-14 19:46:53,610 | [DEBUG] : Model size was changed to 20024 parameters
2023-12-14 19:46:53,610 | [DEBUG] : Learning rate is now 0.010000
2023-12-14 19:47:03,265 | [INFO] : New learning rate: 0.009000000000000001
2023-12-14 19:47:04,976 | [DEBUG] : Current model size: 20024 parameters
2023-12-14 19:47:04,976 | [DEBUG] : Current training mode: increased
2023-12-14 19:47:04,976 | [INFO] : no layers were added
2023-12-14 19:47:04,977 | [DEBUG] : Model size was changed to 20024 parameters
2023-12-14 19:47:04,977 | [DEBUG] : Learning rate is now 0.010000
2023-12-14 19:47:14,808 | [INFO] : New learning rate: 0.009000000000000001
2023-12-14 19:47:16,483 | [DEBUG] : Current model size: 20024 parameters
2023-12-14 19:47:16,484 | [DEBUG] : Current training mode: increased
2023-12-14 19:47:16,484 | [INFO] : no layers were added
2023-12-14 19:47:16,485 | [DEBUG] : Model size was changed to 20024 parameters
2023-12-14 19:47:16,485 | [DEBUG] : Learning rate is now 0.010000
2023-12-14 19:47:18,807 | [INFO] : training has run out of time
2023-12-14 19:47:18,808 | [INFO] : training54 runtime (h:mm:ss): 0:01:11
2023-12-14 19:47:18,808 | [INFO] : training54 end time: 12/14/2023 07:47:18 PM
2023-12-14 19:47:18,808 | [INFO] : episode 55/64 finished, objective: None
