2023-12-14 19:06:02,417 | [INFO] : training20 start time: 12/14/2023 07:06:02 PM
2023-12-14 19:06:02,421 | [INFO] : Initialized model with weights: results/small_late2/weights.pth
2023-12-14 19:06:02,421 | [DEBUG] : Current model size: 10602 parameters
2023-12-14 19:06:02,421 | [DEBUG] : Current training mode: initial
2023-12-14 19:06:02,435 | [INFO] : GPU allocation changing : going up
2023-12-14 19:06:02,438 | [DEBUG] : Current model size: 10602 parameters
2023-12-14 19:06:02,438 | [DEBUG] : Current training mode: increased
2023-12-14 19:06:02,439 | [INFO] : deepening layer 1/3: Conv2d(32, 32, kernel_size=(3, 3), stride=(1, 1))
2023-12-14 19:06:02,439 | [DEBUG] : Model size was changed to 19914 parameters
2023-12-14 19:06:02,439 | [DEBUG] : Learning rate is now 0.010000
2023-12-14 19:06:12,222 | [INFO] : New learning rate: 0.009000000000000001
2023-12-14 19:06:13,933 | [DEBUG] : Current model size: 19914 parameters
2023-12-14 19:06:13,934 | [DEBUG] : Current training mode: increased
2023-12-14 19:06:13,935 | [INFO] : deepening layer 1/3: Conv2d(32, 32, kernel_size=(3, 3), stride=(1, 1))
2023-12-14 19:06:13,936 | [DEBUG] : Model size was changed to 29226 parameters
2023-12-14 19:06:13,936 | [DEBUG] : Learning rate is now 0.010000
2023-12-14 19:06:24,045 | [INFO] : New learning rate: 0.009000000000000001
2023-12-14 19:06:25,771 | [DEBUG] : Current model size: 29226 parameters
2023-12-14 19:06:25,771 | [DEBUG] : Current training mode: increased
2023-12-14 19:06:25,772 | [INFO] : deepening layer 0/3: Conv2d(3, 32, kernel_size=(3, 3), stride=(1, 1))
2023-12-14 19:06:25,773 | [DEBUG] : Model size was changed to 38538 parameters
2023-12-14 19:06:25,773 | [DEBUG] : Learning rate is now 0.010000
2023-12-14 19:06:36,209 | [INFO] : New learning rate: 0.009000000000000001
2023-12-14 19:06:37,952 | [DEBUG] : Current model size: 38538 parameters
2023-12-14 19:06:37,952 | [DEBUG] : Current training mode: increased
2023-12-14 19:06:37,952 | [INFO] : no layers were added
2023-12-14 19:06:37,953 | [DEBUG] : Model size was changed to 38538 parameters
2023-12-14 19:06:37,953 | [DEBUG] : Learning rate is now 0.010000
2023-12-14 19:06:48,385 | [INFO] : New learning rate: 0.009000000000000001
2023-12-14 19:06:50,133 | [DEBUG] : Current model size: 38538 parameters
2023-12-14 19:06:50,133 | [DEBUG] : Current training mode: increased
2023-12-14 19:06:50,133 | [INFO] : no layers were added
2023-12-14 19:06:50,134 | [DEBUG] : Model size was changed to 38538 parameters
2023-12-14 19:06:50,134 | [DEBUG] : Learning rate is now 0.010000
2023-12-14 19:07:00,553 | [INFO] : New learning rate: 0.009000000000000001
2023-12-14 19:07:02,299 | [DEBUG] : Current model size: 38538 parameters
2023-12-14 19:07:02,299 | [DEBUG] : Current training mode: increased
2023-12-14 19:07:02,299 | [INFO] : no layers were added
2023-12-14 19:07:02,300 | [DEBUG] : Model size was changed to 38538 parameters
2023-12-14 19:07:02,300 | [DEBUG] : Learning rate is now 0.010000
2023-12-14 19:07:12,429 | [INFO] : training has run out of time
2023-12-14 19:07:12,431 | [INFO] : training20 runtime (h:mm:ss): 0:01:11
2023-12-14 19:07:12,431 | [INFO] : training20 end time: 12/14/2023 07:07:12 PM
2023-12-14 19:07:12,431 | [INFO] : episode 21/64 finished, objective: None
