2023-12-14 19:21:23,014 | [INFO] : training33 start time: 12/14/2023 07:21:23 PM
2023-12-14 19:21:23,017 | [INFO] : Initialized model with weights: results/small_late2/weights.pth
2023-12-14 19:21:23,017 | [DEBUG] : Current model size: 10602 parameters
2023-12-14 19:21:23,017 | [DEBUG] : Current training mode: initial
2023-12-14 19:21:23,031 | [INFO] : GPU allocation changing : going up
2023-12-14 19:21:23,033 | [DEBUG] : Current model size: 10602 parameters
2023-12-14 19:21:23,033 | [DEBUG] : Current training mode: increased
2023-12-14 19:21:23,034 | [INFO] : deepening layer 2/3: Linear(in_features=32, out_features=10, bias=True)
2023-12-14 19:21:23,034 | [DEBUG] : Model size was changed to 10712 parameters
2023-12-14 19:21:23,034 | [DEBUG] : Learning rate is now 0.010000
2023-12-14 19:21:32,370 | [INFO] : New learning rate: 0.009000000000000001
2023-12-14 19:21:34,063 | [DEBUG] : Current model size: 10712 parameters
2023-12-14 19:21:34,063 | [DEBUG] : Current training mode: increased
2023-12-14 19:21:34,065 | [INFO] : deepening layer 0/3: Conv2d(3, 32, kernel_size=(3, 3), stride=(1, 1))
2023-12-14 19:21:34,065 | [DEBUG] : Model size was changed to 20024 parameters
2023-12-14 19:21:34,065 | [DEBUG] : Learning rate is now 0.010000
2023-12-14 19:21:43,674 | [INFO] : New learning rate: 0.009000000000000001
2023-12-14 19:21:45,431 | [DEBUG] : Current model size: 20024 parameters
2023-12-14 19:21:45,431 | [DEBUG] : Current training mode: increased
2023-12-14 19:21:45,432 | [INFO] : deepening layer 1/3: Conv2d(32, 32, kernel_size=(3, 3), stride=(1, 1))
2023-12-14 19:21:45,433 | [DEBUG] : Model size was changed to 29336 parameters
2023-12-14 19:21:45,433 | [DEBUG] : Learning rate is now 0.010000
2023-12-14 19:21:55,376 | [INFO] : New learning rate: 0.009000000000000001
2023-12-14 19:21:57,083 | [DEBUG] : Current model size: 29336 parameters
2023-12-14 19:21:57,083 | [DEBUG] : Current training mode: increased
2023-12-14 19:21:57,083 | [INFO] : no layers were added
2023-12-14 19:21:57,084 | [DEBUG] : Model size was changed to 29336 parameters
2023-12-14 19:21:57,084 | [DEBUG] : Learning rate is now 0.010000
2023-12-14 19:22:07,029 | [INFO] : New learning rate: 0.009000000000000001
2023-12-14 19:22:08,723 | [DEBUG] : Current model size: 29336 parameters
2023-12-14 19:22:08,723 | [DEBUG] : Current training mode: increased
2023-12-14 19:22:08,723 | [INFO] : no layers were added
2023-12-14 19:22:08,723 | [DEBUG] : Model size was changed to 29336 parameters
2023-12-14 19:22:08,723 | [DEBUG] : Learning rate is now 0.010000
2023-12-14 19:22:18,666 | [INFO] : New learning rate: 0.009000000000000001
2023-12-14 19:22:20,376 | [DEBUG] : Current model size: 29336 parameters
2023-12-14 19:22:20,376 | [DEBUG] : Current training mode: increased
2023-12-14 19:22:20,376 | [INFO] : no layers were added
2023-12-14 19:22:20,377 | [DEBUG] : Model size was changed to 29336 parameters
2023-12-14 19:22:20,377 | [DEBUG] : Learning rate is now 0.010000
2023-12-14 19:22:30,292 | [INFO] : New learning rate: 0.009000000000000001
2023-12-14 19:22:31,980 | [DEBUG] : Current model size: 29336 parameters
2023-12-14 19:22:31,980 | [DEBUG] : Current training mode: increased
2023-12-14 19:22:31,980 | [INFO] : no layers were added
2023-12-14 19:22:31,981 | [DEBUG] : Model size was changed to 29336 parameters
2023-12-14 19:22:31,981 | [DEBUG] : Learning rate is now 0.010000
2023-12-14 19:22:33,021 | [INFO] : training has run out of time
2023-12-14 19:22:33,022 | [INFO] : training33 runtime (h:mm:ss): 0:01:11
2023-12-14 19:22:33,022 | [INFO] : training33 end time: 12/14/2023 07:22:33 PM
2023-12-14 19:22:33,022 | [INFO] : episode 34/64 finished, objective: None
