2023-12-14 19:26:05,969 | [INFO] : training37 start time: 12/14/2023 07:26:05 PM
2023-12-14 19:26:05,972 | [INFO] : Initialized model with weights: results/small_late2/weights.pth
2023-12-14 19:26:05,972 | [DEBUG] : Current model size: 10602 parameters
2023-12-14 19:26:05,972 | [DEBUG] : Current training mode: initial
2023-12-14 19:26:05,986 | [INFO] : GPU allocation changing : going up
2023-12-14 19:26:05,988 | [DEBUG] : Current model size: 10602 parameters
2023-12-14 19:26:05,988 | [DEBUG] : Current training mode: increased
2023-12-14 19:26:05,989 | [INFO] : deepening layer 2/3: Linear(in_features=32, out_features=10, bias=True)
2023-12-14 19:26:05,989 | [DEBUG] : Model size was changed to 10712 parameters
2023-12-14 19:26:05,989 | [DEBUG] : Learning rate is now 0.010000
2023-12-14 19:26:15,420 | [INFO] : New learning rate: 0.009000000000000001
2023-12-14 19:26:17,074 | [DEBUG] : Current model size: 10712 parameters
2023-12-14 19:26:17,074 | [DEBUG] : Current training mode: increased
2023-12-14 19:26:17,075 | [INFO] : deepening layer 1/3: Conv2d(32, 32, kernel_size=(3, 3), stride=(1, 1))
2023-12-14 19:26:17,076 | [DEBUG] : Model size was changed to 20024 parameters
2023-12-14 19:26:17,076 | [DEBUG] : Learning rate is now 0.010000
2023-12-14 19:26:26,735 | [INFO] : New learning rate: 0.009000000000000001
2023-12-14 19:26:28,474 | [DEBUG] : Current model size: 20024 parameters
2023-12-14 19:26:28,474 | [DEBUG] : Current training mode: increased
2023-12-14 19:26:28,476 | [INFO] : deepening layer 1/3: Conv2d(32, 32, kernel_size=(3, 3), stride=(1, 1))
2023-12-14 19:26:28,476 | [DEBUG] : Model size was changed to 29336 parameters
2023-12-14 19:26:28,477 | [DEBUG] : Learning rate is now 0.010000
2023-12-14 19:26:38,689 | [INFO] : New learning rate: 0.009000000000000001
2023-12-14 19:26:40,465 | [DEBUG] : Current model size: 29336 parameters
2023-12-14 19:26:40,465 | [DEBUG] : Current training mode: increased
2023-12-14 19:26:40,465 | [INFO] : no layers were added
2023-12-14 19:26:40,465 | [DEBUG] : Model size was changed to 29336 parameters
2023-12-14 19:26:40,465 | [DEBUG] : Learning rate is now 0.010000
2023-12-14 19:26:50,849 | [INFO] : New learning rate: 0.009000000000000001
2023-12-14 19:26:52,653 | [DEBUG] : Current model size: 29336 parameters
2023-12-14 19:26:52,653 | [DEBUG] : Current training mode: increased
2023-12-14 19:26:52,653 | [INFO] : no layers were added
2023-12-14 19:26:52,653 | [DEBUG] : Model size was changed to 29336 parameters
2023-12-14 19:26:52,653 | [DEBUG] : Learning rate is now 0.010000
2023-12-14 19:27:02,752 | [INFO] : New learning rate: 0.009000000000000001
2023-12-14 19:27:04,437 | [DEBUG] : Current model size: 29336 parameters
2023-12-14 19:27:04,437 | [DEBUG] : Current training mode: increased
2023-12-14 19:27:04,438 | [INFO] : no layers were added
2023-12-14 19:27:04,438 | [DEBUG] : Model size was changed to 29336 parameters
2023-12-14 19:27:04,438 | [DEBUG] : Learning rate is now 0.010000
2023-12-14 19:27:14,464 | [INFO] : New learning rate: 0.009000000000000001
2023-12-14 19:27:16,176 | [DEBUG] : Current model size: 29336 parameters
2023-12-14 19:27:16,176 | [DEBUG] : Current training mode: increased
2023-12-14 19:27:16,176 | [INFO] : no layers were added
2023-12-14 19:27:16,177 | [DEBUG] : Model size was changed to 29336 parameters
2023-12-14 19:27:16,177 | [DEBUG] : Learning rate is now 0.010000
2023-12-14 19:27:16,189 | [INFO] : training has run out of time
2023-12-14 19:27:16,190 | [INFO] : training37 runtime (h:mm:ss): 0:01:11
2023-12-14 19:27:16,190 | [INFO] : training37 end time: 12/14/2023 07:27:16 PM
2023-12-14 19:27:16,190 | [INFO] : episode 38/64 finished, objective: None
