2023-12-14 19:50:51,776 | [INFO] : training58 start time: 12/14/2023 07:50:51 PM
2023-12-14 19:50:51,779 | [INFO] : Initialized model with weights: results/small_late2/weights.pth
2023-12-14 19:50:51,779 | [DEBUG] : Current model size: 10602 parameters
2023-12-14 19:50:51,779 | [DEBUG] : Current training mode: initial
2023-12-14 19:50:51,793 | [INFO] : GPU allocation changing : going up
2023-12-14 19:50:51,795 | [DEBUG] : Current model size: 10602 parameters
2023-12-14 19:50:51,795 | [DEBUG] : Current training mode: increased
2023-12-14 19:50:51,795 | [INFO] : no layers were added
2023-12-14 19:50:51,795 | [DEBUG] : Model size was changed to 10602 parameters
2023-12-14 19:50:51,795 | [DEBUG] : Learning rate is now 0.010000
2023-12-14 19:51:01,347 | [INFO] : New learning rate: 0.009000000000000001
2023-12-14 19:51:03,021 | [DEBUG] : Current model size: 10602 parameters
2023-12-14 19:51:03,021 | [DEBUG] : Current training mode: increased
2023-12-14 19:51:03,023 | [INFO] : deepening layer 2/3: Linear(in_features=32, out_features=10, bias=True)
2023-12-14 19:51:03,023 | [DEBUG] : Model size was changed to 10712 parameters
2023-12-14 19:51:03,023 | [DEBUG] : Learning rate is now 0.010000
2023-12-14 19:51:12,780 | [INFO] : New learning rate: 0.009000000000000001
2023-12-14 19:51:14,485 | [DEBUG] : Current model size: 10712 parameters
2023-12-14 19:51:14,485 | [DEBUG] : Current training mode: increased
2023-12-14 19:51:14,486 | [INFO] : deepening layer 2/3: Linear(in_features=32, out_features=10, bias=True)
2023-12-14 19:51:14,486 | [DEBUG] : Model size was changed to 10822 parameters
2023-12-14 19:51:14,486 | [DEBUG] : Learning rate is now 0.010000
2023-12-14 19:51:24,187 | [INFO] : New learning rate: 0.009000000000000001
2023-12-14 19:51:25,887 | [DEBUG] : Current model size: 10822 parameters
2023-12-14 19:51:25,887 | [DEBUG] : Current training mode: increased
2023-12-14 19:51:25,887 | [INFO] : no layers were added
2023-12-14 19:51:25,887 | [DEBUG] : Model size was changed to 10822 parameters
2023-12-14 19:51:25,888 | [DEBUG] : Learning rate is now 0.010000
2023-12-14 19:51:35,698 | [INFO] : New learning rate: 0.009000000000000001
2023-12-14 19:51:37,439 | [DEBUG] : Current model size: 10822 parameters
2023-12-14 19:51:37,439 | [DEBUG] : Current training mode: increased
2023-12-14 19:51:37,439 | [INFO] : no layers were added
2023-12-14 19:51:37,439 | [DEBUG] : Model size was changed to 10822 parameters
2023-12-14 19:51:37,439 | [DEBUG] : Learning rate is now 0.010000
2023-12-14 19:51:47,278 | [INFO] : New learning rate: 0.009000000000000001
2023-12-14 19:51:49,012 | [DEBUG] : Current model size: 10822 parameters
2023-12-14 19:51:49,012 | [DEBUG] : Current training mode: increased
2023-12-14 19:51:49,012 | [INFO] : no layers were added
2023-12-14 19:51:49,013 | [DEBUG] : Model size was changed to 10822 parameters
2023-12-14 19:51:49,013 | [DEBUG] : Learning rate is now 0.010000
2023-12-14 19:51:58,802 | [INFO] : New learning rate: 0.009000000000000001
2023-12-14 19:52:00,537 | [DEBUG] : Current model size: 10822 parameters
2023-12-14 19:52:00,537 | [DEBUG] : Current training mode: increased
2023-12-14 19:52:00,538 | [INFO] : no layers were added
2023-12-14 19:52:00,538 | [DEBUG] : Model size was changed to 10822 parameters
2023-12-14 19:52:00,538 | [DEBUG] : Learning rate is now 0.010000
2023-12-14 19:52:01,785 | [INFO] : training has run out of time
2023-12-14 19:52:01,786 | [INFO] : training58 runtime (h:mm:ss): 0:01:11
2023-12-14 19:52:01,786 | [INFO] : training58 end time: 12/14/2023 07:52:01 PM
2023-12-14 19:52:01,786 | [INFO] : episode 59/64 finished, objective: None
