2023-12-14 19:24:55,219 | [INFO] : training36 start time: 12/14/2023 07:24:55 PM
2023-12-14 19:24:55,223 | [INFO] : Initialized model with weights: results/small_late2/weights.pth
2023-12-14 19:24:55,223 | [DEBUG] : Current model size: 10602 parameters
2023-12-14 19:24:55,223 | [DEBUG] : Current training mode: initial
2023-12-14 19:24:55,237 | [INFO] : GPU allocation changing : going up
2023-12-14 19:24:55,239 | [DEBUG] : Current model size: 10602 parameters
2023-12-14 19:24:55,239 | [DEBUG] : Current training mode: increased
2023-12-14 19:24:55,240 | [INFO] : deepening layer 2/3: Linear(in_features=32, out_features=10, bias=True)
2023-12-14 19:24:55,240 | [DEBUG] : Model size was changed to 10712 parameters
2023-12-14 19:24:55,240 | [DEBUG] : Learning rate is now 0.010000
2023-12-14 19:25:04,517 | [INFO] : New learning rate: 0.009000000000000001
2023-12-14 19:25:06,164 | [DEBUG] : Current model size: 10712 parameters
2023-12-14 19:25:06,164 | [DEBUG] : Current training mode: increased
2023-12-14 19:25:06,165 | [INFO] : deepening layer 1/3: Conv2d(32, 32, kernel_size=(3, 3), stride=(1, 1))
2023-12-14 19:25:06,166 | [DEBUG] : Model size was changed to 20024 parameters
2023-12-14 19:25:06,166 | [DEBUG] : Learning rate is now 0.010000
2023-12-14 19:25:15,765 | [INFO] : New learning rate: 0.009000000000000001
2023-12-14 19:25:17,433 | [DEBUG] : Current model size: 20024 parameters
2023-12-14 19:25:17,434 | [DEBUG] : Current training mode: increased
2023-12-14 19:25:17,435 | [INFO] : deepening layer 0/3: Conv2d(3, 32, kernel_size=(3, 3), stride=(1, 1))
2023-12-14 19:25:17,435 | [DEBUG] : Model size was changed to 29336 parameters
2023-12-14 19:25:17,435 | [DEBUG] : Learning rate is now 0.010000
2023-12-14 19:25:27,361 | [INFO] : New learning rate: 0.009000000000000001
2023-12-14 19:25:29,051 | [DEBUG] : Current model size: 29336 parameters
2023-12-14 19:25:29,051 | [DEBUG] : Current training mode: increased
2023-12-14 19:25:29,051 | [INFO] : no layers were added
2023-12-14 19:25:29,052 | [DEBUG] : Model size was changed to 29336 parameters
2023-12-14 19:25:29,052 | [DEBUG] : Learning rate is now 0.010000
2023-12-14 19:25:38,972 | [INFO] : New learning rate: 0.009000000000000001
2023-12-14 19:25:40,657 | [DEBUG] : Current model size: 29336 parameters
2023-12-14 19:25:40,657 | [DEBUG] : Current training mode: increased
2023-12-14 19:25:40,657 | [INFO] : no layers were added
2023-12-14 19:25:40,657 | [DEBUG] : Model size was changed to 29336 parameters
2023-12-14 19:25:40,657 | [DEBUG] : Learning rate is now 0.010000
2023-12-14 19:25:50,650 | [INFO] : New learning rate: 0.009000000000000001
2023-12-14 19:25:52,378 | [DEBUG] : Current model size: 29336 parameters
2023-12-14 19:25:52,378 | [DEBUG] : Current training mode: increased
2023-12-14 19:25:52,378 | [INFO] : no layers were added
2023-12-14 19:25:52,378 | [DEBUG] : Model size was changed to 29336 parameters
2023-12-14 19:25:52,378 | [DEBUG] : Learning rate is now 0.010000
2023-12-14 19:26:02,396 | [INFO] : New learning rate: 0.009000000000000001
2023-12-14 19:26:04,116 | [DEBUG] : Current model size: 29336 parameters
2023-12-14 19:26:04,116 | [DEBUG] : Current training mode: increased
2023-12-14 19:26:04,116 | [INFO] : no layers were added
2023-12-14 19:26:04,116 | [DEBUG] : Model size was changed to 29336 parameters
2023-12-14 19:26:04,116 | [DEBUG] : Learning rate is now 0.010000
2023-12-14 19:26:05,234 | [INFO] : training has run out of time
2023-12-14 19:26:05,235 | [INFO] : training36 runtime (h:mm:ss): 0:01:11
2023-12-14 19:26:05,235 | [INFO] : training36 end time: 12/14/2023 07:26:05 PM
2023-12-14 19:26:05,235 | [INFO] : episode 37/64 finished, objective: None
