2023-12-14 18:48:18,783 | [INFO] : training05 start time: 12/14/2023 06:48:18 PM
2023-12-14 18:48:18,786 | [INFO] : Initialized model with weights: results/small_late2/weights.pth
2023-12-14 18:48:18,786 | [DEBUG] : Current model size: 10602 parameters
2023-12-14 18:48:18,786 | [DEBUG] : Current training mode: initial
2023-12-14 18:48:18,800 | [INFO] : GPU allocation changing : going up
2023-12-14 18:48:18,802 | [DEBUG] : Current model size: 10602 parameters
2023-12-14 18:48:18,802 | [DEBUG] : Current training mode: increased
2023-12-14 18:48:18,804 | [INFO] : deepening layer 0/3: Conv2d(3, 32, kernel_size=(3, 3), stride=(1, 1))
2023-12-14 18:48:18,804 | [DEBUG] : Model size was changed to 19914 parameters
2023-12-14 18:48:18,804 | [DEBUG] : Learning rate is now 0.010000
2023-12-14 18:48:28,525 | [INFO] : New learning rate: 0.009000000000000001
2023-12-14 18:48:30,182 | [DEBUG] : Current model size: 19914 parameters
2023-12-14 18:48:30,182 | [DEBUG] : Current training mode: increased
2023-12-14 18:48:30,184 | [INFO] : deepening layer 1/3: Conv2d(32, 32, kernel_size=(3, 3), stride=(1, 1))
2023-12-14 18:48:30,184 | [DEBUG] : Model size was changed to 29226 parameters
2023-12-14 18:48:30,184 | [DEBUG] : Learning rate is now 0.010000
2023-12-14 18:48:40,166 | [INFO] : New learning rate: 0.009000000000000001
2023-12-14 18:48:41,838 | [DEBUG] : Current model size: 29226 parameters
2023-12-14 18:48:41,838 | [DEBUG] : Current training mode: increased
2023-12-14 18:48:41,840 | [INFO] : deepening layer 1/3: Conv2d(32, 32, kernel_size=(3, 3), stride=(1, 1))
2023-12-14 18:48:41,840 | [DEBUG] : Model size was changed to 38538 parameters
2023-12-14 18:48:41,840 | [DEBUG] : Learning rate is now 0.010000
2023-12-14 18:48:52,188 | [INFO] : New learning rate: 0.009000000000000001
2023-12-14 18:48:53,879 | [DEBUG] : Current model size: 38538 parameters
2023-12-14 18:48:53,879 | [DEBUG] : Current training mode: increased
2023-12-14 18:48:53,879 | [INFO] : no layers were added
2023-12-14 18:48:53,880 | [DEBUG] : Model size was changed to 38538 parameters
2023-12-14 18:48:53,880 | [DEBUG] : Learning rate is now 0.010000
2023-12-14 18:49:04,212 | [INFO] : New learning rate: 0.009000000000000001
2023-12-14 18:49:05,900 | [DEBUG] : Current model size: 38538 parameters
2023-12-14 18:49:05,900 | [DEBUG] : Current training mode: increased
2023-12-14 18:49:05,900 | [INFO] : no layers were added
2023-12-14 18:49:05,901 | [DEBUG] : Model size was changed to 38538 parameters
2023-12-14 18:49:05,901 | [DEBUG] : Learning rate is now 0.010000
2023-12-14 18:49:16,249 | [INFO] : New learning rate: 0.009000000000000001
2023-12-14 18:49:17,947 | [DEBUG] : Current model size: 38538 parameters
2023-12-14 18:49:17,947 | [DEBUG] : Current training mode: increased
2023-12-14 18:49:17,947 | [INFO] : no layers were added
2023-12-14 18:49:17,948 | [DEBUG] : Model size was changed to 38538 parameters
2023-12-14 18:49:17,948 | [DEBUG] : Learning rate is now 0.010000
2023-12-14 18:49:28,279 | [INFO] : New learning rate: 0.009000000000000001
2023-12-14 18:49:29,976 | [DEBUG] : Current model size: 38538 parameters
2023-12-14 18:49:29,976 | [DEBUG] : Current training mode: increased
2023-12-14 18:49:29,976 | [INFO] : no layers were added
2023-12-14 18:49:29,976 | [DEBUG] : Model size was changed to 38538 parameters
2023-12-14 18:49:29,976 | [DEBUG] : Learning rate is now 0.010000
2023-12-14 18:49:29,989 | [INFO] : training has run out of time
2023-12-14 18:49:29,989 | [INFO] : training05 runtime (h:mm:ss): 0:01:12
2023-12-14 18:49:29,989 | [INFO] : training05 end time: 12/14/2023 06:49:29 PM
2023-12-14 18:49:29,989 | [INFO] : episode 6/64 finished, objective: None
