2023-12-14 18:55:25,803 | [INFO] : training11 start time: 12/14/2023 06:55:25 PM
2023-12-14 18:55:25,806 | [INFO] : Initialized model with weights: results/small_late2/weights.pth
2023-12-14 18:55:25,806 | [DEBUG] : Current model size: 10602 parameters
2023-12-14 18:55:25,806 | [DEBUG] : Current training mode: initial
2023-12-14 18:55:25,820 | [INFO] : GPU allocation changing : going up
2023-12-14 18:55:25,822 | [DEBUG] : Current model size: 10602 parameters
2023-12-14 18:55:25,822 | [DEBUG] : Current training mode: increased
2023-12-14 18:55:25,824 | [INFO] : deepening layer 0/3: Conv2d(3, 32, kernel_size=(3, 3), stride=(1, 1))
2023-12-14 18:55:25,824 | [DEBUG] : Model size was changed to 19914 parameters
2023-12-14 18:55:25,824 | [DEBUG] : Learning rate is now 0.010000
2023-12-14 18:55:35,480 | [INFO] : New learning rate: 0.009000000000000001
2023-12-14 18:55:37,138 | [DEBUG] : Current model size: 19914 parameters
2023-12-14 18:55:37,138 | [DEBUG] : Current training mode: increased
2023-12-14 18:55:37,139 | [INFO] : deepening layer 2/3: Linear(in_features=32, out_features=10, bias=True)
2023-12-14 18:55:37,139 | [DEBUG] : Model size was changed to 20024 parameters
2023-12-14 18:55:37,139 | [DEBUG] : Learning rate is now 0.010000
2023-12-14 18:55:46,952 | [INFO] : New learning rate: 0.009000000000000001
2023-12-14 18:55:48,619 | [DEBUG] : Current model size: 20024 parameters
2023-12-14 18:55:48,619 | [DEBUG] : Current training mode: increased
2023-12-14 18:55:48,619 | [INFO] : no layers were added
2023-12-14 18:55:48,620 | [DEBUG] : Model size was changed to 20024 parameters
2023-12-14 18:55:48,620 | [DEBUG] : Learning rate is now 0.010000
2023-12-14 18:55:58,418 | [INFO] : New learning rate: 0.009000000000000001
2023-12-14 18:56:00,084 | [DEBUG] : Current model size: 20024 parameters
2023-12-14 18:56:00,084 | [DEBUG] : Current training mode: increased
2023-12-14 18:56:00,085 | [INFO] : no layers were added
2023-12-14 18:56:00,085 | [DEBUG] : Model size was changed to 20024 parameters
2023-12-14 18:56:00,085 | [DEBUG] : Learning rate is now 0.010000
2023-12-14 18:56:09,878 | [INFO] : New learning rate: 0.009000000000000001
2023-12-14 18:56:11,547 | [DEBUG] : Current model size: 20024 parameters
2023-12-14 18:56:11,547 | [DEBUG] : Current training mode: increased
2023-12-14 18:56:11,548 | [INFO] : no layers were added
2023-12-14 18:56:11,548 | [DEBUG] : Model size was changed to 20024 parameters
2023-12-14 18:56:11,548 | [DEBUG] : Learning rate is now 0.010000
2023-12-14 18:56:21,338 | [INFO] : New learning rate: 0.009000000000000001
2023-12-14 18:56:23,003 | [DEBUG] : Current model size: 20024 parameters
2023-12-14 18:56:23,003 | [DEBUG] : Current training mode: increased
2023-12-14 18:56:23,003 | [INFO] : no layers were added
2023-12-14 18:56:23,004 | [DEBUG] : Model size was changed to 20024 parameters
2023-12-14 18:56:23,004 | [DEBUG] : Learning rate is now 0.010000
2023-12-14 18:56:32,800 | [INFO] : New learning rate: 0.009000000000000001
2023-12-14 18:56:34,468 | [DEBUG] : Current model size: 20024 parameters
2023-12-14 18:56:34,468 | [DEBUG] : Current training mode: increased
2023-12-14 18:56:34,468 | [INFO] : no layers were added
2023-12-14 18:56:34,468 | [DEBUG] : Model size was changed to 20024 parameters
2023-12-14 18:56:34,468 | [DEBUG] : Learning rate is now 0.010000
2023-12-14 18:56:35,811 | [INFO] : training has run out of time
2023-12-14 18:56:35,811 | [INFO] : training11 runtime (h:mm:ss): 0:01:11
2023-12-14 18:56:35,811 | [INFO] : training11 end time: 12/14/2023 06:56:35 PM
2023-12-14 18:56:35,811 | [INFO] : episode 12/64 finished, objective: None
