2023-12-14 19:40:15,103 | [INFO] : training49 start time: 12/14/2023 07:40:15 PM
2023-12-14 19:40:15,106 | [INFO] : Initialized model with weights: results/small_late2/weights.pth
2023-12-14 19:40:15,106 | [DEBUG] : Current model size: 10602 parameters
2023-12-14 19:40:15,106 | [DEBUG] : Current training mode: initial
2023-12-14 19:40:15,120 | [INFO] : GPU allocation changing : going up
2023-12-14 19:40:15,122 | [DEBUG] : Current model size: 10602 parameters
2023-12-14 19:40:15,122 | [DEBUG] : Current training mode: increased
2023-12-14 19:40:15,122 | [INFO] : no layers were added
2023-12-14 19:40:15,123 | [DEBUG] : Model size was changed to 10602 parameters
2023-12-14 19:40:15,123 | [DEBUG] : Learning rate is now 0.010000
2023-12-14 19:40:24,446 | [INFO] : New learning rate: 0.009000000000000001
2023-12-14 19:40:26,139 | [DEBUG] : Current model size: 10602 parameters
2023-12-14 19:40:26,139 | [DEBUG] : Current training mode: increased
2023-12-14 19:40:26,141 | [INFO] : deepening layer 0/3: Conv2d(3, 32, kernel_size=(3, 3), stride=(1, 1))
2023-12-14 19:40:26,141 | [DEBUG] : Model size was changed to 19914 parameters
2023-12-14 19:40:26,141 | [DEBUG] : Learning rate is now 0.010000
2023-12-14 19:40:35,628 | [INFO] : New learning rate: 0.009000000000000001
2023-12-14 19:40:37,392 | [DEBUG] : Current model size: 19914 parameters
2023-12-14 19:40:37,392 | [DEBUG] : Current training mode: increased
2023-12-14 19:40:37,394 | [INFO] : deepening layer 1/3: Conv2d(32, 32, kernel_size=(3, 3), stride=(1, 1))
2023-12-14 19:40:37,394 | [DEBUG] : Model size was changed to 29226 parameters
2023-12-14 19:40:37,394 | [DEBUG] : Learning rate is now 0.010000
2023-12-14 19:40:47,161 | [INFO] : New learning rate: 0.009000000000000001
2023-12-14 19:40:48,843 | [DEBUG] : Current model size: 29226 parameters
2023-12-14 19:40:48,843 | [DEBUG] : Current training mode: increased
2023-12-14 19:40:48,844 | [INFO] : no layers were added
2023-12-14 19:40:48,844 | [DEBUG] : Model size was changed to 29226 parameters
2023-12-14 19:40:48,844 | [DEBUG] : Learning rate is now 0.010000
2023-12-14 19:40:58,552 | [INFO] : New learning rate: 0.009000000000000001
2023-12-14 19:41:00,251 | [DEBUG] : Current model size: 29226 parameters
2023-12-14 19:41:00,251 | [DEBUG] : Current training mode: increased
2023-12-14 19:41:00,251 | [INFO] : no layers were added
2023-12-14 19:41:00,252 | [DEBUG] : Model size was changed to 29226 parameters
2023-12-14 19:41:00,252 | [DEBUG] : Learning rate is now 0.010000
2023-12-14 19:41:10,008 | [INFO] : New learning rate: 0.009000000000000001
2023-12-14 19:41:11,715 | [DEBUG] : Current model size: 29226 parameters
2023-12-14 19:41:11,715 | [DEBUG] : Current training mode: increased
2023-12-14 19:41:11,715 | [INFO] : no layers were added
2023-12-14 19:41:11,716 | [DEBUG] : Model size was changed to 29226 parameters
2023-12-14 19:41:11,716 | [DEBUG] : Learning rate is now 0.010000
2023-12-14 19:41:21,558 | [INFO] : New learning rate: 0.009000000000000001
2023-12-14 19:41:23,295 | [DEBUG] : Current model size: 29226 parameters
2023-12-14 19:41:23,295 | [DEBUG] : Current training mode: increased
2023-12-14 19:41:23,295 | [INFO] : no layers were added
2023-12-14 19:41:23,295 | [DEBUG] : Model size was changed to 29226 parameters
2023-12-14 19:41:23,295 | [DEBUG] : Learning rate is now 0.010000
2023-12-14 19:41:25,117 | [INFO] : training has run out of time
2023-12-14 19:41:25,118 | [INFO] : training49 runtime (h:mm:ss): 0:01:11
2023-12-14 19:41:25,118 | [INFO] : training49 end time: 12/14/2023 07:41:25 PM
2023-12-14 19:41:25,118 | [INFO] : episode 50/64 finished, objective: None
