2023-12-14 19:00:08,729 | [INFO] : training15 start time: 12/14/2023 07:00:08 PM
2023-12-14 19:00:08,732 | [INFO] : Initialized model with weights: results/small_late2/weights.pth
2023-12-14 19:00:08,732 | [DEBUG] : Current model size: 10602 parameters
2023-12-14 19:00:08,732 | [DEBUG] : Current training mode: initial
2023-12-14 19:00:08,746 | [INFO] : GPU allocation changing : going up
2023-12-14 19:00:08,748 | [DEBUG] : Current model size: 10602 parameters
2023-12-14 19:00:08,748 | [DEBUG] : Current training mode: increased
2023-12-14 19:00:08,749 | [INFO] : deepening layer 0/3: Conv2d(3, 32, kernel_size=(3, 3), stride=(1, 1))
2023-12-14 19:00:08,750 | [DEBUG] : Model size was changed to 19914 parameters
2023-12-14 19:00:08,750 | [DEBUG] : Learning rate is now 0.010000
2023-12-14 19:00:18,266 | [INFO] : New learning rate: 0.009000000000000001
2023-12-14 19:00:19,931 | [DEBUG] : Current model size: 19914 parameters
2023-12-14 19:00:19,931 | [DEBUG] : Current training mode: increased
2023-12-14 19:00:19,931 | [INFO] : no layers were added
2023-12-14 19:00:19,931 | [DEBUG] : Model size was changed to 19914 parameters
2023-12-14 19:00:19,931 | [DEBUG] : Learning rate is now 0.010000
2023-12-14 19:00:29,432 | [INFO] : New learning rate: 0.009000000000000001
2023-12-14 19:00:31,100 | [DEBUG] : Current model size: 19914 parameters
2023-12-14 19:00:31,100 | [DEBUG] : Current training mode: increased
2023-12-14 19:00:31,100 | [INFO] : no layers were added
2023-12-14 19:00:31,100 | [DEBUG] : Model size was changed to 19914 parameters
2023-12-14 19:00:31,100 | [DEBUG] : Learning rate is now 0.010000
2023-12-14 19:00:40,609 | [INFO] : New learning rate: 0.009000000000000001
2023-12-14 19:00:42,275 | [DEBUG] : Current model size: 19914 parameters
2023-12-14 19:00:42,275 | [DEBUG] : Current training mode: increased
2023-12-14 19:00:42,275 | [INFO] : no layers were added
2023-12-14 19:00:42,275 | [DEBUG] : Model size was changed to 19914 parameters
2023-12-14 19:00:42,275 | [DEBUG] : Learning rate is now 0.010000
2023-12-14 19:00:51,773 | [INFO] : New learning rate: 0.009000000000000001
2023-12-14 19:00:53,440 | [DEBUG] : Current model size: 19914 parameters
2023-12-14 19:00:53,440 | [DEBUG] : Current training mode: increased
2023-12-14 19:00:53,440 | [INFO] : no layers were added
2023-12-14 19:00:53,440 | [DEBUG] : Model size was changed to 19914 parameters
2023-12-14 19:00:53,440 | [DEBUG] : Learning rate is now 0.010000
2023-12-14 19:01:02,951 | [INFO] : New learning rate: 0.009000000000000001
2023-12-14 19:01:04,619 | [DEBUG] : Current model size: 19914 parameters
2023-12-14 19:01:04,619 | [DEBUG] : Current training mode: increased
2023-12-14 19:01:04,619 | [INFO] : no layers were added
2023-12-14 19:01:04,620 | [DEBUG] : Model size was changed to 19914 parameters
2023-12-14 19:01:04,620 | [DEBUG] : Learning rate is now 0.010000
2023-12-14 19:01:14,123 | [INFO] : New learning rate: 0.009000000000000001
2023-12-14 19:01:15,790 | [DEBUG] : Current model size: 19914 parameters
2023-12-14 19:01:15,790 | [DEBUG] : Current training mode: increased
2023-12-14 19:01:15,790 | [INFO] : no layers were added
2023-12-14 19:01:15,791 | [DEBUG] : Model size was changed to 19914 parameters
2023-12-14 19:01:15,791 | [DEBUG] : Learning rate is now 0.010000
2023-12-14 19:01:18,743 | [INFO] : training has run out of time
2023-12-14 19:01:18,744 | [INFO] : training15 runtime (h:mm:ss): 0:01:11
2023-12-14 19:01:18,744 | [INFO] : training15 end time: 12/14/2023 07:01:18 PM
2023-12-14 19:01:18,744 | [INFO] : episode 16/64 finished, objective: None
