2023-12-14 19:30:49,200 | [INFO] : training41 start time: 12/14/2023 07:30:49 PM
2023-12-14 19:30:49,204 | [INFO] : Initialized model with weights: results/small_late2/weights.pth
2023-12-14 19:30:49,204 | [DEBUG] : Current model size: 10602 parameters
2023-12-14 19:30:49,204 | [DEBUG] : Current training mode: initial
2023-12-14 19:30:49,219 | [INFO] : GPU allocation changing : going up
2023-12-14 19:30:49,221 | [DEBUG] : Current model size: 10602 parameters
2023-12-14 19:30:49,221 | [DEBUG] : Current training mode: increased
2023-12-14 19:30:49,222 | [INFO] : deepening layer 2/3: Linear(in_features=32, out_features=10, bias=True)
2023-12-14 19:30:49,222 | [DEBUG] : Model size was changed to 10712 parameters
2023-12-14 19:30:49,222 | [DEBUG] : Learning rate is now 0.010000
2023-12-14 19:30:58,494 | [INFO] : New learning rate: 0.009000000000000001
2023-12-14 19:31:00,136 | [DEBUG] : Current model size: 10712 parameters
2023-12-14 19:31:00,136 | [DEBUG] : Current training mode: increased
2023-12-14 19:31:00,137 | [INFO] : deepening layer 2/3: Linear(in_features=32, out_features=10, bias=True)
2023-12-14 19:31:00,137 | [DEBUG] : Model size was changed to 10822 parameters
2023-12-14 19:31:00,137 | [DEBUG] : Learning rate is now 0.010000
2023-12-14 19:31:09,571 | [INFO] : New learning rate: 0.009000000000000001
2023-12-14 19:31:11,237 | [DEBUG] : Current model size: 10822 parameters
2023-12-14 19:31:11,237 | [DEBUG] : Current training mode: increased
2023-12-14 19:31:11,238 | [INFO] : deepening layer 1/3: Conv2d(32, 32, kernel_size=(3, 3), stride=(1, 1))
2023-12-14 19:31:11,239 | [DEBUG] : Model size was changed to 20134 parameters
2023-12-14 19:31:11,239 | [DEBUG] : Learning rate is now 0.010000
2023-12-14 19:31:21,068 | [INFO] : New learning rate: 0.009000000000000001
2023-12-14 19:31:22,827 | [DEBUG] : Current model size: 20134 parameters
2023-12-14 19:31:22,827 | [DEBUG] : Current training mode: increased
2023-12-14 19:31:22,827 | [INFO] : no layers were added
2023-12-14 19:31:22,828 | [DEBUG] : Model size was changed to 20134 parameters
2023-12-14 19:31:22,828 | [DEBUG] : Learning rate is now 0.010000
2023-12-14 19:31:32,602 | [INFO] : New learning rate: 0.009000000000000001
2023-12-14 19:31:34,276 | [DEBUG] : Current model size: 20134 parameters
2023-12-14 19:31:34,276 | [DEBUG] : Current training mode: increased
2023-12-14 19:31:34,276 | [INFO] : no layers were added
2023-12-14 19:31:34,277 | [DEBUG] : Model size was changed to 20134 parameters
2023-12-14 19:31:34,277 | [DEBUG] : Learning rate is now 0.010000
2023-12-14 19:31:43,979 | [INFO] : New learning rate: 0.009000000000000001
2023-12-14 19:31:45,654 | [DEBUG] : Current model size: 20134 parameters
2023-12-14 19:31:45,654 | [DEBUG] : Current training mode: increased
2023-12-14 19:31:45,654 | [INFO] : no layers were added
2023-12-14 19:31:45,655 | [DEBUG] : Model size was changed to 20134 parameters
2023-12-14 19:31:45,655 | [DEBUG] : Learning rate is now 0.010000
2023-12-14 19:31:55,332 | [INFO] : New learning rate: 0.009000000000000001
2023-12-14 19:31:57,005 | [DEBUG] : Current model size: 20134 parameters
2023-12-14 19:31:57,005 | [DEBUG] : Current training mode: increased
2023-12-14 19:31:57,006 | [INFO] : no layers were added
2023-12-14 19:31:57,006 | [DEBUG] : Model size was changed to 20134 parameters
2023-12-14 19:31:57,006 | [DEBUG] : Learning rate is now 0.010000
2023-12-14 19:31:59,213 | [INFO] : training has run out of time
2023-12-14 19:31:59,214 | [INFO] : training41 runtime (h:mm:ss): 0:01:11
2023-12-14 19:31:59,214 | [INFO] : training41 end time: 12/14/2023 07:31:59 PM
2023-12-14 19:31:59,214 | [INFO] : episode 42/64 finished, objective: None
