2023-12-14 18:53:04,314 | [INFO] : training09 start time: 12/14/2023 06:53:04 PM
2023-12-14 18:53:04,316 | [INFO] : Initialized model with weights: results/small_late2/weights.pth
2023-12-14 18:53:04,317 | [DEBUG] : Current model size: 10602 parameters
2023-12-14 18:53:04,317 | [DEBUG] : Current training mode: initial
2023-12-14 18:53:04,330 | [INFO] : GPU allocation changing : going up
2023-12-14 18:53:04,332 | [DEBUG] : Current model size: 10602 parameters
2023-12-14 18:53:04,332 | [DEBUG] : Current training mode: increased
2023-12-14 18:53:04,334 | [INFO] : deepening layer 0/3: Conv2d(3, 32, kernel_size=(3, 3), stride=(1, 1))
2023-12-14 18:53:04,334 | [DEBUG] : Model size was changed to 19914 parameters
2023-12-14 18:53:04,334 | [DEBUG] : Learning rate is now 0.010000
2023-12-14 18:53:13,949 | [INFO] : New learning rate: 0.009000000000000001
2023-12-14 18:53:15,604 | [DEBUG] : Current model size: 19914 parameters
2023-12-14 18:53:15,604 | [DEBUG] : Current training mode: increased
2023-12-14 18:53:15,605 | [INFO] : deepening layer 2/3: Linear(in_features=32, out_features=10, bias=True)
2023-12-14 18:53:15,606 | [DEBUG] : Model size was changed to 20024 parameters
2023-12-14 18:53:15,606 | [DEBUG] : Learning rate is now 0.010000
2023-12-14 18:53:25,403 | [INFO] : New learning rate: 0.009000000000000001
2023-12-14 18:53:27,064 | [DEBUG] : Current model size: 20024 parameters
2023-12-14 18:53:27,065 | [DEBUG] : Current training mode: increased
2023-12-14 18:53:27,066 | [INFO] : deepening layer 1/3: Conv2d(32, 32, kernel_size=(3, 3), stride=(1, 1))
2023-12-14 18:53:27,066 | [DEBUG] : Model size was changed to 29336 parameters
2023-12-14 18:53:27,066 | [DEBUG] : Learning rate is now 0.010000
2023-12-14 18:53:37,211 | [INFO] : New learning rate: 0.009000000000000001
2023-12-14 18:53:38,892 | [DEBUG] : Current model size: 29336 parameters
2023-12-14 18:53:38,892 | [DEBUG] : Current training mode: increased
2023-12-14 18:53:38,893 | [INFO] : no layers were added
2023-12-14 18:53:38,893 | [DEBUG] : Model size was changed to 29336 parameters
2023-12-14 18:53:38,893 | [DEBUG] : Learning rate is now 0.010000
2023-12-14 18:53:49,014 | [INFO] : New learning rate: 0.009000000000000001
2023-12-14 18:53:50,699 | [DEBUG] : Current model size: 29336 parameters
2023-12-14 18:53:50,700 | [DEBUG] : Current training mode: increased
2023-12-14 18:53:50,700 | [INFO] : no layers were added
2023-12-14 18:53:50,700 | [DEBUG] : Model size was changed to 29336 parameters
2023-12-14 18:53:50,701 | [DEBUG] : Learning rate is now 0.010000
2023-12-14 18:54:00,823 | [INFO] : New learning rate: 0.009000000000000001
2023-12-14 18:54:02,501 | [DEBUG] : Current model size: 29336 parameters
2023-12-14 18:54:02,501 | [DEBUG] : Current training mode: increased
2023-12-14 18:54:02,501 | [INFO] : no layers were added
2023-12-14 18:54:02,502 | [DEBUG] : Model size was changed to 29336 parameters
2023-12-14 18:54:02,502 | [DEBUG] : Learning rate is now 0.010000
2023-12-14 18:54:12,647 | [INFO] : New learning rate: 0.009000000000000001
2023-12-14 18:54:14,327 | [DEBUG] : Current model size: 29336 parameters
2023-12-14 18:54:14,328 | [DEBUG] : Current training mode: increased
2023-12-14 18:54:14,328 | [INFO] : no layers were added
2023-12-14 18:54:14,328 | [DEBUG] : Model size was changed to 29336 parameters
2023-12-14 18:54:14,328 | [DEBUG] : Learning rate is now 0.010000
2023-12-14 18:54:14,340 | [INFO] : training has run out of time
2023-12-14 18:54:14,341 | [INFO] : training09 runtime (h:mm:ss): 0:01:11
2023-12-14 18:54:14,341 | [INFO] : training09 end time: 12/14/2023 06:54:14 PM
2023-12-14 18:54:14,341 | [INFO] : episode 10/64 finished, objective: None
