2023-12-14 19:34:21,397 | [INFO] : training44 start time: 12/14/2023 07:34:21 PM
2023-12-14 19:34:21,400 | [INFO] : Initialized model with weights: results/small_late2/weights.pth
2023-12-14 19:34:21,400 | [DEBUG] : Current model size: 10602 parameters
2023-12-14 19:34:21,400 | [DEBUG] : Current training mode: initial
2023-12-14 19:34:21,413 | [INFO] : GPU allocation changing : going up
2023-12-14 19:34:21,416 | [DEBUG] : Current model size: 10602 parameters
2023-12-14 19:34:21,416 | [DEBUG] : Current training mode: increased
2023-12-14 19:34:21,417 | [INFO] : deepening layer 2/3: Linear(in_features=32, out_features=10, bias=True)
2023-12-14 19:34:21,417 | [DEBUG] : Model size was changed to 10712 parameters
2023-12-14 19:34:21,417 | [DEBUG] : Learning rate is now 0.010000
2023-12-14 19:34:30,861 | [INFO] : New learning rate: 0.009000000000000001
2023-12-14 19:34:32,543 | [DEBUG] : Current model size: 10712 parameters
2023-12-14 19:34:32,543 | [DEBUG] : Current training mode: increased
2023-12-14 19:34:32,543 | [INFO] : no layers were added
2023-12-14 19:34:32,543 | [DEBUG] : Model size was changed to 10712 parameters
2023-12-14 19:34:32,543 | [DEBUG] : Learning rate is now 0.010000
2023-12-14 19:34:42,068 | [INFO] : New learning rate: 0.009000000000000001
2023-12-14 19:34:43,830 | [DEBUG] : Current model size: 10712 parameters
2023-12-14 19:34:43,830 | [DEBUG] : Current training mode: increased
2023-12-14 19:34:43,832 | [INFO] : deepening layer 0/3: Conv2d(3, 32, kernel_size=(3, 3), stride=(1, 1))
2023-12-14 19:34:43,832 | [DEBUG] : Model size was changed to 20024 parameters
2023-12-14 19:34:43,832 | [DEBUG] : Learning rate is now 0.010000
2023-12-14 19:34:53,650 | [INFO] : New learning rate: 0.009000000000000001
2023-12-14 19:34:55,322 | [DEBUG] : Current model size: 20024 parameters
2023-12-14 19:34:55,322 | [DEBUG] : Current training mode: increased
2023-12-14 19:34:55,322 | [INFO] : no layers were added
2023-12-14 19:34:55,323 | [DEBUG] : Model size was changed to 20024 parameters
2023-12-14 19:34:55,323 | [DEBUG] : Learning rate is now 0.010000
2023-12-14 19:35:04,947 | [INFO] : New learning rate: 0.009000000000000001
2023-12-14 19:35:06,622 | [DEBUG] : Current model size: 20024 parameters
2023-12-14 19:35:06,622 | [DEBUG] : Current training mode: increased
2023-12-14 19:35:06,622 | [INFO] : no layers were added
2023-12-14 19:35:06,623 | [DEBUG] : Model size was changed to 20024 parameters
2023-12-14 19:35:06,623 | [DEBUG] : Learning rate is now 0.010000
2023-12-14 19:35:16,352 | [INFO] : New learning rate: 0.009000000000000001
2023-12-14 19:35:18,016 | [DEBUG] : Current model size: 20024 parameters
2023-12-14 19:35:18,016 | [DEBUG] : Current training mode: increased
2023-12-14 19:35:18,016 | [INFO] : no layers were added
2023-12-14 19:35:18,017 | [DEBUG] : Model size was changed to 20024 parameters
2023-12-14 19:35:18,017 | [DEBUG] : Learning rate is now 0.010000
2023-12-14 19:35:27,624 | [INFO] : New learning rate: 0.009000000000000001
2023-12-14 19:35:29,294 | [DEBUG] : Current model size: 20024 parameters
2023-12-14 19:35:29,294 | [DEBUG] : Current training mode: increased
2023-12-14 19:35:29,294 | [INFO] : no layers were added
2023-12-14 19:35:29,295 | [DEBUG] : Model size was changed to 20024 parameters
2023-12-14 19:35:29,295 | [DEBUG] : Learning rate is now 0.010000
2023-12-14 19:35:31,406 | [INFO] : training has run out of time
2023-12-14 19:35:31,406 | [INFO] : training44 runtime (h:mm:ss): 0:01:11
2023-12-14 19:35:31,406 | [INFO] : training44 end time: 12/14/2023 07:35:31 PM
2023-12-14 19:35:31,406 | [INFO] : episode 45/64 finished, objective: None
