2023-12-15 03:03:11,142 | [INFO] : training28 start time: 12/15/2023 03:03:11 AM
2023-12-15 03:03:11,145 | [INFO] : Initialized model with weights: results/small_early_middle2/weights.pth
2023-12-15 03:03:11,145 | [DEBUG] : Current model size: 10602 parameters
2023-12-15 03:03:11,145 | [DEBUG] : Current training mode: initial
2023-12-15 03:03:11,163 | [INFO] : GPU allocation changing : going up
2023-12-15 03:03:11,166 | [DEBUG] : Current model size: 10602 parameters
2023-12-15 03:03:11,166 | [DEBUG] : Current training mode: increased
2023-12-15 03:03:11,167 | [INFO] : deepening layer 1/3: Conv2d(32, 32, kernel_size=(3, 3), stride=(1, 1))
2023-12-15 03:03:11,168 | [DEBUG] : Model size was changed to 19914 parameters
2023-12-15 03:03:11,168 | [DEBUG] : Learning rate is now 0.010000
2023-12-15 03:03:21,309 | [INFO] : New learning rate: 0.009000000000000001
2023-12-15 03:03:23,175 | [DEBUG] : Current model size: 19914 parameters
2023-12-15 03:03:23,176 | [DEBUG] : Current training mode: increased
2023-12-15 03:03:23,176 | [INFO] : no layers were added
2023-12-15 03:03:23,176 | [DEBUG] : Model size was changed to 19914 parameters
2023-12-15 03:03:23,176 | [DEBUG] : Learning rate is now 0.010000
2023-12-15 03:03:32,919 | [INFO] : New learning rate: 0.009000000000000001
2023-12-15 03:03:34,720 | [DEBUG] : Current model size: 19914 parameters
2023-12-15 03:03:34,720 | [DEBUG] : Current training mode: increased
2023-12-15 03:03:34,721 | [INFO] : deepening layer 0/3: Conv2d(3, 32, kernel_size=(3, 3), stride=(1, 1))
2023-12-15 03:03:34,722 | [DEBUG] : Model size was changed to 29226 parameters
2023-12-15 03:03:34,722 | [DEBUG] : Learning rate is now 0.010000
2023-12-15 03:03:44,805 | [INFO] : New learning rate: 0.009000000000000001
2023-12-15 03:03:46,591 | [DEBUG] : Current model size: 29226 parameters
2023-12-15 03:03:46,591 | [DEBUG] : Current training mode: increased
2023-12-15 03:03:46,591 | [INFO] : no layers were added
2023-12-15 03:03:46,591 | [DEBUG] : Model size was changed to 29226 parameters
2023-12-15 03:03:46,591 | [DEBUG] : Learning rate is now 0.010000
2023-12-15 03:03:56,632 | [INFO] : New learning rate: 0.009000000000000001
2023-12-15 03:03:58,638 | [DEBUG] : Current model size: 29226 parameters
2023-12-15 03:03:58,638 | [DEBUG] : Current training mode: increased
2023-12-15 03:03:58,638 | [INFO] : no layers were added
2023-12-15 03:03:58,638 | [DEBUG] : Model size was changed to 29226 parameters
2023-12-15 03:03:58,638 | [DEBUG] : Learning rate is now 0.010000
2023-12-15 03:04:08,649 | [INFO] : New learning rate: 0.009000000000000001
2023-12-15 03:04:10,589 | [DEBUG] : Current model size: 29226 parameters
2023-12-15 03:04:10,589 | [DEBUG] : Current training mode: increased
2023-12-15 03:04:10,589 | [INFO] : no layers were added
2023-12-15 03:04:10,590 | [DEBUG] : Model size was changed to 29226 parameters
2023-12-15 03:04:10,590 | [DEBUG] : Learning rate is now 0.010000
2023-12-15 03:04:20,771 | [INFO] : New learning rate: 0.009000000000000001
2023-12-15 03:04:22,786 | [DEBUG] : Current model size: 29226 parameters
2023-12-15 03:04:22,787 | [DEBUG] : Current training mode: increased
2023-12-15 03:04:22,787 | [INFO] : no layers were added
2023-12-15 03:04:22,787 | [DEBUG] : Model size was changed to 29226 parameters
2023-12-15 03:04:22,787 | [DEBUG] : Learning rate is now 0.010000
2023-12-15 03:04:32,887 | [INFO] : New learning rate: 0.009000000000000001
2023-12-15 03:04:34,767 | [DEBUG] : Current model size: 29226 parameters
2023-12-15 03:04:34,767 | [DEBUG] : Current training mode: increased
2023-12-15 03:04:34,768 | [INFO] : no layers were added
2023-12-15 03:04:34,768 | [DEBUG] : Model size was changed to 29226 parameters
2023-12-15 03:04:34,768 | [DEBUG] : Learning rate is now 0.010000
2023-12-15 03:04:44,841 | [INFO] : New learning rate: 0.009000000000000001
2023-12-15 03:04:46,615 | [DEBUG] : Current model size: 29226 parameters
2023-12-15 03:04:46,615 | [DEBUG] : Current training mode: increased
2023-12-15 03:04:46,615 | [INFO] : no layers were added
2023-12-15 03:04:46,616 | [DEBUG] : Model size was changed to 29226 parameters
2023-12-15 03:04:46,616 | [DEBUG] : Learning rate is now 0.010000
2023-12-15 03:04:56,848 | [INFO] : New learning rate: 0.009000000000000001
2023-12-15 03:04:58,732 | [DEBUG] : Current model size: 29226 parameters
2023-12-15 03:04:58,733 | [DEBUG] : Current training mode: increased
2023-12-15 03:04:58,733 | [INFO] : no layers were added
2023-12-15 03:04:58,733 | [DEBUG] : Model size was changed to 29226 parameters
2023-12-15 03:04:58,733 | [DEBUG] : Learning rate is now 0.010000
2023-12-15 03:05:08,821 | [INFO] : New learning rate: 0.009000000000000001
2023-12-15 03:05:10,790 | [DEBUG] : Current model size: 29226 parameters
2023-12-15 03:05:10,790 | [DEBUG] : Current training mode: increased
2023-12-15 03:05:10,790 | [INFO] : no layers were added
2023-12-15 03:05:10,791 | [DEBUG] : Model size was changed to 29226 parameters
2023-12-15 03:05:10,791 | [DEBUG] : Learning rate is now 0.010000
2023-12-15 03:05:20,852 | [INFO] : New learning rate: 0.009000000000000001
2023-12-15 03:05:22,861 | [DEBUG] : Current model size: 29226 parameters
2023-12-15 03:05:22,861 | [DEBUG] : Current training mode: increased
2023-12-15 03:05:22,861 | [INFO] : no layers were added
2023-12-15 03:05:22,861 | [DEBUG] : Model size was changed to 29226 parameters
2023-12-15 03:05:22,861 | [DEBUG] : Learning rate is now 0.010000
2023-12-15 03:05:33,019 | [INFO] : New learning rate: 0.009000000000000001
2023-12-15 03:05:35,064 | [DEBUG] : Current model size: 29226 parameters
2023-12-15 03:05:35,064 | [DEBUG] : Current training mode: increased
2023-12-15 03:05:35,065 | [INFO] : no layers were added
2023-12-15 03:05:35,065 | [DEBUG] : Model size was changed to 29226 parameters
2023-12-15 03:05:35,065 | [DEBUG] : Learning rate is now 0.010000
2023-12-15 03:05:45,151 | [INFO] : New learning rate: 0.009000000000000001
2023-12-15 03:05:47,191 | [DEBUG] : Current model size: 29226 parameters
2023-12-15 03:05:47,191 | [DEBUG] : Current training mode: increased
2023-12-15 03:05:47,191 | [INFO] : no layers were added
2023-12-15 03:05:47,191 | [DEBUG] : Model size was changed to 29226 parameters
2023-12-15 03:05:47,191 | [DEBUG] : Learning rate is now 0.010000
2023-12-15 03:05:57,290 | [INFO] : New learning rate: 0.009000000000000001
2023-12-15 03:05:59,014 | [DEBUG] : Current model size: 29226 parameters
2023-12-15 03:05:59,014 | [DEBUG] : Current training mode: increased
2023-12-15 03:05:59,014 | [INFO] : no layers were added
2023-12-15 03:05:59,015 | [DEBUG] : Model size was changed to 29226 parameters
2023-12-15 03:05:59,015 | [DEBUG] : Learning rate is now 0.010000
2023-12-15 03:06:09,054 | [INFO] : New learning rate: 0.009000000000000001
2023-12-15 03:06:10,806 | [DEBUG] : Current model size: 29226 parameters
2023-12-15 03:06:10,806 | [DEBUG] : Current training mode: increased
2023-12-15 03:06:10,806 | [INFO] : no layers were added
2023-12-15 03:06:10,806 | [DEBUG] : Model size was changed to 29226 parameters
2023-12-15 03:06:10,806 | [DEBUG] : Learning rate is now 0.010000
2023-12-15 03:06:20,909 | [INFO] : New learning rate: 0.009000000000000001
2023-12-15 03:06:22,840 | [DEBUG] : Current model size: 29226 parameters
2023-12-15 03:06:22,840 | [DEBUG] : Current training mode: increased
2023-12-15 03:06:22,840 | [INFO] : no layers were added
2023-12-15 03:06:22,841 | [DEBUG] : Model size was changed to 29226 parameters
2023-12-15 03:06:22,841 | [DEBUG] : Learning rate is now 0.010000
2023-12-15 03:06:33,018 | [INFO] : New learning rate: 0.009000000000000001
2023-12-15 03:06:34,809 | [DEBUG] : Current model size: 29226 parameters
2023-12-15 03:06:34,809 | [DEBUG] : Current training mode: increased
2023-12-15 03:06:34,809 | [INFO] : no layers were added
2023-12-15 03:06:34,810 | [DEBUG] : Model size was changed to 29226 parameters
2023-12-15 03:06:34,810 | [DEBUG] : Learning rate is now 0.010000
2023-12-15 03:06:44,920 | [INFO] : New learning rate: 0.009000000000000001
2023-12-15 03:06:46,858 | [DEBUG] : Current model size: 29226 parameters
2023-12-15 03:06:46,858 | [DEBUG] : Current training mode: increased
2023-12-15 03:06:46,858 | [INFO] : no layers were added
2023-12-15 03:06:46,858 | [DEBUG] : Model size was changed to 29226 parameters
2023-12-15 03:06:46,858 | [DEBUG] : Learning rate is now 0.010000
2023-12-15 03:06:56,896 | [INFO] : New learning rate: 0.009000000000000001
2023-12-15 03:06:58,826 | [DEBUG] : Current model size: 29226 parameters
2023-12-15 03:06:58,826 | [DEBUG] : Current training mode: increased
2023-12-15 03:06:58,826 | [INFO] : no layers were added
2023-12-15 03:06:58,827 | [DEBUG] : Model size was changed to 29226 parameters
2023-12-15 03:06:58,827 | [DEBUG] : Learning rate is now 0.010000
2023-12-15 03:07:08,836 | [INFO] : New learning rate: 0.009000000000000001
2023-12-15 03:07:10,605 | [DEBUG] : Current model size: 29226 parameters
2023-12-15 03:07:10,605 | [DEBUG] : Current training mode: increased
2023-12-15 03:07:10,605 | [INFO] : no layers were added
2023-12-15 03:07:10,606 | [DEBUG] : Model size was changed to 29226 parameters
2023-12-15 03:07:10,606 | [DEBUG] : Learning rate is now 0.010000
2023-12-15 03:07:20,696 | [INFO] : New learning rate: 0.009000000000000001
2023-12-15 03:07:22,704 | [DEBUG] : Current model size: 29226 parameters
2023-12-15 03:07:22,704 | [DEBUG] : Current training mode: increased
2023-12-15 03:07:22,704 | [INFO] : no layers were added
2023-12-15 03:07:22,705 | [DEBUG] : Model size was changed to 29226 parameters
2023-12-15 03:07:22,705 | [DEBUG] : Learning rate is now 0.010000
2023-12-15 03:07:31,146 | [INFO] : training has run out of time
2023-12-15 03:07:31,146 | [INFO] : training28 runtime (h:mm:ss): 0:04:21
2023-12-15 03:07:31,146 | [INFO] : training28 end time: 12/15/2023 03:07:31 AM
2023-12-15 03:07:31,147 | [INFO] : episode 29/64 finished, objective: None
