2023-12-15 01:53:38,141 | [INFO] : training12 start time: 12/15/2023 01:53:38 AM
2023-12-15 01:53:38,143 | [INFO] : Initialized model with weights: results/small_early_middle2/weights.pth
2023-12-15 01:53:38,143 | [DEBUG] : Current model size: 10602 parameters
2023-12-15 01:53:38,143 | [DEBUG] : Current training mode: initial
2023-12-15 01:53:38,163 | [INFO] : GPU allocation changing : going up
2023-12-15 01:53:38,166 | [DEBUG] : Current model size: 10602 parameters
2023-12-15 01:53:38,166 | [DEBUG] : Current training mode: increased
2023-12-15 01:53:38,167 | [INFO] : deepening layer 0/3: Conv2d(3, 32, kernel_size=(3, 3), stride=(1, 1))
2023-12-15 01:53:38,167 | [DEBUG] : Model size was changed to 19914 parameters
2023-12-15 01:53:38,167 | [DEBUG] : Learning rate is now 0.010000
2023-12-15 01:53:48,071 | [INFO] : New learning rate: 0.009000000000000001
2023-12-15 01:53:50,083 | [DEBUG] : Current model size: 19914 parameters
2023-12-15 01:53:50,083 | [DEBUG] : Current training mode: increased
2023-12-15 01:53:50,083 | [INFO] : no layers were added
2023-12-15 01:53:50,084 | [DEBUG] : Model size was changed to 19914 parameters
2023-12-15 01:53:50,084 | [DEBUG] : Learning rate is now 0.010000
2023-12-15 01:54:00,009 | [INFO] : New learning rate: 0.009000000000000001
2023-12-15 01:54:01,920 | [DEBUG] : Current model size: 19914 parameters
2023-12-15 01:54:01,921 | [DEBUG] : Current training mode: increased
2023-12-15 01:54:01,922 | [INFO] : deepening layer 0/3: Conv2d(3, 32, kernel_size=(3, 3), stride=(1, 1))
2023-12-15 01:54:01,923 | [DEBUG] : Model size was changed to 29226 parameters
2023-12-15 01:54:01,923 | [DEBUG] : Learning rate is now 0.010000
2023-12-15 01:54:12,141 | [INFO] : New learning rate: 0.009000000000000001
2023-12-15 01:54:14,181 | [DEBUG] : Current model size: 29226 parameters
2023-12-15 01:54:14,182 | [DEBUG] : Current training mode: increased
2023-12-15 01:54:14,182 | [INFO] : no layers were added
2023-12-15 01:54:14,182 | [DEBUG] : Model size was changed to 29226 parameters
2023-12-15 01:54:14,183 | [DEBUG] : Learning rate is now 0.010000
2023-12-15 01:54:24,252 | [INFO] : New learning rate: 0.009000000000000001
2023-12-15 01:54:26,205 | [DEBUG] : Current model size: 29226 parameters
2023-12-15 01:54:26,205 | [DEBUG] : Current training mode: increased
2023-12-15 01:54:26,205 | [INFO] : no layers were added
2023-12-15 01:54:26,205 | [DEBUG] : Model size was changed to 29226 parameters
2023-12-15 01:54:26,205 | [DEBUG] : Learning rate is now 0.010000
2023-12-15 01:54:36,279 | [INFO] : New learning rate: 0.009000000000000001
2023-12-15 01:54:38,260 | [DEBUG] : Current model size: 29226 parameters
2023-12-15 01:54:38,260 | [DEBUG] : Current training mode: increased
2023-12-15 01:54:38,260 | [INFO] : no layers were added
2023-12-15 01:54:38,261 | [DEBUG] : Model size was changed to 29226 parameters
2023-12-15 01:54:38,261 | [DEBUG] : Learning rate is now 0.010000
2023-12-15 01:54:48,258 | [INFO] : New learning rate: 0.009000000000000001
2023-12-15 01:54:50,183 | [DEBUG] : Current model size: 29226 parameters
2023-12-15 01:54:50,183 | [DEBUG] : Current training mode: increased
2023-12-15 01:54:50,183 | [INFO] : no layers were added
2023-12-15 01:54:50,184 | [DEBUG] : Model size was changed to 29226 parameters
2023-12-15 01:54:50,184 | [DEBUG] : Learning rate is now 0.010000
2023-12-15 01:55:00,110 | [INFO] : New learning rate: 0.009000000000000001
2023-12-15 01:55:02,100 | [DEBUG] : Current model size: 29226 parameters
2023-12-15 01:55:02,100 | [DEBUG] : Current training mode: increased
2023-12-15 01:55:02,100 | [INFO] : no layers were added
2023-12-15 01:55:02,101 | [DEBUG] : Model size was changed to 29226 parameters
2023-12-15 01:55:02,101 | [DEBUG] : Learning rate is now 0.010000
2023-12-15 01:55:12,123 | [INFO] : New learning rate: 0.009000000000000001
2023-12-15 01:55:14,048 | [DEBUG] : Current model size: 29226 parameters
2023-12-15 01:55:14,048 | [DEBUG] : Current training mode: increased
2023-12-15 01:55:14,048 | [INFO] : no layers were added
2023-12-15 01:55:14,049 | [DEBUG] : Model size was changed to 29226 parameters
2023-12-15 01:55:14,049 | [DEBUG] : Learning rate is now 0.010000
2023-12-15 01:55:24,216 | [INFO] : New learning rate: 0.009000000000000001
2023-12-15 01:55:26,083 | [DEBUG] : Current model size: 29226 parameters
2023-12-15 01:55:26,084 | [DEBUG] : Current training mode: increased
2023-12-15 01:55:26,084 | [INFO] : no layers were added
2023-12-15 01:55:26,084 | [DEBUG] : Model size was changed to 29226 parameters
2023-12-15 01:55:26,084 | [DEBUG] : Learning rate is now 0.010000
2023-12-15 01:55:36,218 | [INFO] : New learning rate: 0.009000000000000001
2023-12-15 01:55:38,038 | [DEBUG] : Current model size: 29226 parameters
2023-12-15 01:55:38,038 | [DEBUG] : Current training mode: increased
2023-12-15 01:55:38,038 | [INFO] : no layers were added
2023-12-15 01:55:38,039 | [DEBUG] : Model size was changed to 29226 parameters
2023-12-15 01:55:38,039 | [DEBUG] : Learning rate is now 0.010000
2023-12-15 01:55:48,106 | [INFO] : New learning rate: 0.009000000000000001
2023-12-15 01:55:50,129 | [DEBUG] : Current model size: 29226 parameters
2023-12-15 01:55:50,129 | [DEBUG] : Current training mode: increased
2023-12-15 01:55:50,129 | [INFO] : no layers were added
2023-12-15 01:55:50,130 | [DEBUG] : Model size was changed to 29226 parameters
2023-12-15 01:55:50,130 | [DEBUG] : Learning rate is now 0.010000
2023-12-15 01:56:00,271 | [INFO] : New learning rate: 0.009000000000000001
2023-12-15 01:56:02,300 | [DEBUG] : Current model size: 29226 parameters
2023-12-15 01:56:02,300 | [DEBUG] : Current training mode: increased
2023-12-15 01:56:02,300 | [INFO] : no layers were added
2023-12-15 01:56:02,300 | [DEBUG] : Model size was changed to 29226 parameters
2023-12-15 01:56:02,300 | [DEBUG] : Learning rate is now 0.010000
2023-12-15 01:56:12,342 | [INFO] : New learning rate: 0.009000000000000001
2023-12-15 01:56:14,360 | [DEBUG] : Current model size: 29226 parameters
2023-12-15 01:56:14,360 | [DEBUG] : Current training mode: increased
2023-12-15 01:56:14,360 | [INFO] : no layers were added
2023-12-15 01:56:14,360 | [DEBUG] : Model size was changed to 29226 parameters
2023-12-15 01:56:14,361 | [DEBUG] : Learning rate is now 0.010000
2023-12-15 01:56:24,483 | [INFO] : New learning rate: 0.009000000000000001
2023-12-15 01:56:26,324 | [DEBUG] : Current model size: 29226 parameters
2023-12-15 01:56:26,324 | [DEBUG] : Current training mode: increased
2023-12-15 01:56:26,324 | [INFO] : no layers were added
2023-12-15 01:56:26,324 | [DEBUG] : Model size was changed to 29226 parameters
2023-12-15 01:56:26,324 | [DEBUG] : Learning rate is now 0.010000
2023-12-15 01:56:36,319 | [INFO] : New learning rate: 0.009000000000000001
2023-12-15 01:56:38,202 | [DEBUG] : Current model size: 29226 parameters
2023-12-15 01:56:38,202 | [DEBUG] : Current training mode: increased
2023-12-15 01:56:38,203 | [INFO] : no layers were added
2023-12-15 01:56:38,203 | [DEBUG] : Model size was changed to 29226 parameters
2023-12-15 01:56:38,203 | [DEBUG] : Learning rate is now 0.010000
2023-12-15 01:56:48,147 | [INFO] : New learning rate: 0.009000000000000001
2023-12-15 01:56:49,921 | [DEBUG] : Current model size: 29226 parameters
2023-12-15 01:56:49,921 | [DEBUG] : Current training mode: increased
2023-12-15 01:56:49,921 | [INFO] : no layers were added
2023-12-15 01:56:49,921 | [DEBUG] : Model size was changed to 29226 parameters
2023-12-15 01:56:49,921 | [DEBUG] : Learning rate is now 0.010000
2023-12-15 01:56:59,904 | [INFO] : New learning rate: 0.009000000000000001
2023-12-15 01:57:01,735 | [DEBUG] : Current model size: 29226 parameters
2023-12-15 01:57:01,735 | [DEBUG] : Current training mode: increased
2023-12-15 01:57:01,735 | [INFO] : no layers were added
2023-12-15 01:57:01,736 | [DEBUG] : Model size was changed to 29226 parameters
2023-12-15 01:57:01,736 | [DEBUG] : Learning rate is now 0.010000
2023-12-15 01:57:11,890 | [INFO] : New learning rate: 0.009000000000000001
2023-12-15 01:57:13,657 | [DEBUG] : Current model size: 29226 parameters
2023-12-15 01:57:13,657 | [DEBUG] : Current training mode: increased
2023-12-15 01:57:13,657 | [INFO] : no layers were added
2023-12-15 01:57:13,657 | [DEBUG] : Model size was changed to 29226 parameters
2023-12-15 01:57:13,657 | [DEBUG] : Learning rate is now 0.010000
2023-12-15 01:57:23,516 | [INFO] : New learning rate: 0.009000000000000001
2023-12-15 01:57:25,399 | [DEBUG] : Current model size: 29226 parameters
2023-12-15 01:57:25,399 | [DEBUG] : Current training mode: increased
2023-12-15 01:57:25,399 | [INFO] : no layers were added
2023-12-15 01:57:25,399 | [DEBUG] : Model size was changed to 29226 parameters
2023-12-15 01:57:25,399 | [DEBUG] : Learning rate is now 0.010000
2023-12-15 01:57:35,289 | [INFO] : New learning rate: 0.009000000000000001
2023-12-15 01:57:37,136 | [DEBUG] : Current model size: 29226 parameters
2023-12-15 01:57:37,136 | [DEBUG] : Current training mode: increased
2023-12-15 01:57:37,137 | [INFO] : no layers were added
2023-12-15 01:57:37,137 | [DEBUG] : Model size was changed to 29226 parameters
2023-12-15 01:57:37,137 | [DEBUG] : Learning rate is now 0.010000
2023-12-15 01:57:47,057 | [INFO] : New learning rate: 0.009000000000000001
2023-12-15 01:57:48,921 | [DEBUG] : Current model size: 29226 parameters
2023-12-15 01:57:48,921 | [DEBUG] : Current training mode: increased
2023-12-15 01:57:48,921 | [INFO] : no layers were added
2023-12-15 01:57:48,922 | [DEBUG] : Model size was changed to 29226 parameters
2023-12-15 01:57:48,922 | [DEBUG] : Learning rate is now 0.010000
2023-12-15 01:57:58,156 | [INFO] : training has run out of time
2023-12-15 01:57:58,157 | [INFO] : training12 runtime (h:mm:ss): 0:04:21
2023-12-15 01:57:58,157 | [INFO] : training12 end time: 12/15/2023 01:57:58 AM
2023-12-15 01:57:58,157 | [INFO] : episode 13/64 finished, objective: None
