2023-12-15 02:28:24,869 | [INFO] : training20 start time: 12/15/2023 02:28:24 AM
2023-12-15 02:28:24,872 | [INFO] : Initialized model with weights: results/small_early_middle2/weights.pth
2023-12-15 02:28:24,872 | [DEBUG] : Current model size: 10602 parameters
2023-12-15 02:28:24,872 | [DEBUG] : Current training mode: initial
2023-12-15 02:28:24,885 | [INFO] : GPU allocation changing : going up
2023-12-15 02:28:24,887 | [DEBUG] : Current model size: 10602 parameters
2023-12-15 02:28:24,887 | [DEBUG] : Current training mode: increased
2023-12-15 02:28:24,889 | [INFO] : deepening layer 1/3: Conv2d(32, 32, kernel_size=(3, 3), stride=(1, 1))
2023-12-15 02:28:24,889 | [DEBUG] : Model size was changed to 19914 parameters
2023-12-15 02:28:24,889 | [DEBUG] : Learning rate is now 0.010000
2023-12-15 02:28:34,827 | [INFO] : New learning rate: 0.009000000000000001
2023-12-15 02:28:36,857 | [DEBUG] : Current model size: 19914 parameters
2023-12-15 02:28:36,857 | [DEBUG] : Current training mode: increased
2023-12-15 02:28:36,858 | [INFO] : deepening layer 1/3: Conv2d(32, 32, kernel_size=(3, 3), stride=(1, 1))
2023-12-15 02:28:36,859 | [DEBUG] : Model size was changed to 29226 parameters
2023-12-15 02:28:36,859 | [DEBUG] : Learning rate is now 0.010000
2023-12-15 02:28:47,050 | [INFO] : New learning rate: 0.009000000000000001
2023-12-15 02:28:49,085 | [DEBUG] : Current model size: 29226 parameters
2023-12-15 02:28:49,085 | [DEBUG] : Current training mode: increased
2023-12-15 02:28:49,087 | [INFO] : deepening layer 0/3: Conv2d(3, 32, kernel_size=(3, 3), stride=(1, 1))
2023-12-15 02:28:49,087 | [DEBUG] : Model size was changed to 38538 parameters
2023-12-15 02:28:49,087 | [DEBUG] : Learning rate is now 0.010000
2023-12-15 02:28:59,409 | [INFO] : New learning rate: 0.009000000000000001
2023-12-15 02:29:01,405 | [DEBUG] : Current model size: 38538 parameters
2023-12-15 02:29:01,405 | [DEBUG] : Current training mode: increased
2023-12-15 02:29:01,405 | [INFO] : no layers were added
2023-12-15 02:29:01,405 | [DEBUG] : Model size was changed to 38538 parameters
2023-12-15 02:29:01,405 | [DEBUG] : Learning rate is now 0.010000
2023-12-15 02:29:11,727 | [INFO] : New learning rate: 0.009000000000000001
2023-12-15 02:29:13,651 | [DEBUG] : Current model size: 38538 parameters
2023-12-15 02:29:13,651 | [DEBUG] : Current training mode: increased
2023-12-15 02:29:13,651 | [INFO] : no layers were added
2023-12-15 02:29:13,652 | [DEBUG] : Model size was changed to 38538 parameters
2023-12-15 02:29:13,652 | [DEBUG] : Learning rate is now 0.010000
2023-12-15 02:29:24,076 | [INFO] : New learning rate: 0.009000000000000001
2023-12-15 02:29:26,112 | [DEBUG] : Current model size: 38538 parameters
2023-12-15 02:29:26,112 | [DEBUG] : Current training mode: increased
2023-12-15 02:29:26,112 | [INFO] : no layers were added
2023-12-15 02:29:26,112 | [DEBUG] : Model size was changed to 38538 parameters
2023-12-15 02:29:26,112 | [DEBUG] : Learning rate is now 0.010000
2023-12-15 02:29:36,338 | [INFO] : New learning rate: 0.009000000000000001
2023-12-15 02:29:38,241 | [DEBUG] : Current model size: 38538 parameters
2023-12-15 02:29:38,241 | [DEBUG] : Current training mode: increased
2023-12-15 02:29:38,241 | [INFO] : no layers were added
2023-12-15 02:29:38,242 | [DEBUG] : Model size was changed to 38538 parameters
2023-12-15 02:29:38,242 | [DEBUG] : Learning rate is now 0.010000
2023-12-15 02:29:48,505 | [INFO] : New learning rate: 0.009000000000000001
2023-12-15 02:29:50,456 | [DEBUG] : Current model size: 38538 parameters
2023-12-15 02:29:50,456 | [DEBUG] : Current training mode: increased
2023-12-15 02:29:50,456 | [INFO] : no layers were added
2023-12-15 02:29:50,456 | [DEBUG] : Model size was changed to 38538 parameters
2023-12-15 02:29:50,456 | [DEBUG] : Learning rate is now 0.010000
2023-12-15 02:30:00,798 | [INFO] : New learning rate: 0.009000000000000001
2023-12-15 02:30:02,690 | [DEBUG] : Current model size: 38538 parameters
2023-12-15 02:30:02,690 | [DEBUG] : Current training mode: increased
2023-12-15 02:30:02,691 | [INFO] : no layers were added
2023-12-15 02:30:02,691 | [DEBUG] : Model size was changed to 38538 parameters
2023-12-15 02:30:02,691 | [DEBUG] : Learning rate is now 0.010000
2023-12-15 02:30:13,247 | [INFO] : New learning rate: 0.009000000000000001
2023-12-15 02:30:15,265 | [DEBUG] : Current model size: 38538 parameters
2023-12-15 02:30:15,265 | [DEBUG] : Current training mode: increased
2023-12-15 02:30:15,265 | [INFO] : no layers were added
2023-12-15 02:30:15,266 | [DEBUG] : Model size was changed to 38538 parameters
2023-12-15 02:30:15,266 | [DEBUG] : Learning rate is now 0.010000
2023-12-15 02:30:26,027 | [INFO] : New learning rate: 0.009000000000000001
2023-12-15 02:30:28,162 | [DEBUG] : Current model size: 38538 parameters
2023-12-15 02:30:28,163 | [DEBUG] : Current training mode: increased
2023-12-15 02:30:28,163 | [INFO] : no layers were added
2023-12-15 02:30:28,163 | [DEBUG] : Model size was changed to 38538 parameters
2023-12-15 02:30:28,163 | [DEBUG] : Learning rate is now 0.010000
2023-12-15 02:30:38,635 | [INFO] : New learning rate: 0.009000000000000001
2023-12-15 02:30:40,540 | [DEBUG] : Current model size: 38538 parameters
2023-12-15 02:30:40,540 | [DEBUG] : Current training mode: increased
2023-12-15 02:30:40,540 | [INFO] : no layers were added
2023-12-15 02:30:40,541 | [DEBUG] : Model size was changed to 38538 parameters
2023-12-15 02:30:40,541 | [DEBUG] : Learning rate is now 0.010000
2023-12-15 02:30:51,174 | [INFO] : New learning rate: 0.009000000000000001
2023-12-15 02:30:53,156 | [DEBUG] : Current model size: 38538 parameters
2023-12-15 02:30:53,156 | [DEBUG] : Current training mode: increased
2023-12-15 02:30:53,157 | [INFO] : no layers were added
2023-12-15 02:30:53,157 | [DEBUG] : Model size was changed to 38538 parameters
2023-12-15 02:30:53,157 | [DEBUG] : Learning rate is now 0.010000
2023-12-15 02:31:03,482 | [INFO] : New learning rate: 0.009000000000000001
2023-12-15 02:31:05,598 | [DEBUG] : Current model size: 38538 parameters
2023-12-15 02:31:05,598 | [DEBUG] : Current training mode: increased
2023-12-15 02:31:05,598 | [INFO] : no layers were added
2023-12-15 02:31:05,598 | [DEBUG] : Model size was changed to 38538 parameters
2023-12-15 02:31:05,598 | [DEBUG] : Learning rate is now 0.010000
2023-12-15 02:31:16,106 | [INFO] : New learning rate: 0.009000000000000001
2023-12-15 02:31:18,132 | [DEBUG] : Current model size: 38538 parameters
2023-12-15 02:31:18,132 | [DEBUG] : Current training mode: increased
2023-12-15 02:31:18,132 | [INFO] : no layers were added
2023-12-15 02:31:18,133 | [DEBUG] : Model size was changed to 38538 parameters
2023-12-15 02:31:18,133 | [DEBUG] : Learning rate is now 0.010000
2023-12-15 02:31:28,495 | [INFO] : New learning rate: 0.009000000000000001
2023-12-15 02:31:30,362 | [DEBUG] : Current model size: 38538 parameters
2023-12-15 02:31:30,362 | [DEBUG] : Current training mode: increased
2023-12-15 02:31:30,363 | [INFO] : no layers were added
2023-12-15 02:31:30,363 | [DEBUG] : Model size was changed to 38538 parameters
2023-12-15 02:31:30,363 | [DEBUG] : Learning rate is now 0.010000
2023-12-15 02:31:40,904 | [INFO] : New learning rate: 0.009000000000000001
2023-12-15 02:31:42,991 | [DEBUG] : Current model size: 38538 parameters
2023-12-15 02:31:42,991 | [DEBUG] : Current training mode: increased
2023-12-15 02:31:42,991 | [INFO] : no layers were added
2023-12-15 02:31:42,991 | [DEBUG] : Model size was changed to 38538 parameters
2023-12-15 02:31:42,991 | [DEBUG] : Learning rate is now 0.010000
2023-12-15 02:31:53,377 | [INFO] : New learning rate: 0.009000000000000001
2023-12-15 02:31:55,260 | [DEBUG] : Current model size: 38538 parameters
2023-12-15 02:31:55,261 | [DEBUG] : Current training mode: increased
2023-12-15 02:31:55,261 | [INFO] : no layers were added
2023-12-15 02:31:55,261 | [DEBUG] : Model size was changed to 38538 parameters
2023-12-15 02:31:55,261 | [DEBUG] : Learning rate is now 0.010000
2023-12-15 02:32:05,687 | [INFO] : New learning rate: 0.009000000000000001
2023-12-15 02:32:07,583 | [DEBUG] : Current model size: 38538 parameters
2023-12-15 02:32:07,583 | [DEBUG] : Current training mode: increased
2023-12-15 02:32:07,584 | [INFO] : no layers were added
2023-12-15 02:32:07,584 | [DEBUG] : Model size was changed to 38538 parameters
2023-12-15 02:32:07,584 | [DEBUG] : Learning rate is now 0.010000
2023-12-15 02:32:18,120 | [INFO] : New learning rate: 0.009000000000000001
2023-12-15 02:32:20,194 | [DEBUG] : Current model size: 38538 parameters
2023-12-15 02:32:20,195 | [DEBUG] : Current training mode: increased
2023-12-15 02:32:20,195 | [INFO] : no layers were added
2023-12-15 02:32:20,195 | [DEBUG] : Model size was changed to 38538 parameters
2023-12-15 02:32:20,195 | [DEBUG] : Learning rate is now 0.010000
2023-12-15 02:32:30,784 | [INFO] : New learning rate: 0.009000000000000001
2023-12-15 02:32:32,804 | [DEBUG] : Current model size: 38538 parameters
2023-12-15 02:32:32,804 | [DEBUG] : Current training mode: increased
2023-12-15 02:32:32,805 | [INFO] : no layers were added
2023-12-15 02:32:32,805 | [DEBUG] : Model size was changed to 38538 parameters
2023-12-15 02:32:32,805 | [DEBUG] : Learning rate is now 0.010000
2023-12-15 02:32:43,199 | [INFO] : New learning rate: 0.009000000000000001
2023-12-15 02:32:45,243 | [DEBUG] : Current model size: 38538 parameters
2023-12-15 02:32:45,243 | [DEBUG] : Current training mode: increased
2023-12-15 02:32:45,243 | [INFO] : no layers were added
2023-12-15 02:32:45,244 | [DEBUG] : Model size was changed to 38538 parameters
2023-12-15 02:32:45,244 | [DEBUG] : Learning rate is now 0.010000
2023-12-15 02:32:45,263 | [INFO] : training has run out of time
2023-12-15 02:32:45,264 | [INFO] : training20 runtime (h:mm:ss): 0:04:21
2023-12-15 02:32:45,264 | [INFO] : training20 end time: 12/15/2023 02:32:45 AM
2023-12-15 02:32:45,264 | [INFO] : episode 21/64 finished, objective: None
