2023-12-15 02:24:04,139 | [INFO] : training19 start time: 12/15/2023 02:24:04 AM
2023-12-15 02:24:04,142 | [INFO] : Initialized model with weights: results/small_early_middle2/weights.pth
2023-12-15 02:24:04,143 | [DEBUG] : Current model size: 10602 parameters
2023-12-15 02:24:04,143 | [DEBUG] : Current training mode: initial
2023-12-15 02:24:04,162 | [INFO] : GPU allocation changing : going up
2023-12-15 02:24:04,165 | [DEBUG] : Current model size: 10602 parameters
2023-12-15 02:24:04,165 | [DEBUG] : Current training mode: increased
2023-12-15 02:24:04,167 | [INFO] : deepening layer 1/3: Conv2d(32, 32, kernel_size=(3, 3), stride=(1, 1))
2023-12-15 02:24:04,167 | [DEBUG] : Model size was changed to 19914 parameters
2023-12-15 02:24:04,167 | [DEBUG] : Learning rate is now 0.010000
2023-12-15 02:24:14,139 | [INFO] : New learning rate: 0.009000000000000001
2023-12-15 02:24:15,945 | [DEBUG] : Current model size: 19914 parameters
2023-12-15 02:24:15,946 | [DEBUG] : Current training mode: increased
2023-12-15 02:24:15,947 | [INFO] : deepening layer 0/3: Conv2d(3, 32, kernel_size=(3, 3), stride=(1, 1))
2023-12-15 02:24:15,948 | [DEBUG] : Model size was changed to 29226 parameters
2023-12-15 02:24:15,948 | [DEBUG] : Learning rate is now 0.010000
2023-12-15 02:24:26,087 | [INFO] : New learning rate: 0.009000000000000001
2023-12-15 02:24:28,033 | [DEBUG] : Current model size: 29226 parameters
2023-12-15 02:24:28,033 | [DEBUG] : Current training mode: increased
2023-12-15 02:24:28,034 | [INFO] : no layers were added
2023-12-15 02:24:28,034 | [DEBUG] : Model size was changed to 29226 parameters
2023-12-15 02:24:28,034 | [DEBUG] : Learning rate is now 0.010000
2023-12-15 02:24:38,170 | [INFO] : New learning rate: 0.009000000000000001
2023-12-15 02:24:40,136 | [DEBUG] : Current model size: 29226 parameters
2023-12-15 02:24:40,137 | [DEBUG] : Current training mode: increased
2023-12-15 02:24:40,137 | [INFO] : no layers were added
2023-12-15 02:24:40,137 | [DEBUG] : Model size was changed to 29226 parameters
2023-12-15 02:24:40,137 | [DEBUG] : Learning rate is now 0.010000
2023-12-15 02:24:50,509 | [INFO] : New learning rate: 0.009000000000000001
2023-12-15 02:24:52,511 | [DEBUG] : Current model size: 29226 parameters
2023-12-15 02:24:52,511 | [DEBUG] : Current training mode: increased
2023-12-15 02:24:52,511 | [INFO] : no layers were added
2023-12-15 02:24:52,511 | [DEBUG] : Model size was changed to 29226 parameters
2023-12-15 02:24:52,511 | [DEBUG] : Learning rate is now 0.010000
2023-12-15 02:25:02,748 | [INFO] : New learning rate: 0.009000000000000001
2023-12-15 02:25:04,590 | [DEBUG] : Current model size: 29226 parameters
2023-12-15 02:25:04,590 | [DEBUG] : Current training mode: increased
2023-12-15 02:25:04,591 | [INFO] : no layers were added
2023-12-15 02:25:04,591 | [DEBUG] : Model size was changed to 29226 parameters
2023-12-15 02:25:04,591 | [DEBUG] : Learning rate is now 0.010000
2023-12-15 02:25:14,975 | [INFO] : New learning rate: 0.009000000000000001
2023-12-15 02:25:17,013 | [DEBUG] : Current model size: 29226 parameters
2023-12-15 02:25:17,013 | [DEBUG] : Current training mode: increased
2023-12-15 02:25:17,013 | [INFO] : no layers were added
2023-12-15 02:25:17,013 | [DEBUG] : Model size was changed to 29226 parameters
2023-12-15 02:25:17,013 | [DEBUG] : Learning rate is now 0.010000
2023-12-15 02:25:27,404 | [INFO] : New learning rate: 0.009000000000000001
2023-12-15 02:25:29,480 | [DEBUG] : Current model size: 29226 parameters
2023-12-15 02:25:29,480 | [DEBUG] : Current training mode: increased
2023-12-15 02:25:29,480 | [INFO] : no layers were added
2023-12-15 02:25:29,480 | [DEBUG] : Model size was changed to 29226 parameters
2023-12-15 02:25:29,480 | [DEBUG] : Learning rate is now 0.010000
2023-12-15 02:25:39,879 | [INFO] : New learning rate: 0.009000000000000001
2023-12-15 02:25:41,867 | [DEBUG] : Current model size: 29226 parameters
2023-12-15 02:25:41,867 | [DEBUG] : Current training mode: increased
2023-12-15 02:25:41,867 | [INFO] : no layers were added
2023-12-15 02:25:41,867 | [DEBUG] : Model size was changed to 29226 parameters
2023-12-15 02:25:41,867 | [DEBUG] : Learning rate is now 0.010000
2023-12-15 02:25:51,862 | [INFO] : New learning rate: 0.009000000000000001
2023-12-15 02:25:53,901 | [DEBUG] : Current model size: 29226 parameters
2023-12-15 02:25:53,901 | [DEBUG] : Current training mode: increased
2023-12-15 02:25:53,901 | [INFO] : no layers were added
2023-12-15 02:25:53,902 | [DEBUG] : Model size was changed to 29226 parameters
2023-12-15 02:25:53,902 | [DEBUG] : Learning rate is now 0.010000
2023-12-15 02:26:04,169 | [INFO] : New learning rate: 0.009000000000000001
2023-12-15 02:26:06,147 | [DEBUG] : Current model size: 29226 parameters
2023-12-15 02:26:06,147 | [DEBUG] : Current training mode: increased
2023-12-15 02:26:06,147 | [INFO] : no layers were added
2023-12-15 02:26:06,147 | [DEBUG] : Model size was changed to 29226 parameters
2023-12-15 02:26:06,147 | [DEBUG] : Learning rate is now 0.010000
2023-12-15 02:26:16,519 | [INFO] : New learning rate: 0.009000000000000001
2023-12-15 02:26:18,512 | [DEBUG] : Current model size: 29226 parameters
2023-12-15 02:26:18,512 | [DEBUG] : Current training mode: increased
2023-12-15 02:26:18,512 | [INFO] : no layers were added
2023-12-15 02:26:18,513 | [DEBUG] : Model size was changed to 29226 parameters
2023-12-15 02:26:18,513 | [DEBUG] : Learning rate is now 0.010000
2023-12-15 02:26:28,694 | [INFO] : New learning rate: 0.009000000000000001
2023-12-15 02:26:30,697 | [DEBUG] : Current model size: 29226 parameters
2023-12-15 02:26:30,697 | [DEBUG] : Current training mode: increased
2023-12-15 02:26:30,697 | [INFO] : no layers were added
2023-12-15 02:26:30,698 | [DEBUG] : Model size was changed to 29226 parameters
2023-12-15 02:26:30,698 | [DEBUG] : Learning rate is now 0.010000
2023-12-15 02:26:40,781 | [INFO] : New learning rate: 0.009000000000000001
2023-12-15 02:26:42,799 | [DEBUG] : Current model size: 29226 parameters
2023-12-15 02:26:42,799 | [DEBUG] : Current training mode: increased
2023-12-15 02:26:42,799 | [INFO] : no layers were added
2023-12-15 02:26:42,800 | [DEBUG] : Model size was changed to 29226 parameters
2023-12-15 02:26:42,800 | [DEBUG] : Learning rate is now 0.010000
2023-12-15 02:26:52,974 | [INFO] : New learning rate: 0.009000000000000001
2023-12-15 02:26:54,994 | [DEBUG] : Current model size: 29226 parameters
2023-12-15 02:26:54,994 | [DEBUG] : Current training mode: increased
2023-12-15 02:26:54,994 | [INFO] : no layers were added
2023-12-15 02:26:54,995 | [DEBUG] : Model size was changed to 29226 parameters
2023-12-15 02:26:54,995 | [DEBUG] : Learning rate is now 0.010000
2023-12-15 02:27:05,262 | [INFO] : New learning rate: 0.009000000000000001
2023-12-15 02:27:07,350 | [DEBUG] : Current model size: 29226 parameters
2023-12-15 02:27:07,350 | [DEBUG] : Current training mode: increased
2023-12-15 02:27:07,350 | [INFO] : no layers were added
2023-12-15 02:27:07,351 | [DEBUG] : Model size was changed to 29226 parameters
2023-12-15 02:27:07,351 | [DEBUG] : Learning rate is now 0.010000
2023-12-15 02:27:17,742 | [INFO] : New learning rate: 0.009000000000000001
2023-12-15 02:27:19,685 | [DEBUG] : Current model size: 29226 parameters
2023-12-15 02:27:19,685 | [DEBUG] : Current training mode: increased
2023-12-15 02:27:19,685 | [INFO] : no layers were added
2023-12-15 02:27:19,685 | [DEBUG] : Model size was changed to 29226 parameters
2023-12-15 02:27:19,685 | [DEBUG] : Learning rate is now 0.010000
2023-12-15 02:27:29,921 | [INFO] : New learning rate: 0.009000000000000001
2023-12-15 02:27:31,978 | [DEBUG] : Current model size: 29226 parameters
2023-12-15 02:27:31,978 | [DEBUG] : Current training mode: increased
2023-12-15 02:27:31,978 | [INFO] : no layers were added
2023-12-15 02:27:31,979 | [DEBUG] : Model size was changed to 29226 parameters
2023-12-15 02:27:31,979 | [DEBUG] : Learning rate is now 0.010000
2023-12-15 02:27:42,341 | [INFO] : New learning rate: 0.009000000000000001
2023-12-15 02:27:44,247 | [DEBUG] : Current model size: 29226 parameters
2023-12-15 02:27:44,247 | [DEBUG] : Current training mode: increased
2023-12-15 02:27:44,247 | [INFO] : no layers were added
2023-12-15 02:27:44,248 | [DEBUG] : Model size was changed to 29226 parameters
2023-12-15 02:27:44,248 | [DEBUG] : Learning rate is now 0.010000
2023-12-15 02:27:54,355 | [INFO] : New learning rate: 0.009000000000000001
2023-12-15 02:27:56,280 | [DEBUG] : Current model size: 29226 parameters
2023-12-15 02:27:56,280 | [DEBUG] : Current training mode: increased
2023-12-15 02:27:56,280 | [INFO] : no layers were added
2023-12-15 02:27:56,281 | [DEBUG] : Model size was changed to 29226 parameters
2023-12-15 02:27:56,281 | [DEBUG] : Learning rate is now 0.010000
2023-12-15 02:28:06,613 | [INFO] : New learning rate: 0.009000000000000001
2023-12-15 02:28:08,576 | [DEBUG] : Current model size: 29226 parameters
2023-12-15 02:28:08,576 | [DEBUG] : Current training mode: increased
2023-12-15 02:28:08,576 | [INFO] : no layers were added
2023-12-15 02:28:08,577 | [DEBUG] : Model size was changed to 29226 parameters
2023-12-15 02:28:08,577 | [DEBUG] : Learning rate is now 0.010000
2023-12-15 02:28:18,954 | [INFO] : New learning rate: 0.009000000000000001
2023-12-15 02:28:20,893 | [DEBUG] : Current model size: 29226 parameters
2023-12-15 02:28:20,893 | [DEBUG] : Current training mode: increased
2023-12-15 02:28:20,894 | [INFO] : no layers were added
2023-12-15 02:28:20,894 | [DEBUG] : Model size was changed to 29226 parameters
2023-12-15 02:28:20,894 | [DEBUG] : Learning rate is now 0.010000
2023-12-15 02:28:24,148 | [INFO] : training has run out of time
2023-12-15 02:28:24,149 | [INFO] : training19 runtime (h:mm:ss): 0:04:21
2023-12-15 02:28:24,150 | [INFO] : training19 end time: 12/15/2023 02:28:24 AM
2023-12-15 02:28:24,150 | [INFO] : episode 20/64 finished, objective: None
