2023-12-15 01:57:58,890 | [INFO] : training13 start time: 12/15/2023 01:57:58 AM
2023-12-15 01:57:58,893 | [INFO] : Initialized model with weights: results/small_early_middle2/weights.pth
2023-12-15 01:57:58,893 | [DEBUG] : Current model size: 10602 parameters
2023-12-15 01:57:58,893 | [DEBUG] : Current training mode: initial
2023-12-15 01:57:58,914 | [INFO] : GPU allocation changing : going up
2023-12-15 01:57:58,916 | [DEBUG] : Current model size: 10602 parameters
2023-12-15 01:57:58,916 | [DEBUG] : Current training mode: increased
2023-12-15 01:57:58,918 | [INFO] : deepening layer 0/3: Conv2d(3, 32, kernel_size=(3, 3), stride=(1, 1))
2023-12-15 01:57:58,918 | [DEBUG] : Model size was changed to 19914 parameters
2023-12-15 01:57:58,918 | [DEBUG] : Learning rate is now 0.010000
2023-12-15 01:58:08,691 | [INFO] : New learning rate: 0.009000000000000001
2023-12-15 01:58:10,652 | [DEBUG] : Current model size: 19914 parameters
2023-12-15 01:58:10,652 | [DEBUG] : Current training mode: increased
2023-12-15 01:58:10,652 | [INFO] : no layers were added
2023-12-15 01:58:10,652 | [DEBUG] : Model size was changed to 19914 parameters
2023-12-15 01:58:10,652 | [DEBUG] : Learning rate is now 0.010000
2023-12-15 01:58:20,423 | [INFO] : New learning rate: 0.009000000000000001
2023-12-15 01:58:22,384 | [DEBUG] : Current model size: 19914 parameters
2023-12-15 01:58:22,384 | [DEBUG] : Current training mode: increased
2023-12-15 01:58:22,385 | [INFO] : deepening layer 1/3: Conv2d(32, 32, kernel_size=(3, 3), stride=(1, 1))
2023-12-15 01:58:22,386 | [DEBUG] : Model size was changed to 29226 parameters
2023-12-15 01:58:22,386 | [DEBUG] : Learning rate is now 0.010000
2023-12-15 01:58:32,466 | [INFO] : New learning rate: 0.009000000000000001
2023-12-15 01:58:34,433 | [DEBUG] : Current model size: 29226 parameters
2023-12-15 01:58:34,433 | [DEBUG] : Current training mode: increased
2023-12-15 01:58:34,433 | [INFO] : no layers were added
2023-12-15 01:58:34,434 | [DEBUG] : Model size was changed to 29226 parameters
2023-12-15 01:58:34,434 | [DEBUG] : Learning rate is now 0.010000
2023-12-15 01:58:44,460 | [INFO] : New learning rate: 0.009000000000000001
2023-12-15 01:58:46,416 | [DEBUG] : Current model size: 29226 parameters
2023-12-15 01:58:46,416 | [DEBUG] : Current training mode: increased
2023-12-15 01:58:46,416 | [INFO] : no layers were added
2023-12-15 01:58:46,417 | [DEBUG] : Model size was changed to 29226 parameters
2023-12-15 01:58:46,417 | [DEBUG] : Learning rate is now 0.010000
2023-12-15 01:58:56,563 | [INFO] : New learning rate: 0.009000000000000001
2023-12-15 01:58:58,542 | [DEBUG] : Current model size: 29226 parameters
2023-12-15 01:58:58,542 | [DEBUG] : Current training mode: increased
2023-12-15 01:58:58,542 | [INFO] : no layers were added
2023-12-15 01:58:58,542 | [DEBUG] : Model size was changed to 29226 parameters
2023-12-15 01:58:58,542 | [DEBUG] : Learning rate is now 0.010000
2023-12-15 01:59:08,452 | [INFO] : New learning rate: 0.009000000000000001
2023-12-15 01:59:10,421 | [DEBUG] : Current model size: 29226 parameters
2023-12-15 01:59:10,421 | [DEBUG] : Current training mode: increased
2023-12-15 01:59:10,421 | [INFO] : no layers were added
2023-12-15 01:59:10,422 | [DEBUG] : Model size was changed to 29226 parameters
2023-12-15 01:59:10,422 | [DEBUG] : Learning rate is now 0.010000
2023-12-15 01:59:20,415 | [INFO] : New learning rate: 0.009000000000000001
2023-12-15 01:59:22,304 | [DEBUG] : Current model size: 29226 parameters
2023-12-15 01:59:22,304 | [DEBUG] : Current training mode: increased
2023-12-15 01:59:22,304 | [INFO] : no layers were added
2023-12-15 01:59:22,305 | [DEBUG] : Model size was changed to 29226 parameters
2023-12-15 01:59:22,305 | [DEBUG] : Learning rate is now 0.010000
2023-12-15 01:59:32,188 | [INFO] : New learning rate: 0.009000000000000001
2023-12-15 01:59:34,186 | [DEBUG] : Current model size: 29226 parameters
2023-12-15 01:59:34,186 | [DEBUG] : Current training mode: increased
2023-12-15 01:59:34,186 | [INFO] : no layers were added
2023-12-15 01:59:34,186 | [DEBUG] : Model size was changed to 29226 parameters
2023-12-15 01:59:34,186 | [DEBUG] : Learning rate is now 0.010000
2023-12-15 01:59:44,075 | [INFO] : New learning rate: 0.009000000000000001
2023-12-15 01:59:46,059 | [DEBUG] : Current model size: 29226 parameters
2023-12-15 01:59:46,060 | [DEBUG] : Current training mode: increased
2023-12-15 01:59:46,060 | [INFO] : no layers were added
2023-12-15 01:59:46,060 | [DEBUG] : Model size was changed to 29226 parameters
2023-12-15 01:59:46,060 | [DEBUG] : Learning rate is now 0.010000
2023-12-15 01:59:56,155 | [INFO] : New learning rate: 0.009000000000000001
2023-12-15 01:59:57,941 | [DEBUG] : Current model size: 29226 parameters
2023-12-15 01:59:57,941 | [DEBUG] : Current training mode: increased
2023-12-15 01:59:57,941 | [INFO] : no layers were added
2023-12-15 01:59:57,941 | [DEBUG] : Model size was changed to 29226 parameters
2023-12-15 01:59:57,941 | [DEBUG] : Learning rate is now 0.010000
2023-12-15 02:00:07,904 | [INFO] : New learning rate: 0.009000000000000001
2023-12-15 02:00:09,866 | [DEBUG] : Current model size: 29226 parameters
2023-12-15 02:00:09,866 | [DEBUG] : Current training mode: increased
2023-12-15 02:00:09,867 | [INFO] : no layers were added
2023-12-15 02:00:09,867 | [DEBUG] : Model size was changed to 29226 parameters
2023-12-15 02:00:09,867 | [DEBUG] : Learning rate is now 0.010000
2023-12-15 02:00:19,920 | [INFO] : New learning rate: 0.009000000000000001
2023-12-15 02:00:21,742 | [DEBUG] : Current model size: 29226 parameters
2023-12-15 02:00:21,743 | [DEBUG] : Current training mode: increased
2023-12-15 02:00:21,743 | [INFO] : no layers were added
2023-12-15 02:00:21,743 | [DEBUG] : Model size was changed to 29226 parameters
2023-12-15 02:00:21,743 | [DEBUG] : Learning rate is now 0.010000
2023-12-15 02:00:31,847 | [INFO] : New learning rate: 0.009000000000000001
2023-12-15 02:00:33,787 | [DEBUG] : Current model size: 29226 parameters
2023-12-15 02:00:33,787 | [DEBUG] : Current training mode: increased
2023-12-15 02:00:33,787 | [INFO] : no layers were added
2023-12-15 02:00:33,787 | [DEBUG] : Model size was changed to 29226 parameters
2023-12-15 02:00:33,788 | [DEBUG] : Learning rate is now 0.010000
2023-12-15 02:00:43,947 | [INFO] : New learning rate: 0.009000000000000001
2023-12-15 02:00:45,837 | [DEBUG] : Current model size: 29226 parameters
2023-12-15 02:00:45,837 | [DEBUG] : Current training mode: increased
2023-12-15 02:00:45,837 | [INFO] : no layers were added
2023-12-15 02:00:45,838 | [DEBUG] : Model size was changed to 29226 parameters
2023-12-15 02:00:45,838 | [DEBUG] : Learning rate is now 0.010000
2023-12-15 02:00:55,951 | [INFO] : New learning rate: 0.009000000000000001
2023-12-15 02:00:57,825 | [DEBUG] : Current model size: 29226 parameters
2023-12-15 02:00:57,825 | [DEBUG] : Current training mode: increased
2023-12-15 02:00:57,825 | [INFO] : no layers were added
2023-12-15 02:00:57,826 | [DEBUG] : Model size was changed to 29226 parameters
2023-12-15 02:00:57,826 | [DEBUG] : Learning rate is now 0.010000
2023-12-15 02:01:07,899 | [INFO] : New learning rate: 0.009000000000000001
2023-12-15 02:01:09,814 | [DEBUG] : Current model size: 29226 parameters
2023-12-15 02:01:09,814 | [DEBUG] : Current training mode: increased
2023-12-15 02:01:09,814 | [INFO] : no layers were added
2023-12-15 02:01:09,815 | [DEBUG] : Model size was changed to 29226 parameters
2023-12-15 02:01:09,815 | [DEBUG] : Learning rate is now 0.010000
2023-12-15 02:01:19,838 | [INFO] : New learning rate: 0.009000000000000001
2023-12-15 02:01:21,713 | [DEBUG] : Current model size: 29226 parameters
2023-12-15 02:01:21,713 | [DEBUG] : Current training mode: increased
2023-12-15 02:01:21,714 | [INFO] : no layers were added
2023-12-15 02:01:21,714 | [DEBUG] : Model size was changed to 29226 parameters
2023-12-15 02:01:21,714 | [DEBUG] : Learning rate is now 0.010000
2023-12-15 02:01:31,710 | [INFO] : New learning rate: 0.009000000000000001
2023-12-15 02:01:33,488 | [DEBUG] : Current model size: 29226 parameters
2023-12-15 02:01:33,489 | [DEBUG] : Current training mode: increased
2023-12-15 02:01:33,489 | [INFO] : no layers were added
2023-12-15 02:01:33,489 | [DEBUG] : Model size was changed to 29226 parameters
2023-12-15 02:01:33,489 | [DEBUG] : Learning rate is now 0.010000
2023-12-15 02:01:43,686 | [INFO] : New learning rate: 0.009000000000000001
2023-12-15 02:01:45,500 | [DEBUG] : Current model size: 29226 parameters
2023-12-15 02:01:45,500 | [DEBUG] : Current training mode: increased
2023-12-15 02:01:45,500 | [INFO] : no layers were added
2023-12-15 02:01:45,501 | [DEBUG] : Model size was changed to 29226 parameters
2023-12-15 02:01:45,501 | [DEBUG] : Learning rate is now 0.010000
2023-12-15 02:01:55,784 | [INFO] : New learning rate: 0.009000000000000001
2023-12-15 02:01:57,761 | [DEBUG] : Current model size: 29226 parameters
2023-12-15 02:01:57,762 | [DEBUG] : Current training mode: increased
2023-12-15 02:01:57,762 | [INFO] : no layers were added
2023-12-15 02:01:57,762 | [DEBUG] : Model size was changed to 29226 parameters
2023-12-15 02:01:57,762 | [DEBUG] : Learning rate is now 0.010000
2023-12-15 02:02:07,883 | [INFO] : New learning rate: 0.009000000000000001
2023-12-15 02:02:09,644 | [DEBUG] : Current model size: 29226 parameters
2023-12-15 02:02:09,645 | [DEBUG] : Current training mode: increased
2023-12-15 02:02:09,645 | [INFO] : no layers were added
2023-12-15 02:02:09,646 | [DEBUG] : Model size was changed to 29226 parameters
2023-12-15 02:02:09,646 | [DEBUG] : Learning rate is now 0.010000
2023-12-15 02:02:18,903 | [INFO] : training has run out of time
2023-12-15 02:02:18,904 | [INFO] : training13 runtime (h:mm:ss): 0:04:21
2023-12-15 02:02:18,904 | [INFO] : training13 end time: 12/15/2023 02:02:18 AM
2023-12-15 02:02:18,904 | [INFO] : episode 14/64 finished, objective: None
