2023-12-15 01:01:26,572 | [INFO] : training00 start time: 12/15/2023 01:01:26 AM
2023-12-15 01:01:27,644 | [INFO] : Initialized model with weights: results/small_early_middle2/weights.pth
2023-12-15 01:01:27,645 | [DEBUG] : Current model size: 10602 parameters
2023-12-15 01:01:27,645 | [DEBUG] : Current training mode: initial
2023-12-15 01:01:27,693 | [INFO] : GPU allocation changing : going up
2023-12-15 01:01:27,696 | [DEBUG] : Current model size: 10602 parameters
2023-12-15 01:01:27,696 | [DEBUG] : Current training mode: increased
2023-12-15 01:01:27,698 | [INFO] : deepening layer 0/3: Conv2d(3, 32, kernel_size=(3, 3), stride=(1, 1))
2023-12-15 01:01:27,699 | [DEBUG] : Model size was changed to 19914 parameters
2023-12-15 01:01:27,699 | [DEBUG] : Learning rate is now 0.010000
2023-12-15 01:01:38,636 | [INFO] : New learning rate: 0.009000000000000001
2023-12-15 01:01:40,537 | [DEBUG] : Current model size: 19914 parameters
2023-12-15 01:01:40,537 | [DEBUG] : Current training mode: increased
2023-12-15 01:01:40,539 | [INFO] : deepening layer 0/3: Conv2d(3, 32, kernel_size=(3, 3), stride=(1, 1))
2023-12-15 01:01:40,539 | [DEBUG] : Model size was changed to 29226 parameters
2023-12-15 01:01:40,540 | [DEBUG] : Learning rate is now 0.010000
2023-12-15 01:01:50,624 | [INFO] : New learning rate: 0.009000000000000001
2023-12-15 01:01:52,546 | [DEBUG] : Current model size: 29226 parameters
2023-12-15 01:01:52,546 | [DEBUG] : Current training mode: increased
2023-12-15 01:01:52,548 | [INFO] : deepening layer 0/3: Conv2d(3, 32, kernel_size=(3, 3), stride=(1, 1))
2023-12-15 01:01:52,549 | [DEBUG] : Model size was changed to 38538 parameters
2023-12-15 01:01:52,549 | [DEBUG] : Learning rate is now 0.010000
2023-12-15 01:02:03,023 | [INFO] : New learning rate: 0.009000000000000001
2023-12-15 01:02:04,994 | [DEBUG] : Current model size: 38538 parameters
2023-12-15 01:02:04,994 | [DEBUG] : Current training mode: increased
2023-12-15 01:02:04,994 | [INFO] : no layers were added
2023-12-15 01:02:04,995 | [DEBUG] : Model size was changed to 38538 parameters
2023-12-15 01:02:04,995 | [DEBUG] : Learning rate is now 0.010000
2023-12-15 01:02:15,413 | [INFO] : New learning rate: 0.009000000000000001
2023-12-15 01:02:17,412 | [DEBUG] : Current model size: 38538 parameters
2023-12-15 01:02:17,412 | [DEBUG] : Current training mode: increased
2023-12-15 01:02:17,413 | [INFO] : no layers were added
2023-12-15 01:02:17,413 | [DEBUG] : Model size was changed to 38538 parameters
2023-12-15 01:02:17,413 | [DEBUG] : Learning rate is now 0.010000
2023-12-15 01:02:27,780 | [INFO] : New learning rate: 0.009000000000000001
2023-12-15 01:02:29,742 | [DEBUG] : Current model size: 38538 parameters
2023-12-15 01:02:29,742 | [DEBUG] : Current training mode: increased
2023-12-15 01:02:29,742 | [INFO] : no layers were added
2023-12-15 01:02:29,743 | [DEBUG] : Model size was changed to 38538 parameters
2023-12-15 01:02:29,743 | [DEBUG] : Learning rate is now 0.010000
2023-12-15 01:02:40,148 | [INFO] : New learning rate: 0.009000000000000001
2023-12-15 01:02:42,184 | [DEBUG] : Current model size: 38538 parameters
2023-12-15 01:02:42,184 | [DEBUG] : Current training mode: increased
2023-12-15 01:02:42,185 | [INFO] : no layers were added
2023-12-15 01:02:42,185 | [DEBUG] : Model size was changed to 38538 parameters
2023-12-15 01:02:42,185 | [DEBUG] : Learning rate is now 0.010000
2023-12-15 01:02:52,713 | [INFO] : New learning rate: 0.009000000000000001
2023-12-15 01:02:54,613 | [DEBUG] : Current model size: 38538 parameters
2023-12-15 01:02:54,614 | [DEBUG] : Current training mode: increased
2023-12-15 01:02:54,614 | [INFO] : no layers were added
2023-12-15 01:02:54,614 | [DEBUG] : Model size was changed to 38538 parameters
2023-12-15 01:02:54,614 | [DEBUG] : Learning rate is now 0.010000
2023-12-15 01:03:04,978 | [INFO] : New learning rate: 0.009000000000000001
2023-12-15 01:03:06,921 | [DEBUG] : Current model size: 38538 parameters
2023-12-15 01:03:06,922 | [DEBUG] : Current training mode: increased
2023-12-15 01:03:06,922 | [INFO] : no layers were added
2023-12-15 01:03:06,922 | [DEBUG] : Model size was changed to 38538 parameters
2023-12-15 01:03:06,922 | [DEBUG] : Learning rate is now 0.010000
2023-12-15 01:03:17,395 | [INFO] : New learning rate: 0.009000000000000001
2023-12-15 01:03:19,407 | [DEBUG] : Current model size: 38538 parameters
2023-12-15 01:03:19,407 | [DEBUG] : Current training mode: increased
2023-12-15 01:03:19,407 | [INFO] : no layers were added
2023-12-15 01:03:19,408 | [DEBUG] : Model size was changed to 38538 parameters
2023-12-15 01:03:19,408 | [DEBUG] : Learning rate is now 0.010000
2023-12-15 01:03:29,685 | [INFO] : New learning rate: 0.009000000000000001
2023-12-15 01:03:31,558 | [DEBUG] : Current model size: 38538 parameters
2023-12-15 01:03:31,558 | [DEBUG] : Current training mode: increased
2023-12-15 01:03:31,558 | [INFO] : no layers were added
2023-12-15 01:03:31,558 | [DEBUG] : Model size was changed to 38538 parameters
2023-12-15 01:03:31,558 | [DEBUG] : Learning rate is now 0.010000
2023-12-15 01:03:41,906 | [INFO] : New learning rate: 0.009000000000000001
2023-12-15 01:03:43,945 | [DEBUG] : Current model size: 38538 parameters
2023-12-15 01:03:43,945 | [DEBUG] : Current training mode: increased
2023-12-15 01:03:43,945 | [INFO] : no layers were added
2023-12-15 01:03:43,945 | [DEBUG] : Model size was changed to 38538 parameters
2023-12-15 01:03:43,945 | [DEBUG] : Learning rate is now 0.010000
2023-12-15 01:03:54,418 | [INFO] : New learning rate: 0.009000000000000001
2023-12-15 01:03:56,335 | [DEBUG] : Current model size: 38538 parameters
2023-12-15 01:03:56,335 | [DEBUG] : Current training mode: increased
2023-12-15 01:03:56,335 | [INFO] : no layers were added
2023-12-15 01:03:56,336 | [DEBUG] : Model size was changed to 38538 parameters
2023-12-15 01:03:56,336 | [DEBUG] : Learning rate is now 0.010000
2023-12-15 01:04:06,615 | [INFO] : New learning rate: 0.009000000000000001
2023-12-15 01:04:08,578 | [DEBUG] : Current model size: 38538 parameters
2023-12-15 01:04:08,579 | [DEBUG] : Current training mode: increased
2023-12-15 01:04:08,579 | [INFO] : no layers were added
2023-12-15 01:04:08,579 | [DEBUG] : Model size was changed to 38538 parameters
2023-12-15 01:04:08,579 | [DEBUG] : Learning rate is now 0.010000
2023-12-15 01:04:19,053 | [INFO] : New learning rate: 0.009000000000000001
2023-12-15 01:04:21,140 | [DEBUG] : Current model size: 38538 parameters
2023-12-15 01:04:21,140 | [DEBUG] : Current training mode: increased
2023-12-15 01:04:21,140 | [INFO] : no layers were added
2023-12-15 01:04:21,141 | [DEBUG] : Model size was changed to 38538 parameters
2023-12-15 01:04:21,141 | [DEBUG] : Learning rate is now 0.010000
2023-12-15 01:04:31,472 | [INFO] : New learning rate: 0.009000000000000001
2023-12-15 01:04:33,343 | [DEBUG] : Current model size: 38538 parameters
2023-12-15 01:04:33,343 | [DEBUG] : Current training mode: increased
2023-12-15 01:04:33,343 | [INFO] : no layers were added
2023-12-15 01:04:33,344 | [DEBUG] : Model size was changed to 38538 parameters
2023-12-15 01:04:33,344 | [DEBUG] : Learning rate is now 0.010000
2023-12-15 01:04:43,765 | [INFO] : New learning rate: 0.009000000000000001
2023-12-15 01:04:45,784 | [DEBUG] : Current model size: 38538 parameters
2023-12-15 01:04:45,784 | [DEBUG] : Current training mode: increased
2023-12-15 01:04:45,784 | [INFO] : no layers were added
2023-12-15 01:04:45,785 | [DEBUG] : Model size was changed to 38538 parameters
2023-12-15 01:04:45,785 | [DEBUG] : Learning rate is now 0.010000
2023-12-15 01:04:56,219 | [INFO] : New learning rate: 0.009000000000000001
2023-12-15 01:04:58,184 | [DEBUG] : Current model size: 38538 parameters
2023-12-15 01:04:58,184 | [DEBUG] : Current training mode: increased
2023-12-15 01:04:58,184 | [INFO] : no layers were added
2023-12-15 01:04:58,184 | [DEBUG] : Model size was changed to 38538 parameters
2023-12-15 01:04:58,185 | [DEBUG] : Learning rate is now 0.010000
2023-12-15 01:05:08,592 | [INFO] : New learning rate: 0.009000000000000001
2023-12-15 01:05:10,502 | [DEBUG] : Current model size: 38538 parameters
2023-12-15 01:05:10,502 | [DEBUG] : Current training mode: increased
2023-12-15 01:05:10,502 | [INFO] : no layers were added
2023-12-15 01:05:10,503 | [DEBUG] : Model size was changed to 38538 parameters
2023-12-15 01:05:10,503 | [DEBUG] : Learning rate is now 0.010000
2023-12-15 01:05:20,763 | [INFO] : New learning rate: 0.009000000000000001
2023-12-15 01:05:22,657 | [DEBUG] : Current model size: 38538 parameters
2023-12-15 01:05:22,657 | [DEBUG] : Current training mode: increased
2023-12-15 01:05:22,657 | [INFO] : no layers were added
2023-12-15 01:05:22,657 | [DEBUG] : Model size was changed to 38538 parameters
2023-12-15 01:05:22,657 | [DEBUG] : Learning rate is now 0.010000
2023-12-15 01:05:33,035 | [INFO] : New learning rate: 0.009000000000000001
2023-12-15 01:05:35,113 | [DEBUG] : Current model size: 38538 parameters
2023-12-15 01:05:35,114 | [DEBUG] : Current training mode: increased
2023-12-15 01:05:35,114 | [INFO] : no layers were added
2023-12-15 01:05:35,114 | [DEBUG] : Model size was changed to 38538 parameters
2023-12-15 01:05:35,114 | [DEBUG] : Learning rate is now 0.010000
2023-12-15 01:05:45,717 | [INFO] : New learning rate: 0.009000000000000001
2023-12-15 01:05:47,868 | [DEBUG] : Current model size: 38538 parameters
2023-12-15 01:05:47,868 | [DEBUG] : Current training mode: increased
2023-12-15 01:05:47,868 | [INFO] : no layers were added
2023-12-15 01:05:47,868 | [DEBUG] : Model size was changed to 38538 parameters
2023-12-15 01:05:47,868 | [DEBUG] : Learning rate is now 0.010000
2023-12-15 01:05:47,889 | [INFO] : training has run out of time
2023-12-15 01:05:47,889 | [INFO] : training00 runtime (h:mm:ss): 0:04:22
2023-12-15 01:05:47,889 | [INFO] : training00 end time: 12/15/2023 01:05:47 AM
2023-12-15 01:05:47,889 | [INFO] : episode 1/64 finished, objective: None
