2023-12-15 01:05:48,624 | [INFO] : training01 start time: 12/15/2023 01:05:48 AM
2023-12-15 01:05:48,627 | [INFO] : Initialized model with weights: results/small_early_middle2/weights.pth
2023-12-15 01:05:48,627 | [DEBUG] : Current model size: 10602 parameters
2023-12-15 01:05:48,627 | [DEBUG] : Current training mode: initial
2023-12-15 01:05:48,641 | [INFO] : GPU allocation changing : going up
2023-12-15 01:05:48,643 | [DEBUG] : Current model size: 10602 parameters
2023-12-15 01:05:48,643 | [DEBUG] : Current training mode: increased
2023-12-15 01:05:48,645 | [INFO] : deepening layer 0/3: Conv2d(3, 32, kernel_size=(3, 3), stride=(1, 1))
2023-12-15 01:05:48,645 | [DEBUG] : Model size was changed to 19914 parameters
2023-12-15 01:05:48,645 | [DEBUG] : Learning rate is now 0.010000
2023-12-15 01:05:58,910 | [INFO] : New learning rate: 0.009000000000000001
2023-12-15 01:06:00,892 | [DEBUG] : Current model size: 19914 parameters
2023-12-15 01:06:00,892 | [DEBUG] : Current training mode: increased
2023-12-15 01:06:00,894 | [INFO] : deepening layer 0/3: Conv2d(3, 32, kernel_size=(3, 3), stride=(1, 1))
2023-12-15 01:06:00,895 | [DEBUG] : Model size was changed to 29226 parameters
2023-12-15 01:06:00,895 | [DEBUG] : Learning rate is now 0.010000
2023-12-15 01:06:11,218 | [INFO] : New learning rate: 0.009000000000000001
2023-12-15 01:06:13,144 | [DEBUG] : Current model size: 29226 parameters
2023-12-15 01:06:13,144 | [DEBUG] : Current training mode: increased
2023-12-15 01:06:13,146 | [INFO] : deepening layer 1/3: Conv2d(32, 32, kernel_size=(3, 3), stride=(1, 1))
2023-12-15 01:06:13,146 | [DEBUG] : Model size was changed to 38538 parameters
2023-12-15 01:06:13,146 | [DEBUG] : Learning rate is now 0.010000
2023-12-15 01:06:23,496 | [INFO] : New learning rate: 0.009000000000000001
2023-12-15 01:06:25,540 | [DEBUG] : Current model size: 38538 parameters
2023-12-15 01:06:25,540 | [DEBUG] : Current training mode: increased
2023-12-15 01:06:25,540 | [INFO] : no layers were added
2023-12-15 01:06:25,541 | [DEBUG] : Model size was changed to 38538 parameters
2023-12-15 01:06:25,541 | [DEBUG] : Learning rate is now 0.010000
2023-12-15 01:06:35,935 | [INFO] : New learning rate: 0.009000000000000001
2023-12-15 01:06:37,968 | [DEBUG] : Current model size: 38538 parameters
2023-12-15 01:06:37,969 | [DEBUG] : Current training mode: increased
2023-12-15 01:06:37,969 | [INFO] : no layers were added
2023-12-15 01:06:37,969 | [DEBUG] : Model size was changed to 38538 parameters
2023-12-15 01:06:37,969 | [DEBUG] : Learning rate is now 0.010000
2023-12-15 01:06:48,393 | [INFO] : New learning rate: 0.009000000000000001
2023-12-15 01:06:50,311 | [DEBUG] : Current model size: 38538 parameters
2023-12-15 01:06:50,311 | [DEBUG] : Current training mode: increased
2023-12-15 01:06:50,312 | [INFO] : no layers were added
2023-12-15 01:06:50,312 | [DEBUG] : Model size was changed to 38538 parameters
2023-12-15 01:06:50,312 | [DEBUG] : Learning rate is now 0.010000
2023-12-15 01:07:00,704 | [INFO] : New learning rate: 0.009000000000000001
2023-12-15 01:07:02,504 | [DEBUG] : Current model size: 38538 parameters
2023-12-15 01:07:02,504 | [DEBUG] : Current training mode: increased
2023-12-15 01:07:02,504 | [INFO] : no layers were added
2023-12-15 01:07:02,505 | [DEBUG] : Model size was changed to 38538 parameters
2023-12-15 01:07:02,505 | [DEBUG] : Learning rate is now 0.010000
2023-12-15 01:07:12,731 | [INFO] : New learning rate: 0.009000000000000001
2023-12-15 01:07:14,564 | [DEBUG] : Current model size: 38538 parameters
2023-12-15 01:07:14,564 | [DEBUG] : Current training mode: increased
2023-12-15 01:07:14,564 | [INFO] : no layers were added
2023-12-15 01:07:14,564 | [DEBUG] : Model size was changed to 38538 parameters
2023-12-15 01:07:14,564 | [DEBUG] : Learning rate is now 0.010000
2023-12-15 01:07:25,010 | [INFO] : New learning rate: 0.009000000000000001
2023-12-15 01:07:26,796 | [DEBUG] : Current model size: 38538 parameters
2023-12-15 01:07:26,796 | [DEBUG] : Current training mode: increased
2023-12-15 01:07:26,796 | [INFO] : no layers were added
2023-12-15 01:07:26,796 | [DEBUG] : Model size was changed to 38538 parameters
2023-12-15 01:07:26,796 | [DEBUG] : Learning rate is now 0.010000
2023-12-15 01:07:37,100 | [INFO] : New learning rate: 0.009000000000000001
2023-12-15 01:07:38,916 | [DEBUG] : Current model size: 38538 parameters
2023-12-15 01:07:38,916 | [DEBUG] : Current training mode: increased
2023-12-15 01:07:38,916 | [INFO] : no layers were added
2023-12-15 01:07:38,917 | [DEBUG] : Model size was changed to 38538 parameters
2023-12-15 01:07:38,917 | [DEBUG] : Learning rate is now 0.010000
2023-12-15 01:07:49,050 | [INFO] : New learning rate: 0.009000000000000001
2023-12-15 01:07:50,883 | [DEBUG] : Current model size: 38538 parameters
2023-12-15 01:07:50,883 | [DEBUG] : Current training mode: increased
2023-12-15 01:07:50,883 | [INFO] : no layers were added
2023-12-15 01:07:50,884 | [DEBUG] : Model size was changed to 38538 parameters
2023-12-15 01:07:50,884 | [DEBUG] : Learning rate is now 0.010000
2023-12-15 01:08:01,156 | [INFO] : New learning rate: 0.009000000000000001
2023-12-15 01:08:03,007 | [DEBUG] : Current model size: 38538 parameters
2023-12-15 01:08:03,007 | [DEBUG] : Current training mode: increased
2023-12-15 01:08:03,008 | [INFO] : no layers were added
2023-12-15 01:08:03,008 | [DEBUG] : Model size was changed to 38538 parameters
2023-12-15 01:08:03,008 | [DEBUG] : Learning rate is now 0.010000
2023-12-15 01:08:13,189 | [INFO] : New learning rate: 0.009000000000000001
2023-12-15 01:08:15,021 | [DEBUG] : Current model size: 38538 parameters
2023-12-15 01:08:15,021 | [DEBUG] : Current training mode: increased
2023-12-15 01:08:15,021 | [INFO] : no layers were added
2023-12-15 01:08:15,021 | [DEBUG] : Model size was changed to 38538 parameters
2023-12-15 01:08:15,021 | [DEBUG] : Learning rate is now 0.010000
2023-12-15 01:08:25,305 | [INFO] : New learning rate: 0.009000000000000001
2023-12-15 01:08:27,156 | [DEBUG] : Current model size: 38538 parameters
2023-12-15 01:08:27,156 | [DEBUG] : Current training mode: increased
2023-12-15 01:08:27,157 | [INFO] : no layers were added
2023-12-15 01:08:27,157 | [DEBUG] : Model size was changed to 38538 parameters
2023-12-15 01:08:27,157 | [DEBUG] : Learning rate is now 0.010000
2023-12-15 01:08:37,493 | [INFO] : New learning rate: 0.009000000000000001
2023-12-15 01:08:39,269 | [DEBUG] : Current model size: 38538 parameters
2023-12-15 01:08:39,269 | [DEBUG] : Current training mode: increased
2023-12-15 01:08:39,269 | [INFO] : no layers were added
2023-12-15 01:08:39,270 | [DEBUG] : Model size was changed to 38538 parameters
2023-12-15 01:08:39,270 | [DEBUG] : Learning rate is now 0.010000
2023-12-15 01:08:50,092 | [INFO] : New learning rate: 0.009000000000000001
2023-12-15 01:08:51,932 | [DEBUG] : Current model size: 38538 parameters
2023-12-15 01:08:51,932 | [DEBUG] : Current training mode: increased
2023-12-15 01:08:51,932 | [INFO] : no layers were added
2023-12-15 01:08:51,933 | [DEBUG] : Model size was changed to 38538 parameters
2023-12-15 01:08:51,933 | [DEBUG] : Learning rate is now 0.010000
2023-12-15 01:09:02,220 | [INFO] : New learning rate: 0.009000000000000001
2023-12-15 01:09:04,064 | [DEBUG] : Current model size: 38538 parameters
2023-12-15 01:09:04,064 | [DEBUG] : Current training mode: increased
2023-12-15 01:09:04,064 | [INFO] : no layers were added
2023-12-15 01:09:04,065 | [DEBUG] : Model size was changed to 38538 parameters
2023-12-15 01:09:04,065 | [DEBUG] : Learning rate is now 0.010000
2023-12-15 01:09:14,547 | [INFO] : New learning rate: 0.009000000000000001
2023-12-15 01:09:16,398 | [DEBUG] : Current model size: 38538 parameters
2023-12-15 01:09:16,399 | [DEBUG] : Current training mode: increased
2023-12-15 01:09:16,399 | [INFO] : no layers were added
2023-12-15 01:09:16,399 | [DEBUG] : Model size was changed to 38538 parameters
2023-12-15 01:09:16,399 | [DEBUG] : Learning rate is now 0.010000
2023-12-15 01:09:26,771 | [INFO] : New learning rate: 0.009000000000000001
2023-12-15 01:09:28,617 | [DEBUG] : Current model size: 38538 parameters
2023-12-15 01:09:28,617 | [DEBUG] : Current training mode: increased
2023-12-15 01:09:28,618 | [INFO] : no layers were added
2023-12-15 01:09:28,618 | [DEBUG] : Model size was changed to 38538 parameters
2023-12-15 01:09:28,618 | [DEBUG] : Learning rate is now 0.010000
2023-12-15 01:09:38,976 | [INFO] : New learning rate: 0.009000000000000001
2023-12-15 01:09:40,764 | [DEBUG] : Current model size: 38538 parameters
2023-12-15 01:09:40,764 | [DEBUG] : Current training mode: increased
2023-12-15 01:09:40,764 | [INFO] : no layers were added
2023-12-15 01:09:40,764 | [DEBUG] : Model size was changed to 38538 parameters
2023-12-15 01:09:40,764 | [DEBUG] : Learning rate is now 0.010000
2023-12-15 01:09:51,073 | [INFO] : New learning rate: 0.009000000000000001
2023-12-15 01:09:52,918 | [DEBUG] : Current model size: 38538 parameters
2023-12-15 01:09:52,918 | [DEBUG] : Current training mode: increased
2023-12-15 01:09:52,918 | [INFO] : no layers were added
2023-12-15 01:09:52,919 | [DEBUG] : Model size was changed to 38538 parameters
2023-12-15 01:09:52,919 | [DEBUG] : Learning rate is now 0.010000
2023-12-15 01:10:03,207 | [INFO] : New learning rate: 0.009000000000000001
2023-12-15 01:10:05,011 | [DEBUG] : Current model size: 38538 parameters
2023-12-15 01:10:05,011 | [DEBUG] : Current training mode: increased
2023-12-15 01:10:05,011 | [INFO] : no layers were added
2023-12-15 01:10:05,012 | [DEBUG] : Model size was changed to 38538 parameters
2023-12-15 01:10:05,012 | [DEBUG] : Learning rate is now 0.010000
2023-12-15 01:10:08,639 | [INFO] : training has run out of time
2023-12-15 01:10:08,640 | [INFO] : training01 runtime (h:mm:ss): 0:04:21
2023-12-15 01:10:08,640 | [INFO] : training01 end time: 12/15/2023 01:10:08 AM
2023-12-15 01:10:08,640 | [INFO] : episode 2/64 finished, objective: None
