2023-12-15 01:14:30,097 | [INFO] : training03 start time: 12/15/2023 01:14:30 AM
2023-12-15 01:14:30,100 | [INFO] : Initialized model with weights: results/small_early_middle2/weights.pth
2023-12-15 01:14:30,100 | [DEBUG] : Current model size: 10602 parameters
2023-12-15 01:14:30,100 | [DEBUG] : Current training mode: initial
2023-12-15 01:14:30,113 | [INFO] : GPU allocation changing : going up
2023-12-15 01:14:30,115 | [DEBUG] : Current model size: 10602 parameters
2023-12-15 01:14:30,115 | [DEBUG] : Current training mode: increased
2023-12-15 01:14:30,117 | [INFO] : deepening layer 0/3: Conv2d(3, 32, kernel_size=(3, 3), stride=(1, 1))
2023-12-15 01:14:30,117 | [DEBUG] : Model size was changed to 19914 parameters
2023-12-15 01:14:30,117 | [DEBUG] : Learning rate is now 0.010000
2023-12-15 01:14:40,134 | [INFO] : New learning rate: 0.009000000000000001
2023-12-15 01:14:42,169 | [DEBUG] : Current model size: 19914 parameters
2023-12-15 01:14:42,169 | [DEBUG] : Current training mode: increased
2023-12-15 01:14:42,171 | [INFO] : deepening layer 0/3: Conv2d(3, 32, kernel_size=(3, 3), stride=(1, 1))
2023-12-15 01:14:42,171 | [DEBUG] : Model size was changed to 29226 parameters
2023-12-15 01:14:42,171 | [DEBUG] : Learning rate is now 0.010000
2023-12-15 01:14:52,356 | [INFO] : New learning rate: 0.009000000000000001
2023-12-15 01:14:54,341 | [DEBUG] : Current model size: 29226 parameters
2023-12-15 01:14:54,341 | [DEBUG] : Current training mode: increased
2023-12-15 01:14:54,342 | [INFO] : no layers were added
2023-12-15 01:14:54,342 | [DEBUG] : Model size was changed to 29226 parameters
2023-12-15 01:14:54,342 | [DEBUG] : Learning rate is now 0.010000
2023-12-15 01:15:04,354 | [INFO] : New learning rate: 0.009000000000000001
2023-12-15 01:15:06,337 | [DEBUG] : Current model size: 29226 parameters
2023-12-15 01:15:06,337 | [DEBUG] : Current training mode: increased
2023-12-15 01:15:06,337 | [INFO] : no layers were added
2023-12-15 01:15:06,338 | [DEBUG] : Model size was changed to 29226 parameters
2023-12-15 01:15:06,338 | [DEBUG] : Learning rate is now 0.010000
2023-12-15 01:15:16,407 | [INFO] : New learning rate: 0.009000000000000001
2023-12-15 01:15:18,336 | [DEBUG] : Current model size: 29226 parameters
2023-12-15 01:15:18,336 | [DEBUG] : Current training mode: increased
2023-12-15 01:15:18,336 | [INFO] : no layers were added
2023-12-15 01:15:18,337 | [DEBUG] : Model size was changed to 29226 parameters
2023-12-15 01:15:18,337 | [DEBUG] : Learning rate is now 0.010000
2023-12-15 01:15:28,651 | [INFO] : New learning rate: 0.009000000000000001
2023-12-15 01:15:30,455 | [DEBUG] : Current model size: 29226 parameters
2023-12-15 01:15:30,456 | [DEBUG] : Current training mode: increased
2023-12-15 01:15:30,456 | [INFO] : no layers were added
2023-12-15 01:15:30,456 | [DEBUG] : Model size was changed to 29226 parameters
2023-12-15 01:15:30,456 | [DEBUG] : Learning rate is now 0.010000
2023-12-15 01:15:40,657 | [INFO] : New learning rate: 0.009000000000000001
2023-12-15 01:15:42,609 | [DEBUG] : Current model size: 29226 parameters
2023-12-15 01:15:42,610 | [DEBUG] : Current training mode: increased
2023-12-15 01:15:42,610 | [INFO] : no layers were added
2023-12-15 01:15:42,610 | [DEBUG] : Model size was changed to 29226 parameters
2023-12-15 01:15:42,610 | [DEBUG] : Learning rate is now 0.010000
2023-12-15 01:15:52,936 | [INFO] : New learning rate: 0.009000000000000001
2023-12-15 01:15:54,749 | [DEBUG] : Current model size: 29226 parameters
2023-12-15 01:15:54,749 | [DEBUG] : Current training mode: increased
2023-12-15 01:15:54,749 | [INFO] : no layers were added
2023-12-15 01:15:54,750 | [DEBUG] : Model size was changed to 29226 parameters
2023-12-15 01:15:54,750 | [DEBUG] : Learning rate is now 0.010000
2023-12-15 01:16:04,789 | [INFO] : New learning rate: 0.009000000000000001
2023-12-15 01:16:06,815 | [DEBUG] : Current model size: 29226 parameters
2023-12-15 01:16:06,815 | [DEBUG] : Current training mode: increased
2023-12-15 01:16:06,816 | [INFO] : no layers were added
2023-12-15 01:16:06,816 | [DEBUG] : Model size was changed to 29226 parameters
2023-12-15 01:16:06,816 | [DEBUG] : Learning rate is now 0.010000
2023-12-15 01:16:17,237 | [INFO] : New learning rate: 0.009000000000000001
2023-12-15 01:16:19,227 | [DEBUG] : Current model size: 29226 parameters
2023-12-15 01:16:19,227 | [DEBUG] : Current training mode: increased
2023-12-15 01:16:19,227 | [INFO] : no layers were added
2023-12-15 01:16:19,227 | [DEBUG] : Model size was changed to 29226 parameters
2023-12-15 01:16:19,227 | [DEBUG] : Learning rate is now 0.010000
2023-12-15 01:16:29,418 | [INFO] : New learning rate: 0.009000000000000001
2023-12-15 01:16:31,381 | [DEBUG] : Current model size: 29226 parameters
2023-12-15 01:16:31,382 | [DEBUG] : Current training mode: increased
2023-12-15 01:16:31,382 | [INFO] : no layers were added
2023-12-15 01:16:31,382 | [DEBUG] : Model size was changed to 29226 parameters
2023-12-15 01:16:31,382 | [DEBUG] : Learning rate is now 0.010000
2023-12-15 01:16:41,401 | [INFO] : New learning rate: 0.009000000000000001
2023-12-15 01:16:43,352 | [DEBUG] : Current model size: 29226 parameters
2023-12-15 01:16:43,352 | [DEBUG] : Current training mode: increased
2023-12-15 01:16:43,352 | [INFO] : no layers were added
2023-12-15 01:16:43,353 | [DEBUG] : Model size was changed to 29226 parameters
2023-12-15 01:16:43,353 | [DEBUG] : Learning rate is now 0.010000
2023-12-15 01:16:53,361 | [INFO] : New learning rate: 0.009000000000000001
2023-12-15 01:16:55,178 | [DEBUG] : Current model size: 29226 parameters
2023-12-15 01:16:55,178 | [DEBUG] : Current training mode: increased
2023-12-15 01:16:55,178 | [INFO] : no layers were added
2023-12-15 01:16:55,178 | [DEBUG] : Model size was changed to 29226 parameters
2023-12-15 01:16:55,178 | [DEBUG] : Learning rate is now 0.010000
2023-12-15 01:17:05,295 | [INFO] : New learning rate: 0.009000000000000001
2023-12-15 01:17:07,294 | [DEBUG] : Current model size: 29226 parameters
2023-12-15 01:17:07,294 | [DEBUG] : Current training mode: increased
2023-12-15 01:17:07,294 | [INFO] : no layers were added
2023-12-15 01:17:07,295 | [DEBUG] : Model size was changed to 29226 parameters
2023-12-15 01:17:07,295 | [DEBUG] : Learning rate is now 0.010000
2023-12-15 01:17:17,452 | [INFO] : New learning rate: 0.009000000000000001
2023-12-15 01:17:19,269 | [DEBUG] : Current model size: 29226 parameters
2023-12-15 01:17:19,269 | [DEBUG] : Current training mode: increased
2023-12-15 01:17:19,269 | [INFO] : no layers were added
2023-12-15 01:17:19,269 | [DEBUG] : Model size was changed to 29226 parameters
2023-12-15 01:17:19,269 | [DEBUG] : Learning rate is now 0.010000
2023-12-15 01:17:29,490 | [INFO] : New learning rate: 0.009000000000000001
2023-12-15 01:17:31,287 | [DEBUG] : Current model size: 29226 parameters
2023-12-15 01:17:31,287 | [DEBUG] : Current training mode: increased
2023-12-15 01:17:31,287 | [INFO] : no layers were added
2023-12-15 01:17:31,288 | [DEBUG] : Model size was changed to 29226 parameters
2023-12-15 01:17:31,288 | [DEBUG] : Learning rate is now 0.010000
2023-12-15 01:17:41,344 | [INFO] : New learning rate: 0.009000000000000001
2023-12-15 01:17:43,148 | [DEBUG] : Current model size: 29226 parameters
2023-12-15 01:17:43,148 | [DEBUG] : Current training mode: increased
2023-12-15 01:17:43,149 | [INFO] : no layers were added
2023-12-15 01:17:43,149 | [DEBUG] : Model size was changed to 29226 parameters
2023-12-15 01:17:43,149 | [DEBUG] : Learning rate is now 0.010000
2023-12-15 01:17:53,219 | [INFO] : New learning rate: 0.009000000000000001
2023-12-15 01:17:55,164 | [DEBUG] : Current model size: 29226 parameters
2023-12-15 01:17:55,164 | [DEBUG] : Current training mode: increased
2023-12-15 01:17:55,164 | [INFO] : no layers were added
2023-12-15 01:17:55,164 | [DEBUG] : Model size was changed to 29226 parameters
2023-12-15 01:17:55,164 | [DEBUG] : Learning rate is now 0.010000
2023-12-15 01:18:05,058 | [INFO] : New learning rate: 0.009000000000000001
2023-12-15 01:18:06,997 | [DEBUG] : Current model size: 29226 parameters
2023-12-15 01:18:06,997 | [DEBUG] : Current training mode: increased
2023-12-15 01:18:06,997 | [INFO] : no layers were added
2023-12-15 01:18:06,998 | [DEBUG] : Model size was changed to 29226 parameters
2023-12-15 01:18:06,998 | [DEBUG] : Learning rate is now 0.010000
2023-12-15 01:18:16,667 | [INFO] : New learning rate: 0.009000000000000001
2023-12-15 01:18:18,651 | [DEBUG] : Current model size: 29226 parameters
2023-12-15 01:18:18,651 | [DEBUG] : Current training mode: increased
2023-12-15 01:18:18,651 | [INFO] : no layers were added
2023-12-15 01:18:18,652 | [DEBUG] : Model size was changed to 29226 parameters
2023-12-15 01:18:18,652 | [DEBUG] : Learning rate is now 0.010000
2023-12-15 01:18:28,648 | [INFO] : New learning rate: 0.009000000000000001
2023-12-15 01:18:30,638 | [DEBUG] : Current model size: 29226 parameters
2023-12-15 01:18:30,638 | [DEBUG] : Current training mode: increased
2023-12-15 01:18:30,639 | [INFO] : no layers were added
2023-12-15 01:18:30,639 | [DEBUG] : Model size was changed to 29226 parameters
2023-12-15 01:18:30,639 | [DEBUG] : Learning rate is now 0.010000
2023-12-15 01:18:40,984 | [INFO] : New learning rate: 0.009000000000000001
2023-12-15 01:18:42,941 | [DEBUG] : Current model size: 29226 parameters
2023-12-15 01:18:42,941 | [DEBUG] : Current training mode: increased
2023-12-15 01:18:42,941 | [INFO] : no layers were added
2023-12-15 01:18:42,942 | [DEBUG] : Model size was changed to 29226 parameters
2023-12-15 01:18:42,942 | [DEBUG] : Learning rate is now 0.010000
2023-12-15 01:18:50,108 | [INFO] : training has run out of time
2023-12-15 01:18:50,109 | [INFO] : training03 runtime (h:mm:ss): 0:04:21
2023-12-15 01:18:50,109 | [INFO] : training03 end time: 12/15/2023 01:18:50 AM
2023-12-15 01:18:50,109 | [INFO] : episode 4/64 finished, objective: None
