2023-12-15 01:18:50,829 | [INFO] : training04 start time: 12/15/2023 01:18:50 AM
2023-12-15 01:18:50,832 | [INFO] : Initialized model with weights: results/small_early_middle2/weights.pth
2023-12-15 01:18:50,832 | [DEBUG] : Current model size: 10602 parameters
2023-12-15 01:18:50,832 | [DEBUG] : Current training mode: initial
2023-12-15 01:18:50,848 | [INFO] : GPU allocation changing : going up
2023-12-15 01:18:50,851 | [DEBUG] : Current model size: 10602 parameters
2023-12-15 01:18:50,851 | [DEBUG] : Current training mode: increased
2023-12-15 01:18:50,853 | [INFO] : deepening layer 0/3: Conv2d(3, 32, kernel_size=(3, 3), stride=(1, 1))
2023-12-15 01:18:50,853 | [DEBUG] : Model size was changed to 19914 parameters
2023-12-15 01:18:50,853 | [DEBUG] : Learning rate is now 0.010000
2023-12-15 01:19:00,940 | [INFO] : New learning rate: 0.009000000000000001
2023-12-15 01:19:02,868 | [DEBUG] : Current model size: 19914 parameters
2023-12-15 01:19:02,868 | [DEBUG] : Current training mode: increased
2023-12-15 01:19:02,870 | [INFO] : deepening layer 1/3: Conv2d(32, 32, kernel_size=(3, 3), stride=(1, 1))
2023-12-15 01:19:02,870 | [DEBUG] : Model size was changed to 29226 parameters
2023-12-15 01:19:02,870 | [DEBUG] : Learning rate is now 0.010000
2023-12-15 01:19:13,306 | [INFO] : New learning rate: 0.009000000000000001
2023-12-15 01:19:15,354 | [DEBUG] : Current model size: 29226 parameters
2023-12-15 01:19:15,354 | [DEBUG] : Current training mode: increased
2023-12-15 01:19:15,356 | [INFO] : deepening layer 0/3: Conv2d(3, 32, kernel_size=(3, 3), stride=(1, 1))
2023-12-15 01:19:15,357 | [DEBUG] : Model size was changed to 38538 parameters
2023-12-15 01:19:15,357 | [DEBUG] : Learning rate is now 0.010000
2023-12-15 01:19:25,755 | [INFO] : New learning rate: 0.009000000000000001
2023-12-15 01:19:27,819 | [DEBUG] : Current model size: 38538 parameters
2023-12-15 01:19:27,819 | [DEBUG] : Current training mode: increased
2023-12-15 01:19:27,819 | [INFO] : no layers were added
2023-12-15 01:19:27,819 | [DEBUG] : Model size was changed to 38538 parameters
2023-12-15 01:19:27,819 | [DEBUG] : Learning rate is now 0.010000
2023-12-15 01:19:38,206 | [INFO] : New learning rate: 0.009000000000000001
2023-12-15 01:19:40,192 | [DEBUG] : Current model size: 38538 parameters
2023-12-15 01:19:40,192 | [DEBUG] : Current training mode: increased
2023-12-15 01:19:40,192 | [INFO] : no layers were added
2023-12-15 01:19:40,192 | [DEBUG] : Model size was changed to 38538 parameters
2023-12-15 01:19:40,192 | [DEBUG] : Learning rate is now 0.010000
2023-12-15 01:19:50,610 | [INFO] : New learning rate: 0.009000000000000001
2023-12-15 01:19:52,639 | [DEBUG] : Current model size: 38538 parameters
2023-12-15 01:19:52,639 | [DEBUG] : Current training mode: increased
2023-12-15 01:19:52,639 | [INFO] : no layers were added
2023-12-15 01:19:52,640 | [DEBUG] : Model size was changed to 38538 parameters
2023-12-15 01:19:52,640 | [DEBUG] : Learning rate is now 0.010000
2023-12-15 01:20:03,021 | [INFO] : New learning rate: 0.009000000000000001
2023-12-15 01:20:04,844 | [DEBUG] : Current model size: 38538 parameters
2023-12-15 01:20:04,845 | [DEBUG] : Current training mode: increased
2023-12-15 01:20:04,845 | [INFO] : no layers were added
2023-12-15 01:20:04,846 | [DEBUG] : Model size was changed to 38538 parameters
2023-12-15 01:20:04,846 | [DEBUG] : Learning rate is now 0.010000
2023-12-15 01:20:15,516 | [INFO] : New learning rate: 0.009000000000000001
2023-12-15 01:20:17,662 | [DEBUG] : Current model size: 38538 parameters
2023-12-15 01:20:17,662 | [DEBUG] : Current training mode: increased
2023-12-15 01:20:17,662 | [INFO] : no layers were added
2023-12-15 01:20:17,662 | [DEBUG] : Model size was changed to 38538 parameters
2023-12-15 01:20:17,662 | [DEBUG] : Learning rate is now 0.010000
2023-12-15 01:20:28,108 | [INFO] : New learning rate: 0.009000000000000001
2023-12-15 01:20:29,921 | [DEBUG] : Current model size: 38538 parameters
2023-12-15 01:20:29,921 | [DEBUG] : Current training mode: increased
2023-12-15 01:20:29,921 | [INFO] : no layers were added
2023-12-15 01:20:29,922 | [DEBUG] : Model size was changed to 38538 parameters
2023-12-15 01:20:29,922 | [DEBUG] : Learning rate is now 0.010000
2023-12-15 01:20:40,361 | [INFO] : New learning rate: 0.009000000000000001
2023-12-15 01:20:42,367 | [DEBUG] : Current model size: 38538 parameters
2023-12-15 01:20:42,368 | [DEBUG] : Current training mode: increased
2023-12-15 01:20:42,368 | [INFO] : no layers were added
2023-12-15 01:20:42,368 | [DEBUG] : Model size was changed to 38538 parameters
2023-12-15 01:20:42,368 | [DEBUG] : Learning rate is now 0.010000
2023-12-15 01:20:52,901 | [INFO] : New learning rate: 0.009000000000000001
2023-12-15 01:20:54,728 | [DEBUG] : Current model size: 38538 parameters
2023-12-15 01:20:54,728 | [DEBUG] : Current training mode: increased
2023-12-15 01:20:54,728 | [INFO] : no layers were added
2023-12-15 01:20:54,729 | [DEBUG] : Model size was changed to 38538 parameters
2023-12-15 01:20:54,729 | [DEBUG] : Learning rate is now 0.010000
2023-12-15 01:21:05,147 | [INFO] : New learning rate: 0.009000000000000001
2023-12-15 01:21:06,955 | [DEBUG] : Current model size: 38538 parameters
2023-12-15 01:21:06,955 | [DEBUG] : Current training mode: increased
2023-12-15 01:21:06,955 | [INFO] : no layers were added
2023-12-15 01:21:06,956 | [DEBUG] : Model size was changed to 38538 parameters
2023-12-15 01:21:06,956 | [DEBUG] : Learning rate is now 0.010000
2023-12-15 01:21:17,360 | [INFO] : New learning rate: 0.009000000000000001
2023-12-15 01:21:19,285 | [DEBUG] : Current model size: 38538 parameters
2023-12-15 01:21:19,285 | [DEBUG] : Current training mode: increased
2023-12-15 01:21:19,286 | [INFO] : no layers were added
2023-12-15 01:21:19,286 | [DEBUG] : Model size was changed to 38538 parameters
2023-12-15 01:21:19,286 | [DEBUG] : Learning rate is now 0.010000
2023-12-15 01:21:29,787 | [INFO] : New learning rate: 0.009000000000000001
2023-12-15 01:21:31,630 | [DEBUG] : Current model size: 38538 parameters
2023-12-15 01:21:31,630 | [DEBUG] : Current training mode: increased
2023-12-15 01:21:31,630 | [INFO] : no layers were added
2023-12-15 01:21:31,631 | [DEBUG] : Model size was changed to 38538 parameters
2023-12-15 01:21:31,631 | [DEBUG] : Learning rate is now 0.010000
2023-12-15 01:21:41,999 | [INFO] : New learning rate: 0.009000000000000001
2023-12-15 01:21:44,095 | [DEBUG] : Current model size: 38538 parameters
2023-12-15 01:21:44,095 | [DEBUG] : Current training mode: increased
2023-12-15 01:21:44,095 | [INFO] : no layers were added
2023-12-15 01:21:44,096 | [DEBUG] : Model size was changed to 38538 parameters
2023-12-15 01:21:44,096 | [DEBUG] : Learning rate is now 0.010000
2023-12-15 01:21:54,464 | [INFO] : New learning rate: 0.009000000000000001
2023-12-15 01:21:56,316 | [DEBUG] : Current model size: 38538 parameters
2023-12-15 01:21:56,316 | [DEBUG] : Current training mode: increased
2023-12-15 01:21:56,316 | [INFO] : no layers were added
2023-12-15 01:21:56,316 | [DEBUG] : Model size was changed to 38538 parameters
2023-12-15 01:21:56,317 | [DEBUG] : Learning rate is now 0.010000
2023-12-15 01:22:06,678 | [INFO] : New learning rate: 0.009000000000000001
2023-12-15 01:22:08,671 | [DEBUG] : Current model size: 38538 parameters
2023-12-15 01:22:08,671 | [DEBUG] : Current training mode: increased
2023-12-15 01:22:08,671 | [INFO] : no layers were added
2023-12-15 01:22:08,672 | [DEBUG] : Model size was changed to 38538 parameters
2023-12-15 01:22:08,672 | [DEBUG] : Learning rate is now 0.010000
2023-12-15 01:22:18,910 | [INFO] : New learning rate: 0.009000000000000001
2023-12-15 01:22:20,948 | [DEBUG] : Current model size: 38538 parameters
2023-12-15 01:22:20,948 | [DEBUG] : Current training mode: increased
2023-12-15 01:22:20,948 | [INFO] : no layers were added
2023-12-15 01:22:20,948 | [DEBUG] : Model size was changed to 38538 parameters
2023-12-15 01:22:20,948 | [DEBUG] : Learning rate is now 0.010000
2023-12-15 01:22:31,150 | [INFO] : New learning rate: 0.009000000000000001
2023-12-15 01:22:33,111 | [DEBUG] : Current model size: 38538 parameters
2023-12-15 01:22:33,111 | [DEBUG] : Current training mode: increased
2023-12-15 01:22:33,111 | [INFO] : no layers were added
2023-12-15 01:22:33,111 | [DEBUG] : Model size was changed to 38538 parameters
2023-12-15 01:22:33,111 | [DEBUG] : Learning rate is now 0.010000
2023-12-15 01:22:43,530 | [INFO] : New learning rate: 0.009000000000000001
2023-12-15 01:22:45,457 | [DEBUG] : Current model size: 38538 parameters
2023-12-15 01:22:45,457 | [DEBUG] : Current training mode: increased
2023-12-15 01:22:45,457 | [INFO] : no layers were added
2023-12-15 01:22:45,457 | [DEBUG] : Model size was changed to 38538 parameters
2023-12-15 01:22:45,457 | [DEBUG] : Learning rate is now 0.010000
2023-12-15 01:22:55,837 | [INFO] : New learning rate: 0.009000000000000001
2023-12-15 01:22:57,728 | [DEBUG] : Current model size: 38538 parameters
2023-12-15 01:22:57,728 | [DEBUG] : Current training mode: increased
2023-12-15 01:22:57,728 | [INFO] : no layers were added
2023-12-15 01:22:57,729 | [DEBUG] : Model size was changed to 38538 parameters
2023-12-15 01:22:57,729 | [DEBUG] : Learning rate is now 0.010000
2023-12-15 01:23:08,065 | [INFO] : New learning rate: 0.009000000000000001
2023-12-15 01:23:10,105 | [DEBUG] : Current model size: 38538 parameters
2023-12-15 01:23:10,105 | [DEBUG] : Current training mode: increased
2023-12-15 01:23:10,105 | [INFO] : no layers were added
2023-12-15 01:23:10,106 | [DEBUG] : Model size was changed to 38538 parameters
2023-12-15 01:23:10,106 | [DEBUG] : Learning rate is now 0.010000
2023-12-15 01:23:10,837 | [INFO] : training has run out of time
2023-12-15 01:23:10,838 | [INFO] : training04 runtime (h:mm:ss): 0:04:21
2023-12-15 01:23:10,839 | [INFO] : training04 end time: 12/15/2023 01:23:10 AM
2023-12-15 01:23:10,840 | [INFO] : episode 5/64 finished, objective: None
