2023-12-15 03:07:31,879 | [INFO] : training29 start time: 12/15/2023 03:07:31 AM
2023-12-15 03:07:31,882 | [INFO] : Initialized model with weights: results/small_early_middle2/weights.pth
2023-12-15 03:07:31,882 | [DEBUG] : Current model size: 10602 parameters
2023-12-15 03:07:31,882 | [DEBUG] : Current training mode: initial
2023-12-15 03:07:31,895 | [INFO] : GPU allocation changing : going up
2023-12-15 03:07:31,897 | [DEBUG] : Current model size: 10602 parameters
2023-12-15 03:07:31,897 | [DEBUG] : Current training mode: increased
2023-12-15 03:07:31,899 | [INFO] : deepening layer 1/3: Conv2d(32, 32, kernel_size=(3, 3), stride=(1, 1))
2023-12-15 03:07:31,899 | [DEBUG] : Model size was changed to 19914 parameters
2023-12-15 03:07:31,899 | [DEBUG] : Learning rate is now 0.010000
2023-12-15 03:07:41,805 | [INFO] : New learning rate: 0.009000000000000001
2023-12-15 03:07:43,677 | [DEBUG] : Current model size: 19914 parameters
2023-12-15 03:07:43,677 | [DEBUG] : Current training mode: increased
2023-12-15 03:07:43,677 | [INFO] : no layers were added
2023-12-15 03:07:43,678 | [DEBUG] : Model size was changed to 19914 parameters
2023-12-15 03:07:43,678 | [DEBUG] : Learning rate is now 0.010000
2023-12-15 03:07:53,573 | [INFO] : New learning rate: 0.009000000000000001
2023-12-15 03:07:55,399 | [DEBUG] : Current model size: 19914 parameters
2023-12-15 03:07:55,400 | [DEBUG] : Current training mode: increased
2023-12-15 03:07:55,401 | [INFO] : deepening layer 1/3: Conv2d(32, 32, kernel_size=(3, 3), stride=(1, 1))
2023-12-15 03:07:55,402 | [DEBUG] : Model size was changed to 29226 parameters
2023-12-15 03:07:55,402 | [DEBUG] : Learning rate is now 0.010000
2023-12-15 03:08:05,452 | [INFO] : New learning rate: 0.009000000000000001
2023-12-15 03:08:07,238 | [DEBUG] : Current model size: 29226 parameters
2023-12-15 03:08:07,238 | [DEBUG] : Current training mode: increased
2023-12-15 03:08:07,238 | [INFO] : no layers were added
2023-12-15 03:08:07,239 | [DEBUG] : Model size was changed to 29226 parameters
2023-12-15 03:08:07,239 | [DEBUG] : Learning rate is now 0.010000
2023-12-15 03:08:17,255 | [INFO] : New learning rate: 0.009000000000000001
2023-12-15 03:08:19,027 | [DEBUG] : Current model size: 29226 parameters
2023-12-15 03:08:19,027 | [DEBUG] : Current training mode: increased
2023-12-15 03:08:19,027 | [INFO] : no layers were added
2023-12-15 03:08:19,027 | [DEBUG] : Model size was changed to 29226 parameters
2023-12-15 03:08:19,028 | [DEBUG] : Learning rate is now 0.010000
2023-12-15 03:08:28,958 | [INFO] : New learning rate: 0.009000000000000001
2023-12-15 03:08:30,720 | [DEBUG] : Current model size: 29226 parameters
2023-12-15 03:08:30,720 | [DEBUG] : Current training mode: increased
2023-12-15 03:08:30,720 | [INFO] : no layers were added
2023-12-15 03:08:30,721 | [DEBUG] : Model size was changed to 29226 parameters
2023-12-15 03:08:30,721 | [DEBUG] : Learning rate is now 0.010000
2023-12-15 03:08:40,881 | [INFO] : New learning rate: 0.009000000000000001
2023-12-15 03:08:42,777 | [DEBUG] : Current model size: 29226 parameters
2023-12-15 03:08:42,777 | [DEBUG] : Current training mode: increased
2023-12-15 03:08:42,777 | [INFO] : no layers were added
2023-12-15 03:08:42,778 | [DEBUG] : Model size was changed to 29226 parameters
2023-12-15 03:08:42,778 | [DEBUG] : Learning rate is now 0.010000
2023-12-15 03:08:52,899 | [INFO] : New learning rate: 0.009000000000000001
2023-12-15 03:08:54,836 | [DEBUG] : Current model size: 29226 parameters
2023-12-15 03:08:54,837 | [DEBUG] : Current training mode: increased
2023-12-15 03:08:54,837 | [INFO] : no layers were added
2023-12-15 03:08:54,837 | [DEBUG] : Model size was changed to 29226 parameters
2023-12-15 03:08:54,837 | [DEBUG] : Learning rate is now 0.010000
2023-12-15 03:09:04,890 | [INFO] : New learning rate: 0.009000000000000001
2023-12-15 03:09:06,807 | [DEBUG] : Current model size: 29226 parameters
2023-12-15 03:09:06,807 | [DEBUG] : Current training mode: increased
2023-12-15 03:09:06,807 | [INFO] : no layers were added
2023-12-15 03:09:06,808 | [DEBUG] : Model size was changed to 29226 parameters
2023-12-15 03:09:06,808 | [DEBUG] : Learning rate is now 0.010000
2023-12-15 03:09:16,882 | [INFO] : New learning rate: 0.009000000000000001
2023-12-15 03:09:18,675 | [DEBUG] : Current model size: 29226 parameters
2023-12-15 03:09:18,675 | [DEBUG] : Current training mode: increased
2023-12-15 03:09:18,675 | [INFO] : no layers were added
2023-12-15 03:09:18,675 | [DEBUG] : Model size was changed to 29226 parameters
2023-12-15 03:09:18,675 | [DEBUG] : Learning rate is now 0.010000
2023-12-15 03:09:28,751 | [INFO] : New learning rate: 0.009000000000000001
2023-12-15 03:09:30,552 | [DEBUG] : Current model size: 29226 parameters
2023-12-15 03:09:30,552 | [DEBUG] : Current training mode: increased
2023-12-15 03:09:30,552 | [INFO] : no layers were added
2023-12-15 03:09:30,553 | [DEBUG] : Model size was changed to 29226 parameters
2023-12-15 03:09:30,553 | [DEBUG] : Learning rate is now 0.010000
2023-12-15 03:09:40,804 | [INFO] : New learning rate: 0.009000000000000001
2023-12-15 03:09:42,727 | [DEBUG] : Current model size: 29226 parameters
2023-12-15 03:09:42,727 | [DEBUG] : Current training mode: increased
2023-12-15 03:09:42,727 | [INFO] : no layers were added
2023-12-15 03:09:42,728 | [DEBUG] : Model size was changed to 29226 parameters
2023-12-15 03:09:42,728 | [DEBUG] : Learning rate is now 0.010000
2023-12-15 03:09:52,847 | [INFO] : New learning rate: 0.009000000000000001
2023-12-15 03:09:54,753 | [DEBUG] : Current model size: 29226 parameters
2023-12-15 03:09:54,753 | [DEBUG] : Current training mode: increased
2023-12-15 03:09:54,753 | [INFO] : no layers were added
2023-12-15 03:09:54,753 | [DEBUG] : Model size was changed to 29226 parameters
2023-12-15 03:09:54,754 | [DEBUG] : Learning rate is now 0.010000
2023-12-15 03:10:04,849 | [INFO] : New learning rate: 0.009000000000000001
2023-12-15 03:10:06,669 | [DEBUG] : Current model size: 29226 parameters
2023-12-15 03:10:06,669 | [DEBUG] : Current training mode: increased
2023-12-15 03:10:06,670 | [INFO] : no layers were added
2023-12-15 03:10:06,670 | [DEBUG] : Model size was changed to 29226 parameters
2023-12-15 03:10:06,670 | [DEBUG] : Learning rate is now 0.010000
2023-12-15 03:10:16,883 | [INFO] : New learning rate: 0.009000000000000001
2023-12-15 03:10:18,649 | [DEBUG] : Current model size: 29226 parameters
2023-12-15 03:10:18,649 | [DEBUG] : Current training mode: increased
2023-12-15 03:10:18,649 | [INFO] : no layers were added
2023-12-15 03:10:18,649 | [DEBUG] : Model size was changed to 29226 parameters
2023-12-15 03:10:18,649 | [DEBUG] : Learning rate is now 0.010000
2023-12-15 03:10:28,764 | [INFO] : New learning rate: 0.009000000000000001
2023-12-15 03:10:30,787 | [DEBUG] : Current model size: 29226 parameters
2023-12-15 03:10:30,787 | [DEBUG] : Current training mode: increased
2023-12-15 03:10:30,788 | [INFO] : no layers were added
2023-12-15 03:10:30,788 | [DEBUG] : Model size was changed to 29226 parameters
2023-12-15 03:10:30,788 | [DEBUG] : Learning rate is now 0.010000
2023-12-15 03:10:40,925 | [INFO] : New learning rate: 0.009000000000000001
2023-12-15 03:10:42,926 | [DEBUG] : Current model size: 29226 parameters
2023-12-15 03:10:42,926 | [DEBUG] : Current training mode: increased
2023-12-15 03:10:42,926 | [INFO] : no layers were added
2023-12-15 03:10:42,926 | [DEBUG] : Model size was changed to 29226 parameters
2023-12-15 03:10:42,926 | [DEBUG] : Learning rate is now 0.010000
2023-12-15 03:10:52,994 | [INFO] : New learning rate: 0.009000000000000001
2023-12-15 03:10:54,978 | [DEBUG] : Current model size: 29226 parameters
2023-12-15 03:10:54,978 | [DEBUG] : Current training mode: increased
2023-12-15 03:10:54,979 | [INFO] : no layers were added
2023-12-15 03:10:54,979 | [DEBUG] : Model size was changed to 29226 parameters
2023-12-15 03:10:54,979 | [DEBUG] : Learning rate is now 0.010000
2023-12-15 03:11:04,998 | [INFO] : New learning rate: 0.009000000000000001
2023-12-15 03:11:07,008 | [DEBUG] : Current model size: 29226 parameters
2023-12-15 03:11:07,008 | [DEBUG] : Current training mode: increased
2023-12-15 03:11:07,009 | [INFO] : no layers were added
2023-12-15 03:11:07,009 | [DEBUG] : Model size was changed to 29226 parameters
2023-12-15 03:11:07,009 | [DEBUG] : Learning rate is now 0.010000
2023-12-15 03:11:17,048 | [INFO] : New learning rate: 0.009000000000000001
2023-12-15 03:11:19,021 | [DEBUG] : Current model size: 29226 parameters
2023-12-15 03:11:19,021 | [DEBUG] : Current training mode: increased
2023-12-15 03:11:19,021 | [INFO] : no layers were added
2023-12-15 03:11:19,022 | [DEBUG] : Model size was changed to 29226 parameters
2023-12-15 03:11:19,022 | [DEBUG] : Learning rate is now 0.010000
2023-12-15 03:11:29,052 | [INFO] : New learning rate: 0.009000000000000001
2023-12-15 03:11:31,017 | [DEBUG] : Current model size: 29226 parameters
2023-12-15 03:11:31,017 | [DEBUG] : Current training mode: increased
2023-12-15 03:11:31,017 | [INFO] : no layers were added
2023-12-15 03:11:31,017 | [DEBUG] : Model size was changed to 29226 parameters
2023-12-15 03:11:31,017 | [DEBUG] : Learning rate is now 0.010000
2023-12-15 03:11:41,307 | [INFO] : New learning rate: 0.009000000000000001
2023-12-15 03:11:43,187 | [DEBUG] : Current model size: 29226 parameters
2023-12-15 03:11:43,187 | [DEBUG] : Current training mode: increased
2023-12-15 03:11:43,188 | [INFO] : no layers were added
2023-12-15 03:11:43,188 | [DEBUG] : Model size was changed to 29226 parameters
2023-12-15 03:11:43,188 | [DEBUG] : Learning rate is now 0.010000
2023-12-15 03:11:51,888 | [INFO] : training has run out of time
2023-12-15 03:11:51,889 | [INFO] : training29 runtime (h:mm:ss): 0:04:21
2023-12-15 03:11:51,889 | [INFO] : training29 end time: 12/15/2023 03:11:51 AM
2023-12-15 03:11:51,889 | [INFO] : episode 30/64 finished, objective: None
