2023-12-15 02:06:41,180 | [INFO] : training15 start time: 12/15/2023 02:06:41 AM
2023-12-15 02:06:41,183 | [INFO] : Initialized model with weights: results/small_early_middle2/weights.pth
2023-12-15 02:06:41,183 | [DEBUG] : Current model size: 10602 parameters
2023-12-15 02:06:41,183 | [DEBUG] : Current training mode: initial
2023-12-15 02:06:41,196 | [INFO] : GPU allocation changing : going up
2023-12-15 02:06:41,199 | [DEBUG] : Current model size: 10602 parameters
2023-12-15 02:06:41,199 | [DEBUG] : Current training mode: increased
2023-12-15 02:06:41,201 | [INFO] : deepening layer 0/3: Conv2d(3, 32, kernel_size=(3, 3), stride=(1, 1))
2023-12-15 02:06:41,201 | [DEBUG] : Model size was changed to 19914 parameters
2023-12-15 02:06:41,201 | [DEBUG] : Learning rate is now 0.010000
2023-12-15 02:06:51,039 | [INFO] : New learning rate: 0.009000000000000001
2023-12-15 02:06:52,822 | [DEBUG] : Current model size: 19914 parameters
2023-12-15 02:06:52,822 | [DEBUG] : Current training mode: increased
2023-12-15 02:06:52,822 | [INFO] : no layers were added
2023-12-15 02:06:52,823 | [DEBUG] : Model size was changed to 19914 parameters
2023-12-15 02:06:52,823 | [DEBUG] : Learning rate is now 0.010000
2023-12-15 02:07:02,778 | [INFO] : New learning rate: 0.009000000000000001
2023-12-15 02:07:04,829 | [DEBUG] : Current model size: 19914 parameters
2023-12-15 02:07:04,829 | [DEBUG] : Current training mode: increased
2023-12-15 02:07:04,829 | [INFO] : no layers were added
2023-12-15 02:07:04,830 | [DEBUG] : Model size was changed to 19914 parameters
2023-12-15 02:07:04,830 | [DEBUG] : Learning rate is now 0.010000
2023-12-15 02:07:14,853 | [INFO] : New learning rate: 0.009000000000000001
2023-12-15 02:07:16,823 | [DEBUG] : Current model size: 19914 parameters
2023-12-15 02:07:16,823 | [DEBUG] : Current training mode: increased
2023-12-15 02:07:16,823 | [INFO] : no layers were added
2023-12-15 02:07:16,824 | [DEBUG] : Model size was changed to 19914 parameters
2023-12-15 02:07:16,824 | [DEBUG] : Learning rate is now 0.010000
2023-12-15 02:07:26,649 | [INFO] : New learning rate: 0.009000000000000001
2023-12-15 02:07:28,655 | [DEBUG] : Current model size: 19914 parameters
2023-12-15 02:07:28,655 | [DEBUG] : Current training mode: increased
2023-12-15 02:07:28,655 | [INFO] : no layers were added
2023-12-15 02:07:28,656 | [DEBUG] : Model size was changed to 19914 parameters
2023-12-15 02:07:28,656 | [DEBUG] : Learning rate is now 0.010000
2023-12-15 02:07:38,496 | [INFO] : New learning rate: 0.009000000000000001
2023-12-15 02:07:40,338 | [DEBUG] : Current model size: 19914 parameters
2023-12-15 02:07:40,338 | [DEBUG] : Current training mode: increased
2023-12-15 02:07:40,338 | [INFO] : no layers were added
2023-12-15 02:07:40,339 | [DEBUG] : Model size was changed to 19914 parameters
2023-12-15 02:07:40,339 | [DEBUG] : Learning rate is now 0.010000
2023-12-15 02:07:50,031 | [INFO] : New learning rate: 0.009000000000000001
2023-12-15 02:07:51,762 | [DEBUG] : Current model size: 19914 parameters
2023-12-15 02:07:51,762 | [DEBUG] : Current training mode: increased
2023-12-15 02:07:51,762 | [INFO] : no layers were added
2023-12-15 02:07:51,763 | [DEBUG] : Model size was changed to 19914 parameters
2023-12-15 02:07:51,763 | [DEBUG] : Learning rate is now 0.010000
2023-12-15 02:08:01,460 | [INFO] : New learning rate: 0.009000000000000001
2023-12-15 02:08:03,183 | [DEBUG] : Current model size: 19914 parameters
2023-12-15 02:08:03,183 | [DEBUG] : Current training mode: increased
2023-12-15 02:08:03,183 | [INFO] : no layers were added
2023-12-15 02:08:03,184 | [DEBUG] : Model size was changed to 19914 parameters
2023-12-15 02:08:03,184 | [DEBUG] : Learning rate is now 0.010000
2023-12-15 02:08:13,040 | [INFO] : New learning rate: 0.009000000000000001
2023-12-15 02:08:14,776 | [DEBUG] : Current model size: 19914 parameters
2023-12-15 02:08:14,776 | [DEBUG] : Current training mode: increased
2023-12-15 02:08:14,776 | [INFO] : no layers were added
2023-12-15 02:08:14,776 | [DEBUG] : Model size was changed to 19914 parameters
2023-12-15 02:08:14,776 | [DEBUG] : Learning rate is now 0.010000
2023-12-15 02:08:24,824 | [INFO] : New learning rate: 0.009000000000000001
2023-12-15 02:08:26,776 | [DEBUG] : Current model size: 19914 parameters
2023-12-15 02:08:26,776 | [DEBUG] : Current training mode: increased
2023-12-15 02:08:26,776 | [INFO] : no layers were added
2023-12-15 02:08:26,776 | [DEBUG] : Model size was changed to 19914 parameters
2023-12-15 02:08:26,776 | [DEBUG] : Learning rate is now 0.010000
2023-12-15 02:08:36,838 | [INFO] : New learning rate: 0.009000000000000001
2023-12-15 02:08:38,684 | [DEBUG] : Current model size: 19914 parameters
2023-12-15 02:08:38,684 | [DEBUG] : Current training mode: increased
2023-12-15 02:08:38,685 | [INFO] : no layers were added
2023-12-15 02:08:38,685 | [DEBUG] : Model size was changed to 19914 parameters
2023-12-15 02:08:38,685 | [DEBUG] : Learning rate is now 0.010000
2023-12-15 02:08:48,744 | [INFO] : New learning rate: 0.009000000000000001
2023-12-15 02:08:50,605 | [DEBUG] : Current model size: 19914 parameters
2023-12-15 02:08:50,605 | [DEBUG] : Current training mode: increased
2023-12-15 02:08:50,605 | [INFO] : no layers were added
2023-12-15 02:08:50,606 | [DEBUG] : Model size was changed to 19914 parameters
2023-12-15 02:08:50,606 | [DEBUG] : Learning rate is now 0.010000
2023-12-15 02:09:00,633 | [INFO] : New learning rate: 0.009000000000000001
2023-12-15 02:09:02,624 | [DEBUG] : Current model size: 19914 parameters
2023-12-15 02:09:02,624 | [DEBUG] : Current training mode: increased
2023-12-15 02:09:02,624 | [INFO] : no layers were added
2023-12-15 02:09:02,625 | [DEBUG] : Model size was changed to 19914 parameters
2023-12-15 02:09:02,625 | [DEBUG] : Learning rate is now 0.010000
2023-12-15 02:09:12,449 | [INFO] : New learning rate: 0.009000000000000001
2023-12-15 02:09:14,216 | [DEBUG] : Current model size: 19914 parameters
2023-12-15 02:09:14,216 | [DEBUG] : Current training mode: increased
2023-12-15 02:09:14,216 | [INFO] : no layers were added
2023-12-15 02:09:14,217 | [DEBUG] : Model size was changed to 19914 parameters
2023-12-15 02:09:14,217 | [DEBUG] : Learning rate is now 0.010000
2023-12-15 02:09:24,221 | [INFO] : New learning rate: 0.009000000000000001
2023-12-15 02:09:26,175 | [DEBUG] : Current model size: 19914 parameters
2023-12-15 02:09:26,175 | [DEBUG] : Current training mode: increased
2023-12-15 02:09:26,175 | [INFO] : no layers were added
2023-12-15 02:09:26,176 | [DEBUG] : Model size was changed to 19914 parameters
2023-12-15 02:09:26,176 | [DEBUG] : Learning rate is now 0.010000
2023-12-15 02:09:36,134 | [INFO] : New learning rate: 0.009000000000000001
2023-12-15 02:09:37,985 | [DEBUG] : Current model size: 19914 parameters
2023-12-15 02:09:37,986 | [DEBUG] : Current training mode: increased
2023-12-15 02:09:37,986 | [INFO] : no layers were added
2023-12-15 02:09:37,986 | [DEBUG] : Model size was changed to 19914 parameters
2023-12-15 02:09:37,986 | [DEBUG] : Learning rate is now 0.010000
2023-12-15 02:09:47,848 | [INFO] : New learning rate: 0.009000000000000001
2023-12-15 02:09:49,877 | [DEBUG] : Current model size: 19914 parameters
2023-12-15 02:09:49,877 | [DEBUG] : Current training mode: increased
2023-12-15 02:09:49,877 | [INFO] : no layers were added
2023-12-15 02:09:49,877 | [DEBUG] : Model size was changed to 19914 parameters
2023-12-15 02:09:49,877 | [DEBUG] : Learning rate is now 0.010000
2023-12-15 02:09:59,822 | [INFO] : New learning rate: 0.009000000000000001
2023-12-15 02:10:01,756 | [DEBUG] : Current model size: 19914 parameters
2023-12-15 02:10:01,756 | [DEBUG] : Current training mode: increased
2023-12-15 02:10:01,757 | [INFO] : no layers were added
2023-12-15 02:10:01,757 | [DEBUG] : Model size was changed to 19914 parameters
2023-12-15 02:10:01,757 | [DEBUG] : Learning rate is now 0.010000
2023-12-15 02:10:11,806 | [INFO] : New learning rate: 0.009000000000000001
2023-12-15 02:10:13,756 | [DEBUG] : Current model size: 19914 parameters
2023-12-15 02:10:13,757 | [DEBUG] : Current training mode: increased
2023-12-15 02:10:13,757 | [INFO] : no layers were added
2023-12-15 02:10:13,757 | [DEBUG] : Model size was changed to 19914 parameters
2023-12-15 02:10:13,757 | [DEBUG] : Learning rate is now 0.010000
2023-12-15 02:10:23,455 | [INFO] : New learning rate: 0.009000000000000001
2023-12-15 02:10:25,468 | [DEBUG] : Current model size: 19914 parameters
2023-12-15 02:10:25,469 | [DEBUG] : Current training mode: increased
2023-12-15 02:10:25,469 | [INFO] : no layers were added
2023-12-15 02:10:25,469 | [DEBUG] : Model size was changed to 19914 parameters
2023-12-15 02:10:25,469 | [DEBUG] : Learning rate is now 0.010000
2023-12-15 02:10:35,650 | [INFO] : New learning rate: 0.009000000000000001
2023-12-15 02:10:37,523 | [DEBUG] : Current model size: 19914 parameters
2023-12-15 02:10:37,523 | [DEBUG] : Current training mode: increased
2023-12-15 02:10:37,523 | [INFO] : no layers were added
2023-12-15 02:10:37,524 | [DEBUG] : Model size was changed to 19914 parameters
2023-12-15 02:10:37,524 | [DEBUG] : Learning rate is now 0.010000
2023-12-15 02:10:47,437 | [INFO] : New learning rate: 0.009000000000000001
2023-12-15 02:10:49,189 | [DEBUG] : Current model size: 19914 parameters
2023-12-15 02:10:49,189 | [DEBUG] : Current training mode: increased
2023-12-15 02:10:49,189 | [INFO] : no layers were added
2023-12-15 02:10:49,190 | [DEBUG] : Model size was changed to 19914 parameters
2023-12-15 02:10:49,190 | [DEBUG] : Learning rate is now 0.010000
2023-12-15 02:10:59,080 | [INFO] : New learning rate: 0.009000000000000001
2023-12-15 02:11:01,008 | [DEBUG] : Current model size: 19914 parameters
2023-12-15 02:11:01,008 | [DEBUG] : Current training mode: increased
2023-12-15 02:11:01,008 | [INFO] : no layers were added
2023-12-15 02:11:01,008 | [DEBUG] : Model size was changed to 19914 parameters
2023-12-15 02:11:01,008 | [DEBUG] : Learning rate is now 0.010000
2023-12-15 02:11:01,194 | [INFO] : training has run out of time
2023-12-15 02:11:01,195 | [INFO] : training15 runtime (h:mm:ss): 0:04:21
2023-12-15 02:11:01,195 | [INFO] : training15 end time: 12/15/2023 02:11:01 AM
2023-12-15 02:11:01,195 | [INFO] : episode 16/64 finished, objective: None
