2023-12-15 04:51:55,213 | [INFO] : training53 start time: 12/15/2023 04:51:55 AM
2023-12-15 04:51:55,215 | [INFO] : Initialized model with weights: results/small_early_middle2/weights.pth
2023-12-15 04:51:55,215 | [DEBUG] : Current model size: 10602 parameters
2023-12-15 04:51:55,215 | [DEBUG] : Current training mode: initial
2023-12-15 04:51:55,229 | [INFO] : GPU allocation changing : going up
2023-12-15 04:51:55,231 | [DEBUG] : Current model size: 10602 parameters
2023-12-15 04:51:55,231 | [DEBUG] : Current training mode: increased
2023-12-15 04:51:55,231 | [INFO] : no layers were added
2023-12-15 04:51:55,232 | [DEBUG] : Model size was changed to 10602 parameters
2023-12-15 04:51:55,232 | [DEBUG] : Learning rate is now 0.010000
2023-12-15 04:52:04,829 | [INFO] : New learning rate: 0.009000000000000001
2023-12-15 04:52:06,571 | [DEBUG] : Current model size: 10602 parameters
2023-12-15 04:52:06,571 | [DEBUG] : Current training mode: increased
2023-12-15 04:52:06,573 | [INFO] : deepening layer 1/3: Conv2d(32, 32, kernel_size=(3, 3), stride=(1, 1))
2023-12-15 04:52:06,573 | [DEBUG] : Model size was changed to 19914 parameters
2023-12-15 04:52:06,573 | [DEBUG] : Learning rate is now 0.010000
2023-12-15 04:52:16,323 | [INFO] : New learning rate: 0.009000000000000001
2023-12-15 04:52:18,146 | [DEBUG] : Current model size: 19914 parameters
2023-12-15 04:52:18,146 | [DEBUG] : Current training mode: increased
2023-12-15 04:52:18,147 | [INFO] : deepening layer 1/3: Conv2d(32, 32, kernel_size=(3, 3), stride=(1, 1))
2023-12-15 04:52:18,148 | [DEBUG] : Model size was changed to 29226 parameters
2023-12-15 04:52:18,148 | [DEBUG] : Learning rate is now 0.010000
2023-12-15 04:52:28,172 | [INFO] : New learning rate: 0.009000000000000001
2023-12-15 04:52:29,954 | [DEBUG] : Current model size: 29226 parameters
2023-12-15 04:52:29,954 | [DEBUG] : Current training mode: increased
2023-12-15 04:52:29,954 | [INFO] : no layers were added
2023-12-15 04:52:29,955 | [DEBUG] : Model size was changed to 29226 parameters
2023-12-15 04:52:29,955 | [DEBUG] : Learning rate is now 0.010000
2023-12-15 04:52:40,006 | [INFO] : New learning rate: 0.009000000000000001
2023-12-15 04:52:41,792 | [DEBUG] : Current model size: 29226 parameters
2023-12-15 04:52:41,792 | [DEBUG] : Current training mode: increased
2023-12-15 04:52:41,792 | [INFO] : no layers were added
2023-12-15 04:52:41,792 | [DEBUG] : Model size was changed to 29226 parameters
2023-12-15 04:52:41,792 | [DEBUG] : Learning rate is now 0.010000
2023-12-15 04:52:51,846 | [INFO] : New learning rate: 0.009000000000000001
2023-12-15 04:52:53,686 | [DEBUG] : Current model size: 29226 parameters
2023-12-15 04:52:53,686 | [DEBUG] : Current training mode: increased
2023-12-15 04:52:53,686 | [INFO] : no layers were added
2023-12-15 04:52:53,686 | [DEBUG] : Model size was changed to 29226 parameters
2023-12-15 04:52:53,687 | [DEBUG] : Learning rate is now 0.010000
2023-12-15 04:53:03,742 | [INFO] : New learning rate: 0.009000000000000001
2023-12-15 04:53:05,613 | [DEBUG] : Current model size: 29226 parameters
2023-12-15 04:53:05,613 | [DEBUG] : Current training mode: increased
2023-12-15 04:53:05,613 | [INFO] : no layers were added
2023-12-15 04:53:05,614 | [DEBUG] : Model size was changed to 29226 parameters
2023-12-15 04:53:05,614 | [DEBUG] : Learning rate is now 0.010000
2023-12-15 04:53:15,665 | [INFO] : New learning rate: 0.009000000000000001
2023-12-15 04:53:17,425 | [DEBUG] : Current model size: 29226 parameters
2023-12-15 04:53:17,425 | [DEBUG] : Current training mode: increased
2023-12-15 04:53:17,425 | [INFO] : no layers were added
2023-12-15 04:53:17,426 | [DEBUG] : Model size was changed to 29226 parameters
2023-12-15 04:53:17,426 | [DEBUG] : Learning rate is now 0.010000
2023-12-15 04:53:27,596 | [INFO] : New learning rate: 0.009000000000000001
2023-12-15 04:53:29,331 | [DEBUG] : Current model size: 29226 parameters
2023-12-15 04:53:29,331 | [DEBUG] : Current training mode: increased
2023-12-15 04:53:29,331 | [INFO] : no layers were added
2023-12-15 04:53:29,331 | [DEBUG] : Model size was changed to 29226 parameters
2023-12-15 04:53:29,331 | [DEBUG] : Learning rate is now 0.010000
2023-12-15 04:53:39,350 | [INFO] : New learning rate: 0.009000000000000001
2023-12-15 04:53:41,134 | [DEBUG] : Current model size: 29226 parameters
2023-12-15 04:53:41,134 | [DEBUG] : Current training mode: increased
2023-12-15 04:53:41,134 | [INFO] : no layers were added
2023-12-15 04:53:41,135 | [DEBUG] : Model size was changed to 29226 parameters
2023-12-15 04:53:41,135 | [DEBUG] : Learning rate is now 0.010000
2023-12-15 04:53:51,251 | [INFO] : New learning rate: 0.009000000000000001
2023-12-15 04:53:52,986 | [DEBUG] : Current model size: 29226 parameters
2023-12-15 04:53:52,986 | [DEBUG] : Current training mode: increased
2023-12-15 04:53:52,986 | [INFO] : no layers were added
2023-12-15 04:53:52,987 | [DEBUG] : Model size was changed to 29226 parameters
2023-12-15 04:53:52,987 | [DEBUG] : Learning rate is now 0.010000
2023-12-15 04:54:03,047 | [INFO] : New learning rate: 0.009000000000000001
2023-12-15 04:54:04,806 | [DEBUG] : Current model size: 29226 parameters
2023-12-15 04:54:04,806 | [DEBUG] : Current training mode: increased
2023-12-15 04:54:04,806 | [INFO] : no layers were added
2023-12-15 04:54:04,807 | [DEBUG] : Model size was changed to 29226 parameters
2023-12-15 04:54:04,807 | [DEBUG] : Learning rate is now 0.010000
2023-12-15 04:54:14,827 | [INFO] : New learning rate: 0.009000000000000001
2023-12-15 04:54:16,681 | [DEBUG] : Current model size: 29226 parameters
2023-12-15 04:54:16,681 | [DEBUG] : Current training mode: increased
2023-12-15 04:54:16,681 | [INFO] : no layers were added
2023-12-15 04:54:16,682 | [DEBUG] : Model size was changed to 29226 parameters
2023-12-15 04:54:16,682 | [DEBUG] : Learning rate is now 0.010000
2023-12-15 04:54:26,759 | [INFO] : New learning rate: 0.009000000000000001
2023-12-15 04:54:28,508 | [DEBUG] : Current model size: 29226 parameters
2023-12-15 04:54:28,508 | [DEBUG] : Current training mode: increased
2023-12-15 04:54:28,508 | [INFO] : no layers were added
2023-12-15 04:54:28,509 | [DEBUG] : Model size was changed to 29226 parameters
2023-12-15 04:54:28,509 | [DEBUG] : Learning rate is now 0.010000
2023-12-15 04:54:38,649 | [INFO] : New learning rate: 0.009000000000000001
2023-12-15 04:54:40,418 | [DEBUG] : Current model size: 29226 parameters
2023-12-15 04:54:40,418 | [DEBUG] : Current training mode: increased
2023-12-15 04:54:40,418 | [INFO] : no layers were added
2023-12-15 04:54:40,419 | [DEBUG] : Model size was changed to 29226 parameters
2023-12-15 04:54:40,419 | [DEBUG] : Learning rate is now 0.010000
2023-12-15 04:54:50,368 | [INFO] : New learning rate: 0.009000000000000001
2023-12-15 04:54:52,095 | [DEBUG] : Current model size: 29226 parameters
2023-12-15 04:54:52,095 | [DEBUG] : Current training mode: increased
2023-12-15 04:54:52,095 | [INFO] : no layers were added
2023-12-15 04:54:52,096 | [DEBUG] : Model size was changed to 29226 parameters
2023-12-15 04:54:52,096 | [DEBUG] : Learning rate is now 0.010000
2023-12-15 04:55:02,189 | [INFO] : New learning rate: 0.009000000000000001
2023-12-15 04:55:03,949 | [DEBUG] : Current model size: 29226 parameters
2023-12-15 04:55:03,949 | [DEBUG] : Current training mode: increased
2023-12-15 04:55:03,949 | [INFO] : no layers were added
2023-12-15 04:55:03,950 | [DEBUG] : Model size was changed to 29226 parameters
2023-12-15 04:55:03,950 | [DEBUG] : Learning rate is now 0.010000
2023-12-15 04:55:14,081 | [INFO] : New learning rate: 0.009000000000000001
2023-12-15 04:55:15,859 | [DEBUG] : Current model size: 29226 parameters
2023-12-15 04:55:15,859 | [DEBUG] : Current training mode: increased
2023-12-15 04:55:15,859 | [INFO] : no layers were added
2023-12-15 04:55:15,860 | [DEBUG] : Model size was changed to 29226 parameters
2023-12-15 04:55:15,860 | [DEBUG] : Learning rate is now 0.010000
2023-12-15 04:55:26,161 | [INFO] : New learning rate: 0.009000000000000001
2023-12-15 04:55:28,009 | [DEBUG] : Current model size: 29226 parameters
2023-12-15 04:55:28,009 | [DEBUG] : Current training mode: increased
2023-12-15 04:55:28,009 | [INFO] : no layers were added
2023-12-15 04:55:28,010 | [DEBUG] : Model size was changed to 29226 parameters
2023-12-15 04:55:28,010 | [DEBUG] : Learning rate is now 0.010000
2023-12-15 04:55:38,044 | [INFO] : New learning rate: 0.009000000000000001
2023-12-15 04:55:39,817 | [DEBUG] : Current model size: 29226 parameters
2023-12-15 04:55:39,817 | [DEBUG] : Current training mode: increased
2023-12-15 04:55:39,817 | [INFO] : no layers were added
2023-12-15 04:55:39,818 | [DEBUG] : Model size was changed to 29226 parameters
2023-12-15 04:55:39,818 | [DEBUG] : Learning rate is now 0.010000
2023-12-15 04:55:49,975 | [INFO] : New learning rate: 0.009000000000000001
2023-12-15 04:55:51,744 | [DEBUG] : Current model size: 29226 parameters
2023-12-15 04:55:51,744 | [DEBUG] : Current training mode: increased
2023-12-15 04:55:51,744 | [INFO] : no layers were added
2023-12-15 04:55:51,745 | [DEBUG] : Model size was changed to 29226 parameters
2023-12-15 04:55:51,745 | [DEBUG] : Learning rate is now 0.010000
2023-12-15 04:56:01,775 | [INFO] : New learning rate: 0.009000000000000001
2023-12-15 04:56:03,599 | [DEBUG] : Current model size: 29226 parameters
2023-12-15 04:56:03,599 | [DEBUG] : Current training mode: increased
2023-12-15 04:56:03,599 | [INFO] : no layers were added
2023-12-15 04:56:03,600 | [DEBUG] : Model size was changed to 29226 parameters
2023-12-15 04:56:03,600 | [DEBUG] : Learning rate is now 0.010000
2023-12-15 04:56:13,575 | [INFO] : New learning rate: 0.009000000000000001
2023-12-15 04:56:15,333 | [DEBUG] : Current model size: 29226 parameters
2023-12-15 04:56:15,333 | [DEBUG] : Current training mode: increased
2023-12-15 04:56:15,333 | [INFO] : no layers were added
2023-12-15 04:56:15,334 | [DEBUG] : Model size was changed to 29226 parameters
2023-12-15 04:56:15,334 | [DEBUG] : Learning rate is now 0.010000
2023-12-15 04:56:15,349 | [INFO] : training has run out of time
2023-12-15 04:56:15,350 | [INFO] : training53 runtime (h:mm:ss): 0:04:21
2023-12-15 04:56:15,350 | [INFO] : training53 end time: 12/15/2023 04:56:15 AM
2023-12-15 04:56:15,350 | [INFO] : episode 54/64 finished, objective: None
