2023-12-15 02:41:27,466 | [INFO] : training23 start time: 12/15/2023 02:41:27 AM
2023-12-15 02:41:27,469 | [INFO] : Initialized model with weights: results/small_early_middle2/weights.pth
2023-12-15 02:41:27,469 | [DEBUG] : Current model size: 10602 parameters
2023-12-15 02:41:27,469 | [DEBUG] : Current training mode: initial
2023-12-15 02:41:27,483 | [INFO] : GPU allocation changing : going up
2023-12-15 02:41:27,485 | [DEBUG] : Current model size: 10602 parameters
2023-12-15 02:41:27,485 | [DEBUG] : Current training mode: increased
2023-12-15 02:41:27,486 | [INFO] : deepening layer 1/3: Conv2d(32, 32, kernel_size=(3, 3), stride=(1, 1))
2023-12-15 02:41:27,487 | [DEBUG] : Model size was changed to 19914 parameters
2023-12-15 02:41:27,487 | [DEBUG] : Learning rate is now 0.010000
2023-12-15 02:41:37,367 | [INFO] : New learning rate: 0.009000000000000001
2023-12-15 02:41:39,274 | [DEBUG] : Current model size: 19914 parameters
2023-12-15 02:41:39,274 | [DEBUG] : Current training mode: increased
2023-12-15 02:41:39,275 | [INFO] : deepening layer 1/3: Conv2d(32, 32, kernel_size=(3, 3), stride=(1, 1))
2023-12-15 02:41:39,276 | [DEBUG] : Model size was changed to 29226 parameters
2023-12-15 02:41:39,276 | [DEBUG] : Learning rate is now 0.010000
2023-12-15 02:41:49,432 | [INFO] : New learning rate: 0.009000000000000001
2023-12-15 02:41:51,261 | [DEBUG] : Current model size: 29226 parameters
2023-12-15 02:41:51,261 | [DEBUG] : Current training mode: increased
2023-12-15 02:41:51,262 | [INFO] : no layers were added
2023-12-15 02:41:51,262 | [DEBUG] : Model size was changed to 29226 parameters
2023-12-15 02:41:51,262 | [DEBUG] : Learning rate is now 0.010000
2023-12-15 02:42:01,319 | [INFO] : New learning rate: 0.009000000000000001
2023-12-15 02:42:03,175 | [DEBUG] : Current model size: 29226 parameters
2023-12-15 02:42:03,175 | [DEBUG] : Current training mode: increased
2023-12-15 02:42:03,175 | [INFO] : no layers were added
2023-12-15 02:42:03,176 | [DEBUG] : Model size was changed to 29226 parameters
2023-12-15 02:42:03,176 | [DEBUG] : Learning rate is now 0.010000
2023-12-15 02:42:13,302 | [INFO] : New learning rate: 0.009000000000000001
2023-12-15 02:42:15,292 | [DEBUG] : Current model size: 29226 parameters
2023-12-15 02:42:15,292 | [DEBUG] : Current training mode: increased
2023-12-15 02:42:15,293 | [INFO] : no layers were added
2023-12-15 02:42:15,293 | [DEBUG] : Model size was changed to 29226 parameters
2023-12-15 02:42:15,293 | [DEBUG] : Learning rate is now 0.010000
2023-12-15 02:42:25,391 | [INFO] : New learning rate: 0.009000000000000001
2023-12-15 02:42:27,388 | [DEBUG] : Current model size: 29226 parameters
2023-12-15 02:42:27,388 | [DEBUG] : Current training mode: increased
2023-12-15 02:42:27,389 | [INFO] : no layers were added
2023-12-15 02:42:27,389 | [DEBUG] : Model size was changed to 29226 parameters
2023-12-15 02:42:27,389 | [DEBUG] : Learning rate is now 0.010000
2023-12-15 02:42:37,491 | [INFO] : New learning rate: 0.009000000000000001
2023-12-15 02:42:39,385 | [DEBUG] : Current model size: 29226 parameters
2023-12-15 02:42:39,385 | [DEBUG] : Current training mode: increased
2023-12-15 02:42:39,385 | [INFO] : no layers were added
2023-12-15 02:42:39,386 | [DEBUG] : Model size was changed to 29226 parameters
2023-12-15 02:42:39,386 | [DEBUG] : Learning rate is now 0.010000
2023-12-15 02:42:49,419 | [INFO] : New learning rate: 0.009000000000000001
2023-12-15 02:42:51,313 | [DEBUG] : Current model size: 29226 parameters
2023-12-15 02:42:51,313 | [DEBUG] : Current training mode: increased
2023-12-15 02:42:51,314 | [INFO] : no layers were added
2023-12-15 02:42:51,314 | [DEBUG] : Model size was changed to 29226 parameters
2023-12-15 02:42:51,314 | [DEBUG] : Learning rate is now 0.010000
2023-12-15 02:43:01,431 | [INFO] : New learning rate: 0.009000000000000001
2023-12-15 02:43:03,347 | [DEBUG] : Current model size: 29226 parameters
2023-12-15 02:43:03,347 | [DEBUG] : Current training mode: increased
2023-12-15 02:43:03,347 | [INFO] : no layers were added
2023-12-15 02:43:03,348 | [DEBUG] : Model size was changed to 29226 parameters
2023-12-15 02:43:03,348 | [DEBUG] : Learning rate is now 0.010000
2023-12-15 02:43:13,483 | [INFO] : New learning rate: 0.009000000000000001
2023-12-15 02:43:15,277 | [DEBUG] : Current model size: 29226 parameters
2023-12-15 02:43:15,277 | [DEBUG] : Current training mode: increased
2023-12-15 02:43:15,277 | [INFO] : no layers were added
2023-12-15 02:43:15,278 | [DEBUG] : Model size was changed to 29226 parameters
2023-12-15 02:43:15,278 | [DEBUG] : Learning rate is now 0.010000
2023-12-15 02:43:25,232 | [INFO] : New learning rate: 0.009000000000000001
2023-12-15 02:43:27,223 | [DEBUG] : Current model size: 29226 parameters
2023-12-15 02:43:27,223 | [DEBUG] : Current training mode: increased
2023-12-15 02:43:27,223 | [INFO] : no layers were added
2023-12-15 02:43:27,224 | [DEBUG] : Model size was changed to 29226 parameters
2023-12-15 02:43:27,224 | [DEBUG] : Learning rate is now 0.010000
2023-12-15 02:43:37,275 | [INFO] : New learning rate: 0.009000000000000001
2023-12-15 02:43:39,106 | [DEBUG] : Current model size: 29226 parameters
2023-12-15 02:43:39,106 | [DEBUG] : Current training mode: increased
2023-12-15 02:43:39,106 | [INFO] : no layers were added
2023-12-15 02:43:39,107 | [DEBUG] : Model size was changed to 29226 parameters
2023-12-15 02:43:39,107 | [DEBUG] : Learning rate is now 0.010000
2023-12-15 02:43:49,207 | [INFO] : New learning rate: 0.009000000000000001
2023-12-15 02:43:51,056 | [DEBUG] : Current model size: 29226 parameters
2023-12-15 02:43:51,057 | [DEBUG] : Current training mode: increased
2023-12-15 02:43:51,057 | [INFO] : no layers were added
2023-12-15 02:43:51,057 | [DEBUG] : Model size was changed to 29226 parameters
2023-12-15 02:43:51,057 | [DEBUG] : Learning rate is now 0.010000
2023-12-15 02:44:01,160 | [INFO] : New learning rate: 0.009000000000000001
2023-12-15 02:44:02,930 | [DEBUG] : Current model size: 29226 parameters
2023-12-15 02:44:02,930 | [DEBUG] : Current training mode: increased
2023-12-15 02:44:02,931 | [INFO] : no layers were added
2023-12-15 02:44:02,931 | [DEBUG] : Model size was changed to 29226 parameters
2023-12-15 02:44:02,931 | [DEBUG] : Learning rate is now 0.010000
2023-12-15 02:44:12,907 | [INFO] : New learning rate: 0.009000000000000001
2023-12-15 02:44:14,890 | [DEBUG] : Current model size: 29226 parameters
2023-12-15 02:44:14,890 | [DEBUG] : Current training mode: increased
2023-12-15 02:44:14,890 | [INFO] : no layers were added
2023-12-15 02:44:14,890 | [DEBUG] : Model size was changed to 29226 parameters
2023-12-15 02:44:14,890 | [DEBUG] : Learning rate is now 0.010000
2023-12-15 02:44:24,773 | [INFO] : New learning rate: 0.009000000000000001
2023-12-15 02:44:26,754 | [DEBUG] : Current model size: 29226 parameters
2023-12-15 02:44:26,754 | [DEBUG] : Current training mode: increased
2023-12-15 02:44:26,754 | [INFO] : no layers were added
2023-12-15 02:44:26,755 | [DEBUG] : Model size was changed to 29226 parameters
2023-12-15 02:44:26,755 | [DEBUG] : Learning rate is now 0.010000
2023-12-15 02:44:36,816 | [INFO] : New learning rate: 0.009000000000000001
2023-12-15 02:44:38,817 | [DEBUG] : Current model size: 29226 parameters
2023-12-15 02:44:38,817 | [DEBUG] : Current training mode: increased
2023-12-15 02:44:38,817 | [INFO] : no layers were added
2023-12-15 02:44:38,817 | [DEBUG] : Model size was changed to 29226 parameters
2023-12-15 02:44:38,817 | [DEBUG] : Learning rate is now 0.010000
2023-12-15 02:44:48,726 | [INFO] : New learning rate: 0.009000000000000001
2023-12-15 02:44:50,560 | [DEBUG] : Current model size: 29226 parameters
2023-12-15 02:44:50,560 | [DEBUG] : Current training mode: increased
2023-12-15 02:44:50,560 | [INFO] : no layers were added
2023-12-15 02:44:50,560 | [DEBUG] : Model size was changed to 29226 parameters
2023-12-15 02:44:50,560 | [DEBUG] : Learning rate is now 0.010000
2023-12-15 02:45:00,575 | [INFO] : New learning rate: 0.009000000000000001
2023-12-15 02:45:02,465 | [DEBUG] : Current model size: 29226 parameters
2023-12-15 02:45:02,465 | [DEBUG] : Current training mode: increased
2023-12-15 02:45:02,466 | [INFO] : no layers were added
2023-12-15 02:45:02,466 | [DEBUG] : Model size was changed to 29226 parameters
2023-12-15 02:45:02,466 | [DEBUG] : Learning rate is now 0.010000
2023-12-15 02:45:12,600 | [INFO] : New learning rate: 0.009000000000000001
2023-12-15 02:45:14,358 | [DEBUG] : Current model size: 29226 parameters
2023-12-15 02:45:14,359 | [DEBUG] : Current training mode: increased
2023-12-15 02:45:14,359 | [INFO] : no layers were added
2023-12-15 02:45:14,359 | [DEBUG] : Model size was changed to 29226 parameters
2023-12-15 02:45:14,359 | [DEBUG] : Learning rate is now 0.010000
2023-12-15 02:45:24,410 | [INFO] : New learning rate: 0.009000000000000001
2023-12-15 02:45:26,179 | [DEBUG] : Current model size: 29226 parameters
2023-12-15 02:45:26,179 | [DEBUG] : Current training mode: increased
2023-12-15 02:45:26,179 | [INFO] : no layers were added
2023-12-15 02:45:26,180 | [DEBUG] : Model size was changed to 29226 parameters
2023-12-15 02:45:26,180 | [DEBUG] : Learning rate is now 0.010000
2023-12-15 02:45:36,220 | [INFO] : New learning rate: 0.009000000000000001
2023-12-15 02:45:38,084 | [DEBUG] : Current model size: 29226 parameters
2023-12-15 02:45:38,084 | [DEBUG] : Current training mode: increased
2023-12-15 02:45:38,084 | [INFO] : no layers were added
2023-12-15 02:45:38,085 | [DEBUG] : Model size was changed to 29226 parameters
2023-12-15 02:45:38,085 | [DEBUG] : Learning rate is now 0.010000
2023-12-15 02:45:47,470 | [INFO] : training has run out of time
2023-12-15 02:45:47,471 | [INFO] : training23 runtime (h:mm:ss): 0:04:21
2023-12-15 02:45:47,471 | [INFO] : training23 end time: 12/15/2023 02:45:47 AM
2023-12-15 02:45:47,471 | [INFO] : episode 24/64 finished, objective: None
