2023-12-15 04:56:16,080 | [INFO] : training54 start time: 12/15/2023 04:56:16 AM
2023-12-15 04:56:16,083 | [INFO] : Initialized model with weights: results/small_early_middle2/weights.pth
2023-12-15 04:56:16,083 | [DEBUG] : Current model size: 10602 parameters
2023-12-15 04:56:16,083 | [DEBUG] : Current training mode: initial
2023-12-15 04:56:16,106 | [INFO] : GPU allocation changing : going up
2023-12-15 04:56:16,109 | [DEBUG] : Current model size: 10602 parameters
2023-12-15 04:56:16,109 | [DEBUG] : Current training mode: increased
2023-12-15 04:56:16,109 | [INFO] : no layers were added
2023-12-15 04:56:16,109 | [DEBUG] : Model size was changed to 10602 parameters
2023-12-15 04:56:16,109 | [DEBUG] : Learning rate is now 0.010000
2023-12-15 04:56:25,657 | [INFO] : New learning rate: 0.009000000000000001
2023-12-15 04:56:27,351 | [DEBUG] : Current model size: 10602 parameters
2023-12-15 04:56:27,351 | [DEBUG] : Current training mode: increased
2023-12-15 04:56:27,352 | [INFO] : deepening layer 1/3: Conv2d(32, 32, kernel_size=(3, 3), stride=(1, 1))
2023-12-15 04:56:27,352 | [DEBUG] : Model size was changed to 19914 parameters
2023-12-15 04:56:27,352 | [DEBUG] : Learning rate is now 0.010000
2023-12-15 04:56:36,992 | [INFO] : New learning rate: 0.009000000000000001
2023-12-15 04:56:38,710 | [DEBUG] : Current model size: 19914 parameters
2023-12-15 04:56:38,710 | [DEBUG] : Current training mode: increased
2023-12-15 04:56:38,711 | [INFO] : deepening layer 2/3: Linear(in_features=32, out_features=10, bias=True)
2023-12-15 04:56:38,712 | [DEBUG] : Model size was changed to 20024 parameters
2023-12-15 04:56:38,712 | [DEBUG] : Learning rate is now 0.010000
2023-12-15 04:56:48,481 | [INFO] : New learning rate: 0.009000000000000001
2023-12-15 04:56:50,231 | [DEBUG] : Current model size: 20024 parameters
2023-12-15 04:56:50,231 | [DEBUG] : Current training mode: increased
2023-12-15 04:56:50,231 | [INFO] : no layers were added
2023-12-15 04:56:50,232 | [DEBUG] : Model size was changed to 20024 parameters
2023-12-15 04:56:50,232 | [DEBUG] : Learning rate is now 0.010000
2023-12-15 04:57:00,080 | [INFO] : New learning rate: 0.009000000000000001
2023-12-15 04:57:01,856 | [DEBUG] : Current model size: 20024 parameters
2023-12-15 04:57:01,856 | [DEBUG] : Current training mode: increased
2023-12-15 04:57:01,856 | [INFO] : no layers were added
2023-12-15 04:57:01,856 | [DEBUG] : Model size was changed to 20024 parameters
2023-12-15 04:57:01,856 | [DEBUG] : Learning rate is now 0.010000
2023-12-15 04:57:11,517 | [INFO] : New learning rate: 0.009000000000000001
2023-12-15 04:57:13,345 | [DEBUG] : Current model size: 20024 parameters
2023-12-15 04:57:13,345 | [DEBUG] : Current training mode: increased
2023-12-15 04:57:13,345 | [INFO] : no layers were added
2023-12-15 04:57:13,346 | [DEBUG] : Model size was changed to 20024 parameters
2023-12-15 04:57:13,346 | [DEBUG] : Learning rate is now 0.010000
2023-12-15 04:57:23,239 | [INFO] : New learning rate: 0.009000000000000001
2023-12-15 04:57:24,972 | [DEBUG] : Current model size: 20024 parameters
2023-12-15 04:57:24,972 | [DEBUG] : Current training mode: increased
2023-12-15 04:57:24,972 | [INFO] : no layers were added
2023-12-15 04:57:24,972 | [DEBUG] : Model size was changed to 20024 parameters
2023-12-15 04:57:24,972 | [DEBUG] : Learning rate is now 0.010000
2023-12-15 04:57:34,817 | [INFO] : New learning rate: 0.009000000000000001
2023-12-15 04:57:36,537 | [DEBUG] : Current model size: 20024 parameters
2023-12-15 04:57:36,537 | [DEBUG] : Current training mode: increased
2023-12-15 04:57:36,537 | [INFO] : no layers were added
2023-12-15 04:57:36,537 | [DEBUG] : Model size was changed to 20024 parameters
2023-12-15 04:57:36,537 | [DEBUG] : Learning rate is now 0.010000
2023-12-15 04:57:46,203 | [INFO] : New learning rate: 0.009000000000000001
2023-12-15 04:57:47,923 | [DEBUG] : Current model size: 20024 parameters
2023-12-15 04:57:47,923 | [DEBUG] : Current training mode: increased
2023-12-15 04:57:47,923 | [INFO] : no layers were added
2023-12-15 04:57:47,924 | [DEBUG] : Model size was changed to 20024 parameters
2023-12-15 04:57:47,924 | [DEBUG] : Learning rate is now 0.010000
2023-12-15 04:57:57,848 | [INFO] : New learning rate: 0.009000000000000001
2023-12-15 04:57:59,727 | [DEBUG] : Current model size: 20024 parameters
2023-12-15 04:57:59,727 | [DEBUG] : Current training mode: increased
2023-12-15 04:57:59,727 | [INFO] : no layers were added
2023-12-15 04:57:59,728 | [DEBUG] : Model size was changed to 20024 parameters
2023-12-15 04:57:59,728 | [DEBUG] : Learning rate is now 0.010000
2023-12-15 04:58:09,511 | [INFO] : New learning rate: 0.009000000000000001
2023-12-15 04:58:11,271 | [DEBUG] : Current model size: 20024 parameters
2023-12-15 04:58:11,271 | [DEBUG] : Current training mode: increased
2023-12-15 04:58:11,271 | [INFO] : no layers were added
2023-12-15 04:58:11,272 | [DEBUG] : Model size was changed to 20024 parameters
2023-12-15 04:58:11,272 | [DEBUG] : Learning rate is now 0.010000
2023-12-15 04:58:21,111 | [INFO] : New learning rate: 0.009000000000000001
2023-12-15 04:58:22,911 | [DEBUG] : Current model size: 20024 parameters
2023-12-15 04:58:22,911 | [DEBUG] : Current training mode: increased
2023-12-15 04:58:22,911 | [INFO] : no layers were added
2023-12-15 04:58:22,912 | [DEBUG] : Model size was changed to 20024 parameters
2023-12-15 04:58:22,912 | [DEBUG] : Learning rate is now 0.010000
2023-12-15 04:58:32,800 | [INFO] : New learning rate: 0.009000000000000001
2023-12-15 04:58:34,527 | [DEBUG] : Current model size: 20024 parameters
2023-12-15 04:58:34,527 | [DEBUG] : Current training mode: increased
2023-12-15 04:58:34,527 | [INFO] : no layers were added
2023-12-15 04:58:34,528 | [DEBUG] : Model size was changed to 20024 parameters
2023-12-15 04:58:34,528 | [DEBUG] : Learning rate is now 0.010000
2023-12-15 04:58:44,283 | [INFO] : New learning rate: 0.009000000000000001
2023-12-15 04:58:45,997 | [DEBUG] : Current model size: 20024 parameters
2023-12-15 04:58:45,997 | [DEBUG] : Current training mode: increased
2023-12-15 04:58:45,997 | [INFO] : no layers were added
2023-12-15 04:58:45,998 | [DEBUG] : Model size was changed to 20024 parameters
2023-12-15 04:58:45,998 | [DEBUG] : Learning rate is now 0.010000
2023-12-15 04:58:55,820 | [INFO] : New learning rate: 0.009000000000000001
2023-12-15 04:58:57,761 | [DEBUG] : Current model size: 20024 parameters
2023-12-15 04:58:57,762 | [DEBUG] : Current training mode: increased
2023-12-15 04:58:57,762 | [INFO] : no layers were added
2023-12-15 04:58:57,762 | [DEBUG] : Model size was changed to 20024 parameters
2023-12-15 04:58:57,762 | [DEBUG] : Learning rate is now 0.010000
2023-12-15 04:59:07,623 | [INFO] : New learning rate: 0.009000000000000001
2023-12-15 04:59:09,448 | [DEBUG] : Current model size: 20024 parameters
2023-12-15 04:59:09,448 | [DEBUG] : Current training mode: increased
2023-12-15 04:59:09,448 | [INFO] : no layers were added
2023-12-15 04:59:09,448 | [DEBUG] : Model size was changed to 20024 parameters
2023-12-15 04:59:09,448 | [DEBUG] : Learning rate is now 0.010000
2023-12-15 04:59:19,329 | [INFO] : New learning rate: 0.009000000000000001
2023-12-15 04:59:21,285 | [DEBUG] : Current model size: 20024 parameters
2023-12-15 04:59:21,285 | [DEBUG] : Current training mode: increased
2023-12-15 04:59:21,286 | [INFO] : no layers were added
2023-12-15 04:59:21,286 | [DEBUG] : Model size was changed to 20024 parameters
2023-12-15 04:59:21,286 | [DEBUG] : Learning rate is now 0.010000
2023-12-15 04:59:31,194 | [INFO] : New learning rate: 0.009000000000000001
2023-12-15 04:59:32,952 | [DEBUG] : Current model size: 20024 parameters
2023-12-15 04:59:32,952 | [DEBUG] : Current training mode: increased
2023-12-15 04:59:32,952 | [INFO] : no layers were added
2023-12-15 04:59:32,953 | [DEBUG] : Model size was changed to 20024 parameters
2023-12-15 04:59:32,953 | [DEBUG] : Learning rate is now 0.010000
2023-12-15 04:59:42,880 | [INFO] : New learning rate: 0.009000000000000001
2023-12-15 04:59:44,603 | [DEBUG] : Current model size: 20024 parameters
2023-12-15 04:59:44,604 | [DEBUG] : Current training mode: increased
2023-12-15 04:59:44,604 | [INFO] : no layers were added
2023-12-15 04:59:44,604 | [DEBUG] : Model size was changed to 20024 parameters
2023-12-15 04:59:44,604 | [DEBUG] : Learning rate is now 0.010000
2023-12-15 04:59:54,472 | [INFO] : New learning rate: 0.009000000000000001
2023-12-15 04:59:56,215 | [DEBUG] : Current model size: 20024 parameters
2023-12-15 04:59:56,215 | [DEBUG] : Current training mode: increased
2023-12-15 04:59:56,216 | [INFO] : no layers were added
2023-12-15 04:59:56,216 | [DEBUG] : Model size was changed to 20024 parameters
2023-12-15 04:59:56,216 | [DEBUG] : Learning rate is now 0.010000
2023-12-15 05:00:06,222 | [INFO] : New learning rate: 0.009000000000000001
2023-12-15 05:00:07,986 | [DEBUG] : Current model size: 20024 parameters
2023-12-15 05:00:07,986 | [DEBUG] : Current training mode: increased
2023-12-15 05:00:07,986 | [INFO] : no layers were added
2023-12-15 05:00:07,986 | [DEBUG] : Model size was changed to 20024 parameters
2023-12-15 05:00:07,986 | [DEBUG] : Learning rate is now 0.010000
2023-12-15 05:00:17,793 | [INFO] : New learning rate: 0.009000000000000001
2023-12-15 05:00:19,522 | [DEBUG] : Current model size: 20024 parameters
2023-12-15 05:00:19,522 | [DEBUG] : Current training mode: increased
2023-12-15 05:00:19,522 | [INFO] : no layers were added
2023-12-15 05:00:19,522 | [DEBUG] : Model size was changed to 20024 parameters
2023-12-15 05:00:19,522 | [DEBUG] : Learning rate is now 0.010000
2023-12-15 05:00:29,409 | [INFO] : New learning rate: 0.009000000000000001
2023-12-15 05:00:31,275 | [DEBUG] : Current model size: 20024 parameters
2023-12-15 05:00:31,275 | [DEBUG] : Current training mode: increased
2023-12-15 05:00:31,275 | [INFO] : no layers were added
2023-12-15 05:00:31,275 | [DEBUG] : Model size was changed to 20024 parameters
2023-12-15 05:00:31,275 | [DEBUG] : Learning rate is now 0.010000
2023-12-15 05:00:36,093 | [INFO] : training has run out of time
2023-12-15 05:00:36,094 | [INFO] : training54 runtime (h:mm:ss): 0:04:21
2023-12-15 05:00:36,094 | [INFO] : training54 end time: 12/15/2023 05:00:36 AM
2023-12-15 05:00:36,094 | [INFO] : episode 55/64 finished, objective: None
