2023-12-15 04:21:28,181 | [INFO] : training46 start time: 12/15/2023 04:21:28 AM
2023-12-15 04:21:28,184 | [INFO] : Initialized model with weights: results/small_early_middle2/weights.pth
2023-12-15 04:21:28,184 | [DEBUG] : Current model size: 10602 parameters
2023-12-15 04:21:28,184 | [DEBUG] : Current training mode: initial
2023-12-15 04:21:28,202 | [INFO] : GPU allocation changing : going up
2023-12-15 04:21:28,205 | [DEBUG] : Current model size: 10602 parameters
2023-12-15 04:21:28,205 | [DEBUG] : Current training mode: increased
2023-12-15 04:21:28,206 | [INFO] : deepening layer 2/3: Linear(in_features=32, out_features=10, bias=True)
2023-12-15 04:21:28,206 | [DEBUG] : Model size was changed to 10712 parameters
2023-12-15 04:21:28,206 | [DEBUG] : Learning rate is now 0.010000
2023-12-15 04:21:38,005 | [INFO] : New learning rate: 0.009000000000000001
2023-12-15 04:21:39,882 | [DEBUG] : Current model size: 10712 parameters
2023-12-15 04:21:39,882 | [DEBUG] : Current training mode: increased
2023-12-15 04:21:39,882 | [INFO] : no layers were added
2023-12-15 04:21:39,882 | [DEBUG] : Model size was changed to 10712 parameters
2023-12-15 04:21:39,882 | [DEBUG] : Learning rate is now 0.010000
2023-12-15 04:21:49,702 | [INFO] : New learning rate: 0.009000000000000001
2023-12-15 04:21:51,435 | [DEBUG] : Current model size: 10712 parameters
2023-12-15 04:21:51,435 | [DEBUG] : Current training mode: increased
2023-12-15 04:21:51,436 | [INFO] : deepening layer 2/3: Linear(in_features=32, out_features=10, bias=True)
2023-12-15 04:21:51,436 | [DEBUG] : Model size was changed to 10822 parameters
2023-12-15 04:21:51,436 | [DEBUG] : Learning rate is now 0.010000
2023-12-15 04:22:01,714 | [INFO] : New learning rate: 0.009000000000000001
2023-12-15 04:22:03,641 | [DEBUG] : Current model size: 10822 parameters
2023-12-15 04:22:03,641 | [DEBUG] : Current training mode: increased
2023-12-15 04:22:03,641 | [INFO] : no layers were added
2023-12-15 04:22:03,642 | [DEBUG] : Model size was changed to 10822 parameters
2023-12-15 04:22:03,642 | [DEBUG] : Learning rate is now 0.010000
2023-12-15 04:22:13,794 | [INFO] : New learning rate: 0.009000000000000001
2023-12-15 04:22:15,657 | [DEBUG] : Current model size: 10822 parameters
2023-12-15 04:22:15,657 | [DEBUG] : Current training mode: increased
2023-12-15 04:22:15,657 | [INFO] : no layers were added
2023-12-15 04:22:15,657 | [DEBUG] : Model size was changed to 10822 parameters
2023-12-15 04:22:15,657 | [DEBUG] : Learning rate is now 0.010000
2023-12-15 04:22:25,531 | [INFO] : New learning rate: 0.009000000000000001
2023-12-15 04:22:27,263 | [DEBUG] : Current model size: 10822 parameters
2023-12-15 04:22:27,263 | [DEBUG] : Current training mode: increased
2023-12-15 04:22:27,263 | [INFO] : no layers were added
2023-12-15 04:22:27,263 | [DEBUG] : Model size was changed to 10822 parameters
2023-12-15 04:22:27,263 | [DEBUG] : Learning rate is now 0.010000
2023-12-15 04:22:37,353 | [INFO] : New learning rate: 0.009000000000000001
2023-12-15 04:22:39,118 | [DEBUG] : Current model size: 10822 parameters
2023-12-15 04:22:39,118 | [DEBUG] : Current training mode: increased
2023-12-15 04:22:39,118 | [INFO] : no layers were added
2023-12-15 04:22:39,118 | [DEBUG] : Model size was changed to 10822 parameters
2023-12-15 04:22:39,118 | [DEBUG] : Learning rate is now 0.010000
2023-12-15 04:22:49,244 | [INFO] : New learning rate: 0.009000000000000001
2023-12-15 04:22:51,079 | [DEBUG] : Current model size: 10822 parameters
2023-12-15 04:22:51,079 | [DEBUG] : Current training mode: increased
2023-12-15 04:22:51,079 | [INFO] : no layers were added
2023-12-15 04:22:51,079 | [DEBUG] : Model size was changed to 10822 parameters
2023-12-15 04:22:51,079 | [DEBUG] : Learning rate is now 0.010000
2023-12-15 04:23:00,969 | [INFO] : New learning rate: 0.009000000000000001
2023-12-15 04:23:02,741 | [DEBUG] : Current model size: 10822 parameters
2023-12-15 04:23:02,741 | [DEBUG] : Current training mode: increased
2023-12-15 04:23:02,741 | [INFO] : no layers were added
2023-12-15 04:23:02,741 | [DEBUG] : Model size was changed to 10822 parameters
2023-12-15 04:23:02,741 | [DEBUG] : Learning rate is now 0.010000
2023-12-15 04:23:12,731 | [INFO] : New learning rate: 0.009000000000000001
2023-12-15 04:23:14,466 | [DEBUG] : Current model size: 10822 parameters
2023-12-15 04:23:14,466 | [DEBUG] : Current training mode: increased
2023-12-15 04:23:14,466 | [INFO] : no layers were added
2023-12-15 04:23:14,466 | [DEBUG] : Model size was changed to 10822 parameters
2023-12-15 04:23:14,466 | [DEBUG] : Learning rate is now 0.010000
2023-12-15 04:23:24,616 | [INFO] : New learning rate: 0.009000000000000001
2023-12-15 04:23:26,519 | [DEBUG] : Current model size: 10822 parameters
2023-12-15 04:23:26,519 | [DEBUG] : Current training mode: increased
2023-12-15 04:23:26,519 | [INFO] : no layers were added
2023-12-15 04:23:26,519 | [DEBUG] : Model size was changed to 10822 parameters
2023-12-15 04:23:26,520 | [DEBUG] : Learning rate is now 0.010000
2023-12-15 04:23:36,633 | [INFO] : New learning rate: 0.009000000000000001
2023-12-15 04:23:38,539 | [DEBUG] : Current model size: 10822 parameters
2023-12-15 04:23:38,539 | [DEBUG] : Current training mode: increased
2023-12-15 04:23:38,539 | [INFO] : no layers were added
2023-12-15 04:23:38,539 | [DEBUG] : Model size was changed to 10822 parameters
2023-12-15 04:23:38,539 | [DEBUG] : Learning rate is now 0.010000
2023-12-15 04:23:48,501 | [INFO] : New learning rate: 0.009000000000000001
2023-12-15 04:23:50,241 | [DEBUG] : Current model size: 10822 parameters
2023-12-15 04:23:50,241 | [DEBUG] : Current training mode: increased
2023-12-15 04:23:50,241 | [INFO] : no layers were added
2023-12-15 04:23:50,242 | [DEBUG] : Model size was changed to 10822 parameters
2023-12-15 04:23:50,242 | [DEBUG] : Learning rate is now 0.010000
2023-12-15 04:24:00,191 | [INFO] : New learning rate: 0.009000000000000001
2023-12-15 04:24:02,128 | [DEBUG] : Current model size: 10822 parameters
2023-12-15 04:24:02,128 | [DEBUG] : Current training mode: increased
2023-12-15 04:24:02,128 | [INFO] : no layers were added
2023-12-15 04:24:02,129 | [DEBUG] : Model size was changed to 10822 parameters
2023-12-15 04:24:02,129 | [DEBUG] : Learning rate is now 0.010000
2023-12-15 04:24:11,991 | [INFO] : New learning rate: 0.009000000000000001
2023-12-15 04:24:13,963 | [DEBUG] : Current model size: 10822 parameters
2023-12-15 04:24:13,963 | [DEBUG] : Current training mode: increased
2023-12-15 04:24:13,964 | [INFO] : no layers were added
2023-12-15 04:24:13,964 | [DEBUG] : Model size was changed to 10822 parameters
2023-12-15 04:24:13,964 | [DEBUG] : Learning rate is now 0.010000
2023-12-15 04:24:24,111 | [INFO] : New learning rate: 0.009000000000000001
2023-12-15 04:24:26,135 | [DEBUG] : Current model size: 10822 parameters
2023-12-15 04:24:26,135 | [DEBUG] : Current training mode: increased
2023-12-15 04:24:26,136 | [INFO] : no layers were added
2023-12-15 04:24:26,136 | [DEBUG] : Model size was changed to 10822 parameters
2023-12-15 04:24:26,136 | [DEBUG] : Learning rate is now 0.010000
2023-12-15 04:24:36,090 | [INFO] : New learning rate: 0.009000000000000001
2023-12-15 04:24:37,974 | [DEBUG] : Current model size: 10822 parameters
2023-12-15 04:24:37,974 | [DEBUG] : Current training mode: increased
2023-12-15 04:24:37,974 | [INFO] : no layers were added
2023-12-15 04:24:37,975 | [DEBUG] : Model size was changed to 10822 parameters
2023-12-15 04:24:37,975 | [DEBUG] : Learning rate is now 0.010000
2023-12-15 04:24:47,928 | [INFO] : New learning rate: 0.009000000000000001
2023-12-15 04:24:49,807 | [DEBUG] : Current model size: 10822 parameters
2023-12-15 04:24:49,807 | [DEBUG] : Current training mode: increased
2023-12-15 04:24:49,807 | [INFO] : no layers were added
2023-12-15 04:24:49,807 | [DEBUG] : Model size was changed to 10822 parameters
2023-12-15 04:24:49,807 | [DEBUG] : Learning rate is now 0.010000
2023-12-15 04:24:59,795 | [INFO] : New learning rate: 0.009000000000000001
2023-12-15 04:25:01,873 | [DEBUG] : Current model size: 10822 parameters
2023-12-15 04:25:01,873 | [DEBUG] : Current training mode: increased
2023-12-15 04:25:01,873 | [INFO] : no layers were added
2023-12-15 04:25:01,874 | [DEBUG] : Model size was changed to 10822 parameters
2023-12-15 04:25:01,874 | [DEBUG] : Learning rate is now 0.010000
2023-12-15 04:25:11,738 | [INFO] : New learning rate: 0.009000000000000001
2023-12-15 04:25:13,681 | [DEBUG] : Current model size: 10822 parameters
2023-12-15 04:25:13,681 | [DEBUG] : Current training mode: increased
2023-12-15 04:25:13,681 | [INFO] : no layers were added
2023-12-15 04:25:13,682 | [DEBUG] : Model size was changed to 10822 parameters
2023-12-15 04:25:13,682 | [DEBUG] : Learning rate is now 0.010000
2023-12-15 04:25:23,514 | [INFO] : New learning rate: 0.009000000000000001
2023-12-15 04:25:25,288 | [DEBUG] : Current model size: 10822 parameters
2023-12-15 04:25:25,288 | [DEBUG] : Current training mode: increased
2023-12-15 04:25:25,288 | [INFO] : no layers were added
2023-12-15 04:25:25,289 | [DEBUG] : Model size was changed to 10822 parameters
2023-12-15 04:25:25,289 | [DEBUG] : Learning rate is now 0.010000
2023-12-15 04:25:35,034 | [INFO] : New learning rate: 0.009000000000000001
2023-12-15 04:25:36,964 | [DEBUG] : Current model size: 10822 parameters
2023-12-15 04:25:36,964 | [DEBUG] : Current training mode: increased
2023-12-15 04:25:36,964 | [INFO] : no layers were added
2023-12-15 04:25:36,965 | [DEBUG] : Model size was changed to 10822 parameters
2023-12-15 04:25:36,965 | [DEBUG] : Learning rate is now 0.010000
2023-12-15 04:25:46,623 | [INFO] : New learning rate: 0.009000000000000001
2023-12-15 04:25:48,379 | [DEBUG] : Current model size: 10822 parameters
2023-12-15 04:25:48,379 | [DEBUG] : Current training mode: increased
2023-12-15 04:25:48,379 | [INFO] : no layers were added
2023-12-15 04:25:48,380 | [DEBUG] : Model size was changed to 10822 parameters
2023-12-15 04:25:48,380 | [DEBUG] : Learning rate is now 0.010000
2023-12-15 04:25:48,392 | [INFO] : training has run out of time
2023-12-15 04:25:48,393 | [INFO] : training46 runtime (h:mm:ss): 0:04:21
2023-12-15 04:25:48,393 | [INFO] : training46 end time: 12/15/2023 04:25:48 AM
2023-12-15 04:25:48,393 | [INFO] : episode 47/64 finished, objective: None
