2023-12-15 02:32:45,993 | [INFO] : training21 start time: 12/15/2023 02:32:45 AM
2023-12-15 02:32:45,996 | [INFO] : Initialized model with weights: results/small_early_middle2/weights.pth
2023-12-15 02:32:45,996 | [DEBUG] : Current model size: 10602 parameters
2023-12-15 02:32:45,996 | [DEBUG] : Current training mode: initial
2023-12-15 02:32:46,010 | [INFO] : GPU allocation changing : going up
2023-12-15 02:32:46,012 | [DEBUG] : Current model size: 10602 parameters
2023-12-15 02:32:46,012 | [DEBUG] : Current training mode: increased
2023-12-15 02:32:46,014 | [INFO] : deepening layer 1/3: Conv2d(32, 32, kernel_size=(3, 3), stride=(1, 1))
2023-12-15 02:32:46,015 | [DEBUG] : Model size was changed to 19914 parameters
2023-12-15 02:32:46,015 | [DEBUG] : Learning rate is now 0.010000
2023-12-15 02:32:55,997 | [INFO] : New learning rate: 0.009000000000000001
2023-12-15 02:32:57,903 | [DEBUG] : Current model size: 19914 parameters
2023-12-15 02:32:57,904 | [DEBUG] : Current training mode: increased
2023-12-15 02:32:57,905 | [INFO] : deepening layer 1/3: Conv2d(32, 32, kernel_size=(3, 3), stride=(1, 1))
2023-12-15 02:32:57,905 | [DEBUG] : Model size was changed to 29226 parameters
2023-12-15 02:32:57,905 | [DEBUG] : Learning rate is now 0.010000
2023-12-15 02:33:08,326 | [INFO] : New learning rate: 0.009000000000000001
2023-12-15 02:33:10,229 | [DEBUG] : Current model size: 29226 parameters
2023-12-15 02:33:10,229 | [DEBUG] : Current training mode: increased
2023-12-15 02:33:10,231 | [INFO] : deepening layer 1/3: Conv2d(32, 32, kernel_size=(3, 3), stride=(1, 1))
2023-12-15 02:33:10,231 | [DEBUG] : Model size was changed to 38538 parameters
2023-12-15 02:33:10,231 | [DEBUG] : Learning rate is now 0.010000
2023-12-15 02:33:20,619 | [INFO] : New learning rate: 0.009000000000000001
2023-12-15 02:33:22,435 | [DEBUG] : Current model size: 38538 parameters
2023-12-15 02:33:22,435 | [DEBUG] : Current training mode: increased
2023-12-15 02:33:22,436 | [INFO] : no layers were added
2023-12-15 02:33:22,436 | [DEBUG] : Model size was changed to 38538 parameters
2023-12-15 02:33:22,436 | [DEBUG] : Learning rate is now 0.010000
2023-12-15 02:33:32,683 | [INFO] : New learning rate: 0.009000000000000001
2023-12-15 02:33:34,758 | [DEBUG] : Current model size: 38538 parameters
2023-12-15 02:33:34,758 | [DEBUG] : Current training mode: increased
2023-12-15 02:33:34,759 | [INFO] : no layers were added
2023-12-15 02:33:34,759 | [DEBUG] : Model size was changed to 38538 parameters
2023-12-15 02:33:34,759 | [DEBUG] : Learning rate is now 0.010000
2023-12-15 02:33:45,174 | [INFO] : New learning rate: 0.009000000000000001
2023-12-15 02:33:47,260 | [DEBUG] : Current model size: 38538 parameters
2023-12-15 02:33:47,260 | [DEBUG] : Current training mode: increased
2023-12-15 02:33:47,260 | [INFO] : no layers were added
2023-12-15 02:33:47,261 | [DEBUG] : Model size was changed to 38538 parameters
2023-12-15 02:33:47,261 | [DEBUG] : Learning rate is now 0.010000
2023-12-15 02:33:57,648 | [INFO] : New learning rate: 0.009000000000000001
2023-12-15 02:33:59,652 | [DEBUG] : Current model size: 38538 parameters
2023-12-15 02:33:59,652 | [DEBUG] : Current training mode: increased
2023-12-15 02:33:59,652 | [INFO] : no layers were added
2023-12-15 02:33:59,652 | [DEBUG] : Model size was changed to 38538 parameters
2023-12-15 02:33:59,652 | [DEBUG] : Learning rate is now 0.010000
2023-12-15 02:34:09,948 | [INFO] : New learning rate: 0.009000000000000001
2023-12-15 02:34:11,781 | [DEBUG] : Current model size: 38538 parameters
2023-12-15 02:34:11,782 | [DEBUG] : Current training mode: increased
2023-12-15 02:34:11,782 | [INFO] : no layers were added
2023-12-15 02:34:11,782 | [DEBUG] : Model size was changed to 38538 parameters
2023-12-15 02:34:11,782 | [DEBUG] : Learning rate is now 0.010000
2023-12-15 02:34:22,214 | [INFO] : New learning rate: 0.009000000000000001
2023-12-15 02:34:24,242 | [DEBUG] : Current model size: 38538 parameters
2023-12-15 02:34:24,242 | [DEBUG] : Current training mode: increased
2023-12-15 02:34:24,242 | [INFO] : no layers were added
2023-12-15 02:34:24,242 | [DEBUG] : Model size was changed to 38538 parameters
2023-12-15 02:34:24,243 | [DEBUG] : Learning rate is now 0.010000
2023-12-15 02:34:34,784 | [INFO] : New learning rate: 0.009000000000000001
2023-12-15 02:34:36,579 | [DEBUG] : Current model size: 38538 parameters
2023-12-15 02:34:36,579 | [DEBUG] : Current training mode: increased
2023-12-15 02:34:36,579 | [INFO] : no layers were added
2023-12-15 02:34:36,580 | [DEBUG] : Model size was changed to 38538 parameters
2023-12-15 02:34:36,580 | [DEBUG] : Learning rate is now 0.010000
2023-12-15 02:34:46,931 | [INFO] : New learning rate: 0.009000000000000001
2023-12-15 02:34:48,750 | [DEBUG] : Current model size: 38538 parameters
2023-12-15 02:34:48,750 | [DEBUG] : Current training mode: increased
2023-12-15 02:34:48,750 | [INFO] : no layers were added
2023-12-15 02:34:48,750 | [DEBUG] : Model size was changed to 38538 parameters
2023-12-15 02:34:48,750 | [DEBUG] : Learning rate is now 0.010000
2023-12-15 02:34:59,226 | [INFO] : New learning rate: 0.009000000000000001
2023-12-15 02:35:01,155 | [DEBUG] : Current model size: 38538 parameters
2023-12-15 02:35:01,155 | [DEBUG] : Current training mode: increased
2023-12-15 02:35:01,155 | [INFO] : no layers were added
2023-12-15 02:35:01,156 | [DEBUG] : Model size was changed to 38538 parameters
2023-12-15 02:35:01,156 | [DEBUG] : Learning rate is now 0.010000
2023-12-15 02:35:11,509 | [INFO] : New learning rate: 0.009000000000000001
2023-12-15 02:35:13,571 | [DEBUG] : Current model size: 38538 parameters
2023-12-15 02:35:13,571 | [DEBUG] : Current training mode: increased
2023-12-15 02:35:13,571 | [INFO] : no layers were added
2023-12-15 02:35:13,572 | [DEBUG] : Model size was changed to 38538 parameters
2023-12-15 02:35:13,572 | [DEBUG] : Learning rate is now 0.010000
2023-12-15 02:35:23,993 | [INFO] : New learning rate: 0.009000000000000001
2023-12-15 02:35:25,836 | [DEBUG] : Current model size: 38538 parameters
2023-12-15 02:35:25,836 | [DEBUG] : Current training mode: increased
2023-12-15 02:35:25,837 | [INFO] : no layers were added
2023-12-15 02:35:25,837 | [DEBUG] : Model size was changed to 38538 parameters
2023-12-15 02:35:25,837 | [DEBUG] : Learning rate is now 0.010000
2023-12-15 02:35:36,104 | [INFO] : New learning rate: 0.009000000000000001
2023-12-15 02:35:37,928 | [DEBUG] : Current model size: 38538 parameters
2023-12-15 02:35:37,929 | [DEBUG] : Current training mode: increased
2023-12-15 02:35:37,929 | [INFO] : no layers were added
2023-12-15 02:35:37,929 | [DEBUG] : Model size was changed to 38538 parameters
2023-12-15 02:35:37,929 | [DEBUG] : Learning rate is now 0.010000
2023-12-15 02:35:48,276 | [INFO] : New learning rate: 0.009000000000000001
2023-12-15 02:35:50,062 | [DEBUG] : Current model size: 38538 parameters
2023-12-15 02:35:50,062 | [DEBUG] : Current training mode: increased
2023-12-15 02:35:50,062 | [INFO] : no layers were added
2023-12-15 02:35:50,063 | [DEBUG] : Model size was changed to 38538 parameters
2023-12-15 02:35:50,063 | [DEBUG] : Learning rate is now 0.010000
2023-12-15 02:36:00,520 | [INFO] : New learning rate: 0.009000000000000001
2023-12-15 02:36:02,397 | [DEBUG] : Current model size: 38538 parameters
2023-12-15 02:36:02,397 | [DEBUG] : Current training mode: increased
2023-12-15 02:36:02,397 | [INFO] : no layers were added
2023-12-15 02:36:02,398 | [DEBUG] : Model size was changed to 38538 parameters
2023-12-15 02:36:02,398 | [DEBUG] : Learning rate is now 0.010000
2023-12-15 02:36:12,953 | [INFO] : New learning rate: 0.009000000000000001
2023-12-15 02:36:14,786 | [DEBUG] : Current model size: 38538 parameters
2023-12-15 02:36:14,786 | [DEBUG] : Current training mode: increased
2023-12-15 02:36:14,786 | [INFO] : no layers were added
2023-12-15 02:36:14,786 | [DEBUG] : Model size was changed to 38538 parameters
2023-12-15 02:36:14,786 | [DEBUG] : Learning rate is now 0.010000
2023-12-15 02:36:25,185 | [INFO] : New learning rate: 0.009000000000000001
2023-12-15 02:36:26,944 | [DEBUG] : Current model size: 38538 parameters
2023-12-15 02:36:26,945 | [DEBUG] : Current training mode: increased
2023-12-15 02:36:26,945 | [INFO] : no layers were added
2023-12-15 02:36:26,945 | [DEBUG] : Model size was changed to 38538 parameters
2023-12-15 02:36:26,945 | [DEBUG] : Learning rate is now 0.010000
2023-12-15 02:36:37,358 | [INFO] : New learning rate: 0.009000000000000001
2023-12-15 02:36:39,121 | [DEBUG] : Current model size: 38538 parameters
2023-12-15 02:36:39,121 | [DEBUG] : Current training mode: increased
2023-12-15 02:36:39,121 | [INFO] : no layers were added
2023-12-15 02:36:39,122 | [DEBUG] : Model size was changed to 38538 parameters
2023-12-15 02:36:39,122 | [DEBUG] : Learning rate is now 0.010000
2023-12-15 02:36:49,737 | [INFO] : New learning rate: 0.009000000000000001
2023-12-15 02:36:51,534 | [DEBUG] : Current model size: 38538 parameters
2023-12-15 02:36:51,534 | [DEBUG] : Current training mode: increased
2023-12-15 02:36:51,534 | [INFO] : no layers were added
2023-12-15 02:36:51,534 | [DEBUG] : Model size was changed to 38538 parameters
2023-12-15 02:36:51,534 | [DEBUG] : Learning rate is now 0.010000
2023-12-15 02:37:01,830 | [INFO] : New learning rate: 0.009000000000000001
2023-12-15 02:37:03,636 | [DEBUG] : Current model size: 38538 parameters
2023-12-15 02:37:03,636 | [DEBUG] : Current training mode: increased
2023-12-15 02:37:03,636 | [INFO] : no layers were added
2023-12-15 02:37:03,637 | [DEBUG] : Model size was changed to 38538 parameters
2023-12-15 02:37:03,637 | [DEBUG] : Learning rate is now 0.010000
2023-12-15 02:37:06,008 | [INFO] : training has run out of time
2023-12-15 02:37:06,009 | [INFO] : training21 runtime (h:mm:ss): 0:04:21
2023-12-15 02:37:06,009 | [INFO] : training21 end time: 12/15/2023 02:37:06 AM
2023-12-15 02:37:06,009 | [INFO] : episode 22/64 finished, objective: None
