2023-12-15 04:34:32,279 | [INFO] : training49 start time: 12/15/2023 04:34:32 AM
2023-12-15 04:34:32,282 | [INFO] : Initialized model with weights: results/small_early_middle2/weights.pth
2023-12-15 04:34:32,282 | [DEBUG] : Current model size: 10602 parameters
2023-12-15 04:34:32,282 | [DEBUG] : Current training mode: initial
2023-12-15 04:34:32,296 | [INFO] : GPU allocation changing : going up
2023-12-15 04:34:32,299 | [DEBUG] : Current model size: 10602 parameters
2023-12-15 04:34:32,299 | [DEBUG] : Current training mode: increased
2023-12-15 04:34:32,299 | [INFO] : no layers were added
2023-12-15 04:34:32,299 | [DEBUG] : Model size was changed to 10602 parameters
2023-12-15 04:34:32,299 | [DEBUG] : Learning rate is now 0.010000
2023-12-15 04:34:41,827 | [INFO] : New learning rate: 0.009000000000000001
2023-12-15 04:34:43,615 | [DEBUG] : Current model size: 10602 parameters
2023-12-15 04:34:43,615 | [DEBUG] : Current training mode: increased
2023-12-15 04:34:43,616 | [INFO] : deepening layer 0/3: Conv2d(3, 32, kernel_size=(3, 3), stride=(1, 1))
2023-12-15 04:34:43,617 | [DEBUG] : Model size was changed to 19914 parameters
2023-12-15 04:34:43,617 | [DEBUG] : Learning rate is now 0.010000
2023-12-15 04:34:53,372 | [INFO] : New learning rate: 0.009000000000000001
2023-12-15 04:34:55,112 | [DEBUG] : Current model size: 19914 parameters
2023-12-15 04:34:55,112 | [DEBUG] : Current training mode: increased
2023-12-15 04:34:55,113 | [INFO] : deepening layer 1/3: Conv2d(32, 32, kernel_size=(3, 3), stride=(1, 1))
2023-12-15 04:34:55,114 | [DEBUG] : Model size was changed to 29226 parameters
2023-12-15 04:34:55,114 | [DEBUG] : Learning rate is now 0.010000
2023-12-15 04:35:05,151 | [INFO] : New learning rate: 0.009000000000000001
2023-12-15 04:35:06,954 | [DEBUG] : Current model size: 29226 parameters
2023-12-15 04:35:06,954 | [DEBUG] : Current training mode: increased
2023-12-15 04:35:06,954 | [INFO] : no layers were added
2023-12-15 04:35:06,955 | [DEBUG] : Model size was changed to 29226 parameters
2023-12-15 04:35:06,955 | [DEBUG] : Learning rate is now 0.010000
2023-12-15 04:35:16,979 | [INFO] : New learning rate: 0.009000000000000001
2023-12-15 04:35:18,947 | [DEBUG] : Current model size: 29226 parameters
2023-12-15 04:35:18,947 | [DEBUG] : Current training mode: increased
2023-12-15 04:35:18,948 | [INFO] : no layers were added
2023-12-15 04:35:18,948 | [DEBUG] : Model size was changed to 29226 parameters
2023-12-15 04:35:18,948 | [DEBUG] : Learning rate is now 0.010000
2023-12-15 04:35:28,796 | [INFO] : New learning rate: 0.009000000000000001
2023-12-15 04:35:30,590 | [DEBUG] : Current model size: 29226 parameters
2023-12-15 04:35:30,590 | [DEBUG] : Current training mode: increased
2023-12-15 04:35:30,591 | [INFO] : no layers were added
2023-12-15 04:35:30,591 | [DEBUG] : Model size was changed to 29226 parameters
2023-12-15 04:35:30,591 | [DEBUG] : Learning rate is now 0.010000
2023-12-15 04:35:40,575 | [INFO] : New learning rate: 0.009000000000000001
2023-12-15 04:35:42,352 | [DEBUG] : Current model size: 29226 parameters
2023-12-15 04:35:42,352 | [DEBUG] : Current training mode: increased
2023-12-15 04:35:42,352 | [INFO] : no layers were added
2023-12-15 04:35:42,353 | [DEBUG] : Model size was changed to 29226 parameters
2023-12-15 04:35:42,353 | [DEBUG] : Learning rate is now 0.010000
2023-12-15 04:35:52,424 | [INFO] : New learning rate: 0.009000000000000001
2023-12-15 04:35:54,394 | [DEBUG] : Current model size: 29226 parameters
2023-12-15 04:35:54,395 | [DEBUG] : Current training mode: increased
2023-12-15 04:35:54,395 | [INFO] : no layers were added
2023-12-15 04:35:54,395 | [DEBUG] : Model size was changed to 29226 parameters
2023-12-15 04:35:54,395 | [DEBUG] : Learning rate is now 0.010000
2023-12-15 04:36:04,459 | [INFO] : New learning rate: 0.009000000000000001
2023-12-15 04:36:06,334 | [DEBUG] : Current model size: 29226 parameters
2023-12-15 04:36:06,334 | [DEBUG] : Current training mode: increased
2023-12-15 04:36:06,334 | [INFO] : no layers were added
2023-12-15 04:36:06,335 | [DEBUG] : Model size was changed to 29226 parameters
2023-12-15 04:36:06,335 | [DEBUG] : Learning rate is now 0.010000
2023-12-15 04:36:16,252 | [INFO] : New learning rate: 0.009000000000000001
2023-12-15 04:36:18,113 | [DEBUG] : Current model size: 29226 parameters
2023-12-15 04:36:18,113 | [DEBUG] : Current training mode: increased
2023-12-15 04:36:18,114 | [INFO] : no layers were added
2023-12-15 04:36:18,114 | [DEBUG] : Model size was changed to 29226 parameters
2023-12-15 04:36:18,114 | [DEBUG] : Learning rate is now 0.010000
2023-12-15 04:36:28,158 | [INFO] : New learning rate: 0.009000000000000001
2023-12-15 04:36:29,951 | [DEBUG] : Current model size: 29226 parameters
2023-12-15 04:36:29,951 | [DEBUG] : Current training mode: increased
2023-12-15 04:36:29,951 | [INFO] : no layers were added
2023-12-15 04:36:29,951 | [DEBUG] : Model size was changed to 29226 parameters
2023-12-15 04:36:29,951 | [DEBUG] : Learning rate is now 0.010000
2023-12-15 04:36:39,997 | [INFO] : New learning rate: 0.009000000000000001
2023-12-15 04:36:41,893 | [DEBUG] : Current model size: 29226 parameters
2023-12-15 04:36:41,893 | [DEBUG] : Current training mode: increased
2023-12-15 04:36:41,893 | [INFO] : no layers were added
2023-12-15 04:36:41,893 | [DEBUG] : Model size was changed to 29226 parameters
2023-12-15 04:36:41,893 | [DEBUG] : Learning rate is now 0.010000
2023-12-15 04:36:51,748 | [INFO] : New learning rate: 0.009000000000000001
2023-12-15 04:36:53,501 | [DEBUG] : Current model size: 29226 parameters
2023-12-15 04:36:53,501 | [DEBUG] : Current training mode: increased
2023-12-15 04:36:53,501 | [INFO] : no layers were added
2023-12-15 04:36:53,502 | [DEBUG] : Model size was changed to 29226 parameters
2023-12-15 04:36:53,502 | [DEBUG] : Learning rate is now 0.010000
2023-12-15 04:37:03,448 | [INFO] : New learning rate: 0.009000000000000001
2023-12-15 04:37:05,285 | [DEBUG] : Current model size: 29226 parameters
2023-12-15 04:37:05,285 | [DEBUG] : Current training mode: increased
2023-12-15 04:37:05,286 | [INFO] : no layers were added
2023-12-15 04:37:05,286 | [DEBUG] : Model size was changed to 29226 parameters
2023-12-15 04:37:05,286 | [DEBUG] : Learning rate is now 0.010000
2023-12-15 04:37:15,181 | [INFO] : New learning rate: 0.009000000000000001
2023-12-15 04:37:16,970 | [DEBUG] : Current model size: 29226 parameters
2023-12-15 04:37:16,970 | [DEBUG] : Current training mode: increased
2023-12-15 04:37:16,970 | [INFO] : no layers were added
2023-12-15 04:37:16,970 | [DEBUG] : Model size was changed to 29226 parameters
2023-12-15 04:37:16,971 | [DEBUG] : Learning rate is now 0.010000
2023-12-15 04:37:26,900 | [INFO] : New learning rate: 0.009000000000000001
2023-12-15 04:37:28,915 | [DEBUG] : Current model size: 29226 parameters
2023-12-15 04:37:28,915 | [DEBUG] : Current training mode: increased
2023-12-15 04:37:28,916 | [INFO] : no layers were added
2023-12-15 04:37:28,916 | [DEBUG] : Model size was changed to 29226 parameters
2023-12-15 04:37:28,916 | [DEBUG] : Learning rate is now 0.010000
2023-12-15 04:37:38,890 | [INFO] : New learning rate: 0.009000000000000001
2023-12-15 04:37:40,684 | [DEBUG] : Current model size: 29226 parameters
2023-12-15 04:37:40,685 | [DEBUG] : Current training mode: increased
2023-12-15 04:37:40,685 | [INFO] : no layers were added
2023-12-15 04:37:40,685 | [DEBUG] : Model size was changed to 29226 parameters
2023-12-15 04:37:40,685 | [DEBUG] : Learning rate is now 0.010000
2023-12-15 04:37:50,632 | [INFO] : New learning rate: 0.009000000000000001
2023-12-15 04:37:52,403 | [DEBUG] : Current model size: 29226 parameters
2023-12-15 04:37:52,403 | [DEBUG] : Current training mode: increased
2023-12-15 04:37:52,403 | [INFO] : no layers were added
2023-12-15 04:37:52,403 | [DEBUG] : Model size was changed to 29226 parameters
2023-12-15 04:37:52,403 | [DEBUG] : Learning rate is now 0.010000
2023-12-15 04:38:02,359 | [INFO] : New learning rate: 0.009000000000000001
2023-12-15 04:38:04,099 | [DEBUG] : Current model size: 29226 parameters
2023-12-15 04:38:04,099 | [DEBUG] : Current training mode: increased
2023-12-15 04:38:04,099 | [INFO] : no layers were added
2023-12-15 04:38:04,100 | [DEBUG] : Model size was changed to 29226 parameters
2023-12-15 04:38:04,100 | [DEBUG] : Learning rate is now 0.010000
2023-12-15 04:38:14,232 | [INFO] : New learning rate: 0.009000000000000001
2023-12-15 04:38:16,043 | [DEBUG] : Current model size: 29226 parameters
2023-12-15 04:38:16,043 | [DEBUG] : Current training mode: increased
2023-12-15 04:38:16,043 | [INFO] : no layers were added
2023-12-15 04:38:16,044 | [DEBUG] : Model size was changed to 29226 parameters
2023-12-15 04:38:16,044 | [DEBUG] : Learning rate is now 0.010000
2023-12-15 04:38:26,073 | [INFO] : New learning rate: 0.009000000000000001
2023-12-15 04:38:27,818 | [DEBUG] : Current model size: 29226 parameters
2023-12-15 04:38:27,818 | [DEBUG] : Current training mode: increased
2023-12-15 04:38:27,818 | [INFO] : no layers were added
2023-12-15 04:38:27,819 | [DEBUG] : Model size was changed to 29226 parameters
2023-12-15 04:38:27,819 | [DEBUG] : Learning rate is now 0.010000
2023-12-15 04:38:37,812 | [INFO] : New learning rate: 0.009000000000000001
2023-12-15 04:38:39,551 | [DEBUG] : Current model size: 29226 parameters
2023-12-15 04:38:39,551 | [DEBUG] : Current training mode: increased
2023-12-15 04:38:39,551 | [INFO] : no layers were added
2023-12-15 04:38:39,552 | [DEBUG] : Model size was changed to 29226 parameters
2023-12-15 04:38:39,552 | [DEBUG] : Learning rate is now 0.010000
2023-12-15 04:38:49,510 | [INFO] : New learning rate: 0.009000000000000001
2023-12-15 04:38:51,261 | [DEBUG] : Current model size: 29226 parameters
2023-12-15 04:38:51,261 | [DEBUG] : Current training mode: increased
2023-12-15 04:38:51,261 | [INFO] : no layers were added
2023-12-15 04:38:51,262 | [DEBUG] : Model size was changed to 29226 parameters
2023-12-15 04:38:51,262 | [DEBUG] : Learning rate is now 0.010000
2023-12-15 04:38:52,285 | [INFO] : training has run out of time
2023-12-15 04:38:52,286 | [INFO] : training49 runtime (h:mm:ss): 0:04:21
2023-12-15 04:38:52,286 | [INFO] : training49 end time: 12/15/2023 04:38:52 AM
2023-12-15 04:38:52,286 | [INFO] : episode 50/64 finished, objective: None
