2023-12-15 03:20:34,094 | [INFO] : training32 start time: 12/15/2023 03:20:34 AM
2023-12-15 03:20:34,097 | [INFO] : Initialized model with weights: results/small_early_middle2/weights.pth
2023-12-15 03:20:34,097 | [DEBUG] : Current model size: 10602 parameters
2023-12-15 03:20:34,097 | [DEBUG] : Current training mode: initial
2023-12-15 03:20:34,110 | [INFO] : GPU allocation changing : going up
2023-12-15 03:20:34,113 | [DEBUG] : Current model size: 10602 parameters
2023-12-15 03:20:34,113 | [DEBUG] : Current training mode: increased
2023-12-15 03:20:34,114 | [INFO] : deepening layer 2/3: Linear(in_features=32, out_features=10, bias=True)
2023-12-15 03:20:34,114 | [DEBUG] : Model size was changed to 10712 parameters
2023-12-15 03:20:34,114 | [DEBUG] : Learning rate is now 0.010000
2023-12-15 03:20:44,169 | [INFO] : New learning rate: 0.009000000000000001
2023-12-15 03:20:45,889 | [DEBUG] : Current model size: 10712 parameters
2023-12-15 03:20:45,889 | [DEBUG] : Current training mode: increased
2023-12-15 03:20:45,891 | [INFO] : deepening layer 0/3: Conv2d(3, 32, kernel_size=(3, 3), stride=(1, 1))
2023-12-15 03:20:45,891 | [DEBUG] : Model size was changed to 20024 parameters
2023-12-15 03:20:45,891 | [DEBUG] : Learning rate is now 0.010000
2023-12-15 03:20:55,865 | [INFO] : New learning rate: 0.009000000000000001
2023-12-15 03:20:57,588 | [DEBUG] : Current model size: 20024 parameters
2023-12-15 03:20:57,588 | [DEBUG] : Current training mode: increased
2023-12-15 03:20:57,590 | [INFO] : deepening layer 0/3: Conv2d(3, 32, kernel_size=(3, 3), stride=(1, 1))
2023-12-15 03:20:57,590 | [DEBUG] : Model size was changed to 29336 parameters
2023-12-15 03:20:57,590 | [DEBUG] : Learning rate is now 0.010000
2023-12-15 03:21:07,652 | [INFO] : New learning rate: 0.009000000000000001
2023-12-15 03:21:09,466 | [DEBUG] : Current model size: 29336 parameters
2023-12-15 03:21:09,466 | [DEBUG] : Current training mode: increased
2023-12-15 03:21:09,466 | [INFO] : no layers were added
2023-12-15 03:21:09,467 | [DEBUG] : Model size was changed to 29336 parameters
2023-12-15 03:21:09,467 | [DEBUG] : Learning rate is now 0.010000
2023-12-15 03:21:19,555 | [INFO] : New learning rate: 0.009000000000000001
2023-12-15 03:21:21,305 | [DEBUG] : Current model size: 29336 parameters
2023-12-15 03:21:21,305 | [DEBUG] : Current training mode: increased
2023-12-15 03:21:21,306 | [INFO] : no layers were added
2023-12-15 03:21:21,306 | [DEBUG] : Model size was changed to 29336 parameters
2023-12-15 03:21:21,306 | [DEBUG] : Learning rate is now 0.010000
2023-12-15 03:21:31,422 | [INFO] : New learning rate: 0.009000000000000001
2023-12-15 03:21:33,226 | [DEBUG] : Current model size: 29336 parameters
2023-12-15 03:21:33,226 | [DEBUG] : Current training mode: increased
2023-12-15 03:21:33,226 | [INFO] : no layers were added
2023-12-15 03:21:33,227 | [DEBUG] : Model size was changed to 29336 parameters
2023-12-15 03:21:33,227 | [DEBUG] : Learning rate is now 0.010000
2023-12-15 03:21:43,464 | [INFO] : New learning rate: 0.009000000000000001
2023-12-15 03:21:45,333 | [DEBUG] : Current model size: 29336 parameters
2023-12-15 03:21:45,334 | [DEBUG] : Current training mode: increased
2023-12-15 03:21:45,334 | [INFO] : no layers were added
2023-12-15 03:21:45,334 | [DEBUG] : Model size was changed to 29336 parameters
2023-12-15 03:21:45,334 | [DEBUG] : Learning rate is now 0.010000
2023-12-15 03:21:55,475 | [INFO] : New learning rate: 0.009000000000000001
2023-12-15 03:21:57,300 | [DEBUG] : Current model size: 29336 parameters
2023-12-15 03:21:57,301 | [DEBUG] : Current training mode: increased
2023-12-15 03:21:57,301 | [INFO] : no layers were added
2023-12-15 03:21:57,301 | [DEBUG] : Model size was changed to 29336 parameters
2023-12-15 03:21:57,301 | [DEBUG] : Learning rate is now 0.010000
2023-12-15 03:22:07,542 | [INFO] : New learning rate: 0.009000000000000001
2023-12-15 03:22:09,321 | [DEBUG] : Current model size: 29336 parameters
2023-12-15 03:22:09,322 | [DEBUG] : Current training mode: increased
2023-12-15 03:22:09,322 | [INFO] : no layers were added
2023-12-15 03:22:09,322 | [DEBUG] : Model size was changed to 29336 parameters
2023-12-15 03:22:09,322 | [DEBUG] : Learning rate is now 0.010000
2023-12-15 03:22:19,453 | [INFO] : New learning rate: 0.009000000000000001
2023-12-15 03:22:21,205 | [DEBUG] : Current model size: 29336 parameters
2023-12-15 03:22:21,205 | [DEBUG] : Current training mode: increased
2023-12-15 03:22:21,205 | [INFO] : no layers were added
2023-12-15 03:22:21,206 | [DEBUG] : Model size was changed to 29336 parameters
2023-12-15 03:22:21,206 | [DEBUG] : Learning rate is now 0.010000
2023-12-15 03:22:31,505 | [INFO] : New learning rate: 0.009000000000000001
2023-12-15 03:22:33,337 | [DEBUG] : Current model size: 29336 parameters
2023-12-15 03:22:33,338 | [DEBUG] : Current training mode: increased
2023-12-15 03:22:33,338 | [INFO] : no layers were added
2023-12-15 03:22:33,338 | [DEBUG] : Model size was changed to 29336 parameters
2023-12-15 03:22:33,338 | [DEBUG] : Learning rate is now 0.010000
2023-12-15 03:22:43,461 | [INFO] : New learning rate: 0.009000000000000001
2023-12-15 03:22:45,326 | [DEBUG] : Current model size: 29336 parameters
2023-12-15 03:22:45,327 | [DEBUG] : Current training mode: increased
2023-12-15 03:22:45,327 | [INFO] : no layers were added
2023-12-15 03:22:45,327 | [DEBUG] : Model size was changed to 29336 parameters
2023-12-15 03:22:45,327 | [DEBUG] : Learning rate is now 0.010000
2023-12-15 03:22:55,426 | [INFO] : New learning rate: 0.009000000000000001
2023-12-15 03:22:57,252 | [DEBUG] : Current model size: 29336 parameters
2023-12-15 03:22:57,252 | [DEBUG] : Current training mode: increased
2023-12-15 03:22:57,252 | [INFO] : no layers were added
2023-12-15 03:22:57,252 | [DEBUG] : Model size was changed to 29336 parameters
2023-12-15 03:22:57,252 | [DEBUG] : Learning rate is now 0.010000
2023-12-15 03:23:07,389 | [INFO] : New learning rate: 0.009000000000000001
2023-12-15 03:23:09,285 | [DEBUG] : Current model size: 29336 parameters
2023-12-15 03:23:09,285 | [DEBUG] : Current training mode: increased
2023-12-15 03:23:09,285 | [INFO] : no layers were added
2023-12-15 03:23:09,286 | [DEBUG] : Model size was changed to 29336 parameters
2023-12-15 03:23:09,286 | [DEBUG] : Learning rate is now 0.010000
2023-12-15 03:23:19,483 | [INFO] : New learning rate: 0.009000000000000001
2023-12-15 03:23:21,332 | [DEBUG] : Current model size: 29336 parameters
2023-12-15 03:23:21,332 | [DEBUG] : Current training mode: increased
2023-12-15 03:23:21,333 | [INFO] : no layers were added
2023-12-15 03:23:21,333 | [DEBUG] : Model size was changed to 29336 parameters
2023-12-15 03:23:21,333 | [DEBUG] : Learning rate is now 0.010000
2023-12-15 03:23:31,463 | [INFO] : New learning rate: 0.009000000000000001
2023-12-15 03:23:33,419 | [DEBUG] : Current model size: 29336 parameters
2023-12-15 03:23:33,419 | [DEBUG] : Current training mode: increased
2023-12-15 03:23:33,419 | [INFO] : no layers were added
2023-12-15 03:23:33,420 | [DEBUG] : Model size was changed to 29336 parameters
2023-12-15 03:23:33,420 | [DEBUG] : Learning rate is now 0.010000
2023-12-15 03:23:43,639 | [INFO] : New learning rate: 0.009000000000000001
2023-12-15 03:23:45,421 | [DEBUG] : Current model size: 29336 parameters
2023-12-15 03:23:45,421 | [DEBUG] : Current training mode: increased
2023-12-15 03:23:45,421 | [INFO] : no layers were added
2023-12-15 03:23:45,422 | [DEBUG] : Model size was changed to 29336 parameters
2023-12-15 03:23:45,422 | [DEBUG] : Learning rate is now 0.010000
2023-12-15 03:23:55,447 | [INFO] : New learning rate: 0.009000000000000001
2023-12-15 03:23:57,404 | [DEBUG] : Current model size: 29336 parameters
2023-12-15 03:23:57,405 | [DEBUG] : Current training mode: increased
2023-12-15 03:23:57,405 | [INFO] : no layers were added
2023-12-15 03:23:57,405 | [DEBUG] : Model size was changed to 29336 parameters
2023-12-15 03:23:57,405 | [DEBUG] : Learning rate is now 0.010000
2023-12-15 03:24:07,415 | [INFO] : New learning rate: 0.009000000000000001
2023-12-15 03:24:09,400 | [DEBUG] : Current model size: 29336 parameters
2023-12-15 03:24:09,400 | [DEBUG] : Current training mode: increased
2023-12-15 03:24:09,400 | [INFO] : no layers were added
2023-12-15 03:24:09,401 | [DEBUG] : Model size was changed to 29336 parameters
2023-12-15 03:24:09,401 | [DEBUG] : Learning rate is now 0.010000
2023-12-15 03:24:19,644 | [INFO] : New learning rate: 0.009000000000000001
2023-12-15 03:24:21,454 | [DEBUG] : Current model size: 29336 parameters
2023-12-15 03:24:21,454 | [DEBUG] : Current training mode: increased
2023-12-15 03:24:21,455 | [INFO] : no layers were added
2023-12-15 03:24:21,455 | [DEBUG] : Model size was changed to 29336 parameters
2023-12-15 03:24:21,455 | [DEBUG] : Learning rate is now 0.010000
2023-12-15 03:24:31,625 | [INFO] : New learning rate: 0.009000000000000001
2023-12-15 03:24:33,368 | [DEBUG] : Current model size: 29336 parameters
2023-12-15 03:24:33,368 | [DEBUG] : Current training mode: increased
2023-12-15 03:24:33,368 | [INFO] : no layers were added
2023-12-15 03:24:33,368 | [DEBUG] : Model size was changed to 29336 parameters
2023-12-15 03:24:33,369 | [DEBUG] : Learning rate is now 0.010000
2023-12-15 03:24:43,526 | [INFO] : New learning rate: 0.009000000000000001
2023-12-15 03:24:45,298 | [DEBUG] : Current model size: 29336 parameters
2023-12-15 03:24:45,298 | [DEBUG] : Current training mode: increased
2023-12-15 03:24:45,298 | [INFO] : no layers were added
2023-12-15 03:24:45,298 | [DEBUG] : Model size was changed to 29336 parameters
2023-12-15 03:24:45,298 | [DEBUG] : Learning rate is now 0.010000
2023-12-15 03:24:54,108 | [INFO] : training has run out of time
2023-12-15 03:24:54,109 | [INFO] : training32 runtime (h:mm:ss): 0:04:21
2023-12-15 03:24:54,109 | [INFO] : training32 end time: 12/15/2023 03:24:54 AM
2023-12-15 03:24:54,109 | [INFO] : episode 33/64 finished, objective: None
