=== Model Folder ===
../results/simulation_late_to_middle_to_early_learn2_1_1

=== Evaluation Folder ===
../results/simulation_late3_v2
=== Step 1 ===
Action: 0
Probabilities: 0.9996 0.0004 0.0000 0.0000

=== Step 2 ===
Action: 0
Probabilities: 0.7295 0.2705 0.0000 0.0000

=== Step 3 ===
Action: 1
Probabilities: 0.0645 0.9355 0.0000 0.0000

=== Ranking ===
rank 01: (0, 0, 2) 0.3707
rank 02: (1, 0, 2) 0.3603
rank 03: (2, 0, 3) 0.3356
rank 04: (0, 2, 3) 0.3353
rank 05: (1, 2, 0) 0.3336
rank 06: (0, 3, 0) 0.3328
rank 07: (1, 1, 3) 0.3322
rank 08: (1, 0, 3) 0.332
rank 09: (0, 1, 3) 0.3314
rank 10: (1, 0, 0) 0.3304
rank 11: (0, 3, 1) 0.3284
rank 12: (3, 1, 0) 0.3282
rank 13: (3, 2, 0) 0.3267
rank 14: (1, 1, 0) 0.326
rank 15: (0, 2, 1) 0.3259
rank 16: (0, 0, 0) 0.3255
rank 17: (1, 3, 1) 0.3253
rank 18: (0, 0, 1) 0.325 ***
rank 19: (3, 0, 1) 0.3238
rank 20: (3, 1, 1) 0.3234
rank 21: (0, 1, 0) 0.3233
rank 22: (0, 3, 3) 0.3227
rank 23: (3, 3, 0) 0.3218
rank 24: (2, 1, 1) 0.3215
rank 25: (0, 2, 0) 0.3214
rank 26: (1, 1, 1) 0.3213
rank 27: (1, 3, 2) 0.3213
rank 28: (3, 2, 2) 0.3213
rank 29: (2, 1, 3) 0.3208
rank 30: (0, 0, 3) 0.3207
rank 31: (0, 2, 2) 0.3205
rank 32: (1, 3, 0) 0.3204
rank 33: (2, 0, 1) 0.3203
rank 34: (3, 0, 0) 0.3193
rank 35: (3, 3, 1) 0.3184
rank 36: (0, 1, 2) 0.3182
rank 37: (2, 2, 1) 0.3173
rank 38: (2, 2, 2) 0.3164
rank 39: (3, 0, 2) 0.3164
rank 40: (3, 2, 3) 0.3162
rank 41: (1, 1, 2) 0.3161
rank 42: (3, 1, 2) 0.3144
rank 43: (0, 3, 2) 0.3141
rank 44: (1, 0, 1) 0.3138
rank 45: (3, 2, 1) 0.313
rank 46: (2, 3, 0) 0.3127
rank 47: (0, 1, 1) 0.3121
rank 48: (2, 1, 0) 0.3111
rank 49: (2, 3, 1) 0.3101
rank 50: (2, 1, 2) 0.3099
rank 51: (2, 0, 0) 0.3097
rank 52: (1, 2, 3) 0.3084
rank 53: (1, 3, 3) 0.3083
rank 54: (2, 3, 3) 0.3083
rank 55: (2, 0, 2) 0.3078
rank 56: (2, 2, 0) 0.3065
rank 57: (1, 2, 2) 0.3057
rank 58: (3, 0, 3) 0.3044
rank 59: (2, 3, 2) 0.3014
rank 60: (2, 2, 3) 0.2973
rank 61: (3, 3, 2) 0.2961
rank 62: (3, 3, 3) 0.295 ***
rank 63: (3, 1, 3) 0.2919
rank 64: (1, 2, 1) 0.22
