=== Model Folder ===
../results/simulation_late_to_middle_to_early_learn2_1_1

=== Evaluation Folder ===
../results/simulation_early_middle2
=== Step 1 ===
Action: 0
Probabilities: 0.8562 0.1438 0.0000 0.0000

=== Step 2 ===
Action: 0
Probabilities: 0.9944 0.0056 0.0000 0.0000

=== Step 3 ===
Action: 0
Probabilities: 0.9650 0.0350 0.0000 0.0000

=== Ranking ===
rank 01: (1, 1, 1) 0.7388
rank 02: (1, 1, 0) 0.7326
rank 03: (0, 0, 1) 0.7292
rank 04: (0, 1, 3) 0.7287
rank 05: (1, 0, 0) 0.7256
rank 06: (0, 1, 0) 0.7232
rank 07: (0, 1, 2) 0.7226
rank 08: (1, 0, 1) 0.7203
rank 09: (1, 1, 3) 0.719
rank 10: (1, 2, 1) 0.7185
rank 11: (2, 1, 0) 0.7171
rank 12: (0, 1, 1) 0.7166
rank 13: (1, 0, 2) 0.7134
rank 14: (3, 1, 0) 0.7117
rank 15: (2, 1, 1) 0.7094
rank 16: (1, 3, 1) 0.7082
rank 17: (1, 2, 0) 0.7051
rank 18: (3, 0, 1) 0.7047
rank 19: (0, 2, 1) 0.7041
rank 20: (1, 1, 2) 0.7041
rank 21: (3, 1, 1) 0.7014
rank 22: (1, 3, 0) 0.7008
rank 23: (0, 3, 1) 0.6995
rank 24: (1, 0, 3) 0.6995
rank 25: (0, 3, 0) 0.6979
rank 26: (3, 0, 0) 0.6958
rank 27: (2, 0, 1) 0.6887
rank 28: (0, 0, 2) 0.6881
rank 29: (2, 0, 2) 0.6875
rank 30: (1, 3, 3) 0.6854
rank 31: (0, 2, 0) 0.6847
rank 32: (2, 0, 0) 0.6828
rank 33: (2, 2, 0) 0.6818
rank 34: (2, 1, 3) 0.6801
rank 35: (3, 2, 1) 0.6784
rank 36: (0, 0, 3) 0.677
rank 37: (0, 3, 3) 0.6768
rank 38: (2, 1, 2) 0.6755
rank 39: (3, 0, 2) 0.6754
rank 40: (0, 3, 2) 0.675
rank 41: (3, 0, 3) 0.6749
rank 42: (1, 3, 2) 0.6743
rank 43: (2, 3, 1) 0.6717
rank 44: (0, 2, 3) 0.6683
rank 45: (1, 2, 3) 0.6675
rank 46: (3, 2, 0) 0.6656
rank 47: (1, 2, 2) 0.6654
rank 48: (0, 2, 2) 0.6645
rank 49: (2, 2, 1) 0.6641
rank 50: (3, 1, 2) 0.6618
rank 51: (3, 3, 0) 0.6609
rank 52: (2, 3, 0) 0.6599
rank 53: (0, 0, 0) 0.6596 ***
rank 54: (3, 1, 3) 0.658
rank 55: (3, 3, 1) 0.6562
rank 56: (2, 0, 3) 0.6431
rank 57: (2, 3, 3) 0.6318
rank 58: (3, 2, 2) 0.6272
rank 59: (2, 2, 2) 0.6221
rank 60: (2, 2, 3) 0.6205
rank 61: (3, 2, 3) 0.6063
rank 62: (3, 3, 3) 0.6046 ***
rank 63: (3, 3, 2) 0.5991
rank 64: (2, 3, 2) 0.5982
