=== Model Folder ===
../results/simulation_late_to_middle_to_early_learn2_1_1

=== Evaluation Folder ===
../results/simulation_early_middle3_v2
=== Step 1 ===
Action: 0
Probabilities: 0.9060 0.0939 0.0000 0.0000

=== Step 2 ===
Action: 0
Probabilities: 0.9783 0.0217 0.0000 0.0000

=== Step 3 ===
Action: 0
Probabilities: 0.8355 0.1642 0.0001 0.0002

=== Ranking ===
rank 01: (0, 0, 0) 0.4215 ***
rank 02: (0, 1, 0) 0.4191
rank 03: (0, 0, 3) 0.4161
rank 04: (0, 1, 3) 0.4134
rank 05: (0, 1, 2) 0.4131
rank 06: (2, 0, 0) 0.413
rank 07: (2, 2, 0) 0.4113
rank 08: (0, 0, 1) 0.4088
rank 09: (0, 3, 1) 0.4068
rank 10: (1, 1, 1) 0.4066
rank 11: (3, 1, 0) 0.406
rank 12: (1, 1, 0) 0.4054
rank 13: (0, 2, 2) 0.404
rank 14: (1, 1, 3) 0.4038
rank 15: (1, 1, 2) 0.4026
rank 16: (0, 3, 2) 0.4022
rank 17: (3, 0, 1) 0.402
rank 18: (3, 0, 2) 0.4017
rank 19: (0, 1, 1) 0.4016
rank 20: (2, 0, 1) 0.4014
rank 21: (3, 0, 0) 0.401
rank 22: (1, 2, 0) 0.4006
rank 23: (0, 2, 0) 0.3997
rank 24: (2, 1, 0) 0.3992
rank 25: (0, 2, 3) 0.3984
rank 26: (0, 3, 0) 0.3982
rank 27: (2, 0, 2) 0.3971
rank 28: (1, 0, 1) 0.3969
rank 29: (1, 3, 1) 0.3967
rank 30: (0, 3, 3) 0.3964
rank 31: (3, 0, 3) 0.3964
rank 32: (3, 1, 1) 0.396
rank 33: (1, 2, 1) 0.3951
rank 34: (3, 2, 1) 0.394
rank 35: (1, 0, 2) 0.3938
rank 36: (2, 1, 1) 0.3935
rank 37: (0, 2, 1) 0.3934
rank 38: (2, 0, 3) 0.3925
rank 39: (3, 3, 0) 0.3906
rank 40: (1, 3, 0) 0.3897
rank 41: (0, 0, 2) 0.3889
rank 42: (2, 2, 1) 0.3879
rank 43: (3, 2, 0) 0.3871
rank 44: (1, 0, 3) 0.387
rank 45: (1, 2, 2) 0.3865
rank 46: (1, 0, 0) 0.3863
rank 47: (2, 1, 2) 0.3859
rank 48: (1, 3, 2) 0.3853
rank 49: (3, 1, 2) 0.3853
rank 50: (2, 1, 3) 0.3831
rank 51: (1, 3, 3) 0.3817
rank 52: (2, 3, 0) 0.3798
rank 53: (3, 3, 1) 0.3771
rank 54: (2, 3, 1) 0.3705
rank 55: (2, 3, 2) 0.3658
rank 56: (3, 3, 2) 0.3653
rank 57: (1, 2, 3) 0.3632
rank 58: (3, 1, 3) 0.3612
rank 59: (3, 3, 3) 0.3607 ***
rank 60: (3, 2, 3) 0.3566
rank 61: (2, 2, 2) 0.3501
rank 62: (2, 3, 3) 0.346
rank 63: (3, 2, 2) 0.3392
rank 64: (2, 2, 3) 0.3391
