=== Model Folder ===
../results/simulation_late_to_middle_to_early_learn2_1_1

=== Evaluation Folder ===
../results/simulation_middle_late2
=== Step 1 ===
Action: 0
Probabilities: 0.9995 0.0005 0.0000 0.0000

=== Step 2 ===
Action: 0
Probabilities: 0.9837 0.0163 0.0000 0.0000

=== Step 3 ===
Action: 1
Probabilities: 0.3316 0.6684 0.0000 0.0000

=== Ranking ===
rank 01: (0, 1, 1) 0.7016
rank 02: (1, 1, 1) 0.6982
rank 03: (1, 0, 0) 0.691
rank 04: (2, 1, 0) 0.69
rank 05: (0, 1, 0) 0.6894
rank 06: (3, 1, 0) 0.6893
rank 07: (1, 3, 0) 0.6889
rank 08: (1, 0, 3) 0.6876
rank 09: (0, 0, 1) 0.6841 ***
rank 10: (1, 0, 2) 0.6797
rank 11: (0, 0, 0) 0.677
rank 12: (3, 1, 1) 0.6769
rank 13: (1, 3, 1) 0.6763
rank 14: (1, 1, 3) 0.6751
rank 15: (0, 1, 2) 0.6741
rank 16: (0, 1, 3) 0.6736
rank 17: (1, 1, 0) 0.6731
rank 18: (0, 3, 0) 0.672
rank 19: (1, 0, 1) 0.6712
rank 20: (1, 2, 0) 0.6698
rank 21: (3, 0, 1) 0.6685
rank 22: (3, 3, 0) 0.6627
rank 23: (1, 2, 1) 0.6625
rank 24: (0, 2, 0) 0.66
rank 25: (3, 0, 2) 0.6592
rank 26: (0, 3, 1) 0.6588
rank 27: (3, 1, 2) 0.6586
rank 28: (3, 2, 1) 0.6579
rank 29: (3, 0, 0) 0.657
rank 30: (2, 1, 2) 0.655
rank 31: (0, 2, 3) 0.6547
rank 32: (1, 1, 2) 0.6511
rank 33: (0, 2, 2) 0.651
rank 34: (1, 3, 3) 0.6501
rank 35: (3, 2, 0) 0.6493
rank 36: (0, 0, 3) 0.6478
rank 37: (2, 0, 1) 0.6474
rank 38: (0, 2, 1) 0.6426
rank 39: (2, 0, 2) 0.6422
rank 40: (2, 1, 1) 0.6407
rank 41: (0, 0, 2) 0.6405
rank 42: (0, 3, 2) 0.6394
rank 43: (1, 3, 2) 0.6389
rank 44: (1, 2, 2) 0.6355
rank 45: (2, 2, 0) 0.6355
rank 46: (3, 0, 3) 0.6341
rank 47: (2, 2, 1) 0.6335
rank 48: (2, 1, 3) 0.6323
rank 49: (3, 1, 3) 0.632
rank 50: (2, 3, 0) 0.6305
rank 51: (3, 3, 1) 0.6272
rank 52: (2, 3, 1) 0.6244
rank 53: (2, 0, 3) 0.6229
rank 54: (2, 0, 0) 0.6174
rank 55: (2, 3, 3) 0.6125
rank 56: (0, 3, 3) 0.6096
rank 57: (3, 2, 3) 0.6043
rank 58: (1, 2, 3) 0.6029
rank 59: (3, 2, 2) 0.5923
rank 60: (3, 3, 2) 0.5919
rank 61: (2, 2, 3) 0.5918
rank 62: (3, 3, 3) 0.5775 ***
rank 63: (2, 2, 2) 0.5759
rank 64: (2, 3, 2) 0.5631
