ConvNet2(
  (conv1): NormalizedConvolutionalNet2NetDeepenBlock(
    (layers): Sequential(
      (0): Conv2d(3, 32, kernel_size=(3, 3), stride=(1, 1))
      (1): BatchNorm2d(32, eps=1e-05, momentum=0.1, affine=True, track_running_stats=True)
      (2): ReLU()
    )
  )
  (pool1): AvgPool2d(kernel_size=(2, 2), stride=(2, 2), padding=0)
  (conv2): NormalizedConvolutionalNet2NetDeepenBlock(
    (layers): Sequential(
      (0): Conv2d(32, 32, kernel_size=(3, 3), stride=(1, 1))
      (1): BatchNorm2d(32, eps=1e-05, momentum=0.1, affine=True, track_running_stats=True)
      (2): ReLU()
    )
  )
  (finalpool): AdaptiveAvgPool2d(output_size=(1, 1))
  (fc): FeedForwardNet2NetDeepenBlock(
    (layers): Sequential(
      (0): Linear(in_features=32, out_features=10, bias=True)
      (1): ReLU()
    )
  )
)
=== Model Folder ===
../results/simulation_middle_to_late_learn2_100

=== Evaluation Folder ===
../results/simulation_middle_to_late_learn2_100
=== Step 1 ===
Action: 0
Probabilities: 1.0000 0.0000 0.0000 0.0000

=== Step 2 ===
Action: 0
Probabilities: 1.0000 0.0000 0.0000 0.0000

=== Step 3 ===
Action: 0
Probabilities: 1.0000 0.0000 0.0000 0.0000

=== Ranking ===
rank 01: (0, 1, 1) 0.6827
rank 02: (1, 1, 3) 0.6764
rank 03: (3, 1, 0) 0.6676
rank 04: (1, 0, 0) 0.6674
rank 05: (2, 0, 1) 0.6624
rank 06: (0, 1, 3) 0.6571
rank 07: (1, 3, 1) 0.657
rank 08: (0, 3, 1) 0.6567
rank 09: (1, 1, 1) 0.6559
rank 10: (0, 0, 2) 0.6556
rank 11: (1, 0, 2) 0.649
rank 12: (3, 0, 1) 0.6451
rank 13: (0, 1, 0) 0.6439
rank 14: (1, 2, 0) 0.6427
rank 15: (1, 0, 3) 0.6411
rank 16: (2, 1, 2) 0.64
rank 17: (3, 1, 1) 0.6394
rank 18: (2, 2, 1) 0.6389
rank 19: (2, 2, 0) 0.6364
rank 20: (0, 0, 3) 0.6358
rank 21: (0, 3, 3) 0.6351
rank 22: (0, 0, 1) 0.6323
rank 23: (1, 0, 1) 0.6278
rank 24: (1, 2, 1) 0.6274
rank 25: (0, 3, 2) 0.6264
rank 26: (0, 1, 2) 0.626
rank 27: (1, 2, 3) 0.6252
rank 28: (2, 3, 1) 0.6231
rank 29: (2, 0, 0) 0.623
rank 30: (0, 2, 2) 0.6228
rank 31: (1, 1, 2) 0.6225
rank 32: (3, 3, 1) 0.622
rank 33: (0, 0, 0) 0.6209 ***
rank 34: (3, 0, 2) 0.6202
rank 35: (1, 2, 2) 0.6198
rank 36: (2, 1, 0) 0.6192
rank 37: (3, 1, 3) 0.6187
rank 38: (2, 0, 3) 0.6186
rank 39: (3, 0, 3) 0.6186
rank 40: (0, 3, 0) 0.6172
rank 41: (2, 3, 0) 0.614
rank 42: (1, 3, 3) 0.6132
rank 43: (2, 1, 3) 0.6123
rank 44: (1, 3, 0) 0.6111
rank 45: (1, 3, 2) 0.6073
rank 46: (0, 2, 0) 0.6057
rank 47: (2, 1, 1) 0.6056
rank 48: (3, 0, 0) 0.5975
rank 49: (3, 2, 3) 0.5954
rank 50: (3, 3, 3) 0.5912 ***
rank 51: (2, 0, 2) 0.5897
rank 52: (3, 3, 0) 0.5883
rank 53: (0, 2, 1) 0.5882
rank 54: (2, 2, 3) 0.5876
rank 55: (3, 2, 1) 0.5861
rank 56: (2, 2, 2) 0.5837
rank 57: (1, 1, 0) 0.5803
rank 58: (3, 1, 2) 0.5791
rank 59: (2, 3, 2) 0.575
rank 60: (3, 2, 0) 0.5728
rank 61: (2, 3, 3) 0.5694
rank 62: (3, 3, 2) 0.5635
rank 63: (0, 2, 3) 0.5621
rank 64: (3, 2, 2) 0.5148
