ConvNet3(
  (conv1): NormalizedConvolutionalNet2NetDeepenBlock(
    (layers): Sequential(
      (0): Conv2d(3, 64, kernel_size=(3, 3), stride=(1, 1))
      (1): BatchNorm2d(64, eps=1e-05, momentum=0.1, affine=True, track_running_stats=True)
      (2): ReLU()
    )
  )
  (conv2): NormalizedConvolutionalNet2NetDeepenBlock(
    (layers): Sequential(
      (0): Conv2d(64, 32, kernel_size=(3, 3), stride=(1, 1))
      (1): BatchNorm2d(32, eps=1e-05, momentum=0.1, affine=True, track_running_stats=True)
      (2): ReLU()
    )
  )
  (finalpool): AdaptiveAvgPool2d(output_size=(1, 1))
  (fc): FeedForwardNet2NetDeepenBlock(
    (layers): Sequential(
      (0): Linear(in_features=32, out_features=10, bias=True)
      (1): ReLU()
    )
  )
)
=== Model Folder ===
../results/simulation_middle_learn3

=== Evaluation Folder ===
../results/simulation_middle_learn3
=== Step 1 ===
Action: 2
Probabilities: 0.0000 0.0000 1.0000 0.0000

=== Step 2 ===
Action: 0
Probabilities: 1.0000 0.0000 0.0000 0.0000

=== Step 3 ===
Action: 2
Probabilities: 0.0000 0.0000 1.0000 0.0000

=== Ranking ===
rank 01: (2, 0, 2) 0.4092 ***
rank 02: (1, 1, 0) 0.4081
rank 03: (1, 0, 2) 0.4045
rank 04: (3, 1, 1) 0.4045
rank 05: (1, 3, 3) 0.3882
rank 06: (1, 2, 3) 0.3853
rank 07: (3, 2, 1) 0.3849
rank 08: (1, 2, 1) 0.3827
rank 09: (0, 2, 2) 0.3749
rank 10: (1, 3, 2) 0.3668
rank 11: (0, 0, 1) 0.3535
rank 12: (1, 0, 0) 0.3527
rank 13: (0, 1, 1) 0.3522
rank 14: (0, 0, 2) 0.3517
rank 15: (0, 0, 0) 0.3505
rank 16: (0, 3, 1) 0.3484
rank 17: (0, 0, 3) 0.347
rank 18: (0, 3, 0) 0.347
rank 19: (2, 0, 0) 0.3465
rank 20: (0, 3, 3) 0.3461
rank 21: (1, 3, 0) 0.345
rank 22: (3, 0, 0) 0.3446
rank 23: (0, 1, 2) 0.3444
rank 24: (3, 0, 3) 0.3444
rank 25: (0, 1, 3) 0.343
rank 26: (2, 1, 2) 0.3426
rank 27: (2, 3, 1) 0.3422
rank 28: (1, 2, 0) 0.3419
rank 29: (0, 2, 0) 0.3413
rank 30: (0, 2, 1) 0.3406
rank 31: (2, 0, 3) 0.3401
rank 32: (1, 2, 2) 0.3388
rank 33: (2, 1, 1) 0.3376
rank 34: (2, 0, 1) 0.3374
rank 35: (1, 1, 1) 0.3373
rank 36: (1, 1, 3) 0.3372
rank 37: (1, 0, 3) 0.3368
rank 38: (3, 1, 0) 0.3353
rank 39: (2, 3, 0) 0.335
rank 40: (2, 1, 0) 0.3349
rank 41: (1, 0, 1) 0.3337
rank 42: (0, 2, 3) 0.333
rank 43: (3, 1, 2) 0.333
rank 44: (2, 2, 0) 0.3316
rank 45: (1, 3, 1) 0.3309
rank 46: (3, 1, 3) 0.3282
rank 47: (3, 0, 2) 0.3279
rank 48: (2, 1, 3) 0.3273
rank 49: (3, 3, 1) 0.3262
rank 50: (1, 1, 2) 0.3252
rank 51: (0, 1, 0) 0.3251
rank 52: (3, 3, 3) 0.3249 ***
rank 53: (3, 2, 0) 0.3248
rank 54: (3, 3, 0) 0.3247
rank 55: (3, 3, 2) 0.3216
rank 56: (3, 2, 2) 0.3209
rank 57: (0, 3, 2) 0.3202
rank 58: (2, 2, 1) 0.3196
rank 59: (3, 2, 3) 0.3164
rank 60: (2, 3, 2) 0.3153
rank 61: (2, 2, 3) 0.3116
rank 62: (2, 3, 3) 0.3088
rank 63: (3, 0, 1) 0.3067
rank 64: (2, 2, 2) 0.3043
