2023-12-14 21:57:06,091 | [INFO] : training19 start time: 12/14/2023 09:57:06 PM
2023-12-14 21:57:06,094 | [INFO] : Initialized model with weights: results/small_middle2/weights.pth
2023-12-14 21:57:06,094 | [DEBUG] : Current model size: 10602 parameters
2023-12-14 21:57:06,095 | [DEBUG] : Current training mode: initial
2023-12-14 21:57:06,108 | [INFO] : GPU allocation changing : going up
2023-12-14 21:57:06,111 | [DEBUG] : Current model size: 10602 parameters
2023-12-14 21:57:06,111 | [DEBUG] : Current training mode: increased
2023-12-14 21:57:06,112 | [INFO] : deepening layer 1/3: Conv2d(32, 32, kernel_size=(3, 3), stride=(1, 1))
2023-12-14 21:57:06,113 | [DEBUG] : Model size was changed to 19914 parameters
2023-12-14 21:57:06,113 | [DEBUG] : Learning rate is now 0.010000
2023-12-14 21:57:15,878 | [INFO] : New learning rate: 0.009000000000000001
2023-12-14 21:57:17,608 | [DEBUG] : Current model size: 19914 parameters
2023-12-14 21:57:17,608 | [DEBUG] : Current training mode: increased
2023-12-14 21:57:17,610 | [INFO] : deepening layer 0/3: Conv2d(3, 32, kernel_size=(3, 3), stride=(1, 1))
2023-12-14 21:57:17,610 | [DEBUG] : Model size was changed to 29226 parameters
2023-12-14 21:57:17,610 | [DEBUG] : Learning rate is now 0.010000
2023-12-14 21:57:27,623 | [INFO] : New learning rate: 0.009000000000000001
2023-12-14 21:57:29,357 | [DEBUG] : Current model size: 29226 parameters
2023-12-14 21:57:29,357 | [DEBUG] : Current training mode: increased
2023-12-14 21:57:29,357 | [INFO] : no layers were added
2023-12-14 21:57:29,358 | [DEBUG] : Model size was changed to 29226 parameters
2023-12-14 21:57:29,358 | [DEBUG] : Learning rate is now 0.010000
2023-12-14 21:57:39,164 | [INFO] : New learning rate: 0.009000000000000001
2023-12-14 21:57:40,877 | [DEBUG] : Current model size: 29226 parameters
2023-12-14 21:57:40,877 | [DEBUG] : Current training mode: increased
2023-12-14 21:57:40,877 | [INFO] : no layers were added
2023-12-14 21:57:40,877 | [DEBUG] : Model size was changed to 29226 parameters
2023-12-14 21:57:40,877 | [DEBUG] : Learning rate is now 0.010000
2023-12-14 21:57:50,682 | [INFO] : New learning rate: 0.009000000000000001
2023-12-14 21:57:52,378 | [DEBUG] : Current model size: 29226 parameters
2023-12-14 21:57:52,378 | [DEBUG] : Current training mode: increased
2023-12-14 21:57:52,378 | [INFO] : no layers were added
2023-12-14 21:57:52,379 | [DEBUG] : Model size was changed to 29226 parameters
2023-12-14 21:57:52,379 | [DEBUG] : Learning rate is now 0.010000
2023-12-14 21:58:02,444 | [INFO] : New learning rate: 0.009000000000000001
2023-12-14 21:58:04,126 | [DEBUG] : Current model size: 29226 parameters
2023-12-14 21:58:04,126 | [DEBUG] : Current training mode: increased
2023-12-14 21:58:04,126 | [INFO] : no layers were added
2023-12-14 21:58:04,126 | [DEBUG] : Model size was changed to 29226 parameters
2023-12-14 21:58:04,126 | [DEBUG] : Learning rate is now 0.010000
2023-12-14 21:58:13,986 | [INFO] : New learning rate: 0.009000000000000001
2023-12-14 21:58:15,666 | [DEBUG] : Current model size: 29226 parameters
2023-12-14 21:58:15,666 | [DEBUG] : Current training mode: increased
2023-12-14 21:58:15,666 | [INFO] : no layers were added
2023-12-14 21:58:15,667 | [DEBUG] : Model size was changed to 29226 parameters
2023-12-14 21:58:15,667 | [DEBUG] : Learning rate is now 0.010000
2023-12-14 21:58:25,539 | [INFO] : New learning rate: 0.009000000000000001
2023-12-14 21:58:27,216 | [DEBUG] : Current model size: 29226 parameters
2023-12-14 21:58:27,216 | [DEBUG] : Current training mode: increased
2023-12-14 21:58:27,216 | [INFO] : no layers were added
2023-12-14 21:58:27,217 | [DEBUG] : Model size was changed to 29226 parameters
2023-12-14 21:58:27,217 | [DEBUG] : Learning rate is now 0.010000
2023-12-14 21:58:37,102 | [INFO] : New learning rate: 0.009000000000000001
2023-12-14 21:58:38,797 | [DEBUG] : Current model size: 29226 parameters
2023-12-14 21:58:38,797 | [DEBUG] : Current training mode: increased
2023-12-14 21:58:38,797 | [INFO] : no layers were added
2023-12-14 21:58:38,797 | [DEBUG] : Model size was changed to 29226 parameters
2023-12-14 21:58:38,797 | [DEBUG] : Learning rate is now 0.010000
2023-12-14 21:58:48,685 | [INFO] : New learning rate: 0.009000000000000001
2023-12-14 21:58:50,429 | [DEBUG] : Current model size: 29226 parameters
2023-12-14 21:58:50,429 | [DEBUG] : Current training mode: increased
2023-12-14 21:58:50,429 | [INFO] : no layers were added
2023-12-14 21:58:50,430 | [DEBUG] : Model size was changed to 29226 parameters
2023-12-14 21:58:50,430 | [DEBUG] : Learning rate is now 0.010000
2023-12-14 21:59:00,359 | [INFO] : New learning rate: 0.009000000000000001
2023-12-14 21:59:02,126 | [DEBUG] : Current model size: 29226 parameters
2023-12-14 21:59:02,126 | [DEBUG] : Current training mode: increased
2023-12-14 21:59:02,126 | [INFO] : no layers were added
2023-12-14 21:59:02,127 | [DEBUG] : Model size was changed to 29226 parameters
2023-12-14 21:59:02,127 | [DEBUG] : Learning rate is now 0.010000
2023-12-14 21:59:11,884 | [INFO] : New learning rate: 0.009000000000000001
2023-12-14 21:59:13,563 | [DEBUG] : Current model size: 29226 parameters
2023-12-14 21:59:13,564 | [DEBUG] : Current training mode: increased
2023-12-14 21:59:13,564 | [INFO] : no layers were added
2023-12-14 21:59:13,564 | [DEBUG] : Model size was changed to 29226 parameters
2023-12-14 21:59:13,564 | [DEBUG] : Learning rate is now 0.010000
2023-12-14 21:59:23,603 | [INFO] : New learning rate: 0.009000000000000001
2023-12-14 21:59:25,287 | [DEBUG] : Current model size: 29226 parameters
2023-12-14 21:59:25,287 | [DEBUG] : Current training mode: increased
2023-12-14 21:59:25,288 | [INFO] : no layers were added
2023-12-14 21:59:25,288 | [DEBUG] : Model size was changed to 29226 parameters
2023-12-14 21:59:25,288 | [DEBUG] : Learning rate is now 0.010000
2023-12-14 21:59:35,348 | [INFO] : New learning rate: 0.009000000000000001
2023-12-14 21:59:37,116 | [DEBUG] : Current model size: 29226 parameters
2023-12-14 21:59:37,116 | [DEBUG] : Current training mode: increased
2023-12-14 21:59:37,116 | [INFO] : no layers were added
2023-12-14 21:59:37,116 | [DEBUG] : Model size was changed to 29226 parameters
2023-12-14 21:59:37,116 | [DEBUG] : Learning rate is now 0.010000
2023-12-14 21:59:46,923 | [INFO] : New learning rate: 0.009000000000000001
2023-12-14 21:59:48,648 | [DEBUG] : Current model size: 29226 parameters
2023-12-14 21:59:48,648 | [DEBUG] : Current training mode: increased
2023-12-14 21:59:48,648 | [INFO] : no layers were added
2023-12-14 21:59:48,649 | [DEBUG] : Model size was changed to 29226 parameters
2023-12-14 21:59:48,649 | [DEBUG] : Learning rate is now 0.010000
2023-12-14 21:59:58,572 | [INFO] : New learning rate: 0.009000000000000001
2023-12-14 22:00:00,312 | [DEBUG] : Current model size: 29226 parameters
2023-12-14 22:00:00,312 | [DEBUG] : Current training mode: increased
2023-12-14 22:00:00,312 | [INFO] : no layers were added
2023-12-14 22:00:00,312 | [DEBUG] : Model size was changed to 29226 parameters
2023-12-14 22:00:00,312 | [DEBUG] : Learning rate is now 0.010000
2023-12-14 22:00:10,293 | [INFO] : New learning rate: 0.009000000000000001
2023-12-14 22:00:11,988 | [DEBUG] : Current model size: 29226 parameters
2023-12-14 22:00:11,988 | [DEBUG] : Current training mode: increased
2023-12-14 22:00:11,988 | [INFO] : no layers were added
2023-12-14 22:00:11,989 | [DEBUG] : Model size was changed to 29226 parameters
2023-12-14 22:00:11,989 | [DEBUG] : Learning rate is now 0.010000
2023-12-14 22:00:21,846 | [INFO] : New learning rate: 0.009000000000000001
2023-12-14 22:00:23,539 | [DEBUG] : Current model size: 29226 parameters
2023-12-14 22:00:23,539 | [DEBUG] : Current training mode: increased
2023-12-14 22:00:23,539 | [INFO] : no layers were added
2023-12-14 22:00:23,539 | [DEBUG] : Model size was changed to 29226 parameters
2023-12-14 22:00:23,540 | [DEBUG] : Learning rate is now 0.010000
2023-12-14 22:00:26,099 | [INFO] : training has run out of time
2023-12-14 22:00:26,100 | [INFO] : training19 runtime (h:mm:ss): 0:03:21
2023-12-14 22:00:26,100 | [INFO] : training19 end time: 12/14/2023 10:00:26 PM
2023-12-14 22:00:26,100 | [INFO] : episode 20/64 finished, objective: None
