2023-12-14 22:07:08,305 | [INFO] : training22 start time: 12/14/2023 10:07:08 PM
2023-12-14 22:07:08,308 | [INFO] : Initialized model with weights: results/small_middle2/weights.pth
2023-12-14 22:07:08,308 | [DEBUG] : Current model size: 10602 parameters
2023-12-14 22:07:08,308 | [DEBUG] : Current training mode: initial
2023-12-14 22:07:08,322 | [INFO] : GPU allocation changing : going up
2023-12-14 22:07:08,324 | [DEBUG] : Current model size: 10602 parameters
2023-12-14 22:07:08,324 | [DEBUG] : Current training mode: increased
2023-12-14 22:07:08,326 | [INFO] : deepening layer 1/3: Conv2d(32, 32, kernel_size=(3, 3), stride=(1, 1))
2023-12-14 22:07:08,327 | [DEBUG] : Model size was changed to 19914 parameters
2023-12-14 22:07:08,327 | [DEBUG] : Learning rate is now 0.010000
2023-12-14 22:07:17,921 | [INFO] : New learning rate: 0.009000000000000001
2023-12-14 22:07:19,679 | [DEBUG] : Current model size: 19914 parameters
2023-12-14 22:07:19,679 | [DEBUG] : Current training mode: increased
2023-12-14 22:07:19,681 | [INFO] : deepening layer 1/3: Conv2d(32, 32, kernel_size=(3, 3), stride=(1, 1))
2023-12-14 22:07:19,682 | [DEBUG] : Model size was changed to 29226 parameters
2023-12-14 22:07:19,682 | [DEBUG] : Learning rate is now 0.010000
2023-12-14 22:07:29,504 | [INFO] : New learning rate: 0.009000000000000001
2023-12-14 22:07:31,185 | [DEBUG] : Current model size: 29226 parameters
2023-12-14 22:07:31,185 | [DEBUG] : Current training mode: increased
2023-12-14 22:07:31,186 | [INFO] : deepening layer 2/3: Linear(in_features=32, out_features=10, bias=True)
2023-12-14 22:07:31,187 | [DEBUG] : Model size was changed to 29336 parameters
2023-12-14 22:07:31,187 | [DEBUG] : Learning rate is now 0.010000
2023-12-14 22:07:41,112 | [INFO] : New learning rate: 0.009000000000000001
2023-12-14 22:07:42,806 | [DEBUG] : Current model size: 29336 parameters
2023-12-14 22:07:42,806 | [DEBUG] : Current training mode: increased
2023-12-14 22:07:42,806 | [INFO] : no layers were added
2023-12-14 22:07:42,806 | [DEBUG] : Model size was changed to 29336 parameters
2023-12-14 22:07:42,806 | [DEBUG] : Learning rate is now 0.010000
2023-12-14 22:07:52,854 | [INFO] : New learning rate: 0.009000000000000001
2023-12-14 22:07:54,544 | [DEBUG] : Current model size: 29336 parameters
2023-12-14 22:07:54,544 | [DEBUG] : Current training mode: increased
2023-12-14 22:07:54,544 | [INFO] : no layers were added
2023-12-14 22:07:54,545 | [DEBUG] : Model size was changed to 29336 parameters
2023-12-14 22:07:54,545 | [DEBUG] : Learning rate is now 0.010000
2023-12-14 22:08:04,641 | [INFO] : New learning rate: 0.009000000000000001
2023-12-14 22:08:06,356 | [DEBUG] : Current model size: 29336 parameters
2023-12-14 22:08:06,356 | [DEBUG] : Current training mode: increased
2023-12-14 22:08:06,356 | [INFO] : no layers were added
2023-12-14 22:08:06,356 | [DEBUG] : Model size was changed to 29336 parameters
2023-12-14 22:08:06,356 | [DEBUG] : Learning rate is now 0.010000
2023-12-14 22:08:16,274 | [INFO] : New learning rate: 0.009000000000000001
2023-12-14 22:08:17,970 | [DEBUG] : Current model size: 29336 parameters
2023-12-14 22:08:17,970 | [DEBUG] : Current training mode: increased
2023-12-14 22:08:17,970 | [INFO] : no layers were added
2023-12-14 22:08:17,971 | [DEBUG] : Model size was changed to 29336 parameters
2023-12-14 22:08:17,971 | [DEBUG] : Learning rate is now 0.010000
2023-12-14 22:08:27,915 | [INFO] : New learning rate: 0.009000000000000001
2023-12-14 22:08:29,612 | [DEBUG] : Current model size: 29336 parameters
2023-12-14 22:08:29,612 | [DEBUG] : Current training mode: increased
2023-12-14 22:08:29,612 | [INFO] : no layers were added
2023-12-14 22:08:29,613 | [DEBUG] : Model size was changed to 29336 parameters
2023-12-14 22:08:29,613 | [DEBUG] : Learning rate is now 0.010000
2023-12-14 22:08:39,837 | [INFO] : New learning rate: 0.009000000000000001
2023-12-14 22:08:41,566 | [DEBUG] : Current model size: 29336 parameters
2023-12-14 22:08:41,566 | [DEBUG] : Current training mode: increased
2023-12-14 22:08:41,566 | [INFO] : no layers were added
2023-12-14 22:08:41,567 | [DEBUG] : Model size was changed to 29336 parameters
2023-12-14 22:08:41,567 | [DEBUG] : Learning rate is now 0.010000
2023-12-14 22:08:51,692 | [INFO] : New learning rate: 0.009000000000000001
2023-12-14 22:08:53,475 | [DEBUG] : Current model size: 29336 parameters
2023-12-14 22:08:53,475 | [DEBUG] : Current training mode: increased
2023-12-14 22:08:53,475 | [INFO] : no layers were added
2023-12-14 22:08:53,476 | [DEBUG] : Model size was changed to 29336 parameters
2023-12-14 22:08:53,476 | [DEBUG] : Learning rate is now 0.010000
2023-12-14 22:09:03,428 | [INFO] : New learning rate: 0.009000000000000001
2023-12-14 22:09:05,120 | [DEBUG] : Current model size: 29336 parameters
2023-12-14 22:09:05,120 | [DEBUG] : Current training mode: increased
2023-12-14 22:09:05,120 | [INFO] : no layers were added
2023-12-14 22:09:05,121 | [DEBUG] : Model size was changed to 29336 parameters
2023-12-14 22:09:05,121 | [DEBUG] : Learning rate is now 0.010000
2023-12-14 22:09:15,004 | [INFO] : New learning rate: 0.009000000000000001
2023-12-14 22:09:16,737 | [DEBUG] : Current model size: 29336 parameters
2023-12-14 22:09:16,737 | [DEBUG] : Current training mode: increased
2023-12-14 22:09:16,737 | [INFO] : no layers were added
2023-12-14 22:09:16,737 | [DEBUG] : Model size was changed to 29336 parameters
2023-12-14 22:09:16,737 | [DEBUG] : Learning rate is now 0.010000
2023-12-14 22:09:26,919 | [INFO] : New learning rate: 0.009000000000000001
2023-12-14 22:09:28,608 | [DEBUG] : Current model size: 29336 parameters
2023-12-14 22:09:28,608 | [DEBUG] : Current training mode: increased
2023-12-14 22:09:28,609 | [INFO] : no layers were added
2023-12-14 22:09:28,609 | [DEBUG] : Model size was changed to 29336 parameters
2023-12-14 22:09:28,609 | [DEBUG] : Learning rate is now 0.010000
2023-12-14 22:09:38,648 | [INFO] : New learning rate: 0.009000000000000001
2023-12-14 22:09:40,334 | [DEBUG] : Current model size: 29336 parameters
2023-12-14 22:09:40,334 | [DEBUG] : Current training mode: increased
2023-12-14 22:09:40,334 | [INFO] : no layers were added
2023-12-14 22:09:40,335 | [DEBUG] : Model size was changed to 29336 parameters
2023-12-14 22:09:40,335 | [DEBUG] : Learning rate is now 0.010000
2023-12-14 22:09:50,202 | [INFO] : New learning rate: 0.009000000000000001
2023-12-14 22:09:51,891 | [DEBUG] : Current model size: 29336 parameters
2023-12-14 22:09:51,891 | [DEBUG] : Current training mode: increased
2023-12-14 22:09:51,891 | [INFO] : no layers were added
2023-12-14 22:09:51,892 | [DEBUG] : Model size was changed to 29336 parameters
2023-12-14 22:09:51,892 | [DEBUG] : Learning rate is now 0.010000
2023-12-14 22:10:01,781 | [INFO] : New learning rate: 0.009000000000000001
2023-12-14 22:10:03,474 | [DEBUG] : Current model size: 29336 parameters
2023-12-14 22:10:03,474 | [DEBUG] : Current training mode: increased
2023-12-14 22:10:03,474 | [INFO] : no layers were added
2023-12-14 22:10:03,474 | [DEBUG] : Model size was changed to 29336 parameters
2023-12-14 22:10:03,474 | [DEBUG] : Learning rate is now 0.010000
2023-12-14 22:10:13,373 | [INFO] : New learning rate: 0.009000000000000001
2023-12-14 22:10:15,067 | [DEBUG] : Current model size: 29336 parameters
2023-12-14 22:10:15,067 | [DEBUG] : Current training mode: increased
2023-12-14 22:10:15,068 | [INFO] : no layers were added
2023-12-14 22:10:15,068 | [DEBUG] : Model size was changed to 29336 parameters
2023-12-14 22:10:15,068 | [DEBUG] : Learning rate is now 0.010000
2023-12-14 22:10:25,039 | [INFO] : New learning rate: 0.009000000000000001
2023-12-14 22:10:26,737 | [DEBUG] : Current model size: 29336 parameters
2023-12-14 22:10:26,737 | [DEBUG] : Current training mode: increased
2023-12-14 22:10:26,737 | [INFO] : no layers were added
2023-12-14 22:10:26,738 | [DEBUG] : Model size was changed to 29336 parameters
2023-12-14 22:10:26,738 | [DEBUG] : Learning rate is now 0.010000
2023-12-14 22:10:28,315 | [INFO] : training has run out of time
2023-12-14 22:10:28,317 | [INFO] : training22 runtime (h:mm:ss): 0:03:21
2023-12-14 22:10:28,317 | [INFO] : training22 end time: 12/14/2023 10:10:28 PM
2023-12-14 22:10:28,317 | [INFO] : episode 23/64 finished, objective: None
