2023-12-14 23:50:51,833 | [INFO] : training53 start time: 12/14/2023 11:50:51 PM
2023-12-14 23:50:51,836 | [INFO] : Initialized model with weights: results/small_middle2/weights.pth
2023-12-14 23:50:51,836 | [DEBUG] : Current model size: 10602 parameters
2023-12-14 23:50:51,836 | [DEBUG] : Current training mode: initial
2023-12-14 23:50:51,851 | [INFO] : GPU allocation changing : going up
2023-12-14 23:50:51,853 | [DEBUG] : Current model size: 10602 parameters
2023-12-14 23:50:51,853 | [DEBUG] : Current training mode: increased
2023-12-14 23:50:51,853 | [INFO] : no layers were added
2023-12-14 23:50:51,853 | [DEBUG] : Model size was changed to 10602 parameters
2023-12-14 23:50:51,853 | [DEBUG] : Learning rate is now 0.010000
2023-12-14 23:51:01,923 | [INFO] : New learning rate: 0.009000000000000001
2023-12-14 23:51:03,828 | [DEBUG] : Current model size: 10602 parameters
2023-12-14 23:51:03,828 | [DEBUG] : Current training mode: increased
2023-12-14 23:51:03,830 | [INFO] : deepening layer 1/3: Conv2d(32, 32, kernel_size=(3, 3), stride=(1, 1))
2023-12-14 23:51:03,830 | [DEBUG] : Model size was changed to 19914 parameters
2023-12-14 23:51:03,830 | [DEBUG] : Learning rate is now 0.010000
2023-12-14 23:51:13,978 | [INFO] : New learning rate: 0.009000000000000001
2023-12-14 23:51:15,870 | [DEBUG] : Current model size: 19914 parameters
2023-12-14 23:51:15,871 | [DEBUG] : Current training mode: increased
2023-12-14 23:51:15,872 | [INFO] : deepening layer 1/3: Conv2d(32, 32, kernel_size=(3, 3), stride=(1, 1))
2023-12-14 23:51:15,873 | [DEBUG] : Model size was changed to 29226 parameters
2023-12-14 23:51:15,873 | [DEBUG] : Learning rate is now 0.010000
2023-12-14 23:51:26,280 | [INFO] : New learning rate: 0.009000000000000001
2023-12-14 23:51:28,265 | [DEBUG] : Current model size: 29226 parameters
2023-12-14 23:51:28,266 | [DEBUG] : Current training mode: increased
2023-12-14 23:51:28,266 | [INFO] : no layers were added
2023-12-14 23:51:28,266 | [DEBUG] : Model size was changed to 29226 parameters
2023-12-14 23:51:28,266 | [DEBUG] : Learning rate is now 0.010000
2023-12-14 23:51:38,791 | [INFO] : New learning rate: 0.009000000000000001
2023-12-14 23:51:40,813 | [DEBUG] : Current model size: 29226 parameters
2023-12-14 23:51:40,813 | [DEBUG] : Current training mode: increased
2023-12-14 23:51:40,813 | [INFO] : no layers were added
2023-12-14 23:51:40,814 | [DEBUG] : Model size was changed to 29226 parameters
2023-12-14 23:51:40,814 | [DEBUG] : Learning rate is now 0.010000
2023-12-14 23:51:51,401 | [INFO] : New learning rate: 0.009000000000000001
2023-12-14 23:51:53,434 | [DEBUG] : Current model size: 29226 parameters
2023-12-14 23:51:53,435 | [DEBUG] : Current training mode: increased
2023-12-14 23:51:53,435 | [INFO] : no layers were added
2023-12-14 23:51:53,435 | [DEBUG] : Model size was changed to 29226 parameters
2023-12-14 23:51:53,435 | [DEBUG] : Learning rate is now 0.010000
2023-12-14 23:52:03,930 | [INFO] : New learning rate: 0.009000000000000001
2023-12-14 23:52:05,835 | [DEBUG] : Current model size: 29226 parameters
2023-12-14 23:52:05,835 | [DEBUG] : Current training mode: increased
2023-12-14 23:52:05,835 | [INFO] : no layers were added
2023-12-14 23:52:05,836 | [DEBUG] : Model size was changed to 29226 parameters
2023-12-14 23:52:05,836 | [DEBUG] : Learning rate is now 0.010000
2023-12-14 23:52:16,394 | [INFO] : New learning rate: 0.009000000000000001
2023-12-14 23:52:18,295 | [DEBUG] : Current model size: 29226 parameters
2023-12-14 23:52:18,296 | [DEBUG] : Current training mode: increased
2023-12-14 23:52:18,296 | [INFO] : no layers were added
2023-12-14 23:52:18,296 | [DEBUG] : Model size was changed to 29226 parameters
2023-12-14 23:52:18,296 | [DEBUG] : Learning rate is now 0.010000
2023-12-14 23:52:28,858 | [INFO] : New learning rate: 0.009000000000000001
2023-12-14 23:52:30,840 | [DEBUG] : Current model size: 29226 parameters
2023-12-14 23:52:30,840 | [DEBUG] : Current training mode: increased
2023-12-14 23:52:30,841 | [INFO] : no layers were added
2023-12-14 23:52:30,841 | [DEBUG] : Model size was changed to 29226 parameters
2023-12-14 23:52:30,841 | [DEBUG] : Learning rate is now 0.010000
2023-12-14 23:52:41,221 | [INFO] : New learning rate: 0.009000000000000001
2023-12-14 23:52:43,117 | [DEBUG] : Current model size: 29226 parameters
2023-12-14 23:52:43,117 | [DEBUG] : Current training mode: increased
2023-12-14 23:52:43,118 | [INFO] : no layers were added
2023-12-14 23:52:43,118 | [DEBUG] : Model size was changed to 29226 parameters
2023-12-14 23:52:43,118 | [DEBUG] : Learning rate is now 0.010000
2023-12-14 23:52:53,498 | [INFO] : New learning rate: 0.009000000000000001
2023-12-14 23:52:55,499 | [DEBUG] : Current model size: 29226 parameters
2023-12-14 23:52:55,499 | [DEBUG] : Current training mode: increased
2023-12-14 23:52:55,499 | [INFO] : no layers were added
2023-12-14 23:52:55,500 | [DEBUG] : Model size was changed to 29226 parameters
2023-12-14 23:52:55,500 | [DEBUG] : Learning rate is now 0.010000
2023-12-14 23:53:05,898 | [INFO] : New learning rate: 0.009000000000000001
2023-12-14 23:53:07,814 | [DEBUG] : Current model size: 29226 parameters
2023-12-14 23:53:07,814 | [DEBUG] : Current training mode: increased
2023-12-14 23:53:07,814 | [INFO] : no layers were added
2023-12-14 23:53:07,814 | [DEBUG] : Model size was changed to 29226 parameters
2023-12-14 23:53:07,814 | [DEBUG] : Learning rate is now 0.010000
2023-12-14 23:53:18,306 | [INFO] : New learning rate: 0.009000000000000001
2023-12-14 23:53:20,370 | [DEBUG] : Current model size: 29226 parameters
2023-12-14 23:53:20,370 | [DEBUG] : Current training mode: increased
2023-12-14 23:53:20,370 | [INFO] : no layers were added
2023-12-14 23:53:20,371 | [DEBUG] : Model size was changed to 29226 parameters
2023-12-14 23:53:20,371 | [DEBUG] : Learning rate is now 0.010000
2023-12-14 23:53:30,798 | [INFO] : New learning rate: 0.009000000000000001
2023-12-14 23:53:32,700 | [DEBUG] : Current model size: 29226 parameters
2023-12-14 23:53:32,700 | [DEBUG] : Current training mode: increased
2023-12-14 23:53:32,701 | [INFO] : no layers were added
2023-12-14 23:53:32,701 | [DEBUG] : Model size was changed to 29226 parameters
2023-12-14 23:53:32,701 | [DEBUG] : Learning rate is now 0.010000
2023-12-14 23:53:43,099 | [INFO] : New learning rate: 0.009000000000000001
2023-12-14 23:53:45,058 | [DEBUG] : Current model size: 29226 parameters
2023-12-14 23:53:45,058 | [DEBUG] : Current training mode: increased
2023-12-14 23:53:45,058 | [INFO] : no layers were added
2023-12-14 23:53:45,059 | [DEBUG] : Model size was changed to 29226 parameters
2023-12-14 23:53:45,059 | [DEBUG] : Learning rate is now 0.010000
2023-12-14 23:53:55,383 | [INFO] : New learning rate: 0.009000000000000001
2023-12-14 23:53:57,334 | [DEBUG] : Current model size: 29226 parameters
2023-12-14 23:53:57,335 | [DEBUG] : Current training mode: increased
2023-12-14 23:53:57,335 | [INFO] : no layers were added
2023-12-14 23:53:57,335 | [DEBUG] : Model size was changed to 29226 parameters
2023-12-14 23:53:57,335 | [DEBUG] : Learning rate is now 0.010000
2023-12-14 23:54:07,840 | [INFO] : New learning rate: 0.009000000000000001
2023-12-14 23:54:09,816 | [DEBUG] : Current model size: 29226 parameters
2023-12-14 23:54:09,816 | [DEBUG] : Current training mode: increased
2023-12-14 23:54:09,816 | [INFO] : no layers were added
2023-12-14 23:54:09,817 | [DEBUG] : Model size was changed to 29226 parameters
2023-12-14 23:54:09,817 | [DEBUG] : Learning rate is now 0.010000
2023-12-14 23:54:11,846 | [INFO] : training has run out of time
2023-12-14 23:54:11,848 | [INFO] : training53 runtime (h:mm:ss): 0:03:21
2023-12-14 23:54:11,848 | [INFO] : training53 end time: 12/14/2023 11:54:11 PM
2023-12-14 23:54:11,848 | [INFO] : episode 54/64 finished, objective: None
