2023-12-14 21:10:15,286 | [INFO] : training05 start time: 12/14/2023 09:10:15 PM
2023-12-14 21:10:15,289 | [INFO] : Initialized model with weights: results/small_middle2/weights.pth
2023-12-14 21:10:15,289 | [DEBUG] : Current model size: 10602 parameters
2023-12-14 21:10:15,289 | [DEBUG] : Current training mode: initial
2023-12-14 21:10:15,303 | [INFO] : GPU allocation changing : going up
2023-12-14 21:10:15,305 | [DEBUG] : Current model size: 10602 parameters
2023-12-14 21:10:15,305 | [DEBUG] : Current training mode: increased
2023-12-14 21:10:15,307 | [INFO] : deepening layer 0/3: Conv2d(3, 32, kernel_size=(3, 3), stride=(1, 1))
2023-12-14 21:10:15,307 | [DEBUG] : Model size was changed to 19914 parameters
2023-12-14 21:10:15,307 | [DEBUG] : Learning rate is now 0.010000
2023-12-14 21:10:24,918 | [INFO] : New learning rate: 0.009000000000000001
2023-12-14 21:10:26,608 | [DEBUG] : Current model size: 19914 parameters
2023-12-14 21:10:26,609 | [DEBUG] : Current training mode: increased
2023-12-14 21:10:26,610 | [INFO] : deepening layer 1/3: Conv2d(32, 32, kernel_size=(3, 3), stride=(1, 1))
2023-12-14 21:10:26,610 | [DEBUG] : Model size was changed to 29226 parameters
2023-12-14 21:10:26,610 | [DEBUG] : Learning rate is now 0.010000
2023-12-14 21:10:36,566 | [INFO] : New learning rate: 0.009000000000000001
2023-12-14 21:10:38,290 | [DEBUG] : Current model size: 29226 parameters
2023-12-14 21:10:38,290 | [DEBUG] : Current training mode: increased
2023-12-14 21:10:38,291 | [INFO] : deepening layer 1/3: Conv2d(32, 32, kernel_size=(3, 3), stride=(1, 1))
2023-12-14 21:10:38,292 | [DEBUG] : Model size was changed to 38538 parameters
2023-12-14 21:10:38,292 | [DEBUG] : Learning rate is now 0.010000
2023-12-14 21:10:48,401 | [INFO] : New learning rate: 0.009000000000000001
2023-12-14 21:10:50,122 | [DEBUG] : Current model size: 38538 parameters
2023-12-14 21:10:50,122 | [DEBUG] : Current training mode: increased
2023-12-14 21:10:50,122 | [INFO] : no layers were added
2023-12-14 21:10:50,123 | [DEBUG] : Model size was changed to 38538 parameters
2023-12-14 21:10:50,123 | [DEBUG] : Learning rate is now 0.010000
2023-12-14 21:11:00,227 | [INFO] : New learning rate: 0.009000000000000001
2023-12-14 21:11:01,986 | [DEBUG] : Current model size: 38538 parameters
2023-12-14 21:11:01,986 | [DEBUG] : Current training mode: increased
2023-12-14 21:11:01,986 | [INFO] : no layers were added
2023-12-14 21:11:01,986 | [DEBUG] : Model size was changed to 38538 parameters
2023-12-14 21:11:01,986 | [DEBUG] : Learning rate is now 0.010000
2023-12-14 21:11:12,151 | [INFO] : New learning rate: 0.009000000000000001
2023-12-14 21:11:13,848 | [DEBUG] : Current model size: 38538 parameters
2023-12-14 21:11:13,848 | [DEBUG] : Current training mode: increased
2023-12-14 21:11:13,849 | [INFO] : no layers were added
2023-12-14 21:11:13,849 | [DEBUG] : Model size was changed to 38538 parameters
2023-12-14 21:11:13,849 | [DEBUG] : Learning rate is now 0.010000
2023-12-14 21:11:23,934 | [INFO] : New learning rate: 0.009000000000000001
2023-12-14 21:11:25,664 | [DEBUG] : Current model size: 38538 parameters
2023-12-14 21:11:25,664 | [DEBUG] : Current training mode: increased
2023-12-14 21:11:25,664 | [INFO] : no layers were added
2023-12-14 21:11:25,664 | [DEBUG] : Model size was changed to 38538 parameters
2023-12-14 21:11:25,664 | [DEBUG] : Learning rate is now 0.010000
2023-12-14 21:11:35,761 | [INFO] : New learning rate: 0.009000000000000001
2023-12-14 21:11:37,484 | [DEBUG] : Current model size: 38538 parameters
2023-12-14 21:11:37,484 | [DEBUG] : Current training mode: increased
2023-12-14 21:11:37,485 | [INFO] : no layers were added
2023-12-14 21:11:37,485 | [DEBUG] : Model size was changed to 38538 parameters
2023-12-14 21:11:37,485 | [DEBUG] : Learning rate is now 0.010000
2023-12-14 21:11:47,783 | [INFO] : New learning rate: 0.009000000000000001
2023-12-14 21:11:49,497 | [DEBUG] : Current model size: 38538 parameters
2023-12-14 21:11:49,497 | [DEBUG] : Current training mode: increased
2023-12-14 21:11:49,498 | [INFO] : no layers were added
2023-12-14 21:11:49,498 | [DEBUG] : Model size was changed to 38538 parameters
2023-12-14 21:11:49,498 | [DEBUG] : Learning rate is now 0.010000
2023-12-14 21:11:59,846 | [INFO] : New learning rate: 0.009000000000000001
2023-12-14 21:12:01,554 | [DEBUG] : Current model size: 38538 parameters
2023-12-14 21:12:01,554 | [DEBUG] : Current training mode: increased
2023-12-14 21:12:01,554 | [INFO] : no layers were added
2023-12-14 21:12:01,555 | [DEBUG] : Model size was changed to 38538 parameters
2023-12-14 21:12:01,555 | [DEBUG] : Learning rate is now 0.010000
2023-12-14 21:12:11,858 | [INFO] : New learning rate: 0.009000000000000001
2023-12-14 21:12:13,568 | [DEBUG] : Current model size: 38538 parameters
2023-12-14 21:12:13,568 | [DEBUG] : Current training mode: increased
2023-12-14 21:12:13,569 | [INFO] : no layers were added
2023-12-14 21:12:13,569 | [DEBUG] : Model size was changed to 38538 parameters
2023-12-14 21:12:13,569 | [DEBUG] : Learning rate is now 0.010000
2023-12-14 21:12:23,641 | [INFO] : New learning rate: 0.009000000000000001
2023-12-14 21:12:25,354 | [DEBUG] : Current model size: 38538 parameters
2023-12-14 21:12:25,354 | [DEBUG] : Current training mode: increased
2023-12-14 21:12:25,354 | [INFO] : no layers were added
2023-12-14 21:12:25,355 | [DEBUG] : Model size was changed to 38538 parameters
2023-12-14 21:12:25,355 | [DEBUG] : Learning rate is now 0.010000
2023-12-14 21:12:35,460 | [INFO] : New learning rate: 0.009000000000000001
2023-12-14 21:12:37,171 | [DEBUG] : Current model size: 38538 parameters
2023-12-14 21:12:37,171 | [DEBUG] : Current training mode: increased
2023-12-14 21:12:37,171 | [INFO] : no layers were added
2023-12-14 21:12:37,172 | [DEBUG] : Model size was changed to 38538 parameters
2023-12-14 21:12:37,172 | [DEBUG] : Learning rate is now 0.010000
2023-12-14 21:12:47,360 | [INFO] : New learning rate: 0.009000000000000001
2023-12-14 21:12:49,265 | [DEBUG] : Current model size: 38538 parameters
2023-12-14 21:12:49,265 | [DEBUG] : Current training mode: increased
2023-12-14 21:12:49,265 | [INFO] : no layers were added
2023-12-14 21:12:49,266 | [DEBUG] : Model size was changed to 38538 parameters
2023-12-14 21:12:49,266 | [DEBUG] : Learning rate is now 0.010000
2023-12-14 21:12:59,455 | [INFO] : New learning rate: 0.009000000000000001
2023-12-14 21:13:01,316 | [DEBUG] : Current model size: 38538 parameters
2023-12-14 21:13:01,316 | [DEBUG] : Current training mode: increased
2023-12-14 21:13:01,316 | [INFO] : no layers were added
2023-12-14 21:13:01,317 | [DEBUG] : Model size was changed to 38538 parameters
2023-12-14 21:13:01,317 | [DEBUG] : Learning rate is now 0.010000
2023-12-14 21:13:11,509 | [INFO] : New learning rate: 0.009000000000000001
2023-12-14 21:13:13,213 | [DEBUG] : Current model size: 38538 parameters
2023-12-14 21:13:13,213 | [DEBUG] : Current training mode: increased
2023-12-14 21:13:13,213 | [INFO] : no layers were added
2023-12-14 21:13:13,213 | [DEBUG] : Model size was changed to 38538 parameters
2023-12-14 21:13:13,213 | [DEBUG] : Learning rate is now 0.010000
2023-12-14 21:13:23,440 | [INFO] : New learning rate: 0.009000000000000001
2023-12-14 21:13:25,146 | [DEBUG] : Current model size: 38538 parameters
2023-12-14 21:13:25,146 | [DEBUG] : Current training mode: increased
2023-12-14 21:13:25,146 | [INFO] : no layers were added
2023-12-14 21:13:25,146 | [DEBUG] : Model size was changed to 38538 parameters
2023-12-14 21:13:25,146 | [DEBUG] : Learning rate is now 0.010000
2023-12-14 21:13:35,296 | [INFO] : training has run out of time
2023-12-14 21:13:35,297 | [INFO] : training05 runtime (h:mm:ss): 0:03:21
2023-12-14 21:13:35,297 | [INFO] : training05 end time: 12/14/2023 09:13:35 PM
2023-12-14 21:13:35,297 | [INFO] : episode 6/64 finished, objective: None
