2023-12-14 22:13:49,779 | [INFO] : training24 start time: 12/14/2023 10:13:49 PM
2023-12-14 22:13:49,782 | [INFO] : Initialized model with weights: results/small_middle2/weights.pth
2023-12-14 22:13:49,782 | [DEBUG] : Current model size: 10602 parameters
2023-12-14 22:13:49,782 | [DEBUG] : Current training mode: initial
2023-12-14 22:13:49,796 | [INFO] : GPU allocation changing : going up
2023-12-14 22:13:49,798 | [DEBUG] : Current model size: 10602 parameters
2023-12-14 22:13:49,798 | [DEBUG] : Current training mode: increased
2023-12-14 22:13:49,868 | [INFO] : deepening layer 1/3: Conv2d(32, 32, kernel_size=(3, 3), stride=(1, 1))
2023-12-14 22:13:49,869 | [DEBUG] : Model size was changed to 19914 parameters
2023-12-14 22:13:49,869 | [DEBUG] : Learning rate is now 0.010000
2023-12-14 22:13:59,592 | [INFO] : New learning rate: 0.009000000000000001
2023-12-14 22:14:01,360 | [DEBUG] : Current model size: 19914 parameters
2023-12-14 22:14:01,360 | [DEBUG] : Current training mode: increased
2023-12-14 22:14:01,361 | [INFO] : deepening layer 2/3: Linear(in_features=32, out_features=10, bias=True)
2023-12-14 22:14:01,362 | [DEBUG] : Model size was changed to 20024 parameters
2023-12-14 22:14:01,362 | [DEBUG] : Learning rate is now 0.010000
2023-12-14 22:14:11,217 | [INFO] : New learning rate: 0.009000000000000001
2023-12-14 22:14:12,895 | [DEBUG] : Current model size: 20024 parameters
2023-12-14 22:14:12,895 | [DEBUG] : Current training mode: increased
2023-12-14 22:14:12,897 | [INFO] : deepening layer 0/3: Conv2d(3, 32, kernel_size=(3, 3), stride=(1, 1))
2023-12-14 22:14:12,897 | [DEBUG] : Model size was changed to 29336 parameters
2023-12-14 22:14:12,897 | [DEBUG] : Learning rate is now 0.010000
2023-12-14 22:14:23,224 | [INFO] : New learning rate: 0.009000000000000001
2023-12-14 22:14:24,932 | [DEBUG] : Current model size: 29336 parameters
2023-12-14 22:14:24,932 | [DEBUG] : Current training mode: increased
2023-12-14 22:14:24,932 | [INFO] : no layers were added
2023-12-14 22:14:24,933 | [DEBUG] : Model size was changed to 29336 parameters
2023-12-14 22:14:24,933 | [DEBUG] : Learning rate is now 0.010000
2023-12-14 22:14:34,834 | [INFO] : New learning rate: 0.009000000000000001
2023-12-14 22:14:36,533 | [DEBUG] : Current model size: 29336 parameters
2023-12-14 22:14:36,533 | [DEBUG] : Current training mode: increased
2023-12-14 22:14:36,533 | [INFO] : no layers were added
2023-12-14 22:14:36,533 | [DEBUG] : Model size was changed to 29336 parameters
2023-12-14 22:14:36,533 | [DEBUG] : Learning rate is now 0.010000
2023-12-14 22:14:46,651 | [INFO] : New learning rate: 0.009000000000000001
2023-12-14 22:14:48,345 | [DEBUG] : Current model size: 29336 parameters
2023-12-14 22:14:48,345 | [DEBUG] : Current training mode: increased
2023-12-14 22:14:48,345 | [INFO] : no layers were added
2023-12-14 22:14:48,345 | [DEBUG] : Model size was changed to 29336 parameters
2023-12-14 22:14:48,345 | [DEBUG] : Learning rate is now 0.010000
2023-12-14 22:14:58,390 | [INFO] : New learning rate: 0.009000000000000001
2023-12-14 22:15:00,090 | [DEBUG] : Current model size: 29336 parameters
2023-12-14 22:15:00,090 | [DEBUG] : Current training mode: increased
2023-12-14 22:15:00,091 | [INFO] : no layers were added
2023-12-14 22:15:00,091 | [DEBUG] : Model size was changed to 29336 parameters
2023-12-14 22:15:00,091 | [DEBUG] : Learning rate is now 0.010000
2023-12-14 22:15:10,124 | [INFO] : New learning rate: 0.009000000000000001
2023-12-14 22:15:11,911 | [DEBUG] : Current model size: 29336 parameters
2023-12-14 22:15:11,911 | [DEBUG] : Current training mode: increased
2023-12-14 22:15:11,911 | [INFO] : no layers were added
2023-12-14 22:15:11,912 | [DEBUG] : Model size was changed to 29336 parameters
2023-12-14 22:15:11,912 | [DEBUG] : Learning rate is now 0.010000
2023-12-14 22:15:22,476 | [INFO] : New learning rate: 0.009000000000000001
2023-12-14 22:15:24,233 | [DEBUG] : Current model size: 29336 parameters
2023-12-14 22:15:24,233 | [DEBUG] : Current training mode: increased
2023-12-14 22:15:24,233 | [INFO] : no layers were added
2023-12-14 22:15:24,234 | [DEBUG] : Model size was changed to 29336 parameters
2023-12-14 22:15:24,234 | [DEBUG] : Learning rate is now 0.010000
2023-12-14 22:15:34,364 | [INFO] : New learning rate: 0.009000000000000001
2023-12-14 22:15:36,059 | [DEBUG] : Current model size: 29336 parameters
2023-12-14 22:15:36,059 | [DEBUG] : Current training mode: increased
2023-12-14 22:15:36,059 | [INFO] : no layers were added
2023-12-14 22:15:36,060 | [DEBUG] : Model size was changed to 29336 parameters
2023-12-14 22:15:36,060 | [DEBUG] : Learning rate is now 0.010000
2023-12-14 22:15:45,942 | [INFO] : New learning rate: 0.009000000000000001
2023-12-14 22:15:47,696 | [DEBUG] : Current model size: 29336 parameters
2023-12-14 22:15:47,696 | [DEBUG] : Current training mode: increased
2023-12-14 22:15:47,696 | [INFO] : no layers were added
2023-12-14 22:15:47,696 | [DEBUG] : Model size was changed to 29336 parameters
2023-12-14 22:15:47,696 | [DEBUG] : Learning rate is now 0.010000
2023-12-14 22:15:57,546 | [INFO] : New learning rate: 0.009000000000000001
2023-12-14 22:15:59,238 | [DEBUG] : Current model size: 29336 parameters
2023-12-14 22:15:59,238 | [DEBUG] : Current training mode: increased
2023-12-14 22:15:59,238 | [INFO] : no layers were added
2023-12-14 22:15:59,238 | [DEBUG] : Model size was changed to 29336 parameters
2023-12-14 22:15:59,238 | [DEBUG] : Learning rate is now 0.010000
2023-12-14 22:16:09,125 | [INFO] : New learning rate: 0.009000000000000001
2023-12-14 22:16:10,826 | [DEBUG] : Current model size: 29336 parameters
2023-12-14 22:16:10,826 | [DEBUG] : Current training mode: increased
2023-12-14 22:16:10,826 | [INFO] : no layers were added
2023-12-14 22:16:10,827 | [DEBUG] : Model size was changed to 29336 parameters
2023-12-14 22:16:10,827 | [DEBUG] : Learning rate is now 0.010000
2023-12-14 22:16:20,828 | [INFO] : New learning rate: 0.009000000000000001
2023-12-14 22:16:22,623 | [DEBUG] : Current model size: 29336 parameters
2023-12-14 22:16:22,623 | [DEBUG] : Current training mode: increased
2023-12-14 22:16:22,623 | [INFO] : no layers were added
2023-12-14 22:16:22,624 | [DEBUG] : Model size was changed to 29336 parameters
2023-12-14 22:16:22,624 | [DEBUG] : Learning rate is now 0.010000
2023-12-14 22:16:32,636 | [INFO] : New learning rate: 0.009000000000000001
2023-12-14 22:16:34,340 | [DEBUG] : Current model size: 29336 parameters
2023-12-14 22:16:34,340 | [DEBUG] : Current training mode: increased
2023-12-14 22:16:34,340 | [INFO] : no layers were added
2023-12-14 22:16:34,340 | [DEBUG] : Model size was changed to 29336 parameters
2023-12-14 22:16:34,340 | [DEBUG] : Learning rate is now 0.010000
2023-12-14 22:16:44,351 | [INFO] : New learning rate: 0.009000000000000001
2023-12-14 22:16:46,042 | [DEBUG] : Current model size: 29336 parameters
2023-12-14 22:16:46,042 | [DEBUG] : Current training mode: increased
2023-12-14 22:16:46,042 | [INFO] : no layers were added
2023-12-14 22:16:46,043 | [DEBUG] : Model size was changed to 29336 parameters
2023-12-14 22:16:46,043 | [DEBUG] : Learning rate is now 0.010000
2023-12-14 22:16:55,948 | [INFO] : New learning rate: 0.009000000000000001
2023-12-14 22:16:57,629 | [DEBUG] : Current model size: 29336 parameters
2023-12-14 22:16:57,629 | [DEBUG] : Current training mode: increased
2023-12-14 22:16:57,629 | [INFO] : no layers were added
2023-12-14 22:16:57,630 | [DEBUG] : Model size was changed to 29336 parameters
2023-12-14 22:16:57,630 | [DEBUG] : Learning rate is now 0.010000
2023-12-14 22:17:07,617 | [INFO] : New learning rate: 0.009000000000000001
2023-12-14 22:17:09,404 | [DEBUG] : Current model size: 29336 parameters
2023-12-14 22:17:09,405 | [DEBUG] : Current training mode: increased
2023-12-14 22:17:09,405 | [INFO] : no layers were added
2023-12-14 22:17:09,405 | [DEBUG] : Model size was changed to 29336 parameters
2023-12-14 22:17:09,405 | [DEBUG] : Learning rate is now 0.010000
2023-12-14 22:17:09,794 | [INFO] : training has run out of time
2023-12-14 22:17:09,796 | [INFO] : training24 runtime (h:mm:ss): 0:03:21
2023-12-14 22:17:09,796 | [INFO] : training24 end time: 12/14/2023 10:17:09 PM
2023-12-14 22:17:09,796 | [INFO] : episode 25/64 finished, objective: None
