2023-12-14 21:20:17,885 | [INFO] : training08 start time: 12/14/2023 09:20:17 PM
2023-12-14 21:20:17,888 | [INFO] : Initialized model with weights: results/small_middle2/weights.pth
2023-12-14 21:20:17,888 | [DEBUG] : Current model size: 10602 parameters
2023-12-14 21:20:17,888 | [DEBUG] : Current training mode: initial
2023-12-14 21:20:17,903 | [INFO] : GPU allocation changing : going up
2023-12-14 21:20:17,905 | [DEBUG] : Current model size: 10602 parameters
2023-12-14 21:20:17,905 | [DEBUG] : Current training mode: increased
2023-12-14 21:20:17,907 | [INFO] : deepening layer 0/3: Conv2d(3, 32, kernel_size=(3, 3), stride=(1, 1))
2023-12-14 21:20:17,907 | [DEBUG] : Model size was changed to 19914 parameters
2023-12-14 21:20:17,907 | [DEBUG] : Learning rate is now 0.010000
2023-12-14 21:20:27,456 | [INFO] : New learning rate: 0.009000000000000001
2023-12-14 21:20:29,148 | [DEBUG] : Current model size: 19914 parameters
2023-12-14 21:20:29,148 | [DEBUG] : Current training mode: increased
2023-12-14 21:20:29,149 | [INFO] : deepening layer 2/3: Linear(in_features=32, out_features=10, bias=True)
2023-12-14 21:20:29,149 | [DEBUG] : Model size was changed to 20024 parameters
2023-12-14 21:20:29,149 | [DEBUG] : Learning rate is now 0.010000
2023-12-14 21:20:38,841 | [INFO] : New learning rate: 0.009000000000000001
2023-12-14 21:20:40,517 | [DEBUG] : Current model size: 20024 parameters
2023-12-14 21:20:40,517 | [DEBUG] : Current training mode: increased
2023-12-14 21:20:40,519 | [INFO] : deepening layer 0/3: Conv2d(3, 32, kernel_size=(3, 3), stride=(1, 1))
2023-12-14 21:20:40,519 | [DEBUG] : Model size was changed to 29336 parameters
2023-12-14 21:20:40,519 | [DEBUG] : Learning rate is now 0.010000
2023-12-14 21:20:50,676 | [INFO] : New learning rate: 0.009000000000000001
2023-12-14 21:20:52,453 | [DEBUG] : Current model size: 29336 parameters
2023-12-14 21:20:52,453 | [DEBUG] : Current training mode: increased
2023-12-14 21:20:52,454 | [INFO] : no layers were added
2023-12-14 21:20:52,454 | [DEBUG] : Model size was changed to 29336 parameters
2023-12-14 21:20:52,454 | [DEBUG] : Learning rate is now 0.010000
2023-12-14 21:21:02,541 | [INFO] : New learning rate: 0.009000000000000001
2023-12-14 21:21:04,288 | [DEBUG] : Current model size: 29336 parameters
2023-12-14 21:21:04,288 | [DEBUG] : Current training mode: increased
2023-12-14 21:21:04,288 | [INFO] : no layers were added
2023-12-14 21:21:04,289 | [DEBUG] : Model size was changed to 29336 parameters
2023-12-14 21:21:04,289 | [DEBUG] : Learning rate is now 0.010000
2023-12-14 21:21:14,520 | [INFO] : New learning rate: 0.009000000000000001
2023-12-14 21:21:16,209 | [DEBUG] : Current model size: 29336 parameters
2023-12-14 21:21:16,209 | [DEBUG] : Current training mode: increased
2023-12-14 21:21:16,209 | [INFO] : no layers were added
2023-12-14 21:21:16,210 | [DEBUG] : Model size was changed to 29336 parameters
2023-12-14 21:21:16,210 | [DEBUG] : Learning rate is now 0.010000
2023-12-14 21:21:26,179 | [INFO] : New learning rate: 0.009000000000000001
2023-12-14 21:21:27,986 | [DEBUG] : Current model size: 29336 parameters
2023-12-14 21:21:27,986 | [DEBUG] : Current training mode: increased
2023-12-14 21:21:27,986 | [INFO] : no layers were added
2023-12-14 21:21:27,986 | [DEBUG] : Model size was changed to 29336 parameters
2023-12-14 21:21:27,986 | [DEBUG] : Learning rate is now 0.010000
2023-12-14 21:21:38,114 | [INFO] : New learning rate: 0.009000000000000001
2023-12-14 21:21:39,830 | [DEBUG] : Current model size: 29336 parameters
2023-12-14 21:21:39,830 | [DEBUG] : Current training mode: increased
2023-12-14 21:21:39,830 | [INFO] : no layers were added
2023-12-14 21:21:39,831 | [DEBUG] : Model size was changed to 29336 parameters
2023-12-14 21:21:39,831 | [DEBUG] : Learning rate is now 0.010000
2023-12-14 21:21:49,833 | [INFO] : New learning rate: 0.009000000000000001
2023-12-14 21:21:51,549 | [DEBUG] : Current model size: 29336 parameters
2023-12-14 21:21:51,549 | [DEBUG] : Current training mode: increased
2023-12-14 21:21:51,549 | [INFO] : no layers were added
2023-12-14 21:21:51,549 | [DEBUG] : Model size was changed to 29336 parameters
2023-12-14 21:21:51,549 | [DEBUG] : Learning rate is now 0.010000
2023-12-14 21:22:01,461 | [INFO] : New learning rate: 0.009000000000000001
2023-12-14 21:22:03,229 | [DEBUG] : Current model size: 29336 parameters
2023-12-14 21:22:03,229 | [DEBUG] : Current training mode: increased
2023-12-14 21:22:03,229 | [INFO] : no layers were added
2023-12-14 21:22:03,230 | [DEBUG] : Model size was changed to 29336 parameters
2023-12-14 21:22:03,230 | [DEBUG] : Learning rate is now 0.010000
2023-12-14 21:22:13,139 | [INFO] : New learning rate: 0.009000000000000001
2023-12-14 21:22:14,850 | [DEBUG] : Current model size: 29336 parameters
2023-12-14 21:22:14,850 | [DEBUG] : Current training mode: increased
2023-12-14 21:22:14,850 | [INFO] : no layers were added
2023-12-14 21:22:14,851 | [DEBUG] : Model size was changed to 29336 parameters
2023-12-14 21:22:14,851 | [DEBUG] : Learning rate is now 0.010000
2023-12-14 21:22:24,878 | [INFO] : New learning rate: 0.009000000000000001
2023-12-14 21:22:26,660 | [DEBUG] : Current model size: 29336 parameters
2023-12-14 21:22:26,660 | [DEBUG] : Current training mode: increased
2023-12-14 21:22:26,660 | [INFO] : no layers were added
2023-12-14 21:22:26,661 | [DEBUG] : Model size was changed to 29336 parameters
2023-12-14 21:22:26,661 | [DEBUG] : Learning rate is now 0.010000
2023-12-14 21:22:36,544 | [INFO] : New learning rate: 0.009000000000000001
2023-12-14 21:22:38,240 | [DEBUG] : Current model size: 29336 parameters
2023-12-14 21:22:38,240 | [DEBUG] : Current training mode: increased
2023-12-14 21:22:38,240 | [INFO] : no layers were added
2023-12-14 21:22:38,240 | [DEBUG] : Model size was changed to 29336 parameters
2023-12-14 21:22:38,240 | [DEBUG] : Learning rate is now 0.010000
2023-12-14 21:22:48,205 | [INFO] : New learning rate: 0.009000000000000001
2023-12-14 21:22:49,921 | [DEBUG] : Current model size: 29336 parameters
2023-12-14 21:22:49,922 | [DEBUG] : Current training mode: increased
2023-12-14 21:22:49,922 | [INFO] : no layers were added
2023-12-14 21:22:49,922 | [DEBUG] : Model size was changed to 29336 parameters
2023-12-14 21:22:49,922 | [DEBUG] : Learning rate is now 0.010000
2023-12-14 21:22:59,848 | [INFO] : New learning rate: 0.009000000000000001
2023-12-14 21:23:01,590 | [DEBUG] : Current model size: 29336 parameters
2023-12-14 21:23:01,590 | [DEBUG] : Current training mode: increased
2023-12-14 21:23:01,590 | [INFO] : no layers were added
2023-12-14 21:23:01,591 | [DEBUG] : Model size was changed to 29336 parameters
2023-12-14 21:23:01,591 | [DEBUG] : Learning rate is now 0.010000
2023-12-14 21:23:11,536 | [INFO] : New learning rate: 0.009000000000000001
2023-12-14 21:23:13,237 | [DEBUG] : Current model size: 29336 parameters
2023-12-14 21:23:13,237 | [DEBUG] : Current training mode: increased
2023-12-14 21:23:13,237 | [INFO] : no layers were added
2023-12-14 21:23:13,238 | [DEBUG] : Model size was changed to 29336 parameters
2023-12-14 21:23:13,238 | [DEBUG] : Learning rate is now 0.010000
2023-12-14 21:23:23,190 | [INFO] : New learning rate: 0.009000000000000001
2023-12-14 21:23:24,914 | [DEBUG] : Current model size: 29336 parameters
2023-12-14 21:23:24,914 | [DEBUG] : Current training mode: increased
2023-12-14 21:23:24,914 | [INFO] : no layers were added
2023-12-14 21:23:24,915 | [DEBUG] : Model size was changed to 29336 parameters
2023-12-14 21:23:24,915 | [DEBUG] : Learning rate is now 0.010000
2023-12-14 21:23:34,860 | [INFO] : New learning rate: 0.009000000000000001
2023-12-14 21:23:36,580 | [DEBUG] : Current model size: 29336 parameters
2023-12-14 21:23:36,580 | [DEBUG] : Current training mode: increased
2023-12-14 21:23:36,580 | [INFO] : no layers were added
2023-12-14 21:23:36,580 | [DEBUG] : Model size was changed to 29336 parameters
2023-12-14 21:23:36,580 | [DEBUG] : Learning rate is now 0.010000
2023-12-14 21:23:37,896 | [INFO] : training has run out of time
2023-12-14 21:23:37,897 | [INFO] : training08 runtime (h:mm:ss): 0:03:21
2023-12-14 21:23:37,897 | [INFO] : training08 end time: 12/14/2023 09:23:37 PM
2023-12-14 21:23:37,897 | [INFO] : episode 9/64 finished, objective: None
