2023-12-14 21:30:20,063 | [INFO] : training11 start time: 12/14/2023 09:30:20 PM
2023-12-14 21:30:20,069 | [INFO] : Initialized model with weights: results/small_middle2/weights.pth
2023-12-14 21:30:20,069 | [DEBUG] : Current model size: 10602 parameters
2023-12-14 21:30:20,069 | [DEBUG] : Current training mode: initial
2023-12-14 21:30:20,086 | [INFO] : GPU allocation changing : going up
2023-12-14 21:30:20,088 | [DEBUG] : Current model size: 10602 parameters
2023-12-14 21:30:20,088 | [DEBUG] : Current training mode: increased
2023-12-14 21:30:20,090 | [INFO] : deepening layer 0/3: Conv2d(3, 32, kernel_size=(3, 3), stride=(1, 1))
2023-12-14 21:30:20,091 | [DEBUG] : Model size was changed to 19914 parameters
2023-12-14 21:30:20,091 | [DEBUG] : Learning rate is now 0.010000
2023-12-14 21:30:29,746 | [INFO] : New learning rate: 0.009000000000000001
2023-12-14 21:30:31,455 | [DEBUG] : Current model size: 19914 parameters
2023-12-14 21:30:31,455 | [DEBUG] : Current training mode: increased
2023-12-14 21:30:31,456 | [INFO] : deepening layer 2/3: Linear(in_features=32, out_features=10, bias=True)
2023-12-14 21:30:31,457 | [DEBUG] : Model size was changed to 20024 parameters
2023-12-14 21:30:31,457 | [DEBUG] : Learning rate is now 0.010000
2023-12-14 21:30:41,125 | [INFO] : New learning rate: 0.009000000000000001
2023-12-14 21:30:42,831 | [DEBUG] : Current model size: 20024 parameters
2023-12-14 21:30:42,831 | [DEBUG] : Current training mode: increased
2023-12-14 21:30:42,831 | [INFO] : no layers were added
2023-12-14 21:30:42,832 | [DEBUG] : Model size was changed to 20024 parameters
2023-12-14 21:30:42,832 | [DEBUG] : Learning rate is now 0.010000
2023-12-14 21:30:52,632 | [INFO] : New learning rate: 0.009000000000000001
2023-12-14 21:30:54,359 | [DEBUG] : Current model size: 20024 parameters
2023-12-14 21:30:54,359 | [DEBUG] : Current training mode: increased
2023-12-14 21:30:54,359 | [INFO] : no layers were added
2023-12-14 21:30:54,359 | [DEBUG] : Model size was changed to 20024 parameters
2023-12-14 21:30:54,359 | [DEBUG] : Learning rate is now 0.010000
2023-12-14 21:31:04,182 | [INFO] : New learning rate: 0.009000000000000001
2023-12-14 21:31:05,853 | [DEBUG] : Current model size: 20024 parameters
2023-12-14 21:31:05,853 | [DEBUG] : Current training mode: increased
2023-12-14 21:31:05,854 | [INFO] : no layers were added
2023-12-14 21:31:05,854 | [DEBUG] : Model size was changed to 20024 parameters
2023-12-14 21:31:05,854 | [DEBUG] : Learning rate is now 0.010000
2023-12-14 21:31:15,589 | [INFO] : New learning rate: 0.009000000000000001
2023-12-14 21:31:17,265 | [DEBUG] : Current model size: 20024 parameters
2023-12-14 21:31:17,265 | [DEBUG] : Current training mode: increased
2023-12-14 21:31:17,265 | [INFO] : no layers were added
2023-12-14 21:31:17,266 | [DEBUG] : Model size was changed to 20024 parameters
2023-12-14 21:31:17,266 | [DEBUG] : Learning rate is now 0.010000
2023-12-14 21:31:27,052 | [INFO] : New learning rate: 0.009000000000000001
2023-12-14 21:31:28,738 | [DEBUG] : Current model size: 20024 parameters
2023-12-14 21:31:28,738 | [DEBUG] : Current training mode: increased
2023-12-14 21:31:28,738 | [INFO] : no layers were added
2023-12-14 21:31:28,738 | [DEBUG] : Model size was changed to 20024 parameters
2023-12-14 21:31:28,739 | [DEBUG] : Learning rate is now 0.010000
2023-12-14 21:31:38,332 | [INFO] : New learning rate: 0.009000000000000001
2023-12-14 21:31:40,018 | [DEBUG] : Current model size: 20024 parameters
2023-12-14 21:31:40,018 | [DEBUG] : Current training mode: increased
2023-12-14 21:31:40,018 | [INFO] : no layers were added
2023-12-14 21:31:40,019 | [DEBUG] : Model size was changed to 20024 parameters
2023-12-14 21:31:40,019 | [DEBUG] : Learning rate is now 0.010000
2023-12-14 21:31:49,748 | [INFO] : New learning rate: 0.009000000000000001
2023-12-14 21:31:51,431 | [DEBUG] : Current model size: 20024 parameters
2023-12-14 21:31:51,431 | [DEBUG] : Current training mode: increased
2023-12-14 21:31:51,431 | [INFO] : no layers were added
2023-12-14 21:31:51,431 | [DEBUG] : Model size was changed to 20024 parameters
2023-12-14 21:31:51,431 | [DEBUG] : Learning rate is now 0.010000
2023-12-14 21:32:01,167 | [INFO] : New learning rate: 0.009000000000000001
2023-12-14 21:32:02,846 | [DEBUG] : Current model size: 20024 parameters
2023-12-14 21:32:02,846 | [DEBUG] : Current training mode: increased
2023-12-14 21:32:02,847 | [INFO] : no layers were added
2023-12-14 21:32:02,847 | [DEBUG] : Model size was changed to 20024 parameters
2023-12-14 21:32:02,847 | [DEBUG] : Learning rate is now 0.010000
2023-12-14 21:32:12,569 | [INFO] : New learning rate: 0.009000000000000001
2023-12-14 21:32:14,244 | [DEBUG] : Current model size: 20024 parameters
2023-12-14 21:32:14,244 | [DEBUG] : Current training mode: increased
2023-12-14 21:32:14,244 | [INFO] : no layers were added
2023-12-14 21:32:14,244 | [DEBUG] : Model size was changed to 20024 parameters
2023-12-14 21:32:14,244 | [DEBUG] : Learning rate is now 0.010000
2023-12-14 21:32:24,322 | [INFO] : New learning rate: 0.009000000000000001
2023-12-14 21:32:26,001 | [DEBUG] : Current model size: 20024 parameters
2023-12-14 21:32:26,001 | [DEBUG] : Current training mode: increased
2023-12-14 21:32:26,001 | [INFO] : no layers were added
2023-12-14 21:32:26,002 | [DEBUG] : Model size was changed to 20024 parameters
2023-12-14 21:32:26,002 | [DEBUG] : Learning rate is now 0.010000
2023-12-14 21:32:35,789 | [INFO] : New learning rate: 0.009000000000000001
2023-12-14 21:32:37,461 | [DEBUG] : Current model size: 20024 parameters
2023-12-14 21:32:37,461 | [DEBUG] : Current training mode: increased
2023-12-14 21:32:37,461 | [INFO] : no layers were added
2023-12-14 21:32:37,462 | [DEBUG] : Model size was changed to 20024 parameters
2023-12-14 21:32:37,462 | [DEBUG] : Learning rate is now 0.010000
2023-12-14 21:32:47,076 | [INFO] : New learning rate: 0.009000000000000001
2023-12-14 21:32:48,761 | [DEBUG] : Current model size: 20024 parameters
2023-12-14 21:32:48,761 | [DEBUG] : Current training mode: increased
2023-12-14 21:32:48,761 | [INFO] : no layers were added
2023-12-14 21:32:48,761 | [DEBUG] : Model size was changed to 20024 parameters
2023-12-14 21:32:48,761 | [DEBUG] : Learning rate is now 0.010000
2023-12-14 21:32:58,351 | [INFO] : New learning rate: 0.009000000000000001
2023-12-14 21:33:00,027 | [DEBUG] : Current model size: 20024 parameters
2023-12-14 21:33:00,027 | [DEBUG] : Current training mode: increased
2023-12-14 21:33:00,027 | [INFO] : no layers were added
2023-12-14 21:33:00,027 | [DEBUG] : Model size was changed to 20024 parameters
2023-12-14 21:33:00,027 | [DEBUG] : Learning rate is now 0.010000
2023-12-14 21:33:09,691 | [INFO] : New learning rate: 0.009000000000000001
2023-12-14 21:33:11,368 | [DEBUG] : Current model size: 20024 parameters
2023-12-14 21:33:11,368 | [DEBUG] : Current training mode: increased
2023-12-14 21:33:11,368 | [INFO] : no layers were added
2023-12-14 21:33:11,369 | [DEBUG] : Model size was changed to 20024 parameters
2023-12-14 21:33:11,369 | [DEBUG] : Learning rate is now 0.010000
2023-12-14 21:33:21,069 | [INFO] : New learning rate: 0.009000000000000001
2023-12-14 21:33:22,752 | [DEBUG] : Current model size: 20024 parameters
2023-12-14 21:33:22,752 | [DEBUG] : Current training mode: increased
2023-12-14 21:33:22,752 | [INFO] : no layers were added
2023-12-14 21:33:22,752 | [DEBUG] : Model size was changed to 20024 parameters
2023-12-14 21:33:22,752 | [DEBUG] : Learning rate is now 0.010000
2023-12-14 21:33:32,335 | [INFO] : New learning rate: 0.009000000000000001
2023-12-14 21:33:34,010 | [DEBUG] : Current model size: 20024 parameters
2023-12-14 21:33:34,010 | [DEBUG] : Current training mode: increased
2023-12-14 21:33:34,010 | [INFO] : no layers were added
2023-12-14 21:33:34,010 | [DEBUG] : Model size was changed to 20024 parameters
2023-12-14 21:33:34,011 | [DEBUG] : Learning rate is now 0.010000
2023-12-14 21:33:40,070 | [INFO] : training has run out of time
2023-12-14 21:33:40,071 | [INFO] : training11 runtime (h:mm:ss): 0:03:21
2023-12-14 21:33:40,071 | [INFO] : training11 end time: 12/14/2023 09:33:40 PM
2023-12-14 21:33:40,071 | [INFO] : episode 12/64 finished, objective: None
