2023-12-14 22:23:52,688 | [INFO] : training27 start time: 12/14/2023 10:23:52 PM
2023-12-14 22:23:52,690 | [INFO] : Initialized model with weights: results/small_middle2/weights.pth
2023-12-14 22:23:52,691 | [DEBUG] : Current model size: 10602 parameters
2023-12-14 22:23:52,691 | [DEBUG] : Current training mode: initial
2023-12-14 22:23:52,704 | [INFO] : GPU allocation changing : going up
2023-12-14 22:23:52,706 | [DEBUG] : Current model size: 10602 parameters
2023-12-14 22:23:52,706 | [DEBUG] : Current training mode: increased
2023-12-14 22:23:52,708 | [INFO] : deepening layer 1/3: Conv2d(32, 32, kernel_size=(3, 3), stride=(1, 1))
2023-12-14 22:23:52,708 | [DEBUG] : Model size was changed to 19914 parameters
2023-12-14 22:23:52,708 | [DEBUG] : Learning rate is now 0.010000
2023-12-14 22:24:02,407 | [INFO] : New learning rate: 0.009000000000000001
2023-12-14 22:24:04,104 | [DEBUG] : Current model size: 19914 parameters
2023-12-14 22:24:04,104 | [DEBUG] : Current training mode: increased
2023-12-14 22:24:04,105 | [INFO] : deepening layer 2/3: Linear(in_features=32, out_features=10, bias=True)
2023-12-14 22:24:04,106 | [DEBUG] : Model size was changed to 20024 parameters
2023-12-14 22:24:04,106 | [DEBUG] : Learning rate is now 0.010000
2023-12-14 22:24:13,960 | [INFO] : New learning rate: 0.009000000000000001
2023-12-14 22:24:15,656 | [DEBUG] : Current model size: 20024 parameters
2023-12-14 22:24:15,656 | [DEBUG] : Current training mode: increased
2023-12-14 22:24:15,656 | [INFO] : no layers were added
2023-12-14 22:24:15,656 | [DEBUG] : Model size was changed to 20024 parameters
2023-12-14 22:24:15,656 | [DEBUG] : Learning rate is now 0.010000
2023-12-14 22:24:25,619 | [INFO] : New learning rate: 0.009000000000000001
2023-12-14 22:24:27,301 | [DEBUG] : Current model size: 20024 parameters
2023-12-14 22:24:27,301 | [DEBUG] : Current training mode: increased
2023-12-14 22:24:27,302 | [INFO] : no layers were added
2023-12-14 22:24:27,302 | [DEBUG] : Model size was changed to 20024 parameters
2023-12-14 22:24:27,302 | [DEBUG] : Learning rate is now 0.010000
2023-12-14 22:24:36,982 | [INFO] : New learning rate: 0.009000000000000001
2023-12-14 22:24:38,715 | [DEBUG] : Current model size: 20024 parameters
2023-12-14 22:24:38,715 | [DEBUG] : Current training mode: increased
2023-12-14 22:24:38,715 | [INFO] : no layers were added
2023-12-14 22:24:38,716 | [DEBUG] : Model size was changed to 20024 parameters
2023-12-14 22:24:38,716 | [DEBUG] : Learning rate is now 0.010000
2023-12-14 22:24:48,519 | [INFO] : New learning rate: 0.009000000000000001
2023-12-14 22:24:50,223 | [DEBUG] : Current model size: 20024 parameters
2023-12-14 22:24:50,223 | [DEBUG] : Current training mode: increased
2023-12-14 22:24:50,223 | [INFO] : no layers were added
2023-12-14 22:24:50,223 | [DEBUG] : Model size was changed to 20024 parameters
2023-12-14 22:24:50,223 | [DEBUG] : Learning rate is now 0.010000
2023-12-14 22:25:00,173 | [INFO] : New learning rate: 0.009000000000000001
2023-12-14 22:25:01,865 | [DEBUG] : Current model size: 20024 parameters
2023-12-14 22:25:01,865 | [DEBUG] : Current training mode: increased
2023-12-14 22:25:01,865 | [INFO] : no layers were added
2023-12-14 22:25:01,866 | [DEBUG] : Model size was changed to 20024 parameters
2023-12-14 22:25:01,866 | [DEBUG] : Learning rate is now 0.010000
2023-12-14 22:25:11,787 | [INFO] : New learning rate: 0.009000000000000001
2023-12-14 22:25:13,510 | [DEBUG] : Current model size: 20024 parameters
2023-12-14 22:25:13,510 | [DEBUG] : Current training mode: increased
2023-12-14 22:25:13,510 | [INFO] : no layers were added
2023-12-14 22:25:13,511 | [DEBUG] : Model size was changed to 20024 parameters
2023-12-14 22:25:13,511 | [DEBUG] : Learning rate is now 0.010000
2023-12-14 22:25:23,166 | [INFO] : New learning rate: 0.009000000000000001
2023-12-14 22:25:24,856 | [DEBUG] : Current model size: 20024 parameters
2023-12-14 22:25:24,857 | [DEBUG] : Current training mode: increased
2023-12-14 22:25:24,857 | [INFO] : no layers were added
2023-12-14 22:25:24,857 | [DEBUG] : Model size was changed to 20024 parameters
2023-12-14 22:25:24,857 | [DEBUG] : Learning rate is now 0.010000
2023-12-14 22:25:34,478 | [INFO] : New learning rate: 0.009000000000000001
2023-12-14 22:25:36,176 | [DEBUG] : Current model size: 20024 parameters
2023-12-14 22:25:36,176 | [DEBUG] : Current training mode: increased
2023-12-14 22:25:36,176 | [INFO] : no layers were added
2023-12-14 22:25:36,176 | [DEBUG] : Model size was changed to 20024 parameters
2023-12-14 22:25:36,177 | [DEBUG] : Learning rate is now 0.010000
2023-12-14 22:25:45,819 | [INFO] : New learning rate: 0.009000000000000001
2023-12-14 22:25:47,528 | [DEBUG] : Current model size: 20024 parameters
2023-12-14 22:25:47,528 | [DEBUG] : Current training mode: increased
2023-12-14 22:25:47,528 | [INFO] : no layers were added
2023-12-14 22:25:47,528 | [DEBUG] : Model size was changed to 20024 parameters
2023-12-14 22:25:47,528 | [DEBUG] : Learning rate is now 0.010000
2023-12-14 22:25:57,188 | [INFO] : New learning rate: 0.009000000000000001
2023-12-14 22:25:58,885 | [DEBUG] : Current model size: 20024 parameters
2023-12-14 22:25:58,885 | [DEBUG] : Current training mode: increased
2023-12-14 22:25:58,885 | [INFO] : no layers were added
2023-12-14 22:25:58,885 | [DEBUG] : Model size was changed to 20024 parameters
2023-12-14 22:25:58,885 | [DEBUG] : Learning rate is now 0.010000
2023-12-14 22:26:08,554 | [INFO] : New learning rate: 0.009000000000000001
2023-12-14 22:26:10,247 | [DEBUG] : Current model size: 20024 parameters
2023-12-14 22:26:10,247 | [DEBUG] : Current training mode: increased
2023-12-14 22:26:10,247 | [INFO] : no layers were added
2023-12-14 22:26:10,248 | [DEBUG] : Model size was changed to 20024 parameters
2023-12-14 22:26:10,248 | [DEBUG] : Learning rate is now 0.010000
2023-12-14 22:26:19,848 | [INFO] : New learning rate: 0.009000000000000001
2023-12-14 22:26:21,526 | [DEBUG] : Current model size: 20024 parameters
2023-12-14 22:26:21,526 | [DEBUG] : Current training mode: increased
2023-12-14 22:26:21,526 | [INFO] : no layers were added
2023-12-14 22:26:21,526 | [DEBUG] : Model size was changed to 20024 parameters
2023-12-14 22:26:21,526 | [DEBUG] : Learning rate is now 0.010000
2023-12-14 22:26:31,189 | [INFO] : New learning rate: 0.009000000000000001
2023-12-14 22:26:32,868 | [DEBUG] : Current model size: 20024 parameters
2023-12-14 22:26:32,868 | [DEBUG] : Current training mode: increased
2023-12-14 22:26:32,869 | [INFO] : no layers were added
2023-12-14 22:26:32,869 | [DEBUG] : Model size was changed to 20024 parameters
2023-12-14 22:26:32,869 | [DEBUG] : Learning rate is now 0.010000
2023-12-14 22:26:42,561 | [INFO] : New learning rate: 0.009000000000000001
2023-12-14 22:26:44,247 | [DEBUG] : Current model size: 20024 parameters
2023-12-14 22:26:44,247 | [DEBUG] : Current training mode: increased
2023-12-14 22:26:44,247 | [INFO] : no layers were added
2023-12-14 22:26:44,248 | [DEBUG] : Model size was changed to 20024 parameters
2023-12-14 22:26:44,248 | [DEBUG] : Learning rate is now 0.010000
2023-12-14 22:26:53,932 | [INFO] : New learning rate: 0.009000000000000001
2023-12-14 22:26:55,661 | [DEBUG] : Current model size: 20024 parameters
2023-12-14 22:26:55,661 | [DEBUG] : Current training mode: increased
2023-12-14 22:26:55,661 | [INFO] : no layers were added
2023-12-14 22:26:55,662 | [DEBUG] : Model size was changed to 20024 parameters
2023-12-14 22:26:55,662 | [DEBUG] : Learning rate is now 0.010000
2023-12-14 22:27:05,367 | [INFO] : New learning rate: 0.009000000000000001
2023-12-14 22:27:07,076 | [DEBUG] : Current model size: 20024 parameters
2023-12-14 22:27:07,076 | [DEBUG] : Current training mode: increased
2023-12-14 22:27:07,076 | [INFO] : no layers were added
2023-12-14 22:27:07,077 | [DEBUG] : Model size was changed to 20024 parameters
2023-12-14 22:27:07,077 | [DEBUG] : Learning rate is now 0.010000
2023-12-14 22:27:12,695 | [INFO] : training has run out of time
2023-12-14 22:27:12,696 | [INFO] : training27 runtime (h:mm:ss): 0:03:21
2023-12-14 22:27:12,696 | [INFO] : training27 end time: 12/14/2023 10:27:12 PM
2023-12-14 22:27:12,696 | [INFO] : episode 28/64 finished, objective: None
