2023-12-14 22:43:57,119 | [INFO] : training33 start time: 12/14/2023 10:43:57 PM
2023-12-14 22:43:57,122 | [INFO] : Initialized model with weights: results/small_middle2/weights.pth
2023-12-14 22:43:57,122 | [DEBUG] : Current model size: 10602 parameters
2023-12-14 22:43:57,122 | [DEBUG] : Current training mode: initial
2023-12-14 22:43:57,136 | [INFO] : GPU allocation changing : going up
2023-12-14 22:43:57,138 | [DEBUG] : Current model size: 10602 parameters
2023-12-14 22:43:57,138 | [DEBUG] : Current training mode: increased
2023-12-14 22:43:57,139 | [INFO] : deepening layer 2/3: Linear(in_features=32, out_features=10, bias=True)
2023-12-14 22:43:57,140 | [DEBUG] : Model size was changed to 10712 parameters
2023-12-14 22:43:57,140 | [DEBUG] : Learning rate is now 0.010000
2023-12-14 22:44:07,151 | [INFO] : New learning rate: 0.009000000000000001
2023-12-14 22:44:08,920 | [DEBUG] : Current model size: 10712 parameters
2023-12-14 22:44:08,920 | [DEBUG] : Current training mode: increased
2023-12-14 22:44:08,922 | [INFO] : deepening layer 0/3: Conv2d(3, 32, kernel_size=(3, 3), stride=(1, 1))
2023-12-14 22:44:08,923 | [DEBUG] : Model size was changed to 20024 parameters
2023-12-14 22:44:08,923 | [DEBUG] : Learning rate is now 0.010000
2023-12-14 22:44:19,114 | [INFO] : New learning rate: 0.009000000000000001
2023-12-14 22:44:21,127 | [DEBUG] : Current model size: 20024 parameters
2023-12-14 22:44:21,127 | [DEBUG] : Current training mode: increased
2023-12-14 22:44:21,128 | [INFO] : deepening layer 1/3: Conv2d(32, 32, kernel_size=(3, 3), stride=(1, 1))
2023-12-14 22:44:21,129 | [DEBUG] : Model size was changed to 29336 parameters
2023-12-14 22:44:21,129 | [DEBUG] : Learning rate is now 0.010000
2023-12-14 22:44:31,503 | [INFO] : New learning rate: 0.009000000000000001
2023-12-14 22:44:33,481 | [DEBUG] : Current model size: 29336 parameters
2023-12-14 22:44:33,481 | [DEBUG] : Current training mode: increased
2023-12-14 22:44:33,481 | [INFO] : no layers were added
2023-12-14 22:44:33,482 | [DEBUG] : Model size was changed to 29336 parameters
2023-12-14 22:44:33,482 | [DEBUG] : Learning rate is now 0.010000
2023-12-14 22:44:43,815 | [INFO] : New learning rate: 0.009000000000000001
2023-12-14 22:44:45,744 | [DEBUG] : Current model size: 29336 parameters
2023-12-14 22:44:45,745 | [DEBUG] : Current training mode: increased
2023-12-14 22:44:45,745 | [INFO] : no layers were added
2023-12-14 22:44:45,745 | [DEBUG] : Model size was changed to 29336 parameters
2023-12-14 22:44:45,745 | [DEBUG] : Learning rate is now 0.010000
2023-12-14 22:44:56,388 | [INFO] : New learning rate: 0.009000000000000001
2023-12-14 22:44:58,284 | [DEBUG] : Current model size: 29336 parameters
2023-12-14 22:44:58,284 | [DEBUG] : Current training mode: increased
2023-12-14 22:44:58,284 | [INFO] : no layers were added
2023-12-14 22:44:58,285 | [DEBUG] : Model size was changed to 29336 parameters
2023-12-14 22:44:58,285 | [DEBUG] : Learning rate is now 0.010000
2023-12-14 22:45:08,666 | [INFO] : New learning rate: 0.009000000000000001
2023-12-14 22:45:10,582 | [DEBUG] : Current model size: 29336 parameters
2023-12-14 22:45:10,582 | [DEBUG] : Current training mode: increased
2023-12-14 22:45:10,582 | [INFO] : no layers were added
2023-12-14 22:45:10,583 | [DEBUG] : Model size was changed to 29336 parameters
2023-12-14 22:45:10,583 | [DEBUG] : Learning rate is now 0.010000
2023-12-14 22:45:21,045 | [INFO] : New learning rate: 0.009000000000000001
2023-12-14 22:45:23,035 | [DEBUG] : Current model size: 29336 parameters
2023-12-14 22:45:23,035 | [DEBUG] : Current training mode: increased
2023-12-14 22:45:23,035 | [INFO] : no layers were added
2023-12-14 22:45:23,036 | [DEBUG] : Model size was changed to 29336 parameters
2023-12-14 22:45:23,036 | [DEBUG] : Learning rate is now 0.010000
2023-12-14 22:45:33,425 | [INFO] : New learning rate: 0.009000000000000001
2023-12-14 22:45:35,410 | [DEBUG] : Current model size: 29336 parameters
2023-12-14 22:45:35,410 | [DEBUG] : Current training mode: increased
2023-12-14 22:45:35,410 | [INFO] : no layers were added
2023-12-14 22:45:35,411 | [DEBUG] : Model size was changed to 29336 parameters
2023-12-14 22:45:35,411 | [DEBUG] : Learning rate is now 0.010000
2023-12-14 22:45:45,798 | [INFO] : New learning rate: 0.009000000000000001
2023-12-14 22:45:47,691 | [DEBUG] : Current model size: 29336 parameters
2023-12-14 22:45:47,691 | [DEBUG] : Current training mode: increased
2023-12-14 22:45:47,691 | [INFO] : no layers were added
2023-12-14 22:45:47,692 | [DEBUG] : Model size was changed to 29336 parameters
2023-12-14 22:45:47,692 | [DEBUG] : Learning rate is now 0.010000
2023-12-14 22:45:58,197 | [INFO] : New learning rate: 0.009000000000000001
2023-12-14 22:46:00,113 | [DEBUG] : Current model size: 29336 parameters
2023-12-14 22:46:00,113 | [DEBUG] : Current training mode: increased
2023-12-14 22:46:00,113 | [INFO] : no layers were added
2023-12-14 22:46:00,114 | [DEBUG] : Model size was changed to 29336 parameters
2023-12-14 22:46:00,114 | [DEBUG] : Learning rate is now 0.010000
2023-12-14 22:46:10,642 | [INFO] : New learning rate: 0.009000000000000001
2023-12-14 22:46:12,533 | [DEBUG] : Current model size: 29336 parameters
2023-12-14 22:46:12,533 | [DEBUG] : Current training mode: increased
2023-12-14 22:46:12,534 | [INFO] : no layers were added
2023-12-14 22:46:12,534 | [DEBUG] : Model size was changed to 29336 parameters
2023-12-14 22:46:12,534 | [DEBUG] : Learning rate is now 0.010000
2023-12-14 22:46:23,106 | [INFO] : New learning rate: 0.009000000000000001
2023-12-14 22:46:24,985 | [DEBUG] : Current model size: 29336 parameters
2023-12-14 22:46:24,985 | [DEBUG] : Current training mode: increased
2023-12-14 22:46:24,985 | [INFO] : no layers were added
2023-12-14 22:46:24,986 | [DEBUG] : Model size was changed to 29336 parameters
2023-12-14 22:46:24,986 | [DEBUG] : Learning rate is now 0.010000
2023-12-14 22:46:35,318 | [INFO] : New learning rate: 0.009000000000000001
2023-12-14 22:46:37,165 | [DEBUG] : Current model size: 29336 parameters
2023-12-14 22:46:37,165 | [DEBUG] : Current training mode: increased
2023-12-14 22:46:37,165 | [INFO] : no layers were added
2023-12-14 22:46:37,166 | [DEBUG] : Model size was changed to 29336 parameters
2023-12-14 22:46:37,166 | [DEBUG] : Learning rate is now 0.010000
2023-12-14 22:46:47,648 | [INFO] : New learning rate: 0.009000000000000001
2023-12-14 22:46:49,529 | [DEBUG] : Current model size: 29336 parameters
2023-12-14 22:46:49,529 | [DEBUG] : Current training mode: increased
2023-12-14 22:46:49,529 | [INFO] : no layers were added
2023-12-14 22:46:49,530 | [DEBUG] : Model size was changed to 29336 parameters
2023-12-14 22:46:49,530 | [DEBUG] : Learning rate is now 0.010000
2023-12-14 22:47:00,105 | [INFO] : New learning rate: 0.009000000000000001
2023-12-14 22:47:02,034 | [DEBUG] : Current model size: 29336 parameters
2023-12-14 22:47:02,034 | [DEBUG] : Current training mode: increased
2023-12-14 22:47:02,034 | [INFO] : no layers were added
2023-12-14 22:47:02,035 | [DEBUG] : Model size was changed to 29336 parameters
2023-12-14 22:47:02,035 | [DEBUG] : Learning rate is now 0.010000
2023-12-14 22:47:12,615 | [INFO] : New learning rate: 0.009000000000000001
2023-12-14 22:47:14,485 | [DEBUG] : Current model size: 29336 parameters
2023-12-14 22:47:14,485 | [DEBUG] : Current training mode: increased
2023-12-14 22:47:14,485 | [INFO] : no layers were added
2023-12-14 22:47:14,486 | [DEBUG] : Model size was changed to 29336 parameters
2023-12-14 22:47:14,486 | [DEBUG] : Learning rate is now 0.010000
2023-12-14 22:47:17,128 | [INFO] : training has run out of time
2023-12-14 22:47:17,129 | [INFO] : training33 runtime (h:mm:ss): 0:03:21
2023-12-14 22:47:17,129 | [INFO] : training33 end time: 12/14/2023 10:47:17 PM
2023-12-14 22:47:17,129 | [INFO] : episode 34/64 finished, objective: None
