2023-12-14 21:23:38,611 | [INFO] : training09 start time: 12/14/2023 09:23:38 PM
2023-12-14 21:23:38,614 | [INFO] : Initialized model with weights: results/small_middle2/weights.pth
2023-12-14 21:23:38,614 | [DEBUG] : Current model size: 10602 parameters
2023-12-14 21:23:38,614 | [DEBUG] : Current training mode: initial
2023-12-14 21:23:38,632 | [INFO] : GPU allocation changing : going up
2023-12-14 21:23:38,635 | [DEBUG] : Current model size: 10602 parameters
2023-12-14 21:23:38,635 | [DEBUG] : Current training mode: increased
2023-12-14 21:23:38,637 | [INFO] : deepening layer 0/3: Conv2d(3, 32, kernel_size=(3, 3), stride=(1, 1))
2023-12-14 21:23:38,638 | [DEBUG] : Model size was changed to 19914 parameters
2023-12-14 21:23:38,638 | [DEBUG] : Learning rate is now 0.010000
2023-12-14 21:23:48,106 | [INFO] : New learning rate: 0.009000000000000001
2023-12-14 21:23:49,789 | [DEBUG] : Current model size: 19914 parameters
2023-12-14 21:23:49,789 | [DEBUG] : Current training mode: increased
2023-12-14 21:23:49,790 | [INFO] : deepening layer 2/3: Linear(in_features=32, out_features=10, bias=True)
2023-12-14 21:23:49,790 | [DEBUG] : Model size was changed to 20024 parameters
2023-12-14 21:23:49,790 | [DEBUG] : Learning rate is now 0.010000
2023-12-14 21:23:59,397 | [INFO] : New learning rate: 0.009000000000000001
2023-12-14 21:24:01,174 | [DEBUG] : Current model size: 20024 parameters
2023-12-14 21:24:01,175 | [DEBUG] : Current training mode: increased
2023-12-14 21:24:01,176 | [INFO] : deepening layer 1/3: Conv2d(32, 32, kernel_size=(3, 3), stride=(1, 1))
2023-12-14 21:24:01,177 | [DEBUG] : Model size was changed to 29336 parameters
2023-12-14 21:24:01,177 | [DEBUG] : Learning rate is now 0.010000
2023-12-14 21:24:11,102 | [INFO] : New learning rate: 0.009000000000000001
2023-12-14 21:24:12,812 | [DEBUG] : Current model size: 29336 parameters
2023-12-14 21:24:12,813 | [DEBUG] : Current training mode: increased
2023-12-14 21:24:12,813 | [INFO] : no layers were added
2023-12-14 21:24:12,813 | [DEBUG] : Model size was changed to 29336 parameters
2023-12-14 21:24:12,813 | [DEBUG] : Learning rate is now 0.010000
2023-12-14 21:24:22,743 | [INFO] : New learning rate: 0.009000000000000001
2023-12-14 21:24:24,447 | [DEBUG] : Current model size: 29336 parameters
2023-12-14 21:24:24,447 | [DEBUG] : Current training mode: increased
2023-12-14 21:24:24,448 | [INFO] : no layers were added
2023-12-14 21:24:24,448 | [DEBUG] : Model size was changed to 29336 parameters
2023-12-14 21:24:24,448 | [DEBUG] : Learning rate is now 0.010000
2023-12-14 21:24:34,346 | [INFO] : New learning rate: 0.009000000000000001
2023-12-14 21:24:36,145 | [DEBUG] : Current model size: 29336 parameters
2023-12-14 21:24:36,145 | [DEBUG] : Current training mode: increased
2023-12-14 21:24:36,145 | [INFO] : no layers were added
2023-12-14 21:24:36,146 | [DEBUG] : Model size was changed to 29336 parameters
2023-12-14 21:24:36,146 | [DEBUG] : Learning rate is now 0.010000
2023-12-14 21:24:46,167 | [INFO] : New learning rate: 0.009000000000000001
2023-12-14 21:24:47,875 | [DEBUG] : Current model size: 29336 parameters
2023-12-14 21:24:47,875 | [DEBUG] : Current training mode: increased
2023-12-14 21:24:47,875 | [INFO] : no layers were added
2023-12-14 21:24:47,876 | [DEBUG] : Model size was changed to 29336 parameters
2023-12-14 21:24:47,876 | [DEBUG] : Learning rate is now 0.010000
2023-12-14 21:24:57,829 | [INFO] : New learning rate: 0.009000000000000001
2023-12-14 21:24:59,530 | [DEBUG] : Current model size: 29336 parameters
2023-12-14 21:24:59,530 | [DEBUG] : Current training mode: increased
2023-12-14 21:24:59,531 | [INFO] : no layers were added
2023-12-14 21:24:59,531 | [DEBUG] : Model size was changed to 29336 parameters
2023-12-14 21:24:59,531 | [DEBUG] : Learning rate is now 0.010000
2023-12-14 21:25:09,520 | [INFO] : New learning rate: 0.009000000000000001
2023-12-14 21:25:11,234 | [DEBUG] : Current model size: 29336 parameters
2023-12-14 21:25:11,234 | [DEBUG] : Current training mode: increased
2023-12-14 21:25:11,234 | [INFO] : no layers were added
2023-12-14 21:25:11,235 | [DEBUG] : Model size was changed to 29336 parameters
2023-12-14 21:25:11,235 | [DEBUG] : Learning rate is now 0.010000
2023-12-14 21:25:21,262 | [INFO] : New learning rate: 0.009000000000000001
2023-12-14 21:25:22,948 | [DEBUG] : Current model size: 29336 parameters
2023-12-14 21:25:22,948 | [DEBUG] : Current training mode: increased
2023-12-14 21:25:22,948 | [INFO] : no layers were added
2023-12-14 21:25:22,948 | [DEBUG] : Model size was changed to 29336 parameters
2023-12-14 21:25:22,948 | [DEBUG] : Learning rate is now 0.010000
2023-12-14 21:25:32,825 | [INFO] : New learning rate: 0.009000000000000001
2023-12-14 21:25:34,524 | [DEBUG] : Current model size: 29336 parameters
2023-12-14 21:25:34,524 | [DEBUG] : Current training mode: increased
2023-12-14 21:25:34,524 | [INFO] : no layers were added
2023-12-14 21:25:34,525 | [DEBUG] : Model size was changed to 29336 parameters
2023-12-14 21:25:34,525 | [DEBUG] : Learning rate is now 0.010000
2023-12-14 21:25:44,351 | [INFO] : New learning rate: 0.009000000000000001
2023-12-14 21:25:46,041 | [DEBUG] : Current model size: 29336 parameters
2023-12-14 21:25:46,041 | [DEBUG] : Current training mode: increased
2023-12-14 21:25:46,041 | [INFO] : no layers were added
2023-12-14 21:25:46,041 | [DEBUG] : Model size was changed to 29336 parameters
2023-12-14 21:25:46,042 | [DEBUG] : Learning rate is now 0.010000
2023-12-14 21:25:55,900 | [INFO] : New learning rate: 0.009000000000000001
2023-12-14 21:25:57,594 | [DEBUG] : Current model size: 29336 parameters
2023-12-14 21:25:57,594 | [DEBUG] : Current training mode: increased
2023-12-14 21:25:57,594 | [INFO] : no layers were added
2023-12-14 21:25:57,594 | [DEBUG] : Model size was changed to 29336 parameters
2023-12-14 21:25:57,595 | [DEBUG] : Learning rate is now 0.010000
2023-12-14 21:26:07,463 | [INFO] : New learning rate: 0.009000000000000001
2023-12-14 21:26:09,154 | [DEBUG] : Current model size: 29336 parameters
2023-12-14 21:26:09,154 | [DEBUG] : Current training mode: increased
2023-12-14 21:26:09,154 | [INFO] : no layers were added
2023-12-14 21:26:09,154 | [DEBUG] : Model size was changed to 29336 parameters
2023-12-14 21:26:09,154 | [DEBUG] : Learning rate is now 0.010000
2023-12-14 21:26:19,070 | [INFO] : New learning rate: 0.009000000000000001
2023-12-14 21:26:20,766 | [DEBUG] : Current model size: 29336 parameters
2023-12-14 21:26:20,766 | [DEBUG] : Current training mode: increased
2023-12-14 21:26:20,766 | [INFO] : no layers were added
2023-12-14 21:26:20,766 | [DEBUG] : Model size was changed to 29336 parameters
2023-12-14 21:26:20,766 | [DEBUG] : Learning rate is now 0.010000
2023-12-14 21:26:30,671 | [INFO] : New learning rate: 0.009000000000000001
2023-12-14 21:26:32,366 | [DEBUG] : Current model size: 29336 parameters
2023-12-14 21:26:32,366 | [DEBUG] : Current training mode: increased
2023-12-14 21:26:32,366 | [INFO] : no layers were added
2023-12-14 21:26:32,367 | [DEBUG] : Model size was changed to 29336 parameters
2023-12-14 21:26:32,367 | [DEBUG] : Learning rate is now 0.010000
2023-12-14 21:26:42,348 | [INFO] : New learning rate: 0.009000000000000001
2023-12-14 21:26:44,047 | [DEBUG] : Current model size: 29336 parameters
2023-12-14 21:26:44,047 | [DEBUG] : Current training mode: increased
2023-12-14 21:26:44,047 | [INFO] : no layers were added
2023-12-14 21:26:44,048 | [DEBUG] : Model size was changed to 29336 parameters
2023-12-14 21:26:44,048 | [DEBUG] : Learning rate is now 0.010000
2023-12-14 21:26:54,023 | [INFO] : New learning rate: 0.009000000000000001
2023-12-14 21:26:55,812 | [DEBUG] : Current model size: 29336 parameters
2023-12-14 21:26:55,812 | [DEBUG] : Current training mode: increased
2023-12-14 21:26:55,813 | [INFO] : no layers were added
2023-12-14 21:26:55,813 | [DEBUG] : Model size was changed to 29336 parameters
2023-12-14 21:26:55,813 | [DEBUG] : Learning rate is now 0.010000
2023-12-14 21:26:58,621 | [INFO] : training has run out of time
2023-12-14 21:26:58,622 | [INFO] : training09 runtime (h:mm:ss): 0:03:21
2023-12-14 21:26:58,622 | [INFO] : training09 end time: 12/14/2023 09:26:58 PM
2023-12-14 21:26:58,622 | [INFO] : episode 10/64 finished, objective: None
