2023-12-14 23:07:22,247 | [INFO] : training40 start time: 12/14/2023 11:07:22 PM
2023-12-14 23:07:22,250 | [INFO] : Initialized model with weights: results/small_middle2/weights.pth
2023-12-14 23:07:22,250 | [DEBUG] : Current model size: 10602 parameters
2023-12-14 23:07:22,250 | [DEBUG] : Current training mode: initial
2023-12-14 23:07:22,264 | [INFO] : GPU allocation changing : going up
2023-12-14 23:07:22,267 | [DEBUG] : Current model size: 10602 parameters
2023-12-14 23:07:22,267 | [DEBUG] : Current training mode: increased
2023-12-14 23:07:22,268 | [INFO] : deepening layer 2/3: Linear(in_features=32, out_features=10, bias=True)
2023-12-14 23:07:22,269 | [DEBUG] : Model size was changed to 10712 parameters
2023-12-14 23:07:22,269 | [DEBUG] : Learning rate is now 0.010000
2023-12-14 23:07:32,276 | [INFO] : New learning rate: 0.009000000000000001
2023-12-14 23:07:34,304 | [DEBUG] : Current model size: 10712 parameters
2023-12-14 23:07:34,304 | [DEBUG] : Current training mode: increased
2023-12-14 23:07:34,305 | [INFO] : deepening layer 2/3: Linear(in_features=32, out_features=10, bias=True)
2023-12-14 23:07:34,306 | [DEBUG] : Model size was changed to 10822 parameters
2023-12-14 23:07:34,306 | [DEBUG] : Learning rate is now 0.010000
2023-12-14 23:07:44,314 | [INFO] : New learning rate: 0.009000000000000001
2023-12-14 23:07:46,190 | [DEBUG] : Current model size: 10822 parameters
2023-12-14 23:07:46,190 | [DEBUG] : Current training mode: increased
2023-12-14 23:07:46,193 | [INFO] : deepening layer 0/3: Conv2d(3, 32, kernel_size=(3, 3), stride=(1, 1))
2023-12-14 23:07:46,194 | [DEBUG] : Model size was changed to 20134 parameters
2023-12-14 23:07:46,194 | [DEBUG] : Learning rate is now 0.010000
2023-12-14 23:07:56,435 | [INFO] : New learning rate: 0.009000000000000001
2023-12-14 23:07:58,338 | [DEBUG] : Current model size: 20134 parameters
2023-12-14 23:07:58,338 | [DEBUG] : Current training mode: increased
2023-12-14 23:07:58,338 | [INFO] : no layers were added
2023-12-14 23:07:58,339 | [DEBUG] : Model size was changed to 20134 parameters
2023-12-14 23:07:58,339 | [DEBUG] : Learning rate is now 0.010000
2023-12-14 23:08:08,581 | [INFO] : New learning rate: 0.009000000000000001
2023-12-14 23:08:10,531 | [DEBUG] : Current model size: 20134 parameters
2023-12-14 23:08:10,531 | [DEBUG] : Current training mode: increased
2023-12-14 23:08:10,532 | [INFO] : no layers were added
2023-12-14 23:08:10,532 | [DEBUG] : Model size was changed to 20134 parameters
2023-12-14 23:08:10,532 | [DEBUG] : Learning rate is now 0.010000
2023-12-14 23:08:20,737 | [INFO] : New learning rate: 0.009000000000000001
2023-12-14 23:08:22,537 | [DEBUG] : Current model size: 20134 parameters
2023-12-14 23:08:22,537 | [DEBUG] : Current training mode: increased
2023-12-14 23:08:22,537 | [INFO] : no layers were added
2023-12-14 23:08:22,538 | [DEBUG] : Model size was changed to 20134 parameters
2023-12-14 23:08:22,538 | [DEBUG] : Learning rate is now 0.010000
2023-12-14 23:08:32,738 | [INFO] : New learning rate: 0.009000000000000001
2023-12-14 23:08:34,609 | [DEBUG] : Current model size: 20134 parameters
2023-12-14 23:08:34,609 | [DEBUG] : Current training mode: increased
2023-12-14 23:08:34,609 | [INFO] : no layers were added
2023-12-14 23:08:34,610 | [DEBUG] : Model size was changed to 20134 parameters
2023-12-14 23:08:34,610 | [DEBUG] : Learning rate is now 0.010000
2023-12-14 23:08:44,862 | [INFO] : New learning rate: 0.009000000000000001
2023-12-14 23:08:46,655 | [DEBUG] : Current model size: 20134 parameters
2023-12-14 23:08:46,655 | [DEBUG] : Current training mode: increased
2023-12-14 23:08:46,655 | [INFO] : no layers were added
2023-12-14 23:08:46,656 | [DEBUG] : Model size was changed to 20134 parameters
2023-12-14 23:08:46,656 | [DEBUG] : Learning rate is now 0.010000
2023-12-14 23:08:56,892 | [INFO] : New learning rate: 0.009000000000000001
2023-12-14 23:08:58,741 | [DEBUG] : Current model size: 20134 parameters
2023-12-14 23:08:58,741 | [DEBUG] : Current training mode: increased
2023-12-14 23:08:58,741 | [INFO] : no layers were added
2023-12-14 23:08:58,742 | [DEBUG] : Model size was changed to 20134 parameters
2023-12-14 23:08:58,742 | [DEBUG] : Learning rate is now 0.010000
2023-12-14 23:09:08,944 | [INFO] : New learning rate: 0.009000000000000001
2023-12-14 23:09:10,955 | [DEBUG] : Current model size: 20134 parameters
2023-12-14 23:09:10,955 | [DEBUG] : Current training mode: increased
2023-12-14 23:09:10,955 | [INFO] : no layers were added
2023-12-14 23:09:10,956 | [DEBUG] : Model size was changed to 20134 parameters
2023-12-14 23:09:10,956 | [DEBUG] : Learning rate is now 0.010000
2023-12-14 23:09:21,160 | [INFO] : New learning rate: 0.009000000000000001
2023-12-14 23:09:22,984 | [DEBUG] : Current model size: 20134 parameters
2023-12-14 23:09:22,984 | [DEBUG] : Current training mode: increased
2023-12-14 23:09:22,984 | [INFO] : no layers were added
2023-12-14 23:09:22,985 | [DEBUG] : Model size was changed to 20134 parameters
2023-12-14 23:09:22,985 | [DEBUG] : Learning rate is now 0.010000
2023-12-14 23:09:33,227 | [INFO] : New learning rate: 0.009000000000000001
2023-12-14 23:09:35,143 | [DEBUG] : Current model size: 20134 parameters
2023-12-14 23:09:35,143 | [DEBUG] : Current training mode: increased
2023-12-14 23:09:35,143 | [INFO] : no layers were added
2023-12-14 23:09:35,144 | [DEBUG] : Model size was changed to 20134 parameters
2023-12-14 23:09:35,144 | [DEBUG] : Learning rate is now 0.010000
2023-12-14 23:09:45,439 | [INFO] : New learning rate: 0.009000000000000001
2023-12-14 23:09:47,452 | [DEBUG] : Current model size: 20134 parameters
2023-12-14 23:09:47,452 | [DEBUG] : Current training mode: increased
2023-12-14 23:09:47,453 | [INFO] : no layers were added
2023-12-14 23:09:47,453 | [DEBUG] : Model size was changed to 20134 parameters
2023-12-14 23:09:47,453 | [DEBUG] : Learning rate is now 0.010000
2023-12-14 23:09:57,575 | [INFO] : New learning rate: 0.009000000000000001
2023-12-14 23:09:59,403 | [DEBUG] : Current model size: 20134 parameters
2023-12-14 23:09:59,403 | [DEBUG] : Current training mode: increased
2023-12-14 23:09:59,404 | [INFO] : no layers were added
2023-12-14 23:09:59,404 | [DEBUG] : Model size was changed to 20134 parameters
2023-12-14 23:09:59,404 | [DEBUG] : Learning rate is now 0.010000
2023-12-14 23:10:09,600 | [INFO] : New learning rate: 0.009000000000000001
2023-12-14 23:10:11,446 | [DEBUG] : Current model size: 20134 parameters
2023-12-14 23:10:11,446 | [DEBUG] : Current training mode: increased
2023-12-14 23:10:11,446 | [INFO] : no layers were added
2023-12-14 23:10:11,447 | [DEBUG] : Model size was changed to 20134 parameters
2023-12-14 23:10:11,447 | [DEBUG] : Learning rate is now 0.010000
2023-12-14 23:10:21,748 | [INFO] : New learning rate: 0.009000000000000001
2023-12-14 23:10:23,672 | [DEBUG] : Current model size: 20134 parameters
2023-12-14 23:10:23,672 | [DEBUG] : Current training mode: increased
2023-12-14 23:10:23,672 | [INFO] : no layers were added
2023-12-14 23:10:23,673 | [DEBUG] : Model size was changed to 20134 parameters
2023-12-14 23:10:23,673 | [DEBUG] : Learning rate is now 0.010000
2023-12-14 23:10:33,804 | [INFO] : New learning rate: 0.009000000000000001
2023-12-14 23:10:35,693 | [DEBUG] : Current model size: 20134 parameters
2023-12-14 23:10:35,693 | [DEBUG] : Current training mode: increased
2023-12-14 23:10:35,693 | [INFO] : no layers were added
2023-12-14 23:10:35,694 | [DEBUG] : Model size was changed to 20134 parameters
2023-12-14 23:10:35,694 | [DEBUG] : Learning rate is now 0.010000
2023-12-14 23:10:42,258 | [INFO] : training has run out of time
2023-12-14 23:10:42,259 | [INFO] : training40 runtime (h:mm:ss): 0:03:21
2023-12-14 23:10:42,259 | [INFO] : training40 end time: 12/14/2023 11:10:42 PM
2023-12-14 23:10:42,259 | [INFO] : episode 41/64 finished, objective: None
