2023-12-14 22:17:10,527 | [INFO] : training25 start time: 12/14/2023 10:17:10 PM
2023-12-14 22:17:10,530 | [INFO] : Initialized model with weights: results/small_middle2/weights.pth
2023-12-14 22:17:10,530 | [DEBUG] : Current model size: 10602 parameters
2023-12-14 22:17:10,530 | [DEBUG] : Current training mode: initial
2023-12-14 22:17:10,545 | [INFO] : GPU allocation changing : going up
2023-12-14 22:17:10,548 | [DEBUG] : Current model size: 10602 parameters
2023-12-14 22:17:10,548 | [DEBUG] : Current training mode: increased
2023-12-14 22:17:10,549 | [INFO] : deepening layer 1/3: Conv2d(32, 32, kernel_size=(3, 3), stride=(1, 1))
2023-12-14 22:17:10,549 | [DEBUG] : Model size was changed to 19914 parameters
2023-12-14 22:17:10,549 | [DEBUG] : Learning rate is now 0.010000
2023-12-14 22:17:20,224 | [INFO] : New learning rate: 0.009000000000000001
2023-12-14 22:17:21,887 | [DEBUG] : Current model size: 19914 parameters
2023-12-14 22:17:21,887 | [DEBUG] : Current training mode: increased
2023-12-14 22:17:21,888 | [INFO] : deepening layer 2/3: Linear(in_features=32, out_features=10, bias=True)
2023-12-14 22:17:21,889 | [DEBUG] : Model size was changed to 20024 parameters
2023-12-14 22:17:21,889 | [DEBUG] : Learning rate is now 0.010000
2023-12-14 22:17:31,619 | [INFO] : New learning rate: 0.009000000000000001
2023-12-14 22:17:33,316 | [DEBUG] : Current model size: 20024 parameters
2023-12-14 22:17:33,316 | [DEBUG] : Current training mode: increased
2023-12-14 22:17:33,318 | [INFO] : deepening layer 1/3: Conv2d(32, 32, kernel_size=(3, 3), stride=(1, 1))
2023-12-14 22:17:33,318 | [DEBUG] : Model size was changed to 29336 parameters
2023-12-14 22:17:33,318 | [DEBUG] : Learning rate is now 0.010000
2023-12-14 22:17:43,265 | [INFO] : New learning rate: 0.009000000000000001
2023-12-14 22:17:45,072 | [DEBUG] : Current model size: 29336 parameters
2023-12-14 22:17:45,072 | [DEBUG] : Current training mode: increased
2023-12-14 22:17:45,072 | [INFO] : no layers were added
2023-12-14 22:17:45,072 | [DEBUG] : Model size was changed to 29336 parameters
2023-12-14 22:17:45,072 | [DEBUG] : Learning rate is now 0.010000
2023-12-14 22:17:55,082 | [INFO] : New learning rate: 0.009000000000000001
2023-12-14 22:17:56,785 | [DEBUG] : Current model size: 29336 parameters
2023-12-14 22:17:56,785 | [DEBUG] : Current training mode: increased
2023-12-14 22:17:56,786 | [INFO] : no layers were added
2023-12-14 22:17:56,786 | [DEBUG] : Model size was changed to 29336 parameters
2023-12-14 22:17:56,786 | [DEBUG] : Learning rate is now 0.010000
2023-12-14 22:18:06,948 | [INFO] : New learning rate: 0.009000000000000001
2023-12-14 22:18:08,743 | [DEBUG] : Current model size: 29336 parameters
2023-12-14 22:18:08,743 | [DEBUG] : Current training mode: increased
2023-12-14 22:18:08,743 | [INFO] : no layers were added
2023-12-14 22:18:08,744 | [DEBUG] : Model size was changed to 29336 parameters
2023-12-14 22:18:08,744 | [DEBUG] : Learning rate is now 0.010000
2023-12-14 22:18:18,808 | [INFO] : New learning rate: 0.009000000000000001
2023-12-14 22:18:20,572 | [DEBUG] : Current model size: 29336 parameters
2023-12-14 22:18:20,572 | [DEBUG] : Current training mode: increased
2023-12-14 22:18:20,572 | [INFO] : no layers were added
2023-12-14 22:18:20,573 | [DEBUG] : Model size was changed to 29336 parameters
2023-12-14 22:18:20,573 | [DEBUG] : Learning rate is now 0.010000
2023-12-14 22:18:30,595 | [INFO] : New learning rate: 0.009000000000000001
2023-12-14 22:18:32,321 | [DEBUG] : Current model size: 29336 parameters
2023-12-14 22:18:32,321 | [DEBUG] : Current training mode: increased
2023-12-14 22:18:32,321 | [INFO] : no layers were added
2023-12-14 22:18:32,322 | [DEBUG] : Model size was changed to 29336 parameters
2023-12-14 22:18:32,322 | [DEBUG] : Learning rate is now 0.010000
2023-12-14 22:18:42,647 | [INFO] : New learning rate: 0.009000000000000001
2023-12-14 22:18:44,371 | [DEBUG] : Current model size: 29336 parameters
2023-12-14 22:18:44,371 | [DEBUG] : Current training mode: increased
2023-12-14 22:18:44,372 | [INFO] : no layers were added
2023-12-14 22:18:44,372 | [DEBUG] : Model size was changed to 29336 parameters
2023-12-14 22:18:44,372 | [DEBUG] : Learning rate is now 0.010000
2023-12-14 22:18:54,543 | [INFO] : New learning rate: 0.009000000000000001
2023-12-14 22:18:56,266 | [DEBUG] : Current model size: 29336 parameters
2023-12-14 22:18:56,266 | [DEBUG] : Current training mode: increased
2023-12-14 22:18:56,267 | [INFO] : no layers were added
2023-12-14 22:18:56,267 | [DEBUG] : Model size was changed to 29336 parameters
2023-12-14 22:18:56,267 | [DEBUG] : Learning rate is now 0.010000
2023-12-14 22:19:06,327 | [INFO] : New learning rate: 0.009000000000000001
2023-12-14 22:19:08,130 | [DEBUG] : Current model size: 29336 parameters
2023-12-14 22:19:08,130 | [DEBUG] : Current training mode: increased
2023-12-14 22:19:08,130 | [INFO] : no layers were added
2023-12-14 22:19:08,131 | [DEBUG] : Model size was changed to 29336 parameters
2023-12-14 22:19:08,131 | [DEBUG] : Learning rate is now 0.010000
2023-12-14 22:19:18,287 | [INFO] : New learning rate: 0.009000000000000001
2023-12-14 22:19:20,063 | [DEBUG] : Current model size: 29336 parameters
2023-12-14 22:19:20,063 | [DEBUG] : Current training mode: increased
2023-12-14 22:19:20,063 | [INFO] : no layers were added
2023-12-14 22:19:20,064 | [DEBUG] : Model size was changed to 29336 parameters
2023-12-14 22:19:20,064 | [DEBUG] : Learning rate is now 0.010000
2023-12-14 22:19:30,531 | [INFO] : New learning rate: 0.009000000000000001
2023-12-14 22:19:32,233 | [DEBUG] : Current model size: 29336 parameters
2023-12-14 22:19:32,233 | [DEBUG] : Current training mode: increased
2023-12-14 22:19:32,233 | [INFO] : no layers were added
2023-12-14 22:19:32,234 | [DEBUG] : Model size was changed to 29336 parameters
2023-12-14 22:19:32,234 | [DEBUG] : Learning rate is now 0.010000
2023-12-14 22:19:42,352 | [INFO] : New learning rate: 0.009000000000000001
2023-12-14 22:19:44,042 | [DEBUG] : Current model size: 29336 parameters
2023-12-14 22:19:44,042 | [DEBUG] : Current training mode: increased
2023-12-14 22:19:44,042 | [INFO] : no layers were added
2023-12-14 22:19:44,043 | [DEBUG] : Model size was changed to 29336 parameters
2023-12-14 22:19:44,043 | [DEBUG] : Learning rate is now 0.010000
2023-12-14 22:19:54,012 | [INFO] : New learning rate: 0.009000000000000001
2023-12-14 22:19:55,705 | [DEBUG] : Current model size: 29336 parameters
2023-12-14 22:19:55,705 | [DEBUG] : Current training mode: increased
2023-12-14 22:19:55,705 | [INFO] : no layers were added
2023-12-14 22:19:55,705 | [DEBUG] : Model size was changed to 29336 parameters
2023-12-14 22:19:55,705 | [DEBUG] : Learning rate is now 0.010000
2023-12-14 22:20:05,651 | [INFO] : New learning rate: 0.009000000000000001
2023-12-14 22:20:07,350 | [DEBUG] : Current model size: 29336 parameters
2023-12-14 22:20:07,351 | [DEBUG] : Current training mode: increased
2023-12-14 22:20:07,351 | [INFO] : no layers were added
2023-12-14 22:20:07,351 | [DEBUG] : Model size was changed to 29336 parameters
2023-12-14 22:20:07,351 | [DEBUG] : Learning rate is now 0.010000
2023-12-14 22:20:17,490 | [INFO] : New learning rate: 0.009000000000000001
2023-12-14 22:20:19,230 | [DEBUG] : Current model size: 29336 parameters
2023-12-14 22:20:19,230 | [DEBUG] : Current training mode: increased
2023-12-14 22:20:19,230 | [INFO] : no layers were added
2023-12-14 22:20:19,231 | [DEBUG] : Model size was changed to 29336 parameters
2023-12-14 22:20:19,231 | [DEBUG] : Learning rate is now 0.010000
2023-12-14 22:20:29,515 | [INFO] : New learning rate: 0.009000000000000001
2023-12-14 22:20:31,209 | [DEBUG] : Current model size: 29336 parameters
2023-12-14 22:20:31,209 | [DEBUG] : Current training mode: increased
2023-12-14 22:20:31,209 | [INFO] : no layers were added
2023-12-14 22:20:31,210 | [DEBUG] : Model size was changed to 29336 parameters
2023-12-14 22:20:31,210 | [DEBUG] : Learning rate is now 0.010000
2023-12-14 22:20:31,223 | [INFO] : training has run out of time
2023-12-14 22:20:31,223 | [INFO] : training25 runtime (h:mm:ss): 0:03:21
2023-12-14 22:20:31,224 | [INFO] : training25 end time: 12/14/2023 10:20:31 PM
2023-12-14 22:20:31,224 | [INFO] : episode 26/64 finished, objective: None
