2023-12-14 22:30:34,170 | [INFO] : training29 start time: 12/14/2023 10:30:34 PM
2023-12-14 22:30:34,173 | [INFO] : Initialized model with weights: results/small_middle2/weights.pth
2023-12-14 22:30:34,173 | [DEBUG] : Current model size: 10602 parameters
2023-12-14 22:30:34,173 | [DEBUG] : Current training mode: initial
2023-12-14 22:30:34,186 | [INFO] : GPU allocation changing : going up
2023-12-14 22:30:34,188 | [DEBUG] : Current model size: 10602 parameters
2023-12-14 22:30:34,188 | [DEBUG] : Current training mode: increased
2023-12-14 22:30:34,190 | [INFO] : deepening layer 1/3: Conv2d(32, 32, kernel_size=(3, 3), stride=(1, 1))
2023-12-14 22:30:34,190 | [DEBUG] : Model size was changed to 19914 parameters
2023-12-14 22:30:34,190 | [DEBUG] : Learning rate is now 0.010000
2023-12-14 22:30:43,728 | [INFO] : New learning rate: 0.009000000000000001
2023-12-14 22:30:45,481 | [DEBUG] : Current model size: 19914 parameters
2023-12-14 22:30:45,481 | [DEBUG] : Current training mode: increased
2023-12-14 22:30:45,481 | [INFO] : no layers were added
2023-12-14 22:30:45,481 | [DEBUG] : Model size was changed to 19914 parameters
2023-12-14 22:30:45,481 | [DEBUG] : Learning rate is now 0.010000
2023-12-14 22:30:55,244 | [INFO] : New learning rate: 0.009000000000000001
2023-12-14 22:30:56,939 | [DEBUG] : Current model size: 19914 parameters
2023-12-14 22:30:56,939 | [DEBUG] : Current training mode: increased
2023-12-14 22:30:56,940 | [INFO] : deepening layer 1/3: Conv2d(32, 32, kernel_size=(3, 3), stride=(1, 1))
2023-12-14 22:30:56,941 | [DEBUG] : Model size was changed to 29226 parameters
2023-12-14 22:30:56,941 | [DEBUG] : Learning rate is now 0.010000
2023-12-14 22:31:06,881 | [INFO] : New learning rate: 0.009000000000000001
2023-12-14 22:31:08,624 | [DEBUG] : Current model size: 29226 parameters
2023-12-14 22:31:08,624 | [DEBUG] : Current training mode: increased
2023-12-14 22:31:08,624 | [INFO] : no layers were added
2023-12-14 22:31:08,625 | [DEBUG] : Model size was changed to 29226 parameters
2023-12-14 22:31:08,625 | [DEBUG] : Learning rate is now 0.010000
2023-12-14 22:31:18,662 | [INFO] : New learning rate: 0.009000000000000001
2023-12-14 22:31:20,420 | [DEBUG] : Current model size: 29226 parameters
2023-12-14 22:31:20,420 | [DEBUG] : Current training mode: increased
2023-12-14 22:31:20,421 | [INFO] : no layers were added
2023-12-14 22:31:20,421 | [DEBUG] : Model size was changed to 29226 parameters
2023-12-14 22:31:20,421 | [DEBUG] : Learning rate is now 0.010000
2023-12-14 22:31:30,450 | [INFO] : New learning rate: 0.009000000000000001
2023-12-14 22:31:32,144 | [DEBUG] : Current model size: 29226 parameters
2023-12-14 22:31:32,144 | [DEBUG] : Current training mode: increased
2023-12-14 22:31:32,144 | [INFO] : no layers were added
2023-12-14 22:31:32,144 | [DEBUG] : Model size was changed to 29226 parameters
2023-12-14 22:31:32,144 | [DEBUG] : Learning rate is now 0.010000
2023-12-14 22:31:42,073 | [INFO] : New learning rate: 0.009000000000000001
2023-12-14 22:31:43,760 | [DEBUG] : Current model size: 29226 parameters
2023-12-14 22:31:43,760 | [DEBUG] : Current training mode: increased
2023-12-14 22:31:43,760 | [INFO] : no layers were added
2023-12-14 22:31:43,761 | [DEBUG] : Model size was changed to 29226 parameters
2023-12-14 22:31:43,761 | [DEBUG] : Learning rate is now 0.010000
2023-12-14 22:31:53,657 | [INFO] : New learning rate: 0.009000000000000001
2023-12-14 22:31:55,375 | [DEBUG] : Current model size: 29226 parameters
2023-12-14 22:31:55,375 | [DEBUG] : Current training mode: increased
2023-12-14 22:31:55,375 | [INFO] : no layers were added
2023-12-14 22:31:55,375 | [DEBUG] : Model size was changed to 29226 parameters
2023-12-14 22:31:55,375 | [DEBUG] : Learning rate is now 0.010000
2023-12-14 22:32:05,623 | [INFO] : New learning rate: 0.009000000000000001
2023-12-14 22:32:07,390 | [DEBUG] : Current model size: 29226 parameters
2023-12-14 22:32:07,390 | [DEBUG] : Current training mode: increased
2023-12-14 22:32:07,390 | [INFO] : no layers were added
2023-12-14 22:32:07,391 | [DEBUG] : Model size was changed to 29226 parameters
2023-12-14 22:32:07,391 | [DEBUG] : Learning rate is now 0.010000
2023-12-14 22:32:17,667 | [INFO] : New learning rate: 0.009000000000000001
2023-12-14 22:32:19,377 | [DEBUG] : Current model size: 29226 parameters
2023-12-14 22:32:19,377 | [DEBUG] : Current training mode: increased
2023-12-14 22:32:19,377 | [INFO] : no layers were added
2023-12-14 22:32:19,378 | [DEBUG] : Model size was changed to 29226 parameters
2023-12-14 22:32:19,378 | [DEBUG] : Learning rate is now 0.010000
2023-12-14 22:32:29,611 | [INFO] : New learning rate: 0.009000000000000001
2023-12-14 22:32:31,304 | [DEBUG] : Current model size: 29226 parameters
2023-12-14 22:32:31,304 | [DEBUG] : Current training mode: increased
2023-12-14 22:32:31,304 | [INFO] : no layers were added
2023-12-14 22:32:31,305 | [DEBUG] : Model size was changed to 29226 parameters
2023-12-14 22:32:31,305 | [DEBUG] : Learning rate is now 0.010000
2023-12-14 22:32:41,172 | [INFO] : New learning rate: 0.009000000000000001
2023-12-14 22:32:42,916 | [DEBUG] : Current model size: 29226 parameters
2023-12-14 22:32:42,916 | [DEBUG] : Current training mode: increased
2023-12-14 22:32:42,917 | [INFO] : no layers were added
2023-12-14 22:32:42,917 | [DEBUG] : Model size was changed to 29226 parameters
2023-12-14 22:32:42,917 | [DEBUG] : Learning rate is now 0.010000
2023-12-14 22:32:52,834 | [INFO] : New learning rate: 0.009000000000000001
2023-12-14 22:32:54,547 | [DEBUG] : Current model size: 29226 parameters
2023-12-14 22:32:54,548 | [DEBUG] : Current training mode: increased
2023-12-14 22:32:54,548 | [INFO] : no layers were added
2023-12-14 22:32:54,548 | [DEBUG] : Model size was changed to 29226 parameters
2023-12-14 22:32:54,548 | [DEBUG] : Learning rate is now 0.010000
2023-12-14 22:33:04,730 | [INFO] : New learning rate: 0.009000000000000001
2023-12-14 22:33:06,422 | [DEBUG] : Current model size: 29226 parameters
2023-12-14 22:33:06,422 | [DEBUG] : Current training mode: increased
2023-12-14 22:33:06,423 | [INFO] : no layers were added
2023-12-14 22:33:06,423 | [DEBUG] : Model size was changed to 29226 parameters
2023-12-14 22:33:06,423 | [DEBUG] : Learning rate is now 0.010000
2023-12-14 22:33:16,746 | [INFO] : New learning rate: 0.009000000000000001
2023-12-14 22:33:18,445 | [DEBUG] : Current model size: 29226 parameters
2023-12-14 22:33:18,445 | [DEBUG] : Current training mode: increased
2023-12-14 22:33:18,445 | [INFO] : no layers were added
2023-12-14 22:33:18,446 | [DEBUG] : Model size was changed to 29226 parameters
2023-12-14 22:33:18,446 | [DEBUG] : Learning rate is now 0.010000
2023-12-14 22:33:28,425 | [INFO] : New learning rate: 0.009000000000000001
2023-12-14 22:33:30,118 | [DEBUG] : Current model size: 29226 parameters
2023-12-14 22:33:30,118 | [DEBUG] : Current training mode: increased
2023-12-14 22:33:30,118 | [INFO] : no layers were added
2023-12-14 22:33:30,118 | [DEBUG] : Model size was changed to 29226 parameters
2023-12-14 22:33:30,118 | [DEBUG] : Learning rate is now 0.010000
2023-12-14 22:33:39,933 | [INFO] : New learning rate: 0.009000000000000001
2023-12-14 22:33:41,691 | [DEBUG] : Current model size: 29226 parameters
2023-12-14 22:33:41,691 | [DEBUG] : Current training mode: increased
2023-12-14 22:33:41,692 | [INFO] : no layers were added
2023-12-14 22:33:41,692 | [DEBUG] : Model size was changed to 29226 parameters
2023-12-14 22:33:41,692 | [DEBUG] : Learning rate is now 0.010000
2023-12-14 22:33:51,586 | [INFO] : New learning rate: 0.009000000000000001
2023-12-14 22:33:53,308 | [DEBUG] : Current model size: 29226 parameters
2023-12-14 22:33:53,309 | [DEBUG] : Current training mode: increased
2023-12-14 22:33:53,309 | [INFO] : no layers were added
2023-12-14 22:33:53,309 | [DEBUG] : Model size was changed to 29226 parameters
2023-12-14 22:33:53,309 | [DEBUG] : Learning rate is now 0.010000
2023-12-14 22:33:54,174 | [INFO] : training has run out of time
2023-12-14 22:33:54,175 | [INFO] : training29 runtime (h:mm:ss): 0:03:21
2023-12-14 22:33:54,175 | [INFO] : training29 end time: 12/14/2023 10:33:54 PM
2023-12-14 22:33:54,175 | [INFO] : episode 30/64 finished, objective: None
