2023-12-14 21:33:40,810 | [INFO] : training12 start time: 12/14/2023 09:33:40 PM
2023-12-14 21:33:40,812 | [INFO] : Initialized model with weights: results/small_middle2/weights.pth
2023-12-14 21:33:40,812 | [DEBUG] : Current model size: 10602 parameters
2023-12-14 21:33:40,812 | [DEBUG] : Current training mode: initial
2023-12-14 21:33:40,826 | [INFO] : GPU allocation changing : going up
2023-12-14 21:33:40,828 | [DEBUG] : Current model size: 10602 parameters
2023-12-14 21:33:40,828 | [DEBUG] : Current training mode: increased
2023-12-14 21:33:40,830 | [INFO] : deepening layer 0/3: Conv2d(3, 32, kernel_size=(3, 3), stride=(1, 1))
2023-12-14 21:33:40,830 | [DEBUG] : Model size was changed to 19914 parameters
2023-12-14 21:33:40,830 | [DEBUG] : Learning rate is now 0.010000
2023-12-14 21:33:50,404 | [INFO] : New learning rate: 0.009000000000000001
2023-12-14 21:33:52,100 | [DEBUG] : Current model size: 19914 parameters
2023-12-14 21:33:52,100 | [DEBUG] : Current training mode: increased
2023-12-14 21:33:52,100 | [INFO] : no layers were added
2023-12-14 21:33:52,100 | [DEBUG] : Model size was changed to 19914 parameters
2023-12-14 21:33:52,100 | [DEBUG] : Learning rate is now 0.010000
2023-12-14 21:34:01,576 | [INFO] : New learning rate: 0.009000000000000001
2023-12-14 21:34:03,256 | [DEBUG] : Current model size: 19914 parameters
2023-12-14 21:34:03,256 | [DEBUG] : Current training mode: increased
2023-12-14 21:34:03,258 | [INFO] : deepening layer 0/3: Conv2d(3, 32, kernel_size=(3, 3), stride=(1, 1))
2023-12-14 21:34:03,258 | [DEBUG] : Model size was changed to 29226 parameters
2023-12-14 21:34:03,258 | [DEBUG] : Learning rate is now 0.010000
2023-12-14 21:34:13,071 | [INFO] : New learning rate: 0.009000000000000001
2023-12-14 21:34:14,805 | [DEBUG] : Current model size: 29226 parameters
2023-12-14 21:34:14,806 | [DEBUG] : Current training mode: increased
2023-12-14 21:34:14,806 | [INFO] : no layers were added
2023-12-14 21:34:14,806 | [DEBUG] : Model size was changed to 29226 parameters
2023-12-14 21:34:14,806 | [DEBUG] : Learning rate is now 0.010000
2023-12-14 21:34:24,648 | [INFO] : New learning rate: 0.009000000000000001
2023-12-14 21:34:26,356 | [DEBUG] : Current model size: 29226 parameters
2023-12-14 21:34:26,357 | [DEBUG] : Current training mode: increased
2023-12-14 21:34:26,357 | [INFO] : no layers were added
2023-12-14 21:34:26,357 | [DEBUG] : Model size was changed to 29226 parameters
2023-12-14 21:34:26,357 | [DEBUG] : Learning rate is now 0.010000
2023-12-14 21:34:36,110 | [INFO] : New learning rate: 0.009000000000000001
2023-12-14 21:34:37,823 | [DEBUG] : Current model size: 29226 parameters
2023-12-14 21:34:37,823 | [DEBUG] : Current training mode: increased
2023-12-14 21:34:37,823 | [INFO] : no layers were added
2023-12-14 21:34:37,824 | [DEBUG] : Model size was changed to 29226 parameters
2023-12-14 21:34:37,824 | [DEBUG] : Learning rate is now 0.010000
2023-12-14 21:34:47,623 | [INFO] : New learning rate: 0.009000000000000001
2023-12-14 21:34:49,335 | [DEBUG] : Current model size: 29226 parameters
2023-12-14 21:34:49,336 | [DEBUG] : Current training mode: increased
2023-12-14 21:34:49,336 | [INFO] : no layers were added
2023-12-14 21:34:49,336 | [DEBUG] : Model size was changed to 29226 parameters
2023-12-14 21:34:49,336 | [DEBUG] : Learning rate is now 0.010000
2023-12-14 21:34:59,175 | [INFO] : New learning rate: 0.009000000000000001
2023-12-14 21:35:00,891 | [DEBUG] : Current model size: 29226 parameters
2023-12-14 21:35:00,891 | [DEBUG] : Current training mode: increased
2023-12-14 21:35:00,891 | [INFO] : no layers were added
2023-12-14 21:35:00,892 | [DEBUG] : Model size was changed to 29226 parameters
2023-12-14 21:35:00,892 | [DEBUG] : Learning rate is now 0.010000
2023-12-14 21:35:10,733 | [INFO] : New learning rate: 0.009000000000000001
2023-12-14 21:35:12,432 | [DEBUG] : Current model size: 29226 parameters
2023-12-14 21:35:12,432 | [DEBUG] : Current training mode: increased
2023-12-14 21:35:12,433 | [INFO] : no layers were added
2023-12-14 21:35:12,433 | [DEBUG] : Model size was changed to 29226 parameters
2023-12-14 21:35:12,433 | [DEBUG] : Learning rate is now 0.010000
2023-12-14 21:35:22,326 | [INFO] : New learning rate: 0.009000000000000001
2023-12-14 21:35:24,020 | [DEBUG] : Current model size: 29226 parameters
2023-12-14 21:35:24,020 | [DEBUG] : Current training mode: increased
2023-12-14 21:35:24,020 | [INFO] : no layers were added
2023-12-14 21:35:24,020 | [DEBUG] : Model size was changed to 29226 parameters
2023-12-14 21:35:24,020 | [DEBUG] : Learning rate is now 0.010000
2023-12-14 21:35:34,094 | [INFO] : New learning rate: 0.009000000000000001
2023-12-14 21:35:35,817 | [DEBUG] : Current model size: 29226 parameters
2023-12-14 21:35:35,817 | [DEBUG] : Current training mode: increased
2023-12-14 21:35:35,817 | [INFO] : no layers were added
2023-12-14 21:35:35,818 | [DEBUG] : Model size was changed to 29226 parameters
2023-12-14 21:35:35,818 | [DEBUG] : Learning rate is now 0.010000
2023-12-14 21:35:45,728 | [INFO] : New learning rate: 0.009000000000000001
2023-12-14 21:35:47,435 | [DEBUG] : Current model size: 29226 parameters
2023-12-14 21:35:47,435 | [DEBUG] : Current training mode: increased
2023-12-14 21:35:47,436 | [INFO] : no layers were added
2023-12-14 21:35:47,436 | [DEBUG] : Model size was changed to 29226 parameters
2023-12-14 21:35:47,436 | [DEBUG] : Learning rate is now 0.010000
2023-12-14 21:35:57,405 | [INFO] : New learning rate: 0.009000000000000001
2023-12-14 21:35:59,122 | [DEBUG] : Current model size: 29226 parameters
2023-12-14 21:35:59,122 | [DEBUG] : Current training mode: increased
2023-12-14 21:35:59,122 | [INFO] : no layers were added
2023-12-14 21:35:59,123 | [DEBUG] : Model size was changed to 29226 parameters
2023-12-14 21:35:59,123 | [DEBUG] : Learning rate is now 0.010000
2023-12-14 21:36:08,911 | [INFO] : New learning rate: 0.009000000000000001
2023-12-14 21:36:10,624 | [DEBUG] : Current model size: 29226 parameters
2023-12-14 21:36:10,624 | [DEBUG] : Current training mode: increased
2023-12-14 21:36:10,624 | [INFO] : no layers were added
2023-12-14 21:36:10,625 | [DEBUG] : Model size was changed to 29226 parameters
2023-12-14 21:36:10,625 | [DEBUG] : Learning rate is now 0.010000
2023-12-14 21:36:20,529 | [INFO] : New learning rate: 0.009000000000000001
2023-12-14 21:36:22,230 | [DEBUG] : Current model size: 29226 parameters
2023-12-14 21:36:22,230 | [DEBUG] : Current training mode: increased
2023-12-14 21:36:22,230 | [INFO] : no layers were added
2023-12-14 21:36:22,231 | [DEBUG] : Model size was changed to 29226 parameters
2023-12-14 21:36:22,231 | [DEBUG] : Learning rate is now 0.010000
2023-12-14 21:36:32,126 | [INFO] : New learning rate: 0.009000000000000001
2023-12-14 21:36:33,816 | [DEBUG] : Current model size: 29226 parameters
2023-12-14 21:36:33,817 | [DEBUG] : Current training mode: increased
2023-12-14 21:36:33,817 | [INFO] : no layers were added
2023-12-14 21:36:33,817 | [DEBUG] : Model size was changed to 29226 parameters
2023-12-14 21:36:33,817 | [DEBUG] : Learning rate is now 0.010000
2023-12-14 21:36:43,757 | [INFO] : New learning rate: 0.009000000000000001
2023-12-14 21:36:45,467 | [DEBUG] : Current model size: 29226 parameters
2023-12-14 21:36:45,467 | [DEBUG] : Current training mode: increased
2023-12-14 21:36:45,467 | [INFO] : no layers were added
2023-12-14 21:36:45,467 | [DEBUG] : Model size was changed to 29226 parameters
2023-12-14 21:36:45,467 | [DEBUG] : Learning rate is now 0.010000
2023-12-14 21:36:55,267 | [INFO] : New learning rate: 0.009000000000000001
2023-12-14 21:36:56,958 | [DEBUG] : Current model size: 29226 parameters
2023-12-14 21:36:56,958 | [DEBUG] : Current training mode: increased
2023-12-14 21:36:56,958 | [INFO] : no layers were added
2023-12-14 21:36:56,959 | [DEBUG] : Model size was changed to 29226 parameters
2023-12-14 21:36:56,959 | [DEBUG] : Learning rate is now 0.010000
2023-12-14 21:37:00,822 | [INFO] : training has run out of time
2023-12-14 21:37:00,822 | [INFO] : training12 runtime (h:mm:ss): 0:03:21
2023-12-14 21:37:00,822 | [INFO] : training12 end time: 12/14/2023 09:37:00 PM
2023-12-14 21:37:00,822 | [INFO] : episode 13/64 finished, objective: None
