2023-12-14 21:13:36,400 | [INFO] : training06 start time: 12/14/2023 09:13:36 PM
2023-12-14 21:13:36,405 | [INFO] : Initialized model with weights: results/small_middle2/weights.pth
2023-12-14 21:13:36,405 | [DEBUG] : Current model size: 10602 parameters
2023-12-14 21:13:36,405 | [DEBUG] : Current training mode: initial
2023-12-14 21:13:36,418 | [INFO] : GPU allocation changing : going up
2023-12-14 21:13:36,420 | [DEBUG] : Current model size: 10602 parameters
2023-12-14 21:13:36,420 | [DEBUG] : Current training mode: increased
2023-12-14 21:13:36,422 | [INFO] : deepening layer 0/3: Conv2d(3, 32, kernel_size=(3, 3), stride=(1, 1))
2023-12-14 21:13:36,423 | [DEBUG] : Model size was changed to 19914 parameters
2023-12-14 21:13:36,423 | [DEBUG] : Learning rate is now 0.010000
2023-12-14 21:13:46,013 | [INFO] : New learning rate: 0.009000000000000001
2023-12-14 21:13:47,752 | [DEBUG] : Current model size: 19914 parameters
2023-12-14 21:13:47,752 | [DEBUG] : Current training mode: increased
2023-12-14 21:13:47,753 | [INFO] : deepening layer 1/3: Conv2d(32, 32, kernel_size=(3, 3), stride=(1, 1))
2023-12-14 21:13:47,754 | [DEBUG] : Model size was changed to 29226 parameters
2023-12-14 21:13:47,754 | [DEBUG] : Learning rate is now 0.010000
2023-12-14 21:13:57,860 | [INFO] : New learning rate: 0.009000000000000001
2023-12-14 21:13:59,556 | [DEBUG] : Current model size: 29226 parameters
2023-12-14 21:13:59,556 | [DEBUG] : Current training mode: increased
2023-12-14 21:13:59,557 | [INFO] : deepening layer 2/3: Linear(in_features=32, out_features=10, bias=True)
2023-12-14 21:13:59,557 | [DEBUG] : Model size was changed to 29336 parameters
2023-12-14 21:13:59,557 | [DEBUG] : Learning rate is now 0.010000
2023-12-14 21:14:09,650 | [INFO] : New learning rate: 0.009000000000000001
2023-12-14 21:14:11,670 | [DEBUG] : Current model size: 29336 parameters
2023-12-14 21:14:11,670 | [DEBUG] : Current training mode: increased
2023-12-14 21:14:11,670 | [INFO] : no layers were added
2023-12-14 21:14:11,671 | [DEBUG] : Model size was changed to 29336 parameters
2023-12-14 21:14:11,671 | [DEBUG] : Learning rate is now 0.010000
2023-12-14 21:14:21,787 | [INFO] : New learning rate: 0.009000000000000001
2023-12-14 21:14:23,509 | [DEBUG] : Current model size: 29336 parameters
2023-12-14 21:14:23,509 | [DEBUG] : Current training mode: increased
2023-12-14 21:14:23,509 | [INFO] : no layers were added
2023-12-14 21:14:23,509 | [DEBUG] : Model size was changed to 29336 parameters
2023-12-14 21:14:23,509 | [DEBUG] : Learning rate is now 0.010000
2023-12-14 21:14:33,608 | [INFO] : New learning rate: 0.009000000000000001
2023-12-14 21:14:35,306 | [DEBUG] : Current model size: 29336 parameters
2023-12-14 21:14:35,306 | [DEBUG] : Current training mode: increased
2023-12-14 21:14:35,306 | [INFO] : no layers were added
2023-12-14 21:14:35,306 | [DEBUG] : Model size was changed to 29336 parameters
2023-12-14 21:14:35,306 | [DEBUG] : Learning rate is now 0.010000
2023-12-14 21:14:45,390 | [INFO] : New learning rate: 0.009000000000000001
2023-12-14 21:14:47,102 | [DEBUG] : Current model size: 29336 parameters
2023-12-14 21:14:47,102 | [DEBUG] : Current training mode: increased
2023-12-14 21:14:47,102 | [INFO] : no layers were added
2023-12-14 21:14:47,103 | [DEBUG] : Model size was changed to 29336 parameters
2023-12-14 21:14:47,103 | [DEBUG] : Learning rate is now 0.010000
2023-12-14 21:14:57,007 | [INFO] : New learning rate: 0.009000000000000001
2023-12-14 21:14:58,718 | [DEBUG] : Current model size: 29336 parameters
2023-12-14 21:14:58,718 | [DEBUG] : Current training mode: increased
2023-12-14 21:14:58,718 | [INFO] : no layers were added
2023-12-14 21:14:58,718 | [DEBUG] : Model size was changed to 29336 parameters
2023-12-14 21:14:58,718 | [DEBUG] : Learning rate is now 0.010000
2023-12-14 21:15:08,658 | [INFO] : New learning rate: 0.009000000000000001
2023-12-14 21:15:10,350 | [DEBUG] : Current model size: 29336 parameters
2023-12-14 21:15:10,350 | [DEBUG] : Current training mode: increased
2023-12-14 21:15:10,351 | [INFO] : no layers were added
2023-12-14 21:15:10,351 | [DEBUG] : Model size was changed to 29336 parameters
2023-12-14 21:15:10,351 | [DEBUG] : Learning rate is now 0.010000
2023-12-14 21:15:20,297 | [INFO] : New learning rate: 0.009000000000000001
2023-12-14 21:15:22,008 | [DEBUG] : Current model size: 29336 parameters
2023-12-14 21:15:22,009 | [DEBUG] : Current training mode: increased
2023-12-14 21:15:22,009 | [INFO] : no layers were added
2023-12-14 21:15:22,009 | [DEBUG] : Model size was changed to 29336 parameters
2023-12-14 21:15:22,009 | [DEBUG] : Learning rate is now 0.010000
2023-12-14 21:15:31,980 | [INFO] : New learning rate: 0.009000000000000001
2023-12-14 21:15:33,695 | [DEBUG] : Current model size: 29336 parameters
2023-12-14 21:15:33,695 | [DEBUG] : Current training mode: increased
2023-12-14 21:15:33,695 | [INFO] : no layers were added
2023-12-14 21:15:33,695 | [DEBUG] : Model size was changed to 29336 parameters
2023-12-14 21:15:33,695 | [DEBUG] : Learning rate is now 0.010000
2023-12-14 21:15:43,771 | [INFO] : New learning rate: 0.009000000000000001
2023-12-14 21:15:45,458 | [DEBUG] : Current model size: 29336 parameters
2023-12-14 21:15:45,458 | [DEBUG] : Current training mode: increased
2023-12-14 21:15:45,458 | [INFO] : no layers were added
2023-12-14 21:15:45,459 | [DEBUG] : Model size was changed to 29336 parameters
2023-12-14 21:15:45,459 | [DEBUG] : Learning rate is now 0.010000
2023-12-14 21:15:55,459 | [INFO] : New learning rate: 0.009000000000000001
2023-12-14 21:15:57,192 | [DEBUG] : Current model size: 29336 parameters
2023-12-14 21:15:57,192 | [DEBUG] : Current training mode: increased
2023-12-14 21:15:57,192 | [INFO] : no layers were added
2023-12-14 21:15:57,192 | [DEBUG] : Model size was changed to 29336 parameters
2023-12-14 21:15:57,192 | [DEBUG] : Learning rate is now 0.010000
2023-12-14 21:16:07,102 | [INFO] : New learning rate: 0.009000000000000001
2023-12-14 21:16:08,795 | [DEBUG] : Current model size: 29336 parameters
2023-12-14 21:16:08,795 | [DEBUG] : Current training mode: increased
2023-12-14 21:16:08,795 | [INFO] : no layers were added
2023-12-14 21:16:08,796 | [DEBUG] : Model size was changed to 29336 parameters
2023-12-14 21:16:08,796 | [DEBUG] : Learning rate is now 0.010000
2023-12-14 21:16:18,878 | [INFO] : New learning rate: 0.009000000000000001
2023-12-14 21:16:20,592 | [DEBUG] : Current model size: 29336 parameters
2023-12-14 21:16:20,592 | [DEBUG] : Current training mode: increased
2023-12-14 21:16:20,592 | [INFO] : no layers were added
2023-12-14 21:16:20,593 | [DEBUG] : Model size was changed to 29336 parameters
2023-12-14 21:16:20,593 | [DEBUG] : Learning rate is now 0.010000
2023-12-14 21:16:30,720 | [INFO] : New learning rate: 0.009000000000000001
2023-12-14 21:16:32,454 | [DEBUG] : Current model size: 29336 parameters
2023-12-14 21:16:32,454 | [DEBUG] : Current training mode: increased
2023-12-14 21:16:32,455 | [INFO] : no layers were added
2023-12-14 21:16:32,455 | [DEBUG] : Model size was changed to 29336 parameters
2023-12-14 21:16:32,455 | [DEBUG] : Learning rate is now 0.010000
2023-12-14 21:16:42,713 | [INFO] : New learning rate: 0.009000000000000001
2023-12-14 21:16:44,412 | [DEBUG] : Current model size: 29336 parameters
2023-12-14 21:16:44,412 | [DEBUG] : Current training mode: increased
2023-12-14 21:16:44,412 | [INFO] : no layers were added
2023-12-14 21:16:44,413 | [DEBUG] : Model size was changed to 29336 parameters
2023-12-14 21:16:44,413 | [DEBUG] : Learning rate is now 0.010000
2023-12-14 21:16:54,543 | [INFO] : New learning rate: 0.009000000000000001
2023-12-14 21:16:56,321 | [DEBUG] : Current model size: 29336 parameters
2023-12-14 21:16:56,321 | [DEBUG] : Current training mode: increased
2023-12-14 21:16:56,321 | [INFO] : no layers were added
2023-12-14 21:16:56,321 | [DEBUG] : Model size was changed to 29336 parameters
2023-12-14 21:16:56,321 | [DEBUG] : Learning rate is now 0.010000
2023-12-14 21:16:56,413 | [INFO] : training has run out of time
2023-12-14 21:16:56,414 | [INFO] : training06 runtime (h:mm:ss): 0:03:21
2023-12-14 21:16:56,414 | [INFO] : training06 end time: 12/14/2023 09:16:56 PM
2023-12-14 21:16:56,414 | [INFO] : episode 7/64 finished, objective: None
