2023-12-14 23:24:05,937 | [INFO] : training45 start time: 12/14/2023 11:24:05 PM
2023-12-14 23:24:05,940 | [INFO] : Initialized model with weights: results/small_middle2/weights.pth
2023-12-14 23:24:05,941 | [DEBUG] : Current model size: 10602 parameters
2023-12-14 23:24:05,941 | [DEBUG] : Current training mode: initial
2023-12-14 23:24:05,958 | [INFO] : GPU allocation changing : going up
2023-12-14 23:24:05,960 | [DEBUG] : Current model size: 10602 parameters
2023-12-14 23:24:05,961 | [DEBUG] : Current training mode: increased
2023-12-14 23:24:05,962 | [INFO] : deepening layer 2/3: Linear(in_features=32, out_features=10, bias=True)
2023-12-14 23:24:05,962 | [DEBUG] : Model size was changed to 10712 parameters
2023-12-14 23:24:05,962 | [DEBUG] : Learning rate is now 0.010000
2023-12-14 23:24:16,052 | [INFO] : New learning rate: 0.009000000000000001
2023-12-14 23:24:17,887 | [DEBUG] : Current model size: 10712 parameters
2023-12-14 23:24:17,887 | [DEBUG] : Current training mode: increased
2023-12-14 23:24:17,887 | [INFO] : no layers were added
2023-12-14 23:24:17,888 | [DEBUG] : Model size was changed to 10712 parameters
2023-12-14 23:24:17,888 | [DEBUG] : Learning rate is now 0.010000
2023-12-14 23:24:27,953 | [INFO] : New learning rate: 0.009000000000000001
2023-12-14 23:24:29,947 | [DEBUG] : Current model size: 10712 parameters
2023-12-14 23:24:29,947 | [DEBUG] : Current training mode: increased
2023-12-14 23:24:29,948 | [INFO] : deepening layer 1/3: Conv2d(32, 32, kernel_size=(3, 3), stride=(1, 1))
2023-12-14 23:24:29,949 | [DEBUG] : Model size was changed to 20024 parameters
2023-12-14 23:24:29,949 | [DEBUG] : Learning rate is now 0.010000
2023-12-14 23:24:40,252 | [INFO] : New learning rate: 0.009000000000000001
2023-12-14 23:24:42,243 | [DEBUG] : Current model size: 20024 parameters
2023-12-14 23:24:42,243 | [DEBUG] : Current training mode: increased
2023-12-14 23:24:42,243 | [INFO] : no layers were added
2023-12-14 23:24:42,244 | [DEBUG] : Model size was changed to 20024 parameters
2023-12-14 23:24:42,244 | [DEBUG] : Learning rate is now 0.010000
2023-12-14 23:24:52,610 | [INFO] : New learning rate: 0.009000000000000001
2023-12-14 23:24:54,561 | [DEBUG] : Current model size: 20024 parameters
2023-12-14 23:24:54,561 | [DEBUG] : Current training mode: increased
2023-12-14 23:24:54,561 | [INFO] : no layers were added
2023-12-14 23:24:54,562 | [DEBUG] : Model size was changed to 20024 parameters
2023-12-14 23:24:54,562 | [DEBUG] : Learning rate is now 0.010000
2023-12-14 23:25:04,779 | [INFO] : New learning rate: 0.009000000000000001
2023-12-14 23:25:06,550 | [DEBUG] : Current model size: 20024 parameters
2023-12-14 23:25:06,550 | [DEBUG] : Current training mode: increased
2023-12-14 23:25:06,550 | [INFO] : no layers were added
2023-12-14 23:25:06,550 | [DEBUG] : Model size was changed to 20024 parameters
2023-12-14 23:25:06,551 | [DEBUG] : Learning rate is now 0.010000
2023-12-14 23:25:16,787 | [INFO] : New learning rate: 0.009000000000000001
2023-12-14 23:25:18,759 | [DEBUG] : Current model size: 20024 parameters
2023-12-14 23:25:18,759 | [DEBUG] : Current training mode: increased
2023-12-14 23:25:18,759 | [INFO] : no layers were added
2023-12-14 23:25:18,760 | [DEBUG] : Model size was changed to 20024 parameters
2023-12-14 23:25:18,760 | [DEBUG] : Learning rate is now 0.010000
2023-12-14 23:25:28,804 | [INFO] : New learning rate: 0.009000000000000001
2023-12-14 23:25:30,700 | [DEBUG] : Current model size: 20024 parameters
2023-12-14 23:25:30,700 | [DEBUG] : Current training mode: increased
2023-12-14 23:25:30,701 | [INFO] : no layers were added
2023-12-14 23:25:30,701 | [DEBUG] : Model size was changed to 20024 parameters
2023-12-14 23:25:30,701 | [DEBUG] : Learning rate is now 0.010000
2023-12-14 23:25:40,968 | [INFO] : New learning rate: 0.009000000000000001
2023-12-14 23:25:42,947 | [DEBUG] : Current model size: 20024 parameters
2023-12-14 23:25:42,947 | [DEBUG] : Current training mode: increased
2023-12-14 23:25:42,947 | [INFO] : no layers were added
2023-12-14 23:25:42,948 | [DEBUG] : Model size was changed to 20024 parameters
2023-12-14 23:25:42,948 | [DEBUG] : Learning rate is now 0.010000
2023-12-14 23:25:53,272 | [INFO] : New learning rate: 0.009000000000000001
2023-12-14 23:25:55,268 | [DEBUG] : Current model size: 20024 parameters
2023-12-14 23:25:55,268 | [DEBUG] : Current training mode: increased
2023-12-14 23:25:55,268 | [INFO] : no layers were added
2023-12-14 23:25:55,269 | [DEBUG] : Model size was changed to 20024 parameters
2023-12-14 23:25:55,269 | [DEBUG] : Learning rate is now 0.010000
2023-12-14 23:26:05,576 | [INFO] : New learning rate: 0.009000000000000001
2023-12-14 23:26:07,615 | [DEBUG] : Current model size: 20024 parameters
2023-12-14 23:26:07,615 | [DEBUG] : Current training mode: increased
2023-12-14 23:26:07,615 | [INFO] : no layers were added
2023-12-14 23:26:07,616 | [DEBUG] : Model size was changed to 20024 parameters
2023-12-14 23:26:07,616 | [DEBUG] : Learning rate is now 0.010000
2023-12-14 23:26:18,071 | [INFO] : New learning rate: 0.009000000000000001
2023-12-14 23:26:19,946 | [DEBUG] : Current model size: 20024 parameters
2023-12-14 23:26:19,946 | [DEBUG] : Current training mode: increased
2023-12-14 23:26:19,946 | [INFO] : no layers were added
2023-12-14 23:26:19,946 | [DEBUG] : Model size was changed to 20024 parameters
2023-12-14 23:26:19,946 | [DEBUG] : Learning rate is now 0.010000
2023-12-14 23:26:30,534 | [INFO] : New learning rate: 0.009000000000000001
2023-12-14 23:26:32,354 | [DEBUG] : Current model size: 20024 parameters
2023-12-14 23:26:32,354 | [DEBUG] : Current training mode: increased
2023-12-14 23:26:32,355 | [INFO] : no layers were added
2023-12-14 23:26:32,355 | [DEBUG] : Model size was changed to 20024 parameters
2023-12-14 23:26:32,355 | [DEBUG] : Learning rate is now 0.010000
2023-12-14 23:26:42,674 | [INFO] : New learning rate: 0.009000000000000001
2023-12-14 23:26:44,612 | [DEBUG] : Current model size: 20024 parameters
2023-12-14 23:26:44,612 | [DEBUG] : Current training mode: increased
2023-12-14 23:26:44,612 | [INFO] : no layers were added
2023-12-14 23:26:44,613 | [DEBUG] : Model size was changed to 20024 parameters
2023-12-14 23:26:44,613 | [DEBUG] : Learning rate is now 0.010000
2023-12-14 23:26:54,971 | [INFO] : New learning rate: 0.009000000000000001
2023-12-14 23:26:56,783 | [DEBUG] : Current model size: 20024 parameters
2023-12-14 23:26:56,783 | [DEBUG] : Current training mode: increased
2023-12-14 23:26:56,783 | [INFO] : no layers were added
2023-12-14 23:26:56,784 | [DEBUG] : Model size was changed to 20024 parameters
2023-12-14 23:26:56,784 | [DEBUG] : Learning rate is now 0.010000
2023-12-14 23:27:07,153 | [INFO] : New learning rate: 0.009000000000000001
2023-12-14 23:27:08,945 | [DEBUG] : Current model size: 20024 parameters
2023-12-14 23:27:08,946 | [DEBUG] : Current training mode: increased
2023-12-14 23:27:08,946 | [INFO] : no layers were added
2023-12-14 23:27:08,946 | [DEBUG] : Model size was changed to 20024 parameters
2023-12-14 23:27:08,946 | [DEBUG] : Learning rate is now 0.010000
2023-12-14 23:27:19,143 | [INFO] : New learning rate: 0.009000000000000001
2023-12-14 23:27:21,107 | [DEBUG] : Current model size: 20024 parameters
2023-12-14 23:27:21,107 | [DEBUG] : Current training mode: increased
2023-12-14 23:27:21,107 | [INFO] : no layers were added
2023-12-14 23:27:21,107 | [DEBUG] : Model size was changed to 20024 parameters
2023-12-14 23:27:21,107 | [DEBUG] : Learning rate is now 0.010000
2023-12-14 23:27:25,952 | [INFO] : training has run out of time
2023-12-14 23:27:25,953 | [INFO] : training45 runtime (h:mm:ss): 0:03:21
2023-12-14 23:27:25,953 | [INFO] : training45 end time: 12/14/2023 11:27:25 PM
2023-12-14 23:27:25,954 | [INFO] : episode 46/64 finished, objective: None
