2023-12-14 22:20:31,948 | [INFO] : training26 start time: 12/14/2023 10:20:31 PM
2023-12-14 22:20:31,952 | [INFO] : Initialized model with weights: results/small_middle2/weights.pth
2023-12-14 22:20:31,952 | [DEBUG] : Current model size: 10602 parameters
2023-12-14 22:20:31,952 | [DEBUG] : Current training mode: initial
2023-12-14 22:20:31,966 | [INFO] : GPU allocation changing : going up
2023-12-14 22:20:31,968 | [DEBUG] : Current model size: 10602 parameters
2023-12-14 22:20:31,968 | [DEBUG] : Current training mode: increased
2023-12-14 22:20:31,970 | [INFO] : deepening layer 1/3: Conv2d(32, 32, kernel_size=(3, 3), stride=(1, 1))
2023-12-14 22:20:31,970 | [DEBUG] : Model size was changed to 19914 parameters
2023-12-14 22:20:31,970 | [DEBUG] : Learning rate is now 0.010000
2023-12-14 22:20:41,723 | [INFO] : New learning rate: 0.009000000000000001
2023-12-14 22:20:43,428 | [DEBUG] : Current model size: 19914 parameters
2023-12-14 22:20:43,428 | [DEBUG] : Current training mode: increased
2023-12-14 22:20:43,429 | [INFO] : deepening layer 2/3: Linear(in_features=32, out_features=10, bias=True)
2023-12-14 22:20:43,429 | [DEBUG] : Model size was changed to 20024 parameters
2023-12-14 22:20:43,429 | [DEBUG] : Learning rate is now 0.010000
2023-12-14 22:20:53,270 | [INFO] : New learning rate: 0.009000000000000001
2023-12-14 22:20:54,966 | [DEBUG] : Current model size: 20024 parameters
2023-12-14 22:20:54,966 | [DEBUG] : Current training mode: increased
2023-12-14 22:20:54,968 | [INFO] : deepening layer 2/3: Linear(in_features=32, out_features=10, bias=True)
2023-12-14 22:20:54,968 | [DEBUG] : Model size was changed to 20134 parameters
2023-12-14 22:20:54,969 | [DEBUG] : Learning rate is now 0.010000
2023-12-14 22:21:05,292 | [INFO] : New learning rate: 0.009000000000000001
2023-12-14 22:21:07,003 | [DEBUG] : Current model size: 20134 parameters
2023-12-14 22:21:07,003 | [DEBUG] : Current training mode: increased
2023-12-14 22:21:07,003 | [INFO] : no layers were added
2023-12-14 22:21:07,004 | [DEBUG] : Model size was changed to 20134 parameters
2023-12-14 22:21:07,004 | [DEBUG] : Learning rate is now 0.010000
2023-12-14 22:21:16,878 | [INFO] : New learning rate: 0.009000000000000001
2023-12-14 22:21:18,651 | [DEBUG] : Current model size: 20134 parameters
2023-12-14 22:21:18,651 | [DEBUG] : Current training mode: increased
2023-12-14 22:21:18,651 | [INFO] : no layers were added
2023-12-14 22:21:18,652 | [DEBUG] : Model size was changed to 20134 parameters
2023-12-14 22:21:18,652 | [DEBUG] : Learning rate is now 0.010000
2023-12-14 22:21:28,610 | [INFO] : New learning rate: 0.009000000000000001
2023-12-14 22:21:30,291 | [DEBUG] : Current model size: 20134 parameters
2023-12-14 22:21:30,292 | [DEBUG] : Current training mode: increased
2023-12-14 22:21:30,292 | [INFO] : no layers were added
2023-12-14 22:21:30,292 | [DEBUG] : Model size was changed to 20134 parameters
2023-12-14 22:21:30,292 | [DEBUG] : Learning rate is now 0.010000
2023-12-14 22:21:40,410 | [INFO] : New learning rate: 0.009000000000000001
2023-12-14 22:21:42,145 | [DEBUG] : Current model size: 20134 parameters
2023-12-14 22:21:42,145 | [DEBUG] : Current training mode: increased
2023-12-14 22:21:42,145 | [INFO] : no layers were added
2023-12-14 22:21:42,145 | [DEBUG] : Model size was changed to 20134 parameters
2023-12-14 22:21:42,145 | [DEBUG] : Learning rate is now 0.010000
2023-12-14 22:21:52,167 | [INFO] : New learning rate: 0.009000000000000001
2023-12-14 22:21:53,860 | [DEBUG] : Current model size: 20134 parameters
2023-12-14 22:21:53,860 | [DEBUG] : Current training mode: increased
2023-12-14 22:21:53,861 | [INFO] : no layers were added
2023-12-14 22:21:53,861 | [DEBUG] : Model size was changed to 20134 parameters
2023-12-14 22:21:53,861 | [DEBUG] : Learning rate is now 0.010000
2023-12-14 22:22:03,923 | [INFO] : New learning rate: 0.009000000000000001
2023-12-14 22:22:05,637 | [DEBUG] : Current model size: 20134 parameters
2023-12-14 22:22:05,637 | [DEBUG] : Current training mode: increased
2023-12-14 22:22:05,637 | [INFO] : no layers were added
2023-12-14 22:22:05,637 | [DEBUG] : Model size was changed to 20134 parameters
2023-12-14 22:22:05,637 | [DEBUG] : Learning rate is now 0.010000
2023-12-14 22:22:15,423 | [INFO] : New learning rate: 0.009000000000000001
2023-12-14 22:22:17,138 | [DEBUG] : Current model size: 20134 parameters
2023-12-14 22:22:17,138 | [DEBUG] : Current training mode: increased
2023-12-14 22:22:17,138 | [INFO] : no layers were added
2023-12-14 22:22:17,139 | [DEBUG] : Model size was changed to 20134 parameters
2023-12-14 22:22:17,139 | [DEBUG] : Learning rate is now 0.010000
2023-12-14 22:22:27,007 | [INFO] : New learning rate: 0.009000000000000001
2023-12-14 22:22:28,691 | [DEBUG] : Current model size: 20134 parameters
2023-12-14 22:22:28,691 | [DEBUG] : Current training mode: increased
2023-12-14 22:22:28,691 | [INFO] : no layers were added
2023-12-14 22:22:28,691 | [DEBUG] : Model size was changed to 20134 parameters
2023-12-14 22:22:28,691 | [DEBUG] : Learning rate is now 0.010000
2023-12-14 22:22:38,445 | [INFO] : New learning rate: 0.009000000000000001
2023-12-14 22:22:40,123 | [DEBUG] : Current model size: 20134 parameters
2023-12-14 22:22:40,123 | [DEBUG] : Current training mode: increased
2023-12-14 22:22:40,123 | [INFO] : no layers were added
2023-12-14 22:22:40,124 | [DEBUG] : Model size was changed to 20134 parameters
2023-12-14 22:22:40,124 | [DEBUG] : Learning rate is now 0.010000
2023-12-14 22:22:49,828 | [INFO] : New learning rate: 0.009000000000000001
2023-12-14 22:22:51,531 | [DEBUG] : Current model size: 20134 parameters
2023-12-14 22:22:51,531 | [DEBUG] : Current training mode: increased
2023-12-14 22:22:51,531 | [INFO] : no layers were added
2023-12-14 22:22:51,531 | [DEBUG] : Model size was changed to 20134 parameters
2023-12-14 22:22:51,531 | [DEBUG] : Learning rate is now 0.010000
2023-12-14 22:23:01,273 | [INFO] : New learning rate: 0.009000000000000001
2023-12-14 22:23:02,961 | [DEBUG] : Current model size: 20134 parameters
2023-12-14 22:23:02,961 | [DEBUG] : Current training mode: increased
2023-12-14 22:23:02,961 | [INFO] : no layers were added
2023-12-14 22:23:02,961 | [DEBUG] : Model size was changed to 20134 parameters
2023-12-14 22:23:02,961 | [DEBUG] : Learning rate is now 0.010000
2023-12-14 22:23:12,704 | [INFO] : New learning rate: 0.009000000000000001
2023-12-14 22:23:14,436 | [DEBUG] : Current model size: 20134 parameters
2023-12-14 22:23:14,436 | [DEBUG] : Current training mode: increased
2023-12-14 22:23:14,436 | [INFO] : no layers were added
2023-12-14 22:23:14,437 | [DEBUG] : Model size was changed to 20134 parameters
2023-12-14 22:23:14,437 | [DEBUG] : Learning rate is now 0.010000
2023-12-14 22:23:24,306 | [INFO] : New learning rate: 0.009000000000000001
2023-12-14 22:23:25,987 | [DEBUG] : Current model size: 20134 parameters
2023-12-14 22:23:25,987 | [DEBUG] : Current training mode: increased
2023-12-14 22:23:25,987 | [INFO] : no layers were added
2023-12-14 22:23:25,987 | [DEBUG] : Model size was changed to 20134 parameters
2023-12-14 22:23:25,987 | [DEBUG] : Learning rate is now 0.010000
2023-12-14 22:23:35,936 | [INFO] : New learning rate: 0.009000000000000001
2023-12-14 22:23:37,628 | [DEBUG] : Current model size: 20134 parameters
2023-12-14 22:23:37,628 | [DEBUG] : Current training mode: increased
2023-12-14 22:23:37,628 | [INFO] : no layers were added
2023-12-14 22:23:37,629 | [DEBUG] : Model size was changed to 20134 parameters
2023-12-14 22:23:37,629 | [DEBUG] : Learning rate is now 0.010000
2023-12-14 22:23:47,483 | [INFO] : New learning rate: 0.009000000000000001
2023-12-14 22:23:49,187 | [DEBUG] : Current model size: 20134 parameters
2023-12-14 22:23:49,187 | [DEBUG] : Current training mode: increased
2023-12-14 22:23:49,187 | [INFO] : no layers were added
2023-12-14 22:23:49,188 | [DEBUG] : Model size was changed to 20134 parameters
2023-12-14 22:23:49,188 | [DEBUG] : Learning rate is now 0.010000
2023-12-14 22:23:51,960 | [INFO] : training has run out of time
2023-12-14 22:23:51,961 | [INFO] : training26 runtime (h:mm:ss): 0:03:21
2023-12-14 22:23:51,961 | [INFO] : training26 end time: 12/14/2023 10:23:51 PM
2023-12-14 22:23:51,961 | [INFO] : episode 27/64 finished, objective: None
