2023-12-14 20:53:28,386 | [INFO] : training00 start time: 12/14/2023 08:53:28 PM
2023-12-14 20:53:29,554 | [INFO] : Initialized model with weights: results/small_middle2/weights.pth
2023-12-14 20:53:29,554 | [DEBUG] : Current model size: 10602 parameters
2023-12-14 20:53:29,554 | [DEBUG] : Current training mode: initial
2023-12-14 20:53:30,879 | [INFO] : GPU allocation changing : going up
2023-12-14 20:53:30,882 | [DEBUG] : Current model size: 10602 parameters
2023-12-14 20:53:30,882 | [DEBUG] : Current training mode: increased
2023-12-14 20:53:30,884 | [INFO] : deepening layer 0/3: Conv2d(3, 32, kernel_size=(3, 3), stride=(1, 1))
2023-12-14 20:53:30,884 | [DEBUG] : Model size was changed to 19914 parameters
2023-12-14 20:53:30,884 | [DEBUG] : Learning rate is now 0.010000
2023-12-14 20:53:42,207 | [INFO] : New learning rate: 0.009000000000000001
2023-12-14 20:53:43,986 | [DEBUG] : Current model size: 19914 parameters
2023-12-14 20:53:43,986 | [DEBUG] : Current training mode: increased
2023-12-14 20:53:43,988 | [INFO] : deepening layer 0/3: Conv2d(3, 32, kernel_size=(3, 3), stride=(1, 1))
2023-12-14 20:53:43,989 | [DEBUG] : Model size was changed to 29226 parameters
2023-12-14 20:53:43,989 | [DEBUG] : Learning rate is now 0.010000
2023-12-14 20:53:54,768 | [INFO] : New learning rate: 0.009000000000000001
2023-12-14 20:53:56,569 | [DEBUG] : Current model size: 29226 parameters
2023-12-14 20:53:56,570 | [DEBUG] : Current training mode: increased
2023-12-14 20:53:56,571 | [INFO] : deepening layer 0/3: Conv2d(3, 32, kernel_size=(3, 3), stride=(1, 1))
2023-12-14 20:53:56,572 | [DEBUG] : Model size was changed to 38538 parameters
2023-12-14 20:53:56,572 | [DEBUG] : Learning rate is now 0.010000
2023-12-14 20:54:07,561 | [INFO] : New learning rate: 0.009000000000000001
2023-12-14 20:54:09,387 | [DEBUG] : Current model size: 38538 parameters
2023-12-14 20:54:09,387 | [DEBUG] : Current training mode: increased
2023-12-14 20:54:09,387 | [INFO] : no layers were added
2023-12-14 20:54:09,388 | [DEBUG] : Model size was changed to 38538 parameters
2023-12-14 20:54:09,388 | [DEBUG] : Learning rate is now 0.010000
2023-12-14 20:54:20,353 | [INFO] : New learning rate: 0.009000000000000001
2023-12-14 20:54:22,168 | [DEBUG] : Current model size: 38538 parameters
2023-12-14 20:54:22,168 | [DEBUG] : Current training mode: increased
2023-12-14 20:54:22,168 | [INFO] : no layers were added
2023-12-14 20:54:22,168 | [DEBUG] : Model size was changed to 38538 parameters
2023-12-14 20:54:22,168 | [DEBUG] : Learning rate is now 0.010000
2023-12-14 20:54:33,017 | [INFO] : New learning rate: 0.009000000000000001
2023-12-14 20:54:34,846 | [DEBUG] : Current model size: 38538 parameters
2023-12-14 20:54:34,847 | [DEBUG] : Current training mode: increased
2023-12-14 20:54:34,847 | [INFO] : no layers were added
2023-12-14 20:54:34,847 | [DEBUG] : Model size was changed to 38538 parameters
2023-12-14 20:54:34,847 | [DEBUG] : Learning rate is now 0.010000
2023-12-14 20:54:45,786 | [INFO] : New learning rate: 0.009000000000000001
2023-12-14 20:54:47,586 | [DEBUG] : Current model size: 38538 parameters
2023-12-14 20:54:47,586 | [DEBUG] : Current training mode: increased
2023-12-14 20:54:47,586 | [INFO] : no layers were added
2023-12-14 20:54:47,587 | [DEBUG] : Model size was changed to 38538 parameters
2023-12-14 20:54:47,587 | [DEBUG] : Learning rate is now 0.010000
2023-12-14 20:54:58,335 | [INFO] : New learning rate: 0.009000000000000001
2023-12-14 20:55:00,085 | [DEBUG] : Current model size: 38538 parameters
2023-12-14 20:55:00,085 | [DEBUG] : Current training mode: increased
2023-12-14 20:55:00,085 | [INFO] : no layers were added
2023-12-14 20:55:00,086 | [DEBUG] : Model size was changed to 38538 parameters
2023-12-14 20:55:00,086 | [DEBUG] : Learning rate is now 0.010000
2023-12-14 20:55:10,813 | [INFO] : New learning rate: 0.009000000000000001
2023-12-14 20:55:12,545 | [DEBUG] : Current model size: 38538 parameters
2023-12-14 20:55:12,545 | [DEBUG] : Current training mode: increased
2023-12-14 20:55:12,546 | [INFO] : no layers were added
2023-12-14 20:55:12,546 | [DEBUG] : Model size was changed to 38538 parameters
2023-12-14 20:55:12,546 | [DEBUG] : Learning rate is now 0.010000
2023-12-14 20:55:22,933 | [INFO] : New learning rate: 0.009000000000000001
2023-12-14 20:55:24,660 | [DEBUG] : Current model size: 38538 parameters
2023-12-14 20:55:24,660 | [DEBUG] : Current training mode: increased
2023-12-14 20:55:24,660 | [INFO] : no layers were added
2023-12-14 20:55:24,660 | [DEBUG] : Model size was changed to 38538 parameters
2023-12-14 20:55:24,660 | [DEBUG] : Learning rate is now 0.010000
2023-12-14 20:55:35,039 | [INFO] : New learning rate: 0.009000000000000001
2023-12-14 20:55:36,744 | [DEBUG] : Current model size: 38538 parameters
2023-12-14 20:55:36,744 | [DEBUG] : Current training mode: increased
2023-12-14 20:55:36,744 | [INFO] : no layers were added
2023-12-14 20:55:36,745 | [DEBUG] : Model size was changed to 38538 parameters
2023-12-14 20:55:36,745 | [DEBUG] : Learning rate is now 0.010000
2023-12-14 20:55:47,270 | [INFO] : New learning rate: 0.009000000000000001
2023-12-14 20:55:48,972 | [DEBUG] : Current model size: 38538 parameters
2023-12-14 20:55:48,972 | [DEBUG] : Current training mode: increased
2023-12-14 20:55:48,972 | [INFO] : no layers were added
2023-12-14 20:55:48,973 | [DEBUG] : Model size was changed to 38538 parameters
2023-12-14 20:55:48,973 | [DEBUG] : Learning rate is now 0.010000
2023-12-14 20:55:59,357 | [INFO] : New learning rate: 0.009000000000000001
2023-12-14 20:56:01,062 | [DEBUG] : Current model size: 38538 parameters
2023-12-14 20:56:01,062 | [DEBUG] : Current training mode: increased
2023-12-14 20:56:01,062 | [INFO] : no layers were added
2023-12-14 20:56:01,063 | [DEBUG] : Model size was changed to 38538 parameters
2023-12-14 20:56:01,063 | [DEBUG] : Learning rate is now 0.010000
2023-12-14 20:56:11,415 | [INFO] : New learning rate: 0.009000000000000001
2023-12-14 20:56:13,109 | [DEBUG] : Current model size: 38538 parameters
2023-12-14 20:56:13,109 | [DEBUG] : Current training mode: increased
2023-12-14 20:56:13,110 | [INFO] : no layers were added
2023-12-14 20:56:13,110 | [DEBUG] : Model size was changed to 38538 parameters
2023-12-14 20:56:13,110 | [DEBUG] : Learning rate is now 0.010000
2023-12-14 20:56:23,448 | [INFO] : New learning rate: 0.009000000000000001
2023-12-14 20:56:25,244 | [DEBUG] : Current model size: 38538 parameters
2023-12-14 20:56:25,244 | [DEBUG] : Current training mode: increased
2023-12-14 20:56:25,244 | [INFO] : no layers were added
2023-12-14 20:56:25,245 | [DEBUG] : Model size was changed to 38538 parameters
2023-12-14 20:56:25,245 | [DEBUG] : Learning rate is now 0.010000
2023-12-14 20:56:35,933 | [INFO] : New learning rate: 0.009000000000000001
2023-12-14 20:56:37,687 | [DEBUG] : Current model size: 38538 parameters
2023-12-14 20:56:37,687 | [DEBUG] : Current training mode: increased
2023-12-14 20:56:37,687 | [INFO] : no layers were added
2023-12-14 20:56:37,687 | [DEBUG] : Model size was changed to 38538 parameters
2023-12-14 20:56:37,688 | [DEBUG] : Learning rate is now 0.010000
2023-12-14 20:56:48,219 | [INFO] : New learning rate: 0.009000000000000001
2023-12-14 20:56:49,938 | [DEBUG] : Current model size: 38538 parameters
2023-12-14 20:56:49,938 | [DEBUG] : Current training mode: increased
2023-12-14 20:56:49,938 | [INFO] : no layers were added
2023-12-14 20:56:49,939 | [DEBUG] : Model size was changed to 38538 parameters
2023-12-14 20:56:49,939 | [DEBUG] : Learning rate is now 0.010000
2023-12-14 20:56:49,951 | [INFO] : training has run out of time
2023-12-14 20:56:49,952 | [INFO] : training00 runtime (h:mm:ss): 0:03:22
2023-12-14 20:56:49,952 | [INFO] : training00 end time: 12/14/2023 08:56:49 PM
2023-12-14 20:56:49,952 | [INFO] : episode 1/64 finished, objective: None
