2023-12-14 23:37:28,864 | [INFO] : training49 start time: 12/14/2023 11:37:28 PM
2023-12-14 23:37:28,869 | [INFO] : Initialized model with weights: results/small_middle2/weights.pth
2023-12-14 23:37:28,869 | [DEBUG] : Current model size: 10602 parameters
2023-12-14 23:37:28,869 | [DEBUG] : Current training mode: initial
2023-12-14 23:37:28,892 | [INFO] : GPU allocation changing : going up
2023-12-14 23:37:28,895 | [DEBUG] : Current model size: 10602 parameters
2023-12-14 23:37:28,895 | [DEBUG] : Current training mode: increased
2023-12-14 23:37:28,895 | [INFO] : no layers were added
2023-12-14 23:37:28,895 | [DEBUG] : Model size was changed to 10602 parameters
2023-12-14 23:37:28,895 | [DEBUG] : Learning rate is now 0.010000
2023-12-14 23:37:38,988 | [INFO] : New learning rate: 0.009000000000000001
2023-12-14 23:37:40,909 | [DEBUG] : Current model size: 10602 parameters
2023-12-14 23:37:40,909 | [DEBUG] : Current training mode: increased
2023-12-14 23:37:40,910 | [INFO] : deepening layer 0/3: Conv2d(3, 32, kernel_size=(3, 3), stride=(1, 1))
2023-12-14 23:37:40,911 | [DEBUG] : Model size was changed to 19914 parameters
2023-12-14 23:37:40,911 | [DEBUG] : Learning rate is now 0.010000
2023-12-14 23:37:51,148 | [INFO] : New learning rate: 0.009000000000000001
2023-12-14 23:37:53,053 | [DEBUG] : Current model size: 19914 parameters
2023-12-14 23:37:53,053 | [DEBUG] : Current training mode: increased
2023-12-14 23:37:53,055 | [INFO] : deepening layer 1/3: Conv2d(32, 32, kernel_size=(3, 3), stride=(1, 1))
2023-12-14 23:37:53,055 | [DEBUG] : Model size was changed to 29226 parameters
2023-12-14 23:37:53,055 | [DEBUG] : Learning rate is now 0.010000
2023-12-14 23:38:03,395 | [INFO] : New learning rate: 0.009000000000000001
2023-12-14 23:38:05,237 | [DEBUG] : Current model size: 29226 parameters
2023-12-14 23:38:05,237 | [DEBUG] : Current training mode: increased
2023-12-14 23:38:05,238 | [INFO] : no layers were added
2023-12-14 23:38:05,238 | [DEBUG] : Model size was changed to 29226 parameters
2023-12-14 23:38:05,238 | [DEBUG] : Learning rate is now 0.010000
2023-12-14 23:38:15,585 | [INFO] : New learning rate: 0.009000000000000001
2023-12-14 23:38:17,426 | [DEBUG] : Current model size: 29226 parameters
2023-12-14 23:38:17,426 | [DEBUG] : Current training mode: increased
2023-12-14 23:38:17,426 | [INFO] : no layers were added
2023-12-14 23:38:17,426 | [DEBUG] : Model size was changed to 29226 parameters
2023-12-14 23:38:17,427 | [DEBUG] : Learning rate is now 0.010000
2023-12-14 23:38:27,821 | [INFO] : New learning rate: 0.009000000000000001
2023-12-14 23:38:29,737 | [DEBUG] : Current model size: 29226 parameters
2023-12-14 23:38:29,738 | [DEBUG] : Current training mode: increased
2023-12-14 23:38:29,738 | [INFO] : no layers were added
2023-12-14 23:38:29,738 | [DEBUG] : Model size was changed to 29226 parameters
2023-12-14 23:38:29,738 | [DEBUG] : Learning rate is now 0.010000
2023-12-14 23:38:40,081 | [INFO] : New learning rate: 0.009000000000000001
2023-12-14 23:38:41,966 | [DEBUG] : Current model size: 29226 parameters
2023-12-14 23:38:41,966 | [DEBUG] : Current training mode: increased
2023-12-14 23:38:41,966 | [INFO] : no layers were added
2023-12-14 23:38:41,966 | [DEBUG] : Model size was changed to 29226 parameters
2023-12-14 23:38:41,966 | [DEBUG] : Learning rate is now 0.010000
2023-12-14 23:38:52,276 | [INFO] : New learning rate: 0.009000000000000001
2023-12-14 23:38:54,058 | [DEBUG] : Current model size: 29226 parameters
2023-12-14 23:38:54,058 | [DEBUG] : Current training mode: increased
2023-12-14 23:38:54,059 | [INFO] : no layers were added
2023-12-14 23:38:54,059 | [DEBUG] : Model size was changed to 29226 parameters
2023-12-14 23:38:54,059 | [DEBUG] : Learning rate is now 0.010000
2023-12-14 23:39:04,468 | [INFO] : New learning rate: 0.009000000000000001
2023-12-14 23:39:06,421 | [DEBUG] : Current model size: 29226 parameters
2023-12-14 23:39:06,421 | [DEBUG] : Current training mode: increased
2023-12-14 23:39:06,422 | [INFO] : no layers were added
2023-12-14 23:39:06,422 | [DEBUG] : Model size was changed to 29226 parameters
2023-12-14 23:39:06,422 | [DEBUG] : Learning rate is now 0.010000
2023-12-14 23:39:16,771 | [INFO] : New learning rate: 0.009000000000000001
2023-12-14 23:39:18,553 | [DEBUG] : Current model size: 29226 parameters
2023-12-14 23:39:18,553 | [DEBUG] : Current training mode: increased
2023-12-14 23:39:18,553 | [INFO] : no layers were added
2023-12-14 23:39:18,554 | [DEBUG] : Model size was changed to 29226 parameters
2023-12-14 23:39:18,554 | [DEBUG] : Learning rate is now 0.010000
2023-12-14 23:39:28,995 | [INFO] : New learning rate: 0.009000000000000001
2023-12-14 23:39:30,879 | [DEBUG] : Current model size: 29226 parameters
2023-12-14 23:39:30,879 | [DEBUG] : Current training mode: increased
2023-12-14 23:39:30,880 | [INFO] : no layers were added
2023-12-14 23:39:30,880 | [DEBUG] : Model size was changed to 29226 parameters
2023-12-14 23:39:30,880 | [DEBUG] : Learning rate is now 0.010000
2023-12-14 23:39:41,151 | [INFO] : New learning rate: 0.009000000000000001
2023-12-14 23:39:43,070 | [DEBUG] : Current model size: 29226 parameters
2023-12-14 23:39:43,070 | [DEBUG] : Current training mode: increased
2023-12-14 23:39:43,070 | [INFO] : no layers were added
2023-12-14 23:39:43,071 | [DEBUG] : Model size was changed to 29226 parameters
2023-12-14 23:39:43,071 | [DEBUG] : Learning rate is now 0.010000
2023-12-14 23:39:53,407 | [INFO] : New learning rate: 0.009000000000000001
2023-12-14 23:39:55,345 | [DEBUG] : Current model size: 29226 parameters
2023-12-14 23:39:55,345 | [DEBUG] : Current training mode: increased
2023-12-14 23:39:55,345 | [INFO] : no layers were added
2023-12-14 23:39:55,346 | [DEBUG] : Model size was changed to 29226 parameters
2023-12-14 23:39:55,346 | [DEBUG] : Learning rate is now 0.010000
2023-12-14 23:40:05,777 | [INFO] : New learning rate: 0.009000000000000001
2023-12-14 23:40:07,649 | [DEBUG] : Current model size: 29226 parameters
2023-12-14 23:40:07,649 | [DEBUG] : Current training mode: increased
2023-12-14 23:40:07,649 | [INFO] : no layers were added
2023-12-14 23:40:07,650 | [DEBUG] : Model size was changed to 29226 parameters
2023-12-14 23:40:07,650 | [DEBUG] : Learning rate is now 0.010000
2023-12-14 23:40:18,094 | [INFO] : New learning rate: 0.009000000000000001
2023-12-14 23:40:19,985 | [DEBUG] : Current model size: 29226 parameters
2023-12-14 23:40:19,985 | [DEBUG] : Current training mode: increased
2023-12-14 23:40:19,985 | [INFO] : no layers were added
2023-12-14 23:40:19,986 | [DEBUG] : Model size was changed to 29226 parameters
2023-12-14 23:40:19,986 | [DEBUG] : Learning rate is now 0.010000
2023-12-14 23:40:30,390 | [INFO] : New learning rate: 0.009000000000000001
2023-12-14 23:40:32,153 | [DEBUG] : Current model size: 29226 parameters
2023-12-14 23:40:32,153 | [DEBUG] : Current training mode: increased
2023-12-14 23:40:32,153 | [INFO] : no layers were added
2023-12-14 23:40:32,153 | [DEBUG] : Model size was changed to 29226 parameters
2023-12-14 23:40:32,154 | [DEBUG] : Learning rate is now 0.010000
2023-12-14 23:40:42,698 | [INFO] : New learning rate: 0.009000000000000001
2023-12-14 23:40:44,567 | [DEBUG] : Current model size: 29226 parameters
2023-12-14 23:40:44,568 | [DEBUG] : Current training mode: increased
2023-12-14 23:40:44,568 | [INFO] : no layers were added
2023-12-14 23:40:44,568 | [DEBUG] : Model size was changed to 29226 parameters
2023-12-14 23:40:44,568 | [DEBUG] : Learning rate is now 0.010000
2023-12-14 23:40:48,877 | [INFO] : training has run out of time
2023-12-14 23:40:48,879 | [INFO] : training49 runtime (h:mm:ss): 0:03:21
2023-12-14 23:40:48,879 | [INFO] : training49 end time: 12/14/2023 11:40:48 PM
2023-12-14 23:40:48,879 | [INFO] : episode 50/64 finished, objective: None
