2023-12-14 23:07:38,464 | [INFO] : training13 start time: 12/14/2023 11:07:38 PM
2023-12-14 23:07:38,466 | [INFO] : Initialized model with weights: results/small_middle_late2/weights.pth
2023-12-14 23:07:38,467 | [DEBUG] : Current model size: 10602 parameters
2023-12-14 23:07:38,467 | [DEBUG] : Current training mode: initial
2023-12-14 23:07:38,480 | [INFO] : GPU allocation changing : going up
2023-12-14 23:07:38,483 | [DEBUG] : Current model size: 10602 parameters
2023-12-14 23:07:38,483 | [DEBUG] : Current training mode: increased
2023-12-14 23:07:38,484 | [INFO] : deepening layer 0/3: Conv2d(3, 32, kernel_size=(3, 3), stride=(1, 1))
2023-12-14 23:07:38,485 | [DEBUG] : Model size was changed to 19914 parameters
2023-12-14 23:07:38,485 | [DEBUG] : Learning rate is now 0.010000
2023-12-14 23:07:48,388 | [INFO] : New learning rate: 0.009000000000000001
2023-12-14 23:07:50,295 | [DEBUG] : Current model size: 19914 parameters
2023-12-14 23:07:50,295 | [DEBUG] : Current training mode: increased
2023-12-14 23:07:50,295 | [INFO] : no layers were added
2023-12-14 23:07:50,296 | [DEBUG] : Model size was changed to 19914 parameters
2023-12-14 23:07:50,296 | [DEBUG] : Learning rate is now 0.010000
2023-12-14 23:08:00,367 | [INFO] : New learning rate: 0.009000000000000001
2023-12-14 23:08:02,322 | [DEBUG] : Current model size: 19914 parameters
2023-12-14 23:08:02,322 | [DEBUG] : Current training mode: increased
2023-12-14 23:08:02,324 | [INFO] : deepening layer 1/3: Conv2d(32, 32, kernel_size=(3, 3), stride=(1, 1))
2023-12-14 23:08:02,325 | [DEBUG] : Model size was changed to 29226 parameters
2023-12-14 23:08:02,325 | [DEBUG] : Learning rate is now 0.010000
2023-12-14 23:08:12,488 | [INFO] : New learning rate: 0.009000000000000001
2023-12-14 23:08:14,321 | [DEBUG] : Current model size: 29226 parameters
2023-12-14 23:08:14,321 | [DEBUG] : Current training mode: increased
2023-12-14 23:08:14,321 | [INFO] : no layers were added
2023-12-14 23:08:14,322 | [DEBUG] : Model size was changed to 29226 parameters
2023-12-14 23:08:14,322 | [DEBUG] : Learning rate is now 0.010000
2023-12-14 23:08:24,438 | [INFO] : New learning rate: 0.009000000000000001
2023-12-14 23:08:26,339 | [DEBUG] : Current model size: 29226 parameters
2023-12-14 23:08:26,339 | [DEBUG] : Current training mode: increased
2023-12-14 23:08:26,339 | [INFO] : no layers were added
2023-12-14 23:08:26,339 | [DEBUG] : Model size was changed to 29226 parameters
2023-12-14 23:08:26,339 | [DEBUG] : Learning rate is now 0.010000
2023-12-14 23:08:36,501 | [INFO] : New learning rate: 0.009000000000000001
2023-12-14 23:08:38,410 | [DEBUG] : Current model size: 29226 parameters
2023-12-14 23:08:38,410 | [DEBUG] : Current training mode: increased
2023-12-14 23:08:38,411 | [INFO] : no layers were added
2023-12-14 23:08:38,411 | [DEBUG] : Model size was changed to 29226 parameters
2023-12-14 23:08:38,411 | [DEBUG] : Learning rate is now 0.010000
2023-12-14 23:08:48,624 | [INFO] : New learning rate: 0.009000000000000001
2023-12-14 23:08:50,597 | [DEBUG] : Current model size: 29226 parameters
2023-12-14 23:08:50,597 | [DEBUG] : Current training mode: increased
2023-12-14 23:08:50,597 | [INFO] : no layers were added
2023-12-14 23:08:50,597 | [DEBUG] : Model size was changed to 29226 parameters
2023-12-14 23:08:50,598 | [DEBUG] : Learning rate is now 0.010000
2023-12-14 23:09:00,765 | [INFO] : New learning rate: 0.009000000000000001
2023-12-14 23:09:02,715 | [DEBUG] : Current model size: 29226 parameters
2023-12-14 23:09:02,716 | [DEBUG] : Current training mode: increased
2023-12-14 23:09:02,716 | [INFO] : no layers were added
2023-12-14 23:09:02,716 | [DEBUG] : Model size was changed to 29226 parameters
2023-12-14 23:09:02,716 | [DEBUG] : Learning rate is now 0.010000
2023-12-14 23:09:12,912 | [INFO] : New learning rate: 0.009000000000000001
2023-12-14 23:09:14,792 | [DEBUG] : Current model size: 29226 parameters
2023-12-14 23:09:14,792 | [DEBUG] : Current training mode: increased
2023-12-14 23:09:14,793 | [INFO] : no layers were added
2023-12-14 23:09:14,793 | [DEBUG] : Model size was changed to 29226 parameters
2023-12-14 23:09:14,793 | [DEBUG] : Learning rate is now 0.010000
2023-12-14 23:09:24,945 | [INFO] : New learning rate: 0.009000000000000001
2023-12-14 23:09:26,874 | [DEBUG] : Current model size: 29226 parameters
2023-12-14 23:09:26,875 | [DEBUG] : Current training mode: increased
2023-12-14 23:09:26,875 | [INFO] : no layers were added
2023-12-14 23:09:26,875 | [DEBUG] : Model size was changed to 29226 parameters
2023-12-14 23:09:26,875 | [DEBUG] : Learning rate is now 0.010000
2023-12-14 23:09:37,105 | [INFO] : New learning rate: 0.009000000000000001
2023-12-14 23:09:39,041 | [DEBUG] : Current model size: 29226 parameters
2023-12-14 23:09:39,041 | [DEBUG] : Current training mode: increased
2023-12-14 23:09:39,041 | [INFO] : no layers were added
2023-12-14 23:09:39,042 | [DEBUG] : Model size was changed to 29226 parameters
2023-12-14 23:09:39,042 | [DEBUG] : Learning rate is now 0.010000
2023-12-14 23:09:48,473 | [INFO] : training has run out of time
2023-12-14 23:09:48,475 | [INFO] : training13 runtime (h:mm:ss): 0:02:11
2023-12-14 23:09:48,475 | [INFO] : training13 end time: 12/14/2023 11:09:48 PM
2023-12-14 23:09:48,475 | [INFO] : episode 14/64 finished, objective: None
