2023-12-14 23:05:26,300 | [INFO] : training12 start time: 12/14/2023 11:05:26 PM
2023-12-14 23:05:26,303 | [INFO] : Initialized model with weights: results/small_middle_late2/weights.pth
2023-12-14 23:05:26,303 | [DEBUG] : Current model size: 10602 parameters
2023-12-14 23:05:26,303 | [DEBUG] : Current training mode: initial
2023-12-14 23:05:26,316 | [INFO] : GPU allocation changing : going up
2023-12-14 23:05:26,318 | [DEBUG] : Current model size: 10602 parameters
2023-12-14 23:05:26,318 | [DEBUG] : Current training mode: increased
2023-12-14 23:05:26,320 | [INFO] : deepening layer 0/3: Conv2d(3, 32, kernel_size=(3, 3), stride=(1, 1))
2023-12-14 23:05:26,320 | [DEBUG] : Model size was changed to 19914 parameters
2023-12-14 23:05:26,320 | [DEBUG] : Learning rate is now 0.010000
2023-12-14 23:05:36,439 | [INFO] : New learning rate: 0.009000000000000001
2023-12-14 23:05:38,272 | [DEBUG] : Current model size: 19914 parameters
2023-12-14 23:05:38,273 | [DEBUG] : Current training mode: increased
2023-12-14 23:05:38,273 | [INFO] : no layers were added
2023-12-14 23:05:38,273 | [DEBUG] : Model size was changed to 19914 parameters
2023-12-14 23:05:38,273 | [DEBUG] : Learning rate is now 0.010000
2023-12-14 23:05:48,468 | [INFO] : New learning rate: 0.009000000000000001
2023-12-14 23:05:50,306 | [DEBUG] : Current model size: 19914 parameters
2023-12-14 23:05:50,306 | [DEBUG] : Current training mode: increased
2023-12-14 23:05:50,308 | [INFO] : deepening layer 0/3: Conv2d(3, 32, kernel_size=(3, 3), stride=(1, 1))
2023-12-14 23:05:50,308 | [DEBUG] : Model size was changed to 29226 parameters
2023-12-14 23:05:50,308 | [DEBUG] : Learning rate is now 0.010000
2023-12-14 23:06:00,335 | [INFO] : New learning rate: 0.009000000000000001
2023-12-14 23:06:02,141 | [DEBUG] : Current model size: 29226 parameters
2023-12-14 23:06:02,141 | [DEBUG] : Current training mode: increased
2023-12-14 23:06:02,141 | [INFO] : no layers were added
2023-12-14 23:06:02,142 | [DEBUG] : Model size was changed to 29226 parameters
2023-12-14 23:06:02,142 | [DEBUG] : Learning rate is now 0.010000
2023-12-14 23:06:12,229 | [INFO] : New learning rate: 0.009000000000000001
2023-12-14 23:06:13,988 | [DEBUG] : Current model size: 29226 parameters
2023-12-14 23:06:13,988 | [DEBUG] : Current training mode: increased
2023-12-14 23:06:13,989 | [INFO] : no layers were added
2023-12-14 23:06:13,989 | [DEBUG] : Model size was changed to 29226 parameters
2023-12-14 23:06:13,989 | [DEBUG] : Learning rate is now 0.010000
2023-12-14 23:06:23,996 | [INFO] : New learning rate: 0.009000000000000001
2023-12-14 23:06:25,785 | [DEBUG] : Current model size: 29226 parameters
2023-12-14 23:06:25,785 | [DEBUG] : Current training mode: increased
2023-12-14 23:06:25,785 | [INFO] : no layers were added
2023-12-14 23:06:25,786 | [DEBUG] : Model size was changed to 29226 parameters
2023-12-14 23:06:25,786 | [DEBUG] : Learning rate is now 0.010000
2023-12-14 23:06:35,910 | [INFO] : New learning rate: 0.009000000000000001
2023-12-14 23:06:37,770 | [DEBUG] : Current model size: 29226 parameters
2023-12-14 23:06:37,770 | [DEBUG] : Current training mode: increased
2023-12-14 23:06:37,770 | [INFO] : no layers were added
2023-12-14 23:06:37,771 | [DEBUG] : Model size was changed to 29226 parameters
2023-12-14 23:06:37,771 | [DEBUG] : Learning rate is now 0.010000
2023-12-14 23:06:47,971 | [INFO] : New learning rate: 0.009000000000000001
2023-12-14 23:06:49,725 | [DEBUG] : Current model size: 29226 parameters
2023-12-14 23:06:49,725 | [DEBUG] : Current training mode: increased
2023-12-14 23:06:49,725 | [INFO] : no layers were added
2023-12-14 23:06:49,726 | [DEBUG] : Model size was changed to 29226 parameters
2023-12-14 23:06:49,726 | [DEBUG] : Learning rate is now 0.010000
2023-12-14 23:06:59,784 | [INFO] : New learning rate: 0.009000000000000001
2023-12-14 23:07:01,648 | [DEBUG] : Current model size: 29226 parameters
2023-12-14 23:07:01,648 | [DEBUG] : Current training mode: increased
2023-12-14 23:07:01,649 | [INFO] : no layers were added
2023-12-14 23:07:01,649 | [DEBUG] : Model size was changed to 29226 parameters
2023-12-14 23:07:01,649 | [DEBUG] : Learning rate is now 0.010000
2023-12-14 23:07:11,844 | [INFO] : New learning rate: 0.009000000000000001
2023-12-14 23:07:13,636 | [DEBUG] : Current model size: 29226 parameters
2023-12-14 23:07:13,636 | [DEBUG] : Current training mode: increased
2023-12-14 23:07:13,636 | [INFO] : no layers were added
2023-12-14 23:07:13,637 | [DEBUG] : Model size was changed to 29226 parameters
2023-12-14 23:07:13,637 | [DEBUG] : Learning rate is now 0.010000
2023-12-14 23:07:23,860 | [INFO] : New learning rate: 0.009000000000000001
2023-12-14 23:07:25,708 | [DEBUG] : Current model size: 29226 parameters
2023-12-14 23:07:25,708 | [DEBUG] : Current training mode: increased
2023-12-14 23:07:25,708 | [INFO] : no layers were added
2023-12-14 23:07:25,709 | [DEBUG] : Model size was changed to 29226 parameters
2023-12-14 23:07:25,709 | [DEBUG] : Learning rate is now 0.010000
2023-12-14 23:07:35,894 | [INFO] : New learning rate: 0.009000000000000001
2023-12-14 23:07:37,690 | [DEBUG] : Current model size: 29226 parameters
2023-12-14 23:07:37,690 | [DEBUG] : Current training mode: increased
2023-12-14 23:07:37,691 | [INFO] : no layers were added
2023-12-14 23:07:37,691 | [DEBUG] : Model size was changed to 29226 parameters
2023-12-14 23:07:37,691 | [DEBUG] : Learning rate is now 0.010000
2023-12-14 23:07:37,705 | [INFO] : training has run out of time
2023-12-14 23:07:37,705 | [INFO] : training12 runtime (h:mm:ss): 0:02:12
2023-12-14 23:07:37,705 | [INFO] : training12 end time: 12/14/2023 11:07:37 PM
2023-12-14 23:07:37,705 | [INFO] : episode 13/64 finished, objective: None
