2023-12-15 00:28:25,165 | [INFO] : training50 start time: 12/15/2023 12:28:25 AM
2023-12-15 00:28:25,168 | [INFO] : Initialized model with weights: results/small_middle_late2/weights.pth
2023-12-15 00:28:25,168 | [DEBUG] : Current model size: 10602 parameters
2023-12-15 00:28:25,168 | [DEBUG] : Current training mode: initial
2023-12-15 00:28:25,182 | [INFO] : GPU allocation changing : going up
2023-12-15 00:28:25,185 | [DEBUG] : Current model size: 10602 parameters
2023-12-15 00:28:25,185 | [DEBUG] : Current training mode: increased
2023-12-15 00:28:25,185 | [INFO] : no layers were added
2023-12-15 00:28:25,185 | [DEBUG] : Model size was changed to 10602 parameters
2023-12-15 00:28:25,185 | [DEBUG] : Learning rate is now 0.010000
2023-12-15 00:28:34,507 | [INFO] : New learning rate: 0.009000000000000001
2023-12-15 00:28:36,183 | [DEBUG] : Current model size: 10602 parameters
2023-12-15 00:28:36,183 | [DEBUG] : Current training mode: increased
2023-12-15 00:28:36,185 | [INFO] : deepening layer 0/3: Conv2d(3, 32, kernel_size=(3, 3), stride=(1, 1))
2023-12-15 00:28:36,186 | [DEBUG] : Model size was changed to 19914 parameters
2023-12-15 00:28:36,186 | [DEBUG] : Learning rate is now 0.010000
2023-12-15 00:28:45,769 | [INFO] : New learning rate: 0.009000000000000001
2023-12-15 00:28:47,448 | [DEBUG] : Current model size: 19914 parameters
2023-12-15 00:28:47,448 | [DEBUG] : Current training mode: increased
2023-12-15 00:28:47,449 | [INFO] : deepening layer 2/3: Linear(in_features=32, out_features=10, bias=True)
2023-12-15 00:28:47,450 | [DEBUG] : Model size was changed to 20024 parameters
2023-12-15 00:28:47,450 | [DEBUG] : Learning rate is now 0.010000
2023-12-15 00:28:57,026 | [INFO] : New learning rate: 0.009000000000000001
2023-12-15 00:28:58,685 | [DEBUG] : Current model size: 20024 parameters
2023-12-15 00:28:58,685 | [DEBUG] : Current training mode: increased
2023-12-15 00:28:58,685 | [INFO] : no layers were added
2023-12-15 00:28:58,686 | [DEBUG] : Model size was changed to 20024 parameters
2023-12-15 00:28:58,686 | [DEBUG] : Learning rate is now 0.010000
2023-12-15 00:29:08,189 | [INFO] : New learning rate: 0.009000000000000001
2023-12-15 00:29:09,846 | [DEBUG] : Current model size: 20024 parameters
2023-12-15 00:29:09,846 | [DEBUG] : Current training mode: increased
2023-12-15 00:29:09,846 | [INFO] : no layers were added
2023-12-15 00:29:09,847 | [DEBUG] : Model size was changed to 20024 parameters
2023-12-15 00:29:09,847 | [DEBUG] : Learning rate is now 0.010000
2023-12-15 00:29:19,348 | [INFO] : New learning rate: 0.009000000000000001
2023-12-15 00:29:21,011 | [DEBUG] : Current model size: 20024 parameters
2023-12-15 00:29:21,011 | [DEBUG] : Current training mode: increased
2023-12-15 00:29:21,011 | [INFO] : no layers were added
2023-12-15 00:29:21,011 | [DEBUG] : Model size was changed to 20024 parameters
2023-12-15 00:29:21,011 | [DEBUG] : Learning rate is now 0.010000
2023-12-15 00:29:30,508 | [INFO] : New learning rate: 0.009000000000000001
2023-12-15 00:29:32,165 | [DEBUG] : Current model size: 20024 parameters
2023-12-15 00:29:32,165 | [DEBUG] : Current training mode: increased
2023-12-15 00:29:32,165 | [INFO] : no layers were added
2023-12-15 00:29:32,165 | [DEBUG] : Model size was changed to 20024 parameters
2023-12-15 00:29:32,165 | [DEBUG] : Learning rate is now 0.010000
2023-12-15 00:29:41,821 | [INFO] : New learning rate: 0.009000000000000001
2023-12-15 00:29:43,490 | [DEBUG] : Current model size: 20024 parameters
2023-12-15 00:29:43,490 | [DEBUG] : Current training mode: increased
2023-12-15 00:29:43,490 | [INFO] : no layers were added
2023-12-15 00:29:43,490 | [DEBUG] : Model size was changed to 20024 parameters
2023-12-15 00:29:43,491 | [DEBUG] : Learning rate is now 0.010000
2023-12-15 00:29:53,068 | [INFO] : New learning rate: 0.009000000000000001
2023-12-15 00:29:54,735 | [DEBUG] : Current model size: 20024 parameters
2023-12-15 00:29:54,735 | [DEBUG] : Current training mode: increased
2023-12-15 00:29:54,735 | [INFO] : no layers were added
2023-12-15 00:29:54,736 | [DEBUG] : Model size was changed to 20024 parameters
2023-12-15 00:29:54,736 | [DEBUG] : Learning rate is now 0.010000
2023-12-15 00:30:04,350 | [INFO] : New learning rate: 0.009000000000000001
2023-12-15 00:30:06,059 | [DEBUG] : Current model size: 20024 parameters
2023-12-15 00:30:06,060 | [DEBUG] : Current training mode: increased
2023-12-15 00:30:06,060 | [INFO] : no layers were added
2023-12-15 00:30:06,060 | [DEBUG] : Model size was changed to 20024 parameters
2023-12-15 00:30:06,060 | [DEBUG] : Learning rate is now 0.010000
2023-12-15 00:30:15,597 | [INFO] : New learning rate: 0.009000000000000001
2023-12-15 00:30:17,261 | [DEBUG] : Current model size: 20024 parameters
2023-12-15 00:30:17,261 | [DEBUG] : Current training mode: increased
2023-12-15 00:30:17,261 | [INFO] : no layers were added
2023-12-15 00:30:17,261 | [DEBUG] : Model size was changed to 20024 parameters
2023-12-15 00:30:17,261 | [DEBUG] : Learning rate is now 0.010000
2023-12-15 00:30:26,803 | [INFO] : New learning rate: 0.009000000000000001
2023-12-15 00:30:28,480 | [DEBUG] : Current model size: 20024 parameters
2023-12-15 00:30:28,480 | [DEBUG] : Current training mode: increased
2023-12-15 00:30:28,480 | [INFO] : no layers were added
2023-12-15 00:30:28,481 | [DEBUG] : Model size was changed to 20024 parameters
2023-12-15 00:30:28,481 | [DEBUG] : Learning rate is now 0.010000
2023-12-15 00:30:35,169 | [INFO] : training has run out of time
2023-12-15 00:30:35,170 | [INFO] : training50 runtime (h:mm:ss): 0:02:11
2023-12-15 00:30:35,170 | [INFO] : training50 end time: 12/15/2023 12:30:35 AM
2023-12-15 00:30:35,171 | [INFO] : episode 51/64 finished, objective: None
