2023-12-14 22:56:43,224 | [INFO] : training08 start time: 12/14/2023 10:56:43 PM
2023-12-14 22:56:43,227 | [INFO] : Initialized model with weights: results/small_middle_late2/weights.pth
2023-12-14 22:56:43,227 | [DEBUG] : Current model size: 10602 parameters
2023-12-14 22:56:43,227 | [DEBUG] : Current training mode: initial
2023-12-14 22:56:43,244 | [INFO] : GPU allocation changing : going up
2023-12-14 22:56:43,246 | [DEBUG] : Current model size: 10602 parameters
2023-12-14 22:56:43,246 | [DEBUG] : Current training mode: increased
2023-12-14 22:56:43,248 | [INFO] : deepening layer 0/3: Conv2d(3, 32, kernel_size=(3, 3), stride=(1, 1))
2023-12-14 22:56:43,248 | [DEBUG] : Model size was changed to 19914 parameters
2023-12-14 22:56:43,248 | [DEBUG] : Learning rate is now 0.010000
2023-12-14 22:56:53,535 | [INFO] : New learning rate: 0.009000000000000001
2023-12-14 22:56:55,335 | [DEBUG] : Current model size: 19914 parameters
2023-12-14 22:56:55,335 | [DEBUG] : Current training mode: increased
2023-12-14 22:56:55,336 | [INFO] : deepening layer 2/3: Linear(in_features=32, out_features=10, bias=True)
2023-12-14 22:56:55,337 | [DEBUG] : Model size was changed to 20024 parameters
2023-12-14 22:56:55,337 | [DEBUG] : Learning rate is now 0.010000
2023-12-14 22:57:05,520 | [INFO] : New learning rate: 0.009000000000000001
2023-12-14 22:57:07,505 | [DEBUG] : Current model size: 20024 parameters
2023-12-14 22:57:07,505 | [DEBUG] : Current training mode: increased
2023-12-14 22:57:07,507 | [INFO] : deepening layer 0/3: Conv2d(3, 32, kernel_size=(3, 3), stride=(1, 1))
2023-12-14 22:57:07,508 | [DEBUG] : Model size was changed to 29336 parameters
2023-12-14 22:57:07,508 | [DEBUG] : Learning rate is now 0.010000
2023-12-14 22:57:17,813 | [INFO] : New learning rate: 0.009000000000000001
2023-12-14 22:57:19,665 | [DEBUG] : Current model size: 29336 parameters
2023-12-14 22:57:19,665 | [DEBUG] : Current training mode: increased
2023-12-14 22:57:19,666 | [INFO] : no layers were added
2023-12-14 22:57:19,666 | [DEBUG] : Model size was changed to 29336 parameters
2023-12-14 22:57:19,666 | [DEBUG] : Learning rate is now 0.010000
2023-12-14 22:57:29,897 | [INFO] : New learning rate: 0.009000000000000001
2023-12-14 22:57:31,664 | [DEBUG] : Current model size: 29336 parameters
2023-12-14 22:57:31,664 | [DEBUG] : Current training mode: increased
2023-12-14 22:57:31,664 | [INFO] : no layers were added
2023-12-14 22:57:31,665 | [DEBUG] : Model size was changed to 29336 parameters
2023-12-14 22:57:31,665 | [DEBUG] : Learning rate is now 0.010000
2023-12-14 22:57:42,136 | [INFO] : New learning rate: 0.009000000000000001
2023-12-14 22:57:43,946 | [DEBUG] : Current model size: 29336 parameters
2023-12-14 22:57:43,947 | [DEBUG] : Current training mode: increased
2023-12-14 22:57:43,947 | [INFO] : no layers were added
2023-12-14 22:57:43,947 | [DEBUG] : Model size was changed to 29336 parameters
2023-12-14 22:57:43,947 | [DEBUG] : Learning rate is now 0.010000
2023-12-14 22:57:54,398 | [INFO] : New learning rate: 0.009000000000000001
2023-12-14 22:57:56,276 | [DEBUG] : Current model size: 29336 parameters
2023-12-14 22:57:56,276 | [DEBUG] : Current training mode: increased
2023-12-14 22:57:56,277 | [INFO] : no layers were added
2023-12-14 22:57:56,277 | [DEBUG] : Model size was changed to 29336 parameters
2023-12-14 22:57:56,277 | [DEBUG] : Learning rate is now 0.010000
2023-12-14 22:58:06,906 | [INFO] : New learning rate: 0.009000000000000001
2023-12-14 22:58:08,726 | [DEBUG] : Current model size: 29336 parameters
2023-12-14 22:58:08,726 | [DEBUG] : Current training mode: increased
2023-12-14 22:58:08,727 | [INFO] : no layers were added
2023-12-14 22:58:08,727 | [DEBUG] : Model size was changed to 29336 parameters
2023-12-14 22:58:08,727 | [DEBUG] : Learning rate is now 0.010000
2023-12-14 22:58:19,148 | [INFO] : New learning rate: 0.009000000000000001
2023-12-14 22:58:21,009 | [DEBUG] : Current model size: 29336 parameters
2023-12-14 22:58:21,009 | [DEBUG] : Current training mode: increased
2023-12-14 22:58:21,009 | [INFO] : no layers were added
2023-12-14 22:58:21,010 | [DEBUG] : Model size was changed to 29336 parameters
2023-12-14 22:58:21,010 | [DEBUG] : Learning rate is now 0.010000
2023-12-14 22:58:31,544 | [INFO] : New learning rate: 0.009000000000000001
2023-12-14 22:58:33,367 | [DEBUG] : Current model size: 29336 parameters
2023-12-14 22:58:33,367 | [DEBUG] : Current training mode: increased
2023-12-14 22:58:33,367 | [INFO] : no layers were added
2023-12-14 22:58:33,368 | [DEBUG] : Model size was changed to 29336 parameters
2023-12-14 22:58:33,368 | [DEBUG] : Learning rate is now 0.010000
2023-12-14 22:58:43,804 | [INFO] : New learning rate: 0.009000000000000001
2023-12-14 22:58:45,596 | [DEBUG] : Current model size: 29336 parameters
2023-12-14 22:58:45,596 | [DEBUG] : Current training mode: increased
2023-12-14 22:58:45,596 | [INFO] : no layers were added
2023-12-14 22:58:45,597 | [DEBUG] : Model size was changed to 29336 parameters
2023-12-14 22:58:45,597 | [DEBUG] : Learning rate is now 0.010000
2023-12-14 22:58:53,239 | [INFO] : training has run out of time
2023-12-14 22:58:53,240 | [INFO] : training08 runtime (h:mm:ss): 0:02:11
2023-12-14 22:58:53,240 | [INFO] : training08 end time: 12/14/2023 10:58:53 PM
2023-12-14 22:58:53,240 | [INFO] : episode 9/64 finished, objective: None
