2023-12-15 00:30:35,937 | [INFO] : training51 start time: 12/15/2023 12:30:35 AM
2023-12-15 00:30:35,940 | [INFO] : Initialized model with weights: results/small_middle_late2/weights.pth
2023-12-15 00:30:35,940 | [DEBUG] : Current model size: 10602 parameters
2023-12-15 00:30:35,940 | [DEBUG] : Current training mode: initial
2023-12-15 00:30:35,955 | [INFO] : GPU allocation changing : going up
2023-12-15 00:30:35,957 | [DEBUG] : Current model size: 10602 parameters
2023-12-15 00:30:35,957 | [DEBUG] : Current training mode: increased
2023-12-15 00:30:35,957 | [INFO] : no layers were added
2023-12-15 00:30:35,957 | [DEBUG] : Model size was changed to 10602 parameters
2023-12-15 00:30:35,957 | [DEBUG] : Learning rate is now 0.010000
2023-12-15 00:30:45,093 | [INFO] : New learning rate: 0.009000000000000001
2023-12-15 00:30:46,796 | [DEBUG] : Current model size: 10602 parameters
2023-12-15 00:30:46,796 | [DEBUG] : Current training mode: increased
2023-12-15 00:30:46,797 | [INFO] : deepening layer 0/3: Conv2d(3, 32, kernel_size=(3, 3), stride=(1, 1))
2023-12-15 00:30:46,798 | [DEBUG] : Model size was changed to 19914 parameters
2023-12-15 00:30:46,798 | [DEBUG] : Learning rate is now 0.010000
2023-12-15 00:30:56,388 | [INFO] : New learning rate: 0.009000000000000001
2023-12-15 00:30:58,077 | [DEBUG] : Current model size: 19914 parameters
2023-12-15 00:30:58,077 | [DEBUG] : Current training mode: increased
2023-12-15 00:30:58,077 | [INFO] : no layers were added
2023-12-15 00:30:58,078 | [DEBUG] : Model size was changed to 19914 parameters
2023-12-15 00:30:58,078 | [DEBUG] : Learning rate is now 0.010000
2023-12-15 00:31:07,581 | [INFO] : New learning rate: 0.009000000000000001
2023-12-15 00:31:09,266 | [DEBUG] : Current model size: 19914 parameters
2023-12-15 00:31:09,266 | [DEBUG] : Current training mode: increased
2023-12-15 00:31:09,266 | [INFO] : no layers were added
2023-12-15 00:31:09,267 | [DEBUG] : Model size was changed to 19914 parameters
2023-12-15 00:31:09,267 | [DEBUG] : Learning rate is now 0.010000
2023-12-15 00:31:18,715 | [INFO] : New learning rate: 0.009000000000000001
2023-12-15 00:31:20,384 | [DEBUG] : Current model size: 19914 parameters
2023-12-15 00:31:20,384 | [DEBUG] : Current training mode: increased
2023-12-15 00:31:20,384 | [INFO] : no layers were added
2023-12-15 00:31:20,385 | [DEBUG] : Model size was changed to 19914 parameters
2023-12-15 00:31:20,385 | [DEBUG] : Learning rate is now 0.010000
2023-12-15 00:31:29,843 | [INFO] : New learning rate: 0.009000000000000001
2023-12-15 00:31:31,524 | [DEBUG] : Current model size: 19914 parameters
2023-12-15 00:31:31,524 | [DEBUG] : Current training mode: increased
2023-12-15 00:31:31,524 | [INFO] : no layers were added
2023-12-15 00:31:31,524 | [DEBUG] : Model size was changed to 19914 parameters
2023-12-15 00:31:31,524 | [DEBUG] : Learning rate is now 0.010000
2023-12-15 00:31:40,958 | [INFO] : New learning rate: 0.009000000000000001
2023-12-15 00:31:42,666 | [DEBUG] : Current model size: 19914 parameters
2023-12-15 00:31:42,666 | [DEBUG] : Current training mode: increased
2023-12-15 00:31:42,666 | [INFO] : no layers were added
2023-12-15 00:31:42,666 | [DEBUG] : Model size was changed to 19914 parameters
2023-12-15 00:31:42,666 | [DEBUG] : Learning rate is now 0.010000
2023-12-15 00:31:52,162 | [INFO] : New learning rate: 0.009000000000000001
2023-12-15 00:31:53,829 | [DEBUG] : Current model size: 19914 parameters
2023-12-15 00:31:53,829 | [DEBUG] : Current training mode: increased
2023-12-15 00:31:53,830 | [INFO] : no layers were added
2023-12-15 00:31:53,830 | [DEBUG] : Model size was changed to 19914 parameters
2023-12-15 00:31:53,830 | [DEBUG] : Learning rate is now 0.010000
2023-12-15 00:32:03,283 | [INFO] : New learning rate: 0.009000000000000001
2023-12-15 00:32:05,022 | [DEBUG] : Current model size: 19914 parameters
2023-12-15 00:32:05,023 | [DEBUG] : Current training mode: increased
2023-12-15 00:32:05,023 | [INFO] : no layers were added
2023-12-15 00:32:05,023 | [DEBUG] : Model size was changed to 19914 parameters
2023-12-15 00:32:05,023 | [DEBUG] : Learning rate is now 0.010000
2023-12-15 00:32:14,452 | [INFO] : New learning rate: 0.009000000000000001
2023-12-15 00:32:16,104 | [DEBUG] : Current model size: 19914 parameters
2023-12-15 00:32:16,104 | [DEBUG] : Current training mode: increased
2023-12-15 00:32:16,104 | [INFO] : no layers were added
2023-12-15 00:32:16,105 | [DEBUG] : Model size was changed to 19914 parameters
2023-12-15 00:32:16,105 | [DEBUG] : Learning rate is now 0.010000
2023-12-15 00:32:25,535 | [INFO] : New learning rate: 0.009000000000000001
2023-12-15 00:32:27,182 | [DEBUG] : Current model size: 19914 parameters
2023-12-15 00:32:27,182 | [DEBUG] : Current training mode: increased
2023-12-15 00:32:27,182 | [INFO] : no layers were added
2023-12-15 00:32:27,183 | [DEBUG] : Model size was changed to 19914 parameters
2023-12-15 00:32:27,183 | [DEBUG] : Learning rate is now 0.010000
2023-12-15 00:32:36,565 | [INFO] : New learning rate: 0.009000000000000001
2023-12-15 00:32:38,233 | [DEBUG] : Current model size: 19914 parameters
2023-12-15 00:32:38,233 | [DEBUG] : Current training mode: increased
2023-12-15 00:32:38,233 | [INFO] : no layers were added
2023-12-15 00:32:38,233 | [DEBUG] : Model size was changed to 19914 parameters
2023-12-15 00:32:38,233 | [DEBUG] : Learning rate is now 0.010000
2023-12-15 00:32:45,951 | [INFO] : training has run out of time
2023-12-15 00:32:45,952 | [INFO] : training51 runtime (h:mm:ss): 0:02:11
2023-12-15 00:32:45,952 | [INFO] : training51 end time: 12/15/2023 12:32:45 AM
2023-12-15 00:32:45,952 | [INFO] : episode 52/64 finished, objective: None
