2023-12-14 22:43:38,634 | [INFO] : training02 start time: 12/14/2023 10:43:38 PM
2023-12-14 22:43:38,637 | [INFO] : Initialized model with weights: results/small_middle_late2/weights.pth
2023-12-14 22:43:38,637 | [DEBUG] : Current model size: 10602 parameters
2023-12-14 22:43:38,637 | [DEBUG] : Current training mode: initial
2023-12-14 22:43:38,651 | [INFO] : GPU allocation changing : going up
2023-12-14 22:43:38,653 | [DEBUG] : Current model size: 10602 parameters
2023-12-14 22:43:38,653 | [DEBUG] : Current training mode: increased
2023-12-14 22:43:38,655 | [INFO] : deepening layer 0/3: Conv2d(3, 32, kernel_size=(3, 3), stride=(1, 1))
2023-12-14 22:43:38,656 | [DEBUG] : Model size was changed to 19914 parameters
2023-12-14 22:43:38,656 | [DEBUG] : Learning rate is now 0.010000
2023-12-14 22:43:48,896 | [INFO] : New learning rate: 0.009000000000000001
2023-12-14 22:43:50,916 | [DEBUG] : Current model size: 19914 parameters
2023-12-14 22:43:50,917 | [DEBUG] : Current training mode: increased
2023-12-14 22:43:50,918 | [INFO] : deepening layer 0/3: Conv2d(3, 32, kernel_size=(3, 3), stride=(1, 1))
2023-12-14 22:43:50,919 | [DEBUG] : Model size was changed to 29226 parameters
2023-12-14 22:43:50,919 | [DEBUG] : Learning rate is now 0.010000
2023-12-14 22:44:01,158 | [INFO] : New learning rate: 0.009000000000000001
2023-12-14 22:44:02,997 | [DEBUG] : Current model size: 29226 parameters
2023-12-14 22:44:02,997 | [DEBUG] : Current training mode: increased
2023-12-14 22:44:02,998 | [INFO] : deepening layer 2/3: Linear(in_features=32, out_features=10, bias=True)
2023-12-14 22:44:02,999 | [DEBUG] : Model size was changed to 29336 parameters
2023-12-14 22:44:02,999 | [DEBUG] : Learning rate is now 0.010000
2023-12-14 22:44:13,283 | [INFO] : New learning rate: 0.009000000000000001
2023-12-14 22:44:15,225 | [DEBUG] : Current model size: 29336 parameters
2023-12-14 22:44:15,225 | [DEBUG] : Current training mode: increased
2023-12-14 22:44:15,225 | [INFO] : no layers were added
2023-12-14 22:44:15,226 | [DEBUG] : Model size was changed to 29336 parameters
2023-12-14 22:44:15,226 | [DEBUG] : Learning rate is now 0.010000
2023-12-14 22:44:25,480 | [INFO] : New learning rate: 0.009000000000000001
2023-12-14 22:44:27,393 | [DEBUG] : Current model size: 29336 parameters
2023-12-14 22:44:27,393 | [DEBUG] : Current training mode: increased
2023-12-14 22:44:27,393 | [INFO] : no layers were added
2023-12-14 22:44:27,394 | [DEBUG] : Model size was changed to 29336 parameters
2023-12-14 22:44:27,394 | [DEBUG] : Learning rate is now 0.010000
2023-12-14 22:44:37,682 | [INFO] : New learning rate: 0.009000000000000001
2023-12-14 22:44:39,563 | [DEBUG] : Current model size: 29336 parameters
2023-12-14 22:44:39,563 | [DEBUG] : Current training mode: increased
2023-12-14 22:44:39,563 | [INFO] : no layers were added
2023-12-14 22:44:39,563 | [DEBUG] : Model size was changed to 29336 parameters
2023-12-14 22:44:39,563 | [DEBUG] : Learning rate is now 0.010000
2023-12-14 22:44:49,847 | [INFO] : New learning rate: 0.009000000000000001
2023-12-14 22:44:51,814 | [DEBUG] : Current model size: 29336 parameters
2023-12-14 22:44:51,814 | [DEBUG] : Current training mode: increased
2023-12-14 22:44:51,814 | [INFO] : no layers were added
2023-12-14 22:44:51,814 | [DEBUG] : Model size was changed to 29336 parameters
2023-12-14 22:44:51,815 | [DEBUG] : Learning rate is now 0.010000
2023-12-14 22:45:02,277 | [INFO] : New learning rate: 0.009000000000000001
2023-12-14 22:45:04,268 | [DEBUG] : Current model size: 29336 parameters
2023-12-14 22:45:04,269 | [DEBUG] : Current training mode: increased
2023-12-14 22:45:04,269 | [INFO] : no layers were added
2023-12-14 22:45:04,269 | [DEBUG] : Model size was changed to 29336 parameters
2023-12-14 22:45:04,269 | [DEBUG] : Learning rate is now 0.010000
2023-12-14 22:45:14,625 | [INFO] : New learning rate: 0.009000000000000001
2023-12-14 22:45:16,675 | [DEBUG] : Current model size: 29336 parameters
2023-12-14 22:45:16,675 | [DEBUG] : Current training mode: increased
2023-12-14 22:45:16,675 | [INFO] : no layers were added
2023-12-14 22:45:16,676 | [DEBUG] : Model size was changed to 29336 parameters
2023-12-14 22:45:16,676 | [DEBUG] : Learning rate is now 0.010000
2023-12-14 22:45:26,956 | [INFO] : New learning rate: 0.009000000000000001
2023-12-14 22:45:28,800 | [DEBUG] : Current model size: 29336 parameters
2023-12-14 22:45:28,800 | [DEBUG] : Current training mode: increased
2023-12-14 22:45:28,800 | [INFO] : no layers were added
2023-12-14 22:45:28,801 | [DEBUG] : Model size was changed to 29336 parameters
2023-12-14 22:45:28,801 | [DEBUG] : Learning rate is now 0.010000
2023-12-14 22:45:39,098 | [INFO] : New learning rate: 0.009000000000000001
2023-12-14 22:45:41,069 | [DEBUG] : Current model size: 29336 parameters
2023-12-14 22:45:41,069 | [DEBUG] : Current training mode: increased
2023-12-14 22:45:41,069 | [INFO] : no layers were added
2023-12-14 22:45:41,070 | [DEBUG] : Model size was changed to 29336 parameters
2023-12-14 22:45:41,070 | [DEBUG] : Learning rate is now 0.010000
2023-12-14 22:45:48,646 | [INFO] : training has run out of time
2023-12-14 22:45:48,647 | [INFO] : training02 runtime (h:mm:ss): 0:02:11
2023-12-14 22:45:48,647 | [INFO] : training02 end time: 12/14/2023 10:45:48 PM
2023-12-14 22:45:48,647 | [INFO] : episode 3/64 finished, objective: None
