2023-12-15 00:43:40,660 | [INFO] : training57 start time: 12/15/2023 12:43:40 AM
2023-12-15 00:43:40,663 | [INFO] : Initialized model with weights: results/small_middle_late2/weights.pth
2023-12-15 00:43:40,663 | [DEBUG] : Current model size: 10602 parameters
2023-12-15 00:43:40,663 | [DEBUG] : Current training mode: initial
2023-12-15 00:43:40,676 | [INFO] : GPU allocation changing : going up
2023-12-15 00:43:40,678 | [DEBUG] : Current model size: 10602 parameters
2023-12-15 00:43:40,678 | [DEBUG] : Current training mode: increased
2023-12-15 00:43:40,679 | [INFO] : no layers were added
2023-12-15 00:43:40,679 | [DEBUG] : Model size was changed to 10602 parameters
2023-12-15 00:43:40,679 | [DEBUG] : Learning rate is now 0.010000
2023-12-15 00:43:49,759 | [INFO] : New learning rate: 0.009000000000000001
2023-12-15 00:43:51,382 | [DEBUG] : Current model size: 10602 parameters
2023-12-15 00:43:51,383 | [DEBUG] : Current training mode: increased
2023-12-15 00:43:51,383 | [INFO] : deepening layer 2/3: Linear(in_features=32, out_features=10, bias=True)
2023-12-15 00:43:51,384 | [DEBUG] : Model size was changed to 10712 parameters
2023-12-15 00:43:51,384 | [DEBUG] : Learning rate is now 0.010000
2023-12-15 00:44:00,599 | [INFO] : New learning rate: 0.009000000000000001
2023-12-15 00:44:02,234 | [DEBUG] : Current model size: 10712 parameters
2023-12-15 00:44:02,234 | [DEBUG] : Current training mode: increased
2023-12-15 00:44:02,236 | [INFO] : deepening layer 1/3: Conv2d(32, 32, kernel_size=(3, 3), stride=(1, 1))
2023-12-15 00:44:02,236 | [DEBUG] : Model size was changed to 20024 parameters
2023-12-15 00:44:02,236 | [DEBUG] : Learning rate is now 0.010000
2023-12-15 00:44:11,822 | [INFO] : New learning rate: 0.009000000000000001
2023-12-15 00:44:13,477 | [DEBUG] : Current model size: 20024 parameters
2023-12-15 00:44:13,477 | [DEBUG] : Current training mode: increased
2023-12-15 00:44:13,477 | [INFO] : no layers were added
2023-12-15 00:44:13,478 | [DEBUG] : Model size was changed to 20024 parameters
2023-12-15 00:44:13,478 | [DEBUG] : Learning rate is now 0.010000
2023-12-15 00:44:23,030 | [INFO] : New learning rate: 0.009000000000000001
2023-12-15 00:44:24,700 | [DEBUG] : Current model size: 20024 parameters
2023-12-15 00:44:24,700 | [DEBUG] : Current training mode: increased
2023-12-15 00:44:24,700 | [INFO] : no layers were added
2023-12-15 00:44:24,700 | [DEBUG] : Model size was changed to 20024 parameters
2023-12-15 00:44:24,700 | [DEBUG] : Learning rate is now 0.010000
2023-12-15 00:44:34,242 | [INFO] : New learning rate: 0.009000000000000001
2023-12-15 00:44:35,893 | [DEBUG] : Current model size: 20024 parameters
2023-12-15 00:44:35,894 | [DEBUG] : Current training mode: increased
2023-12-15 00:44:35,894 | [INFO] : no layers were added
2023-12-15 00:44:35,894 | [DEBUG] : Model size was changed to 20024 parameters
2023-12-15 00:44:35,894 | [DEBUG] : Learning rate is now 0.010000
2023-12-15 00:44:45,437 | [INFO] : New learning rate: 0.009000000000000001
2023-12-15 00:44:47,086 | [DEBUG] : Current model size: 20024 parameters
2023-12-15 00:44:47,086 | [DEBUG] : Current training mode: increased
2023-12-15 00:44:47,087 | [INFO] : no layers were added
2023-12-15 00:44:47,087 | [DEBUG] : Model size was changed to 20024 parameters
2023-12-15 00:44:47,087 | [DEBUG] : Learning rate is now 0.010000
2023-12-15 00:44:56,516 | [INFO] : New learning rate: 0.009000000000000001
2023-12-15 00:44:58,186 | [DEBUG] : Current model size: 20024 parameters
2023-12-15 00:44:58,186 | [DEBUG] : Current training mode: increased
2023-12-15 00:44:58,186 | [INFO] : no layers were added
2023-12-15 00:44:58,186 | [DEBUG] : Model size was changed to 20024 parameters
2023-12-15 00:44:58,186 | [DEBUG] : Learning rate is now 0.010000
2023-12-15 00:45:07,644 | [INFO] : New learning rate: 0.009000000000000001
2023-12-15 00:45:09,300 | [DEBUG] : Current model size: 20024 parameters
2023-12-15 00:45:09,300 | [DEBUG] : Current training mode: increased
2023-12-15 00:45:09,300 | [INFO] : no layers were added
2023-12-15 00:45:09,301 | [DEBUG] : Model size was changed to 20024 parameters
2023-12-15 00:45:09,301 | [DEBUG] : Learning rate is now 0.010000
2023-12-15 00:45:18,739 | [INFO] : New learning rate: 0.009000000000000001
2023-12-15 00:45:20,395 | [DEBUG] : Current model size: 20024 parameters
2023-12-15 00:45:20,395 | [DEBUG] : Current training mode: increased
2023-12-15 00:45:20,395 | [INFO] : no layers were added
2023-12-15 00:45:20,395 | [DEBUG] : Model size was changed to 20024 parameters
2023-12-15 00:45:20,395 | [DEBUG] : Learning rate is now 0.010000
2023-12-15 00:45:29,848 | [INFO] : New learning rate: 0.009000000000000001
2023-12-15 00:45:31,522 | [DEBUG] : Current model size: 20024 parameters
2023-12-15 00:45:31,522 | [DEBUG] : Current training mode: increased
2023-12-15 00:45:31,522 | [INFO] : no layers were added
2023-12-15 00:45:31,523 | [DEBUG] : Model size was changed to 20024 parameters
2023-12-15 00:45:31,523 | [DEBUG] : Learning rate is now 0.010000
2023-12-15 00:45:41,056 | [INFO] : New learning rate: 0.009000000000000001
2023-12-15 00:45:42,803 | [DEBUG] : Current model size: 20024 parameters
2023-12-15 00:45:42,803 | [DEBUG] : Current training mode: increased
2023-12-15 00:45:42,803 | [INFO] : no layers were added
2023-12-15 00:45:42,804 | [DEBUG] : Model size was changed to 20024 parameters
2023-12-15 00:45:42,804 | [DEBUG] : Learning rate is now 0.010000
2023-12-15 00:45:50,666 | [INFO] : training has run out of time
2023-12-15 00:45:50,667 | [INFO] : training57 runtime (h:mm:ss): 0:02:11
2023-12-15 00:45:50,667 | [INFO] : training57 end time: 12/15/2023 12:45:50 AM
2023-12-15 00:45:50,667 | [INFO] : episode 58/64 finished, objective: None
