2023-12-14 23:31:36,940 | [INFO] : training24 start time: 12/14/2023 11:31:36 PM
2023-12-14 23:31:36,943 | [INFO] : Initialized model with weights: results/small_middle_late2/weights.pth
2023-12-14 23:31:36,943 | [DEBUG] : Current model size: 10602 parameters
2023-12-14 23:31:36,943 | [DEBUG] : Current training mode: initial
2023-12-14 23:31:36,958 | [INFO] : GPU allocation changing : going up
2023-12-14 23:31:36,961 | [DEBUG] : Current model size: 10602 parameters
2023-12-14 23:31:36,961 | [DEBUG] : Current training mode: increased
2023-12-14 23:31:36,963 | [INFO] : deepening layer 1/3: Conv2d(32, 32, kernel_size=(3, 3), stride=(1, 1))
2023-12-14 23:31:36,963 | [DEBUG] : Model size was changed to 19914 parameters
2023-12-14 23:31:36,963 | [DEBUG] : Learning rate is now 0.010000
2023-12-14 23:31:46,791 | [INFO] : New learning rate: 0.009000000000000001
2023-12-14 23:31:48,678 | [DEBUG] : Current model size: 19914 parameters
2023-12-14 23:31:48,678 | [DEBUG] : Current training mode: increased
2023-12-14 23:31:48,679 | [INFO] : deepening layer 2/3: Linear(in_features=32, out_features=10, bias=True)
2023-12-14 23:31:48,679 | [DEBUG] : Model size was changed to 20024 parameters
2023-12-14 23:31:48,679 | [DEBUG] : Learning rate is now 0.010000
2023-12-14 23:31:58,696 | [INFO] : New learning rate: 0.009000000000000001
2023-12-14 23:32:00,640 | [DEBUG] : Current model size: 20024 parameters
2023-12-14 23:32:00,641 | [DEBUG] : Current training mode: increased
2023-12-14 23:32:00,642 | [INFO] : deepening layer 0/3: Conv2d(3, 32, kernel_size=(3, 3), stride=(1, 1))
2023-12-14 23:32:00,643 | [DEBUG] : Model size was changed to 29336 parameters
2023-12-14 23:32:00,643 | [DEBUG] : Learning rate is now 0.010000
2023-12-14 23:32:10,897 | [INFO] : New learning rate: 0.009000000000000001
2023-12-14 23:32:12,798 | [DEBUG] : Current model size: 29336 parameters
2023-12-14 23:32:12,799 | [DEBUG] : Current training mode: increased
2023-12-14 23:32:12,799 | [INFO] : no layers were added
2023-12-14 23:32:12,799 | [DEBUG] : Model size was changed to 29336 parameters
2023-12-14 23:32:12,799 | [DEBUG] : Learning rate is now 0.010000
2023-12-14 23:32:23,163 | [INFO] : New learning rate: 0.009000000000000001
2023-12-14 23:32:25,100 | [DEBUG] : Current model size: 29336 parameters
2023-12-14 23:32:25,101 | [DEBUG] : Current training mode: increased
2023-12-14 23:32:25,101 | [INFO] : no layers were added
2023-12-14 23:32:25,101 | [DEBUG] : Model size was changed to 29336 parameters
2023-12-14 23:32:25,101 | [DEBUG] : Learning rate is now 0.010000
2023-12-14 23:32:35,473 | [INFO] : New learning rate: 0.009000000000000001
2023-12-14 23:32:37,409 | [DEBUG] : Current model size: 29336 parameters
2023-12-14 23:32:37,409 | [DEBUG] : Current training mode: increased
2023-12-14 23:32:37,409 | [INFO] : no layers were added
2023-12-14 23:32:37,410 | [DEBUG] : Model size was changed to 29336 parameters
2023-12-14 23:32:37,410 | [DEBUG] : Learning rate is now 0.010000
2023-12-14 23:32:47,708 | [INFO] : New learning rate: 0.009000000000000001
2023-12-14 23:32:49,629 | [DEBUG] : Current model size: 29336 parameters
2023-12-14 23:32:49,629 | [DEBUG] : Current training mode: increased
2023-12-14 23:32:49,629 | [INFO] : no layers were added
2023-12-14 23:32:49,629 | [DEBUG] : Model size was changed to 29336 parameters
2023-12-14 23:32:49,629 | [DEBUG] : Learning rate is now 0.010000
2023-12-14 23:32:59,888 | [INFO] : New learning rate: 0.009000000000000001
2023-12-14 23:33:01,778 | [DEBUG] : Current model size: 29336 parameters
2023-12-14 23:33:01,778 | [DEBUG] : Current training mode: increased
2023-12-14 23:33:01,778 | [INFO] : no layers were added
2023-12-14 23:33:01,779 | [DEBUG] : Model size was changed to 29336 parameters
2023-12-14 23:33:01,779 | [DEBUG] : Learning rate is now 0.010000
2023-12-14 23:33:12,055 | [INFO] : New learning rate: 0.009000000000000001
2023-12-14 23:33:14,037 | [DEBUG] : Current model size: 29336 parameters
2023-12-14 23:33:14,038 | [DEBUG] : Current training mode: increased
2023-12-14 23:33:14,038 | [INFO] : no layers were added
2023-12-14 23:33:14,038 | [DEBUG] : Model size was changed to 29336 parameters
2023-12-14 23:33:14,038 | [DEBUG] : Learning rate is now 0.010000
2023-12-14 23:33:24,460 | [INFO] : New learning rate: 0.009000000000000001
2023-12-14 23:33:26,329 | [DEBUG] : Current model size: 29336 parameters
2023-12-14 23:33:26,330 | [DEBUG] : Current training mode: increased
2023-12-14 23:33:26,330 | [INFO] : no layers were added
2023-12-14 23:33:26,330 | [DEBUG] : Model size was changed to 29336 parameters
2023-12-14 23:33:26,330 | [DEBUG] : Learning rate is now 0.010000
2023-12-14 23:33:36,635 | [INFO] : New learning rate: 0.009000000000000001
2023-12-14 23:33:38,551 | [DEBUG] : Current model size: 29336 parameters
2023-12-14 23:33:38,551 | [DEBUG] : Current training mode: increased
2023-12-14 23:33:38,551 | [INFO] : no layers were added
2023-12-14 23:33:38,552 | [DEBUG] : Model size was changed to 29336 parameters
2023-12-14 23:33:38,552 | [DEBUG] : Learning rate is now 0.010000
2023-12-14 23:33:46,955 | [INFO] : training has run out of time
2023-12-14 23:33:46,956 | [INFO] : training24 runtime (h:mm:ss): 0:02:11
2023-12-14 23:33:46,956 | [INFO] : training24 end time: 12/14/2023 11:33:46 PM
2023-12-14 23:33:46,956 | [INFO] : episode 25/64 finished, objective: None
