2023-12-14 23:20:43,099 | [INFO] : training19 start time: 12/14/2023 11:20:43 PM
2023-12-14 23:20:43,102 | [INFO] : Initialized model with weights: results/small_middle_late2/weights.pth
2023-12-14 23:20:43,102 | [DEBUG] : Current model size: 10602 parameters
2023-12-14 23:20:43,102 | [DEBUG] : Current training mode: initial
2023-12-14 23:20:43,116 | [INFO] : GPU allocation changing : going up
2023-12-14 23:20:43,119 | [DEBUG] : Current model size: 10602 parameters
2023-12-14 23:20:43,119 | [DEBUG] : Current training mode: increased
2023-12-14 23:20:43,121 | [INFO] : deepening layer 1/3: Conv2d(32, 32, kernel_size=(3, 3), stride=(1, 1))
2023-12-14 23:20:43,121 | [DEBUG] : Model size was changed to 19914 parameters
2023-12-14 23:20:43,121 | [DEBUG] : Learning rate is now 0.010000
2023-12-14 23:20:53,204 | [INFO] : New learning rate: 0.009000000000000001
2023-12-14 23:20:55,048 | [DEBUG] : Current model size: 19914 parameters
2023-12-14 23:20:55,048 | [DEBUG] : Current training mode: increased
2023-12-14 23:20:55,050 | [INFO] : deepening layer 0/3: Conv2d(3, 32, kernel_size=(3, 3), stride=(1, 1))
2023-12-14 23:20:55,051 | [DEBUG] : Model size was changed to 29226 parameters
2023-12-14 23:20:55,051 | [DEBUG] : Learning rate is now 0.010000
2023-12-14 23:21:05,172 | [INFO] : New learning rate: 0.009000000000000001
2023-12-14 23:21:07,040 | [DEBUG] : Current model size: 29226 parameters
2023-12-14 23:21:07,040 | [DEBUG] : Current training mode: increased
2023-12-14 23:21:07,040 | [INFO] : no layers were added
2023-12-14 23:21:07,041 | [DEBUG] : Model size was changed to 29226 parameters
2023-12-14 23:21:07,041 | [DEBUG] : Learning rate is now 0.010000
2023-12-14 23:21:17,208 | [INFO] : New learning rate: 0.009000000000000001
2023-12-14 23:21:19,036 | [DEBUG] : Current model size: 29226 parameters
2023-12-14 23:21:19,036 | [DEBUG] : Current training mode: increased
2023-12-14 23:21:19,036 | [INFO] : no layers were added
2023-12-14 23:21:19,037 | [DEBUG] : Model size was changed to 29226 parameters
2023-12-14 23:21:19,037 | [DEBUG] : Learning rate is now 0.010000
2023-12-14 23:21:29,173 | [INFO] : New learning rate: 0.009000000000000001
2023-12-14 23:21:31,030 | [DEBUG] : Current model size: 29226 parameters
2023-12-14 23:21:31,031 | [DEBUG] : Current training mode: increased
2023-12-14 23:21:31,031 | [INFO] : no layers were added
2023-12-14 23:21:31,031 | [DEBUG] : Model size was changed to 29226 parameters
2023-12-14 23:21:31,031 | [DEBUG] : Learning rate is now 0.010000
2023-12-14 23:21:41,087 | [INFO] : New learning rate: 0.009000000000000001
2023-12-14 23:21:42,987 | [DEBUG] : Current model size: 29226 parameters
2023-12-14 23:21:42,987 | [DEBUG] : Current training mode: increased
2023-12-14 23:21:42,987 | [INFO] : no layers were added
2023-12-14 23:21:42,988 | [DEBUG] : Model size was changed to 29226 parameters
2023-12-14 23:21:42,988 | [DEBUG] : Learning rate is now 0.010000
2023-12-14 23:21:53,081 | [INFO] : New learning rate: 0.009000000000000001
2023-12-14 23:21:54,971 | [DEBUG] : Current model size: 29226 parameters
2023-12-14 23:21:54,971 | [DEBUG] : Current training mode: increased
2023-12-14 23:21:54,971 | [INFO] : no layers were added
2023-12-14 23:21:54,972 | [DEBUG] : Model size was changed to 29226 parameters
2023-12-14 23:21:54,972 | [DEBUG] : Learning rate is now 0.010000
2023-12-14 23:22:05,248 | [INFO] : New learning rate: 0.009000000000000001
2023-12-14 23:22:07,219 | [DEBUG] : Current model size: 29226 parameters
2023-12-14 23:22:07,219 | [DEBUG] : Current training mode: increased
2023-12-14 23:22:07,219 | [INFO] : no layers were added
2023-12-14 23:22:07,219 | [DEBUG] : Model size was changed to 29226 parameters
2023-12-14 23:22:07,219 | [DEBUG] : Learning rate is now 0.010000
2023-12-14 23:22:17,417 | [INFO] : New learning rate: 0.009000000000000001
2023-12-14 23:22:19,333 | [DEBUG] : Current model size: 29226 parameters
2023-12-14 23:22:19,333 | [DEBUG] : Current training mode: increased
2023-12-14 23:22:19,333 | [INFO] : no layers were added
2023-12-14 23:22:19,334 | [DEBUG] : Model size was changed to 29226 parameters
2023-12-14 23:22:19,334 | [DEBUG] : Learning rate is now 0.010000
2023-12-14 23:22:29,535 | [INFO] : New learning rate: 0.009000000000000001
2023-12-14 23:22:31,464 | [DEBUG] : Current model size: 29226 parameters
2023-12-14 23:22:31,464 | [DEBUG] : Current training mode: increased
2023-12-14 23:22:31,464 | [INFO] : no layers were added
2023-12-14 23:22:31,464 | [DEBUG] : Model size was changed to 29226 parameters
2023-12-14 23:22:31,464 | [DEBUG] : Learning rate is now 0.010000
2023-12-14 23:22:41,554 | [INFO] : New learning rate: 0.009000000000000001
2023-12-14 23:22:43,498 | [DEBUG] : Current model size: 29226 parameters
2023-12-14 23:22:43,498 | [DEBUG] : Current training mode: increased
2023-12-14 23:22:43,498 | [INFO] : no layers were added
2023-12-14 23:22:43,499 | [DEBUG] : Model size was changed to 29226 parameters
2023-12-14 23:22:43,499 | [DEBUG] : Learning rate is now 0.010000
2023-12-14 23:22:53,113 | [INFO] : training has run out of time
2023-12-14 23:22:53,114 | [INFO] : training19 runtime (h:mm:ss): 0:02:11
2023-12-14 23:22:53,114 | [INFO] : training19 end time: 12/14/2023 11:22:53 PM
2023-12-14 23:22:53,114 | [INFO] : episode 20/64 finished, objective: None
