2023-12-14 22:45:49,405 | [INFO] : training03 start time: 12/14/2023 10:45:49 PM
2023-12-14 22:45:49,407 | [INFO] : Initialized model with weights: results/small_middle_late2/weights.pth
2023-12-14 22:45:49,408 | [DEBUG] : Current model size: 10602 parameters
2023-12-14 22:45:49,408 | [DEBUG] : Current training mode: initial
2023-12-14 22:45:49,423 | [INFO] : GPU allocation changing : going up
2023-12-14 22:45:49,425 | [DEBUG] : Current model size: 10602 parameters
2023-12-14 22:45:49,425 | [DEBUG] : Current training mode: increased
2023-12-14 22:45:49,427 | [INFO] : deepening layer 0/3: Conv2d(3, 32, kernel_size=(3, 3), stride=(1, 1))
2023-12-14 22:45:49,427 | [DEBUG] : Model size was changed to 19914 parameters
2023-12-14 22:45:49,427 | [DEBUG] : Learning rate is now 0.010000
2023-12-14 22:45:59,664 | [INFO] : New learning rate: 0.009000000000000001
2023-12-14 22:46:01,478 | [DEBUG] : Current model size: 19914 parameters
2023-12-14 22:46:01,479 | [DEBUG] : Current training mode: increased
2023-12-14 22:46:01,480 | [INFO] : deepening layer 0/3: Conv2d(3, 32, kernel_size=(3, 3), stride=(1, 1))
2023-12-14 22:46:01,481 | [DEBUG] : Model size was changed to 29226 parameters
2023-12-14 22:46:01,481 | [DEBUG] : Learning rate is now 0.010000
2023-12-14 22:46:11,932 | [INFO] : New learning rate: 0.009000000000000001
2023-12-14 22:46:13,777 | [DEBUG] : Current model size: 29226 parameters
2023-12-14 22:46:13,778 | [DEBUG] : Current training mode: increased
2023-12-14 22:46:13,778 | [INFO] : no layers were added
2023-12-14 22:46:13,778 | [DEBUG] : Model size was changed to 29226 parameters
2023-12-14 22:46:13,778 | [DEBUG] : Learning rate is now 0.010000
2023-12-14 22:46:24,265 | [INFO] : New learning rate: 0.009000000000000001
2023-12-14 22:46:26,067 | [DEBUG] : Current model size: 29226 parameters
2023-12-14 22:46:26,067 | [DEBUG] : Current training mode: increased
2023-12-14 22:46:26,068 | [INFO] : no layers were added
2023-12-14 22:46:26,068 | [DEBUG] : Model size was changed to 29226 parameters
2023-12-14 22:46:26,068 | [DEBUG] : Learning rate is now 0.010000
2023-12-14 22:46:36,343 | [INFO] : New learning rate: 0.009000000000000001
2023-12-14 22:46:38,234 | [DEBUG] : Current model size: 29226 parameters
2023-12-14 22:46:38,234 | [DEBUG] : Current training mode: increased
2023-12-14 22:46:38,234 | [INFO] : no layers were added
2023-12-14 22:46:38,235 | [DEBUG] : Model size was changed to 29226 parameters
2023-12-14 22:46:38,235 | [DEBUG] : Learning rate is now 0.010000
2023-12-14 22:46:48,645 | [INFO] : New learning rate: 0.009000000000000001
2023-12-14 22:46:50,542 | [DEBUG] : Current model size: 29226 parameters
2023-12-14 22:46:50,543 | [DEBUG] : Current training mode: increased
2023-12-14 22:46:50,543 | [INFO] : no layers were added
2023-12-14 22:46:50,543 | [DEBUG] : Model size was changed to 29226 parameters
2023-12-14 22:46:50,543 | [DEBUG] : Learning rate is now 0.010000
2023-12-14 22:47:01,075 | [INFO] : New learning rate: 0.009000000000000001
2023-12-14 22:47:02,993 | [DEBUG] : Current model size: 29226 parameters
2023-12-14 22:47:02,993 | [DEBUG] : Current training mode: increased
2023-12-14 22:47:02,993 | [INFO] : no layers were added
2023-12-14 22:47:02,994 | [DEBUG] : Model size was changed to 29226 parameters
2023-12-14 22:47:02,994 | [DEBUG] : Learning rate is now 0.010000
2023-12-14 22:47:13,477 | [INFO] : New learning rate: 0.009000000000000001
2023-12-14 22:47:15,305 | [DEBUG] : Current model size: 29226 parameters
2023-12-14 22:47:15,306 | [DEBUG] : Current training mode: increased
2023-12-14 22:47:15,306 | [INFO] : no layers were added
2023-12-14 22:47:15,306 | [DEBUG] : Model size was changed to 29226 parameters
2023-12-14 22:47:15,306 | [DEBUG] : Learning rate is now 0.010000
2023-12-14 22:47:25,436 | [INFO] : New learning rate: 0.009000000000000001
2023-12-14 22:47:27,274 | [DEBUG] : Current model size: 29226 parameters
2023-12-14 22:47:27,274 | [DEBUG] : Current training mode: increased
2023-12-14 22:47:27,274 | [INFO] : no layers were added
2023-12-14 22:47:27,275 | [DEBUG] : Model size was changed to 29226 parameters
2023-12-14 22:47:27,275 | [DEBUG] : Learning rate is now 0.010000
2023-12-14 22:47:37,401 | [INFO] : New learning rate: 0.009000000000000001
2023-12-14 22:47:39,292 | [DEBUG] : Current model size: 29226 parameters
2023-12-14 22:47:39,292 | [DEBUG] : Current training mode: increased
2023-12-14 22:47:39,292 | [INFO] : no layers were added
2023-12-14 22:47:39,292 | [DEBUG] : Model size was changed to 29226 parameters
2023-12-14 22:47:39,292 | [DEBUG] : Learning rate is now 0.010000
2023-12-14 22:47:49,563 | [INFO] : New learning rate: 0.009000000000000001
2023-12-14 22:47:51,606 | [DEBUG] : Current model size: 29226 parameters
2023-12-14 22:47:51,606 | [DEBUG] : Current training mode: increased
2023-12-14 22:47:51,606 | [INFO] : no layers were added
2023-12-14 22:47:51,607 | [DEBUG] : Model size was changed to 29226 parameters
2023-12-14 22:47:51,607 | [DEBUG] : Learning rate is now 0.010000
2023-12-14 22:47:59,408 | [INFO] : training has run out of time
2023-12-14 22:47:59,410 | [INFO] : training03 runtime (h:mm:ss): 0:02:11
2023-12-14 22:47:59,410 | [INFO] : training03 end time: 12/14/2023 10:47:59 PM
2023-12-14 22:47:59,410 | [INFO] : episode 4/64 finished, objective: None
