2023-12-14 23:46:52,458 | [INFO] : training31 start time: 12/14/2023 11:46:52 PM
2023-12-14 23:46:52,461 | [INFO] : Initialized model with weights: results/small_middle_late2/weights.pth
2023-12-14 23:46:52,461 | [DEBUG] : Current model size: 10602 parameters
2023-12-14 23:46:52,461 | [DEBUG] : Current training mode: initial
2023-12-14 23:46:52,475 | [INFO] : GPU allocation changing : going up
2023-12-14 23:46:52,478 | [DEBUG] : Current model size: 10602 parameters
2023-12-14 23:46:52,478 | [DEBUG] : Current training mode: increased
2023-12-14 23:46:52,479 | [INFO] : deepening layer 1/3: Conv2d(32, 32, kernel_size=(3, 3), stride=(1, 1))
2023-12-14 23:46:52,479 | [DEBUG] : Model size was changed to 19914 parameters
2023-12-14 23:46:52,479 | [DEBUG] : Learning rate is now 0.010000
2023-12-14 23:47:02,582 | [INFO] : New learning rate: 0.009000000000000001
2023-12-14 23:47:04,436 | [DEBUG] : Current model size: 19914 parameters
2023-12-14 23:47:04,436 | [DEBUG] : Current training mode: increased
2023-12-14 23:47:04,437 | [INFO] : no layers were added
2023-12-14 23:47:04,437 | [DEBUG] : Model size was changed to 19914 parameters
2023-12-14 23:47:04,437 | [DEBUG] : Learning rate is now 0.010000
2023-12-14 23:47:14,380 | [INFO] : New learning rate: 0.009000000000000001
2023-12-14 23:47:16,297 | [DEBUG] : Current model size: 19914 parameters
2023-12-14 23:47:16,297 | [DEBUG] : Current training mode: increased
2023-12-14 23:47:16,297 | [INFO] : no layers were added
2023-12-14 23:47:16,297 | [DEBUG] : Model size was changed to 19914 parameters
2023-12-14 23:47:16,297 | [DEBUG] : Learning rate is now 0.010000
2023-12-14 23:47:26,384 | [INFO] : New learning rate: 0.009000000000000001
2023-12-14 23:47:28,323 | [DEBUG] : Current model size: 19914 parameters
2023-12-14 23:47:28,323 | [DEBUG] : Current training mode: increased
2023-12-14 23:47:28,323 | [INFO] : no layers were added
2023-12-14 23:47:28,323 | [DEBUG] : Model size was changed to 19914 parameters
2023-12-14 23:47:28,324 | [DEBUG] : Learning rate is now 0.010000
2023-12-14 23:47:38,116 | [INFO] : New learning rate: 0.009000000000000001
2023-12-14 23:47:39,890 | [DEBUG] : Current model size: 19914 parameters
2023-12-14 23:47:39,891 | [DEBUG] : Current training mode: increased
2023-12-14 23:47:39,891 | [INFO] : no layers were added
2023-12-14 23:47:39,891 | [DEBUG] : Model size was changed to 19914 parameters
2023-12-14 23:47:39,891 | [DEBUG] : Learning rate is now 0.010000
2023-12-14 23:47:49,899 | [INFO] : New learning rate: 0.009000000000000001
2023-12-14 23:47:51,684 | [DEBUG] : Current model size: 19914 parameters
2023-12-14 23:47:51,684 | [DEBUG] : Current training mode: increased
2023-12-14 23:47:51,684 | [INFO] : no layers were added
2023-12-14 23:47:51,685 | [DEBUG] : Model size was changed to 19914 parameters
2023-12-14 23:47:51,685 | [DEBUG] : Learning rate is now 0.010000
2023-12-14 23:48:01,812 | [INFO] : New learning rate: 0.009000000000000001
2023-12-14 23:48:03,736 | [DEBUG] : Current model size: 19914 parameters
2023-12-14 23:48:03,736 | [DEBUG] : Current training mode: increased
2023-12-14 23:48:03,736 | [INFO] : no layers were added
2023-12-14 23:48:03,737 | [DEBUG] : Model size was changed to 19914 parameters
2023-12-14 23:48:03,737 | [DEBUG] : Learning rate is now 0.010000
2023-12-14 23:48:14,160 | [INFO] : New learning rate: 0.009000000000000001
2023-12-14 23:48:16,196 | [DEBUG] : Current model size: 19914 parameters
2023-12-14 23:48:16,197 | [DEBUG] : Current training mode: increased
2023-12-14 23:48:16,197 | [INFO] : no layers were added
2023-12-14 23:48:16,197 | [DEBUG] : Model size was changed to 19914 parameters
2023-12-14 23:48:16,197 | [DEBUG] : Learning rate is now 0.010000
2023-12-14 23:48:26,462 | [INFO] : New learning rate: 0.009000000000000001
2023-12-14 23:48:28,367 | [DEBUG] : Current model size: 19914 parameters
2023-12-14 23:48:28,368 | [DEBUG] : Current training mode: increased
2023-12-14 23:48:28,368 | [INFO] : no layers were added
2023-12-14 23:48:28,368 | [DEBUG] : Model size was changed to 19914 parameters
2023-12-14 23:48:28,368 | [DEBUG] : Learning rate is now 0.010000
2023-12-14 23:48:38,435 | [INFO] : New learning rate: 0.009000000000000001
2023-12-14 23:48:40,416 | [DEBUG] : Current model size: 19914 parameters
2023-12-14 23:48:40,416 | [DEBUG] : Current training mode: increased
2023-12-14 23:48:40,416 | [INFO] : no layers were added
2023-12-14 23:48:40,417 | [DEBUG] : Model size was changed to 19914 parameters
2023-12-14 23:48:40,417 | [DEBUG] : Learning rate is now 0.010000
2023-12-14 23:48:50,626 | [INFO] : New learning rate: 0.009000000000000001
2023-12-14 23:48:52,539 | [DEBUG] : Current model size: 19914 parameters
2023-12-14 23:48:52,539 | [DEBUG] : Current training mode: increased
2023-12-14 23:48:52,539 | [INFO] : no layers were added
2023-12-14 23:48:52,539 | [DEBUG] : Model size was changed to 19914 parameters
2023-12-14 23:48:52,539 | [DEBUG] : Learning rate is now 0.010000
2023-12-14 23:49:02,472 | [INFO] : training has run out of time
2023-12-14 23:49:02,473 | [INFO] : training31 runtime (h:mm:ss): 0:02:11
2023-12-14 23:49:02,473 | [INFO] : training31 end time: 12/14/2023 11:49:02 PM
2023-12-14 23:49:02,473 | [INFO] : episode 32/64 finished, objective: None
