2023-12-15 00:06:30,895 | [INFO] : training40 start time: 12/15/2023 12:06:30 AM
2023-12-15 00:06:30,898 | [INFO] : Initialized model with weights: results/small_middle_late2/weights.pth
2023-12-15 00:06:30,898 | [DEBUG] : Current model size: 10602 parameters
2023-12-15 00:06:30,898 | [DEBUG] : Current training mode: initial
2023-12-15 00:06:30,912 | [INFO] : GPU allocation changing : going up
2023-12-15 00:06:30,915 | [DEBUG] : Current model size: 10602 parameters
2023-12-15 00:06:30,915 | [DEBUG] : Current training mode: increased
2023-12-15 00:06:30,916 | [INFO] : deepening layer 2/3: Linear(in_features=32, out_features=10, bias=True)
2023-12-15 00:06:30,916 | [DEBUG] : Model size was changed to 10712 parameters
2023-12-15 00:06:30,916 | [DEBUG] : Learning rate is now 0.010000
2023-12-15 00:06:40,941 | [INFO] : New learning rate: 0.009000000000000001
2023-12-15 00:06:42,905 | [DEBUG] : Current model size: 10712 parameters
2023-12-15 00:06:42,905 | [DEBUG] : Current training mode: increased
2023-12-15 00:06:42,906 | [INFO] : deepening layer 2/3: Linear(in_features=32, out_features=10, bias=True)
2023-12-15 00:06:42,907 | [DEBUG] : Model size was changed to 10822 parameters
2023-12-15 00:06:42,907 | [DEBUG] : Learning rate is now 0.010000
2023-12-15 00:06:53,084 | [INFO] : New learning rate: 0.009000000000000001
2023-12-15 00:06:54,917 | [DEBUG] : Current model size: 10822 parameters
2023-12-15 00:06:54,917 | [DEBUG] : Current training mode: increased
2023-12-15 00:06:54,919 | [INFO] : deepening layer 0/3: Conv2d(3, 32, kernel_size=(3, 3), stride=(1, 1))
2023-12-15 00:06:54,919 | [DEBUG] : Model size was changed to 20134 parameters
2023-12-15 00:06:54,919 | [DEBUG] : Learning rate is now 0.010000
2023-12-15 00:07:05,196 | [INFO] : New learning rate: 0.009000000000000001
2023-12-15 00:07:07,186 | [DEBUG] : Current model size: 20134 parameters
2023-12-15 00:07:07,186 | [DEBUG] : Current training mode: increased
2023-12-15 00:07:07,187 | [INFO] : no layers were added
2023-12-15 00:07:07,187 | [DEBUG] : Model size was changed to 20134 parameters
2023-12-15 00:07:07,187 | [DEBUG] : Learning rate is now 0.010000
2023-12-15 00:07:17,314 | [INFO] : New learning rate: 0.009000000000000001
2023-12-15 00:07:19,176 | [DEBUG] : Current model size: 20134 parameters
2023-12-15 00:07:19,176 | [DEBUG] : Current training mode: increased
2023-12-15 00:07:19,176 | [INFO] : no layers were added
2023-12-15 00:07:19,177 | [DEBUG] : Model size was changed to 20134 parameters
2023-12-15 00:07:19,177 | [DEBUG] : Learning rate is now 0.010000
2023-12-15 00:07:29,607 | [INFO] : New learning rate: 0.009000000000000001
2023-12-15 00:07:31,563 | [DEBUG] : Current model size: 20134 parameters
2023-12-15 00:07:31,563 | [DEBUG] : Current training mode: increased
2023-12-15 00:07:31,564 | [INFO] : no layers were added
2023-12-15 00:07:31,564 | [DEBUG] : Model size was changed to 20134 parameters
2023-12-15 00:07:31,564 | [DEBUG] : Learning rate is now 0.010000
2023-12-15 00:07:41,720 | [INFO] : New learning rate: 0.009000000000000001
2023-12-15 00:07:43,704 | [DEBUG] : Current model size: 20134 parameters
2023-12-15 00:07:43,704 | [DEBUG] : Current training mode: increased
2023-12-15 00:07:43,705 | [INFO] : no layers were added
2023-12-15 00:07:43,705 | [DEBUG] : Model size was changed to 20134 parameters
2023-12-15 00:07:43,705 | [DEBUG] : Learning rate is now 0.010000
2023-12-15 00:07:53,816 | [INFO] : New learning rate: 0.009000000000000001
2023-12-15 00:07:55,771 | [DEBUG] : Current model size: 20134 parameters
2023-12-15 00:07:55,771 | [DEBUG] : Current training mode: increased
2023-12-15 00:07:55,772 | [INFO] : no layers were added
2023-12-15 00:07:55,772 | [DEBUG] : Model size was changed to 20134 parameters
2023-12-15 00:07:55,772 | [DEBUG] : Learning rate is now 0.010000
2023-12-15 00:08:05,939 | [INFO] : New learning rate: 0.009000000000000001
2023-12-15 00:08:07,890 | [DEBUG] : Current model size: 20134 parameters
2023-12-15 00:08:07,890 | [DEBUG] : Current training mode: increased
2023-12-15 00:08:07,890 | [INFO] : no layers were added
2023-12-15 00:08:07,891 | [DEBUG] : Model size was changed to 20134 parameters
2023-12-15 00:08:07,891 | [DEBUG] : Learning rate is now 0.010000
2023-12-15 00:08:18,099 | [INFO] : New learning rate: 0.009000000000000001
2023-12-15 00:08:20,016 | [DEBUG] : Current model size: 20134 parameters
2023-12-15 00:08:20,016 | [DEBUG] : Current training mode: increased
2023-12-15 00:08:20,017 | [INFO] : no layers were added
2023-12-15 00:08:20,017 | [DEBUG] : Model size was changed to 20134 parameters
2023-12-15 00:08:20,017 | [DEBUG] : Learning rate is now 0.010000
2023-12-15 00:08:30,168 | [INFO] : New learning rate: 0.009000000000000001
2023-12-15 00:08:32,123 | [DEBUG] : Current model size: 20134 parameters
2023-12-15 00:08:32,123 | [DEBUG] : Current training mode: increased
2023-12-15 00:08:32,124 | [INFO] : no layers were added
2023-12-15 00:08:32,124 | [DEBUG] : Model size was changed to 20134 parameters
2023-12-15 00:08:32,124 | [DEBUG] : Learning rate is now 0.010000
2023-12-15 00:08:40,908 | [INFO] : training has run out of time
2023-12-15 00:08:40,909 | [INFO] : training40 runtime (h:mm:ss): 0:02:11
2023-12-15 00:08:40,909 | [INFO] : training40 end time: 12/15/2023 12:08:40 AM
2023-12-15 00:08:40,909 | [INFO] : episode 41/64 finished, objective: None
