2023-12-15 00:02:07,871 | [INFO] : training38 start time: 12/15/2023 12:02:07 AM
2023-12-15 00:02:07,874 | [INFO] : Initialized model with weights: results/small_middle_late2/weights.pth
2023-12-15 00:02:07,874 | [DEBUG] : Current model size: 10602 parameters
2023-12-15 00:02:07,874 | [DEBUG] : Current training mode: initial
2023-12-15 00:02:07,888 | [INFO] : GPU allocation changing : going up
2023-12-15 00:02:07,890 | [DEBUG] : Current model size: 10602 parameters
2023-12-15 00:02:07,890 | [DEBUG] : Current training mode: increased
2023-12-15 00:02:07,891 | [INFO] : deepening layer 2/3: Linear(in_features=32, out_features=10, bias=True)
2023-12-15 00:02:07,892 | [DEBUG] : Model size was changed to 10712 parameters
2023-12-15 00:02:07,892 | [DEBUG] : Learning rate is now 0.010000
2023-12-15 00:02:17,938 | [INFO] : New learning rate: 0.009000000000000001
2023-12-15 00:02:19,672 | [DEBUG] : Current model size: 10712 parameters
2023-12-15 00:02:19,672 | [DEBUG] : Current training mode: increased
2023-12-15 00:02:19,674 | [INFO] : deepening layer 1/3: Conv2d(32, 32, kernel_size=(3, 3), stride=(1, 1))
2023-12-15 00:02:19,674 | [DEBUG] : Model size was changed to 20024 parameters
2023-12-15 00:02:19,674 | [DEBUG] : Learning rate is now 0.010000
2023-12-15 00:02:29,781 | [INFO] : New learning rate: 0.009000000000000001
2023-12-15 00:02:31,668 | [DEBUG] : Current model size: 20024 parameters
2023-12-15 00:02:31,668 | [DEBUG] : Current training mode: increased
2023-12-15 00:02:31,669 | [INFO] : deepening layer 2/3: Linear(in_features=32, out_features=10, bias=True)
2023-12-15 00:02:31,670 | [DEBUG] : Model size was changed to 20134 parameters
2023-12-15 00:02:31,670 | [DEBUG] : Learning rate is now 0.010000
2023-12-15 00:02:41,766 | [INFO] : New learning rate: 0.009000000000000001
2023-12-15 00:02:43,499 | [DEBUG] : Current model size: 20134 parameters
2023-12-15 00:02:43,499 | [DEBUG] : Current training mode: increased
2023-12-15 00:02:43,499 | [INFO] : no layers were added
2023-12-15 00:02:43,500 | [DEBUG] : Model size was changed to 20134 parameters
2023-12-15 00:02:43,500 | [DEBUG] : Learning rate is now 0.010000
2023-12-15 00:02:53,592 | [INFO] : New learning rate: 0.009000000000000001
2023-12-15 00:02:55,363 | [DEBUG] : Current model size: 20134 parameters
2023-12-15 00:02:55,363 | [DEBUG] : Current training mode: increased
2023-12-15 00:02:55,363 | [INFO] : no layers were added
2023-12-15 00:02:55,364 | [DEBUG] : Model size was changed to 20134 parameters
2023-12-15 00:02:55,364 | [DEBUG] : Learning rate is now 0.010000
2023-12-15 00:03:05,452 | [INFO] : New learning rate: 0.009000000000000001
2023-12-15 00:03:07,269 | [DEBUG] : Current model size: 20134 parameters
2023-12-15 00:03:07,269 | [DEBUG] : Current training mode: increased
2023-12-15 00:03:07,270 | [INFO] : no layers were added
2023-12-15 00:03:07,270 | [DEBUG] : Model size was changed to 20134 parameters
2023-12-15 00:03:07,270 | [DEBUG] : Learning rate is now 0.010000
2023-12-15 00:03:17,355 | [INFO] : New learning rate: 0.009000000000000001
2023-12-15 00:03:19,147 | [DEBUG] : Current model size: 20134 parameters
2023-12-15 00:03:19,148 | [DEBUG] : Current training mode: increased
2023-12-15 00:03:19,148 | [INFO] : no layers were added
2023-12-15 00:03:19,148 | [DEBUG] : Model size was changed to 20134 parameters
2023-12-15 00:03:19,148 | [DEBUG] : Learning rate is now 0.010000
2023-12-15 00:03:29,279 | [INFO] : New learning rate: 0.009000000000000001
2023-12-15 00:03:31,161 | [DEBUG] : Current model size: 20134 parameters
2023-12-15 00:03:31,161 | [DEBUG] : Current training mode: increased
2023-12-15 00:03:31,162 | [INFO] : no layers were added
2023-12-15 00:03:31,162 | [DEBUG] : Model size was changed to 20134 parameters
2023-12-15 00:03:31,162 | [DEBUG] : Learning rate is now 0.010000
2023-12-15 00:03:41,436 | [INFO] : New learning rate: 0.009000000000000001
2023-12-15 00:03:43,279 | [DEBUG] : Current model size: 20134 parameters
2023-12-15 00:03:43,280 | [DEBUG] : Current training mode: increased
2023-12-15 00:03:43,280 | [INFO] : no layers were added
2023-12-15 00:03:43,280 | [DEBUG] : Model size was changed to 20134 parameters
2023-12-15 00:03:43,280 | [DEBUG] : Learning rate is now 0.010000
2023-12-15 00:03:53,412 | [INFO] : New learning rate: 0.009000000000000001
2023-12-15 00:03:55,226 | [DEBUG] : Current model size: 20134 parameters
2023-12-15 00:03:55,226 | [DEBUG] : Current training mode: increased
2023-12-15 00:03:55,226 | [INFO] : no layers were added
2023-12-15 00:03:55,227 | [DEBUG] : Model size was changed to 20134 parameters
2023-12-15 00:03:55,227 | [DEBUG] : Learning rate is now 0.010000
2023-12-15 00:04:05,540 | [INFO] : New learning rate: 0.009000000000000001
2023-12-15 00:04:07,351 | [DEBUG] : Current model size: 20134 parameters
2023-12-15 00:04:07,351 | [DEBUG] : Current training mode: increased
2023-12-15 00:04:07,351 | [INFO] : no layers were added
2023-12-15 00:04:07,352 | [DEBUG] : Model size was changed to 20134 parameters
2023-12-15 00:04:07,352 | [DEBUG] : Learning rate is now 0.010000
2023-12-15 00:04:17,573 | [INFO] : New learning rate: 0.009000000000000001
2023-12-15 00:04:19,359 | [DEBUG] : Current model size: 20134 parameters
2023-12-15 00:04:19,359 | [DEBUG] : Current training mode: increased
2023-12-15 00:04:19,359 | [INFO] : no layers were added
2023-12-15 00:04:19,360 | [DEBUG] : Model size was changed to 20134 parameters
2023-12-15 00:04:19,360 | [DEBUG] : Learning rate is now 0.010000
2023-12-15 00:04:19,374 | [INFO] : training has run out of time
2023-12-15 00:04:19,374 | [INFO] : training38 runtime (h:mm:ss): 0:02:12
2023-12-15 00:04:19,374 | [INFO] : training38 end time: 12/15/2023 12:04:19 AM
2023-12-15 00:04:19,374 | [INFO] : episode 39/64 finished, objective: None
