2023-12-15 00:37:08,316 | [INFO] : training54 start time: 12/15/2023 12:37:08 AM
2023-12-15 00:37:08,319 | [INFO] : Initialized model with weights: results/small_middle_late2/weights.pth
2023-12-15 00:37:08,319 | [DEBUG] : Current model size: 10602 parameters
2023-12-15 00:37:08,319 | [DEBUG] : Current training mode: initial
2023-12-15 00:37:08,333 | [INFO] : GPU allocation changing : going up
2023-12-15 00:37:08,335 | [DEBUG] : Current model size: 10602 parameters
2023-12-15 00:37:08,335 | [DEBUG] : Current training mode: increased
2023-12-15 00:37:08,335 | [INFO] : no layers were added
2023-12-15 00:37:08,335 | [DEBUG] : Model size was changed to 10602 parameters
2023-12-15 00:37:08,335 | [DEBUG] : Learning rate is now 0.010000
2023-12-15 00:37:17,418 | [INFO] : New learning rate: 0.009000000000000001
2023-12-15 00:37:19,053 | [DEBUG] : Current model size: 10602 parameters
2023-12-15 00:37:19,053 | [DEBUG] : Current training mode: increased
2023-12-15 00:37:19,055 | [INFO] : deepening layer 1/3: Conv2d(32, 32, kernel_size=(3, 3), stride=(1, 1))
2023-12-15 00:37:19,055 | [DEBUG] : Model size was changed to 19914 parameters
2023-12-15 00:37:19,055 | [DEBUG] : Learning rate is now 0.010000
2023-12-15 00:37:28,429 | [INFO] : New learning rate: 0.009000000000000001
2023-12-15 00:37:30,068 | [DEBUG] : Current model size: 19914 parameters
2023-12-15 00:37:30,068 | [DEBUG] : Current training mode: increased
2023-12-15 00:37:30,069 | [INFO] : deepening layer 2/3: Linear(in_features=32, out_features=10, bias=True)
2023-12-15 00:37:30,070 | [DEBUG] : Model size was changed to 20024 parameters
2023-12-15 00:37:30,070 | [DEBUG] : Learning rate is now 0.010000
2023-12-15 00:37:39,520 | [INFO] : New learning rate: 0.009000000000000001
2023-12-15 00:37:41,182 | [DEBUG] : Current model size: 20024 parameters
2023-12-15 00:37:41,182 | [DEBUG] : Current training mode: increased
2023-12-15 00:37:41,182 | [INFO] : no layers were added
2023-12-15 00:37:41,182 | [DEBUG] : Model size was changed to 20024 parameters
2023-12-15 00:37:41,182 | [DEBUG] : Learning rate is now 0.010000
2023-12-15 00:37:50,623 | [INFO] : New learning rate: 0.009000000000000001
2023-12-15 00:37:52,265 | [DEBUG] : Current model size: 20024 parameters
2023-12-15 00:37:52,265 | [DEBUG] : Current training mode: increased
2023-12-15 00:37:52,265 | [INFO] : no layers were added
2023-12-15 00:37:52,266 | [DEBUG] : Model size was changed to 20024 parameters
2023-12-15 00:37:52,266 | [DEBUG] : Learning rate is now 0.010000
2023-12-15 00:38:01,733 | [INFO] : New learning rate: 0.009000000000000001
2023-12-15 00:38:03,377 | [DEBUG] : Current model size: 20024 parameters
2023-12-15 00:38:03,377 | [DEBUG] : Current training mode: increased
2023-12-15 00:38:03,378 | [INFO] : no layers were added
2023-12-15 00:38:03,378 | [DEBUG] : Model size was changed to 20024 parameters
2023-12-15 00:38:03,378 | [DEBUG] : Learning rate is now 0.010000
2023-12-15 00:38:12,832 | [INFO] : New learning rate: 0.009000000000000001
2023-12-15 00:38:14,477 | [DEBUG] : Current model size: 20024 parameters
2023-12-15 00:38:14,477 | [DEBUG] : Current training mode: increased
2023-12-15 00:38:14,477 | [INFO] : no layers were added
2023-12-15 00:38:14,478 | [DEBUG] : Model size was changed to 20024 parameters
2023-12-15 00:38:14,478 | [DEBUG] : Learning rate is now 0.010000
2023-12-15 00:38:23,997 | [INFO] : New learning rate: 0.009000000000000001
2023-12-15 00:38:25,667 | [DEBUG] : Current model size: 20024 parameters
2023-12-15 00:38:25,667 | [DEBUG] : Current training mode: increased
2023-12-15 00:38:25,667 | [INFO] : no layers were added
2023-12-15 00:38:25,667 | [DEBUG] : Model size was changed to 20024 parameters
2023-12-15 00:38:25,667 | [DEBUG] : Learning rate is now 0.010000
2023-12-15 00:38:35,162 | [INFO] : New learning rate: 0.009000000000000001
2023-12-15 00:38:36,810 | [DEBUG] : Current model size: 20024 parameters
2023-12-15 00:38:36,811 | [DEBUG] : Current training mode: increased
2023-12-15 00:38:36,811 | [INFO] : no layers were added
2023-12-15 00:38:36,811 | [DEBUG] : Model size was changed to 20024 parameters
2023-12-15 00:38:36,811 | [DEBUG] : Learning rate is now 0.010000
2023-12-15 00:38:46,278 | [INFO] : New learning rate: 0.009000000000000001
2023-12-15 00:38:47,927 | [DEBUG] : Current model size: 20024 parameters
2023-12-15 00:38:47,927 | [DEBUG] : Current training mode: increased
2023-12-15 00:38:47,927 | [INFO] : no layers were added
2023-12-15 00:38:47,928 | [DEBUG] : Model size was changed to 20024 parameters
2023-12-15 00:38:47,928 | [DEBUG] : Learning rate is now 0.010000
2023-12-15 00:38:57,417 | [INFO] : New learning rate: 0.009000000000000001
2023-12-15 00:38:59,085 | [DEBUG] : Current model size: 20024 parameters
2023-12-15 00:38:59,085 | [DEBUG] : Current training mode: increased
2023-12-15 00:38:59,085 | [INFO] : no layers were added
2023-12-15 00:38:59,085 | [DEBUG] : Model size was changed to 20024 parameters
2023-12-15 00:38:59,085 | [DEBUG] : Learning rate is now 0.010000
2023-12-15 00:39:08,596 | [INFO] : New learning rate: 0.009000000000000001
2023-12-15 00:39:10,244 | [DEBUG] : Current model size: 20024 parameters
2023-12-15 00:39:10,244 | [DEBUG] : Current training mode: increased
2023-12-15 00:39:10,244 | [INFO] : no layers were added
2023-12-15 00:39:10,245 | [DEBUG] : Model size was changed to 20024 parameters
2023-12-15 00:39:10,245 | [DEBUG] : Learning rate is now 0.010000
2023-12-15 00:39:18,327 | [INFO] : training has run out of time
2023-12-15 00:39:18,327 | [INFO] : training54 runtime (h:mm:ss): 0:02:11
2023-12-15 00:39:18,327 | [INFO] : training54 end time: 12/15/2023 12:39:18 AM
2023-12-15 00:39:18,327 | [INFO] : episode 55/64 finished, objective: None
