2023-12-14 23:16:21,540 | [INFO] : training17 start time: 12/14/2023 11:16:21 PM
2023-12-14 23:16:21,543 | [INFO] : Initialized model with weights: results/small_middle_late2/weights.pth
2023-12-14 23:16:21,543 | [DEBUG] : Current model size: 10602 parameters
2023-12-14 23:16:21,543 | [DEBUG] : Current training mode: initial
2023-12-14 23:16:21,557 | [INFO] : GPU allocation changing : going up
2023-12-14 23:16:21,559 | [DEBUG] : Current model size: 10602 parameters
2023-12-14 23:16:21,559 | [DEBUG] : Current training mode: increased
2023-12-14 23:16:21,562 | [INFO] : deepening layer 1/3: Conv2d(32, 32, kernel_size=(3, 3), stride=(1, 1))
2023-12-14 23:16:21,562 | [DEBUG] : Model size was changed to 19914 parameters
2023-12-14 23:16:21,562 | [DEBUG] : Learning rate is now 0.010000
2023-12-14 23:16:31,468 | [INFO] : New learning rate: 0.009000000000000001
2023-12-14 23:16:33,283 | [DEBUG] : Current model size: 19914 parameters
2023-12-14 23:16:33,283 | [DEBUG] : Current training mode: increased
2023-12-14 23:16:33,285 | [INFO] : deepening layer 0/3: Conv2d(3, 32, kernel_size=(3, 3), stride=(1, 1))
2023-12-14 23:16:33,286 | [DEBUG] : Model size was changed to 29226 parameters
2023-12-14 23:16:33,286 | [DEBUG] : Learning rate is now 0.010000
2023-12-14 23:16:43,439 | [INFO] : New learning rate: 0.009000000000000001
2023-12-14 23:16:45,357 | [DEBUG] : Current model size: 29226 parameters
2023-12-14 23:16:45,357 | [DEBUG] : Current training mode: increased
2023-12-14 23:16:45,358 | [INFO] : deepening layer 1/3: Conv2d(32, 32, kernel_size=(3, 3), stride=(1, 1))
2023-12-14 23:16:45,359 | [DEBUG] : Model size was changed to 38538 parameters
2023-12-14 23:16:45,359 | [DEBUG] : Learning rate is now 0.010000
2023-12-14 23:16:55,801 | [INFO] : New learning rate: 0.009000000000000001
2023-12-14 23:16:57,660 | [DEBUG] : Current model size: 38538 parameters
2023-12-14 23:16:57,660 | [DEBUG] : Current training mode: increased
2023-12-14 23:16:57,660 | [INFO] : no layers were added
2023-12-14 23:16:57,661 | [DEBUG] : Model size was changed to 38538 parameters
2023-12-14 23:16:57,661 | [DEBUG] : Learning rate is now 0.010000
2023-12-14 23:17:08,062 | [INFO] : New learning rate: 0.009000000000000001
2023-12-14 23:17:09,984 | [DEBUG] : Current model size: 38538 parameters
2023-12-14 23:17:09,984 | [DEBUG] : Current training mode: increased
2023-12-14 23:17:09,984 | [INFO] : no layers were added
2023-12-14 23:17:09,985 | [DEBUG] : Model size was changed to 38538 parameters
2023-12-14 23:17:09,985 | [DEBUG] : Learning rate is now 0.010000
2023-12-14 23:17:20,478 | [INFO] : New learning rate: 0.009000000000000001
2023-12-14 23:17:22,306 | [DEBUG] : Current model size: 38538 parameters
2023-12-14 23:17:22,306 | [DEBUG] : Current training mode: increased
2023-12-14 23:17:22,306 | [INFO] : no layers were added
2023-12-14 23:17:22,307 | [DEBUG] : Model size was changed to 38538 parameters
2023-12-14 23:17:22,307 | [DEBUG] : Learning rate is now 0.010000
2023-12-14 23:17:32,709 | [INFO] : New learning rate: 0.009000000000000001
2023-12-14 23:17:34,518 | [DEBUG] : Current model size: 38538 parameters
2023-12-14 23:17:34,518 | [DEBUG] : Current training mode: increased
2023-12-14 23:17:34,518 | [INFO] : no layers were added
2023-12-14 23:17:34,519 | [DEBUG] : Model size was changed to 38538 parameters
2023-12-14 23:17:34,519 | [DEBUG] : Learning rate is now 0.010000
2023-12-14 23:17:44,904 | [INFO] : New learning rate: 0.009000000000000001
2023-12-14 23:17:46,806 | [DEBUG] : Current model size: 38538 parameters
2023-12-14 23:17:46,806 | [DEBUG] : Current training mode: increased
2023-12-14 23:17:46,806 | [INFO] : no layers were added
2023-12-14 23:17:46,807 | [DEBUG] : Model size was changed to 38538 parameters
2023-12-14 23:17:46,807 | [DEBUG] : Learning rate is now 0.010000
2023-12-14 23:17:57,313 | [INFO] : New learning rate: 0.009000000000000001
2023-12-14 23:17:59,229 | [DEBUG] : Current model size: 38538 parameters
2023-12-14 23:17:59,229 | [DEBUG] : Current training mode: increased
2023-12-14 23:17:59,230 | [INFO] : no layers were added
2023-12-14 23:17:59,230 | [DEBUG] : Model size was changed to 38538 parameters
2023-12-14 23:17:59,230 | [DEBUG] : Learning rate is now 0.010000
2023-12-14 23:18:09,694 | [INFO] : New learning rate: 0.009000000000000001
2023-12-14 23:18:11,592 | [DEBUG] : Current model size: 38538 parameters
2023-12-14 23:18:11,592 | [DEBUG] : Current training mode: increased
2023-12-14 23:18:11,592 | [INFO] : no layers were added
2023-12-14 23:18:11,593 | [DEBUG] : Model size was changed to 38538 parameters
2023-12-14 23:18:11,593 | [DEBUG] : Learning rate is now 0.010000
2023-12-14 23:18:21,981 | [INFO] : New learning rate: 0.009000000000000001
2023-12-14 23:18:23,804 | [DEBUG] : Current model size: 38538 parameters
2023-12-14 23:18:23,804 | [DEBUG] : Current training mode: increased
2023-12-14 23:18:23,804 | [INFO] : no layers were added
2023-12-14 23:18:23,805 | [DEBUG] : Model size was changed to 38538 parameters
2023-12-14 23:18:23,805 | [DEBUG] : Learning rate is now 0.010000
2023-12-14 23:18:31,547 | [INFO] : training has run out of time
2023-12-14 23:18:31,549 | [INFO] : training17 runtime (h:mm:ss): 0:02:11
2023-12-14 23:18:31,549 | [INFO] : training17 end time: 12/14/2023 11:18:31 PM
2023-12-14 23:18:31,549 | [INFO] : episode 18/64 finished, objective: None
