2023-12-14 22:52:21,705 | [INFO] : training06 start time: 12/14/2023 10:52:21 PM
2023-12-14 22:52:21,708 | [INFO] : Initialized model with weights: results/small_middle_late2/weights.pth
2023-12-14 22:52:21,708 | [DEBUG] : Current model size: 10602 parameters
2023-12-14 22:52:21,708 | [DEBUG] : Current training mode: initial
2023-12-14 22:52:21,722 | [INFO] : GPU allocation changing : going up
2023-12-14 22:52:21,724 | [DEBUG] : Current model size: 10602 parameters
2023-12-14 22:52:21,724 | [DEBUG] : Current training mode: increased
2023-12-14 22:52:21,726 | [INFO] : deepening layer 0/3: Conv2d(3, 32, kernel_size=(3, 3), stride=(1, 1))
2023-12-14 22:52:21,727 | [DEBUG] : Model size was changed to 19914 parameters
2023-12-14 22:52:21,727 | [DEBUG] : Learning rate is now 0.010000
2023-12-14 22:52:31,714 | [INFO] : New learning rate: 0.009000000000000001
2023-12-14 22:52:33,505 | [DEBUG] : Current model size: 19914 parameters
2023-12-14 22:52:33,505 | [DEBUG] : Current training mode: increased
2023-12-14 22:52:33,507 | [INFO] : deepening layer 1/3: Conv2d(32, 32, kernel_size=(3, 3), stride=(1, 1))
2023-12-14 22:52:33,507 | [DEBUG] : Model size was changed to 29226 parameters
2023-12-14 22:52:33,507 | [DEBUG] : Learning rate is now 0.010000
2023-12-14 22:52:43,734 | [INFO] : New learning rate: 0.009000000000000001
2023-12-14 22:52:45,715 | [DEBUG] : Current model size: 29226 parameters
2023-12-14 22:52:45,715 | [DEBUG] : Current training mode: increased
2023-12-14 22:52:45,716 | [INFO] : deepening layer 2/3: Linear(in_features=32, out_features=10, bias=True)
2023-12-14 22:52:45,717 | [DEBUG] : Model size was changed to 29336 parameters
2023-12-14 22:52:45,717 | [DEBUG] : Learning rate is now 0.010000
2023-12-14 22:52:55,960 | [INFO] : New learning rate: 0.009000000000000001
2023-12-14 22:52:57,923 | [DEBUG] : Current model size: 29336 parameters
2023-12-14 22:52:57,923 | [DEBUG] : Current training mode: increased
2023-12-14 22:52:57,923 | [INFO] : no layers were added
2023-12-14 22:52:57,924 | [DEBUG] : Model size was changed to 29336 parameters
2023-12-14 22:52:57,924 | [DEBUG] : Learning rate is now 0.010000
2023-12-14 22:53:08,234 | [INFO] : New learning rate: 0.009000000000000001
2023-12-14 22:53:10,121 | [DEBUG] : Current model size: 29336 parameters
2023-12-14 22:53:10,121 | [DEBUG] : Current training mode: increased
2023-12-14 22:53:10,122 | [INFO] : no layers were added
2023-12-14 22:53:10,122 | [DEBUG] : Model size was changed to 29336 parameters
2023-12-14 22:53:10,122 | [DEBUG] : Learning rate is now 0.010000
2023-12-14 22:53:20,430 | [INFO] : New learning rate: 0.009000000000000001
2023-12-14 22:53:22,344 | [DEBUG] : Current model size: 29336 parameters
2023-12-14 22:53:22,345 | [DEBUG] : Current training mode: increased
2023-12-14 22:53:22,345 | [INFO] : no layers were added
2023-12-14 22:53:22,345 | [DEBUG] : Model size was changed to 29336 parameters
2023-12-14 22:53:22,345 | [DEBUG] : Learning rate is now 0.010000
2023-12-14 22:53:32,621 | [INFO] : New learning rate: 0.009000000000000001
2023-12-14 22:53:34,567 | [DEBUG] : Current model size: 29336 parameters
2023-12-14 22:53:34,567 | [DEBUG] : Current training mode: increased
2023-12-14 22:53:34,567 | [INFO] : no layers were added
2023-12-14 22:53:34,568 | [DEBUG] : Model size was changed to 29336 parameters
2023-12-14 22:53:34,568 | [DEBUG] : Learning rate is now 0.010000
2023-12-14 22:53:44,765 | [INFO] : New learning rate: 0.009000000000000001
2023-12-14 22:53:46,725 | [DEBUG] : Current model size: 29336 parameters
2023-12-14 22:53:46,725 | [DEBUG] : Current training mode: increased
2023-12-14 22:53:46,725 | [INFO] : no layers were added
2023-12-14 22:53:46,726 | [DEBUG] : Model size was changed to 29336 parameters
2023-12-14 22:53:46,726 | [DEBUG] : Learning rate is now 0.010000
2023-12-14 22:53:56,938 | [INFO] : New learning rate: 0.009000000000000001
2023-12-14 22:53:58,795 | [DEBUG] : Current model size: 29336 parameters
2023-12-14 22:53:58,796 | [DEBUG] : Current training mode: increased
2023-12-14 22:53:58,796 | [INFO] : no layers were added
2023-12-14 22:53:58,796 | [DEBUG] : Model size was changed to 29336 parameters
2023-12-14 22:53:58,796 | [DEBUG] : Learning rate is now 0.010000
2023-12-14 22:54:08,993 | [INFO] : New learning rate: 0.009000000000000001
2023-12-14 22:54:10,794 | [DEBUG] : Current model size: 29336 parameters
2023-12-14 22:54:10,794 | [DEBUG] : Current training mode: increased
2023-12-14 22:54:10,794 | [INFO] : no layers were added
2023-12-14 22:54:10,795 | [DEBUG] : Model size was changed to 29336 parameters
2023-12-14 22:54:10,795 | [DEBUG] : Learning rate is now 0.010000
2023-12-14 22:54:20,937 | [INFO] : New learning rate: 0.009000000000000001
2023-12-14 22:54:22,768 | [DEBUG] : Current model size: 29336 parameters
2023-12-14 22:54:22,768 | [DEBUG] : Current training mode: increased
2023-12-14 22:54:22,768 | [INFO] : no layers were added
2023-12-14 22:54:22,769 | [DEBUG] : Model size was changed to 29336 parameters
2023-12-14 22:54:22,769 | [DEBUG] : Learning rate is now 0.010000
2023-12-14 22:54:31,712 | [INFO] : training has run out of time
2023-12-14 22:54:31,714 | [INFO] : training06 runtime (h:mm:ss): 0:02:11
2023-12-14 22:54:31,714 | [INFO] : training06 end time: 12/14/2023 10:54:31 PM
2023-12-14 22:54:31,714 | [INFO] : episode 7/64 finished, objective: None
