2023-12-14 23:33:47,808 | [INFO] : training25 start time: 12/14/2023 11:33:47 PM
2023-12-14 23:33:47,811 | [INFO] : Initialized model with weights: results/small_middle_late2/weights.pth
2023-12-14 23:33:47,811 | [DEBUG] : Current model size: 10602 parameters
2023-12-14 23:33:47,811 | [DEBUG] : Current training mode: initial
2023-12-14 23:33:47,830 | [INFO] : GPU allocation changing : going up
2023-12-14 23:33:47,833 | [DEBUG] : Current model size: 10602 parameters
2023-12-14 23:33:47,833 | [DEBUG] : Current training mode: increased
2023-12-14 23:33:47,834 | [INFO] : deepening layer 1/3: Conv2d(32, 32, kernel_size=(3, 3), stride=(1, 1))
2023-12-14 23:33:47,835 | [DEBUG] : Model size was changed to 19914 parameters
2023-12-14 23:33:47,835 | [DEBUG] : Learning rate is now 0.010000
2023-12-14 23:33:57,626 | [INFO] : New learning rate: 0.009000000000000001
2023-12-14 23:33:59,439 | [DEBUG] : Current model size: 19914 parameters
2023-12-14 23:33:59,439 | [DEBUG] : Current training mode: increased
2023-12-14 23:33:59,440 | [INFO] : deepening layer 2/3: Linear(in_features=32, out_features=10, bias=True)
2023-12-14 23:33:59,441 | [DEBUG] : Model size was changed to 20024 parameters
2023-12-14 23:33:59,441 | [DEBUG] : Learning rate is now 0.010000
2023-12-14 23:34:09,326 | [INFO] : New learning rate: 0.009000000000000001
2023-12-14 23:34:11,224 | [DEBUG] : Current model size: 20024 parameters
2023-12-14 23:34:11,225 | [DEBUG] : Current training mode: increased
2023-12-14 23:34:11,226 | [INFO] : deepening layer 1/3: Conv2d(32, 32, kernel_size=(3, 3), stride=(1, 1))
2023-12-14 23:34:11,227 | [DEBUG] : Model size was changed to 29336 parameters
2023-12-14 23:34:11,227 | [DEBUG] : Learning rate is now 0.010000
2023-12-14 23:34:21,486 | [INFO] : New learning rate: 0.009000000000000001
2023-12-14 23:34:23,405 | [DEBUG] : Current model size: 29336 parameters
2023-12-14 23:34:23,405 | [DEBUG] : Current training mode: increased
2023-12-14 23:34:23,406 | [INFO] : no layers were added
2023-12-14 23:34:23,406 | [DEBUG] : Model size was changed to 29336 parameters
2023-12-14 23:34:23,406 | [DEBUG] : Learning rate is now 0.010000
2023-12-14 23:34:33,740 | [INFO] : New learning rate: 0.009000000000000001
2023-12-14 23:34:35,760 | [DEBUG] : Current model size: 29336 parameters
2023-12-14 23:34:35,760 | [DEBUG] : Current training mode: increased
2023-12-14 23:34:35,760 | [INFO] : no layers were added
2023-12-14 23:34:35,761 | [DEBUG] : Model size was changed to 29336 parameters
2023-12-14 23:34:35,761 | [DEBUG] : Learning rate is now 0.010000
2023-12-14 23:34:46,025 | [INFO] : New learning rate: 0.009000000000000001
2023-12-14 23:34:48,022 | [DEBUG] : Current model size: 29336 parameters
2023-12-14 23:34:48,022 | [DEBUG] : Current training mode: increased
2023-12-14 23:34:48,022 | [INFO] : no layers were added
2023-12-14 23:34:48,022 | [DEBUG] : Model size was changed to 29336 parameters
2023-12-14 23:34:48,022 | [DEBUG] : Learning rate is now 0.010000
2023-12-14 23:34:58,312 | [INFO] : New learning rate: 0.009000000000000001
2023-12-14 23:35:00,337 | [DEBUG] : Current model size: 29336 parameters
2023-12-14 23:35:00,337 | [DEBUG] : Current training mode: increased
2023-12-14 23:35:00,337 | [INFO] : no layers were added
2023-12-14 23:35:00,337 | [DEBUG] : Model size was changed to 29336 parameters
2023-12-14 23:35:00,338 | [DEBUG] : Learning rate is now 0.010000
2023-12-14 23:35:10,604 | [INFO] : New learning rate: 0.009000000000000001
2023-12-14 23:35:12,581 | [DEBUG] : Current model size: 29336 parameters
2023-12-14 23:35:12,582 | [DEBUG] : Current training mode: increased
2023-12-14 23:35:12,582 | [INFO] : no layers were added
2023-12-14 23:35:12,582 | [DEBUG] : Model size was changed to 29336 parameters
2023-12-14 23:35:12,582 | [DEBUG] : Learning rate is now 0.010000
2023-12-14 23:35:22,836 | [INFO] : New learning rate: 0.009000000000000001
2023-12-14 23:35:24,832 | [DEBUG] : Current model size: 29336 parameters
2023-12-14 23:35:24,832 | [DEBUG] : Current training mode: increased
2023-12-14 23:35:24,832 | [INFO] : no layers were added
2023-12-14 23:35:24,833 | [DEBUG] : Model size was changed to 29336 parameters
2023-12-14 23:35:24,833 | [DEBUG] : Learning rate is now 0.010000
2023-12-14 23:35:35,159 | [INFO] : New learning rate: 0.009000000000000001
2023-12-14 23:35:37,039 | [DEBUG] : Current model size: 29336 parameters
2023-12-14 23:35:37,039 | [DEBUG] : Current training mode: increased
2023-12-14 23:35:37,039 | [INFO] : no layers were added
2023-12-14 23:35:37,040 | [DEBUG] : Model size was changed to 29336 parameters
2023-12-14 23:35:37,040 | [DEBUG] : Learning rate is now 0.010000
2023-12-14 23:35:47,298 | [INFO] : New learning rate: 0.009000000000000001
2023-12-14 23:35:49,257 | [DEBUG] : Current model size: 29336 parameters
2023-12-14 23:35:49,257 | [DEBUG] : Current training mode: increased
2023-12-14 23:35:49,257 | [INFO] : no layers were added
2023-12-14 23:35:49,258 | [DEBUG] : Model size was changed to 29336 parameters
2023-12-14 23:35:49,258 | [DEBUG] : Learning rate is now 0.010000
2023-12-14 23:35:57,818 | [INFO] : training has run out of time
2023-12-14 23:35:57,819 | [INFO] : training25 runtime (h:mm:ss): 0:02:11
2023-12-14 23:35:57,819 | [INFO] : training25 end time: 12/14/2023 11:35:57 PM
2023-12-14 23:35:57,819 | [INFO] : episode 26/64 finished, objective: None
