2023-12-14 23:27:15,410 | [INFO] : training22 start time: 12/14/2023 11:27:15 PM
2023-12-14 23:27:15,413 | [INFO] : Initialized model with weights: results/small_middle_late2/weights.pth
2023-12-14 23:27:15,413 | [DEBUG] : Current model size: 10602 parameters
2023-12-14 23:27:15,413 | [DEBUG] : Current training mode: initial
2023-12-14 23:27:15,430 | [INFO] : GPU allocation changing : going up
2023-12-14 23:27:15,432 | [DEBUG] : Current model size: 10602 parameters
2023-12-14 23:27:15,432 | [DEBUG] : Current training mode: increased
2023-12-14 23:27:15,434 | [INFO] : deepening layer 1/3: Conv2d(32, 32, kernel_size=(3, 3), stride=(1, 1))
2023-12-14 23:27:15,435 | [DEBUG] : Model size was changed to 19914 parameters
2023-12-14 23:27:15,435 | [DEBUG] : Learning rate is now 0.010000
2023-12-14 23:27:25,419 | [INFO] : New learning rate: 0.009000000000000001
2023-12-14 23:27:27,244 | [DEBUG] : Current model size: 19914 parameters
2023-12-14 23:27:27,244 | [DEBUG] : Current training mode: increased
2023-12-14 23:27:27,246 | [INFO] : deepening layer 1/3: Conv2d(32, 32, kernel_size=(3, 3), stride=(1, 1))
2023-12-14 23:27:27,246 | [DEBUG] : Model size was changed to 29226 parameters
2023-12-14 23:27:27,246 | [DEBUG] : Learning rate is now 0.010000
2023-12-14 23:27:37,471 | [INFO] : New learning rate: 0.009000000000000001
2023-12-14 23:27:39,344 | [DEBUG] : Current model size: 29226 parameters
2023-12-14 23:27:39,344 | [DEBUG] : Current training mode: increased
2023-12-14 23:27:39,345 | [INFO] : deepening layer 2/3: Linear(in_features=32, out_features=10, bias=True)
2023-12-14 23:27:39,346 | [DEBUG] : Model size was changed to 29336 parameters
2023-12-14 23:27:39,346 | [DEBUG] : Learning rate is now 0.010000
2023-12-14 23:27:49,703 | [INFO] : New learning rate: 0.009000000000000001
2023-12-14 23:27:51,622 | [DEBUG] : Current model size: 29336 parameters
2023-12-14 23:27:51,622 | [DEBUG] : Current training mode: increased
2023-12-14 23:27:51,622 | [INFO] : no layers were added
2023-12-14 23:27:51,623 | [DEBUG] : Model size was changed to 29336 parameters
2023-12-14 23:27:51,623 | [DEBUG] : Learning rate is now 0.010000
2023-12-14 23:28:02,009 | [INFO] : New learning rate: 0.009000000000000001
2023-12-14 23:28:03,896 | [DEBUG] : Current model size: 29336 parameters
2023-12-14 23:28:03,897 | [DEBUG] : Current training mode: increased
2023-12-14 23:28:03,897 | [INFO] : no layers were added
2023-12-14 23:28:03,897 | [DEBUG] : Model size was changed to 29336 parameters
2023-12-14 23:28:03,897 | [DEBUG] : Learning rate is now 0.010000
2023-12-14 23:28:14,317 | [INFO] : New learning rate: 0.009000000000000001
2023-12-14 23:28:16,251 | [DEBUG] : Current model size: 29336 parameters
2023-12-14 23:28:16,251 | [DEBUG] : Current training mode: increased
2023-12-14 23:28:16,251 | [INFO] : no layers were added
2023-12-14 23:28:16,252 | [DEBUG] : Model size was changed to 29336 parameters
2023-12-14 23:28:16,252 | [DEBUG] : Learning rate is now 0.010000
2023-12-14 23:28:26,532 | [INFO] : New learning rate: 0.009000000000000001
2023-12-14 23:28:28,353 | [DEBUG] : Current model size: 29336 parameters
2023-12-14 23:28:28,353 | [DEBUG] : Current training mode: increased
2023-12-14 23:28:28,353 | [INFO] : no layers were added
2023-12-14 23:28:28,354 | [DEBUG] : Model size was changed to 29336 parameters
2023-12-14 23:28:28,354 | [DEBUG] : Learning rate is now 0.010000
2023-12-14 23:28:38,622 | [INFO] : New learning rate: 0.009000000000000001
2023-12-14 23:28:40,505 | [DEBUG] : Current model size: 29336 parameters
2023-12-14 23:28:40,505 | [DEBUG] : Current training mode: increased
2023-12-14 23:28:40,505 | [INFO] : no layers were added
2023-12-14 23:28:40,506 | [DEBUG] : Model size was changed to 29336 parameters
2023-12-14 23:28:40,506 | [DEBUG] : Learning rate is now 0.010000
2023-12-14 23:28:50,751 | [INFO] : New learning rate: 0.009000000000000001
2023-12-14 23:28:52,634 | [DEBUG] : Current model size: 29336 parameters
2023-12-14 23:28:52,634 | [DEBUG] : Current training mode: increased
2023-12-14 23:28:52,634 | [INFO] : no layers were added
2023-12-14 23:28:52,635 | [DEBUG] : Model size was changed to 29336 parameters
2023-12-14 23:28:52,635 | [DEBUG] : Learning rate is now 0.010000
2023-12-14 23:29:02,879 | [INFO] : New learning rate: 0.009000000000000001
2023-12-14 23:29:04,741 | [DEBUG] : Current model size: 29336 parameters
2023-12-14 23:29:04,741 | [DEBUG] : Current training mode: increased
2023-12-14 23:29:04,742 | [INFO] : no layers were added
2023-12-14 23:29:04,742 | [DEBUG] : Model size was changed to 29336 parameters
2023-12-14 23:29:04,742 | [DEBUG] : Learning rate is now 0.010000
2023-12-14 23:29:15,062 | [INFO] : New learning rate: 0.009000000000000001
2023-12-14 23:29:17,031 | [DEBUG] : Current model size: 29336 parameters
2023-12-14 23:29:17,031 | [DEBUG] : Current training mode: increased
2023-12-14 23:29:17,031 | [INFO] : no layers were added
2023-12-14 23:29:17,031 | [DEBUG] : Model size was changed to 29336 parameters
2023-12-14 23:29:17,032 | [DEBUG] : Learning rate is now 0.010000
2023-12-14 23:29:25,418 | [INFO] : training has run out of time
2023-12-14 23:29:25,419 | [INFO] : training22 runtime (h:mm:ss): 0:02:11
2023-12-14 23:29:25,419 | [INFO] : training22 end time: 12/14/2023 11:29:25 PM
2023-12-14 23:29:25,419 | [INFO] : episode 23/64 finished, objective: None
