2023-12-14 23:57:46,313 | [INFO] : training36 start time: 12/14/2023 11:57:46 PM
2023-12-14 23:57:46,316 | [INFO] : Initialized model with weights: results/small_middle_late2/weights.pth
2023-12-14 23:57:46,316 | [DEBUG] : Current model size: 10602 parameters
2023-12-14 23:57:46,316 | [DEBUG] : Current training mode: initial
2023-12-14 23:57:46,330 | [INFO] : GPU allocation changing : going up
2023-12-14 23:57:46,333 | [DEBUG] : Current model size: 10602 parameters
2023-12-14 23:57:46,333 | [DEBUG] : Current training mode: increased
2023-12-14 23:57:46,334 | [INFO] : deepening layer 2/3: Linear(in_features=32, out_features=10, bias=True)
2023-12-14 23:57:46,334 | [DEBUG] : Model size was changed to 10712 parameters
2023-12-14 23:57:46,334 | [DEBUG] : Learning rate is now 0.010000
2023-12-14 23:57:56,407 | [INFO] : New learning rate: 0.009000000000000001
2023-12-14 23:57:58,320 | [DEBUG] : Current model size: 10712 parameters
2023-12-14 23:57:58,320 | [DEBUG] : Current training mode: increased
2023-12-14 23:57:58,321 | [INFO] : deepening layer 1/3: Conv2d(32, 32, kernel_size=(3, 3), stride=(1, 1))
2023-12-14 23:57:58,322 | [DEBUG] : Model size was changed to 20024 parameters
2023-12-14 23:57:58,322 | [DEBUG] : Learning rate is now 0.010000
2023-12-14 23:58:08,478 | [INFO] : New learning rate: 0.009000000000000001
2023-12-14 23:58:10,234 | [DEBUG] : Current model size: 20024 parameters
2023-12-14 23:58:10,234 | [DEBUG] : Current training mode: increased
2023-12-14 23:58:10,235 | [INFO] : deepening layer 0/3: Conv2d(3, 32, kernel_size=(3, 3), stride=(1, 1))
2023-12-14 23:58:10,236 | [DEBUG] : Model size was changed to 29336 parameters
2023-12-14 23:58:10,236 | [DEBUG] : Learning rate is now 0.010000
2023-12-14 23:58:20,523 | [INFO] : New learning rate: 0.009000000000000001
2023-12-14 23:58:22,342 | [DEBUG] : Current model size: 29336 parameters
2023-12-14 23:58:22,342 | [DEBUG] : Current training mode: increased
2023-12-14 23:58:22,342 | [INFO] : no layers were added
2023-12-14 23:58:22,342 | [DEBUG] : Model size was changed to 29336 parameters
2023-12-14 23:58:22,342 | [DEBUG] : Learning rate is now 0.010000
2023-12-14 23:58:32,671 | [INFO] : New learning rate: 0.009000000000000001
2023-12-14 23:58:34,565 | [DEBUG] : Current model size: 29336 parameters
2023-12-14 23:58:34,565 | [DEBUG] : Current training mode: increased
2023-12-14 23:58:34,565 | [INFO] : no layers were added
2023-12-14 23:58:34,566 | [DEBUG] : Model size was changed to 29336 parameters
2023-12-14 23:58:34,566 | [DEBUG] : Learning rate is now 0.010000
2023-12-14 23:58:44,972 | [INFO] : New learning rate: 0.009000000000000001
2023-12-14 23:58:46,819 | [DEBUG] : Current model size: 29336 parameters
2023-12-14 23:58:46,819 | [DEBUG] : Current training mode: increased
2023-12-14 23:58:46,819 | [INFO] : no layers were added
2023-12-14 23:58:46,820 | [DEBUG] : Model size was changed to 29336 parameters
2023-12-14 23:58:46,820 | [DEBUG] : Learning rate is now 0.010000
2023-12-14 23:58:57,197 | [INFO] : New learning rate: 0.009000000000000001
2023-12-14 23:58:59,066 | [DEBUG] : Current model size: 29336 parameters
2023-12-14 23:58:59,066 | [DEBUG] : Current training mode: increased
2023-12-14 23:58:59,066 | [INFO] : no layers were added
2023-12-14 23:58:59,066 | [DEBUG] : Model size was changed to 29336 parameters
2023-12-14 23:58:59,066 | [DEBUG] : Learning rate is now 0.010000
2023-12-14 23:59:09,536 | [INFO] : New learning rate: 0.009000000000000001
2023-12-14 23:59:11,512 | [DEBUG] : Current model size: 29336 parameters
2023-12-14 23:59:11,512 | [DEBUG] : Current training mode: increased
2023-12-14 23:59:11,512 | [INFO] : no layers were added
2023-12-14 23:59:11,513 | [DEBUG] : Model size was changed to 29336 parameters
2023-12-14 23:59:11,513 | [DEBUG] : Learning rate is now 0.010000
2023-12-14 23:59:21,895 | [INFO] : New learning rate: 0.009000000000000001
2023-12-14 23:59:23,737 | [DEBUG] : Current model size: 29336 parameters
2023-12-14 23:59:23,737 | [DEBUG] : Current training mode: increased
2023-12-14 23:59:23,737 | [INFO] : no layers were added
2023-12-14 23:59:23,738 | [DEBUG] : Model size was changed to 29336 parameters
2023-12-14 23:59:23,738 | [DEBUG] : Learning rate is now 0.010000
2023-12-14 23:59:34,118 | [INFO] : New learning rate: 0.009000000000000001
2023-12-14 23:59:35,895 | [DEBUG] : Current model size: 29336 parameters
2023-12-14 23:59:35,895 | [DEBUG] : Current training mode: increased
2023-12-14 23:59:35,895 | [INFO] : no layers were added
2023-12-14 23:59:35,896 | [DEBUG] : Model size was changed to 29336 parameters
2023-12-14 23:59:35,896 | [DEBUG] : Learning rate is now 0.010000
2023-12-14 23:59:46,299 | [INFO] : New learning rate: 0.009000000000000001
2023-12-14 23:59:48,281 | [DEBUG] : Current model size: 29336 parameters
2023-12-14 23:59:48,281 | [DEBUG] : Current training mode: increased
2023-12-14 23:59:48,281 | [INFO] : no layers were added
2023-12-14 23:59:48,282 | [DEBUG] : Model size was changed to 29336 parameters
2023-12-14 23:59:48,282 | [DEBUG] : Learning rate is now 0.010000
2023-12-14 23:59:56,324 | [INFO] : training has run out of time
2023-12-14 23:59:56,325 | [INFO] : training36 runtime (h:mm:ss): 0:02:11
2023-12-14 23:59:56,325 | [INFO] : training36 end time: 12/14/2023 11:59:56 PM
2023-12-14 23:59:56,325 | [INFO] : episode 37/64 finished, objective: None
