2023-12-14 23:03:15,537 | [INFO] : training11 start time: 12/14/2023 11:03:15 PM
2023-12-14 23:03:15,540 | [INFO] : Initialized model with weights: results/small_middle_late2/weights.pth
2023-12-14 23:03:15,541 | [DEBUG] : Current model size: 10602 parameters
2023-12-14 23:03:15,541 | [DEBUG] : Current training mode: initial
2023-12-14 23:03:15,558 | [INFO] : GPU allocation changing : going up
2023-12-14 23:03:15,560 | [DEBUG] : Current model size: 10602 parameters
2023-12-14 23:03:15,560 | [DEBUG] : Current training mode: increased
2023-12-14 23:03:15,562 | [INFO] : deepening layer 0/3: Conv2d(3, 32, kernel_size=(3, 3), stride=(1, 1))
2023-12-14 23:03:15,563 | [DEBUG] : Model size was changed to 19914 parameters
2023-12-14 23:03:15,563 | [DEBUG] : Learning rate is now 0.010000
2023-12-14 23:03:25,682 | [INFO] : New learning rate: 0.009000000000000001
2023-12-14 23:03:27,569 | [DEBUG] : Current model size: 19914 parameters
2023-12-14 23:03:27,570 | [DEBUG] : Current training mode: increased
2023-12-14 23:03:27,571 | [INFO] : deepening layer 2/3: Linear(in_features=32, out_features=10, bias=True)
2023-12-14 23:03:27,571 | [DEBUG] : Model size was changed to 20024 parameters
2023-12-14 23:03:27,571 | [DEBUG] : Learning rate is now 0.010000
2023-12-14 23:03:37,880 | [INFO] : New learning rate: 0.009000000000000001
2023-12-14 23:03:39,713 | [DEBUG] : Current model size: 20024 parameters
2023-12-14 23:03:39,713 | [DEBUG] : Current training mode: increased
2023-12-14 23:03:39,713 | [INFO] : no layers were added
2023-12-14 23:03:39,714 | [DEBUG] : Model size was changed to 20024 parameters
2023-12-14 23:03:39,714 | [DEBUG] : Learning rate is now 0.010000
2023-12-14 23:03:49,905 | [INFO] : New learning rate: 0.009000000000000001
2023-12-14 23:03:51,776 | [DEBUG] : Current model size: 20024 parameters
2023-12-14 23:03:51,776 | [DEBUG] : Current training mode: increased
2023-12-14 23:03:51,777 | [INFO] : no layers were added
2023-12-14 23:03:51,777 | [DEBUG] : Model size was changed to 20024 parameters
2023-12-14 23:03:51,777 | [DEBUG] : Learning rate is now 0.010000
2023-12-14 23:04:01,864 | [INFO] : New learning rate: 0.009000000000000001
2023-12-14 23:04:03,767 | [DEBUG] : Current model size: 20024 parameters
2023-12-14 23:04:03,767 | [DEBUG] : Current training mode: increased
2023-12-14 23:04:03,767 | [INFO] : no layers were added
2023-12-14 23:04:03,768 | [DEBUG] : Model size was changed to 20024 parameters
2023-12-14 23:04:03,768 | [DEBUG] : Learning rate is now 0.010000
2023-12-14 23:04:13,805 | [INFO] : New learning rate: 0.009000000000000001
2023-12-14 23:04:15,843 | [DEBUG] : Current model size: 20024 parameters
2023-12-14 23:04:15,843 | [DEBUG] : Current training mode: increased
2023-12-14 23:04:15,843 | [INFO] : no layers were added
2023-12-14 23:04:15,844 | [DEBUG] : Model size was changed to 20024 parameters
2023-12-14 23:04:15,844 | [DEBUG] : Learning rate is now 0.010000
2023-12-14 23:04:26,156 | [INFO] : New learning rate: 0.009000000000000001
2023-12-14 23:04:27,982 | [DEBUG] : Current model size: 20024 parameters
2023-12-14 23:04:27,982 | [DEBUG] : Current training mode: increased
2023-12-14 23:04:27,982 | [INFO] : no layers were added
2023-12-14 23:04:27,983 | [DEBUG] : Model size was changed to 20024 parameters
2023-12-14 23:04:27,983 | [DEBUG] : Learning rate is now 0.010000
2023-12-14 23:04:38,090 | [INFO] : New learning rate: 0.009000000000000001
2023-12-14 23:04:39,967 | [DEBUG] : Current model size: 20024 parameters
2023-12-14 23:04:39,967 | [DEBUG] : Current training mode: increased
2023-12-14 23:04:39,967 | [INFO] : no layers were added
2023-12-14 23:04:39,968 | [DEBUG] : Model size was changed to 20024 parameters
2023-12-14 23:04:39,968 | [DEBUG] : Learning rate is now 0.010000
2023-12-14 23:04:50,126 | [INFO] : New learning rate: 0.009000000000000001
2023-12-14 23:04:51,873 | [DEBUG] : Current model size: 20024 parameters
2023-12-14 23:04:51,873 | [DEBUG] : Current training mode: increased
2023-12-14 23:04:51,873 | [INFO] : no layers were added
2023-12-14 23:04:51,873 | [DEBUG] : Model size was changed to 20024 parameters
2023-12-14 23:04:51,873 | [DEBUG] : Learning rate is now 0.010000
2023-12-14 23:05:02,085 | [INFO] : New learning rate: 0.009000000000000001
2023-12-14 23:05:03,980 | [DEBUG] : Current model size: 20024 parameters
2023-12-14 23:05:03,980 | [DEBUG] : Current training mode: increased
2023-12-14 23:05:03,980 | [INFO] : no layers were added
2023-12-14 23:05:03,981 | [DEBUG] : Model size was changed to 20024 parameters
2023-12-14 23:05:03,981 | [DEBUG] : Learning rate is now 0.010000
2023-12-14 23:05:14,016 | [INFO] : New learning rate: 0.009000000000000001
2023-12-14 23:05:16,004 | [DEBUG] : Current model size: 20024 parameters
2023-12-14 23:05:16,004 | [DEBUG] : Current training mode: increased
2023-12-14 23:05:16,005 | [INFO] : no layers were added
2023-12-14 23:05:16,005 | [DEBUG] : Model size was changed to 20024 parameters
2023-12-14 23:05:16,005 | [DEBUG] : Learning rate is now 0.010000
2023-12-14 23:05:25,550 | [INFO] : training has run out of time
2023-12-14 23:05:25,551 | [INFO] : training11 runtime (h:mm:ss): 0:02:11
2023-12-14 23:05:25,551 | [INFO] : training11 end time: 12/14/2023 11:05:25 PM
2023-12-14 23:05:25,551 | [INFO] : episode 12/64 finished, objective: None
