2023-12-15 00:41:29,881 | [INFO] : training56 start time: 12/15/2023 12:41:29 AM
2023-12-15 00:41:29,884 | [INFO] : Initialized model with weights: results/small_middle_late2/weights.pth
2023-12-15 00:41:29,885 | [DEBUG] : Current model size: 10602 parameters
2023-12-15 00:41:29,885 | [DEBUG] : Current training mode: initial
2023-12-15 00:41:29,899 | [INFO] : GPU allocation changing : going up
2023-12-15 00:41:29,902 | [DEBUG] : Current model size: 10602 parameters
2023-12-15 00:41:29,902 | [DEBUG] : Current training mode: increased
2023-12-15 00:41:29,902 | [INFO] : no layers were added
2023-12-15 00:41:29,903 | [DEBUG] : Model size was changed to 10602 parameters
2023-12-15 00:41:29,903 | [DEBUG] : Learning rate is now 0.010000
2023-12-15 00:41:38,934 | [INFO] : New learning rate: 0.009000000000000001
2023-12-15 00:41:40,582 | [DEBUG] : Current model size: 10602 parameters
2023-12-15 00:41:40,582 | [DEBUG] : Current training mode: increased
2023-12-15 00:41:40,583 | [INFO] : deepening layer 2/3: Linear(in_features=32, out_features=10, bias=True)
2023-12-15 00:41:40,583 | [DEBUG] : Model size was changed to 10712 parameters
2023-12-15 00:41:40,584 | [DEBUG] : Learning rate is now 0.010000
2023-12-15 00:41:49,749 | [INFO] : New learning rate: 0.009000000000000001
2023-12-15 00:41:51,381 | [DEBUG] : Current model size: 10712 parameters
2023-12-15 00:41:51,381 | [DEBUG] : Current training mode: increased
2023-12-15 00:41:51,383 | [INFO] : deepening layer 0/3: Conv2d(3, 32, kernel_size=(3, 3), stride=(1, 1))
2023-12-15 00:41:51,383 | [DEBUG] : Model size was changed to 20024 parameters
2023-12-15 00:41:51,383 | [DEBUG] : Learning rate is now 0.010000
2023-12-15 00:42:00,816 | [INFO] : New learning rate: 0.009000000000000001
2023-12-15 00:42:02,461 | [DEBUG] : Current model size: 20024 parameters
2023-12-15 00:42:02,461 | [DEBUG] : Current training mode: increased
2023-12-15 00:42:02,461 | [INFO] : no layers were added
2023-12-15 00:42:02,462 | [DEBUG] : Model size was changed to 20024 parameters
2023-12-15 00:42:02,462 | [DEBUG] : Learning rate is now 0.010000
2023-12-15 00:42:11,900 | [INFO] : New learning rate: 0.009000000000000001
2023-12-15 00:42:13,565 | [DEBUG] : Current model size: 20024 parameters
2023-12-15 00:42:13,565 | [DEBUG] : Current training mode: increased
2023-12-15 00:42:13,565 | [INFO] : no layers were added
2023-12-15 00:42:13,565 | [DEBUG] : Model size was changed to 20024 parameters
2023-12-15 00:42:13,566 | [DEBUG] : Learning rate is now 0.010000
2023-12-15 00:42:23,075 | [INFO] : New learning rate: 0.009000000000000001
2023-12-15 00:42:24,732 | [DEBUG] : Current model size: 20024 parameters
2023-12-15 00:42:24,732 | [DEBUG] : Current training mode: increased
2023-12-15 00:42:24,732 | [INFO] : no layers were added
2023-12-15 00:42:24,733 | [DEBUG] : Model size was changed to 20024 parameters
2023-12-15 00:42:24,733 | [DEBUG] : Learning rate is now 0.010000
2023-12-15 00:42:34,135 | [INFO] : New learning rate: 0.009000000000000001
2023-12-15 00:42:35,788 | [DEBUG] : Current model size: 20024 parameters
2023-12-15 00:42:35,788 | [DEBUG] : Current training mode: increased
2023-12-15 00:42:35,789 | [INFO] : no layers were added
2023-12-15 00:42:35,789 | [DEBUG] : Model size was changed to 20024 parameters
2023-12-15 00:42:35,789 | [DEBUG] : Learning rate is now 0.010000
2023-12-15 00:42:45,197 | [INFO] : New learning rate: 0.009000000000000001
2023-12-15 00:42:46,871 | [DEBUG] : Current model size: 20024 parameters
2023-12-15 00:42:46,871 | [DEBUG] : Current training mode: increased
2023-12-15 00:42:46,871 | [INFO] : no layers were added
2023-12-15 00:42:46,872 | [DEBUG] : Model size was changed to 20024 parameters
2023-12-15 00:42:46,872 | [DEBUG] : Learning rate is now 0.010000
2023-12-15 00:42:56,398 | [INFO] : New learning rate: 0.009000000000000001
2023-12-15 00:42:58,057 | [DEBUG] : Current model size: 20024 parameters
2023-12-15 00:42:58,057 | [DEBUG] : Current training mode: increased
2023-12-15 00:42:58,057 | [INFO] : no layers were added
2023-12-15 00:42:58,057 | [DEBUG] : Model size was changed to 20024 parameters
2023-12-15 00:42:58,057 | [DEBUG] : Learning rate is now 0.010000
2023-12-15 00:43:07,604 | [INFO] : New learning rate: 0.009000000000000001
2023-12-15 00:43:09,279 | [DEBUG] : Current model size: 20024 parameters
2023-12-15 00:43:09,280 | [DEBUG] : Current training mode: increased
2023-12-15 00:43:09,280 | [INFO] : no layers were added
2023-12-15 00:43:09,280 | [DEBUG] : Model size was changed to 20024 parameters
2023-12-15 00:43:09,280 | [DEBUG] : Learning rate is now 0.010000
2023-12-15 00:43:18,798 | [INFO] : New learning rate: 0.009000000000000001
2023-12-15 00:43:20,451 | [DEBUG] : Current model size: 20024 parameters
2023-12-15 00:43:20,451 | [DEBUG] : Current training mode: increased
2023-12-15 00:43:20,451 | [INFO] : no layers were added
2023-12-15 00:43:20,452 | [DEBUG] : Model size was changed to 20024 parameters
2023-12-15 00:43:20,452 | [DEBUG] : Learning rate is now 0.010000
2023-12-15 00:43:29,970 | [INFO] : New learning rate: 0.009000000000000001
2023-12-15 00:43:31,622 | [DEBUG] : Current model size: 20024 parameters
2023-12-15 00:43:31,623 | [DEBUG] : Current training mode: increased
2023-12-15 00:43:31,623 | [INFO] : no layers were added
2023-12-15 00:43:31,623 | [DEBUG] : Model size was changed to 20024 parameters
2023-12-15 00:43:31,623 | [DEBUG] : Learning rate is now 0.010000
2023-12-15 00:43:39,893 | [INFO] : training has run out of time
2023-12-15 00:43:39,894 | [INFO] : training56 runtime (h:mm:ss): 0:02:11
2023-12-15 00:43:39,894 | [INFO] : training56 end time: 12/15/2023 12:43:39 AM
2023-12-15 00:43:39,894 | [INFO] : episode 57/64 finished, objective: None
