2023-12-15 00:24:02,569 | [INFO] : training48 start time: 12/15/2023 12:24:02 AM
2023-12-15 00:24:02,572 | [INFO] : Initialized model with weights: results/small_middle_late2/weights.pth
2023-12-15 00:24:02,572 | [DEBUG] : Current model size: 10602 parameters
2023-12-15 00:24:02,572 | [DEBUG] : Current training mode: initial
2023-12-15 00:24:02,586 | [INFO] : GPU allocation changing : going up
2023-12-15 00:24:02,589 | [DEBUG] : Current model size: 10602 parameters
2023-12-15 00:24:02,589 | [DEBUG] : Current training mode: increased
2023-12-15 00:24:02,589 | [INFO] : no layers were added
2023-12-15 00:24:02,589 | [DEBUG] : Model size was changed to 10602 parameters
2023-12-15 00:24:02,589 | [DEBUG] : Learning rate is now 0.010000
2023-12-15 00:24:12,291 | [INFO] : New learning rate: 0.009000000000000001
2023-12-15 00:24:14,148 | [DEBUG] : Current model size: 10602 parameters
2023-12-15 00:24:14,148 | [DEBUG] : Current training mode: increased
2023-12-15 00:24:14,150 | [INFO] : deepening layer 0/3: Conv2d(3, 32, kernel_size=(3, 3), stride=(1, 1))
2023-12-15 00:24:14,150 | [DEBUG] : Model size was changed to 19914 parameters
2023-12-15 00:24:14,150 | [DEBUG] : Learning rate is now 0.010000
2023-12-15 00:24:24,180 | [INFO] : New learning rate: 0.009000000000000001
2023-12-15 00:24:25,939 | [DEBUG] : Current model size: 19914 parameters
2023-12-15 00:24:25,939 | [DEBUG] : Current training mode: increased
2023-12-15 00:24:25,941 | [INFO] : deepening layer 0/3: Conv2d(3, 32, kernel_size=(3, 3), stride=(1, 1))
2023-12-15 00:24:25,941 | [DEBUG] : Model size was changed to 29226 parameters
2023-12-15 00:24:25,941 | [DEBUG] : Learning rate is now 0.010000
2023-12-15 00:24:36,453 | [INFO] : New learning rate: 0.009000000000000001
2023-12-15 00:24:38,236 | [DEBUG] : Current model size: 29226 parameters
2023-12-15 00:24:38,236 | [DEBUG] : Current training mode: increased
2023-12-15 00:24:38,236 | [INFO] : no layers were added
2023-12-15 00:24:38,237 | [DEBUG] : Model size was changed to 29226 parameters
2023-12-15 00:24:38,237 | [DEBUG] : Learning rate is now 0.010000
2023-12-15 00:24:48,412 | [INFO] : New learning rate: 0.009000000000000001
2023-12-15 00:24:50,338 | [DEBUG] : Current model size: 29226 parameters
2023-12-15 00:24:50,338 | [DEBUG] : Current training mode: increased
2023-12-15 00:24:50,338 | [INFO] : no layers were added
2023-12-15 00:24:50,339 | [DEBUG] : Model size was changed to 29226 parameters
2023-12-15 00:24:50,339 | [DEBUG] : Learning rate is now 0.010000
2023-12-15 00:25:00,487 | [INFO] : New learning rate: 0.009000000000000001
2023-12-15 00:25:02,437 | [DEBUG] : Current model size: 29226 parameters
2023-12-15 00:25:02,437 | [DEBUG] : Current training mode: increased
2023-12-15 00:25:02,438 | [INFO] : no layers were added
2023-12-15 00:25:02,438 | [DEBUG] : Model size was changed to 29226 parameters
2023-12-15 00:25:02,438 | [DEBUG] : Learning rate is now 0.010000
2023-12-15 00:25:12,616 | [INFO] : New learning rate: 0.009000000000000001
2023-12-15 00:25:14,488 | [DEBUG] : Current model size: 29226 parameters
2023-12-15 00:25:14,488 | [DEBUG] : Current training mode: increased
2023-12-15 00:25:14,488 | [INFO] : no layers were added
2023-12-15 00:25:14,489 | [DEBUG] : Model size was changed to 29226 parameters
2023-12-15 00:25:14,489 | [DEBUG] : Learning rate is now 0.010000
2023-12-15 00:25:24,697 | [INFO] : New learning rate: 0.009000000000000001
2023-12-15 00:25:26,516 | [DEBUG] : Current model size: 29226 parameters
2023-12-15 00:25:26,517 | [DEBUG] : Current training mode: increased
2023-12-15 00:25:26,517 | [INFO] : no layers were added
2023-12-15 00:25:26,517 | [DEBUG] : Model size was changed to 29226 parameters
2023-12-15 00:25:26,517 | [DEBUG] : Learning rate is now 0.010000
2023-12-15 00:25:36,729 | [INFO] : New learning rate: 0.009000000000000001
2023-12-15 00:25:38,536 | [DEBUG] : Current model size: 29226 parameters
2023-12-15 00:25:38,536 | [DEBUG] : Current training mode: increased
2023-12-15 00:25:38,536 | [INFO] : no layers were added
2023-12-15 00:25:38,537 | [DEBUG] : Model size was changed to 29226 parameters
2023-12-15 00:25:38,537 | [DEBUG] : Learning rate is now 0.010000
2023-12-15 00:25:48,738 | [INFO] : New learning rate: 0.009000000000000001
2023-12-15 00:25:50,614 | [DEBUG] : Current model size: 29226 parameters
2023-12-15 00:25:50,615 | [DEBUG] : Current training mode: increased
2023-12-15 00:25:50,615 | [INFO] : no layers were added
2023-12-15 00:25:50,615 | [DEBUG] : Model size was changed to 29226 parameters
2023-12-15 00:25:50,615 | [DEBUG] : Learning rate is now 0.010000
2023-12-15 00:26:00,783 | [INFO] : New learning rate: 0.009000000000000001
2023-12-15 00:26:02,659 | [DEBUG] : Current model size: 29226 parameters
2023-12-15 00:26:02,660 | [DEBUG] : Current training mode: increased
2023-12-15 00:26:02,660 | [INFO] : no layers were added
2023-12-15 00:26:02,660 | [DEBUG] : Model size was changed to 29226 parameters
2023-12-15 00:26:02,660 | [DEBUG] : Learning rate is now 0.010000
2023-12-15 00:26:12,578 | [INFO] : training has run out of time
2023-12-15 00:26:12,579 | [INFO] : training48 runtime (h:mm:ss): 0:02:11
2023-12-15 00:26:12,579 | [INFO] : training48 end time: 12/15/2023 12:26:12 AM
2023-12-15 00:26:12,579 | [INFO] : episode 49/64 finished, objective: None
