2023-12-15 00:04:20,128 | [INFO] : training39 start time: 12/15/2023 12:04:20 AM
2023-12-15 00:04:20,131 | [INFO] : Initialized model with weights: results/small_middle_late2/weights.pth
2023-12-15 00:04:20,131 | [DEBUG] : Current model size: 10602 parameters
2023-12-15 00:04:20,131 | [DEBUG] : Current training mode: initial
2023-12-15 00:04:20,145 | [INFO] : GPU allocation changing : going up
2023-12-15 00:04:20,148 | [DEBUG] : Current model size: 10602 parameters
2023-12-15 00:04:20,148 | [DEBUG] : Current training mode: increased
2023-12-15 00:04:20,149 | [INFO] : deepening layer 2/3: Linear(in_features=32, out_features=10, bias=True)
2023-12-15 00:04:20,149 | [DEBUG] : Model size was changed to 10712 parameters
2023-12-15 00:04:20,149 | [DEBUG] : Learning rate is now 0.010000
2023-12-15 00:04:29,865 | [INFO] : New learning rate: 0.009000000000000001
2023-12-15 00:04:31,812 | [DEBUG] : Current model size: 10712 parameters
2023-12-15 00:04:31,812 | [DEBUG] : Current training mode: increased
2023-12-15 00:04:31,814 | [INFO] : deepening layer 1/3: Conv2d(32, 32, kernel_size=(3, 3), stride=(1, 1))
2023-12-15 00:04:31,815 | [DEBUG] : Model size was changed to 20024 parameters
2023-12-15 00:04:31,815 | [DEBUG] : Learning rate is now 0.010000
2023-12-15 00:04:41,849 | [INFO] : New learning rate: 0.009000000000000001
2023-12-15 00:04:43,741 | [DEBUG] : Current model size: 20024 parameters
2023-12-15 00:04:43,741 | [DEBUG] : Current training mode: increased
2023-12-15 00:04:43,741 | [INFO] : no layers were added
2023-12-15 00:04:43,743 | [DEBUG] : Model size was changed to 20024 parameters
2023-12-15 00:04:43,743 | [DEBUG] : Learning rate is now 0.010000
2023-12-15 00:04:53,999 | [INFO] : New learning rate: 0.009000000000000001
2023-12-15 00:04:55,944 | [DEBUG] : Current model size: 20024 parameters
2023-12-15 00:04:55,944 | [DEBUG] : Current training mode: increased
2023-12-15 00:04:55,944 | [INFO] : no layers were added
2023-12-15 00:04:55,945 | [DEBUG] : Model size was changed to 20024 parameters
2023-12-15 00:04:55,945 | [DEBUG] : Learning rate is now 0.010000
2023-12-15 00:05:06,187 | [INFO] : New learning rate: 0.009000000000000001
2023-12-15 00:05:08,168 | [DEBUG] : Current model size: 20024 parameters
2023-12-15 00:05:08,168 | [DEBUG] : Current training mode: increased
2023-12-15 00:05:08,169 | [INFO] : no layers were added
2023-12-15 00:05:08,169 | [DEBUG] : Model size was changed to 20024 parameters
2023-12-15 00:05:08,169 | [DEBUG] : Learning rate is now 0.010000
2023-12-15 00:05:18,362 | [INFO] : New learning rate: 0.009000000000000001
2023-12-15 00:05:20,334 | [DEBUG] : Current model size: 20024 parameters
2023-12-15 00:05:20,335 | [DEBUG] : Current training mode: increased
2023-12-15 00:05:20,335 | [INFO] : no layers were added
2023-12-15 00:05:20,335 | [DEBUG] : Model size was changed to 20024 parameters
2023-12-15 00:05:20,335 | [DEBUG] : Learning rate is now 0.010000
2023-12-15 00:05:30,523 | [INFO] : New learning rate: 0.009000000000000001
2023-12-15 00:05:32,453 | [DEBUG] : Current model size: 20024 parameters
2023-12-15 00:05:32,454 | [DEBUG] : Current training mode: increased
2023-12-15 00:05:32,454 | [INFO] : no layers were added
2023-12-15 00:05:32,454 | [DEBUG] : Model size was changed to 20024 parameters
2023-12-15 00:05:32,454 | [DEBUG] : Learning rate is now 0.010000
2023-12-15 00:05:42,659 | [INFO] : New learning rate: 0.009000000000000001
2023-12-15 00:05:44,498 | [DEBUG] : Current model size: 20024 parameters
2023-12-15 00:05:44,498 | [DEBUG] : Current training mode: increased
2023-12-15 00:05:44,498 | [INFO] : no layers were added
2023-12-15 00:05:44,499 | [DEBUG] : Model size was changed to 20024 parameters
2023-12-15 00:05:44,499 | [DEBUG] : Learning rate is now 0.010000
2023-12-15 00:05:54,811 | [INFO] : New learning rate: 0.009000000000000001
2023-12-15 00:05:56,824 | [DEBUG] : Current model size: 20024 parameters
2023-12-15 00:05:56,824 | [DEBUG] : Current training mode: increased
2023-12-15 00:05:56,824 | [INFO] : no layers were added
2023-12-15 00:05:56,824 | [DEBUG] : Model size was changed to 20024 parameters
2023-12-15 00:05:56,825 | [DEBUG] : Learning rate is now 0.010000
2023-12-15 00:06:07,202 | [INFO] : New learning rate: 0.009000000000000001
2023-12-15 00:06:09,116 | [DEBUG] : Current model size: 20024 parameters
2023-12-15 00:06:09,116 | [DEBUG] : Current training mode: increased
2023-12-15 00:06:09,116 | [INFO] : no layers were added
2023-12-15 00:06:09,117 | [DEBUG] : Model size was changed to 20024 parameters
2023-12-15 00:06:09,117 | [DEBUG] : Learning rate is now 0.010000
2023-12-15 00:06:19,358 | [INFO] : New learning rate: 0.009000000000000001
2023-12-15 00:06:21,345 | [DEBUG] : Current model size: 20024 parameters
2023-12-15 00:06:21,345 | [DEBUG] : Current training mode: increased
2023-12-15 00:06:21,345 | [INFO] : no layers were added
2023-12-15 00:06:21,346 | [DEBUG] : Model size was changed to 20024 parameters
2023-12-15 00:06:21,346 | [DEBUG] : Learning rate is now 0.010000
2023-12-15 00:06:30,136 | [INFO] : training has run out of time
2023-12-15 00:06:30,137 | [INFO] : training39 runtime (h:mm:ss): 0:02:11
2023-12-15 00:06:30,137 | [INFO] : training39 end time: 12/15/2023 12:06:30 AM
2023-12-15 00:06:30,137 | [INFO] : episode 40/64 finished, objective: None
