2023-12-15 00:39:19,091 | [INFO] : training55 start time: 12/15/2023 12:39:19 AM
2023-12-15 00:39:19,094 | [INFO] : Initialized model with weights: results/small_middle_late2/weights.pth
2023-12-15 00:39:19,094 | [DEBUG] : Current model size: 10602 parameters
2023-12-15 00:39:19,094 | [DEBUG] : Current training mode: initial
2023-12-15 00:39:19,108 | [INFO] : GPU allocation changing : going up
2023-12-15 00:39:19,110 | [DEBUG] : Current model size: 10602 parameters
2023-12-15 00:39:19,110 | [DEBUG] : Current training mode: increased
2023-12-15 00:39:19,110 | [INFO] : no layers were added
2023-12-15 00:39:19,110 | [DEBUG] : Model size was changed to 10602 parameters
2023-12-15 00:39:19,110 | [DEBUG] : Learning rate is now 0.010000
2023-12-15 00:39:28,173 | [INFO] : New learning rate: 0.009000000000000001
2023-12-15 00:39:29,799 | [DEBUG] : Current model size: 10602 parameters
2023-12-15 00:39:29,799 | [DEBUG] : Current training mode: increased
2023-12-15 00:39:29,801 | [INFO] : deepening layer 1/3: Conv2d(32, 32, kernel_size=(3, 3), stride=(1, 1))
2023-12-15 00:39:29,801 | [DEBUG] : Model size was changed to 19914 parameters
2023-12-15 00:39:29,801 | [DEBUG] : Learning rate is now 0.010000
2023-12-15 00:39:39,203 | [INFO] : New learning rate: 0.009000000000000001
2023-12-15 00:39:40,844 | [DEBUG] : Current model size: 19914 parameters
2023-12-15 00:39:40,844 | [DEBUG] : Current training mode: increased
2023-12-15 00:39:40,844 | [INFO] : no layers were added
2023-12-15 00:39:40,844 | [DEBUG] : Model size was changed to 19914 parameters
2023-12-15 00:39:40,845 | [DEBUG] : Learning rate is now 0.010000
2023-12-15 00:39:50,227 | [INFO] : New learning rate: 0.009000000000000001
2023-12-15 00:39:51,866 | [DEBUG] : Current model size: 19914 parameters
2023-12-15 00:39:51,867 | [DEBUG] : Current training mode: increased
2023-12-15 00:39:51,867 | [INFO] : no layers were added
2023-12-15 00:39:51,867 | [DEBUG] : Model size was changed to 19914 parameters
2023-12-15 00:39:51,867 | [DEBUG] : Learning rate is now 0.010000
2023-12-15 00:40:01,222 | [INFO] : New learning rate: 0.009000000000000001
2023-12-15 00:40:02,863 | [DEBUG] : Current model size: 19914 parameters
2023-12-15 00:40:02,863 | [DEBUG] : Current training mode: increased
2023-12-15 00:40:02,863 | [INFO] : no layers were added
2023-12-15 00:40:02,864 | [DEBUG] : Model size was changed to 19914 parameters
2023-12-15 00:40:02,864 | [DEBUG] : Learning rate is now 0.010000
2023-12-15 00:40:12,213 | [INFO] : New learning rate: 0.009000000000000001
2023-12-15 00:40:13,854 | [DEBUG] : Current model size: 19914 parameters
2023-12-15 00:40:13,854 | [DEBUG] : Current training mode: increased
2023-12-15 00:40:13,854 | [INFO] : no layers were added
2023-12-15 00:40:13,854 | [DEBUG] : Model size was changed to 19914 parameters
2023-12-15 00:40:13,855 | [DEBUG] : Learning rate is now 0.010000
2023-12-15 00:40:23,188 | [INFO] : New learning rate: 0.009000000000000001
2023-12-15 00:40:24,831 | [DEBUG] : Current model size: 19914 parameters
2023-12-15 00:40:24,831 | [DEBUG] : Current training mode: increased
2023-12-15 00:40:24,831 | [INFO] : no layers were added
2023-12-15 00:40:24,831 | [DEBUG] : Model size was changed to 19914 parameters
2023-12-15 00:40:24,831 | [DEBUG] : Learning rate is now 0.010000
2023-12-15 00:40:34,195 | [INFO] : New learning rate: 0.009000000000000001
2023-12-15 00:40:35,837 | [DEBUG] : Current model size: 19914 parameters
2023-12-15 00:40:35,837 | [DEBUG] : Current training mode: increased
2023-12-15 00:40:35,837 | [INFO] : no layers were added
2023-12-15 00:40:35,837 | [DEBUG] : Model size was changed to 19914 parameters
2023-12-15 00:40:35,837 | [DEBUG] : Learning rate is now 0.010000
2023-12-15 00:40:45,177 | [INFO] : New learning rate: 0.009000000000000001
2023-12-15 00:40:46,818 | [DEBUG] : Current model size: 19914 parameters
2023-12-15 00:40:46,818 | [DEBUG] : Current training mode: increased
2023-12-15 00:40:46,819 | [INFO] : no layers were added
2023-12-15 00:40:46,819 | [DEBUG] : Model size was changed to 19914 parameters
2023-12-15 00:40:46,819 | [DEBUG] : Learning rate is now 0.010000
2023-12-15 00:40:56,180 | [INFO] : New learning rate: 0.009000000000000001
2023-12-15 00:40:57,820 | [DEBUG] : Current model size: 19914 parameters
2023-12-15 00:40:57,820 | [DEBUG] : Current training mode: increased
2023-12-15 00:40:57,820 | [INFO] : no layers were added
2023-12-15 00:40:57,820 | [DEBUG] : Model size was changed to 19914 parameters
2023-12-15 00:40:57,820 | [DEBUG] : Learning rate is now 0.010000
2023-12-15 00:41:07,192 | [INFO] : New learning rate: 0.009000000000000001
2023-12-15 00:41:08,832 | [DEBUG] : Current model size: 19914 parameters
2023-12-15 00:41:08,832 | [DEBUG] : Current training mode: increased
2023-12-15 00:41:08,832 | [INFO] : no layers were added
2023-12-15 00:41:08,833 | [DEBUG] : Model size was changed to 19914 parameters
2023-12-15 00:41:08,833 | [DEBUG] : Learning rate is now 0.010000
2023-12-15 00:41:18,186 | [INFO] : New learning rate: 0.009000000000000001
2023-12-15 00:41:19,829 | [DEBUG] : Current model size: 19914 parameters
2023-12-15 00:41:19,829 | [DEBUG] : Current training mode: increased
2023-12-15 00:41:19,830 | [INFO] : no layers were added
2023-12-15 00:41:19,830 | [DEBUG] : Model size was changed to 19914 parameters
2023-12-15 00:41:19,830 | [DEBUG] : Learning rate is now 0.010000
2023-12-15 00:41:29,097 | [INFO] : training has run out of time
2023-12-15 00:41:29,097 | [INFO] : training55 runtime (h:mm:ss): 0:02:11
2023-12-15 00:41:29,097 | [INFO] : training55 end time: 12/15/2023 12:41:29 AM
2023-12-15 00:41:29,097 | [INFO] : episode 56/64 finished, objective: None
