2023-12-14 23:44:41,674 | [INFO] : training30 start time: 12/14/2023 11:44:41 PM
2023-12-14 23:44:41,678 | [INFO] : Initialized model with weights: results/small_middle_late2/weights.pth
2023-12-14 23:44:41,678 | [DEBUG] : Current model size: 10602 parameters
2023-12-14 23:44:41,678 | [DEBUG] : Current training mode: initial
2023-12-14 23:44:41,691 | [INFO] : GPU allocation changing : going up
2023-12-14 23:44:41,694 | [DEBUG] : Current model size: 10602 parameters
2023-12-14 23:44:41,694 | [DEBUG] : Current training mode: increased
2023-12-14 23:44:41,695 | [INFO] : deepening layer 1/3: Conv2d(32, 32, kernel_size=(3, 3), stride=(1, 1))
2023-12-14 23:44:41,696 | [DEBUG] : Model size was changed to 19914 parameters
2023-12-14 23:44:41,696 | [DEBUG] : Learning rate is now 0.010000
2023-12-14 23:44:51,655 | [INFO] : New learning rate: 0.009000000000000001
2023-12-14 23:44:53,634 | [DEBUG] : Current model size: 19914 parameters
2023-12-14 23:44:53,635 | [DEBUG] : Current training mode: increased
2023-12-14 23:44:53,635 | [INFO] : no layers were added
2023-12-14 23:44:53,635 | [DEBUG] : Model size was changed to 19914 parameters
2023-12-14 23:44:53,635 | [DEBUG] : Learning rate is now 0.010000
2023-12-14 23:45:03,738 | [INFO] : New learning rate: 0.009000000000000001
2023-12-14 23:45:05,729 | [DEBUG] : Current model size: 19914 parameters
2023-12-14 23:45:05,729 | [DEBUG] : Current training mode: increased
2023-12-14 23:45:05,730 | [INFO] : deepening layer 2/3: Linear(in_features=32, out_features=10, bias=True)
2023-12-14 23:45:05,731 | [DEBUG] : Model size was changed to 20024 parameters
2023-12-14 23:45:05,731 | [DEBUG] : Learning rate is now 0.010000
2023-12-14 23:45:15,805 | [INFO] : New learning rate: 0.009000000000000001
2023-12-14 23:45:17,733 | [DEBUG] : Current model size: 20024 parameters
2023-12-14 23:45:17,733 | [DEBUG] : Current training mode: increased
2023-12-14 23:45:17,733 | [INFO] : no layers were added
2023-12-14 23:45:17,733 | [DEBUG] : Model size was changed to 20024 parameters
2023-12-14 23:45:17,734 | [DEBUG] : Learning rate is now 0.010000
2023-12-14 23:45:27,715 | [INFO] : New learning rate: 0.009000000000000001
2023-12-14 23:45:29,637 | [DEBUG] : Current model size: 20024 parameters
2023-12-14 23:45:29,637 | [DEBUG] : Current training mode: increased
2023-12-14 23:45:29,637 | [INFO] : no layers were added
2023-12-14 23:45:29,638 | [DEBUG] : Model size was changed to 20024 parameters
2023-12-14 23:45:29,638 | [DEBUG] : Learning rate is now 0.010000
2023-12-14 23:45:39,637 | [INFO] : New learning rate: 0.009000000000000001
2023-12-14 23:45:41,548 | [DEBUG] : Current model size: 20024 parameters
2023-12-14 23:45:41,548 | [DEBUG] : Current training mode: increased
2023-12-14 23:45:41,548 | [INFO] : no layers were added
2023-12-14 23:45:41,548 | [DEBUG] : Model size was changed to 20024 parameters
2023-12-14 23:45:41,548 | [DEBUG] : Learning rate is now 0.010000
2023-12-14 23:45:51,595 | [INFO] : New learning rate: 0.009000000000000001
2023-12-14 23:45:53,594 | [DEBUG] : Current model size: 20024 parameters
2023-12-14 23:45:53,594 | [DEBUG] : Current training mode: increased
2023-12-14 23:45:53,594 | [INFO] : no layers were added
2023-12-14 23:45:53,595 | [DEBUG] : Model size was changed to 20024 parameters
2023-12-14 23:45:53,595 | [DEBUG] : Learning rate is now 0.010000
2023-12-14 23:46:03,629 | [INFO] : New learning rate: 0.009000000000000001
2023-12-14 23:46:05,580 | [DEBUG] : Current model size: 20024 parameters
2023-12-14 23:46:05,580 | [DEBUG] : Current training mode: increased
2023-12-14 23:46:05,580 | [INFO] : no layers were added
2023-12-14 23:46:05,581 | [DEBUG] : Model size was changed to 20024 parameters
2023-12-14 23:46:05,581 | [DEBUG] : Learning rate is now 0.010000
2023-12-14 23:46:15,668 | [INFO] : New learning rate: 0.009000000000000001
2023-12-14 23:46:17,679 | [DEBUG] : Current model size: 20024 parameters
2023-12-14 23:46:17,679 | [DEBUG] : Current training mode: increased
2023-12-14 23:46:17,679 | [INFO] : no layers were added
2023-12-14 23:46:17,680 | [DEBUG] : Model size was changed to 20024 parameters
2023-12-14 23:46:17,680 | [DEBUG] : Learning rate is now 0.010000
2023-12-14 23:46:27,841 | [INFO] : New learning rate: 0.009000000000000001
2023-12-14 23:46:29,779 | [DEBUG] : Current model size: 20024 parameters
2023-12-14 23:46:29,779 | [DEBUG] : Current training mode: increased
2023-12-14 23:46:29,779 | [INFO] : no layers were added
2023-12-14 23:46:29,780 | [DEBUG] : Model size was changed to 20024 parameters
2023-12-14 23:46:29,780 | [DEBUG] : Learning rate is now 0.010000
2023-12-14 23:46:39,902 | [INFO] : New learning rate: 0.009000000000000001
2023-12-14 23:46:41,861 | [DEBUG] : Current model size: 20024 parameters
2023-12-14 23:46:41,861 | [DEBUG] : Current training mode: increased
2023-12-14 23:46:41,862 | [INFO] : no layers were added
2023-12-14 23:46:41,862 | [DEBUG] : Model size was changed to 20024 parameters
2023-12-14 23:46:41,862 | [DEBUG] : Learning rate is now 0.010000
2023-12-14 23:46:51,690 | [INFO] : training has run out of time
2023-12-14 23:46:51,691 | [INFO] : training30 runtime (h:mm:ss): 0:02:11
2023-12-14 23:46:51,692 | [INFO] : training30 end time: 12/14/2023 11:46:51 PM
2023-12-14 23:46:51,692 | [INFO] : episode 31/64 finished, objective: None
