2023-12-14 22:50:10,940 | [INFO] : training05 start time: 12/14/2023 10:50:10 PM
2023-12-14 22:50:10,943 | [INFO] : Initialized model with weights: results/small_middle_late2/weights.pth
2023-12-14 22:50:10,943 | [DEBUG] : Current model size: 10602 parameters
2023-12-14 22:50:10,943 | [DEBUG] : Current training mode: initial
2023-12-14 22:50:10,957 | [INFO] : GPU allocation changing : going up
2023-12-14 22:50:10,959 | [DEBUG] : Current model size: 10602 parameters
2023-12-14 22:50:10,959 | [DEBUG] : Current training mode: increased
2023-12-14 22:50:10,962 | [INFO] : deepening layer 0/3: Conv2d(3, 32, kernel_size=(3, 3), stride=(1, 1))
2023-12-14 22:50:10,962 | [DEBUG] : Model size was changed to 19914 parameters
2023-12-14 22:50:10,962 | [DEBUG] : Learning rate is now 0.010000
2023-12-14 22:50:21,056 | [INFO] : New learning rate: 0.009000000000000001
2023-12-14 22:50:23,001 | [DEBUG] : Current model size: 19914 parameters
2023-12-14 22:50:23,001 | [DEBUG] : Current training mode: increased
2023-12-14 22:50:23,003 | [INFO] : deepening layer 1/3: Conv2d(32, 32, kernel_size=(3, 3), stride=(1, 1))
2023-12-14 22:50:23,003 | [DEBUG] : Model size was changed to 29226 parameters
2023-12-14 22:50:23,003 | [DEBUG] : Learning rate is now 0.010000
2023-12-14 22:50:33,203 | [INFO] : New learning rate: 0.009000000000000001
2023-12-14 22:50:35,099 | [DEBUG] : Current model size: 29226 parameters
2023-12-14 22:50:35,099 | [DEBUG] : Current training mode: increased
2023-12-14 22:50:35,100 | [INFO] : deepening layer 1/3: Conv2d(32, 32, kernel_size=(3, 3), stride=(1, 1))
2023-12-14 22:50:35,101 | [DEBUG] : Model size was changed to 38538 parameters
2023-12-14 22:50:35,101 | [DEBUG] : Learning rate is now 0.010000
2023-12-14 22:50:45,500 | [INFO] : New learning rate: 0.009000000000000001
2023-12-14 22:50:47,406 | [DEBUG] : Current model size: 38538 parameters
2023-12-14 22:50:47,406 | [DEBUG] : Current training mode: increased
2023-12-14 22:50:47,406 | [INFO] : no layers were added
2023-12-14 22:50:47,407 | [DEBUG] : Model size was changed to 38538 parameters
2023-12-14 22:50:47,407 | [DEBUG] : Learning rate is now 0.010000
2023-12-14 22:50:57,813 | [INFO] : New learning rate: 0.009000000000000001
2023-12-14 22:50:59,702 | [DEBUG] : Current model size: 38538 parameters
2023-12-14 22:50:59,702 | [DEBUG] : Current training mode: increased
2023-12-14 22:50:59,702 | [INFO] : no layers were added
2023-12-14 22:50:59,703 | [DEBUG] : Model size was changed to 38538 parameters
2023-12-14 22:50:59,703 | [DEBUG] : Learning rate is now 0.010000
2023-12-14 22:51:10,334 | [INFO] : New learning rate: 0.009000000000000001
2023-12-14 22:51:12,265 | [DEBUG] : Current model size: 38538 parameters
2023-12-14 22:51:12,265 | [DEBUG] : Current training mode: increased
2023-12-14 22:51:12,266 | [INFO] : no layers were added
2023-12-14 22:51:12,266 | [DEBUG] : Model size was changed to 38538 parameters
2023-12-14 22:51:12,266 | [DEBUG] : Learning rate is now 0.010000
2023-12-14 22:51:22,679 | [INFO] : New learning rate: 0.009000000000000001
2023-12-14 22:51:24,614 | [DEBUG] : Current model size: 38538 parameters
2023-12-14 22:51:24,614 | [DEBUG] : Current training mode: increased
2023-12-14 22:51:24,615 | [INFO] : no layers were added
2023-12-14 22:51:24,615 | [DEBUG] : Model size was changed to 38538 parameters
2023-12-14 22:51:24,615 | [DEBUG] : Learning rate is now 0.010000
2023-12-14 22:51:35,029 | [INFO] : New learning rate: 0.009000000000000001
2023-12-14 22:51:36,884 | [DEBUG] : Current model size: 38538 parameters
2023-12-14 22:51:36,884 | [DEBUG] : Current training mode: increased
2023-12-14 22:51:36,884 | [INFO] : no layers were added
2023-12-14 22:51:36,885 | [DEBUG] : Model size was changed to 38538 parameters
2023-12-14 22:51:36,885 | [DEBUG] : Learning rate is now 0.010000
2023-12-14 22:51:47,333 | [INFO] : New learning rate: 0.009000000000000001
2023-12-14 22:51:49,334 | [DEBUG] : Current model size: 38538 parameters
2023-12-14 22:51:49,334 | [DEBUG] : Current training mode: increased
2023-12-14 22:51:49,335 | [INFO] : no layers were added
2023-12-14 22:51:49,335 | [DEBUG] : Model size was changed to 38538 parameters
2023-12-14 22:51:49,335 | [DEBUG] : Learning rate is now 0.010000
2023-12-14 22:51:59,817 | [INFO] : New learning rate: 0.009000000000000001
2023-12-14 22:52:01,742 | [DEBUG] : Current model size: 38538 parameters
2023-12-14 22:52:01,742 | [DEBUG] : Current training mode: increased
2023-12-14 22:52:01,742 | [INFO] : no layers were added
2023-12-14 22:52:01,743 | [DEBUG] : Model size was changed to 38538 parameters
2023-12-14 22:52:01,743 | [DEBUG] : Learning rate is now 0.010000
2023-12-14 22:52:12,257 | [INFO] : New learning rate: 0.009000000000000001
2023-12-14 22:52:14,122 | [DEBUG] : Current model size: 38538 parameters
2023-12-14 22:52:14,122 | [DEBUG] : Current training mode: increased
2023-12-14 22:52:14,122 | [INFO] : no layers were added
2023-12-14 22:52:14,123 | [DEBUG] : Model size was changed to 38538 parameters
2023-12-14 22:52:14,123 | [DEBUG] : Learning rate is now 0.010000
2023-12-14 22:52:20,950 | [INFO] : training has run out of time
2023-12-14 22:52:20,951 | [INFO] : training05 runtime (h:mm:ss): 0:02:11
2023-12-14 22:52:20,951 | [INFO] : training05 end time: 12/14/2023 10:52:20 PM
2023-12-14 22:52:20,951 | [INFO] : episode 6/64 finished, objective: None
