2023-12-14 23:25:04,639 | [INFO] : training21 start time: 12/14/2023 11:25:04 PM
2023-12-14 23:25:04,642 | [INFO] : Initialized model with weights: results/small_middle_late2/weights.pth
2023-12-14 23:25:04,642 | [DEBUG] : Current model size: 10602 parameters
2023-12-14 23:25:04,642 | [DEBUG] : Current training mode: initial
2023-12-14 23:25:04,655 | [INFO] : GPU allocation changing : going up
2023-12-14 23:25:04,658 | [DEBUG] : Current model size: 10602 parameters
2023-12-14 23:25:04,658 | [DEBUG] : Current training mode: increased
2023-12-14 23:25:04,660 | [INFO] : deepening layer 1/3: Conv2d(32, 32, kernel_size=(3, 3), stride=(1, 1))
2023-12-14 23:25:04,660 | [DEBUG] : Model size was changed to 19914 parameters
2023-12-14 23:25:04,660 | [DEBUG] : Learning rate is now 0.010000
2023-12-14 23:25:14,727 | [INFO] : New learning rate: 0.009000000000000001
2023-12-14 23:25:16,582 | [DEBUG] : Current model size: 19914 parameters
2023-12-14 23:25:16,582 | [DEBUG] : Current training mode: increased
2023-12-14 23:25:16,583 | [INFO] : deepening layer 1/3: Conv2d(32, 32, kernel_size=(3, 3), stride=(1, 1))
2023-12-14 23:25:16,584 | [DEBUG] : Model size was changed to 29226 parameters
2023-12-14 23:25:16,584 | [DEBUG] : Learning rate is now 0.010000
2023-12-14 23:25:26,632 | [INFO] : New learning rate: 0.009000000000000001
2023-12-14 23:25:28,622 | [DEBUG] : Current model size: 29226 parameters
2023-12-14 23:25:28,622 | [DEBUG] : Current training mode: increased
2023-12-14 23:25:28,623 | [INFO] : deepening layer 1/3: Conv2d(32, 32, kernel_size=(3, 3), stride=(1, 1))
2023-12-14 23:25:28,624 | [DEBUG] : Model size was changed to 38538 parameters
2023-12-14 23:25:28,624 | [DEBUG] : Learning rate is now 0.010000
2023-12-14 23:25:39,081 | [INFO] : New learning rate: 0.009000000000000001
2023-12-14 23:25:41,078 | [DEBUG] : Current model size: 38538 parameters
2023-12-14 23:25:41,078 | [DEBUG] : Current training mode: increased
2023-12-14 23:25:41,078 | [INFO] : no layers were added
2023-12-14 23:25:41,079 | [DEBUG] : Model size was changed to 38538 parameters
2023-12-14 23:25:41,079 | [DEBUG] : Learning rate is now 0.010000
2023-12-14 23:25:51,543 | [INFO] : New learning rate: 0.009000000000000001
2023-12-14 23:25:53,450 | [DEBUG] : Current model size: 38538 parameters
2023-12-14 23:25:53,450 | [DEBUG] : Current training mode: increased
2023-12-14 23:25:53,450 | [INFO] : no layers were added
2023-12-14 23:25:53,451 | [DEBUG] : Model size was changed to 38538 parameters
2023-12-14 23:25:53,451 | [DEBUG] : Learning rate is now 0.010000
2023-12-14 23:26:03,913 | [INFO] : New learning rate: 0.009000000000000001
2023-12-14 23:26:05,871 | [DEBUG] : Current model size: 38538 parameters
2023-12-14 23:26:05,871 | [DEBUG] : Current training mode: increased
2023-12-14 23:26:05,871 | [INFO] : no layers were added
2023-12-14 23:26:05,872 | [DEBUG] : Model size was changed to 38538 parameters
2023-12-14 23:26:05,872 | [DEBUG] : Learning rate is now 0.010000
2023-12-14 23:26:16,409 | [INFO] : New learning rate: 0.009000000000000001
2023-12-14 23:26:18,355 | [DEBUG] : Current model size: 38538 parameters
2023-12-14 23:26:18,355 | [DEBUG] : Current training mode: increased
2023-12-14 23:26:18,355 | [INFO] : no layers were added
2023-12-14 23:26:18,356 | [DEBUG] : Model size was changed to 38538 parameters
2023-12-14 23:26:18,356 | [DEBUG] : Learning rate is now 0.010000
2023-12-14 23:26:28,971 | [INFO] : New learning rate: 0.009000000000000001
2023-12-14 23:26:30,954 | [DEBUG] : Current model size: 38538 parameters
2023-12-14 23:26:30,954 | [DEBUG] : Current training mode: increased
2023-12-14 23:26:30,954 | [INFO] : no layers were added
2023-12-14 23:26:30,955 | [DEBUG] : Model size was changed to 38538 parameters
2023-12-14 23:26:30,955 | [DEBUG] : Learning rate is now 0.010000
2023-12-14 23:26:41,425 | [INFO] : New learning rate: 0.009000000000000001
2023-12-14 23:26:43,353 | [DEBUG] : Current model size: 38538 parameters
2023-12-14 23:26:43,353 | [DEBUG] : Current training mode: increased
2023-12-14 23:26:43,353 | [INFO] : no layers were added
2023-12-14 23:26:43,354 | [DEBUG] : Model size was changed to 38538 parameters
2023-12-14 23:26:43,354 | [DEBUG] : Learning rate is now 0.010000
2023-12-14 23:26:53,783 | [INFO] : New learning rate: 0.009000000000000001
2023-12-14 23:26:55,685 | [DEBUG] : Current model size: 38538 parameters
2023-12-14 23:26:55,686 | [DEBUG] : Current training mode: increased
2023-12-14 23:26:55,686 | [INFO] : no layers were added
2023-12-14 23:26:55,686 | [DEBUG] : Model size was changed to 38538 parameters
2023-12-14 23:26:55,686 | [DEBUG] : Learning rate is now 0.010000
2023-12-14 23:27:06,123 | [INFO] : New learning rate: 0.009000000000000001
2023-12-14 23:27:07,899 | [DEBUG] : Current model size: 38538 parameters
2023-12-14 23:27:07,899 | [DEBUG] : Current training mode: increased
2023-12-14 23:27:07,899 | [INFO] : no layers were added
2023-12-14 23:27:07,900 | [DEBUG] : Model size was changed to 38538 parameters
2023-12-14 23:27:07,900 | [DEBUG] : Learning rate is now 0.010000
2023-12-14 23:27:14,648 | [INFO] : training has run out of time
2023-12-14 23:27:14,649 | [INFO] : training21 runtime (h:mm:ss): 0:02:11
2023-12-14 23:27:14,650 | [INFO] : training21 end time: 12/14/2023 11:27:14 PM
2023-12-14 23:27:14,650 | [INFO] : episode 22/64 finished, objective: None
