2023-12-15 00:15:16,032 | [INFO] : training44 start time: 12/15/2023 12:15:16 AM
2023-12-15 00:15:16,037 | [INFO] : Initialized model with weights: results/small_middle_late2/weights.pth
2023-12-15 00:15:16,037 | [DEBUG] : Current model size: 10602 parameters
2023-12-15 00:15:16,038 | [DEBUG] : Current training mode: initial
2023-12-15 00:15:16,051 | [INFO] : GPU allocation changing : going up
2023-12-15 00:15:16,054 | [DEBUG] : Current model size: 10602 parameters
2023-12-15 00:15:16,054 | [DEBUG] : Current training mode: increased
2023-12-15 00:15:16,055 | [INFO] : deepening layer 2/3: Linear(in_features=32, out_features=10, bias=True)
2023-12-15 00:15:16,055 | [DEBUG] : Model size was changed to 10712 parameters
2023-12-15 00:15:16,055 | [DEBUG] : Learning rate is now 0.010000
2023-12-15 00:15:25,954 | [INFO] : New learning rate: 0.009000000000000001
2023-12-15 00:15:27,756 | [DEBUG] : Current model size: 10712 parameters
2023-12-15 00:15:27,756 | [DEBUG] : Current training mode: increased
2023-12-15 00:15:27,756 | [INFO] : no layers were added
2023-12-15 00:15:27,756 | [DEBUG] : Model size was changed to 10712 parameters
2023-12-15 00:15:27,756 | [DEBUG] : Learning rate is now 0.010000
2023-12-15 00:15:37,751 | [INFO] : New learning rate: 0.009000000000000001
2023-12-15 00:15:39,774 | [DEBUG] : Current model size: 10712 parameters
2023-12-15 00:15:39,774 | [DEBUG] : Current training mode: increased
2023-12-15 00:15:39,776 | [INFO] : deepening layer 0/3: Conv2d(3, 32, kernel_size=(3, 3), stride=(1, 1))
2023-12-15 00:15:39,776 | [DEBUG] : Model size was changed to 20024 parameters
2023-12-15 00:15:39,777 | [DEBUG] : Learning rate is now 0.010000
2023-12-15 00:15:49,881 | [INFO] : New learning rate: 0.009000000000000001
2023-12-15 00:15:51,830 | [DEBUG] : Current model size: 20024 parameters
2023-12-15 00:15:51,830 | [DEBUG] : Current training mode: increased
2023-12-15 00:15:51,830 | [INFO] : no layers were added
2023-12-15 00:15:51,830 | [DEBUG] : Model size was changed to 20024 parameters
2023-12-15 00:15:51,830 | [DEBUG] : Learning rate is now 0.010000
2023-12-15 00:16:01,987 | [INFO] : New learning rate: 0.009000000000000001
2023-12-15 00:16:03,891 | [DEBUG] : Current model size: 20024 parameters
2023-12-15 00:16:03,891 | [DEBUG] : Current training mode: increased
2023-12-15 00:16:03,891 | [INFO] : no layers were added
2023-12-15 00:16:03,892 | [DEBUG] : Model size was changed to 20024 parameters
2023-12-15 00:16:03,892 | [DEBUG] : Learning rate is now 0.010000
2023-12-15 00:16:14,038 | [INFO] : New learning rate: 0.009000000000000001
2023-12-15 00:16:15,868 | [DEBUG] : Current model size: 20024 parameters
2023-12-15 00:16:15,868 | [DEBUG] : Current training mode: increased
2023-12-15 00:16:15,868 | [INFO] : no layers were added
2023-12-15 00:16:15,869 | [DEBUG] : Model size was changed to 20024 parameters
2023-12-15 00:16:15,869 | [DEBUG] : Learning rate is now 0.010000
2023-12-15 00:16:25,972 | [INFO] : New learning rate: 0.009000000000000001
2023-12-15 00:16:27,755 | [DEBUG] : Current model size: 20024 parameters
2023-12-15 00:16:27,756 | [DEBUG] : Current training mode: increased
2023-12-15 00:16:27,756 | [INFO] : no layers were added
2023-12-15 00:16:27,756 | [DEBUG] : Model size was changed to 20024 parameters
2023-12-15 00:16:27,756 | [DEBUG] : Learning rate is now 0.010000
2023-12-15 00:16:37,823 | [INFO] : New learning rate: 0.009000000000000001
2023-12-15 00:16:39,806 | [DEBUG] : Current model size: 20024 parameters
2023-12-15 00:16:39,806 | [DEBUG] : Current training mode: increased
2023-12-15 00:16:39,806 | [INFO] : no layers were added
2023-12-15 00:16:39,807 | [DEBUG] : Model size was changed to 20024 parameters
2023-12-15 00:16:39,807 | [DEBUG] : Learning rate is now 0.010000
2023-12-15 00:16:49,750 | [INFO] : New learning rate: 0.009000000000000001
2023-12-15 00:16:51,679 | [DEBUG] : Current model size: 20024 parameters
2023-12-15 00:16:51,679 | [DEBUG] : Current training mode: increased
2023-12-15 00:16:51,679 | [INFO] : no layers were added
2023-12-15 00:16:51,680 | [DEBUG] : Model size was changed to 20024 parameters
2023-12-15 00:16:51,680 | [DEBUG] : Learning rate is now 0.010000
2023-12-15 00:17:01,669 | [INFO] : New learning rate: 0.009000000000000001
2023-12-15 00:17:03,565 | [DEBUG] : Current model size: 20024 parameters
2023-12-15 00:17:03,565 | [DEBUG] : Current training mode: increased
2023-12-15 00:17:03,565 | [INFO] : no layers were added
2023-12-15 00:17:03,566 | [DEBUG] : Model size was changed to 20024 parameters
2023-12-15 00:17:03,566 | [DEBUG] : Learning rate is now 0.010000
2023-12-15 00:17:13,470 | [INFO] : New learning rate: 0.009000000000000001
2023-12-15 00:17:15,362 | [DEBUG] : Current model size: 20024 parameters
2023-12-15 00:17:15,362 | [DEBUG] : Current training mode: increased
2023-12-15 00:17:15,362 | [INFO] : no layers were added
2023-12-15 00:17:15,362 | [DEBUG] : Model size was changed to 20024 parameters
2023-12-15 00:17:15,362 | [DEBUG] : Learning rate is now 0.010000
2023-12-15 00:17:25,539 | [INFO] : New learning rate: 0.009000000000000001
2023-12-15 00:17:27,503 | [DEBUG] : Current model size: 20024 parameters
2023-12-15 00:17:27,503 | [DEBUG] : Current training mode: increased
2023-12-15 00:17:27,503 | [INFO] : no layers were added
2023-12-15 00:17:27,504 | [DEBUG] : Model size was changed to 20024 parameters
2023-12-15 00:17:27,504 | [DEBUG] : Learning rate is now 0.010000
2023-12-15 00:17:27,517 | [INFO] : training has run out of time
2023-12-15 00:17:27,518 | [INFO] : training44 runtime (h:mm:ss): 0:02:12
2023-12-15 00:17:27,518 | [INFO] : training44 end time: 12/15/2023 12:17:27 AM
2023-12-15 00:17:27,518 | [INFO] : episode 45/64 finished, objective: None
